[2023-09-07T15:58:27.912+0000] {processor.py:157} INFO - Started process (PID=347) to work on /home/airflow/.local/lib/python3.8/site-packages/airflow/example_dags/example_setup_teardown_taskflow.py
[2023-09-07T15:58:27.914+0000] {processor.py:829} INFO - Processing file /home/airflow/.local/lib/python3.8/site-packages/airflow/example_dags/example_setup_teardown_taskflow.py for tasks to queue
[2023-09-07T15:58:27.916+0000] {logging_mixin.py:151} INFO - [2023-09-07T15:58:27.916+0000] {dagbag.py:539} INFO - Filling up the DagBag from /home/airflow/.local/lib/python3.8/site-packages/airflow/example_dags/example_setup_teardown_taskflow.py
[2023-09-07T15:58:27.926+0000] {processor.py:839} INFO - DAG(s) dict_keys(['example_setup_teardown_taskflow']) retrieved from /home/airflow/.local/lib/python3.8/site-packages/airflow/example_dags/example_setup_teardown_taskflow.py
[2023-09-07T15:58:27.938+0000] {logging_mixin.py:151} INFO - [2023-09-07T15:58:27.938+0000] {dag.py:2907} INFO - Sync 1 DAGs
[2023-09-07T15:58:27.954+0000] {logging_mixin.py:151} INFO - [2023-09-07T15:58:27.953+0000] {dag.py:3677} INFO - Setting next_dagrun for example_setup_teardown_taskflow to 2023-09-06T15:58:27.953693+00:00, run_after=2023-09-07T15:58:27.953693+00:00
[2023-09-07T15:58:27.966+0000] {processor.py:179} INFO - Processing /home/airflow/.local/lib/python3.8/site-packages/airflow/example_dags/example_setup_teardown_taskflow.py took 0.058 seconds
[2023-09-07T15:58:58.692+0000] {processor.py:157} INFO - Started process (PID=585) to work on /home/airflow/.local/lib/python3.8/site-packages/airflow/example_dags/example_setup_teardown_taskflow.py
[2023-09-07T15:58:58.694+0000] {processor.py:829} INFO - Processing file /home/airflow/.local/lib/python3.8/site-packages/airflow/example_dags/example_setup_teardown_taskflow.py for tasks to queue
[2023-09-07T15:58:58.695+0000] {logging_mixin.py:151} INFO - [2023-09-07T15:58:58.695+0000] {dagbag.py:539} INFO - Filling up the DagBag from /home/airflow/.local/lib/python3.8/site-packages/airflow/example_dags/example_setup_teardown_taskflow.py
[2023-09-07T15:58:58.703+0000] {processor.py:839} INFO - DAG(s) dict_keys(['example_setup_teardown_taskflow']) retrieved from /home/airflow/.local/lib/python3.8/site-packages/airflow/example_dags/example_setup_teardown_taskflow.py
[2023-09-07T15:58:58.721+0000] {logging_mixin.py:151} INFO - [2023-09-07T15:58:58.721+0000] {dag.py:2907} INFO - Sync 1 DAGs
[2023-09-07T15:58:58.851+0000] {logging_mixin.py:151} INFO - [2023-09-07T15:58:58.851+0000] {dag.py:3677} INFO - Setting next_dagrun for example_setup_teardown_taskflow to 2023-09-06T15:58:58.851005+00:00, run_after=2023-09-07T15:58:58.851005+00:00
[2023-09-07T15:58:58.861+0000] {processor.py:179} INFO - Processing /home/airflow/.local/lib/python3.8/site-packages/airflow/example_dags/example_setup_teardown_taskflow.py took 0.173 seconds
[2023-09-07T15:59:30.944+0000] {processor.py:157} INFO - Started process (PID=823) to work on /home/airflow/.local/lib/python3.8/site-packages/airflow/example_dags/example_setup_teardown_taskflow.py
[2023-09-07T15:59:30.945+0000] {processor.py:829} INFO - Processing file /home/airflow/.local/lib/python3.8/site-packages/airflow/example_dags/example_setup_teardown_taskflow.py for tasks to queue
[2023-09-07T15:59:30.947+0000] {logging_mixin.py:151} INFO - [2023-09-07T15:59:30.946+0000] {dagbag.py:539} INFO - Filling up the DagBag from /home/airflow/.local/lib/python3.8/site-packages/airflow/example_dags/example_setup_teardown_taskflow.py
[2023-09-07T15:59:30.956+0000] {processor.py:839} INFO - DAG(s) dict_keys(['example_setup_teardown_taskflow']) retrieved from /home/airflow/.local/lib/python3.8/site-packages/airflow/example_dags/example_setup_teardown_taskflow.py
[2023-09-07T15:59:30.978+0000] {logging_mixin.py:151} INFO - [2023-09-07T15:59:30.978+0000] {dag.py:2907} INFO - Sync 1 DAGs
[2023-09-07T15:59:30.998+0000] {logging_mixin.py:151} INFO - [2023-09-07T15:59:30.998+0000] {dag.py:3677} INFO - Setting next_dagrun for example_setup_teardown_taskflow to 2023-09-06T15:59:30.997784+00:00, run_after=2023-09-07T15:59:30.997784+00:00
[2023-09-07T15:59:31.012+0000] {processor.py:179} INFO - Processing /home/airflow/.local/lib/python3.8/site-packages/airflow/example_dags/example_setup_teardown_taskflow.py took 0.072 seconds
[2023-09-07T16:00:01.993+0000] {processor.py:157} INFO - Started process (PID=1063) to work on /home/airflow/.local/lib/python3.8/site-packages/airflow/example_dags/example_setup_teardown_taskflow.py
[2023-09-07T16:00:01.994+0000] {processor.py:829} INFO - Processing file /home/airflow/.local/lib/python3.8/site-packages/airflow/example_dags/example_setup_teardown_taskflow.py for tasks to queue
[2023-09-07T16:00:01.996+0000] {logging_mixin.py:151} INFO - [2023-09-07T16:00:01.995+0000] {dagbag.py:539} INFO - Filling up the DagBag from /home/airflow/.local/lib/python3.8/site-packages/airflow/example_dags/example_setup_teardown_taskflow.py
[2023-09-07T16:00:02.038+0000] {processor.py:839} INFO - DAG(s) dict_keys(['example_setup_teardown_taskflow']) retrieved from /home/airflow/.local/lib/python3.8/site-packages/airflow/example_dags/example_setup_teardown_taskflow.py
[2023-09-07T16:00:02.110+0000] {logging_mixin.py:151} INFO - [2023-09-07T16:00:02.110+0000] {dag.py:2907} INFO - Sync 1 DAGs
[2023-09-07T16:00:02.152+0000] {logging_mixin.py:151} INFO - [2023-09-07T16:00:02.151+0000] {dag.py:3677} INFO - Setting next_dagrun for example_setup_teardown_taskflow to 2023-09-06T16:00:02.151491+00:00, run_after=2023-09-07T16:00:02.151491+00:00
[2023-09-07T16:00:02.171+0000] {processor.py:179} INFO - Processing /home/airflow/.local/lib/python3.8/site-packages/airflow/example_dags/example_setup_teardown_taskflow.py took 0.184 seconds
[2023-09-07T16:00:38.022+0000] {processor.py:157} INFO - Started process (PID=1300) to work on /home/airflow/.local/lib/python3.8/site-packages/airflow/example_dags/example_setup_teardown_taskflow.py
[2023-09-07T16:00:38.023+0000] {processor.py:829} INFO - Processing file /home/airflow/.local/lib/python3.8/site-packages/airflow/example_dags/example_setup_teardown_taskflow.py for tasks to queue
[2023-09-07T16:00:38.024+0000] {logging_mixin.py:151} INFO - [2023-09-07T16:00:38.024+0000] {dagbag.py:539} INFO - Filling up the DagBag from /home/airflow/.local/lib/python3.8/site-packages/airflow/example_dags/example_setup_teardown_taskflow.py
[2023-09-07T16:00:38.036+0000] {processor.py:839} INFO - DAG(s) dict_keys(['example_setup_teardown_taskflow']) retrieved from /home/airflow/.local/lib/python3.8/site-packages/airflow/example_dags/example_setup_teardown_taskflow.py
[2023-09-07T16:00:38.089+0000] {logging_mixin.py:151} INFO - [2023-09-07T16:00:38.089+0000] {dag.py:2907} INFO - Sync 1 DAGs
[2023-09-07T16:00:38.137+0000] {logging_mixin.py:151} INFO - [2023-09-07T16:00:38.137+0000] {dag.py:3677} INFO - Setting next_dagrun for example_setup_teardown_taskflow to 2023-09-06T16:00:38.136833+00:00, run_after=2023-09-07T16:00:38.136833+00:00
[2023-09-07T16:00:38.162+0000] {processor.py:179} INFO - Processing /home/airflow/.local/lib/python3.8/site-packages/airflow/example_dags/example_setup_teardown_taskflow.py took 0.144 seconds
[2023-09-07T16:01:08.806+0000] {processor.py:157} INFO - Started process (PID=1561) to work on /home/airflow/.local/lib/python3.8/site-packages/airflow/example_dags/example_setup_teardown_taskflow.py
[2023-09-07T16:01:08.807+0000] {processor.py:829} INFO - Processing file /home/airflow/.local/lib/python3.8/site-packages/airflow/example_dags/example_setup_teardown_taskflow.py for tasks to queue
[2023-09-07T16:01:08.808+0000] {logging_mixin.py:151} INFO - [2023-09-07T16:01:08.808+0000] {dagbag.py:539} INFO - Filling up the DagBag from /home/airflow/.local/lib/python3.8/site-packages/airflow/example_dags/example_setup_teardown_taskflow.py
[2023-09-07T16:01:08.815+0000] {processor.py:839} INFO - DAG(s) dict_keys(['example_setup_teardown_taskflow']) retrieved from /home/airflow/.local/lib/python3.8/site-packages/airflow/example_dags/example_setup_teardown_taskflow.py
[2023-09-07T16:01:08.834+0000] {logging_mixin.py:151} INFO - [2023-09-07T16:01:08.834+0000] {dag.py:2907} INFO - Sync 1 DAGs
[2023-09-07T16:01:08.849+0000] {logging_mixin.py:151} INFO - [2023-09-07T16:01:08.849+0000] {dag.py:3677} INFO - Setting next_dagrun for example_setup_teardown_taskflow to 2023-09-06T16:01:08.849322+00:00, run_after=2023-09-07T16:01:08.849322+00:00
[2023-09-07T16:01:08.865+0000] {processor.py:179} INFO - Processing /home/airflow/.local/lib/python3.8/site-packages/airflow/example_dags/example_setup_teardown_taskflow.py took 0.063 seconds
[2023-09-07T16:01:39.558+0000] {processor.py:157} INFO - Started process (PID=1798) to work on /home/airflow/.local/lib/python3.8/site-packages/airflow/example_dags/example_setup_teardown_taskflow.py
[2023-09-07T16:01:39.560+0000] {processor.py:829} INFO - Processing file /home/airflow/.local/lib/python3.8/site-packages/airflow/example_dags/example_setup_teardown_taskflow.py for tasks to queue
[2023-09-07T16:01:39.561+0000] {logging_mixin.py:151} INFO - [2023-09-07T16:01:39.560+0000] {dagbag.py:539} INFO - Filling up the DagBag from /home/airflow/.local/lib/python3.8/site-packages/airflow/example_dags/example_setup_teardown_taskflow.py
[2023-09-07T16:01:39.569+0000] {processor.py:839} INFO - DAG(s) dict_keys(['example_setup_teardown_taskflow']) retrieved from /home/airflow/.local/lib/python3.8/site-packages/airflow/example_dags/example_setup_teardown_taskflow.py
[2023-09-07T16:01:39.591+0000] {logging_mixin.py:151} INFO - [2023-09-07T16:01:39.591+0000] {dag.py:2907} INFO - Sync 1 DAGs
[2023-09-07T16:01:39.611+0000] {logging_mixin.py:151} INFO - [2023-09-07T16:01:39.611+0000] {dag.py:3677} INFO - Setting next_dagrun for example_setup_teardown_taskflow to 2023-09-06T16:01:39.611335+00:00, run_after=2023-09-07T16:01:39.611335+00:00
[2023-09-07T16:01:39.633+0000] {processor.py:179} INFO - Processing /home/airflow/.local/lib/python3.8/site-packages/airflow/example_dags/example_setup_teardown_taskflow.py took 0.078 seconds
[2023-09-07T16:02:10.804+0000] {processor.py:157} INFO - Started process (PID=2036) to work on /home/airflow/.local/lib/python3.8/site-packages/airflow/example_dags/example_setup_teardown_taskflow.py
[2023-09-07T16:02:10.806+0000] {processor.py:829} INFO - Processing file /home/airflow/.local/lib/python3.8/site-packages/airflow/example_dags/example_setup_teardown_taskflow.py for tasks to queue
[2023-09-07T16:02:10.807+0000] {logging_mixin.py:151} INFO - [2023-09-07T16:02:10.807+0000] {dagbag.py:539} INFO - Filling up the DagBag from /home/airflow/.local/lib/python3.8/site-packages/airflow/example_dags/example_setup_teardown_taskflow.py
[2023-09-07T16:02:10.816+0000] {processor.py:839} INFO - DAG(s) dict_keys(['example_setup_teardown_taskflow']) retrieved from /home/airflow/.local/lib/python3.8/site-packages/airflow/example_dags/example_setup_teardown_taskflow.py
[2023-09-07T16:02:10.837+0000] {logging_mixin.py:151} INFO - [2023-09-07T16:02:10.837+0000] {dag.py:2907} INFO - Sync 1 DAGs
[2023-09-07T16:02:10.856+0000] {logging_mixin.py:151} INFO - [2023-09-07T16:02:10.856+0000] {dag.py:3677} INFO - Setting next_dagrun for example_setup_teardown_taskflow to 2023-09-06T16:02:10.856439+00:00, run_after=2023-09-07T16:02:10.856439+00:00
[2023-09-07T16:02:10.884+0000] {processor.py:179} INFO - Processing /home/airflow/.local/lib/python3.8/site-packages/airflow/example_dags/example_setup_teardown_taskflow.py took 0.084 seconds
[2023-09-07T16:02:41.834+0000] {processor.py:157} INFO - Started process (PID=2274) to work on /home/airflow/.local/lib/python3.8/site-packages/airflow/example_dags/example_setup_teardown_taskflow.py
[2023-09-07T16:02:41.836+0000] {processor.py:829} INFO - Processing file /home/airflow/.local/lib/python3.8/site-packages/airflow/example_dags/example_setup_teardown_taskflow.py for tasks to queue
[2023-09-07T16:02:41.837+0000] {logging_mixin.py:151} INFO - [2023-09-07T16:02:41.836+0000] {dagbag.py:539} INFO - Filling up the DagBag from /home/airflow/.local/lib/python3.8/site-packages/airflow/example_dags/example_setup_teardown_taskflow.py
[2023-09-07T16:02:41.846+0000] {processor.py:839} INFO - DAG(s) dict_keys(['example_setup_teardown_taskflow']) retrieved from /home/airflow/.local/lib/python3.8/site-packages/airflow/example_dags/example_setup_teardown_taskflow.py
[2023-09-07T16:02:41.875+0000] {logging_mixin.py:151} INFO - [2023-09-07T16:02:41.874+0000] {dag.py:2907} INFO - Sync 1 DAGs
[2023-09-07T16:02:41.901+0000] {logging_mixin.py:151} INFO - [2023-09-07T16:02:41.901+0000] {dag.py:3677} INFO - Setting next_dagrun for example_setup_teardown_taskflow to 2023-09-06T16:02:41.901246+00:00, run_after=2023-09-07T16:02:41.901246+00:00
[2023-09-07T16:02:41.918+0000] {processor.py:179} INFO - Processing /home/airflow/.local/lib/python3.8/site-packages/airflow/example_dags/example_setup_teardown_taskflow.py took 0.086 seconds
[2023-09-07T16:03:12.198+0000] {processor.py:157} INFO - Started process (PID=2512) to work on /home/airflow/.local/lib/python3.8/site-packages/airflow/example_dags/example_setup_teardown_taskflow.py
[2023-09-07T16:03:12.200+0000] {processor.py:829} INFO - Processing file /home/airflow/.local/lib/python3.8/site-packages/airflow/example_dags/example_setup_teardown_taskflow.py for tasks to queue
[2023-09-07T16:03:12.201+0000] {logging_mixin.py:151} INFO - [2023-09-07T16:03:12.201+0000] {dagbag.py:539} INFO - Filling up the DagBag from /home/airflow/.local/lib/python3.8/site-packages/airflow/example_dags/example_setup_teardown_taskflow.py
[2023-09-07T16:03:12.214+0000] {processor.py:839} INFO - DAG(s) dict_keys(['example_setup_teardown_taskflow']) retrieved from /home/airflow/.local/lib/python3.8/site-packages/airflow/example_dags/example_setup_teardown_taskflow.py
[2023-09-07T16:03:12.235+0000] {logging_mixin.py:151} INFO - [2023-09-07T16:03:12.235+0000] {dag.py:2907} INFO - Sync 1 DAGs
[2023-09-07T16:03:12.255+0000] {logging_mixin.py:151} INFO - [2023-09-07T16:03:12.255+0000] {dag.py:3677} INFO - Setting next_dagrun for example_setup_teardown_taskflow to 2023-09-06T16:03:12.255103+00:00, run_after=2023-09-07T16:03:12.255103+00:00
[2023-09-07T16:03:12.269+0000] {processor.py:179} INFO - Processing /home/airflow/.local/lib/python3.8/site-packages/airflow/example_dags/example_setup_teardown_taskflow.py took 0.074 seconds
[2023-09-07T16:03:43.223+0000] {processor.py:157} INFO - Started process (PID=2752) to work on /home/airflow/.local/lib/python3.8/site-packages/airflow/example_dags/example_setup_teardown_taskflow.py
[2023-09-07T16:03:43.224+0000] {processor.py:829} INFO - Processing file /home/airflow/.local/lib/python3.8/site-packages/airflow/example_dags/example_setup_teardown_taskflow.py for tasks to queue
[2023-09-07T16:03:43.225+0000] {logging_mixin.py:151} INFO - [2023-09-07T16:03:43.225+0000] {dagbag.py:539} INFO - Filling up the DagBag from /home/airflow/.local/lib/python3.8/site-packages/airflow/example_dags/example_setup_teardown_taskflow.py
[2023-09-07T16:03:43.234+0000] {processor.py:839} INFO - DAG(s) dict_keys(['example_setup_teardown_taskflow']) retrieved from /home/airflow/.local/lib/python3.8/site-packages/airflow/example_dags/example_setup_teardown_taskflow.py
[2023-09-07T16:03:43.256+0000] {logging_mixin.py:151} INFO - [2023-09-07T16:03:43.256+0000] {dag.py:2907} INFO - Sync 1 DAGs
[2023-09-07T16:03:43.271+0000] {logging_mixin.py:151} INFO - [2023-09-07T16:03:43.271+0000] {dag.py:3677} INFO - Setting next_dagrun for example_setup_teardown_taskflow to 2023-09-06T16:03:43.271417+00:00, run_after=2023-09-07T16:03:43.271417+00:00
[2023-09-07T16:03:43.282+0000] {processor.py:179} INFO - Processing /home/airflow/.local/lib/python3.8/site-packages/airflow/example_dags/example_setup_teardown_taskflow.py took 0.062 seconds
[2023-09-07T16:04:14.029+0000] {processor.py:157} INFO - Started process (PID=2988) to work on /home/airflow/.local/lib/python3.8/site-packages/airflow/example_dags/example_setup_teardown_taskflow.py
[2023-09-07T16:04:14.031+0000] {processor.py:829} INFO - Processing file /home/airflow/.local/lib/python3.8/site-packages/airflow/example_dags/example_setup_teardown_taskflow.py for tasks to queue
[2023-09-07T16:04:14.032+0000] {logging_mixin.py:151} INFO - [2023-09-07T16:04:14.032+0000] {dagbag.py:539} INFO - Filling up the DagBag from /home/airflow/.local/lib/python3.8/site-packages/airflow/example_dags/example_setup_teardown_taskflow.py
[2023-09-07T16:04:14.041+0000] {processor.py:839} INFO - DAG(s) dict_keys(['example_setup_teardown_taskflow']) retrieved from /home/airflow/.local/lib/python3.8/site-packages/airflow/example_dags/example_setup_teardown_taskflow.py
[2023-09-07T16:04:14.061+0000] {logging_mixin.py:151} INFO - [2023-09-07T16:04:14.060+0000] {dag.py:2907} INFO - Sync 1 DAGs
[2023-09-07T16:04:14.080+0000] {logging_mixin.py:151} INFO - [2023-09-07T16:04:14.080+0000] {dag.py:3677} INFO - Setting next_dagrun for example_setup_teardown_taskflow to 2023-09-06T16:04:14.080251+00:00, run_after=2023-09-07T16:04:14.080251+00:00
[2023-09-07T16:04:14.095+0000] {processor.py:179} INFO - Processing /home/airflow/.local/lib/python3.8/site-packages/airflow/example_dags/example_setup_teardown_taskflow.py took 0.069 seconds
[2023-09-07T16:04:44.333+0000] {processor.py:157} INFO - Started process (PID=3226) to work on /home/airflow/.local/lib/python3.8/site-packages/airflow/example_dags/example_setup_teardown_taskflow.py
[2023-09-07T16:04:44.335+0000] {processor.py:829} INFO - Processing file /home/airflow/.local/lib/python3.8/site-packages/airflow/example_dags/example_setup_teardown_taskflow.py for tasks to queue
[2023-09-07T16:04:44.336+0000] {logging_mixin.py:151} INFO - [2023-09-07T16:04:44.335+0000] {dagbag.py:539} INFO - Filling up the DagBag from /home/airflow/.local/lib/python3.8/site-packages/airflow/example_dags/example_setup_teardown_taskflow.py
[2023-09-07T16:04:44.344+0000] {processor.py:839} INFO - DAG(s) dict_keys(['example_setup_teardown_taskflow']) retrieved from /home/airflow/.local/lib/python3.8/site-packages/airflow/example_dags/example_setup_teardown_taskflow.py
[2023-09-07T16:04:44.370+0000] {logging_mixin.py:151} INFO - [2023-09-07T16:04:44.370+0000] {dag.py:2907} INFO - Sync 1 DAGs
[2023-09-07T16:04:44.385+0000] {logging_mixin.py:151} INFO - [2023-09-07T16:04:44.385+0000] {dag.py:3677} INFO - Setting next_dagrun for example_setup_teardown_taskflow to 2023-09-06T16:04:44.385100+00:00, run_after=2023-09-07T16:04:44.385100+00:00
[2023-09-07T16:04:44.399+0000] {processor.py:179} INFO - Processing /home/airflow/.local/lib/python3.8/site-packages/airflow/example_dags/example_setup_teardown_taskflow.py took 0.069 seconds
[2023-09-07T16:05:14.664+0000] {processor.py:157} INFO - Started process (PID=3459) to work on /home/airflow/.local/lib/python3.8/site-packages/airflow/example_dags/example_setup_teardown_taskflow.py
[2023-09-07T16:05:14.665+0000] {processor.py:829} INFO - Processing file /home/airflow/.local/lib/python3.8/site-packages/airflow/example_dags/example_setup_teardown_taskflow.py for tasks to queue
[2023-09-07T16:05:14.667+0000] {logging_mixin.py:151} INFO - [2023-09-07T16:05:14.666+0000] {dagbag.py:539} INFO - Filling up the DagBag from /home/airflow/.local/lib/python3.8/site-packages/airflow/example_dags/example_setup_teardown_taskflow.py
[2023-09-07T16:05:14.675+0000] {processor.py:839} INFO - DAG(s) dict_keys(['example_setup_teardown_taskflow']) retrieved from /home/airflow/.local/lib/python3.8/site-packages/airflow/example_dags/example_setup_teardown_taskflow.py
[2023-09-07T16:05:14.695+0000] {logging_mixin.py:151} INFO - [2023-09-07T16:05:14.695+0000] {dag.py:2907} INFO - Sync 1 DAGs
[2023-09-07T16:05:14.709+0000] {logging_mixin.py:151} INFO - [2023-09-07T16:05:14.709+0000] {dag.py:3677} INFO - Setting next_dagrun for example_setup_teardown_taskflow to 2023-09-06T16:05:14.709495+00:00, run_after=2023-09-07T16:05:14.709495+00:00
[2023-09-07T16:05:14.720+0000] {processor.py:179} INFO - Processing /home/airflow/.local/lib/python3.8/site-packages/airflow/example_dags/example_setup_teardown_taskflow.py took 0.060 seconds
[2023-09-07T16:05:45.107+0000] {processor.py:157} INFO - Started process (PID=3698) to work on /home/airflow/.local/lib/python3.8/site-packages/airflow/example_dags/example_setup_teardown_taskflow.py
[2023-09-07T16:05:45.108+0000] {processor.py:829} INFO - Processing file /home/airflow/.local/lib/python3.8/site-packages/airflow/example_dags/example_setup_teardown_taskflow.py for tasks to queue
[2023-09-07T16:05:45.110+0000] {logging_mixin.py:151} INFO - [2023-09-07T16:05:45.109+0000] {dagbag.py:539} INFO - Filling up the DagBag from /home/airflow/.local/lib/python3.8/site-packages/airflow/example_dags/example_setup_teardown_taskflow.py
[2023-09-07T16:05:45.118+0000] {processor.py:839} INFO - DAG(s) dict_keys(['example_setup_teardown_taskflow']) retrieved from /home/airflow/.local/lib/python3.8/site-packages/airflow/example_dags/example_setup_teardown_taskflow.py
[2023-09-07T16:05:45.135+0000] {logging_mixin.py:151} INFO - [2023-09-07T16:05:45.135+0000] {dag.py:2907} INFO - Sync 1 DAGs
[2023-09-07T16:05:45.149+0000] {logging_mixin.py:151} INFO - [2023-09-07T16:05:45.149+0000] {dag.py:3677} INFO - Setting next_dagrun for example_setup_teardown_taskflow to 2023-09-06T16:05:45.149072+00:00, run_after=2023-09-07T16:05:45.149072+00:00
[2023-09-07T16:05:45.163+0000] {processor.py:179} INFO - Processing /home/airflow/.local/lib/python3.8/site-packages/airflow/example_dags/example_setup_teardown_taskflow.py took 0.060 seconds
[2023-09-07T16:06:15.488+0000] {processor.py:157} INFO - Started process (PID=3936) to work on /home/airflow/.local/lib/python3.8/site-packages/airflow/example_dags/example_setup_teardown_taskflow.py
[2023-09-07T16:06:15.490+0000] {processor.py:829} INFO - Processing file /home/airflow/.local/lib/python3.8/site-packages/airflow/example_dags/example_setup_teardown_taskflow.py for tasks to queue
[2023-09-07T16:06:15.492+0000] {logging_mixin.py:151} INFO - [2023-09-07T16:06:15.491+0000] {dagbag.py:539} INFO - Filling up the DagBag from /home/airflow/.local/lib/python3.8/site-packages/airflow/example_dags/example_setup_teardown_taskflow.py
[2023-09-07T16:06:15.501+0000] {processor.py:839} INFO - DAG(s) dict_keys(['example_setup_teardown_taskflow']) retrieved from /home/airflow/.local/lib/python3.8/site-packages/airflow/example_dags/example_setup_teardown_taskflow.py
[2023-09-07T16:06:15.594+0000] {logging_mixin.py:151} INFO - [2023-09-07T16:06:15.594+0000] {dag.py:2907} INFO - Sync 1 DAGs
[2023-09-07T16:06:15.615+0000] {logging_mixin.py:151} INFO - [2023-09-07T16:06:15.614+0000] {dag.py:3677} INFO - Setting next_dagrun for example_setup_teardown_taskflow to 2023-09-06T16:06:15.614521+00:00, run_after=2023-09-07T16:06:15.614521+00:00
[2023-09-07T16:06:15.639+0000] {processor.py:179} INFO - Processing /home/airflow/.local/lib/python3.8/site-packages/airflow/example_dags/example_setup_teardown_taskflow.py took 0.154 seconds
[2023-09-07T16:06:46.815+0000] {processor.py:157} INFO - Started process (PID=4179) to work on /home/airflow/.local/lib/python3.8/site-packages/airflow/example_dags/example_setup_teardown_taskflow.py
[2023-09-07T16:06:46.819+0000] {processor.py:829} INFO - Processing file /home/airflow/.local/lib/python3.8/site-packages/airflow/example_dags/example_setup_teardown_taskflow.py for tasks to queue
[2023-09-07T16:06:46.825+0000] {logging_mixin.py:151} INFO - [2023-09-07T16:06:46.824+0000] {dagbag.py:539} INFO - Filling up the DagBag from /home/airflow/.local/lib/python3.8/site-packages/airflow/example_dags/example_setup_teardown_taskflow.py
[2023-09-07T16:06:46.851+0000] {processor.py:839} INFO - DAG(s) dict_keys(['example_setup_teardown_taskflow']) retrieved from /home/airflow/.local/lib/python3.8/site-packages/airflow/example_dags/example_setup_teardown_taskflow.py
[2023-09-07T16:06:46.908+0000] {logging_mixin.py:151} INFO - [2023-09-07T16:06:46.908+0000] {dag.py:2907} INFO - Sync 1 DAGs
[2023-09-07T16:06:46.988+0000] {logging_mixin.py:151} INFO - [2023-09-07T16:06:46.988+0000] {dag.py:3677} INFO - Setting next_dagrun for example_setup_teardown_taskflow to 2023-09-06T16:06:46.984943+00:00, run_after=2023-09-07T16:06:46.984943+00:00
[2023-09-07T16:06:47.082+0000] {processor.py:179} INFO - Processing /home/airflow/.local/lib/python3.8/site-packages/airflow/example_dags/example_setup_teardown_taskflow.py took 0.276 seconds
[2023-09-07T16:07:17.826+0000] {processor.py:157} INFO - Started process (PID=4419) to work on /home/airflow/.local/lib/python3.8/site-packages/airflow/example_dags/example_setup_teardown_taskflow.py
[2023-09-07T16:07:17.829+0000] {processor.py:829} INFO - Processing file /home/airflow/.local/lib/python3.8/site-packages/airflow/example_dags/example_setup_teardown_taskflow.py for tasks to queue
[2023-09-07T16:07:17.830+0000] {logging_mixin.py:151} INFO - [2023-09-07T16:07:17.829+0000] {dagbag.py:539} INFO - Filling up the DagBag from /home/airflow/.local/lib/python3.8/site-packages/airflow/example_dags/example_setup_teardown_taskflow.py
[2023-09-07T16:07:17.841+0000] {processor.py:839} INFO - DAG(s) dict_keys(['example_setup_teardown_taskflow']) retrieved from /home/airflow/.local/lib/python3.8/site-packages/airflow/example_dags/example_setup_teardown_taskflow.py
[2023-09-07T16:07:17.887+0000] {logging_mixin.py:151} INFO - [2023-09-07T16:07:17.887+0000] {dag.py:2907} INFO - Sync 1 DAGs
[2023-09-07T16:07:17.906+0000] {logging_mixin.py:151} INFO - [2023-09-07T16:07:17.906+0000] {dag.py:3677} INFO - Setting next_dagrun for example_setup_teardown_taskflow to 2023-09-06T16:07:17.905889+00:00, run_after=2023-09-07T16:07:17.905889+00:00
[2023-09-07T16:07:17.920+0000] {processor.py:179} INFO - Processing /home/airflow/.local/lib/python3.8/site-packages/airflow/example_dags/example_setup_teardown_taskflow.py took 0.096 seconds
[2023-09-07T16:07:47.966+0000] {processor.py:157} INFO - Started process (PID=4657) to work on /home/airflow/.local/lib/python3.8/site-packages/airflow/example_dags/example_setup_teardown_taskflow.py
[2023-09-07T16:07:47.967+0000] {processor.py:829} INFO - Processing file /home/airflow/.local/lib/python3.8/site-packages/airflow/example_dags/example_setup_teardown_taskflow.py for tasks to queue
[2023-09-07T16:07:47.968+0000] {logging_mixin.py:151} INFO - [2023-09-07T16:07:47.968+0000] {dagbag.py:539} INFO - Filling up the DagBag from /home/airflow/.local/lib/python3.8/site-packages/airflow/example_dags/example_setup_teardown_taskflow.py
[2023-09-07T16:07:47.976+0000] {processor.py:839} INFO - DAG(s) dict_keys(['example_setup_teardown_taskflow']) retrieved from /home/airflow/.local/lib/python3.8/site-packages/airflow/example_dags/example_setup_teardown_taskflow.py
[2023-09-07T16:07:47.999+0000] {logging_mixin.py:151} INFO - [2023-09-07T16:07:47.999+0000] {dag.py:2907} INFO - Sync 1 DAGs
[2023-09-07T16:07:48.013+0000] {logging_mixin.py:151} INFO - [2023-09-07T16:07:48.013+0000] {dag.py:3677} INFO - Setting next_dagrun for example_setup_teardown_taskflow to 2023-09-06T16:07:48.013496+00:00, run_after=2023-09-07T16:07:48.013496+00:00
[2023-09-07T16:07:48.028+0000] {processor.py:179} INFO - Processing /home/airflow/.local/lib/python3.8/site-packages/airflow/example_dags/example_setup_teardown_taskflow.py took 0.065 seconds
[2023-09-07T16:08:18.573+0000] {processor.py:157} INFO - Started process (PID=4897) to work on /home/airflow/.local/lib/python3.8/site-packages/airflow/example_dags/example_setup_teardown_taskflow.py
[2023-09-07T16:08:18.574+0000] {processor.py:829} INFO - Processing file /home/airflow/.local/lib/python3.8/site-packages/airflow/example_dags/example_setup_teardown_taskflow.py for tasks to queue
[2023-09-07T16:08:18.575+0000] {logging_mixin.py:151} INFO - [2023-09-07T16:08:18.575+0000] {dagbag.py:539} INFO - Filling up the DagBag from /home/airflow/.local/lib/python3.8/site-packages/airflow/example_dags/example_setup_teardown_taskflow.py
[2023-09-07T16:08:18.582+0000] {processor.py:839} INFO - DAG(s) dict_keys(['example_setup_teardown_taskflow']) retrieved from /home/airflow/.local/lib/python3.8/site-packages/airflow/example_dags/example_setup_teardown_taskflow.py
[2023-09-07T16:08:18.600+0000] {logging_mixin.py:151} INFO - [2023-09-07T16:08:18.600+0000] {dag.py:2907} INFO - Sync 1 DAGs
[2023-09-07T16:08:18.613+0000] {logging_mixin.py:151} INFO - [2023-09-07T16:08:18.612+0000] {dag.py:3677} INFO - Setting next_dagrun for example_setup_teardown_taskflow to 2023-09-06T16:08:18.612738+00:00, run_after=2023-09-07T16:08:18.612738+00:00
[2023-09-07T16:08:18.622+0000] {processor.py:179} INFO - Processing /home/airflow/.local/lib/python3.8/site-packages/airflow/example_dags/example_setup_teardown_taskflow.py took 0.052 seconds
[2023-09-07T16:08:49.694+0000] {processor.py:157} INFO - Started process (PID=5135) to work on /home/airflow/.local/lib/python3.8/site-packages/airflow/example_dags/example_setup_teardown_taskflow.py
[2023-09-07T16:08:49.697+0000] {processor.py:829} INFO - Processing file /home/airflow/.local/lib/python3.8/site-packages/airflow/example_dags/example_setup_teardown_taskflow.py for tasks to queue
[2023-09-07T16:08:49.698+0000] {logging_mixin.py:151} INFO - [2023-09-07T16:08:49.698+0000] {dagbag.py:539} INFO - Filling up the DagBag from /home/airflow/.local/lib/python3.8/site-packages/airflow/example_dags/example_setup_teardown_taskflow.py
[2023-09-07T16:08:49.712+0000] {processor.py:839} INFO - DAG(s) dict_keys(['example_setup_teardown_taskflow']) retrieved from /home/airflow/.local/lib/python3.8/site-packages/airflow/example_dags/example_setup_teardown_taskflow.py
[2023-09-07T16:08:49.733+0000] {logging_mixin.py:151} INFO - [2023-09-07T16:08:49.733+0000] {dag.py:2907} INFO - Sync 1 DAGs
[2023-09-07T16:08:49.748+0000] {logging_mixin.py:151} INFO - [2023-09-07T16:08:49.748+0000] {dag.py:3677} INFO - Setting next_dagrun for example_setup_teardown_taskflow to 2023-09-06T16:08:49.748272+00:00, run_after=2023-09-07T16:08:49.748272+00:00
[2023-09-07T16:08:49.760+0000] {processor.py:179} INFO - Processing /home/airflow/.local/lib/python3.8/site-packages/airflow/example_dags/example_setup_teardown_taskflow.py took 0.071 seconds
[2023-09-07T16:09:20.607+0000] {processor.py:157} INFO - Started process (PID=5373) to work on /home/airflow/.local/lib/python3.8/site-packages/airflow/example_dags/example_setup_teardown_taskflow.py
[2023-09-07T16:09:20.608+0000] {processor.py:829} INFO - Processing file /home/airflow/.local/lib/python3.8/site-packages/airflow/example_dags/example_setup_teardown_taskflow.py for tasks to queue
[2023-09-07T16:09:20.610+0000] {logging_mixin.py:151} INFO - [2023-09-07T16:09:20.609+0000] {dagbag.py:539} INFO - Filling up the DagBag from /home/airflow/.local/lib/python3.8/site-packages/airflow/example_dags/example_setup_teardown_taskflow.py
[2023-09-07T16:09:20.618+0000] {processor.py:839} INFO - DAG(s) dict_keys(['example_setup_teardown_taskflow']) retrieved from /home/airflow/.local/lib/python3.8/site-packages/airflow/example_dags/example_setup_teardown_taskflow.py
[2023-09-07T16:09:20.644+0000] {logging_mixin.py:151} INFO - [2023-09-07T16:09:20.644+0000] {dag.py:2907} INFO - Sync 1 DAGs
[2023-09-07T16:09:20.663+0000] {logging_mixin.py:151} INFO - [2023-09-07T16:09:20.663+0000] {dag.py:3677} INFO - Setting next_dagrun for example_setup_teardown_taskflow to 2023-09-06T16:09:20.662875+00:00, run_after=2023-09-07T16:09:20.662875+00:00
[2023-09-07T16:09:20.680+0000] {processor.py:179} INFO - Processing /home/airflow/.local/lib/python3.8/site-packages/airflow/example_dags/example_setup_teardown_taskflow.py took 0.075 seconds
[2023-09-07T16:09:51.045+0000] {processor.py:157} INFO - Started process (PID=5611) to work on /home/airflow/.local/lib/python3.8/site-packages/airflow/example_dags/example_setup_teardown_taskflow.py
[2023-09-07T16:09:51.047+0000] {processor.py:829} INFO - Processing file /home/airflow/.local/lib/python3.8/site-packages/airflow/example_dags/example_setup_teardown_taskflow.py for tasks to queue
[2023-09-07T16:09:51.048+0000] {logging_mixin.py:151} INFO - [2023-09-07T16:09:51.047+0000] {dagbag.py:539} INFO - Filling up the DagBag from /home/airflow/.local/lib/python3.8/site-packages/airflow/example_dags/example_setup_teardown_taskflow.py
[2023-09-07T16:09:51.057+0000] {processor.py:839} INFO - DAG(s) dict_keys(['example_setup_teardown_taskflow']) retrieved from /home/airflow/.local/lib/python3.8/site-packages/airflow/example_dags/example_setup_teardown_taskflow.py
[2023-09-07T16:09:51.080+0000] {logging_mixin.py:151} INFO - [2023-09-07T16:09:51.080+0000] {dag.py:2907} INFO - Sync 1 DAGs
[2023-09-07T16:09:51.094+0000] {logging_mixin.py:151} INFO - [2023-09-07T16:09:51.094+0000] {dag.py:3677} INFO - Setting next_dagrun for example_setup_teardown_taskflow to 2023-09-06T16:09:51.094339+00:00, run_after=2023-09-07T16:09:51.094339+00:00
[2023-09-07T16:09:51.105+0000] {processor.py:179} INFO - Processing /home/airflow/.local/lib/python3.8/site-packages/airflow/example_dags/example_setup_teardown_taskflow.py took 0.063 seconds
[2023-09-07T16:10:22.111+0000] {processor.py:157} INFO - Started process (PID=5848) to work on /home/airflow/.local/lib/python3.8/site-packages/airflow/example_dags/example_setup_teardown_taskflow.py
[2023-09-07T16:10:22.113+0000] {processor.py:829} INFO - Processing file /home/airflow/.local/lib/python3.8/site-packages/airflow/example_dags/example_setup_teardown_taskflow.py for tasks to queue
[2023-09-07T16:10:22.114+0000] {logging_mixin.py:151} INFO - [2023-09-07T16:10:22.114+0000] {dagbag.py:539} INFO - Filling up the DagBag from /home/airflow/.local/lib/python3.8/site-packages/airflow/example_dags/example_setup_teardown_taskflow.py
[2023-09-07T16:10:22.126+0000] {processor.py:839} INFO - DAG(s) dict_keys(['example_setup_teardown_taskflow']) retrieved from /home/airflow/.local/lib/python3.8/site-packages/airflow/example_dags/example_setup_teardown_taskflow.py
[2023-09-07T16:10:22.151+0000] {logging_mixin.py:151} INFO - [2023-09-07T16:10:22.151+0000] {dag.py:2907} INFO - Sync 1 DAGs
[2023-09-07T16:10:22.165+0000] {logging_mixin.py:151} INFO - [2023-09-07T16:10:22.165+0000] {dag.py:3677} INFO - Setting next_dagrun for example_setup_teardown_taskflow to 2023-09-06T16:10:22.165165+00:00, run_after=2023-09-07T16:10:22.165165+00:00
[2023-09-07T16:10:22.178+0000] {processor.py:179} INFO - Processing /home/airflow/.local/lib/python3.8/site-packages/airflow/example_dags/example_setup_teardown_taskflow.py took 0.069 seconds
[2023-09-07T16:10:53.152+0000] {processor.py:157} INFO - Started process (PID=6086) to work on /home/airflow/.local/lib/python3.8/site-packages/airflow/example_dags/example_setup_teardown_taskflow.py
[2023-09-07T16:10:53.156+0000] {processor.py:829} INFO - Processing file /home/airflow/.local/lib/python3.8/site-packages/airflow/example_dags/example_setup_teardown_taskflow.py for tasks to queue
[2023-09-07T16:10:53.165+0000] {logging_mixin.py:151} INFO - [2023-09-07T16:10:53.163+0000] {dagbag.py:539} INFO - Filling up the DagBag from /home/airflow/.local/lib/python3.8/site-packages/airflow/example_dags/example_setup_teardown_taskflow.py
[2023-09-07T16:10:53.191+0000] {processor.py:839} INFO - DAG(s) dict_keys(['example_setup_teardown_taskflow']) retrieved from /home/airflow/.local/lib/python3.8/site-packages/airflow/example_dags/example_setup_teardown_taskflow.py
[2023-09-07T16:10:53.215+0000] {logging_mixin.py:151} INFO - [2023-09-07T16:10:53.215+0000] {dag.py:2907} INFO - Sync 1 DAGs
[2023-09-07T16:10:53.231+0000] {logging_mixin.py:151} INFO - [2023-09-07T16:10:53.231+0000] {dag.py:3677} INFO - Setting next_dagrun for example_setup_teardown_taskflow to 2023-09-06T16:10:53.231121+00:00, run_after=2023-09-07T16:10:53.231121+00:00
[2023-09-07T16:10:53.244+0000] {processor.py:179} INFO - Processing /home/airflow/.local/lib/python3.8/site-packages/airflow/example_dags/example_setup_teardown_taskflow.py took 0.098 seconds
[2023-09-07T16:11:23.436+0000] {processor.py:157} INFO - Started process (PID=6324) to work on /home/airflow/.local/lib/python3.8/site-packages/airflow/example_dags/example_setup_teardown_taskflow.py
[2023-09-07T16:11:23.437+0000] {processor.py:829} INFO - Processing file /home/airflow/.local/lib/python3.8/site-packages/airflow/example_dags/example_setup_teardown_taskflow.py for tasks to queue
[2023-09-07T16:11:23.439+0000] {logging_mixin.py:151} INFO - [2023-09-07T16:11:23.438+0000] {dagbag.py:539} INFO - Filling up the DagBag from /home/airflow/.local/lib/python3.8/site-packages/airflow/example_dags/example_setup_teardown_taskflow.py
[2023-09-07T16:11:23.447+0000] {processor.py:839} INFO - DAG(s) dict_keys(['example_setup_teardown_taskflow']) retrieved from /home/airflow/.local/lib/python3.8/site-packages/airflow/example_dags/example_setup_teardown_taskflow.py
[2023-09-07T16:11:23.465+0000] {logging_mixin.py:151} INFO - [2023-09-07T16:11:23.465+0000] {dag.py:2907} INFO - Sync 1 DAGs
[2023-09-07T16:11:23.479+0000] {logging_mixin.py:151} INFO - [2023-09-07T16:11:23.479+0000] {dag.py:3677} INFO - Setting next_dagrun for example_setup_teardown_taskflow to 2023-09-06T16:11:23.478819+00:00, run_after=2023-09-07T16:11:23.478819+00:00
[2023-09-07T16:11:23.490+0000] {processor.py:179} INFO - Processing /home/airflow/.local/lib/python3.8/site-packages/airflow/example_dags/example_setup_teardown_taskflow.py took 0.057 seconds
[2023-09-07T16:11:54.285+0000] {processor.py:157} INFO - Started process (PID=6560) to work on /home/airflow/.local/lib/python3.8/site-packages/airflow/example_dags/example_setup_teardown_taskflow.py
[2023-09-07T16:11:54.287+0000] {processor.py:829} INFO - Processing file /home/airflow/.local/lib/python3.8/site-packages/airflow/example_dags/example_setup_teardown_taskflow.py for tasks to queue
[2023-09-07T16:11:54.288+0000] {logging_mixin.py:151} INFO - [2023-09-07T16:11:54.287+0000] {dagbag.py:539} INFO - Filling up the DagBag from /home/airflow/.local/lib/python3.8/site-packages/airflow/example_dags/example_setup_teardown_taskflow.py
[2023-09-07T16:11:54.298+0000] {processor.py:839} INFO - DAG(s) dict_keys(['example_setup_teardown_taskflow']) retrieved from /home/airflow/.local/lib/python3.8/site-packages/airflow/example_dags/example_setup_teardown_taskflow.py
[2023-09-07T16:11:54.318+0000] {logging_mixin.py:151} INFO - [2023-09-07T16:11:54.318+0000] {dag.py:2907} INFO - Sync 1 DAGs
[2023-09-07T16:11:54.333+0000] {logging_mixin.py:151} INFO - [2023-09-07T16:11:54.333+0000] {dag.py:3677} INFO - Setting next_dagrun for example_setup_teardown_taskflow to 2023-09-06T16:11:54.333484+00:00, run_after=2023-09-07T16:11:54.333484+00:00
[2023-09-07T16:11:54.348+0000] {processor.py:179} INFO - Processing /home/airflow/.local/lib/python3.8/site-packages/airflow/example_dags/example_setup_teardown_taskflow.py took 0.067 seconds
[2023-09-07T16:12:24.668+0000] {processor.py:157} INFO - Started process (PID=6799) to work on /home/airflow/.local/lib/python3.8/site-packages/airflow/example_dags/example_setup_teardown_taskflow.py
[2023-09-07T16:12:24.670+0000] {processor.py:829} INFO - Processing file /home/airflow/.local/lib/python3.8/site-packages/airflow/example_dags/example_setup_teardown_taskflow.py for tasks to queue
[2023-09-07T16:12:24.671+0000] {logging_mixin.py:151} INFO - [2023-09-07T16:12:24.670+0000] {dagbag.py:539} INFO - Filling up the DagBag from /home/airflow/.local/lib/python3.8/site-packages/airflow/example_dags/example_setup_teardown_taskflow.py
[2023-09-07T16:12:24.680+0000] {processor.py:839} INFO - DAG(s) dict_keys(['example_setup_teardown_taskflow']) retrieved from /home/airflow/.local/lib/python3.8/site-packages/airflow/example_dags/example_setup_teardown_taskflow.py
[2023-09-07T16:12:24.701+0000] {logging_mixin.py:151} INFO - [2023-09-07T16:12:24.701+0000] {dag.py:2907} INFO - Sync 1 DAGs
[2023-09-07T16:12:24.714+0000] {logging_mixin.py:151} INFO - [2023-09-07T16:12:24.714+0000] {dag.py:3677} INFO - Setting next_dagrun for example_setup_teardown_taskflow to 2023-09-06T16:12:24.714124+00:00, run_after=2023-09-07T16:12:24.714124+00:00
[2023-09-07T16:12:24.725+0000] {processor.py:179} INFO - Processing /home/airflow/.local/lib/python3.8/site-packages/airflow/example_dags/example_setup_teardown_taskflow.py took 0.060 seconds
[2023-09-07T16:12:55.747+0000] {processor.py:157} INFO - Started process (PID=7039) to work on /home/airflow/.local/lib/python3.8/site-packages/airflow/example_dags/example_setup_teardown_taskflow.py
[2023-09-07T16:12:55.749+0000] {processor.py:829} INFO - Processing file /home/airflow/.local/lib/python3.8/site-packages/airflow/example_dags/example_setup_teardown_taskflow.py for tasks to queue
[2023-09-07T16:12:55.750+0000] {logging_mixin.py:151} INFO - [2023-09-07T16:12:55.749+0000] {dagbag.py:539} INFO - Filling up the DagBag from /home/airflow/.local/lib/python3.8/site-packages/airflow/example_dags/example_setup_teardown_taskflow.py
[2023-09-07T16:12:55.758+0000] {processor.py:839} INFO - DAG(s) dict_keys(['example_setup_teardown_taskflow']) retrieved from /home/airflow/.local/lib/python3.8/site-packages/airflow/example_dags/example_setup_teardown_taskflow.py
[2023-09-07T16:12:55.775+0000] {logging_mixin.py:151} INFO - [2023-09-07T16:12:55.775+0000] {dag.py:2907} INFO - Sync 1 DAGs
[2023-09-07T16:12:55.789+0000] {logging_mixin.py:151} INFO - [2023-09-07T16:12:55.789+0000] {dag.py:3677} INFO - Setting next_dagrun for example_setup_teardown_taskflow to 2023-09-06T16:12:55.789463+00:00, run_after=2023-09-07T16:12:55.789463+00:00
[2023-09-07T16:12:55.800+0000] {processor.py:179} INFO - Processing /home/airflow/.local/lib/python3.8/site-packages/airflow/example_dags/example_setup_teardown_taskflow.py took 0.056 seconds
[2023-09-07T16:13:26.344+0000] {processor.py:157} INFO - Started process (PID=7278) to work on /home/airflow/.local/lib/python3.8/site-packages/airflow/example_dags/example_setup_teardown_taskflow.py
[2023-09-07T16:13:26.346+0000] {processor.py:829} INFO - Processing file /home/airflow/.local/lib/python3.8/site-packages/airflow/example_dags/example_setup_teardown_taskflow.py for tasks to queue
[2023-09-07T16:13:26.347+0000] {logging_mixin.py:151} INFO - [2023-09-07T16:13:26.347+0000] {dagbag.py:539} INFO - Filling up the DagBag from /home/airflow/.local/lib/python3.8/site-packages/airflow/example_dags/example_setup_teardown_taskflow.py
[2023-09-07T16:13:26.356+0000] {processor.py:839} INFO - DAG(s) dict_keys(['example_setup_teardown_taskflow']) retrieved from /home/airflow/.local/lib/python3.8/site-packages/airflow/example_dags/example_setup_teardown_taskflow.py
[2023-09-07T16:13:26.389+0000] {logging_mixin.py:151} INFO - [2023-09-07T16:13:26.389+0000] {dag.py:2907} INFO - Sync 1 DAGs
[2023-09-07T16:13:26.408+0000] {logging_mixin.py:151} INFO - [2023-09-07T16:13:26.408+0000] {dag.py:3677} INFO - Setting next_dagrun for example_setup_teardown_taskflow to 2023-09-06T16:13:26.407844+00:00, run_after=2023-09-07T16:13:26.407844+00:00
[2023-09-07T16:13:26.419+0000] {processor.py:179} INFO - Processing /home/airflow/.local/lib/python3.8/site-packages/airflow/example_dags/example_setup_teardown_taskflow.py took 0.078 seconds
[2023-09-07T16:13:57.615+0000] {processor.py:157} INFO - Started process (PID=7516) to work on /home/airflow/.local/lib/python3.8/site-packages/airflow/example_dags/example_setup_teardown_taskflow.py
[2023-09-07T16:13:57.618+0000] {processor.py:829} INFO - Processing file /home/airflow/.local/lib/python3.8/site-packages/airflow/example_dags/example_setup_teardown_taskflow.py for tasks to queue
[2023-09-07T16:13:57.620+0000] {logging_mixin.py:151} INFO - [2023-09-07T16:13:57.619+0000] {dagbag.py:539} INFO - Filling up the DagBag from /home/airflow/.local/lib/python3.8/site-packages/airflow/example_dags/example_setup_teardown_taskflow.py
[2023-09-07T16:13:57.635+0000] {processor.py:839} INFO - DAG(s) dict_keys(['example_setup_teardown_taskflow']) retrieved from /home/airflow/.local/lib/python3.8/site-packages/airflow/example_dags/example_setup_teardown_taskflow.py
[2023-09-07T16:13:57.669+0000] {logging_mixin.py:151} INFO - [2023-09-07T16:13:57.669+0000] {dag.py:2907} INFO - Sync 1 DAGs
[2023-09-07T16:13:57.694+0000] {logging_mixin.py:151} INFO - [2023-09-07T16:13:57.694+0000] {dag.py:3677} INFO - Setting next_dagrun for example_setup_teardown_taskflow to 2023-09-06T16:13:57.694350+00:00, run_after=2023-09-07T16:13:57.694350+00:00
[2023-09-07T16:13:57.710+0000] {processor.py:179} INFO - Processing /home/airflow/.local/lib/python3.8/site-packages/airflow/example_dags/example_setup_teardown_taskflow.py took 0.101 seconds
[2023-09-07T16:14:28.718+0000] {processor.py:157} INFO - Started process (PID=7755) to work on /home/airflow/.local/lib/python3.8/site-packages/airflow/example_dags/example_setup_teardown_taskflow.py
[2023-09-07T16:14:28.720+0000] {processor.py:829} INFO - Processing file /home/airflow/.local/lib/python3.8/site-packages/airflow/example_dags/example_setup_teardown_taskflow.py for tasks to queue
[2023-09-07T16:14:28.721+0000] {logging_mixin.py:151} INFO - [2023-09-07T16:14:28.721+0000] {dagbag.py:539} INFO - Filling up the DagBag from /home/airflow/.local/lib/python3.8/site-packages/airflow/example_dags/example_setup_teardown_taskflow.py
[2023-09-07T16:14:28.729+0000] {processor.py:839} INFO - DAG(s) dict_keys(['example_setup_teardown_taskflow']) retrieved from /home/airflow/.local/lib/python3.8/site-packages/airflow/example_dags/example_setup_teardown_taskflow.py
[2023-09-07T16:14:28.747+0000] {logging_mixin.py:151} INFO - [2023-09-07T16:14:28.747+0000] {dag.py:2907} INFO - Sync 1 DAGs
[2023-09-07T16:14:28.760+0000] {logging_mixin.py:151} INFO - [2023-09-07T16:14:28.760+0000] {dag.py:3677} INFO - Setting next_dagrun for example_setup_teardown_taskflow to 2023-09-06T16:14:28.760577+00:00, run_after=2023-09-07T16:14:28.760577+00:00
[2023-09-07T16:14:28.772+0000] {processor.py:179} INFO - Processing /home/airflow/.local/lib/python3.8/site-packages/airflow/example_dags/example_setup_teardown_taskflow.py took 0.057 seconds
[2023-09-07T16:14:59.801+0000] {processor.py:157} INFO - Started process (PID=7993) to work on /home/airflow/.local/lib/python3.8/site-packages/airflow/example_dags/example_setup_teardown_taskflow.py
[2023-09-07T16:14:59.802+0000] {processor.py:829} INFO - Processing file /home/airflow/.local/lib/python3.8/site-packages/airflow/example_dags/example_setup_teardown_taskflow.py for tasks to queue
[2023-09-07T16:14:59.804+0000] {logging_mixin.py:151} INFO - [2023-09-07T16:14:59.803+0000] {dagbag.py:539} INFO - Filling up the DagBag from /home/airflow/.local/lib/python3.8/site-packages/airflow/example_dags/example_setup_teardown_taskflow.py
[2023-09-07T16:14:59.812+0000] {processor.py:839} INFO - DAG(s) dict_keys(['example_setup_teardown_taskflow']) retrieved from /home/airflow/.local/lib/python3.8/site-packages/airflow/example_dags/example_setup_teardown_taskflow.py
[2023-09-07T16:14:59.857+0000] {logging_mixin.py:151} INFO - [2023-09-07T16:14:59.857+0000] {dag.py:2907} INFO - Sync 1 DAGs
[2023-09-07T16:14:59.877+0000] {logging_mixin.py:151} INFO - [2023-09-07T16:14:59.877+0000] {dag.py:3677} INFO - Setting next_dagrun for example_setup_teardown_taskflow to 2023-09-06T16:14:59.876871+00:00, run_after=2023-09-07T16:14:59.876871+00:00
[2023-09-07T16:14:59.891+0000] {processor.py:179} INFO - Processing /home/airflow/.local/lib/python3.8/site-packages/airflow/example_dags/example_setup_teardown_taskflow.py took 0.094 seconds
[2023-09-07T16:15:30.572+0000] {processor.py:157} INFO - Started process (PID=8228) to work on /home/airflow/.local/lib/python3.8/site-packages/airflow/example_dags/example_setup_teardown_taskflow.py
[2023-09-07T16:15:30.574+0000] {processor.py:829} INFO - Processing file /home/airflow/.local/lib/python3.8/site-packages/airflow/example_dags/example_setup_teardown_taskflow.py for tasks to queue
[2023-09-07T16:15:30.575+0000] {logging_mixin.py:151} INFO - [2023-09-07T16:15:30.575+0000] {dagbag.py:539} INFO - Filling up the DagBag from /home/airflow/.local/lib/python3.8/site-packages/airflow/example_dags/example_setup_teardown_taskflow.py
[2023-09-07T16:15:30.601+0000] {processor.py:839} INFO - DAG(s) dict_keys(['example_setup_teardown_taskflow']) retrieved from /home/airflow/.local/lib/python3.8/site-packages/airflow/example_dags/example_setup_teardown_taskflow.py
[2023-09-07T16:15:30.640+0000] {logging_mixin.py:151} INFO - [2023-09-07T16:15:30.640+0000] {dag.py:2907} INFO - Sync 1 DAGs
[2023-09-07T16:15:30.662+0000] {logging_mixin.py:151} INFO - [2023-09-07T16:15:30.662+0000] {dag.py:3677} INFO - Setting next_dagrun for example_setup_teardown_taskflow to 2023-09-06T16:15:30.662178+00:00, run_after=2023-09-07T16:15:30.662178+00:00
[2023-09-07T16:15:30.679+0000] {processor.py:179} INFO - Processing /home/airflow/.local/lib/python3.8/site-packages/airflow/example_dags/example_setup_teardown_taskflow.py took 0.111 seconds
[2023-09-07T16:16:00.745+0000] {processor.py:157} INFO - Started process (PID=8466) to work on /home/airflow/.local/lib/python3.8/site-packages/airflow/example_dags/example_setup_teardown_taskflow.py
[2023-09-07T16:16:00.747+0000] {processor.py:829} INFO - Processing file /home/airflow/.local/lib/python3.8/site-packages/airflow/example_dags/example_setup_teardown_taskflow.py for tasks to queue
[2023-09-07T16:16:00.748+0000] {logging_mixin.py:151} INFO - [2023-09-07T16:16:00.747+0000] {dagbag.py:539} INFO - Filling up the DagBag from /home/airflow/.local/lib/python3.8/site-packages/airflow/example_dags/example_setup_teardown_taskflow.py
[2023-09-07T16:16:00.757+0000] {processor.py:839} INFO - DAG(s) dict_keys(['example_setup_teardown_taskflow']) retrieved from /home/airflow/.local/lib/python3.8/site-packages/airflow/example_dags/example_setup_teardown_taskflow.py
[2023-09-07T16:16:00.778+0000] {logging_mixin.py:151} INFO - [2023-09-07T16:16:00.777+0000] {dag.py:2907} INFO - Sync 1 DAGs
[2023-09-07T16:16:00.795+0000] {logging_mixin.py:151} INFO - [2023-09-07T16:16:00.795+0000] {dag.py:3677} INFO - Setting next_dagrun for example_setup_teardown_taskflow to 2023-09-06T16:16:00.795087+00:00, run_after=2023-09-07T16:16:00.795087+00:00
[2023-09-07T16:16:00.809+0000] {processor.py:179} INFO - Processing /home/airflow/.local/lib/python3.8/site-packages/airflow/example_dags/example_setup_teardown_taskflow.py took 0.067 seconds
[2023-09-07T16:16:31.266+0000] {processor.py:157} INFO - Started process (PID=8704) to work on /home/airflow/.local/lib/python3.8/site-packages/airflow/example_dags/example_setup_teardown_taskflow.py
[2023-09-07T16:16:31.268+0000] {processor.py:829} INFO - Processing file /home/airflow/.local/lib/python3.8/site-packages/airflow/example_dags/example_setup_teardown_taskflow.py for tasks to queue
[2023-09-07T16:16:31.269+0000] {logging_mixin.py:151} INFO - [2023-09-07T16:16:31.269+0000] {dagbag.py:539} INFO - Filling up the DagBag from /home/airflow/.local/lib/python3.8/site-packages/airflow/example_dags/example_setup_teardown_taskflow.py
[2023-09-07T16:16:31.278+0000] {processor.py:839} INFO - DAG(s) dict_keys(['example_setup_teardown_taskflow']) retrieved from /home/airflow/.local/lib/python3.8/site-packages/airflow/example_dags/example_setup_teardown_taskflow.py
[2023-09-07T16:16:31.295+0000] {logging_mixin.py:151} INFO - [2023-09-07T16:16:31.295+0000] {dag.py:2907} INFO - Sync 1 DAGs
[2023-09-07T16:16:31.324+0000] {logging_mixin.py:151} INFO - [2023-09-07T16:16:31.323+0000] {dag.py:3677} INFO - Setting next_dagrun for example_setup_teardown_taskflow to 2023-09-06T16:16:31.323201+00:00, run_after=2023-09-07T16:16:31.323201+00:00
[2023-09-07T16:16:31.347+0000] {processor.py:179} INFO - Processing /home/airflow/.local/lib/python3.8/site-packages/airflow/example_dags/example_setup_teardown_taskflow.py took 0.084 seconds
[2023-09-07T16:17:01.945+0000] {processor.py:157} INFO - Started process (PID=8942) to work on /home/airflow/.local/lib/python3.8/site-packages/airflow/example_dags/example_setup_teardown_taskflow.py
[2023-09-07T16:17:01.946+0000] {processor.py:829} INFO - Processing file /home/airflow/.local/lib/python3.8/site-packages/airflow/example_dags/example_setup_teardown_taskflow.py for tasks to queue
[2023-09-07T16:17:01.947+0000] {logging_mixin.py:151} INFO - [2023-09-07T16:17:01.947+0000] {dagbag.py:539} INFO - Filling up the DagBag from /home/airflow/.local/lib/python3.8/site-packages/airflow/example_dags/example_setup_teardown_taskflow.py
[2023-09-07T16:17:01.956+0000] {processor.py:839} INFO - DAG(s) dict_keys(['example_setup_teardown_taskflow']) retrieved from /home/airflow/.local/lib/python3.8/site-packages/airflow/example_dags/example_setup_teardown_taskflow.py
[2023-09-07T16:17:01.975+0000] {logging_mixin.py:151} INFO - [2023-09-07T16:17:01.975+0000] {dag.py:2907} INFO - Sync 1 DAGs
[2023-09-07T16:17:01.988+0000] {logging_mixin.py:151} INFO - [2023-09-07T16:17:01.988+0000] {dag.py:3677} INFO - Setting next_dagrun for example_setup_teardown_taskflow to 2023-09-06T16:17:01.988108+00:00, run_after=2023-09-07T16:17:01.988108+00:00
[2023-09-07T16:17:02.003+0000] {processor.py:179} INFO - Processing /home/airflow/.local/lib/python3.8/site-packages/airflow/example_dags/example_setup_teardown_taskflow.py took 0.061 seconds
[2023-09-07T16:17:32.889+0000] {processor.py:157} INFO - Started process (PID=9180) to work on /home/airflow/.local/lib/python3.8/site-packages/airflow/example_dags/example_setup_teardown_taskflow.py
[2023-09-07T16:17:32.890+0000] {processor.py:829} INFO - Processing file /home/airflow/.local/lib/python3.8/site-packages/airflow/example_dags/example_setup_teardown_taskflow.py for tasks to queue
[2023-09-07T16:17:32.891+0000] {logging_mixin.py:151} INFO - [2023-09-07T16:17:32.891+0000] {dagbag.py:539} INFO - Filling up the DagBag from /home/airflow/.local/lib/python3.8/site-packages/airflow/example_dags/example_setup_teardown_taskflow.py
[2023-09-07T16:17:32.899+0000] {processor.py:839} INFO - DAG(s) dict_keys(['example_setup_teardown_taskflow']) retrieved from /home/airflow/.local/lib/python3.8/site-packages/airflow/example_dags/example_setup_teardown_taskflow.py
[2023-09-07T16:17:32.918+0000] {logging_mixin.py:151} INFO - [2023-09-07T16:17:32.918+0000] {dag.py:2907} INFO - Sync 1 DAGs
[2023-09-07T16:17:32.931+0000] {logging_mixin.py:151} INFO - [2023-09-07T16:17:32.931+0000] {dag.py:3677} INFO - Setting next_dagrun for example_setup_teardown_taskflow to 2023-09-06T16:17:32.931375+00:00, run_after=2023-09-07T16:17:32.931375+00:00
[2023-09-07T16:17:32.943+0000] {processor.py:179} INFO - Processing /home/airflow/.local/lib/python3.8/site-packages/airflow/example_dags/example_setup_teardown_taskflow.py took 0.057 seconds
[2023-09-07T16:18:03.370+0000] {processor.py:157} INFO - Started process (PID=9418) to work on /home/airflow/.local/lib/python3.8/site-packages/airflow/example_dags/example_setup_teardown_taskflow.py
[2023-09-07T16:18:03.373+0000] {processor.py:829} INFO - Processing file /home/airflow/.local/lib/python3.8/site-packages/airflow/example_dags/example_setup_teardown_taskflow.py for tasks to queue
[2023-09-07T16:18:03.374+0000] {logging_mixin.py:151} INFO - [2023-09-07T16:18:03.374+0000] {dagbag.py:539} INFO - Filling up the DagBag from /home/airflow/.local/lib/python3.8/site-packages/airflow/example_dags/example_setup_teardown_taskflow.py
[2023-09-07T16:18:03.383+0000] {processor.py:839} INFO - DAG(s) dict_keys(['example_setup_teardown_taskflow']) retrieved from /home/airflow/.local/lib/python3.8/site-packages/airflow/example_dags/example_setup_teardown_taskflow.py
[2023-09-07T16:18:03.406+0000] {logging_mixin.py:151} INFO - [2023-09-07T16:18:03.406+0000] {dag.py:2907} INFO - Sync 1 DAGs
[2023-09-07T16:18:03.421+0000] {logging_mixin.py:151} INFO - [2023-09-07T16:18:03.421+0000] {dag.py:3677} INFO - Setting next_dagrun for example_setup_teardown_taskflow to 2023-09-06T16:18:03.421399+00:00, run_after=2023-09-07T16:18:03.421399+00:00
[2023-09-07T16:18:03.438+0000] {processor.py:179} INFO - Processing /home/airflow/.local/lib/python3.8/site-packages/airflow/example_dags/example_setup_teardown_taskflow.py took 0.083 seconds
[2023-09-07T16:18:34.264+0000] {processor.py:157} INFO - Started process (PID=9659) to work on /home/airflow/.local/lib/python3.8/site-packages/airflow/example_dags/example_setup_teardown_taskflow.py
[2023-09-07T16:18:34.265+0000] {processor.py:829} INFO - Processing file /home/airflow/.local/lib/python3.8/site-packages/airflow/example_dags/example_setup_teardown_taskflow.py for tasks to queue
[2023-09-07T16:18:34.266+0000] {logging_mixin.py:151} INFO - [2023-09-07T16:18:34.266+0000] {dagbag.py:539} INFO - Filling up the DagBag from /home/airflow/.local/lib/python3.8/site-packages/airflow/example_dags/example_setup_teardown_taskflow.py
[2023-09-07T16:18:34.274+0000] {processor.py:839} INFO - DAG(s) dict_keys(['example_setup_teardown_taskflow']) retrieved from /home/airflow/.local/lib/python3.8/site-packages/airflow/example_dags/example_setup_teardown_taskflow.py
[2023-09-07T16:18:34.292+0000] {logging_mixin.py:151} INFO - [2023-09-07T16:18:34.292+0000] {dag.py:2907} INFO - Sync 1 DAGs
[2023-09-07T16:18:34.305+0000] {logging_mixin.py:151} INFO - [2023-09-07T16:18:34.305+0000] {dag.py:3677} INFO - Setting next_dagrun for example_setup_teardown_taskflow to 2023-09-06T16:18:34.305232+00:00, run_after=2023-09-07T16:18:34.305232+00:00
[2023-09-07T16:18:34.321+0000] {processor.py:179} INFO - Processing /home/airflow/.local/lib/python3.8/site-packages/airflow/example_dags/example_setup_teardown_taskflow.py took 0.060 seconds
[2023-09-07T16:19:04.615+0000] {processor.py:157} INFO - Started process (PID=9897) to work on /home/airflow/.local/lib/python3.8/site-packages/airflow/example_dags/example_setup_teardown_taskflow.py
[2023-09-07T16:19:04.616+0000] {processor.py:829} INFO - Processing file /home/airflow/.local/lib/python3.8/site-packages/airflow/example_dags/example_setup_teardown_taskflow.py for tasks to queue
[2023-09-07T16:19:04.617+0000] {logging_mixin.py:151} INFO - [2023-09-07T16:19:04.617+0000] {dagbag.py:539} INFO - Filling up the DagBag from /home/airflow/.local/lib/python3.8/site-packages/airflow/example_dags/example_setup_teardown_taskflow.py
[2023-09-07T16:19:04.624+0000] {processor.py:839} INFO - DAG(s) dict_keys(['example_setup_teardown_taskflow']) retrieved from /home/airflow/.local/lib/python3.8/site-packages/airflow/example_dags/example_setup_teardown_taskflow.py
[2023-09-07T16:19:04.649+0000] {logging_mixin.py:151} INFO - [2023-09-07T16:19:04.649+0000] {dag.py:2907} INFO - Sync 1 DAGs
[2023-09-07T16:19:04.663+0000] {logging_mixin.py:151} INFO - [2023-09-07T16:19:04.663+0000] {dag.py:3677} INFO - Setting next_dagrun for example_setup_teardown_taskflow to 2023-09-06T16:19:04.663642+00:00, run_after=2023-09-07T16:19:04.663642+00:00
[2023-09-07T16:19:04.674+0000] {processor.py:179} INFO - Processing /home/airflow/.local/lib/python3.8/site-packages/airflow/example_dags/example_setup_teardown_taskflow.py took 0.062 seconds
[2023-09-07T16:19:34.849+0000] {processor.py:157} INFO - Started process (PID=10135) to work on /home/airflow/.local/lib/python3.8/site-packages/airflow/example_dags/example_setup_teardown_taskflow.py
[2023-09-07T16:19:34.850+0000] {processor.py:829} INFO - Processing file /home/airflow/.local/lib/python3.8/site-packages/airflow/example_dags/example_setup_teardown_taskflow.py for tasks to queue
[2023-09-07T16:19:34.852+0000] {logging_mixin.py:151} INFO - [2023-09-07T16:19:34.851+0000] {dagbag.py:539} INFO - Filling up the DagBag from /home/airflow/.local/lib/python3.8/site-packages/airflow/example_dags/example_setup_teardown_taskflow.py
[2023-09-07T16:19:34.862+0000] {processor.py:839} INFO - DAG(s) dict_keys(['example_setup_teardown_taskflow']) retrieved from /home/airflow/.local/lib/python3.8/site-packages/airflow/example_dags/example_setup_teardown_taskflow.py
[2023-09-07T16:19:34.888+0000] {logging_mixin.py:151} INFO - [2023-09-07T16:19:34.888+0000] {dag.py:2907} INFO - Sync 1 DAGs
[2023-09-07T16:19:34.904+0000] {logging_mixin.py:151} INFO - [2023-09-07T16:19:34.904+0000] {dag.py:3677} INFO - Setting next_dagrun for example_setup_teardown_taskflow to 2023-09-06T16:19:34.904380+00:00, run_after=2023-09-07T16:19:34.904380+00:00
[2023-09-07T16:19:34.915+0000] {processor.py:179} INFO - Processing /home/airflow/.local/lib/python3.8/site-packages/airflow/example_dags/example_setup_teardown_taskflow.py took 0.069 seconds
[2023-09-07T16:20:05.553+0000] {processor.py:157} INFO - Started process (PID=10371) to work on /home/airflow/.local/lib/python3.8/site-packages/airflow/example_dags/example_setup_teardown_taskflow.py
[2023-09-07T16:20:05.555+0000] {processor.py:829} INFO - Processing file /home/airflow/.local/lib/python3.8/site-packages/airflow/example_dags/example_setup_teardown_taskflow.py for tasks to queue
[2023-09-07T16:20:05.556+0000] {logging_mixin.py:151} INFO - [2023-09-07T16:20:05.555+0000] {dagbag.py:539} INFO - Filling up the DagBag from /home/airflow/.local/lib/python3.8/site-packages/airflow/example_dags/example_setup_teardown_taskflow.py
[2023-09-07T16:20:05.563+0000] {processor.py:839} INFO - DAG(s) dict_keys(['example_setup_teardown_taskflow']) retrieved from /home/airflow/.local/lib/python3.8/site-packages/airflow/example_dags/example_setup_teardown_taskflow.py
[2023-09-07T16:20:05.583+0000] {logging_mixin.py:151} INFO - [2023-09-07T16:20:05.583+0000] {dag.py:2907} INFO - Sync 1 DAGs
[2023-09-07T16:20:05.599+0000] {logging_mixin.py:151} INFO - [2023-09-07T16:20:05.599+0000] {dag.py:3677} INFO - Setting next_dagrun for example_setup_teardown_taskflow to 2023-09-06T16:20:05.599022+00:00, run_after=2023-09-07T16:20:05.599022+00:00
[2023-09-07T16:20:05.611+0000] {processor.py:179} INFO - Processing /home/airflow/.local/lib/python3.8/site-packages/airflow/example_dags/example_setup_teardown_taskflow.py took 0.061 seconds
[2023-09-07T16:20:35.908+0000] {processor.py:157} INFO - Started process (PID=10609) to work on /home/airflow/.local/lib/python3.8/site-packages/airflow/example_dags/example_setup_teardown_taskflow.py
[2023-09-07T16:20:35.910+0000] {processor.py:829} INFO - Processing file /home/airflow/.local/lib/python3.8/site-packages/airflow/example_dags/example_setup_teardown_taskflow.py for tasks to queue
[2023-09-07T16:20:35.911+0000] {logging_mixin.py:151} INFO - [2023-09-07T16:20:35.910+0000] {dagbag.py:539} INFO - Filling up the DagBag from /home/airflow/.local/lib/python3.8/site-packages/airflow/example_dags/example_setup_teardown_taskflow.py
[2023-09-07T16:20:35.925+0000] {processor.py:839} INFO - DAG(s) dict_keys(['example_setup_teardown_taskflow']) retrieved from /home/airflow/.local/lib/python3.8/site-packages/airflow/example_dags/example_setup_teardown_taskflow.py
[2023-09-07T16:20:35.942+0000] {logging_mixin.py:151} INFO - [2023-09-07T16:20:35.942+0000] {dag.py:2907} INFO - Sync 1 DAGs
[2023-09-07T16:20:35.956+0000] {logging_mixin.py:151} INFO - [2023-09-07T16:20:35.956+0000] {dag.py:3677} INFO - Setting next_dagrun for example_setup_teardown_taskflow to 2023-09-06T16:20:35.956139+00:00, run_after=2023-09-07T16:20:35.956139+00:00
[2023-09-07T16:20:35.967+0000] {processor.py:179} INFO - Processing /home/airflow/.local/lib/python3.8/site-packages/airflow/example_dags/example_setup_teardown_taskflow.py took 0.062 seconds
[2023-09-07T16:21:06.456+0000] {processor.py:157} INFO - Started process (PID=10846) to work on /home/airflow/.local/lib/python3.8/site-packages/airflow/example_dags/example_setup_teardown_taskflow.py
[2023-09-07T16:21:06.457+0000] {processor.py:829} INFO - Processing file /home/airflow/.local/lib/python3.8/site-packages/airflow/example_dags/example_setup_teardown_taskflow.py for tasks to queue
[2023-09-07T16:21:06.459+0000] {logging_mixin.py:151} INFO - [2023-09-07T16:21:06.458+0000] {dagbag.py:539} INFO - Filling up the DagBag from /home/airflow/.local/lib/python3.8/site-packages/airflow/example_dags/example_setup_teardown_taskflow.py
[2023-09-07T16:21:06.469+0000] {processor.py:839} INFO - DAG(s) dict_keys(['example_setup_teardown_taskflow']) retrieved from /home/airflow/.local/lib/python3.8/site-packages/airflow/example_dags/example_setup_teardown_taskflow.py
[2023-09-07T16:21:06.490+0000] {logging_mixin.py:151} INFO - [2023-09-07T16:21:06.489+0000] {dag.py:2907} INFO - Sync 1 DAGs
[2023-09-07T16:21:06.504+0000] {logging_mixin.py:151} INFO - [2023-09-07T16:21:06.504+0000] {dag.py:3677} INFO - Setting next_dagrun for example_setup_teardown_taskflow to 2023-09-06T16:21:06.503928+00:00, run_after=2023-09-07T16:21:06.503928+00:00
[2023-09-07T16:21:06.515+0000] {processor.py:179} INFO - Processing /home/airflow/.local/lib/python3.8/site-packages/airflow/example_dags/example_setup_teardown_taskflow.py took 0.062 seconds
[2023-09-07T16:21:36.904+0000] {processor.py:157} INFO - Started process (PID=11086) to work on /home/airflow/.local/lib/python3.8/site-packages/airflow/example_dags/example_setup_teardown_taskflow.py
[2023-09-07T16:21:36.906+0000] {processor.py:829} INFO - Processing file /home/airflow/.local/lib/python3.8/site-packages/airflow/example_dags/example_setup_teardown_taskflow.py for tasks to queue
[2023-09-07T16:21:36.907+0000] {logging_mixin.py:151} INFO - [2023-09-07T16:21:36.906+0000] {dagbag.py:539} INFO - Filling up the DagBag from /home/airflow/.local/lib/python3.8/site-packages/airflow/example_dags/example_setup_teardown_taskflow.py
[2023-09-07T16:21:36.915+0000] {processor.py:839} INFO - DAG(s) dict_keys(['example_setup_teardown_taskflow']) retrieved from /home/airflow/.local/lib/python3.8/site-packages/airflow/example_dags/example_setup_teardown_taskflow.py
[2023-09-07T16:21:36.934+0000] {logging_mixin.py:151} INFO - [2023-09-07T16:21:36.934+0000] {dag.py:2907} INFO - Sync 1 DAGs
[2023-09-07T16:21:36.949+0000] {logging_mixin.py:151} INFO - [2023-09-07T16:21:36.949+0000] {dag.py:3677} INFO - Setting next_dagrun for example_setup_teardown_taskflow to 2023-09-06T16:21:36.949074+00:00, run_after=2023-09-07T16:21:36.949074+00:00
[2023-09-07T16:21:36.960+0000] {processor.py:179} INFO - Processing /home/airflow/.local/lib/python3.8/site-packages/airflow/example_dags/example_setup_teardown_taskflow.py took 0.059 seconds
[2023-09-07T16:22:07.503+0000] {processor.py:157} INFO - Started process (PID=11322) to work on /home/airflow/.local/lib/python3.8/site-packages/airflow/example_dags/example_setup_teardown_taskflow.py
[2023-09-07T16:22:07.504+0000] {processor.py:829} INFO - Processing file /home/airflow/.local/lib/python3.8/site-packages/airflow/example_dags/example_setup_teardown_taskflow.py for tasks to queue
[2023-09-07T16:22:07.505+0000] {logging_mixin.py:151} INFO - [2023-09-07T16:22:07.505+0000] {dagbag.py:539} INFO - Filling up the DagBag from /home/airflow/.local/lib/python3.8/site-packages/airflow/example_dags/example_setup_teardown_taskflow.py
[2023-09-07T16:22:07.513+0000] {processor.py:839} INFO - DAG(s) dict_keys(['example_setup_teardown_taskflow']) retrieved from /home/airflow/.local/lib/python3.8/site-packages/airflow/example_dags/example_setup_teardown_taskflow.py
[2023-09-07T16:22:07.531+0000] {logging_mixin.py:151} INFO - [2023-09-07T16:22:07.531+0000] {dag.py:2907} INFO - Sync 1 DAGs
[2023-09-07T16:22:07.545+0000] {logging_mixin.py:151} INFO - [2023-09-07T16:22:07.545+0000] {dag.py:3677} INFO - Setting next_dagrun for example_setup_teardown_taskflow to 2023-09-06T16:22:07.545294+00:00, run_after=2023-09-07T16:22:07.545294+00:00
[2023-09-07T16:22:07.559+0000] {processor.py:179} INFO - Processing /home/airflow/.local/lib/python3.8/site-packages/airflow/example_dags/example_setup_teardown_taskflow.py took 0.059 seconds
[2023-09-07T16:22:37.994+0000] {processor.py:157} INFO - Started process (PID=11561) to work on /home/airflow/.local/lib/python3.8/site-packages/airflow/example_dags/example_setup_teardown_taskflow.py
[2023-09-07T16:22:37.996+0000] {processor.py:829} INFO - Processing file /home/airflow/.local/lib/python3.8/site-packages/airflow/example_dags/example_setup_teardown_taskflow.py for tasks to queue
[2023-09-07T16:22:37.998+0000] {logging_mixin.py:151} INFO - [2023-09-07T16:22:37.997+0000] {dagbag.py:539} INFO - Filling up the DagBag from /home/airflow/.local/lib/python3.8/site-packages/airflow/example_dags/example_setup_teardown_taskflow.py
[2023-09-07T16:22:38.008+0000] {processor.py:839} INFO - DAG(s) dict_keys(['example_setup_teardown_taskflow']) retrieved from /home/airflow/.local/lib/python3.8/site-packages/airflow/example_dags/example_setup_teardown_taskflow.py
[2023-09-07T16:22:38.026+0000] {logging_mixin.py:151} INFO - [2023-09-07T16:22:38.026+0000] {dag.py:2907} INFO - Sync 1 DAGs
[2023-09-07T16:22:38.040+0000] {logging_mixin.py:151} INFO - [2023-09-07T16:22:38.040+0000] {dag.py:3677} INFO - Setting next_dagrun for example_setup_teardown_taskflow to 2023-09-06T16:22:38.040552+00:00, run_after=2023-09-07T16:22:38.040552+00:00
[2023-09-07T16:22:38.051+0000] {processor.py:179} INFO - Processing /home/airflow/.local/lib/python3.8/site-packages/airflow/example_dags/example_setup_teardown_taskflow.py took 0.061 seconds
[2023-09-07T16:23:08.406+0000] {processor.py:157} INFO - Started process (PID=11797) to work on /home/airflow/.local/lib/python3.8/site-packages/airflow/example_dags/example_setup_teardown_taskflow.py
[2023-09-07T16:23:08.408+0000] {processor.py:829} INFO - Processing file /home/airflow/.local/lib/python3.8/site-packages/airflow/example_dags/example_setup_teardown_taskflow.py for tasks to queue
[2023-09-07T16:23:08.408+0000] {logging_mixin.py:151} INFO - [2023-09-07T16:23:08.408+0000] {dagbag.py:539} INFO - Filling up the DagBag from /home/airflow/.local/lib/python3.8/site-packages/airflow/example_dags/example_setup_teardown_taskflow.py
[2023-09-07T16:23:08.417+0000] {processor.py:839} INFO - DAG(s) dict_keys(['example_setup_teardown_taskflow']) retrieved from /home/airflow/.local/lib/python3.8/site-packages/airflow/example_dags/example_setup_teardown_taskflow.py
[2023-09-07T16:23:08.435+0000] {logging_mixin.py:151} INFO - [2023-09-07T16:23:08.435+0000] {dag.py:2907} INFO - Sync 1 DAGs
[2023-09-07T16:23:08.448+0000] {logging_mixin.py:151} INFO - [2023-09-07T16:23:08.448+0000] {dag.py:3677} INFO - Setting next_dagrun for example_setup_teardown_taskflow to 2023-09-06T16:23:08.448173+00:00, run_after=2023-09-07T16:23:08.448173+00:00
[2023-09-07T16:23:08.458+0000] {processor.py:179} INFO - Processing /home/airflow/.local/lib/python3.8/site-packages/airflow/example_dags/example_setup_teardown_taskflow.py took 0.055 seconds
[2023-09-07T16:23:39.077+0000] {processor.py:157} INFO - Started process (PID=12035) to work on /home/airflow/.local/lib/python3.8/site-packages/airflow/example_dags/example_setup_teardown_taskflow.py
[2023-09-07T16:23:39.079+0000] {processor.py:829} INFO - Processing file /home/airflow/.local/lib/python3.8/site-packages/airflow/example_dags/example_setup_teardown_taskflow.py for tasks to queue
[2023-09-07T16:23:39.080+0000] {logging_mixin.py:151} INFO - [2023-09-07T16:23:39.080+0000] {dagbag.py:539} INFO - Filling up the DagBag from /home/airflow/.local/lib/python3.8/site-packages/airflow/example_dags/example_setup_teardown_taskflow.py
[2023-09-07T16:23:39.090+0000] {processor.py:839} INFO - DAG(s) dict_keys(['example_setup_teardown_taskflow']) retrieved from /home/airflow/.local/lib/python3.8/site-packages/airflow/example_dags/example_setup_teardown_taskflow.py
[2023-09-07T16:23:39.121+0000] {logging_mixin.py:151} INFO - [2023-09-07T16:23:39.121+0000] {dag.py:2907} INFO - Sync 1 DAGs
[2023-09-07T16:23:39.135+0000] {logging_mixin.py:151} INFO - [2023-09-07T16:23:39.135+0000] {dag.py:3677} INFO - Setting next_dagrun for example_setup_teardown_taskflow to 2023-09-06T16:23:39.134968+00:00, run_after=2023-09-07T16:23:39.134968+00:00
[2023-09-07T16:23:39.148+0000] {processor.py:179} INFO - Processing /home/airflow/.local/lib/python3.8/site-packages/airflow/example_dags/example_setup_teardown_taskflow.py took 0.075 seconds
[2023-09-07T16:24:09.496+0000] {processor.py:157} INFO - Started process (PID=12273) to work on /home/airflow/.local/lib/python3.8/site-packages/airflow/example_dags/example_setup_teardown_taskflow.py
[2023-09-07T16:24:09.497+0000] {processor.py:829} INFO - Processing file /home/airflow/.local/lib/python3.8/site-packages/airflow/example_dags/example_setup_teardown_taskflow.py for tasks to queue
[2023-09-07T16:24:09.498+0000] {logging_mixin.py:151} INFO - [2023-09-07T16:24:09.498+0000] {dagbag.py:539} INFO - Filling up the DagBag from /home/airflow/.local/lib/python3.8/site-packages/airflow/example_dags/example_setup_teardown_taskflow.py
[2023-09-07T16:24:09.508+0000] {processor.py:839} INFO - DAG(s) dict_keys(['example_setup_teardown_taskflow']) retrieved from /home/airflow/.local/lib/python3.8/site-packages/airflow/example_dags/example_setup_teardown_taskflow.py
[2023-09-07T16:24:09.529+0000] {logging_mixin.py:151} INFO - [2023-09-07T16:24:09.529+0000] {dag.py:2907} INFO - Sync 1 DAGs
[2023-09-07T16:24:09.546+0000] {logging_mixin.py:151} INFO - [2023-09-07T16:24:09.545+0000] {dag.py:3677} INFO - Setting next_dagrun for example_setup_teardown_taskflow to 2023-09-06T16:24:09.545709+00:00, run_after=2023-09-07T16:24:09.545709+00:00
[2023-09-07T16:24:09.558+0000] {processor.py:179} INFO - Processing /home/airflow/.local/lib/python3.8/site-packages/airflow/example_dags/example_setup_teardown_taskflow.py took 0.066 seconds
[2023-09-07T16:24:40.050+0000] {processor.py:157} INFO - Started process (PID=12513) to work on /home/airflow/.local/lib/python3.8/site-packages/airflow/example_dags/example_setup_teardown_taskflow.py
[2023-09-07T16:24:40.052+0000] {processor.py:829} INFO - Processing file /home/airflow/.local/lib/python3.8/site-packages/airflow/example_dags/example_setup_teardown_taskflow.py for tasks to queue
[2023-09-07T16:24:40.053+0000] {logging_mixin.py:151} INFO - [2023-09-07T16:24:40.053+0000] {dagbag.py:539} INFO - Filling up the DagBag from /home/airflow/.local/lib/python3.8/site-packages/airflow/example_dags/example_setup_teardown_taskflow.py
[2023-09-07T16:24:40.061+0000] {processor.py:839} INFO - DAG(s) dict_keys(['example_setup_teardown_taskflow']) retrieved from /home/airflow/.local/lib/python3.8/site-packages/airflow/example_dags/example_setup_teardown_taskflow.py
[2023-09-07T16:24:40.078+0000] {logging_mixin.py:151} INFO - [2023-09-07T16:24:40.078+0000] {dag.py:2907} INFO - Sync 1 DAGs
[2023-09-07T16:24:40.091+0000] {logging_mixin.py:151} INFO - [2023-09-07T16:24:40.090+0000] {dag.py:3677} INFO - Setting next_dagrun for example_setup_teardown_taskflow to 2023-09-06T16:24:40.090742+00:00, run_after=2023-09-07T16:24:40.090742+00:00
[2023-09-07T16:24:40.101+0000] {processor.py:179} INFO - Processing /home/airflow/.local/lib/python3.8/site-packages/airflow/example_dags/example_setup_teardown_taskflow.py took 0.053 seconds
[2023-09-07T16:25:10.444+0000] {processor.py:157} INFO - Started process (PID=12752) to work on /home/airflow/.local/lib/python3.8/site-packages/airflow/example_dags/example_setup_teardown_taskflow.py
[2023-09-07T16:25:10.445+0000] {processor.py:829} INFO - Processing file /home/airflow/.local/lib/python3.8/site-packages/airflow/example_dags/example_setup_teardown_taskflow.py for tasks to queue
[2023-09-07T16:25:10.446+0000] {logging_mixin.py:151} INFO - [2023-09-07T16:25:10.446+0000] {dagbag.py:539} INFO - Filling up the DagBag from /home/airflow/.local/lib/python3.8/site-packages/airflow/example_dags/example_setup_teardown_taskflow.py
[2023-09-07T16:25:10.454+0000] {processor.py:839} INFO - DAG(s) dict_keys(['example_setup_teardown_taskflow']) retrieved from /home/airflow/.local/lib/python3.8/site-packages/airflow/example_dags/example_setup_teardown_taskflow.py
[2023-09-07T16:25:10.471+0000] {logging_mixin.py:151} INFO - [2023-09-07T16:25:10.471+0000] {dag.py:2907} INFO - Sync 1 DAGs
[2023-09-07T16:25:10.484+0000] {logging_mixin.py:151} INFO - [2023-09-07T16:25:10.484+0000] {dag.py:3677} INFO - Setting next_dagrun for example_setup_teardown_taskflow to 2023-09-06T16:25:10.483939+00:00, run_after=2023-09-07T16:25:10.483939+00:00
[2023-09-07T16:25:10.499+0000] {processor.py:179} INFO - Processing /home/airflow/.local/lib/python3.8/site-packages/airflow/example_dags/example_setup_teardown_taskflow.py took 0.058 seconds
[2023-09-07T16:25:40.980+0000] {processor.py:157} INFO - Started process (PID=12987) to work on /home/airflow/.local/lib/python3.8/site-packages/airflow/example_dags/example_setup_teardown_taskflow.py
[2023-09-07T16:25:40.982+0000] {processor.py:829} INFO - Processing file /home/airflow/.local/lib/python3.8/site-packages/airflow/example_dags/example_setup_teardown_taskflow.py for tasks to queue
[2023-09-07T16:25:40.983+0000] {logging_mixin.py:151} INFO - [2023-09-07T16:25:40.982+0000] {dagbag.py:539} INFO - Filling up the DagBag from /home/airflow/.local/lib/python3.8/site-packages/airflow/example_dags/example_setup_teardown_taskflow.py
[2023-09-07T16:25:40.990+0000] {processor.py:839} INFO - DAG(s) dict_keys(['example_setup_teardown_taskflow']) retrieved from /home/airflow/.local/lib/python3.8/site-packages/airflow/example_dags/example_setup_teardown_taskflow.py
[2023-09-07T16:25:41.009+0000] {logging_mixin.py:151} INFO - [2023-09-07T16:25:41.009+0000] {dag.py:2907} INFO - Sync 1 DAGs
[2023-09-07T16:25:41.024+0000] {logging_mixin.py:151} INFO - [2023-09-07T16:25:41.024+0000] {dag.py:3677} INFO - Setting next_dagrun for example_setup_teardown_taskflow to 2023-09-06T16:25:41.023862+00:00, run_after=2023-09-07T16:25:41.023862+00:00
[2023-09-07T16:25:41.038+0000] {processor.py:179} INFO - Processing /home/airflow/.local/lib/python3.8/site-packages/airflow/example_dags/example_setup_teardown_taskflow.py took 0.060 seconds
[2023-09-07T16:26:11.436+0000] {processor.py:157} INFO - Started process (PID=13227) to work on /home/airflow/.local/lib/python3.8/site-packages/airflow/example_dags/example_setup_teardown_taskflow.py
[2023-09-07T16:26:11.437+0000] {processor.py:829} INFO - Processing file /home/airflow/.local/lib/python3.8/site-packages/airflow/example_dags/example_setup_teardown_taskflow.py for tasks to queue
[2023-09-07T16:26:11.438+0000] {logging_mixin.py:151} INFO - [2023-09-07T16:26:11.438+0000] {dagbag.py:539} INFO - Filling up the DagBag from /home/airflow/.local/lib/python3.8/site-packages/airflow/example_dags/example_setup_teardown_taskflow.py
[2023-09-07T16:26:11.446+0000] {processor.py:839} INFO - DAG(s) dict_keys(['example_setup_teardown_taskflow']) retrieved from /home/airflow/.local/lib/python3.8/site-packages/airflow/example_dags/example_setup_teardown_taskflow.py
[2023-09-07T16:26:11.463+0000] {logging_mixin.py:151} INFO - [2023-09-07T16:26:11.463+0000] {dag.py:2907} INFO - Sync 1 DAGs
[2023-09-07T16:26:11.478+0000] {logging_mixin.py:151} INFO - [2023-09-07T16:26:11.478+0000] {dag.py:3677} INFO - Setting next_dagrun for example_setup_teardown_taskflow to 2023-09-06T16:26:11.477959+00:00, run_after=2023-09-07T16:26:11.477959+00:00
[2023-09-07T16:26:11.489+0000] {processor.py:179} INFO - Processing /home/airflow/.local/lib/python3.8/site-packages/airflow/example_dags/example_setup_teardown_taskflow.py took 0.055 seconds
[2023-09-07T16:26:42.149+0000] {processor.py:157} INFO - Started process (PID=13464) to work on /home/airflow/.local/lib/python3.8/site-packages/airflow/example_dags/example_setup_teardown_taskflow.py
[2023-09-07T16:26:42.150+0000] {processor.py:829} INFO - Processing file /home/airflow/.local/lib/python3.8/site-packages/airflow/example_dags/example_setup_teardown_taskflow.py for tasks to queue
[2023-09-07T16:26:42.151+0000] {logging_mixin.py:151} INFO - [2023-09-07T16:26:42.151+0000] {dagbag.py:539} INFO - Filling up the DagBag from /home/airflow/.local/lib/python3.8/site-packages/airflow/example_dags/example_setup_teardown_taskflow.py
[2023-09-07T16:26:42.159+0000] {processor.py:839} INFO - DAG(s) dict_keys(['example_setup_teardown_taskflow']) retrieved from /home/airflow/.local/lib/python3.8/site-packages/airflow/example_dags/example_setup_teardown_taskflow.py
[2023-09-07T16:26:42.175+0000] {logging_mixin.py:151} INFO - [2023-09-07T16:26:42.174+0000] {dag.py:2907} INFO - Sync 1 DAGs
[2023-09-07T16:26:42.188+0000] {logging_mixin.py:151} INFO - [2023-09-07T16:26:42.188+0000] {dag.py:3677} INFO - Setting next_dagrun for example_setup_teardown_taskflow to 2023-09-06T16:26:42.187955+00:00, run_after=2023-09-07T16:26:42.187955+00:00
[2023-09-07T16:26:42.198+0000] {processor.py:179} INFO - Processing /home/airflow/.local/lib/python3.8/site-packages/airflow/example_dags/example_setup_teardown_taskflow.py took 0.052 seconds
[2023-09-07T16:27:12.379+0000] {processor.py:157} INFO - Started process (PID=13704) to work on /home/airflow/.local/lib/python3.8/site-packages/airflow/example_dags/example_setup_teardown_taskflow.py
[2023-09-07T16:27:12.381+0000] {processor.py:829} INFO - Processing file /home/airflow/.local/lib/python3.8/site-packages/airflow/example_dags/example_setup_teardown_taskflow.py for tasks to queue
[2023-09-07T16:27:12.382+0000] {logging_mixin.py:151} INFO - [2023-09-07T16:27:12.381+0000] {dagbag.py:539} INFO - Filling up the DagBag from /home/airflow/.local/lib/python3.8/site-packages/airflow/example_dags/example_setup_teardown_taskflow.py
[2023-09-07T16:27:12.392+0000] {processor.py:839} INFO - DAG(s) dict_keys(['example_setup_teardown_taskflow']) retrieved from /home/airflow/.local/lib/python3.8/site-packages/airflow/example_dags/example_setup_teardown_taskflow.py
[2023-09-07T16:27:12.414+0000] {logging_mixin.py:151} INFO - [2023-09-07T16:27:12.414+0000] {dag.py:2907} INFO - Sync 1 DAGs
[2023-09-07T16:27:12.428+0000] {logging_mixin.py:151} INFO - [2023-09-07T16:27:12.428+0000] {dag.py:3677} INFO - Setting next_dagrun for example_setup_teardown_taskflow to 2023-09-06T16:27:12.428339+00:00, run_after=2023-09-07T16:27:12.428339+00:00
[2023-09-07T16:27:12.439+0000] {processor.py:179} INFO - Processing /home/airflow/.local/lib/python3.8/site-packages/airflow/example_dags/example_setup_teardown_taskflow.py took 0.063 seconds
[2023-09-07T16:27:43.133+0000] {processor.py:157} INFO - Started process (PID=13943) to work on /home/airflow/.local/lib/python3.8/site-packages/airflow/example_dags/example_setup_teardown_taskflow.py
[2023-09-07T16:27:43.135+0000] {processor.py:829} INFO - Processing file /home/airflow/.local/lib/python3.8/site-packages/airflow/example_dags/example_setup_teardown_taskflow.py for tasks to queue
[2023-09-07T16:27:43.136+0000] {logging_mixin.py:151} INFO - [2023-09-07T16:27:43.135+0000] {dagbag.py:539} INFO - Filling up the DagBag from /home/airflow/.local/lib/python3.8/site-packages/airflow/example_dags/example_setup_teardown_taskflow.py
[2023-09-07T16:27:43.143+0000] {processor.py:839} INFO - DAG(s) dict_keys(['example_setup_teardown_taskflow']) retrieved from /home/airflow/.local/lib/python3.8/site-packages/airflow/example_dags/example_setup_teardown_taskflow.py
[2023-09-07T16:27:43.160+0000] {logging_mixin.py:151} INFO - [2023-09-07T16:27:43.159+0000] {dag.py:2907} INFO - Sync 1 DAGs
[2023-09-07T16:27:43.172+0000] {logging_mixin.py:151} INFO - [2023-09-07T16:27:43.172+0000] {dag.py:3677} INFO - Setting next_dagrun for example_setup_teardown_taskflow to 2023-09-06T16:27:43.171967+00:00, run_after=2023-09-07T16:27:43.171967+00:00
[2023-09-07T16:27:43.182+0000] {processor.py:179} INFO - Processing /home/airflow/.local/lib/python3.8/site-packages/airflow/example_dags/example_setup_teardown_taskflow.py took 0.052 seconds
[2023-09-07T16:28:13.364+0000] {processor.py:157} INFO - Started process (PID=14181) to work on /home/airflow/.local/lib/python3.8/site-packages/airflow/example_dags/example_setup_teardown_taskflow.py
[2023-09-07T16:28:13.365+0000] {processor.py:829} INFO - Processing file /home/airflow/.local/lib/python3.8/site-packages/airflow/example_dags/example_setup_teardown_taskflow.py for tasks to queue
[2023-09-07T16:28:13.366+0000] {logging_mixin.py:151} INFO - [2023-09-07T16:28:13.366+0000] {dagbag.py:539} INFO - Filling up the DagBag from /home/airflow/.local/lib/python3.8/site-packages/airflow/example_dags/example_setup_teardown_taskflow.py
[2023-09-07T16:28:13.374+0000] {processor.py:839} INFO - DAG(s) dict_keys(['example_setup_teardown_taskflow']) retrieved from /home/airflow/.local/lib/python3.8/site-packages/airflow/example_dags/example_setup_teardown_taskflow.py
[2023-09-07T16:28:13.391+0000] {logging_mixin.py:151} INFO - [2023-09-07T16:28:13.391+0000] {dag.py:2907} INFO - Sync 1 DAGs
[2023-09-07T16:28:13.404+0000] {logging_mixin.py:151} INFO - [2023-09-07T16:28:13.404+0000] {dag.py:3677} INFO - Setting next_dagrun for example_setup_teardown_taskflow to 2023-09-06T16:28:13.404093+00:00, run_after=2023-09-07T16:28:13.404093+00:00
[2023-09-07T16:28:13.415+0000] {processor.py:179} INFO - Processing /home/airflow/.local/lib/python3.8/site-packages/airflow/example_dags/example_setup_teardown_taskflow.py took 0.053 seconds
[2023-09-07T16:28:44.277+0000] {processor.py:157} INFO - Started process (PID=14417) to work on /home/airflow/.local/lib/python3.8/site-packages/airflow/example_dags/example_setup_teardown_taskflow.py
[2023-09-07T16:28:44.279+0000] {processor.py:829} INFO - Processing file /home/airflow/.local/lib/python3.8/site-packages/airflow/example_dags/example_setup_teardown_taskflow.py for tasks to queue
[2023-09-07T16:28:44.280+0000] {logging_mixin.py:151} INFO - [2023-09-07T16:28:44.280+0000] {dagbag.py:539} INFO - Filling up the DagBag from /home/airflow/.local/lib/python3.8/site-packages/airflow/example_dags/example_setup_teardown_taskflow.py
[2023-09-07T16:28:44.288+0000] {processor.py:839} INFO - DAG(s) dict_keys(['example_setup_teardown_taskflow']) retrieved from /home/airflow/.local/lib/python3.8/site-packages/airflow/example_dags/example_setup_teardown_taskflow.py
[2023-09-07T16:28:44.307+0000] {logging_mixin.py:151} INFO - [2023-09-07T16:28:44.306+0000] {dag.py:2907} INFO - Sync 1 DAGs
[2023-09-07T16:28:44.320+0000] {logging_mixin.py:151} INFO - [2023-09-07T16:28:44.320+0000] {dag.py:3677} INFO - Setting next_dagrun for example_setup_teardown_taskflow to 2023-09-06T16:28:44.319810+00:00, run_after=2023-09-07T16:28:44.319810+00:00
[2023-09-07T16:28:44.330+0000] {processor.py:179} INFO - Processing /home/airflow/.local/lib/python3.8/site-packages/airflow/example_dags/example_setup_teardown_taskflow.py took 0.056 seconds
[2023-09-07T16:29:14.995+0000] {processor.py:157} INFO - Started process (PID=14656) to work on /home/airflow/.local/lib/python3.8/site-packages/airflow/example_dags/example_setup_teardown_taskflow.py
[2023-09-07T16:29:14.996+0000] {processor.py:829} INFO - Processing file /home/airflow/.local/lib/python3.8/site-packages/airflow/example_dags/example_setup_teardown_taskflow.py for tasks to queue
[2023-09-07T16:29:14.997+0000] {logging_mixin.py:151} INFO - [2023-09-07T16:29:14.997+0000] {dagbag.py:539} INFO - Filling up the DagBag from /home/airflow/.local/lib/python3.8/site-packages/airflow/example_dags/example_setup_teardown_taskflow.py
[2023-09-07T16:29:15.005+0000] {processor.py:839} INFO - DAG(s) dict_keys(['example_setup_teardown_taskflow']) retrieved from /home/airflow/.local/lib/python3.8/site-packages/airflow/example_dags/example_setup_teardown_taskflow.py
[2023-09-07T16:29:15.021+0000] {logging_mixin.py:151} INFO - [2023-09-07T16:29:15.021+0000] {dag.py:2907} INFO - Sync 1 DAGs
[2023-09-07T16:29:15.035+0000] {logging_mixin.py:151} INFO - [2023-09-07T16:29:15.034+0000] {dag.py:3677} INFO - Setting next_dagrun for example_setup_teardown_taskflow to 2023-09-06T16:29:15.034699+00:00, run_after=2023-09-07T16:29:15.034699+00:00
[2023-09-07T16:29:15.044+0000] {processor.py:179} INFO - Processing /home/airflow/.local/lib/python3.8/site-packages/airflow/example_dags/example_setup_teardown_taskflow.py took 0.052 seconds
[2023-09-07T16:31:00.621+0000] {processor.py:157} INFO - Started process (PID=14895) to work on /home/airflow/.local/lib/python3.8/site-packages/airflow/example_dags/example_setup_teardown_taskflow.py
[2023-09-07T16:31:00.623+0000] {processor.py:829} INFO - Processing file /home/airflow/.local/lib/python3.8/site-packages/airflow/example_dags/example_setup_teardown_taskflow.py for tasks to queue
[2023-09-07T16:31:00.624+0000] {logging_mixin.py:151} INFO - [2023-09-07T16:31:00.624+0000] {dagbag.py:539} INFO - Filling up the DagBag from /home/airflow/.local/lib/python3.8/site-packages/airflow/example_dags/example_setup_teardown_taskflow.py
[2023-09-07T16:31:00.634+0000] {processor.py:839} INFO - DAG(s) dict_keys(['example_setup_teardown_taskflow']) retrieved from /home/airflow/.local/lib/python3.8/site-packages/airflow/example_dags/example_setup_teardown_taskflow.py
[2023-09-07T16:31:00.670+0000] {logging_mixin.py:151} INFO - [2023-09-07T16:31:00.669+0000] {dag.py:2907} INFO - Sync 1 DAGs
[2023-09-07T16:31:00.688+0000] {logging_mixin.py:151} INFO - [2023-09-07T16:31:00.688+0000] {dag.py:3677} INFO - Setting next_dagrun for example_setup_teardown_taskflow to 2023-09-06T16:31:00.687795+00:00, run_after=2023-09-07T16:31:00.687795+00:00
[2023-09-07T16:31:00.702+0000] {processor.py:179} INFO - Processing /home/airflow/.local/lib/python3.8/site-packages/airflow/example_dags/example_setup_teardown_taskflow.py took 0.083 seconds
[2023-09-07T16:31:31.814+0000] {processor.py:157} INFO - Started process (PID=15133) to work on /home/airflow/.local/lib/python3.8/site-packages/airflow/example_dags/example_setup_teardown_taskflow.py
[2023-09-07T16:31:31.816+0000] {processor.py:829} INFO - Processing file /home/airflow/.local/lib/python3.8/site-packages/airflow/example_dags/example_setup_teardown_taskflow.py for tasks to queue
[2023-09-07T16:31:31.819+0000] {logging_mixin.py:151} INFO - [2023-09-07T16:31:31.818+0000] {dagbag.py:539} INFO - Filling up the DagBag from /home/airflow/.local/lib/python3.8/site-packages/airflow/example_dags/example_setup_teardown_taskflow.py
[2023-09-07T16:31:31.828+0000] {processor.py:839} INFO - DAG(s) dict_keys(['example_setup_teardown_taskflow']) retrieved from /home/airflow/.local/lib/python3.8/site-packages/airflow/example_dags/example_setup_teardown_taskflow.py
[2023-09-07T16:31:31.855+0000] {logging_mixin.py:151} INFO - [2023-09-07T16:31:31.855+0000] {dag.py:2907} INFO - Sync 1 DAGs
[2023-09-07T16:31:31.884+0000] {logging_mixin.py:151} INFO - [2023-09-07T16:31:31.884+0000] {dag.py:3677} INFO - Setting next_dagrun for example_setup_teardown_taskflow to 2023-09-06T16:31:31.883607+00:00, run_after=2023-09-07T16:31:31.883607+00:00
[2023-09-07T16:31:31.900+0000] {processor.py:179} INFO - Processing /home/airflow/.local/lib/python3.8/site-packages/airflow/example_dags/example_setup_teardown_taskflow.py took 0.089 seconds
[2023-09-07T16:32:02.656+0000] {processor.py:157} INFO - Started process (PID=15371) to work on /home/airflow/.local/lib/python3.8/site-packages/airflow/example_dags/example_setup_teardown_taskflow.py
[2023-09-07T16:32:02.657+0000] {processor.py:829} INFO - Processing file /home/airflow/.local/lib/python3.8/site-packages/airflow/example_dags/example_setup_teardown_taskflow.py for tasks to queue
[2023-09-07T16:32:02.658+0000] {logging_mixin.py:151} INFO - [2023-09-07T16:32:02.658+0000] {dagbag.py:539} INFO - Filling up the DagBag from /home/airflow/.local/lib/python3.8/site-packages/airflow/example_dags/example_setup_teardown_taskflow.py
[2023-09-07T16:32:02.667+0000] {processor.py:839} INFO - DAG(s) dict_keys(['example_setup_teardown_taskflow']) retrieved from /home/airflow/.local/lib/python3.8/site-packages/airflow/example_dags/example_setup_teardown_taskflow.py
[2023-09-07T16:32:02.686+0000] {logging_mixin.py:151} INFO - [2023-09-07T16:32:02.685+0000] {dag.py:2907} INFO - Sync 1 DAGs
[2023-09-07T16:32:02.699+0000] {logging_mixin.py:151} INFO - [2023-09-07T16:32:02.699+0000] {dag.py:3677} INFO - Setting next_dagrun for example_setup_teardown_taskflow to 2023-09-06T16:32:02.699466+00:00, run_after=2023-09-07T16:32:02.699466+00:00
[2023-09-07T16:32:02.710+0000] {processor.py:179} INFO - Processing /home/airflow/.local/lib/python3.8/site-packages/airflow/example_dags/example_setup_teardown_taskflow.py took 0.057 seconds
[2023-09-07T16:32:36.058+0000] {processor.py:157} INFO - Started process (PID=15609) to work on /home/airflow/.local/lib/python3.8/site-packages/airflow/example_dags/example_setup_teardown_taskflow.py
[2023-09-07T16:32:36.060+0000] {processor.py:829} INFO - Processing file /home/airflow/.local/lib/python3.8/site-packages/airflow/example_dags/example_setup_teardown_taskflow.py for tasks to queue
[2023-09-07T16:32:36.061+0000] {logging_mixin.py:151} INFO - [2023-09-07T16:32:36.061+0000] {dagbag.py:539} INFO - Filling up the DagBag from /home/airflow/.local/lib/python3.8/site-packages/airflow/example_dags/example_setup_teardown_taskflow.py
[2023-09-07T16:32:36.069+0000] {processor.py:839} INFO - DAG(s) dict_keys(['example_setup_teardown_taskflow']) retrieved from /home/airflow/.local/lib/python3.8/site-packages/airflow/example_dags/example_setup_teardown_taskflow.py
[2023-09-07T16:32:36.086+0000] {logging_mixin.py:151} INFO - [2023-09-07T16:32:36.086+0000] {dag.py:2907} INFO - Sync 1 DAGs
[2023-09-07T16:32:36.100+0000] {logging_mixin.py:151} INFO - [2023-09-07T16:32:36.100+0000] {dag.py:3677} INFO - Setting next_dagrun for example_setup_teardown_taskflow to 2023-09-06T16:32:36.099844+00:00, run_after=2023-09-07T16:32:36.099844+00:00
[2023-09-07T16:32:36.115+0000] {processor.py:179} INFO - Processing /home/airflow/.local/lib/python3.8/site-packages/airflow/example_dags/example_setup_teardown_taskflow.py took 0.060 seconds
[2023-09-07T16:33:09.397+0000] {processor.py:157} INFO - Started process (PID=15849) to work on /home/airflow/.local/lib/python3.8/site-packages/airflow/example_dags/example_setup_teardown_taskflow.py
[2023-09-07T16:33:09.399+0000] {processor.py:829} INFO - Processing file /home/airflow/.local/lib/python3.8/site-packages/airflow/example_dags/example_setup_teardown_taskflow.py for tasks to queue
[2023-09-07T16:33:09.400+0000] {logging_mixin.py:151} INFO - [2023-09-07T16:33:09.400+0000] {dagbag.py:539} INFO - Filling up the DagBag from /home/airflow/.local/lib/python3.8/site-packages/airflow/example_dags/example_setup_teardown_taskflow.py
[2023-09-07T16:33:09.416+0000] {processor.py:839} INFO - DAG(s) dict_keys(['example_setup_teardown_taskflow']) retrieved from /home/airflow/.local/lib/python3.8/site-packages/airflow/example_dags/example_setup_teardown_taskflow.py
[2023-09-07T16:33:09.438+0000] {logging_mixin.py:151} INFO - [2023-09-07T16:33:09.438+0000] {dag.py:2907} INFO - Sync 1 DAGs
[2023-09-07T16:33:09.452+0000] {logging_mixin.py:151} INFO - [2023-09-07T16:33:09.452+0000] {dag.py:3677} INFO - Setting next_dagrun for example_setup_teardown_taskflow to 2023-09-06T16:33:09.452272+00:00, run_after=2023-09-07T16:33:09.452272+00:00
[2023-09-07T16:33:09.464+0000] {processor.py:179} INFO - Processing /home/airflow/.local/lib/python3.8/site-packages/airflow/example_dags/example_setup_teardown_taskflow.py took 0.071 seconds
[2023-09-07T16:33:41.947+0000] {processor.py:157} INFO - Started process (PID=16087) to work on /home/airflow/.local/lib/python3.8/site-packages/airflow/example_dags/example_setup_teardown_taskflow.py
[2023-09-07T16:33:41.949+0000] {processor.py:829} INFO - Processing file /home/airflow/.local/lib/python3.8/site-packages/airflow/example_dags/example_setup_teardown_taskflow.py for tasks to queue
[2023-09-07T16:33:41.952+0000] {logging_mixin.py:151} INFO - [2023-09-07T16:33:41.951+0000] {dagbag.py:539} INFO - Filling up the DagBag from /home/airflow/.local/lib/python3.8/site-packages/airflow/example_dags/example_setup_teardown_taskflow.py
[2023-09-07T16:33:41.964+0000] {processor.py:839} INFO - DAG(s) dict_keys(['example_setup_teardown_taskflow']) retrieved from /home/airflow/.local/lib/python3.8/site-packages/airflow/example_dags/example_setup_teardown_taskflow.py
[2023-09-07T16:33:41.995+0000] {logging_mixin.py:151} INFO - [2023-09-07T16:33:41.994+0000] {dag.py:2907} INFO - Sync 1 DAGs
[2023-09-07T16:33:42.011+0000] {logging_mixin.py:151} INFO - [2023-09-07T16:33:42.011+0000] {dag.py:3677} INFO - Setting next_dagrun for example_setup_teardown_taskflow to 2023-09-06T16:33:42.011496+00:00, run_after=2023-09-07T16:33:42.011496+00:00
[2023-09-07T16:33:42.024+0000] {processor.py:179} INFO - Processing /home/airflow/.local/lib/python3.8/site-packages/airflow/example_dags/example_setup_teardown_taskflow.py took 0.089 seconds
[2023-09-07T16:34:12.373+0000] {processor.py:157} INFO - Started process (PID=16325) to work on /home/airflow/.local/lib/python3.8/site-packages/airflow/example_dags/example_setup_teardown_taskflow.py
[2023-09-07T16:34:12.381+0000] {processor.py:829} INFO - Processing file /home/airflow/.local/lib/python3.8/site-packages/airflow/example_dags/example_setup_teardown_taskflow.py for tasks to queue
[2023-09-07T16:34:12.386+0000] {logging_mixin.py:151} INFO - [2023-09-07T16:34:12.385+0000] {dagbag.py:539} INFO - Filling up the DagBag from /home/airflow/.local/lib/python3.8/site-packages/airflow/example_dags/example_setup_teardown_taskflow.py
[2023-09-07T16:34:12.409+0000] {processor.py:839} INFO - DAG(s) dict_keys(['example_setup_teardown_taskflow']) retrieved from /home/airflow/.local/lib/python3.8/site-packages/airflow/example_dags/example_setup_teardown_taskflow.py
[2023-09-07T16:34:12.444+0000] {logging_mixin.py:151} INFO - [2023-09-07T16:34:12.443+0000] {dag.py:2907} INFO - Sync 1 DAGs
[2023-09-07T16:34:12.504+0000] {logging_mixin.py:151} INFO - [2023-09-07T16:34:12.503+0000] {dag.py:3677} INFO - Setting next_dagrun for example_setup_teardown_taskflow to 2023-09-06T16:34:12.501340+00:00, run_after=2023-09-07T16:34:12.501340+00:00
[2023-09-07T16:34:12.596+0000] {processor.py:179} INFO - Processing /home/airflow/.local/lib/python3.8/site-packages/airflow/example_dags/example_setup_teardown_taskflow.py took 0.238 seconds
