[2023-09-07T15:58:24.020+0000] {processor.py:157} INFO - Started process (PID=192) to work on /home/airflow/.local/lib/python3.8/site-packages/airflow/example_dags/example_sensor_decorator.py
[2023-09-07T15:58:24.022+0000] {processor.py:829} INFO - Processing file /home/airflow/.local/lib/python3.8/site-packages/airflow/example_dags/example_sensor_decorator.py for tasks to queue
[2023-09-07T15:58:24.023+0000] {logging_mixin.py:151} INFO - [2023-09-07T15:58:24.023+0000] {dagbag.py:539} INFO - Filling up the DagBag from /home/airflow/.local/lib/python3.8/site-packages/airflow/example_dags/example_sensor_decorator.py
[2023-09-07T15:58:24.038+0000] {processor.py:839} INFO - DAG(s) dict_keys(['example_sensor_decorator']) retrieved from /home/airflow/.local/lib/python3.8/site-packages/airflow/example_dags/example_sensor_decorator.py
[2023-09-07T15:58:24.170+0000] {logging_mixin.py:151} INFO - [2023-09-07T15:58:24.169+0000] {dag.py:2907} INFO - Sync 1 DAGs
[2023-09-07T15:58:24.226+0000] {logging_mixin.py:151} INFO - [2023-09-07T15:58:24.226+0000] {dag.py:3677} INFO - Setting next_dagrun for example_sensor_decorator to None, run_after=None
[2023-09-07T15:58:24.284+0000] {processor.py:179} INFO - Processing /home/airflow/.local/lib/python3.8/site-packages/airflow/example_dags/example_sensor_decorator.py took 0.267 seconds
[2023-09-07T15:58:54.366+0000] {processor.py:157} INFO - Started process (PID=432) to work on /home/airflow/.local/lib/python3.8/site-packages/airflow/example_dags/example_sensor_decorator.py
[2023-09-07T15:58:54.368+0000] {processor.py:829} INFO - Processing file /home/airflow/.local/lib/python3.8/site-packages/airflow/example_dags/example_sensor_decorator.py for tasks to queue
[2023-09-07T15:58:54.368+0000] {logging_mixin.py:151} INFO - [2023-09-07T15:58:54.368+0000] {dagbag.py:539} INFO - Filling up the DagBag from /home/airflow/.local/lib/python3.8/site-packages/airflow/example_dags/example_sensor_decorator.py
[2023-09-07T15:58:54.373+0000] {processor.py:839} INFO - DAG(s) dict_keys(['example_sensor_decorator']) retrieved from /home/airflow/.local/lib/python3.8/site-packages/airflow/example_dags/example_sensor_decorator.py
[2023-09-07T15:58:54.390+0000] {logging_mixin.py:151} INFO - [2023-09-07T15:58:54.390+0000] {dag.py:2907} INFO - Sync 1 DAGs
[2023-09-07T15:58:54.397+0000] {logging_mixin.py:151} INFO - [2023-09-07T15:58:54.397+0000] {dag.py:3677} INFO - Setting next_dagrun for example_sensor_decorator to None, run_after=None
[2023-09-07T15:58:54.406+0000] {processor.py:179} INFO - Processing /home/airflow/.local/lib/python3.8/site-packages/airflow/example_dags/example_sensor_decorator.py took 0.042 seconds
[2023-09-07T15:59:25.986+0000] {processor.py:157} INFO - Started process (PID=668) to work on /home/airflow/.local/lib/python3.8/site-packages/airflow/example_dags/example_sensor_decorator.py
[2023-09-07T15:59:25.987+0000] {processor.py:829} INFO - Processing file /home/airflow/.local/lib/python3.8/site-packages/airflow/example_dags/example_sensor_decorator.py for tasks to queue
[2023-09-07T15:59:25.988+0000] {logging_mixin.py:151} INFO - [2023-09-07T15:59:25.988+0000] {dagbag.py:539} INFO - Filling up the DagBag from /home/airflow/.local/lib/python3.8/site-packages/airflow/example_dags/example_sensor_decorator.py
[2023-09-07T15:59:25.993+0000] {processor.py:839} INFO - DAG(s) dict_keys(['example_sensor_decorator']) retrieved from /home/airflow/.local/lib/python3.8/site-packages/airflow/example_dags/example_sensor_decorator.py
[2023-09-07T15:59:26.160+0000] {logging_mixin.py:151} INFO - [2023-09-07T15:59:26.159+0000] {dag.py:2907} INFO - Sync 1 DAGs
[2023-09-07T15:59:26.192+0000] {logging_mixin.py:151} INFO - [2023-09-07T15:59:26.191+0000] {dag.py:3677} INFO - Setting next_dagrun for example_sensor_decorator to None, run_after=None
[2023-09-07T15:59:26.204+0000] {processor.py:179} INFO - Processing /home/airflow/.local/lib/python3.8/site-packages/airflow/example_dags/example_sensor_decorator.py took 0.221 seconds
[2023-09-07T15:59:58.002+0000] {processor.py:157} INFO - Started process (PID=908) to work on /home/airflow/.local/lib/python3.8/site-packages/airflow/example_dags/example_sensor_decorator.py
[2023-09-07T15:59:58.005+0000] {processor.py:829} INFO - Processing file /home/airflow/.local/lib/python3.8/site-packages/airflow/example_dags/example_sensor_decorator.py for tasks to queue
[2023-09-07T15:59:58.007+0000] {logging_mixin.py:151} INFO - [2023-09-07T15:59:58.007+0000] {dagbag.py:539} INFO - Filling up the DagBag from /home/airflow/.local/lib/python3.8/site-packages/airflow/example_dags/example_sensor_decorator.py
[2023-09-07T15:59:58.020+0000] {processor.py:839} INFO - DAG(s) dict_keys(['example_sensor_decorator']) retrieved from /home/airflow/.local/lib/python3.8/site-packages/airflow/example_dags/example_sensor_decorator.py
[2023-09-07T15:59:58.119+0000] {logging_mixin.py:151} INFO - [2023-09-07T15:59:58.118+0000] {dag.py:2907} INFO - Sync 1 DAGs
[2023-09-07T15:59:58.151+0000] {logging_mixin.py:151} INFO - [2023-09-07T15:59:58.150+0000] {dag.py:3677} INFO - Setting next_dagrun for example_sensor_decorator to None, run_after=None
[2023-09-07T15:59:58.215+0000] {processor.py:179} INFO - Processing /home/airflow/.local/lib/python3.8/site-packages/airflow/example_dags/example_sensor_decorator.py took 0.228 seconds
[2023-09-07T16:00:29.158+0000] {processor.py:157} INFO - Started process (PID=1145) to work on /home/airflow/.local/lib/python3.8/site-packages/airflow/example_dags/example_sensor_decorator.py
[2023-09-07T16:00:29.160+0000] {processor.py:829} INFO - Processing file /home/airflow/.local/lib/python3.8/site-packages/airflow/example_dags/example_sensor_decorator.py for tasks to queue
[2023-09-07T16:00:29.162+0000] {logging_mixin.py:151} INFO - [2023-09-07T16:00:29.161+0000] {dagbag.py:539} INFO - Filling up the DagBag from /home/airflow/.local/lib/python3.8/site-packages/airflow/example_dags/example_sensor_decorator.py
[2023-09-07T16:00:29.173+0000] {processor.py:839} INFO - DAG(s) dict_keys(['example_sensor_decorator']) retrieved from /home/airflow/.local/lib/python3.8/site-packages/airflow/example_dags/example_sensor_decorator.py
[2023-09-07T16:00:29.217+0000] {logging_mixin.py:151} INFO - [2023-09-07T16:00:29.217+0000] {dag.py:2907} INFO - Sync 1 DAGs
[2023-09-07T16:00:29.231+0000] {logging_mixin.py:151} INFO - [2023-09-07T16:00:29.231+0000] {dag.py:3677} INFO - Setting next_dagrun for example_sensor_decorator to None, run_after=None
[2023-09-07T16:00:29.245+0000] {processor.py:179} INFO - Processing /home/airflow/.local/lib/python3.8/site-packages/airflow/example_dags/example_sensor_decorator.py took 0.099 seconds
[2023-09-07T16:00:59.992+0000] {processor.py:157} INFO - Started process (PID=1407) to work on /home/airflow/.local/lib/python3.8/site-packages/airflow/example_dags/example_sensor_decorator.py
[2023-09-07T16:00:59.995+0000] {processor.py:829} INFO - Processing file /home/airflow/.local/lib/python3.8/site-packages/airflow/example_dags/example_sensor_decorator.py for tasks to queue
[2023-09-07T16:00:59.997+0000] {logging_mixin.py:151} INFO - [2023-09-07T16:00:59.997+0000] {dagbag.py:539} INFO - Filling up the DagBag from /home/airflow/.local/lib/python3.8/site-packages/airflow/example_dags/example_sensor_decorator.py
[2023-09-07T16:01:00.037+0000] {processor.py:839} INFO - DAG(s) dict_keys(['example_sensor_decorator']) retrieved from /home/airflow/.local/lib/python3.8/site-packages/airflow/example_dags/example_sensor_decorator.py
[2023-09-07T16:01:00.087+0000] {logging_mixin.py:151} INFO - [2023-09-07T16:01:00.087+0000] {dag.py:2907} INFO - Sync 1 DAGs
[2023-09-07T16:01:00.121+0000] {logging_mixin.py:151} INFO - [2023-09-07T16:01:00.120+0000] {dag.py:3677} INFO - Setting next_dagrun for example_sensor_decorator to None, run_after=None
[2023-09-07T16:01:00.141+0000] {processor.py:179} INFO - Processing /home/airflow/.local/lib/python3.8/site-packages/airflow/example_dags/example_sensor_decorator.py took 0.160 seconds
[2023-09-07T16:01:30.618+0000] {processor.py:157} INFO - Started process (PID=1645) to work on /home/airflow/.local/lib/python3.8/site-packages/airflow/example_dags/example_sensor_decorator.py
[2023-09-07T16:01:30.622+0000] {processor.py:829} INFO - Processing file /home/airflow/.local/lib/python3.8/site-packages/airflow/example_dags/example_sensor_decorator.py for tasks to queue
[2023-09-07T16:01:30.624+0000] {logging_mixin.py:151} INFO - [2023-09-07T16:01:30.623+0000] {dagbag.py:539} INFO - Filling up the DagBag from /home/airflow/.local/lib/python3.8/site-packages/airflow/example_dags/example_sensor_decorator.py
[2023-09-07T16:01:30.634+0000] {processor.py:839} INFO - DAG(s) dict_keys(['example_sensor_decorator']) retrieved from /home/airflow/.local/lib/python3.8/site-packages/airflow/example_dags/example_sensor_decorator.py
[2023-09-07T16:01:30.666+0000] {logging_mixin.py:151} INFO - [2023-09-07T16:01:30.666+0000] {dag.py:2907} INFO - Sync 1 DAGs
[2023-09-07T16:01:30.709+0000] {logging_mixin.py:151} INFO - [2023-09-07T16:01:30.709+0000] {dag.py:3677} INFO - Setting next_dagrun for example_sensor_decorator to None, run_after=None
[2023-09-07T16:01:30.740+0000] {processor.py:179} INFO - Processing /home/airflow/.local/lib/python3.8/site-packages/airflow/example_dags/example_sensor_decorator.py took 0.135 seconds
[2023-09-07T16:02:01.228+0000] {processor.py:157} INFO - Started process (PID=1883) to work on /home/airflow/.local/lib/python3.8/site-packages/airflow/example_dags/example_sensor_decorator.py
[2023-09-07T16:02:01.231+0000] {processor.py:829} INFO - Processing file /home/airflow/.local/lib/python3.8/site-packages/airflow/example_dags/example_sensor_decorator.py for tasks to queue
[2023-09-07T16:02:01.241+0000] {logging_mixin.py:151} INFO - [2023-09-07T16:02:01.240+0000] {dagbag.py:539} INFO - Filling up the DagBag from /home/airflow/.local/lib/python3.8/site-packages/airflow/example_dags/example_sensor_decorator.py
[2023-09-07T16:02:01.279+0000] {processor.py:839} INFO - DAG(s) dict_keys(['example_sensor_decorator']) retrieved from /home/airflow/.local/lib/python3.8/site-packages/airflow/example_dags/example_sensor_decorator.py
[2023-09-07T16:02:01.377+0000] {logging_mixin.py:151} INFO - [2023-09-07T16:02:01.377+0000] {dag.py:2907} INFO - Sync 1 DAGs
[2023-09-07T16:02:01.406+0000] {logging_mixin.py:151} INFO - [2023-09-07T16:02:01.406+0000] {dag.py:3677} INFO - Setting next_dagrun for example_sensor_decorator to None, run_after=None
[2023-09-07T16:02:01.425+0000] {processor.py:179} INFO - Processing /home/airflow/.local/lib/python3.8/site-packages/airflow/example_dags/example_sensor_decorator.py took 0.202 seconds
[2023-09-07T16:02:32.393+0000] {processor.py:157} INFO - Started process (PID=2121) to work on /home/airflow/.local/lib/python3.8/site-packages/airflow/example_dags/example_sensor_decorator.py
[2023-09-07T16:02:32.396+0000] {processor.py:829} INFO - Processing file /home/airflow/.local/lib/python3.8/site-packages/airflow/example_dags/example_sensor_decorator.py for tasks to queue
[2023-09-07T16:02:32.407+0000] {logging_mixin.py:151} INFO - [2023-09-07T16:02:32.405+0000] {dagbag.py:539} INFO - Filling up the DagBag from /home/airflow/.local/lib/python3.8/site-packages/airflow/example_dags/example_sensor_decorator.py
[2023-09-07T16:02:32.424+0000] {processor.py:839} INFO - DAG(s) dict_keys(['example_sensor_decorator']) retrieved from /home/airflow/.local/lib/python3.8/site-packages/airflow/example_dags/example_sensor_decorator.py
[2023-09-07T16:02:32.489+0000] {logging_mixin.py:151} INFO - [2023-09-07T16:02:32.489+0000] {dag.py:2907} INFO - Sync 1 DAGs
[2023-09-07T16:02:32.516+0000] {logging_mixin.py:151} INFO - [2023-09-07T16:02:32.516+0000] {dag.py:3677} INFO - Setting next_dagrun for example_sensor_decorator to None, run_after=None
[2023-09-07T16:02:32.533+0000] {processor.py:179} INFO - Processing /home/airflow/.local/lib/python3.8/site-packages/airflow/example_dags/example_sensor_decorator.py took 0.145 seconds
[2023-09-07T16:03:02.589+0000] {processor.py:157} INFO - Started process (PID=2359) to work on /home/airflow/.local/lib/python3.8/site-packages/airflow/example_dags/example_sensor_decorator.py
[2023-09-07T16:03:02.590+0000] {processor.py:829} INFO - Processing file /home/airflow/.local/lib/python3.8/site-packages/airflow/example_dags/example_sensor_decorator.py for tasks to queue
[2023-09-07T16:03:02.591+0000] {logging_mixin.py:151} INFO - [2023-09-07T16:03:02.591+0000] {dagbag.py:539} INFO - Filling up the DagBag from /home/airflow/.local/lib/python3.8/site-packages/airflow/example_dags/example_sensor_decorator.py
[2023-09-07T16:03:02.599+0000] {processor.py:839} INFO - DAG(s) dict_keys(['example_sensor_decorator']) retrieved from /home/airflow/.local/lib/python3.8/site-packages/airflow/example_dags/example_sensor_decorator.py
[2023-09-07T16:03:02.627+0000] {logging_mixin.py:151} INFO - [2023-09-07T16:03:02.627+0000] {dag.py:2907} INFO - Sync 1 DAGs
[2023-09-07T16:03:02.637+0000] {logging_mixin.py:151} INFO - [2023-09-07T16:03:02.637+0000] {dag.py:3677} INFO - Setting next_dagrun for example_sensor_decorator to None, run_after=None
[2023-09-07T16:03:02.648+0000] {processor.py:179} INFO - Processing /home/airflow/.local/lib/python3.8/site-packages/airflow/example_dags/example_sensor_decorator.py took 0.062 seconds
[2023-09-07T16:03:32.851+0000] {processor.py:157} INFO - Started process (PID=2595) to work on /home/airflow/.local/lib/python3.8/site-packages/airflow/example_dags/example_sensor_decorator.py
[2023-09-07T16:03:32.852+0000] {processor.py:829} INFO - Processing file /home/airflow/.local/lib/python3.8/site-packages/airflow/example_dags/example_sensor_decorator.py for tasks to queue
[2023-09-07T16:03:32.854+0000] {logging_mixin.py:151} INFO - [2023-09-07T16:03:32.853+0000] {dagbag.py:539} INFO - Filling up the DagBag from /home/airflow/.local/lib/python3.8/site-packages/airflow/example_dags/example_sensor_decorator.py
[2023-09-07T16:03:32.859+0000] {processor.py:839} INFO - DAG(s) dict_keys(['example_sensor_decorator']) retrieved from /home/airflow/.local/lib/python3.8/site-packages/airflow/example_dags/example_sensor_decorator.py
[2023-09-07T16:03:32.877+0000] {logging_mixin.py:151} INFO - [2023-09-07T16:03:32.877+0000] {dag.py:2907} INFO - Sync 1 DAGs
[2023-09-07T16:03:32.885+0000] {logging_mixin.py:151} INFO - [2023-09-07T16:03:32.885+0000] {dag.py:3677} INFO - Setting next_dagrun for example_sensor_decorator to None, run_after=None
[2023-09-07T16:03:32.896+0000] {processor.py:179} INFO - Processing /home/airflow/.local/lib/python3.8/site-packages/airflow/example_dags/example_sensor_decorator.py took 0.048 seconds
[2023-09-07T16:04:03.573+0000] {processor.py:157} INFO - Started process (PID=2833) to work on /home/airflow/.local/lib/python3.8/site-packages/airflow/example_dags/example_sensor_decorator.py
[2023-09-07T16:04:03.577+0000] {processor.py:829} INFO - Processing file /home/airflow/.local/lib/python3.8/site-packages/airflow/example_dags/example_sensor_decorator.py for tasks to queue
[2023-09-07T16:04:03.578+0000] {logging_mixin.py:151} INFO - [2023-09-07T16:04:03.578+0000] {dagbag.py:539} INFO - Filling up the DagBag from /home/airflow/.local/lib/python3.8/site-packages/airflow/example_dags/example_sensor_decorator.py
[2023-09-07T16:04:03.584+0000] {processor.py:839} INFO - DAG(s) dict_keys(['example_sensor_decorator']) retrieved from /home/airflow/.local/lib/python3.8/site-packages/airflow/example_dags/example_sensor_decorator.py
[2023-09-07T16:04:03.602+0000] {logging_mixin.py:151} INFO - [2023-09-07T16:04:03.602+0000] {dag.py:2907} INFO - Sync 1 DAGs
[2023-09-07T16:04:03.610+0000] {logging_mixin.py:151} INFO - [2023-09-07T16:04:03.610+0000] {dag.py:3677} INFO - Setting next_dagrun for example_sensor_decorator to None, run_after=None
[2023-09-07T16:04:03.622+0000] {processor.py:179} INFO - Processing /home/airflow/.local/lib/python3.8/site-packages/airflow/example_dags/example_sensor_decorator.py took 0.052 seconds
[2023-09-07T16:04:34.666+0000] {processor.py:157} INFO - Started process (PID=3071) to work on /home/airflow/.local/lib/python3.8/site-packages/airflow/example_dags/example_sensor_decorator.py
[2023-09-07T16:04:34.667+0000] {processor.py:829} INFO - Processing file /home/airflow/.local/lib/python3.8/site-packages/airflow/example_dags/example_sensor_decorator.py for tasks to queue
[2023-09-07T16:04:34.669+0000] {logging_mixin.py:151} INFO - [2023-09-07T16:04:34.668+0000] {dagbag.py:539} INFO - Filling up the DagBag from /home/airflow/.local/lib/python3.8/site-packages/airflow/example_dags/example_sensor_decorator.py
[2023-09-07T16:04:34.674+0000] {processor.py:839} INFO - DAG(s) dict_keys(['example_sensor_decorator']) retrieved from /home/airflow/.local/lib/python3.8/site-packages/airflow/example_dags/example_sensor_decorator.py
[2023-09-07T16:04:34.693+0000] {logging_mixin.py:151} INFO - [2023-09-07T16:04:34.693+0000] {dag.py:2907} INFO - Sync 1 DAGs
[2023-09-07T16:04:34.701+0000] {logging_mixin.py:151} INFO - [2023-09-07T16:04:34.701+0000] {dag.py:3677} INFO - Setting next_dagrun for example_sensor_decorator to None, run_after=None
[2023-09-07T16:04:34.713+0000] {processor.py:179} INFO - Processing /home/airflow/.local/lib/python3.8/site-packages/airflow/example_dags/example_sensor_decorator.py took 0.050 seconds
[2023-09-07T16:05:05.966+0000] {processor.py:157} INFO - Started process (PID=3309) to work on /home/airflow/.local/lib/python3.8/site-packages/airflow/example_dags/example_sensor_decorator.py
[2023-09-07T16:05:05.968+0000] {processor.py:829} INFO - Processing file /home/airflow/.local/lib/python3.8/site-packages/airflow/example_dags/example_sensor_decorator.py for tasks to queue
[2023-09-07T16:05:05.969+0000] {logging_mixin.py:151} INFO - [2023-09-07T16:05:05.969+0000] {dagbag.py:539} INFO - Filling up the DagBag from /home/airflow/.local/lib/python3.8/site-packages/airflow/example_dags/example_sensor_decorator.py
[2023-09-07T16:05:05.975+0000] {processor.py:839} INFO - DAG(s) dict_keys(['example_sensor_decorator']) retrieved from /home/airflow/.local/lib/python3.8/site-packages/airflow/example_dags/example_sensor_decorator.py
[2023-09-07T16:05:05.994+0000] {logging_mixin.py:151} INFO - [2023-09-07T16:05:05.994+0000] {dag.py:2907} INFO - Sync 1 DAGs
[2023-09-07T16:05:06.002+0000] {logging_mixin.py:151} INFO - [2023-09-07T16:05:06.002+0000] {dag.py:3677} INFO - Setting next_dagrun for example_sensor_decorator to None, run_after=None
[2023-09-07T16:05:06.013+0000] {processor.py:179} INFO - Processing /home/airflow/.local/lib/python3.8/site-packages/airflow/example_dags/example_sensor_decorator.py took 0.050 seconds
[2023-09-07T16:05:36.688+0000] {processor.py:157} INFO - Started process (PID=3548) to work on /home/airflow/.local/lib/python3.8/site-packages/airflow/example_dags/example_sensor_decorator.py
[2023-09-07T16:05:36.689+0000] {processor.py:829} INFO - Processing file /home/airflow/.local/lib/python3.8/site-packages/airflow/example_dags/example_sensor_decorator.py for tasks to queue
[2023-09-07T16:05:36.690+0000] {logging_mixin.py:151} INFO - [2023-09-07T16:05:36.690+0000] {dagbag.py:539} INFO - Filling up the DagBag from /home/airflow/.local/lib/python3.8/site-packages/airflow/example_dags/example_sensor_decorator.py
[2023-09-07T16:05:36.696+0000] {processor.py:839} INFO - DAG(s) dict_keys(['example_sensor_decorator']) retrieved from /home/airflow/.local/lib/python3.8/site-packages/airflow/example_dags/example_sensor_decorator.py
[2023-09-07T16:05:36.728+0000] {logging_mixin.py:151} INFO - [2023-09-07T16:05:36.728+0000] {dag.py:2907} INFO - Sync 1 DAGs
[2023-09-07T16:05:36.738+0000] {logging_mixin.py:151} INFO - [2023-09-07T16:05:36.738+0000] {dag.py:3677} INFO - Setting next_dagrun for example_sensor_decorator to None, run_after=None
[2023-09-07T16:05:36.751+0000] {processor.py:179} INFO - Processing /home/airflow/.local/lib/python3.8/site-packages/airflow/example_dags/example_sensor_decorator.py took 0.066 seconds
[2023-09-07T16:06:07.857+0000] {processor.py:157} INFO - Started process (PID=3786) to work on /home/airflow/.local/lib/python3.8/site-packages/airflow/example_dags/example_sensor_decorator.py
[2023-09-07T16:06:07.858+0000] {processor.py:829} INFO - Processing file /home/airflow/.local/lib/python3.8/site-packages/airflow/example_dags/example_sensor_decorator.py for tasks to queue
[2023-09-07T16:06:07.859+0000] {logging_mixin.py:151} INFO - [2023-09-07T16:06:07.859+0000] {dagbag.py:539} INFO - Filling up the DagBag from /home/airflow/.local/lib/python3.8/site-packages/airflow/example_dags/example_sensor_decorator.py
[2023-09-07T16:06:07.864+0000] {processor.py:839} INFO - DAG(s) dict_keys(['example_sensor_decorator']) retrieved from /home/airflow/.local/lib/python3.8/site-packages/airflow/example_dags/example_sensor_decorator.py
[2023-09-07T16:06:07.885+0000] {logging_mixin.py:151} INFO - [2023-09-07T16:06:07.885+0000] {dag.py:2907} INFO - Sync 1 DAGs
[2023-09-07T16:06:07.903+0000] {logging_mixin.py:151} INFO - [2023-09-07T16:06:07.902+0000] {dag.py:3677} INFO - Setting next_dagrun for example_sensor_decorator to None, run_after=None
[2023-09-07T16:06:07.927+0000] {processor.py:179} INFO - Processing /home/airflow/.local/lib/python3.8/site-packages/airflow/example_dags/example_sensor_decorator.py took 0.073 seconds
[2023-09-07T16:06:38.794+0000] {processor.py:157} INFO - Started process (PID=4024) to work on /home/airflow/.local/lib/python3.8/site-packages/airflow/example_dags/example_sensor_decorator.py
[2023-09-07T16:06:38.795+0000] {processor.py:829} INFO - Processing file /home/airflow/.local/lib/python3.8/site-packages/airflow/example_dags/example_sensor_decorator.py for tasks to queue
[2023-09-07T16:06:38.797+0000] {logging_mixin.py:151} INFO - [2023-09-07T16:06:38.796+0000] {dagbag.py:539} INFO - Filling up the DagBag from /home/airflow/.local/lib/python3.8/site-packages/airflow/example_dags/example_sensor_decorator.py
[2023-09-07T16:06:38.802+0000] {processor.py:839} INFO - DAG(s) dict_keys(['example_sensor_decorator']) retrieved from /home/airflow/.local/lib/python3.8/site-packages/airflow/example_dags/example_sensor_decorator.py
[2023-09-07T16:06:38.822+0000] {logging_mixin.py:151} INFO - [2023-09-07T16:06:38.822+0000] {dag.py:2907} INFO - Sync 1 DAGs
[2023-09-07T16:06:38.830+0000] {logging_mixin.py:151} INFO - [2023-09-07T16:06:38.830+0000] {dag.py:3677} INFO - Setting next_dagrun for example_sensor_decorator to None, run_after=None
[2023-09-07T16:06:38.842+0000] {processor.py:179} INFO - Processing /home/airflow/.local/lib/python3.8/site-packages/airflow/example_dags/example_sensor_decorator.py took 0.051 seconds
[2023-09-07T16:07:09.722+0000] {processor.py:157} INFO - Started process (PID=4262) to work on /home/airflow/.local/lib/python3.8/site-packages/airflow/example_dags/example_sensor_decorator.py
[2023-09-07T16:07:09.723+0000] {processor.py:829} INFO - Processing file /home/airflow/.local/lib/python3.8/site-packages/airflow/example_dags/example_sensor_decorator.py for tasks to queue
[2023-09-07T16:07:09.724+0000] {logging_mixin.py:151} INFO - [2023-09-07T16:07:09.724+0000] {dagbag.py:539} INFO - Filling up the DagBag from /home/airflow/.local/lib/python3.8/site-packages/airflow/example_dags/example_sensor_decorator.py
[2023-09-07T16:07:09.729+0000] {processor.py:839} INFO - DAG(s) dict_keys(['example_sensor_decorator']) retrieved from /home/airflow/.local/lib/python3.8/site-packages/airflow/example_dags/example_sensor_decorator.py
[2023-09-07T16:07:09.747+0000] {logging_mixin.py:151} INFO - [2023-09-07T16:07:09.747+0000] {dag.py:2907} INFO - Sync 1 DAGs
[2023-09-07T16:07:09.756+0000] {logging_mixin.py:151} INFO - [2023-09-07T16:07:09.755+0000] {dag.py:3677} INFO - Setting next_dagrun for example_sensor_decorator to None, run_after=None
[2023-09-07T16:07:09.766+0000] {processor.py:179} INFO - Processing /home/airflow/.local/lib/python3.8/site-packages/airflow/example_dags/example_sensor_decorator.py took 0.047 seconds
[2023-09-07T16:07:40.641+0000] {processor.py:157} INFO - Started process (PID=4500) to work on /home/airflow/.local/lib/python3.8/site-packages/airflow/example_dags/example_sensor_decorator.py
[2023-09-07T16:07:40.643+0000] {processor.py:829} INFO - Processing file /home/airflow/.local/lib/python3.8/site-packages/airflow/example_dags/example_sensor_decorator.py for tasks to queue
[2023-09-07T16:07:40.644+0000] {logging_mixin.py:151} INFO - [2023-09-07T16:07:40.644+0000] {dagbag.py:539} INFO - Filling up the DagBag from /home/airflow/.local/lib/python3.8/site-packages/airflow/example_dags/example_sensor_decorator.py
[2023-09-07T16:07:40.652+0000] {processor.py:839} INFO - DAG(s) dict_keys(['example_sensor_decorator']) retrieved from /home/airflow/.local/lib/python3.8/site-packages/airflow/example_dags/example_sensor_decorator.py
[2023-09-07T16:07:40.670+0000] {logging_mixin.py:151} INFO - [2023-09-07T16:07:40.670+0000] {dag.py:2907} INFO - Sync 1 DAGs
[2023-09-07T16:07:40.678+0000] {logging_mixin.py:151} INFO - [2023-09-07T16:07:40.678+0000] {dag.py:3677} INFO - Setting next_dagrun for example_sensor_decorator to None, run_after=None
[2023-09-07T16:07:40.688+0000] {processor.py:179} INFO - Processing /home/airflow/.local/lib/python3.8/site-packages/airflow/example_dags/example_sensor_decorator.py took 0.050 seconds
[2023-09-07T16:08:11.737+0000] {processor.py:157} INFO - Started process (PID=4738) to work on /home/airflow/.local/lib/python3.8/site-packages/airflow/example_dags/example_sensor_decorator.py
[2023-09-07T16:08:11.739+0000] {processor.py:829} INFO - Processing file /home/airflow/.local/lib/python3.8/site-packages/airflow/example_dags/example_sensor_decorator.py for tasks to queue
[2023-09-07T16:08:11.740+0000] {logging_mixin.py:151} INFO - [2023-09-07T16:08:11.739+0000] {dagbag.py:539} INFO - Filling up the DagBag from /home/airflow/.local/lib/python3.8/site-packages/airflow/example_dags/example_sensor_decorator.py
[2023-09-07T16:08:11.746+0000] {processor.py:839} INFO - DAG(s) dict_keys(['example_sensor_decorator']) retrieved from /home/airflow/.local/lib/python3.8/site-packages/airflow/example_dags/example_sensor_decorator.py
[2023-09-07T16:08:11.767+0000] {logging_mixin.py:151} INFO - [2023-09-07T16:08:11.767+0000] {dag.py:2907} INFO - Sync 1 DAGs
[2023-09-07T16:08:11.776+0000] {logging_mixin.py:151} INFO - [2023-09-07T16:08:11.776+0000] {dag.py:3677} INFO - Setting next_dagrun for example_sensor_decorator to None, run_after=None
[2023-09-07T16:08:11.798+0000] {processor.py:179} INFO - Processing /home/airflow/.local/lib/python3.8/site-packages/airflow/example_dags/example_sensor_decorator.py took 0.064 seconds
[2023-09-07T16:08:42.630+0000] {processor.py:157} INFO - Started process (PID=4976) to work on /home/airflow/.local/lib/python3.8/site-packages/airflow/example_dags/example_sensor_decorator.py
[2023-09-07T16:08:42.632+0000] {processor.py:829} INFO - Processing file /home/airflow/.local/lib/python3.8/site-packages/airflow/example_dags/example_sensor_decorator.py for tasks to queue
[2023-09-07T16:08:42.633+0000] {logging_mixin.py:151} INFO - [2023-09-07T16:08:42.632+0000] {dagbag.py:539} INFO - Filling up the DagBag from /home/airflow/.local/lib/python3.8/site-packages/airflow/example_dags/example_sensor_decorator.py
[2023-09-07T16:08:42.638+0000] {processor.py:839} INFO - DAG(s) dict_keys(['example_sensor_decorator']) retrieved from /home/airflow/.local/lib/python3.8/site-packages/airflow/example_dags/example_sensor_decorator.py
[2023-09-07T16:08:42.656+0000] {logging_mixin.py:151} INFO - [2023-09-07T16:08:42.656+0000] {dag.py:2907} INFO - Sync 1 DAGs
[2023-09-07T16:08:42.665+0000] {logging_mixin.py:151} INFO - [2023-09-07T16:08:42.664+0000] {dag.py:3677} INFO - Setting next_dagrun for example_sensor_decorator to None, run_after=None
[2023-09-07T16:08:42.675+0000] {processor.py:179} INFO - Processing /home/airflow/.local/lib/python3.8/site-packages/airflow/example_dags/example_sensor_decorator.py took 0.047 seconds
[2023-09-07T16:09:12.951+0000] {processor.py:157} INFO - Started process (PID=5214) to work on /home/airflow/.local/lib/python3.8/site-packages/airflow/example_dags/example_sensor_decorator.py
[2023-09-07T16:09:12.952+0000] {processor.py:829} INFO - Processing file /home/airflow/.local/lib/python3.8/site-packages/airflow/example_dags/example_sensor_decorator.py for tasks to queue
[2023-09-07T16:09:12.953+0000] {logging_mixin.py:151} INFO - [2023-09-07T16:09:12.953+0000] {dagbag.py:539} INFO - Filling up the DagBag from /home/airflow/.local/lib/python3.8/site-packages/airflow/example_dags/example_sensor_decorator.py
[2023-09-07T16:09:12.961+0000] {processor.py:839} INFO - DAG(s) dict_keys(['example_sensor_decorator']) retrieved from /home/airflow/.local/lib/python3.8/site-packages/airflow/example_dags/example_sensor_decorator.py
[2023-09-07T16:09:12.979+0000] {logging_mixin.py:151} INFO - [2023-09-07T16:09:12.978+0000] {dag.py:2907} INFO - Sync 1 DAGs
[2023-09-07T16:09:12.988+0000] {logging_mixin.py:151} INFO - [2023-09-07T16:09:12.988+0000] {dag.py:3677} INFO - Setting next_dagrun for example_sensor_decorator to None, run_after=None
[2023-09-07T16:09:13.014+0000] {processor.py:179} INFO - Processing /home/airflow/.local/lib/python3.8/site-packages/airflow/example_dags/example_sensor_decorator.py took 0.067 seconds
[2023-09-07T16:09:43.327+0000] {processor.py:157} INFO - Started process (PID=5452) to work on /home/airflow/.local/lib/python3.8/site-packages/airflow/example_dags/example_sensor_decorator.py
[2023-09-07T16:09:43.329+0000] {processor.py:829} INFO - Processing file /home/airflow/.local/lib/python3.8/site-packages/airflow/example_dags/example_sensor_decorator.py for tasks to queue
[2023-09-07T16:09:43.330+0000] {logging_mixin.py:151} INFO - [2023-09-07T16:09:43.329+0000] {dagbag.py:539} INFO - Filling up the DagBag from /home/airflow/.local/lib/python3.8/site-packages/airflow/example_dags/example_sensor_decorator.py
[2023-09-07T16:09:43.335+0000] {processor.py:839} INFO - DAG(s) dict_keys(['example_sensor_decorator']) retrieved from /home/airflow/.local/lib/python3.8/site-packages/airflow/example_dags/example_sensor_decorator.py
[2023-09-07T16:09:43.353+0000] {logging_mixin.py:151} INFO - [2023-09-07T16:09:43.353+0000] {dag.py:2907} INFO - Sync 1 DAGs
[2023-09-07T16:09:43.362+0000] {logging_mixin.py:151} INFO - [2023-09-07T16:09:43.362+0000] {dag.py:3677} INFO - Setting next_dagrun for example_sensor_decorator to None, run_after=None
[2023-09-07T16:09:43.372+0000] {processor.py:179} INFO - Processing /home/airflow/.local/lib/python3.8/site-packages/airflow/example_dags/example_sensor_decorator.py took 0.048 seconds
[2023-09-07T16:10:14.144+0000] {processor.py:157} INFO - Started process (PID=5690) to work on /home/airflow/.local/lib/python3.8/site-packages/airflow/example_dags/example_sensor_decorator.py
[2023-09-07T16:10:14.146+0000] {processor.py:829} INFO - Processing file /home/airflow/.local/lib/python3.8/site-packages/airflow/example_dags/example_sensor_decorator.py for tasks to queue
[2023-09-07T16:10:14.147+0000] {logging_mixin.py:151} INFO - [2023-09-07T16:10:14.147+0000] {dagbag.py:539} INFO - Filling up the DagBag from /home/airflow/.local/lib/python3.8/site-packages/airflow/example_dags/example_sensor_decorator.py
[2023-09-07T16:10:14.155+0000] {processor.py:839} INFO - DAG(s) dict_keys(['example_sensor_decorator']) retrieved from /home/airflow/.local/lib/python3.8/site-packages/airflow/example_dags/example_sensor_decorator.py
[2023-09-07T16:10:14.178+0000] {logging_mixin.py:151} INFO - [2023-09-07T16:10:14.178+0000] {dag.py:2907} INFO - Sync 1 DAGs
[2023-09-07T16:10:14.189+0000] {logging_mixin.py:151} INFO - [2023-09-07T16:10:14.189+0000] {dag.py:3677} INFO - Setting next_dagrun for example_sensor_decorator to None, run_after=None
[2023-09-07T16:10:14.209+0000] {processor.py:179} INFO - Processing /home/airflow/.local/lib/python3.8/site-packages/airflow/example_dags/example_sensor_decorator.py took 0.068 seconds
[2023-09-07T16:10:44.772+0000] {processor.py:157} INFO - Started process (PID=5929) to work on /home/airflow/.local/lib/python3.8/site-packages/airflow/example_dags/example_sensor_decorator.py
[2023-09-07T16:10:44.773+0000] {processor.py:829} INFO - Processing file /home/airflow/.local/lib/python3.8/site-packages/airflow/example_dags/example_sensor_decorator.py for tasks to queue
[2023-09-07T16:10:44.775+0000] {logging_mixin.py:151} INFO - [2023-09-07T16:10:44.774+0000] {dagbag.py:539} INFO - Filling up the DagBag from /home/airflow/.local/lib/python3.8/site-packages/airflow/example_dags/example_sensor_decorator.py
[2023-09-07T16:10:44.780+0000] {processor.py:839} INFO - DAG(s) dict_keys(['example_sensor_decorator']) retrieved from /home/airflow/.local/lib/python3.8/site-packages/airflow/example_dags/example_sensor_decorator.py
[2023-09-07T16:10:44.798+0000] {logging_mixin.py:151} INFO - [2023-09-07T16:10:44.798+0000] {dag.py:2907} INFO - Sync 1 DAGs
[2023-09-07T16:10:44.806+0000] {logging_mixin.py:151} INFO - [2023-09-07T16:10:44.806+0000] {dag.py:3677} INFO - Setting next_dagrun for example_sensor_decorator to None, run_after=None
[2023-09-07T16:10:44.817+0000] {processor.py:179} INFO - Processing /home/airflow/.local/lib/python3.8/site-packages/airflow/example_dags/example_sensor_decorator.py took 0.047 seconds
[2023-09-07T16:11:16.380+0000] {processor.py:157} INFO - Started process (PID=6167) to work on /home/airflow/.local/lib/python3.8/site-packages/airflow/example_dags/example_sensor_decorator.py
[2023-09-07T16:11:16.381+0000] {processor.py:829} INFO - Processing file /home/airflow/.local/lib/python3.8/site-packages/airflow/example_dags/example_sensor_decorator.py for tasks to queue
[2023-09-07T16:11:16.383+0000] {logging_mixin.py:151} INFO - [2023-09-07T16:11:16.382+0000] {dagbag.py:539} INFO - Filling up the DagBag from /home/airflow/.local/lib/python3.8/site-packages/airflow/example_dags/example_sensor_decorator.py
[2023-09-07T16:11:16.389+0000] {processor.py:839} INFO - DAG(s) dict_keys(['example_sensor_decorator']) retrieved from /home/airflow/.local/lib/python3.8/site-packages/airflow/example_dags/example_sensor_decorator.py
[2023-09-07T16:11:16.409+0000] {logging_mixin.py:151} INFO - [2023-09-07T16:11:16.409+0000] {dag.py:2907} INFO - Sync 1 DAGs
[2023-09-07T16:11:16.423+0000] {logging_mixin.py:151} INFO - [2023-09-07T16:11:16.423+0000] {dag.py:3677} INFO - Setting next_dagrun for example_sensor_decorator to None, run_after=None
[2023-09-07T16:11:16.436+0000] {processor.py:179} INFO - Processing /home/airflow/.local/lib/python3.8/site-packages/airflow/example_dags/example_sensor_decorator.py took 0.059 seconds
[2023-09-07T16:11:46.609+0000] {processor.py:157} INFO - Started process (PID=6405) to work on /home/airflow/.local/lib/python3.8/site-packages/airflow/example_dags/example_sensor_decorator.py
[2023-09-07T16:11:46.610+0000] {processor.py:829} INFO - Processing file /home/airflow/.local/lib/python3.8/site-packages/airflow/example_dags/example_sensor_decorator.py for tasks to queue
[2023-09-07T16:11:46.611+0000] {logging_mixin.py:151} INFO - [2023-09-07T16:11:46.611+0000] {dagbag.py:539} INFO - Filling up the DagBag from /home/airflow/.local/lib/python3.8/site-packages/airflow/example_dags/example_sensor_decorator.py
[2023-09-07T16:11:46.616+0000] {processor.py:839} INFO - DAG(s) dict_keys(['example_sensor_decorator']) retrieved from /home/airflow/.local/lib/python3.8/site-packages/airflow/example_dags/example_sensor_decorator.py
[2023-09-07T16:11:46.634+0000] {logging_mixin.py:151} INFO - [2023-09-07T16:11:46.634+0000] {dag.py:2907} INFO - Sync 1 DAGs
[2023-09-07T16:11:46.642+0000] {logging_mixin.py:151} INFO - [2023-09-07T16:11:46.642+0000] {dag.py:3677} INFO - Setting next_dagrun for example_sensor_decorator to None, run_after=None
[2023-09-07T16:11:46.653+0000] {processor.py:179} INFO - Processing /home/airflow/.local/lib/python3.8/site-packages/airflow/example_dags/example_sensor_decorator.py took 0.047 seconds
[2023-09-07T16:12:17.009+0000] {processor.py:157} INFO - Started process (PID=6641) to work on /home/airflow/.local/lib/python3.8/site-packages/airflow/example_dags/example_sensor_decorator.py
[2023-09-07T16:12:17.011+0000] {processor.py:829} INFO - Processing file /home/airflow/.local/lib/python3.8/site-packages/airflow/example_dags/example_sensor_decorator.py for tasks to queue
[2023-09-07T16:12:17.012+0000] {logging_mixin.py:151} INFO - [2023-09-07T16:12:17.012+0000] {dagbag.py:539} INFO - Filling up the DagBag from /home/airflow/.local/lib/python3.8/site-packages/airflow/example_dags/example_sensor_decorator.py
[2023-09-07T16:12:17.019+0000] {processor.py:839} INFO - DAG(s) dict_keys(['example_sensor_decorator']) retrieved from /home/airflow/.local/lib/python3.8/site-packages/airflow/example_dags/example_sensor_decorator.py
[2023-09-07T16:12:17.038+0000] {logging_mixin.py:151} INFO - [2023-09-07T16:12:17.038+0000] {dag.py:2907} INFO - Sync 1 DAGs
[2023-09-07T16:12:17.047+0000] {logging_mixin.py:151} INFO - [2023-09-07T16:12:17.047+0000] {dag.py:3677} INFO - Setting next_dagrun for example_sensor_decorator to None, run_after=None
[2023-09-07T16:12:17.058+0000] {processor.py:179} INFO - Processing /home/airflow/.local/lib/python3.8/site-packages/airflow/example_dags/example_sensor_decorator.py took 0.053 seconds
[2023-09-07T16:12:47.760+0000] {processor.py:157} INFO - Started process (PID=6882) to work on /home/airflow/.local/lib/python3.8/site-packages/airflow/example_dags/example_sensor_decorator.py
[2023-09-07T16:12:47.762+0000] {processor.py:829} INFO - Processing file /home/airflow/.local/lib/python3.8/site-packages/airflow/example_dags/example_sensor_decorator.py for tasks to queue
[2023-09-07T16:12:47.764+0000] {logging_mixin.py:151} INFO - [2023-09-07T16:12:47.763+0000] {dagbag.py:539} INFO - Filling up the DagBag from /home/airflow/.local/lib/python3.8/site-packages/airflow/example_dags/example_sensor_decorator.py
[2023-09-07T16:12:47.789+0000] {processor.py:839} INFO - DAG(s) dict_keys(['example_sensor_decorator']) retrieved from /home/airflow/.local/lib/python3.8/site-packages/airflow/example_dags/example_sensor_decorator.py
[2023-09-07T16:12:47.819+0000] {logging_mixin.py:151} INFO - [2023-09-07T16:12:47.819+0000] {dag.py:2907} INFO - Sync 1 DAGs
[2023-09-07T16:12:47.831+0000] {logging_mixin.py:151} INFO - [2023-09-07T16:12:47.831+0000] {dag.py:3677} INFO - Setting next_dagrun for example_sensor_decorator to None, run_after=None
[2023-09-07T16:12:47.842+0000] {processor.py:179} INFO - Processing /home/airflow/.local/lib/python3.8/site-packages/airflow/example_dags/example_sensor_decorator.py took 0.087 seconds
[2023-09-07T16:13:18.383+0000] {processor.py:157} INFO - Started process (PID=7119) to work on /home/airflow/.local/lib/python3.8/site-packages/airflow/example_dags/example_sensor_decorator.py
[2023-09-07T16:13:18.387+0000] {processor.py:829} INFO - Processing file /home/airflow/.local/lib/python3.8/site-packages/airflow/example_dags/example_sensor_decorator.py for tasks to queue
[2023-09-07T16:13:18.392+0000] {logging_mixin.py:151} INFO - [2023-09-07T16:13:18.391+0000] {dagbag.py:539} INFO - Filling up the DagBag from /home/airflow/.local/lib/python3.8/site-packages/airflow/example_dags/example_sensor_decorator.py
[2023-09-07T16:13:18.398+0000] {processor.py:839} INFO - DAG(s) dict_keys(['example_sensor_decorator']) retrieved from /home/airflow/.local/lib/python3.8/site-packages/airflow/example_dags/example_sensor_decorator.py
[2023-09-07T16:13:18.423+0000] {logging_mixin.py:151} INFO - [2023-09-07T16:13:18.423+0000] {dag.py:2907} INFO - Sync 1 DAGs
[2023-09-07T16:13:18.435+0000] {logging_mixin.py:151} INFO - [2023-09-07T16:13:18.434+0000] {dag.py:3677} INFO - Setting next_dagrun for example_sensor_decorator to None, run_after=None
[2023-09-07T16:13:18.450+0000] {processor.py:179} INFO - Processing /home/airflow/.local/lib/python3.8/site-packages/airflow/example_dags/example_sensor_decorator.py took 0.071 seconds
[2023-09-07T16:13:49.110+0000] {processor.py:157} INFO - Started process (PID=7357) to work on /home/airflow/.local/lib/python3.8/site-packages/airflow/example_dags/example_sensor_decorator.py
[2023-09-07T16:13:49.112+0000] {processor.py:829} INFO - Processing file /home/airflow/.local/lib/python3.8/site-packages/airflow/example_dags/example_sensor_decorator.py for tasks to queue
[2023-09-07T16:13:49.113+0000] {logging_mixin.py:151} INFO - [2023-09-07T16:13:49.113+0000] {dagbag.py:539} INFO - Filling up the DagBag from /home/airflow/.local/lib/python3.8/site-packages/airflow/example_dags/example_sensor_decorator.py
[2023-09-07T16:13:49.120+0000] {processor.py:839} INFO - DAG(s) dict_keys(['example_sensor_decorator']) retrieved from /home/airflow/.local/lib/python3.8/site-packages/airflow/example_dags/example_sensor_decorator.py
[2023-09-07T16:13:49.142+0000] {logging_mixin.py:151} INFO - [2023-09-07T16:13:49.142+0000] {dag.py:2907} INFO - Sync 1 DAGs
[2023-09-07T16:13:49.154+0000] {logging_mixin.py:151} INFO - [2023-09-07T16:13:49.154+0000] {dag.py:3677} INFO - Setting next_dagrun for example_sensor_decorator to None, run_after=None
[2023-09-07T16:13:49.165+0000] {processor.py:179} INFO - Processing /home/airflow/.local/lib/python3.8/site-packages/airflow/example_dags/example_sensor_decorator.py took 0.059 seconds
[2023-09-07T16:14:20.377+0000] {processor.py:157} INFO - Started process (PID=7603) to work on /home/airflow/.local/lib/python3.8/site-packages/airflow/example_dags/example_sensor_decorator.py
[2023-09-07T16:14:20.379+0000] {processor.py:829} INFO - Processing file /home/airflow/.local/lib/python3.8/site-packages/airflow/example_dags/example_sensor_decorator.py for tasks to queue
[2023-09-07T16:14:20.380+0000] {logging_mixin.py:151} INFO - [2023-09-07T16:14:20.380+0000] {dagbag.py:539} INFO - Filling up the DagBag from /home/airflow/.local/lib/python3.8/site-packages/airflow/example_dags/example_sensor_decorator.py
[2023-09-07T16:14:20.396+0000] {processor.py:839} INFO - DAG(s) dict_keys(['example_sensor_decorator']) retrieved from /home/airflow/.local/lib/python3.8/site-packages/airflow/example_dags/example_sensor_decorator.py
[2023-09-07T16:14:20.428+0000] {logging_mixin.py:151} INFO - [2023-09-07T16:14:20.428+0000] {dag.py:2907} INFO - Sync 1 DAGs
[2023-09-07T16:14:20.444+0000] {logging_mixin.py:151} INFO - [2023-09-07T16:14:20.444+0000] {dag.py:3677} INFO - Setting next_dagrun for example_sensor_decorator to None, run_after=None
[2023-09-07T16:14:20.482+0000] {processor.py:179} INFO - Processing /home/airflow/.local/lib/python3.8/site-packages/airflow/example_dags/example_sensor_decorator.py took 0.109 seconds
[2023-09-07T16:14:50.764+0000] {processor.py:157} INFO - Started process (PID=7841) to work on /home/airflow/.local/lib/python3.8/site-packages/airflow/example_dags/example_sensor_decorator.py
[2023-09-07T16:14:50.766+0000] {processor.py:829} INFO - Processing file /home/airflow/.local/lib/python3.8/site-packages/airflow/example_dags/example_sensor_decorator.py for tasks to queue
[2023-09-07T16:14:50.767+0000] {logging_mixin.py:151} INFO - [2023-09-07T16:14:50.767+0000] {dagbag.py:539} INFO - Filling up the DagBag from /home/airflow/.local/lib/python3.8/site-packages/airflow/example_dags/example_sensor_decorator.py
[2023-09-07T16:14:50.773+0000] {processor.py:839} INFO - DAG(s) dict_keys(['example_sensor_decorator']) retrieved from /home/airflow/.local/lib/python3.8/site-packages/airflow/example_dags/example_sensor_decorator.py
[2023-09-07T16:14:50.795+0000] {logging_mixin.py:151} INFO - [2023-09-07T16:14:50.795+0000] {dag.py:2907} INFO - Sync 1 DAGs
[2023-09-07T16:14:50.805+0000] {logging_mixin.py:151} INFO - [2023-09-07T16:14:50.804+0000] {dag.py:3677} INFO - Setting next_dagrun for example_sensor_decorator to None, run_after=None
[2023-09-07T16:14:50.816+0000] {processor.py:179} INFO - Processing /home/airflow/.local/lib/python3.8/site-packages/airflow/example_dags/example_sensor_decorator.py took 0.059 seconds
[2023-09-07T16:15:21.141+0000] {processor.py:157} INFO - Started process (PID=8078) to work on /home/airflow/.local/lib/python3.8/site-packages/airflow/example_dags/example_sensor_decorator.py
[2023-09-07T16:15:21.143+0000] {processor.py:829} INFO - Processing file /home/airflow/.local/lib/python3.8/site-packages/airflow/example_dags/example_sensor_decorator.py for tasks to queue
[2023-09-07T16:15:21.144+0000] {logging_mixin.py:151} INFO - [2023-09-07T16:15:21.143+0000] {dagbag.py:539} INFO - Filling up the DagBag from /home/airflow/.local/lib/python3.8/site-packages/airflow/example_dags/example_sensor_decorator.py
[2023-09-07T16:15:21.149+0000] {processor.py:839} INFO - DAG(s) dict_keys(['example_sensor_decorator']) retrieved from /home/airflow/.local/lib/python3.8/site-packages/airflow/example_dags/example_sensor_decorator.py
[2023-09-07T16:15:21.166+0000] {logging_mixin.py:151} INFO - [2023-09-07T16:15:21.166+0000] {dag.py:2907} INFO - Sync 1 DAGs
[2023-09-07T16:15:21.174+0000] {logging_mixin.py:151} INFO - [2023-09-07T16:15:21.174+0000] {dag.py:3677} INFO - Setting next_dagrun for example_sensor_decorator to None, run_after=None
[2023-09-07T16:15:21.185+0000] {processor.py:179} INFO - Processing /home/airflow/.local/lib/python3.8/site-packages/airflow/example_dags/example_sensor_decorator.py took 0.047 seconds
[2023-09-07T16:15:51.570+0000] {processor.py:157} INFO - Started process (PID=8316) to work on /home/airflow/.local/lib/python3.8/site-packages/airflow/example_dags/example_sensor_decorator.py
[2023-09-07T16:15:51.572+0000] {processor.py:829} INFO - Processing file /home/airflow/.local/lib/python3.8/site-packages/airflow/example_dags/example_sensor_decorator.py for tasks to queue
[2023-09-07T16:15:51.573+0000] {logging_mixin.py:151} INFO - [2023-09-07T16:15:51.572+0000] {dagbag.py:539} INFO - Filling up the DagBag from /home/airflow/.local/lib/python3.8/site-packages/airflow/example_dags/example_sensor_decorator.py
[2023-09-07T16:15:51.582+0000] {processor.py:839} INFO - DAG(s) dict_keys(['example_sensor_decorator']) retrieved from /home/airflow/.local/lib/python3.8/site-packages/airflow/example_dags/example_sensor_decorator.py
[2023-09-07T16:15:51.612+0000] {logging_mixin.py:151} INFO - [2023-09-07T16:15:51.612+0000] {dag.py:2907} INFO - Sync 1 DAGs
[2023-09-07T16:15:51.623+0000] {logging_mixin.py:151} INFO - [2023-09-07T16:15:51.622+0000] {dag.py:3677} INFO - Setting next_dagrun for example_sensor_decorator to None, run_after=None
[2023-09-07T16:15:51.634+0000] {processor.py:179} INFO - Processing /home/airflow/.local/lib/python3.8/site-packages/airflow/example_dags/example_sensor_decorator.py took 0.067 seconds
[2023-09-07T16:16:22.445+0000] {processor.py:157} INFO - Started process (PID=8554) to work on /home/airflow/.local/lib/python3.8/site-packages/airflow/example_dags/example_sensor_decorator.py
[2023-09-07T16:16:22.446+0000] {processor.py:829} INFO - Processing file /home/airflow/.local/lib/python3.8/site-packages/airflow/example_dags/example_sensor_decorator.py for tasks to queue
[2023-09-07T16:16:22.447+0000] {logging_mixin.py:151} INFO - [2023-09-07T16:16:22.447+0000] {dagbag.py:539} INFO - Filling up the DagBag from /home/airflow/.local/lib/python3.8/site-packages/airflow/example_dags/example_sensor_decorator.py
[2023-09-07T16:16:22.453+0000] {processor.py:839} INFO - DAG(s) dict_keys(['example_sensor_decorator']) retrieved from /home/airflow/.local/lib/python3.8/site-packages/airflow/example_dags/example_sensor_decorator.py
[2023-09-07T16:16:22.471+0000] {logging_mixin.py:151} INFO - [2023-09-07T16:16:22.471+0000] {dag.py:2907} INFO - Sync 1 DAGs
[2023-09-07T16:16:22.479+0000] {logging_mixin.py:151} INFO - [2023-09-07T16:16:22.479+0000] {dag.py:3677} INFO - Setting next_dagrun for example_sensor_decorator to None, run_after=None
[2023-09-07T16:16:22.490+0000] {processor.py:179} INFO - Processing /home/airflow/.local/lib/python3.8/site-packages/airflow/example_dags/example_sensor_decorator.py took 0.048 seconds
[2023-09-07T16:16:52.848+0000] {processor.py:157} INFO - Started process (PID=8792) to work on /home/airflow/.local/lib/python3.8/site-packages/airflow/example_dags/example_sensor_decorator.py
[2023-09-07T16:16:52.850+0000] {processor.py:829} INFO - Processing file /home/airflow/.local/lib/python3.8/site-packages/airflow/example_dags/example_sensor_decorator.py for tasks to queue
[2023-09-07T16:16:52.851+0000] {logging_mixin.py:151} INFO - [2023-09-07T16:16:52.851+0000] {dagbag.py:539} INFO - Filling up the DagBag from /home/airflow/.local/lib/python3.8/site-packages/airflow/example_dags/example_sensor_decorator.py
[2023-09-07T16:16:52.857+0000] {processor.py:839} INFO - DAG(s) dict_keys(['example_sensor_decorator']) retrieved from /home/airflow/.local/lib/python3.8/site-packages/airflow/example_dags/example_sensor_decorator.py
[2023-09-07T16:16:52.879+0000] {logging_mixin.py:151} INFO - [2023-09-07T16:16:52.879+0000] {dag.py:2907} INFO - Sync 1 DAGs
[2023-09-07T16:16:52.889+0000] {logging_mixin.py:151} INFO - [2023-09-07T16:16:52.888+0000] {dag.py:3677} INFO - Setting next_dagrun for example_sensor_decorator to None, run_after=None
[2023-09-07T16:16:52.900+0000] {processor.py:179} INFO - Processing /home/airflow/.local/lib/python3.8/site-packages/airflow/example_dags/example_sensor_decorator.py took 0.054 seconds
[2023-09-07T16:17:23.732+0000] {processor.py:157} INFO - Started process (PID=9030) to work on /home/airflow/.local/lib/python3.8/site-packages/airflow/example_dags/example_sensor_decorator.py
[2023-09-07T16:17:23.734+0000] {processor.py:829} INFO - Processing file /home/airflow/.local/lib/python3.8/site-packages/airflow/example_dags/example_sensor_decorator.py for tasks to queue
[2023-09-07T16:17:23.736+0000] {logging_mixin.py:151} INFO - [2023-09-07T16:17:23.735+0000] {dagbag.py:539} INFO - Filling up the DagBag from /home/airflow/.local/lib/python3.8/site-packages/airflow/example_dags/example_sensor_decorator.py
[2023-09-07T16:17:23.742+0000] {processor.py:839} INFO - DAG(s) dict_keys(['example_sensor_decorator']) retrieved from /home/airflow/.local/lib/python3.8/site-packages/airflow/example_dags/example_sensor_decorator.py
[2023-09-07T16:17:23.762+0000] {logging_mixin.py:151} INFO - [2023-09-07T16:17:23.762+0000] {dag.py:2907} INFO - Sync 1 DAGs
[2023-09-07T16:17:23.772+0000] {logging_mixin.py:151} INFO - [2023-09-07T16:17:23.771+0000] {dag.py:3677} INFO - Setting next_dagrun for example_sensor_decorator to None, run_after=None
[2023-09-07T16:17:23.783+0000] {processor.py:179} INFO - Processing /home/airflow/.local/lib/python3.8/site-packages/airflow/example_dags/example_sensor_decorator.py took 0.055 seconds
[2023-09-07T16:17:55.175+0000] {processor.py:157} INFO - Started process (PID=9268) to work on /home/airflow/.local/lib/python3.8/site-packages/airflow/example_dags/example_sensor_decorator.py
[2023-09-07T16:17:55.177+0000] {processor.py:829} INFO - Processing file /home/airflow/.local/lib/python3.8/site-packages/airflow/example_dags/example_sensor_decorator.py for tasks to queue
[2023-09-07T16:17:55.178+0000] {logging_mixin.py:151} INFO - [2023-09-07T16:17:55.178+0000] {dagbag.py:539} INFO - Filling up the DagBag from /home/airflow/.local/lib/python3.8/site-packages/airflow/example_dags/example_sensor_decorator.py
[2023-09-07T16:17:55.184+0000] {processor.py:839} INFO - DAG(s) dict_keys(['example_sensor_decorator']) retrieved from /home/airflow/.local/lib/python3.8/site-packages/airflow/example_dags/example_sensor_decorator.py
[2023-09-07T16:17:55.202+0000] {logging_mixin.py:151} INFO - [2023-09-07T16:17:55.202+0000] {dag.py:2907} INFO - Sync 1 DAGs
[2023-09-07T16:17:55.210+0000] {logging_mixin.py:151} INFO - [2023-09-07T16:17:55.210+0000] {dag.py:3677} INFO - Setting next_dagrun for example_sensor_decorator to None, run_after=None
[2023-09-07T16:17:55.222+0000] {processor.py:179} INFO - Processing /home/airflow/.local/lib/python3.8/site-packages/airflow/example_dags/example_sensor_decorator.py took 0.050 seconds
[2023-09-07T16:18:25.376+0000] {processor.py:157} INFO - Started process (PID=9507) to work on /home/airflow/.local/lib/python3.8/site-packages/airflow/example_dags/example_sensor_decorator.py
[2023-09-07T16:18:25.377+0000] {processor.py:829} INFO - Processing file /home/airflow/.local/lib/python3.8/site-packages/airflow/example_dags/example_sensor_decorator.py for tasks to queue
[2023-09-07T16:18:25.378+0000] {logging_mixin.py:151} INFO - [2023-09-07T16:18:25.377+0000] {dagbag.py:539} INFO - Filling up the DagBag from /home/airflow/.local/lib/python3.8/site-packages/airflow/example_dags/example_sensor_decorator.py
[2023-09-07T16:18:25.383+0000] {processor.py:839} INFO - DAG(s) dict_keys(['example_sensor_decorator']) retrieved from /home/airflow/.local/lib/python3.8/site-packages/airflow/example_dags/example_sensor_decorator.py
[2023-09-07T16:18:25.399+0000] {logging_mixin.py:151} INFO - [2023-09-07T16:18:25.399+0000] {dag.py:2907} INFO - Sync 1 DAGs
[2023-09-07T16:18:25.407+0000] {logging_mixin.py:151} INFO - [2023-09-07T16:18:25.407+0000] {dag.py:3677} INFO - Setting next_dagrun for example_sensor_decorator to None, run_after=None
[2023-09-07T16:18:25.417+0000] {processor.py:179} INFO - Processing /home/airflow/.local/lib/python3.8/site-packages/airflow/example_dags/example_sensor_decorator.py took 0.045 seconds
[2023-09-07T16:18:55.615+0000] {processor.py:157} INFO - Started process (PID=9745) to work on /home/airflow/.local/lib/python3.8/site-packages/airflow/example_dags/example_sensor_decorator.py
[2023-09-07T16:18:55.617+0000] {processor.py:829} INFO - Processing file /home/airflow/.local/lib/python3.8/site-packages/airflow/example_dags/example_sensor_decorator.py for tasks to queue
[2023-09-07T16:18:55.618+0000] {logging_mixin.py:151} INFO - [2023-09-07T16:18:55.617+0000] {dagbag.py:539} INFO - Filling up the DagBag from /home/airflow/.local/lib/python3.8/site-packages/airflow/example_dags/example_sensor_decorator.py
[2023-09-07T16:18:55.624+0000] {processor.py:839} INFO - DAG(s) dict_keys(['example_sensor_decorator']) retrieved from /home/airflow/.local/lib/python3.8/site-packages/airflow/example_dags/example_sensor_decorator.py
[2023-09-07T16:18:55.666+0000] {logging_mixin.py:151} INFO - [2023-09-07T16:18:55.666+0000] {dag.py:2907} INFO - Sync 1 DAGs
[2023-09-07T16:18:55.676+0000] {logging_mixin.py:151} INFO - [2023-09-07T16:18:55.676+0000] {dag.py:3677} INFO - Setting next_dagrun for example_sensor_decorator to None, run_after=None
[2023-09-07T16:18:55.689+0000] {processor.py:179} INFO - Processing /home/airflow/.local/lib/python3.8/site-packages/airflow/example_dags/example_sensor_decorator.py took 0.077 seconds
[2023-09-07T16:19:26.017+0000] {processor.py:157} INFO - Started process (PID=9983) to work on /home/airflow/.local/lib/python3.8/site-packages/airflow/example_dags/example_sensor_decorator.py
[2023-09-07T16:19:26.019+0000] {processor.py:829} INFO - Processing file /home/airflow/.local/lib/python3.8/site-packages/airflow/example_dags/example_sensor_decorator.py for tasks to queue
[2023-09-07T16:19:26.020+0000] {logging_mixin.py:151} INFO - [2023-09-07T16:19:26.019+0000] {dagbag.py:539} INFO - Filling up the DagBag from /home/airflow/.local/lib/python3.8/site-packages/airflow/example_dags/example_sensor_decorator.py
[2023-09-07T16:19:26.026+0000] {processor.py:839} INFO - DAG(s) dict_keys(['example_sensor_decorator']) retrieved from /home/airflow/.local/lib/python3.8/site-packages/airflow/example_dags/example_sensor_decorator.py
[2023-09-07T16:19:26.055+0000] {logging_mixin.py:151} INFO - [2023-09-07T16:19:26.055+0000] {dag.py:2907} INFO - Sync 1 DAGs
[2023-09-07T16:19:26.064+0000] {logging_mixin.py:151} INFO - [2023-09-07T16:19:26.064+0000] {dag.py:3677} INFO - Setting next_dagrun for example_sensor_decorator to None, run_after=None
[2023-09-07T16:19:26.078+0000] {processor.py:179} INFO - Processing /home/airflow/.local/lib/python3.8/site-packages/airflow/example_dags/example_sensor_decorator.py took 0.064 seconds
[2023-09-07T16:19:56.502+0000] {processor.py:157} INFO - Started process (PID=10221) to work on /home/airflow/.local/lib/python3.8/site-packages/airflow/example_dags/example_sensor_decorator.py
[2023-09-07T16:19:56.520+0000] {processor.py:829} INFO - Processing file /home/airflow/.local/lib/python3.8/site-packages/airflow/example_dags/example_sensor_decorator.py for tasks to queue
[2023-09-07T16:19:56.525+0000] {logging_mixin.py:151} INFO - [2023-09-07T16:19:56.524+0000] {dagbag.py:539} INFO - Filling up the DagBag from /home/airflow/.local/lib/python3.8/site-packages/airflow/example_dags/example_sensor_decorator.py
[2023-09-07T16:19:56.531+0000] {processor.py:839} INFO - DAG(s) dict_keys(['example_sensor_decorator']) retrieved from /home/airflow/.local/lib/python3.8/site-packages/airflow/example_dags/example_sensor_decorator.py
[2023-09-07T16:19:56.561+0000] {logging_mixin.py:151} INFO - [2023-09-07T16:19:56.561+0000] {dag.py:2907} INFO - Sync 1 DAGs
[2023-09-07T16:19:56.570+0000] {logging_mixin.py:151} INFO - [2023-09-07T16:19:56.570+0000] {dag.py:3677} INFO - Setting next_dagrun for example_sensor_decorator to None, run_after=None
[2023-09-07T16:19:56.587+0000] {processor.py:179} INFO - Processing /home/airflow/.local/lib/python3.8/site-packages/airflow/example_dags/example_sensor_decorator.py took 0.089 seconds
[2023-09-07T16:20:26.922+0000] {processor.py:157} INFO - Started process (PID=10459) to work on /home/airflow/.local/lib/python3.8/site-packages/airflow/example_dags/example_sensor_decorator.py
[2023-09-07T16:20:26.924+0000] {processor.py:829} INFO - Processing file /home/airflow/.local/lib/python3.8/site-packages/airflow/example_dags/example_sensor_decorator.py for tasks to queue
[2023-09-07T16:20:26.925+0000] {logging_mixin.py:151} INFO - [2023-09-07T16:20:26.924+0000] {dagbag.py:539} INFO - Filling up the DagBag from /home/airflow/.local/lib/python3.8/site-packages/airflow/example_dags/example_sensor_decorator.py
[2023-09-07T16:20:26.930+0000] {processor.py:839} INFO - DAG(s) dict_keys(['example_sensor_decorator']) retrieved from /home/airflow/.local/lib/python3.8/site-packages/airflow/example_dags/example_sensor_decorator.py
[2023-09-07T16:20:26.948+0000] {logging_mixin.py:151} INFO - [2023-09-07T16:20:26.948+0000] {dag.py:2907} INFO - Sync 1 DAGs
[2023-09-07T16:20:26.956+0000] {logging_mixin.py:151} INFO - [2023-09-07T16:20:26.956+0000] {dag.py:3677} INFO - Setting next_dagrun for example_sensor_decorator to None, run_after=None
[2023-09-07T16:20:26.975+0000] {processor.py:179} INFO - Processing /home/airflow/.local/lib/python3.8/site-packages/airflow/example_dags/example_sensor_decorator.py took 0.055 seconds
[2023-09-07T16:20:57.525+0000] {processor.py:157} INFO - Started process (PID=10696) to work on /home/airflow/.local/lib/python3.8/site-packages/airflow/example_dags/example_sensor_decorator.py
[2023-09-07T16:20:57.527+0000] {processor.py:829} INFO - Processing file /home/airflow/.local/lib/python3.8/site-packages/airflow/example_dags/example_sensor_decorator.py for tasks to queue
[2023-09-07T16:20:57.528+0000] {logging_mixin.py:151} INFO - [2023-09-07T16:20:57.528+0000] {dagbag.py:539} INFO - Filling up the DagBag from /home/airflow/.local/lib/python3.8/site-packages/airflow/example_dags/example_sensor_decorator.py
[2023-09-07T16:20:57.536+0000] {processor.py:839} INFO - DAG(s) dict_keys(['example_sensor_decorator']) retrieved from /home/airflow/.local/lib/python3.8/site-packages/airflow/example_dags/example_sensor_decorator.py
[2023-09-07T16:20:57.557+0000] {logging_mixin.py:151} INFO - [2023-09-07T16:20:57.557+0000] {dag.py:2907} INFO - Sync 1 DAGs
[2023-09-07T16:20:57.567+0000] {logging_mixin.py:151} INFO - [2023-09-07T16:20:57.567+0000] {dag.py:3677} INFO - Setting next_dagrun for example_sensor_decorator to None, run_after=None
[2023-09-07T16:20:57.577+0000] {processor.py:179} INFO - Processing /home/airflow/.local/lib/python3.8/site-packages/airflow/example_dags/example_sensor_decorator.py took 0.056 seconds
[2023-09-07T16:21:27.866+0000] {processor.py:157} INFO - Started process (PID=10934) to work on /home/airflow/.local/lib/python3.8/site-packages/airflow/example_dags/example_sensor_decorator.py
[2023-09-07T16:21:27.868+0000] {processor.py:829} INFO - Processing file /home/airflow/.local/lib/python3.8/site-packages/airflow/example_dags/example_sensor_decorator.py for tasks to queue
[2023-09-07T16:21:27.869+0000] {logging_mixin.py:151} INFO - [2023-09-07T16:21:27.869+0000] {dagbag.py:539} INFO - Filling up the DagBag from /home/airflow/.local/lib/python3.8/site-packages/airflow/example_dags/example_sensor_decorator.py
[2023-09-07T16:21:27.875+0000] {processor.py:839} INFO - DAG(s) dict_keys(['example_sensor_decorator']) retrieved from /home/airflow/.local/lib/python3.8/site-packages/airflow/example_dags/example_sensor_decorator.py
[2023-09-07T16:21:27.898+0000] {logging_mixin.py:151} INFO - [2023-09-07T16:21:27.898+0000] {dag.py:2907} INFO - Sync 1 DAGs
[2023-09-07T16:21:27.913+0000] {logging_mixin.py:151} INFO - [2023-09-07T16:21:27.913+0000] {dag.py:3677} INFO - Setting next_dagrun for example_sensor_decorator to None, run_after=None
[2023-09-07T16:21:27.925+0000] {processor.py:179} INFO - Processing /home/airflow/.local/lib/python3.8/site-packages/airflow/example_dags/example_sensor_decorator.py took 0.062 seconds
[2023-09-07T16:21:58.470+0000] {processor.py:157} INFO - Started process (PID=11172) to work on /home/airflow/.local/lib/python3.8/site-packages/airflow/example_dags/example_sensor_decorator.py
[2023-09-07T16:21:58.472+0000] {processor.py:829} INFO - Processing file /home/airflow/.local/lib/python3.8/site-packages/airflow/example_dags/example_sensor_decorator.py for tasks to queue
[2023-09-07T16:21:58.473+0000] {logging_mixin.py:151} INFO - [2023-09-07T16:21:58.472+0000] {dagbag.py:539} INFO - Filling up the DagBag from /home/airflow/.local/lib/python3.8/site-packages/airflow/example_dags/example_sensor_decorator.py
[2023-09-07T16:21:58.478+0000] {processor.py:839} INFO - DAG(s) dict_keys(['example_sensor_decorator']) retrieved from /home/airflow/.local/lib/python3.8/site-packages/airflow/example_dags/example_sensor_decorator.py
[2023-09-07T16:21:58.506+0000] {logging_mixin.py:151} INFO - [2023-09-07T16:21:58.506+0000] {dag.py:2907} INFO - Sync 1 DAGs
[2023-09-07T16:21:58.518+0000] {logging_mixin.py:151} INFO - [2023-09-07T16:21:58.518+0000] {dag.py:3677} INFO - Setting next_dagrun for example_sensor_decorator to None, run_after=None
[2023-09-07T16:21:58.529+0000] {processor.py:179} INFO - Processing /home/airflow/.local/lib/python3.8/site-packages/airflow/example_dags/example_sensor_decorator.py took 0.062 seconds
[2023-09-07T16:22:29.103+0000] {processor.py:157} INFO - Started process (PID=11409) to work on /home/airflow/.local/lib/python3.8/site-packages/airflow/example_dags/example_sensor_decorator.py
[2023-09-07T16:22:29.104+0000] {processor.py:829} INFO - Processing file /home/airflow/.local/lib/python3.8/site-packages/airflow/example_dags/example_sensor_decorator.py for tasks to queue
[2023-09-07T16:22:29.105+0000] {logging_mixin.py:151} INFO - [2023-09-07T16:22:29.105+0000] {dagbag.py:539} INFO - Filling up the DagBag from /home/airflow/.local/lib/python3.8/site-packages/airflow/example_dags/example_sensor_decorator.py
[2023-09-07T16:22:29.110+0000] {processor.py:839} INFO - DAG(s) dict_keys(['example_sensor_decorator']) retrieved from /home/airflow/.local/lib/python3.8/site-packages/airflow/example_dags/example_sensor_decorator.py
[2023-09-07T16:22:29.128+0000] {logging_mixin.py:151} INFO - [2023-09-07T16:22:29.128+0000] {dag.py:2907} INFO - Sync 1 DAGs
[2023-09-07T16:22:29.136+0000] {logging_mixin.py:151} INFO - [2023-09-07T16:22:29.136+0000] {dag.py:3677} INFO - Setting next_dagrun for example_sensor_decorator to None, run_after=None
[2023-09-07T16:22:29.148+0000] {processor.py:179} INFO - Processing /home/airflow/.local/lib/python3.8/site-packages/airflow/example_dags/example_sensor_decorator.py took 0.048 seconds
[2023-09-07T16:22:59.517+0000] {processor.py:157} INFO - Started process (PID=11647) to work on /home/airflow/.local/lib/python3.8/site-packages/airflow/example_dags/example_sensor_decorator.py
[2023-09-07T16:22:59.519+0000] {processor.py:829} INFO - Processing file /home/airflow/.local/lib/python3.8/site-packages/airflow/example_dags/example_sensor_decorator.py for tasks to queue
[2023-09-07T16:22:59.520+0000] {logging_mixin.py:151} INFO - [2023-09-07T16:22:59.519+0000] {dagbag.py:539} INFO - Filling up the DagBag from /home/airflow/.local/lib/python3.8/site-packages/airflow/example_dags/example_sensor_decorator.py
[2023-09-07T16:22:59.525+0000] {processor.py:839} INFO - DAG(s) dict_keys(['example_sensor_decorator']) retrieved from /home/airflow/.local/lib/python3.8/site-packages/airflow/example_dags/example_sensor_decorator.py
[2023-09-07T16:22:59.543+0000] {logging_mixin.py:151} INFO - [2023-09-07T16:22:59.543+0000] {dag.py:2907} INFO - Sync 1 DAGs
[2023-09-07T16:22:59.552+0000] {logging_mixin.py:151} INFO - [2023-09-07T16:22:59.552+0000] {dag.py:3677} INFO - Setting next_dagrun for example_sensor_decorator to None, run_after=None
[2023-09-07T16:22:59.564+0000] {processor.py:179} INFO - Processing /home/airflow/.local/lib/python3.8/site-packages/airflow/example_dags/example_sensor_decorator.py took 0.050 seconds
[2023-09-07T16:23:30.132+0000] {processor.py:157} INFO - Started process (PID=11885) to work on /home/airflow/.local/lib/python3.8/site-packages/airflow/example_dags/example_sensor_decorator.py
[2023-09-07T16:23:30.134+0000] {processor.py:829} INFO - Processing file /home/airflow/.local/lib/python3.8/site-packages/airflow/example_dags/example_sensor_decorator.py for tasks to queue
[2023-09-07T16:23:30.135+0000] {logging_mixin.py:151} INFO - [2023-09-07T16:23:30.135+0000] {dagbag.py:539} INFO - Filling up the DagBag from /home/airflow/.local/lib/python3.8/site-packages/airflow/example_dags/example_sensor_decorator.py
[2023-09-07T16:23:30.141+0000] {processor.py:839} INFO - DAG(s) dict_keys(['example_sensor_decorator']) retrieved from /home/airflow/.local/lib/python3.8/site-packages/airflow/example_dags/example_sensor_decorator.py
[2023-09-07T16:23:30.158+0000] {logging_mixin.py:151} INFO - [2023-09-07T16:23:30.158+0000] {dag.py:2907} INFO - Sync 1 DAGs
[2023-09-07T16:23:30.166+0000] {logging_mixin.py:151} INFO - [2023-09-07T16:23:30.166+0000] {dag.py:3677} INFO - Setting next_dagrun for example_sensor_decorator to None, run_after=None
[2023-09-07T16:23:30.176+0000] {processor.py:179} INFO - Processing /home/airflow/.local/lib/python3.8/site-packages/airflow/example_dags/example_sensor_decorator.py took 0.047 seconds
[2023-09-07T16:24:00.711+0000] {processor.py:157} INFO - Started process (PID=12123) to work on /home/airflow/.local/lib/python3.8/site-packages/airflow/example_dags/example_sensor_decorator.py
[2023-09-07T16:24:00.713+0000] {processor.py:829} INFO - Processing file /home/airflow/.local/lib/python3.8/site-packages/airflow/example_dags/example_sensor_decorator.py for tasks to queue
[2023-09-07T16:24:00.714+0000] {logging_mixin.py:151} INFO - [2023-09-07T16:24:00.713+0000] {dagbag.py:539} INFO - Filling up the DagBag from /home/airflow/.local/lib/python3.8/site-packages/airflow/example_dags/example_sensor_decorator.py
[2023-09-07T16:24:00.719+0000] {processor.py:839} INFO - DAG(s) dict_keys(['example_sensor_decorator']) retrieved from /home/airflow/.local/lib/python3.8/site-packages/airflow/example_dags/example_sensor_decorator.py
[2023-09-07T16:24:00.737+0000] {logging_mixin.py:151} INFO - [2023-09-07T16:24:00.737+0000] {dag.py:2907} INFO - Sync 1 DAGs
[2023-09-07T16:24:00.745+0000] {logging_mixin.py:151} INFO - [2023-09-07T16:24:00.745+0000] {dag.py:3677} INFO - Setting next_dagrun for example_sensor_decorator to None, run_after=None
[2023-09-07T16:24:00.755+0000] {processor.py:179} INFO - Processing /home/airflow/.local/lib/python3.8/site-packages/airflow/example_dags/example_sensor_decorator.py took 0.047 seconds
[2023-09-07T16:24:31.206+0000] {processor.py:157} INFO - Started process (PID=12361) to work on /home/airflow/.local/lib/python3.8/site-packages/airflow/example_dags/example_sensor_decorator.py
[2023-09-07T16:24:31.208+0000] {processor.py:829} INFO - Processing file /home/airflow/.local/lib/python3.8/site-packages/airflow/example_dags/example_sensor_decorator.py for tasks to queue
[2023-09-07T16:24:31.209+0000] {logging_mixin.py:151} INFO - [2023-09-07T16:24:31.208+0000] {dagbag.py:539} INFO - Filling up the DagBag from /home/airflow/.local/lib/python3.8/site-packages/airflow/example_dags/example_sensor_decorator.py
[2023-09-07T16:24:31.214+0000] {processor.py:839} INFO - DAG(s) dict_keys(['example_sensor_decorator']) retrieved from /home/airflow/.local/lib/python3.8/site-packages/airflow/example_dags/example_sensor_decorator.py
[2023-09-07T16:24:31.232+0000] {logging_mixin.py:151} INFO - [2023-09-07T16:24:31.231+0000] {dag.py:2907} INFO - Sync 1 DAGs
[2023-09-07T16:24:31.239+0000] {logging_mixin.py:151} INFO - [2023-09-07T16:24:31.239+0000] {dag.py:3677} INFO - Setting next_dagrun for example_sensor_decorator to None, run_after=None
[2023-09-07T16:24:31.250+0000] {processor.py:179} INFO - Processing /home/airflow/.local/lib/python3.8/site-packages/airflow/example_dags/example_sensor_decorator.py took 0.047 seconds
[2023-09-07T16:25:01.555+0000] {processor.py:157} INFO - Started process (PID=12600) to work on /home/airflow/.local/lib/python3.8/site-packages/airflow/example_dags/example_sensor_decorator.py
[2023-09-07T16:25:01.556+0000] {processor.py:829} INFO - Processing file /home/airflow/.local/lib/python3.8/site-packages/airflow/example_dags/example_sensor_decorator.py for tasks to queue
[2023-09-07T16:25:01.557+0000] {logging_mixin.py:151} INFO - [2023-09-07T16:25:01.557+0000] {dagbag.py:539} INFO - Filling up the DagBag from /home/airflow/.local/lib/python3.8/site-packages/airflow/example_dags/example_sensor_decorator.py
[2023-09-07T16:25:01.563+0000] {processor.py:839} INFO - DAG(s) dict_keys(['example_sensor_decorator']) retrieved from /home/airflow/.local/lib/python3.8/site-packages/airflow/example_dags/example_sensor_decorator.py
[2023-09-07T16:25:01.587+0000] {logging_mixin.py:151} INFO - [2023-09-07T16:25:01.587+0000] {dag.py:2907} INFO - Sync 1 DAGs
[2023-09-07T16:25:01.595+0000] {logging_mixin.py:151} INFO - [2023-09-07T16:25:01.595+0000] {dag.py:3677} INFO - Setting next_dagrun for example_sensor_decorator to None, run_after=None
[2023-09-07T16:25:01.606+0000] {processor.py:179} INFO - Processing /home/airflow/.local/lib/python3.8/site-packages/airflow/example_dags/example_sensor_decorator.py took 0.054 seconds
[2023-09-07T16:25:32.068+0000] {processor.py:157} INFO - Started process (PID=12837) to work on /home/airflow/.local/lib/python3.8/site-packages/airflow/example_dags/example_sensor_decorator.py
[2023-09-07T16:25:32.069+0000] {processor.py:829} INFO - Processing file /home/airflow/.local/lib/python3.8/site-packages/airflow/example_dags/example_sensor_decorator.py for tasks to queue
[2023-09-07T16:25:32.070+0000] {logging_mixin.py:151} INFO - [2023-09-07T16:25:32.070+0000] {dagbag.py:539} INFO - Filling up the DagBag from /home/airflow/.local/lib/python3.8/site-packages/airflow/example_dags/example_sensor_decorator.py
[2023-09-07T16:25:32.076+0000] {processor.py:839} INFO - DAG(s) dict_keys(['example_sensor_decorator']) retrieved from /home/airflow/.local/lib/python3.8/site-packages/airflow/example_dags/example_sensor_decorator.py
[2023-09-07T16:25:32.094+0000] {logging_mixin.py:151} INFO - [2023-09-07T16:25:32.093+0000] {dag.py:2907} INFO - Sync 1 DAGs
[2023-09-07T16:25:32.102+0000] {logging_mixin.py:151} INFO - [2023-09-07T16:25:32.101+0000] {dag.py:3677} INFO - Setting next_dagrun for example_sensor_decorator to None, run_after=None
[2023-09-07T16:25:32.112+0000] {processor.py:179} INFO - Processing /home/airflow/.local/lib/python3.8/site-packages/airflow/example_dags/example_sensor_decorator.py took 0.047 seconds
[2023-09-07T16:26:02.601+0000] {processor.py:157} INFO - Started process (PID=13075) to work on /home/airflow/.local/lib/python3.8/site-packages/airflow/example_dags/example_sensor_decorator.py
[2023-09-07T16:26:02.603+0000] {processor.py:829} INFO - Processing file /home/airflow/.local/lib/python3.8/site-packages/airflow/example_dags/example_sensor_decorator.py for tasks to queue
[2023-09-07T16:26:02.604+0000] {logging_mixin.py:151} INFO - [2023-09-07T16:26:02.603+0000] {dagbag.py:539} INFO - Filling up the DagBag from /home/airflow/.local/lib/python3.8/site-packages/airflow/example_dags/example_sensor_decorator.py
[2023-09-07T16:26:02.611+0000] {processor.py:839} INFO - DAG(s) dict_keys(['example_sensor_decorator']) retrieved from /home/airflow/.local/lib/python3.8/site-packages/airflow/example_dags/example_sensor_decorator.py
[2023-09-07T16:26:02.628+0000] {logging_mixin.py:151} INFO - [2023-09-07T16:26:02.628+0000] {dag.py:2907} INFO - Sync 1 DAGs
[2023-09-07T16:26:02.636+0000] {logging_mixin.py:151} INFO - [2023-09-07T16:26:02.636+0000] {dag.py:3677} INFO - Setting next_dagrun for example_sensor_decorator to None, run_after=None
[2023-09-07T16:26:02.647+0000] {processor.py:179} INFO - Processing /home/airflow/.local/lib/python3.8/site-packages/airflow/example_dags/example_sensor_decorator.py took 0.049 seconds
[2023-09-07T16:26:33.570+0000] {processor.py:157} INFO - Started process (PID=13314) to work on /home/airflow/.local/lib/python3.8/site-packages/airflow/example_dags/example_sensor_decorator.py
[2023-09-07T16:26:33.571+0000] {processor.py:829} INFO - Processing file /home/airflow/.local/lib/python3.8/site-packages/airflow/example_dags/example_sensor_decorator.py for tasks to queue
[2023-09-07T16:26:33.573+0000] {logging_mixin.py:151} INFO - [2023-09-07T16:26:33.572+0000] {dagbag.py:539} INFO - Filling up the DagBag from /home/airflow/.local/lib/python3.8/site-packages/airflow/example_dags/example_sensor_decorator.py
[2023-09-07T16:26:33.578+0000] {processor.py:839} INFO - DAG(s) dict_keys(['example_sensor_decorator']) retrieved from /home/airflow/.local/lib/python3.8/site-packages/airflow/example_dags/example_sensor_decorator.py
[2023-09-07T16:26:33.596+0000] {logging_mixin.py:151} INFO - [2023-09-07T16:26:33.596+0000] {dag.py:2907} INFO - Sync 1 DAGs
[2023-09-07T16:26:33.604+0000] {logging_mixin.py:151} INFO - [2023-09-07T16:26:33.604+0000] {dag.py:3677} INFO - Setting next_dagrun for example_sensor_decorator to None, run_after=None
[2023-09-07T16:26:33.615+0000] {processor.py:179} INFO - Processing /home/airflow/.local/lib/python3.8/site-packages/airflow/example_dags/example_sensor_decorator.py took 0.047 seconds
[2023-09-07T16:27:03.892+0000] {processor.py:157} INFO - Started process (PID=13552) to work on /home/airflow/.local/lib/python3.8/site-packages/airflow/example_dags/example_sensor_decorator.py
[2023-09-07T16:27:03.894+0000] {processor.py:829} INFO - Processing file /home/airflow/.local/lib/python3.8/site-packages/airflow/example_dags/example_sensor_decorator.py for tasks to queue
[2023-09-07T16:27:03.895+0000] {logging_mixin.py:151} INFO - [2023-09-07T16:27:03.895+0000] {dagbag.py:539} INFO - Filling up the DagBag from /home/airflow/.local/lib/python3.8/site-packages/airflow/example_dags/example_sensor_decorator.py
[2023-09-07T16:27:03.900+0000] {processor.py:839} INFO - DAG(s) dict_keys(['example_sensor_decorator']) retrieved from /home/airflow/.local/lib/python3.8/site-packages/airflow/example_dags/example_sensor_decorator.py
[2023-09-07T16:27:03.918+0000] {logging_mixin.py:151} INFO - [2023-09-07T16:27:03.918+0000] {dag.py:2907} INFO - Sync 1 DAGs
[2023-09-07T16:27:03.926+0000] {logging_mixin.py:151} INFO - [2023-09-07T16:27:03.926+0000] {dag.py:3677} INFO - Setting next_dagrun for example_sensor_decorator to None, run_after=None
[2023-09-07T16:27:03.937+0000] {processor.py:179} INFO - Processing /home/airflow/.local/lib/python3.8/site-packages/airflow/example_dags/example_sensor_decorator.py took 0.047 seconds
[2023-09-07T16:27:34.287+0000] {processor.py:157} INFO - Started process (PID=13791) to work on /home/airflow/.local/lib/python3.8/site-packages/airflow/example_dags/example_sensor_decorator.py
[2023-09-07T16:27:34.288+0000] {processor.py:829} INFO - Processing file /home/airflow/.local/lib/python3.8/site-packages/airflow/example_dags/example_sensor_decorator.py for tasks to queue
[2023-09-07T16:27:34.289+0000] {logging_mixin.py:151} INFO - [2023-09-07T16:27:34.289+0000] {dagbag.py:539} INFO - Filling up the DagBag from /home/airflow/.local/lib/python3.8/site-packages/airflow/example_dags/example_sensor_decorator.py
[2023-09-07T16:27:34.294+0000] {processor.py:839} INFO - DAG(s) dict_keys(['example_sensor_decorator']) retrieved from /home/airflow/.local/lib/python3.8/site-packages/airflow/example_dags/example_sensor_decorator.py
[2023-09-07T16:27:34.312+0000] {logging_mixin.py:151} INFO - [2023-09-07T16:27:34.312+0000] {dag.py:2907} INFO - Sync 1 DAGs
[2023-09-07T16:27:34.321+0000] {logging_mixin.py:151} INFO - [2023-09-07T16:27:34.320+0000] {dag.py:3677} INFO - Setting next_dagrun for example_sensor_decorator to None, run_after=None
[2023-09-07T16:27:34.331+0000] {processor.py:179} INFO - Processing /home/airflow/.local/lib/python3.8/site-packages/airflow/example_dags/example_sensor_decorator.py took 0.047 seconds
[2023-09-07T16:28:04.748+0000] {processor.py:157} INFO - Started process (PID=14029) to work on /home/airflow/.local/lib/python3.8/site-packages/airflow/example_dags/example_sensor_decorator.py
[2023-09-07T16:28:04.749+0000] {processor.py:829} INFO - Processing file /home/airflow/.local/lib/python3.8/site-packages/airflow/example_dags/example_sensor_decorator.py for tasks to queue
[2023-09-07T16:28:04.751+0000] {logging_mixin.py:151} INFO - [2023-09-07T16:28:04.750+0000] {dagbag.py:539} INFO - Filling up the DagBag from /home/airflow/.local/lib/python3.8/site-packages/airflow/example_dags/example_sensor_decorator.py
[2023-09-07T16:28:04.756+0000] {processor.py:839} INFO - DAG(s) dict_keys(['example_sensor_decorator']) retrieved from /home/airflow/.local/lib/python3.8/site-packages/airflow/example_dags/example_sensor_decorator.py
[2023-09-07T16:28:04.773+0000] {logging_mixin.py:151} INFO - [2023-09-07T16:28:04.773+0000] {dag.py:2907} INFO - Sync 1 DAGs
[2023-09-07T16:28:04.782+0000] {logging_mixin.py:151} INFO - [2023-09-07T16:28:04.782+0000] {dag.py:3677} INFO - Setting next_dagrun for example_sensor_decorator to None, run_after=None
[2023-09-07T16:28:04.792+0000] {processor.py:179} INFO - Processing /home/airflow/.local/lib/python3.8/site-packages/airflow/example_dags/example_sensor_decorator.py took 0.047 seconds
[2023-09-07T16:28:35.173+0000] {processor.py:157} INFO - Started process (PID=14267) to work on /home/airflow/.local/lib/python3.8/site-packages/airflow/example_dags/example_sensor_decorator.py
[2023-09-07T16:28:35.174+0000] {processor.py:829} INFO - Processing file /home/airflow/.local/lib/python3.8/site-packages/airflow/example_dags/example_sensor_decorator.py for tasks to queue
[2023-09-07T16:28:35.175+0000] {logging_mixin.py:151} INFO - [2023-09-07T16:28:35.175+0000] {dagbag.py:539} INFO - Filling up the DagBag from /home/airflow/.local/lib/python3.8/site-packages/airflow/example_dags/example_sensor_decorator.py
[2023-09-07T16:28:35.181+0000] {processor.py:839} INFO - DAG(s) dict_keys(['example_sensor_decorator']) retrieved from /home/airflow/.local/lib/python3.8/site-packages/airflow/example_dags/example_sensor_decorator.py
[2023-09-07T16:28:35.200+0000] {logging_mixin.py:151} INFO - [2023-09-07T16:28:35.200+0000] {dag.py:2907} INFO - Sync 1 DAGs
[2023-09-07T16:28:35.207+0000] {logging_mixin.py:151} INFO - [2023-09-07T16:28:35.207+0000] {dag.py:3677} INFO - Setting next_dagrun for example_sensor_decorator to None, run_after=None
[2023-09-07T16:28:35.218+0000] {processor.py:179} INFO - Processing /home/airflow/.local/lib/python3.8/site-packages/airflow/example_dags/example_sensor_decorator.py took 0.048 seconds
[2023-09-07T16:29:07.018+0000] {processor.py:157} INFO - Started process (PID=14504) to work on /home/airflow/.local/lib/python3.8/site-packages/airflow/example_dags/example_sensor_decorator.py
[2023-09-07T16:29:07.019+0000] {processor.py:829} INFO - Processing file /home/airflow/.local/lib/python3.8/site-packages/airflow/example_dags/example_sensor_decorator.py for tasks to queue
[2023-09-07T16:29:07.021+0000] {logging_mixin.py:151} INFO - [2023-09-07T16:29:07.021+0000] {dagbag.py:539} INFO - Filling up the DagBag from /home/airflow/.local/lib/python3.8/site-packages/airflow/example_dags/example_sensor_decorator.py
[2023-09-07T16:29:07.028+0000] {processor.py:839} INFO - DAG(s) dict_keys(['example_sensor_decorator']) retrieved from /home/airflow/.local/lib/python3.8/site-packages/airflow/example_dags/example_sensor_decorator.py
[2023-09-07T16:29:07.045+0000] {logging_mixin.py:151} INFO - [2023-09-07T16:29:07.045+0000] {dag.py:2907} INFO - Sync 1 DAGs
[2023-09-07T16:29:07.053+0000] {logging_mixin.py:151} INFO - [2023-09-07T16:29:07.052+0000] {dag.py:3677} INFO - Setting next_dagrun for example_sensor_decorator to None, run_after=None
[2023-09-07T16:29:07.062+0000] {processor.py:179} INFO - Processing /home/airflow/.local/lib/python3.8/site-packages/airflow/example_dags/example_sensor_decorator.py took 0.048 seconds
[2023-09-07T16:30:58.062+0000] {processor.py:157} INFO - Started process (PID=14742) to work on /home/airflow/.local/lib/python3.8/site-packages/airflow/example_dags/example_sensor_decorator.py
[2023-09-07T16:30:58.064+0000] {processor.py:829} INFO - Processing file /home/airflow/.local/lib/python3.8/site-packages/airflow/example_dags/example_sensor_decorator.py for tasks to queue
[2023-09-07T16:30:58.067+0000] {logging_mixin.py:151} INFO - [2023-09-07T16:30:58.065+0000] {dagbag.py:539} INFO - Filling up the DagBag from /home/airflow/.local/lib/python3.8/site-packages/airflow/example_dags/example_sensor_decorator.py
[2023-09-07T16:30:58.074+0000] {processor.py:839} INFO - DAG(s) dict_keys(['example_sensor_decorator']) retrieved from /home/airflow/.local/lib/python3.8/site-packages/airflow/example_dags/example_sensor_decorator.py
[2023-09-07T16:30:58.104+0000] {logging_mixin.py:151} INFO - [2023-09-07T16:30:58.104+0000] {dag.py:2907} INFO - Sync 1 DAGs
[2023-09-07T16:30:58.126+0000] {logging_mixin.py:151} INFO - [2023-09-07T16:30:58.125+0000] {dag.py:3677} INFO - Setting next_dagrun for example_sensor_decorator to None, run_after=None
[2023-09-07T16:30:58.149+0000] {processor.py:179} INFO - Processing /home/airflow/.local/lib/python3.8/site-packages/airflow/example_dags/example_sensor_decorator.py took 0.090 seconds
[2023-09-07T16:31:29.175+0000] {processor.py:157} INFO - Started process (PID=14980) to work on /home/airflow/.local/lib/python3.8/site-packages/airflow/example_dags/example_sensor_decorator.py
[2023-09-07T16:31:29.178+0000] {processor.py:829} INFO - Processing file /home/airflow/.local/lib/python3.8/site-packages/airflow/example_dags/example_sensor_decorator.py for tasks to queue
[2023-09-07T16:31:29.180+0000] {logging_mixin.py:151} INFO - [2023-09-07T16:31:29.179+0000] {dagbag.py:539} INFO - Filling up the DagBag from /home/airflow/.local/lib/python3.8/site-packages/airflow/example_dags/example_sensor_decorator.py
[2023-09-07T16:31:29.189+0000] {processor.py:839} INFO - DAG(s) dict_keys(['example_sensor_decorator']) retrieved from /home/airflow/.local/lib/python3.8/site-packages/airflow/example_dags/example_sensor_decorator.py
[2023-09-07T16:31:29.215+0000] {logging_mixin.py:151} INFO - [2023-09-07T16:31:29.214+0000] {dag.py:2907} INFO - Sync 1 DAGs
[2023-09-07T16:31:29.225+0000] {logging_mixin.py:151} INFO - [2023-09-07T16:31:29.225+0000] {dag.py:3677} INFO - Setting next_dagrun for example_sensor_decorator to None, run_after=None
[2023-09-07T16:31:29.237+0000] {processor.py:179} INFO - Processing /home/airflow/.local/lib/python3.8/site-packages/airflow/example_dags/example_sensor_decorator.py took 0.069 seconds
[2023-09-07T16:31:59.975+0000] {processor.py:157} INFO - Started process (PID=15218) to work on /home/airflow/.local/lib/python3.8/site-packages/airflow/example_dags/example_sensor_decorator.py
[2023-09-07T16:31:59.979+0000] {processor.py:829} INFO - Processing file /home/airflow/.local/lib/python3.8/site-packages/airflow/example_dags/example_sensor_decorator.py for tasks to queue
[2023-09-07T16:31:59.981+0000] {logging_mixin.py:151} INFO - [2023-09-07T16:31:59.980+0000] {dagbag.py:539} INFO - Filling up the DagBag from /home/airflow/.local/lib/python3.8/site-packages/airflow/example_dags/example_sensor_decorator.py
[2023-09-07T16:31:59.993+0000] {processor.py:839} INFO - DAG(s) dict_keys(['example_sensor_decorator']) retrieved from /home/airflow/.local/lib/python3.8/site-packages/airflow/example_dags/example_sensor_decorator.py
[2023-09-07T16:32:00.066+0000] {logging_mixin.py:151} INFO - [2023-09-07T16:32:00.066+0000] {dag.py:2907} INFO - Sync 1 DAGs
[2023-09-07T16:32:00.078+0000] {logging_mixin.py:151} INFO - [2023-09-07T16:32:00.078+0000] {dag.py:3677} INFO - Setting next_dagrun for example_sensor_decorator to None, run_after=None
[2023-09-07T16:32:00.093+0000] {processor.py:179} INFO - Processing /home/airflow/.local/lib/python3.8/site-packages/airflow/example_dags/example_sensor_decorator.py took 0.125 seconds
[2023-09-07T16:32:31.316+0000] {processor.py:157} INFO - Started process (PID=15456) to work on /home/airflow/.local/lib/python3.8/site-packages/airflow/example_dags/example_sensor_decorator.py
[2023-09-07T16:32:31.319+0000] {processor.py:829} INFO - Processing file /home/airflow/.local/lib/python3.8/site-packages/airflow/example_dags/example_sensor_decorator.py for tasks to queue
[2023-09-07T16:32:31.322+0000] {logging_mixin.py:151} INFO - [2023-09-07T16:32:31.321+0000] {dagbag.py:539} INFO - Filling up the DagBag from /home/airflow/.local/lib/python3.8/site-packages/airflow/example_dags/example_sensor_decorator.py
[2023-09-07T16:32:31.345+0000] {processor.py:839} INFO - DAG(s) dict_keys(['example_sensor_decorator']) retrieved from /home/airflow/.local/lib/python3.8/site-packages/airflow/example_dags/example_sensor_decorator.py
[2023-09-07T16:32:31.468+0000] {logging_mixin.py:151} INFO - [2023-09-07T16:32:31.467+0000] {dag.py:2907} INFO - Sync 1 DAGs
[2023-09-07T16:32:31.492+0000] {logging_mixin.py:151} INFO - [2023-09-07T16:32:31.492+0000] {dag.py:3677} INFO - Setting next_dagrun for example_sensor_decorator to None, run_after=None
[2023-09-07T16:32:31.533+0000] {processor.py:179} INFO - Processing /home/airflow/.local/lib/python3.8/site-packages/airflow/example_dags/example_sensor_decorator.py took 0.219 seconds
[2023-09-07T16:33:01.854+0000] {processor.py:157} INFO - Started process (PID=15694) to work on /home/airflow/.local/lib/python3.8/site-packages/airflow/example_dags/example_sensor_decorator.py
[2023-09-07T16:33:01.856+0000] {processor.py:829} INFO - Processing file /home/airflow/.local/lib/python3.8/site-packages/airflow/example_dags/example_sensor_decorator.py for tasks to queue
[2023-09-07T16:33:01.857+0000] {logging_mixin.py:151} INFO - [2023-09-07T16:33:01.857+0000] {dagbag.py:539} INFO - Filling up the DagBag from /home/airflow/.local/lib/python3.8/site-packages/airflow/example_dags/example_sensor_decorator.py
[2023-09-07T16:33:01.864+0000] {processor.py:839} INFO - DAG(s) dict_keys(['example_sensor_decorator']) retrieved from /home/airflow/.local/lib/python3.8/site-packages/airflow/example_dags/example_sensor_decorator.py
[2023-09-07T16:33:01.891+0000] {logging_mixin.py:151} INFO - [2023-09-07T16:33:01.890+0000] {dag.py:2907} INFO - Sync 1 DAGs
[2023-09-07T16:33:01.906+0000] {logging_mixin.py:151} INFO - [2023-09-07T16:33:01.906+0000] {dag.py:3677} INFO - Setting next_dagrun for example_sensor_decorator to None, run_after=None
[2023-09-07T16:33:01.920+0000] {processor.py:179} INFO - Processing /home/airflow/.local/lib/python3.8/site-packages/airflow/example_dags/example_sensor_decorator.py took 0.071 seconds
[2023-09-07T16:33:32.801+0000] {processor.py:157} INFO - Started process (PID=15930) to work on /home/airflow/.local/lib/python3.8/site-packages/airflow/example_dags/example_sensor_decorator.py
[2023-09-07T16:33:32.803+0000] {processor.py:829} INFO - Processing file /home/airflow/.local/lib/python3.8/site-packages/airflow/example_dags/example_sensor_decorator.py for tasks to queue
[2023-09-07T16:33:32.804+0000] {logging_mixin.py:151} INFO - [2023-09-07T16:33:32.803+0000] {dagbag.py:539} INFO - Filling up the DagBag from /home/airflow/.local/lib/python3.8/site-packages/airflow/example_dags/example_sensor_decorator.py
[2023-09-07T16:33:32.814+0000] {processor.py:839} INFO - DAG(s) dict_keys(['example_sensor_decorator']) retrieved from /home/airflow/.local/lib/python3.8/site-packages/airflow/example_dags/example_sensor_decorator.py
[2023-09-07T16:33:32.888+0000] {logging_mixin.py:151} INFO - [2023-09-07T16:33:32.888+0000] {dag.py:2907} INFO - Sync 1 DAGs
[2023-09-07T16:33:32.911+0000] {logging_mixin.py:151} INFO - [2023-09-07T16:33:32.910+0000] {dag.py:3677} INFO - Setting next_dagrun for example_sensor_decorator to None, run_after=None
[2023-09-07T16:33:32.937+0000] {processor.py:179} INFO - Processing /home/airflow/.local/lib/python3.8/site-packages/airflow/example_dags/example_sensor_decorator.py took 0.140 seconds
[2023-09-07T16:34:04.003+0000] {processor.py:157} INFO - Started process (PID=16168) to work on /home/airflow/.local/lib/python3.8/site-packages/airflow/example_dags/example_sensor_decorator.py
[2023-09-07T16:34:04.013+0000] {processor.py:829} INFO - Processing file /home/airflow/.local/lib/python3.8/site-packages/airflow/example_dags/example_sensor_decorator.py for tasks to queue
[2023-09-07T16:34:04.019+0000] {logging_mixin.py:151} INFO - [2023-09-07T16:34:04.018+0000] {dagbag.py:539} INFO - Filling up the DagBag from /home/airflow/.local/lib/python3.8/site-packages/airflow/example_dags/example_sensor_decorator.py
[2023-09-07T16:34:04.046+0000] {processor.py:839} INFO - DAG(s) dict_keys(['example_sensor_decorator']) retrieved from /home/airflow/.local/lib/python3.8/site-packages/airflow/example_dags/example_sensor_decorator.py
[2023-09-07T16:34:04.152+0000] {logging_mixin.py:151} INFO - [2023-09-07T16:34:04.152+0000] {dag.py:2907} INFO - Sync 1 DAGs
[2023-09-07T16:34:04.171+0000] {logging_mixin.py:151} INFO - [2023-09-07T16:34:04.171+0000] {dag.py:3677} INFO - Setting next_dagrun for example_sensor_decorator to None, run_after=None
[2023-09-07T16:34:04.190+0000] {processor.py:179} INFO - Processing /home/airflow/.local/lib/python3.8/site-packages/airflow/example_dags/example_sensor_decorator.py took 0.211 seconds
[2023-09-07T16:34:34.598+0000] {processor.py:157} INFO - Started process (PID=16406) to work on /home/airflow/.local/lib/python3.8/site-packages/airflow/example_dags/example_sensor_decorator.py
[2023-09-07T16:34:34.600+0000] {processor.py:829} INFO - Processing file /home/airflow/.local/lib/python3.8/site-packages/airflow/example_dags/example_sensor_decorator.py for tasks to queue
[2023-09-07T16:34:34.602+0000] {logging_mixin.py:151} INFO - [2023-09-07T16:34:34.601+0000] {dagbag.py:539} INFO - Filling up the DagBag from /home/airflow/.local/lib/python3.8/site-packages/airflow/example_dags/example_sensor_decorator.py
[2023-09-07T16:34:34.613+0000] {processor.py:839} INFO - DAG(s) dict_keys(['example_sensor_decorator']) retrieved from /home/airflow/.local/lib/python3.8/site-packages/airflow/example_dags/example_sensor_decorator.py
[2023-09-07T16:34:34.672+0000] {logging_mixin.py:151} INFO - [2023-09-07T16:34:34.672+0000] {dag.py:2907} INFO - Sync 1 DAGs
[2023-09-07T16:34:34.685+0000] {logging_mixin.py:151} INFO - [2023-09-07T16:34:34.685+0000] {dag.py:3677} INFO - Setting next_dagrun for example_sensor_decorator to None, run_after=None
[2023-09-07T16:34:34.700+0000] {processor.py:179} INFO - Processing /home/airflow/.local/lib/python3.8/site-packages/airflow/example_dags/example_sensor_decorator.py took 0.108 seconds
[2023-09-07T16:35:05.583+0000] {processor.py:157} INFO - Started process (PID=16643) to work on /home/airflow/.local/lib/python3.8/site-packages/airflow/example_dags/example_sensor_decorator.py
[2023-09-07T16:35:05.588+0000] {processor.py:829} INFO - Processing file /home/airflow/.local/lib/python3.8/site-packages/airflow/example_dags/example_sensor_decorator.py for tasks to queue
[2023-09-07T16:35:05.591+0000] {logging_mixin.py:151} INFO - [2023-09-07T16:35:05.590+0000] {dagbag.py:539} INFO - Filling up the DagBag from /home/airflow/.local/lib/python3.8/site-packages/airflow/example_dags/example_sensor_decorator.py
[2023-09-07T16:35:05.609+0000] {processor.py:839} INFO - DAG(s) dict_keys(['example_sensor_decorator']) retrieved from /home/airflow/.local/lib/python3.8/site-packages/airflow/example_dags/example_sensor_decorator.py
[2023-09-07T16:35:05.681+0000] {logging_mixin.py:151} INFO - [2023-09-07T16:35:05.681+0000] {dag.py:2907} INFO - Sync 1 DAGs
[2023-09-07T16:35:05.728+0000] {logging_mixin.py:151} INFO - [2023-09-07T16:35:05.727+0000] {dag.py:3677} INFO - Setting next_dagrun for example_sensor_decorator to None, run_after=None
[2023-09-07T16:35:05.794+0000] {processor.py:179} INFO - Processing /home/airflow/.local/lib/python3.8/site-packages/airflow/example_dags/example_sensor_decorator.py took 0.229 seconds
