[2023-09-07T15:58:25.189+0000] {processor.py:157} INFO - Started process (PID=272) to work on /home/airflow/.local/lib/python3.8/site-packages/airflow/example_dags/example_python_operator.py
[2023-09-07T15:58:25.190+0000] {processor.py:829} INFO - Processing file /home/airflow/.local/lib/python3.8/site-packages/airflow/example_dags/example_python_operator.py for tasks to queue
[2023-09-07T15:58:25.192+0000] {logging_mixin.py:151} INFO - [2023-09-07T15:58:25.191+0000] {dagbag.py:539} INFO - Filling up the DagBag from /home/airflow/.local/lib/python3.8/site-packages/airflow/example_dags/example_python_operator.py
[2023-09-07T15:58:25.200+0000] {processor.py:839} INFO - DAG(s) dict_keys(['example_python_operator']) retrieved from /home/airflow/.local/lib/python3.8/site-packages/airflow/example_dags/example_python_operator.py
[2023-09-07T15:58:25.213+0000] {logging_mixin.py:151} INFO - [2023-09-07T15:58:25.212+0000] {dag.py:2907} INFO - Sync 1 DAGs
[2023-09-07T15:58:25.223+0000] {logging_mixin.py:151} INFO - [2023-09-07T15:58:25.223+0000] {dag.py:3677} INFO - Setting next_dagrun for example_python_operator to None, run_after=None
[2023-09-07T15:58:25.237+0000] {processor.py:179} INFO - Processing /home/airflow/.local/lib/python3.8/site-packages/airflow/example_dags/example_python_operator.py took 0.051 seconds
[2023-09-07T15:58:56.414+0000] {processor.py:157} INFO - Started process (PID=510) to work on /home/airflow/.local/lib/python3.8/site-packages/airflow/example_dags/example_python_operator.py
[2023-09-07T15:58:56.415+0000] {processor.py:829} INFO - Processing file /home/airflow/.local/lib/python3.8/site-packages/airflow/example_dags/example_python_operator.py for tasks to queue
[2023-09-07T15:58:56.416+0000] {logging_mixin.py:151} INFO - [2023-09-07T15:58:56.416+0000] {dagbag.py:539} INFO - Filling up the DagBag from /home/airflow/.local/lib/python3.8/site-packages/airflow/example_dags/example_python_operator.py
[2023-09-07T15:58:56.424+0000] {processor.py:839} INFO - DAG(s) dict_keys(['example_python_operator']) retrieved from /home/airflow/.local/lib/python3.8/site-packages/airflow/example_dags/example_python_operator.py
[2023-09-07T15:58:56.737+0000] {logging_mixin.py:151} INFO - [2023-09-07T15:58:56.737+0000] {dag.py:2907} INFO - Sync 1 DAGs
[2023-09-07T15:58:56.743+0000] {logging_mixin.py:151} INFO - [2023-09-07T15:58:56.743+0000] {dag.py:3677} INFO - Setting next_dagrun for example_python_operator to None, run_after=None
[2023-09-07T15:58:56.753+0000] {processor.py:179} INFO - Processing /home/airflow/.local/lib/python3.8/site-packages/airflow/example_dags/example_python_operator.py took 0.342 seconds
[2023-09-07T15:59:29.163+0000] {processor.py:157} INFO - Started process (PID=750) to work on /home/airflow/.local/lib/python3.8/site-packages/airflow/example_dags/example_python_operator.py
[2023-09-07T15:59:29.167+0000] {processor.py:829} INFO - Processing file /home/airflow/.local/lib/python3.8/site-packages/airflow/example_dags/example_python_operator.py for tasks to queue
[2023-09-07T15:59:29.169+0000] {logging_mixin.py:151} INFO - [2023-09-07T15:59:29.168+0000] {dagbag.py:539} INFO - Filling up the DagBag from /home/airflow/.local/lib/python3.8/site-packages/airflow/example_dags/example_python_operator.py
[2023-09-07T15:59:29.186+0000] {processor.py:839} INFO - DAG(s) dict_keys(['example_python_operator']) retrieved from /home/airflow/.local/lib/python3.8/site-packages/airflow/example_dags/example_python_operator.py
[2023-09-07T15:59:29.222+0000] {logging_mixin.py:151} INFO - [2023-09-07T15:59:29.222+0000] {dag.py:2907} INFO - Sync 1 DAGs
[2023-09-07T15:59:29.237+0000] {logging_mixin.py:151} INFO - [2023-09-07T15:59:29.236+0000] {dag.py:3677} INFO - Setting next_dagrun for example_python_operator to None, run_after=None
[2023-09-07T15:59:29.257+0000] {processor.py:179} INFO - Processing /home/airflow/.local/lib/python3.8/site-packages/airflow/example_dags/example_python_operator.py took 0.100 seconds
[2023-09-07T15:59:59.795+0000] {processor.py:157} INFO - Started process (PID=988) to work on /home/airflow/.local/lib/python3.8/site-packages/airflow/example_dags/example_python_operator.py
[2023-09-07T15:59:59.798+0000] {processor.py:829} INFO - Processing file /home/airflow/.local/lib/python3.8/site-packages/airflow/example_dags/example_python_operator.py for tasks to queue
[2023-09-07T15:59:59.801+0000] {logging_mixin.py:151} INFO - [2023-09-07T15:59:59.800+0000] {dagbag.py:539} INFO - Filling up the DagBag from /home/airflow/.local/lib/python3.8/site-packages/airflow/example_dags/example_python_operator.py
[2023-09-07T15:59:59.826+0000] {processor.py:839} INFO - DAG(s) dict_keys(['example_python_operator']) retrieved from /home/airflow/.local/lib/python3.8/site-packages/airflow/example_dags/example_python_operator.py
[2023-09-07T15:59:59.851+0000] {logging_mixin.py:151} INFO - [2023-09-07T15:59:59.851+0000] {dag.py:2907} INFO - Sync 1 DAGs
[2023-09-07T15:59:59.860+0000] {logging_mixin.py:151} INFO - [2023-09-07T15:59:59.860+0000] {dag.py:3677} INFO - Setting next_dagrun for example_python_operator to None, run_after=None
[2023-09-07T15:59:59.873+0000] {processor.py:179} INFO - Processing /home/airflow/.local/lib/python3.8/site-packages/airflow/example_dags/example_python_operator.py took 0.081 seconds
[2023-09-07T16:00:29.909+0000] {processor.py:157} INFO - Started process (PID=1225) to work on /home/airflow/.local/lib/python3.8/site-packages/airflow/example_dags/example_python_operator.py
[2023-09-07T16:00:29.911+0000] {processor.py:829} INFO - Processing file /home/airflow/.local/lib/python3.8/site-packages/airflow/example_dags/example_python_operator.py for tasks to queue
[2023-09-07T16:00:29.911+0000] {logging_mixin.py:151} INFO - [2023-09-07T16:00:29.911+0000] {dagbag.py:539} INFO - Filling up the DagBag from /home/airflow/.local/lib/python3.8/site-packages/airflow/example_dags/example_python_operator.py
[2023-09-07T16:00:29.921+0000] {processor.py:839} INFO - DAG(s) dict_keys(['example_python_operator']) retrieved from /home/airflow/.local/lib/python3.8/site-packages/airflow/example_dags/example_python_operator.py
[2023-09-07T16:00:29.941+0000] {logging_mixin.py:151} INFO - [2023-09-07T16:00:29.941+0000] {dag.py:2907} INFO - Sync 1 DAGs
[2023-09-07T16:00:29.949+0000] {logging_mixin.py:151} INFO - [2023-09-07T16:00:29.949+0000] {dag.py:3677} INFO - Setting next_dagrun for example_python_operator to None, run_after=None
[2023-09-07T16:00:29.959+0000] {processor.py:179} INFO - Processing /home/airflow/.local/lib/python3.8/site-packages/airflow/example_dags/example_python_operator.py took 0.053 seconds
[2023-09-07T16:01:00.867+0000] {processor.py:157} INFO - Started process (PID=1485) to work on /home/airflow/.local/lib/python3.8/site-packages/airflow/example_dags/example_python_operator.py
[2023-09-07T16:01:00.869+0000] {processor.py:829} INFO - Processing file /home/airflow/.local/lib/python3.8/site-packages/airflow/example_dags/example_python_operator.py for tasks to queue
[2023-09-07T16:01:00.870+0000] {logging_mixin.py:151} INFO - [2023-09-07T16:01:00.869+0000] {dagbag.py:539} INFO - Filling up the DagBag from /home/airflow/.local/lib/python3.8/site-packages/airflow/example_dags/example_python_operator.py
[2023-09-07T16:01:00.878+0000] {processor.py:839} INFO - DAG(s) dict_keys(['example_python_operator']) retrieved from /home/airflow/.local/lib/python3.8/site-packages/airflow/example_dags/example_python_operator.py
[2023-09-07T16:01:00.899+0000] {logging_mixin.py:151} INFO - [2023-09-07T16:01:00.899+0000] {dag.py:2907} INFO - Sync 1 DAGs
[2023-09-07T16:01:00.909+0000] {logging_mixin.py:151} INFO - [2023-09-07T16:01:00.909+0000] {dag.py:3677} INFO - Setting next_dagrun for example_python_operator to None, run_after=None
[2023-09-07T16:01:00.929+0000] {processor.py:179} INFO - Processing /home/airflow/.local/lib/python3.8/site-packages/airflow/example_dags/example_python_operator.py took 0.066 seconds
[2023-09-07T16:01:31.474+0000] {processor.py:157} INFO - Started process (PID=1723) to work on /home/airflow/.local/lib/python3.8/site-packages/airflow/example_dags/example_python_operator.py
[2023-09-07T16:01:31.475+0000] {processor.py:829} INFO - Processing file /home/airflow/.local/lib/python3.8/site-packages/airflow/example_dags/example_python_operator.py for tasks to queue
[2023-09-07T16:01:31.477+0000] {logging_mixin.py:151} INFO - [2023-09-07T16:01:31.476+0000] {dagbag.py:539} INFO - Filling up the DagBag from /home/airflow/.local/lib/python3.8/site-packages/airflow/example_dags/example_python_operator.py
[2023-09-07T16:01:31.484+0000] {processor.py:839} INFO - DAG(s) dict_keys(['example_python_operator']) retrieved from /home/airflow/.local/lib/python3.8/site-packages/airflow/example_dags/example_python_operator.py
[2023-09-07T16:01:31.508+0000] {logging_mixin.py:151} INFO - [2023-09-07T16:01:31.507+0000] {dag.py:2907} INFO - Sync 1 DAGs
[2023-09-07T16:01:31.517+0000] {logging_mixin.py:151} INFO - [2023-09-07T16:01:31.517+0000] {dag.py:3677} INFO - Setting next_dagrun for example_python_operator to None, run_after=None
[2023-09-07T16:01:31.530+0000] {processor.py:179} INFO - Processing /home/airflow/.local/lib/python3.8/site-packages/airflow/example_dags/example_python_operator.py took 0.059 seconds
[2023-09-07T16:02:03.215+0000] {processor.py:157} INFO - Started process (PID=1961) to work on /home/airflow/.local/lib/python3.8/site-packages/airflow/example_dags/example_python_operator.py
[2023-09-07T16:02:03.216+0000] {processor.py:829} INFO - Processing file /home/airflow/.local/lib/python3.8/site-packages/airflow/example_dags/example_python_operator.py for tasks to queue
[2023-09-07T16:02:03.217+0000] {logging_mixin.py:151} INFO - [2023-09-07T16:02:03.217+0000] {dagbag.py:539} INFO - Filling up the DagBag from /home/airflow/.local/lib/python3.8/site-packages/airflow/example_dags/example_python_operator.py
[2023-09-07T16:02:03.229+0000] {processor.py:839} INFO - DAG(s) dict_keys(['example_python_operator']) retrieved from /home/airflow/.local/lib/python3.8/site-packages/airflow/example_dags/example_python_operator.py
[2023-09-07T16:02:03.257+0000] {logging_mixin.py:151} INFO - [2023-09-07T16:02:03.257+0000] {dag.py:2907} INFO - Sync 1 DAGs
[2023-09-07T16:02:03.287+0000] {logging_mixin.py:151} INFO - [2023-09-07T16:02:03.286+0000] {dag.py:3677} INFO - Setting next_dagrun for example_python_operator to None, run_after=None
[2023-09-07T16:02:03.312+0000] {processor.py:179} INFO - Processing /home/airflow/.local/lib/python3.8/site-packages/airflow/example_dags/example_python_operator.py took 0.100 seconds
[2023-09-07T16:02:34.321+0000] {processor.py:157} INFO - Started process (PID=2200) to work on /home/airflow/.local/lib/python3.8/site-packages/airflow/example_dags/example_python_operator.py
[2023-09-07T16:02:34.326+0000] {processor.py:829} INFO - Processing file /home/airflow/.local/lib/python3.8/site-packages/airflow/example_dags/example_python_operator.py for tasks to queue
[2023-09-07T16:02:34.330+0000] {logging_mixin.py:151} INFO - [2023-09-07T16:02:34.329+0000] {dagbag.py:539} INFO - Filling up the DagBag from /home/airflow/.local/lib/python3.8/site-packages/airflow/example_dags/example_python_operator.py
[2023-09-07T16:02:34.340+0000] {processor.py:839} INFO - DAG(s) dict_keys(['example_python_operator']) retrieved from /home/airflow/.local/lib/python3.8/site-packages/airflow/example_dags/example_python_operator.py
[2023-09-07T16:02:34.372+0000] {logging_mixin.py:151} INFO - [2023-09-07T16:02:34.372+0000] {dag.py:2907} INFO - Sync 1 DAGs
[2023-09-07T16:02:34.383+0000] {logging_mixin.py:151} INFO - [2023-09-07T16:02:34.383+0000] {dag.py:3677} INFO - Setting next_dagrun for example_python_operator to None, run_after=None
[2023-09-07T16:02:34.412+0000] {processor.py:179} INFO - Processing /home/airflow/.local/lib/python3.8/site-packages/airflow/example_dags/example_python_operator.py took 0.100 seconds
[2023-09-07T16:03:04.748+0000] {processor.py:157} INFO - Started process (PID=2439) to work on /home/airflow/.local/lib/python3.8/site-packages/airflow/example_dags/example_python_operator.py
[2023-09-07T16:03:04.752+0000] {processor.py:829} INFO - Processing file /home/airflow/.local/lib/python3.8/site-packages/airflow/example_dags/example_python_operator.py for tasks to queue
[2023-09-07T16:03:04.757+0000] {logging_mixin.py:151} INFO - [2023-09-07T16:03:04.757+0000] {dagbag.py:539} INFO - Filling up the DagBag from /home/airflow/.local/lib/python3.8/site-packages/airflow/example_dags/example_python_operator.py
[2023-09-07T16:03:04.767+0000] {processor.py:839} INFO - DAG(s) dict_keys(['example_python_operator']) retrieved from /home/airflow/.local/lib/python3.8/site-packages/airflow/example_dags/example_python_operator.py
[2023-09-07T16:03:04.794+0000] {logging_mixin.py:151} INFO - [2023-09-07T16:03:04.794+0000] {dag.py:2907} INFO - Sync 1 DAGs
[2023-09-07T16:03:04.803+0000] {logging_mixin.py:151} INFO - [2023-09-07T16:03:04.803+0000] {dag.py:3677} INFO - Setting next_dagrun for example_python_operator to None, run_after=None
[2023-09-07T16:03:04.817+0000] {processor.py:179} INFO - Processing /home/airflow/.local/lib/python3.8/site-packages/airflow/example_dags/example_python_operator.py took 0.076 seconds
[2023-09-07T16:03:35.764+0000] {processor.py:157} INFO - Started process (PID=2677) to work on /home/airflow/.local/lib/python3.8/site-packages/airflow/example_dags/example_python_operator.py
[2023-09-07T16:03:35.766+0000] {processor.py:829} INFO - Processing file /home/airflow/.local/lib/python3.8/site-packages/airflow/example_dags/example_python_operator.py for tasks to queue
[2023-09-07T16:03:35.768+0000] {logging_mixin.py:151} INFO - [2023-09-07T16:03:35.767+0000] {dagbag.py:539} INFO - Filling up the DagBag from /home/airflow/.local/lib/python3.8/site-packages/airflow/example_dags/example_python_operator.py
[2023-09-07T16:03:35.777+0000] {processor.py:839} INFO - DAG(s) dict_keys(['example_python_operator']) retrieved from /home/airflow/.local/lib/python3.8/site-packages/airflow/example_dags/example_python_operator.py
[2023-09-07T16:03:35.796+0000] {logging_mixin.py:151} INFO - [2023-09-07T16:03:35.796+0000] {dag.py:2907} INFO - Sync 1 DAGs
[2023-09-07T16:03:35.804+0000] {logging_mixin.py:151} INFO - [2023-09-07T16:03:35.804+0000] {dag.py:3677} INFO - Setting next_dagrun for example_python_operator to None, run_after=None
[2023-09-07T16:03:35.816+0000] {processor.py:179} INFO - Processing /home/airflow/.local/lib/python3.8/site-packages/airflow/example_dags/example_python_operator.py took 0.057 seconds
[2023-09-07T16:04:06.528+0000] {processor.py:157} INFO - Started process (PID=2915) to work on /home/airflow/.local/lib/python3.8/site-packages/airflow/example_dags/example_python_operator.py
[2023-09-07T16:04:06.529+0000] {processor.py:829} INFO - Processing file /home/airflow/.local/lib/python3.8/site-packages/airflow/example_dags/example_python_operator.py for tasks to queue
[2023-09-07T16:04:06.530+0000] {logging_mixin.py:151} INFO - [2023-09-07T16:04:06.530+0000] {dagbag.py:539} INFO - Filling up the DagBag from /home/airflow/.local/lib/python3.8/site-packages/airflow/example_dags/example_python_operator.py
[2023-09-07T16:04:06.539+0000] {processor.py:839} INFO - DAG(s) dict_keys(['example_python_operator']) retrieved from /home/airflow/.local/lib/python3.8/site-packages/airflow/example_dags/example_python_operator.py
[2023-09-07T16:04:06.559+0000] {logging_mixin.py:151} INFO - [2023-09-07T16:04:06.559+0000] {dag.py:2907} INFO - Sync 1 DAGs
[2023-09-07T16:04:06.570+0000] {logging_mixin.py:151} INFO - [2023-09-07T16:04:06.570+0000] {dag.py:3677} INFO - Setting next_dagrun for example_python_operator to None, run_after=None
[2023-09-07T16:04:06.583+0000] {processor.py:179} INFO - Processing /home/airflow/.local/lib/python3.8/site-packages/airflow/example_dags/example_python_operator.py took 0.058 seconds
[2023-09-07T16:04:36.903+0000] {processor.py:157} INFO - Started process (PID=3153) to work on /home/airflow/.local/lib/python3.8/site-packages/airflow/example_dags/example_python_operator.py
[2023-09-07T16:04:36.904+0000] {processor.py:829} INFO - Processing file /home/airflow/.local/lib/python3.8/site-packages/airflow/example_dags/example_python_operator.py for tasks to queue
[2023-09-07T16:04:36.906+0000] {logging_mixin.py:151} INFO - [2023-09-07T16:04:36.905+0000] {dagbag.py:539} INFO - Filling up the DagBag from /home/airflow/.local/lib/python3.8/site-packages/airflow/example_dags/example_python_operator.py
[2023-09-07T16:04:36.921+0000] {processor.py:839} INFO - DAG(s) dict_keys(['example_python_operator']) retrieved from /home/airflow/.local/lib/python3.8/site-packages/airflow/example_dags/example_python_operator.py
[2023-09-07T16:04:36.946+0000] {logging_mixin.py:151} INFO - [2023-09-07T16:04:36.946+0000] {dag.py:2907} INFO - Sync 1 DAGs
[2023-09-07T16:04:36.956+0000] {logging_mixin.py:151} INFO - [2023-09-07T16:04:36.956+0000] {dag.py:3677} INFO - Setting next_dagrun for example_python_operator to None, run_after=None
[2023-09-07T16:04:36.971+0000] {processor.py:179} INFO - Processing /home/airflow/.local/lib/python3.8/site-packages/airflow/example_dags/example_python_operator.py took 0.071 seconds
[2023-09-07T16:05:08.176+0000] {processor.py:157} INFO - Started process (PID=3391) to work on /home/airflow/.local/lib/python3.8/site-packages/airflow/example_dags/example_python_operator.py
[2023-09-07T16:05:08.177+0000] {processor.py:829} INFO - Processing file /home/airflow/.local/lib/python3.8/site-packages/airflow/example_dags/example_python_operator.py for tasks to queue
[2023-09-07T16:05:08.179+0000] {logging_mixin.py:151} INFO - [2023-09-07T16:05:08.178+0000] {dagbag.py:539} INFO - Filling up the DagBag from /home/airflow/.local/lib/python3.8/site-packages/airflow/example_dags/example_python_operator.py
[2023-09-07T16:05:08.187+0000] {processor.py:839} INFO - DAG(s) dict_keys(['example_python_operator']) retrieved from /home/airflow/.local/lib/python3.8/site-packages/airflow/example_dags/example_python_operator.py
[2023-09-07T16:05:08.212+0000] {logging_mixin.py:151} INFO - [2023-09-07T16:05:08.212+0000] {dag.py:2907} INFO - Sync 1 DAGs
[2023-09-07T16:05:08.221+0000] {logging_mixin.py:151} INFO - [2023-09-07T16:05:08.221+0000] {dag.py:3677} INFO - Setting next_dagrun for example_python_operator to None, run_after=None
[2023-09-07T16:05:08.233+0000] {processor.py:179} INFO - Processing /home/airflow/.local/lib/python3.8/site-packages/airflow/example_dags/example_python_operator.py took 0.059 seconds
[2023-09-07T16:05:38.810+0000] {processor.py:157} INFO - Started process (PID=3630) to work on /home/airflow/.local/lib/python3.8/site-packages/airflow/example_dags/example_python_operator.py
[2023-09-07T16:05:38.812+0000] {processor.py:829} INFO - Processing file /home/airflow/.local/lib/python3.8/site-packages/airflow/example_dags/example_python_operator.py for tasks to queue
[2023-09-07T16:05:38.813+0000] {logging_mixin.py:151} INFO - [2023-09-07T16:05:38.812+0000] {dagbag.py:539} INFO - Filling up the DagBag from /home/airflow/.local/lib/python3.8/site-packages/airflow/example_dags/example_python_operator.py
[2023-09-07T16:05:38.822+0000] {processor.py:839} INFO - DAG(s) dict_keys(['example_python_operator']) retrieved from /home/airflow/.local/lib/python3.8/site-packages/airflow/example_dags/example_python_operator.py
[2023-09-07T16:05:38.841+0000] {logging_mixin.py:151} INFO - [2023-09-07T16:05:38.841+0000] {dag.py:2907} INFO - Sync 1 DAGs
[2023-09-07T16:05:38.850+0000] {logging_mixin.py:151} INFO - [2023-09-07T16:05:38.850+0000] {dag.py:3677} INFO - Setting next_dagrun for example_python_operator to None, run_after=None
[2023-09-07T16:05:38.863+0000] {processor.py:179} INFO - Processing /home/airflow/.local/lib/python3.8/site-packages/airflow/example_dags/example_python_operator.py took 0.056 seconds
[2023-09-07T16:06:09.931+0000] {processor.py:157} INFO - Started process (PID=3868) to work on /home/airflow/.local/lib/python3.8/site-packages/airflow/example_dags/example_python_operator.py
[2023-09-07T16:06:09.933+0000] {processor.py:829} INFO - Processing file /home/airflow/.local/lib/python3.8/site-packages/airflow/example_dags/example_python_operator.py for tasks to queue
[2023-09-07T16:06:09.934+0000] {logging_mixin.py:151} INFO - [2023-09-07T16:06:09.934+0000] {dagbag.py:539} INFO - Filling up the DagBag from /home/airflow/.local/lib/python3.8/site-packages/airflow/example_dags/example_python_operator.py
[2023-09-07T16:06:09.946+0000] {processor.py:839} INFO - DAG(s) dict_keys(['example_python_operator']) retrieved from /home/airflow/.local/lib/python3.8/site-packages/airflow/example_dags/example_python_operator.py
[2023-09-07T16:06:09.970+0000] {logging_mixin.py:151} INFO - [2023-09-07T16:06:09.970+0000] {dag.py:2907} INFO - Sync 1 DAGs
[2023-09-07T16:06:09.982+0000] {logging_mixin.py:151} INFO - [2023-09-07T16:06:09.982+0000] {dag.py:3677} INFO - Setting next_dagrun for example_python_operator to None, run_after=None
[2023-09-07T16:06:09.995+0000] {processor.py:179} INFO - Processing /home/airflow/.local/lib/python3.8/site-packages/airflow/example_dags/example_python_operator.py took 0.067 seconds
[2023-09-07T16:06:40.884+0000] {processor.py:157} INFO - Started process (PID=4106) to work on /home/airflow/.local/lib/python3.8/site-packages/airflow/example_dags/example_python_operator.py
[2023-09-07T16:06:40.887+0000] {processor.py:829} INFO - Processing file /home/airflow/.local/lib/python3.8/site-packages/airflow/example_dags/example_python_operator.py for tasks to queue
[2023-09-07T16:06:40.891+0000] {logging_mixin.py:151} INFO - [2023-09-07T16:06:40.891+0000] {dagbag.py:539} INFO - Filling up the DagBag from /home/airflow/.local/lib/python3.8/site-packages/airflow/example_dags/example_python_operator.py
[2023-09-07T16:06:40.902+0000] {processor.py:839} INFO - DAG(s) dict_keys(['example_python_operator']) retrieved from /home/airflow/.local/lib/python3.8/site-packages/airflow/example_dags/example_python_operator.py
[2023-09-07T16:06:40.924+0000] {logging_mixin.py:151} INFO - [2023-09-07T16:06:40.924+0000] {dag.py:2907} INFO - Sync 1 DAGs
[2023-09-07T16:06:40.936+0000] {logging_mixin.py:151} INFO - [2023-09-07T16:06:40.936+0000] {dag.py:3677} INFO - Setting next_dagrun for example_python_operator to None, run_after=None
[2023-09-07T16:06:40.946+0000] {processor.py:179} INFO - Processing /home/airflow/.local/lib/python3.8/site-packages/airflow/example_dags/example_python_operator.py took 0.066 seconds
[2023-09-07T16:07:11.565+0000] {processor.py:157} INFO - Started process (PID=4344) to work on /home/airflow/.local/lib/python3.8/site-packages/airflow/example_dags/example_python_operator.py
[2023-09-07T16:07:11.567+0000] {processor.py:829} INFO - Processing file /home/airflow/.local/lib/python3.8/site-packages/airflow/example_dags/example_python_operator.py for tasks to queue
[2023-09-07T16:07:11.567+0000] {logging_mixin.py:151} INFO - [2023-09-07T16:07:11.567+0000] {dagbag.py:539} INFO - Filling up the DagBag from /home/airflow/.local/lib/python3.8/site-packages/airflow/example_dags/example_python_operator.py
[2023-09-07T16:07:11.577+0000] {processor.py:839} INFO - DAG(s) dict_keys(['example_python_operator']) retrieved from /home/airflow/.local/lib/python3.8/site-packages/airflow/example_dags/example_python_operator.py
[2023-09-07T16:07:11.597+0000] {logging_mixin.py:151} INFO - [2023-09-07T16:07:11.597+0000] {dag.py:2907} INFO - Sync 1 DAGs
[2023-09-07T16:07:11.605+0000] {logging_mixin.py:151} INFO - [2023-09-07T16:07:11.605+0000] {dag.py:3677} INFO - Setting next_dagrun for example_python_operator to None, run_after=None
[2023-09-07T16:07:11.615+0000] {processor.py:179} INFO - Processing /home/airflow/.local/lib/python3.8/site-packages/airflow/example_dags/example_python_operator.py took 0.053 seconds
[2023-09-07T16:07:41.699+0000] {processor.py:157} INFO - Started process (PID=4582) to work on /home/airflow/.local/lib/python3.8/site-packages/airflow/example_dags/example_python_operator.py
[2023-09-07T16:07:41.700+0000] {processor.py:829} INFO - Processing file /home/airflow/.local/lib/python3.8/site-packages/airflow/example_dags/example_python_operator.py for tasks to queue
[2023-09-07T16:07:41.701+0000] {logging_mixin.py:151} INFO - [2023-09-07T16:07:41.701+0000] {dagbag.py:539} INFO - Filling up the DagBag from /home/airflow/.local/lib/python3.8/site-packages/airflow/example_dags/example_python_operator.py
[2023-09-07T16:07:41.716+0000] {processor.py:839} INFO - DAG(s) dict_keys(['example_python_operator']) retrieved from /home/airflow/.local/lib/python3.8/site-packages/airflow/example_dags/example_python_operator.py
[2023-09-07T16:07:41.739+0000] {logging_mixin.py:151} INFO - [2023-09-07T16:07:41.739+0000] {dag.py:2907} INFO - Sync 1 DAGs
[2023-09-07T16:07:41.748+0000] {logging_mixin.py:151} INFO - [2023-09-07T16:07:41.748+0000] {dag.py:3677} INFO - Setting next_dagrun for example_python_operator to None, run_after=None
[2023-09-07T16:07:41.758+0000] {processor.py:179} INFO - Processing /home/airflow/.local/lib/python3.8/site-packages/airflow/example_dags/example_python_operator.py took 0.062 seconds
[2023-09-07T16:08:12.641+0000] {processor.py:157} INFO - Started process (PID=4818) to work on /home/airflow/.local/lib/python3.8/site-packages/airflow/example_dags/example_python_operator.py
[2023-09-07T16:08:12.642+0000] {processor.py:829} INFO - Processing file /home/airflow/.local/lib/python3.8/site-packages/airflow/example_dags/example_python_operator.py for tasks to queue
[2023-09-07T16:08:12.643+0000] {logging_mixin.py:151} INFO - [2023-09-07T16:08:12.643+0000] {dagbag.py:539} INFO - Filling up the DagBag from /home/airflow/.local/lib/python3.8/site-packages/airflow/example_dags/example_python_operator.py
[2023-09-07T16:08:12.651+0000] {processor.py:839} INFO - DAG(s) dict_keys(['example_python_operator']) retrieved from /home/airflow/.local/lib/python3.8/site-packages/airflow/example_dags/example_python_operator.py
[2023-09-07T16:08:12.671+0000] {logging_mixin.py:151} INFO - [2023-09-07T16:08:12.671+0000] {dag.py:2907} INFO - Sync 1 DAGs
[2023-09-07T16:08:12.680+0000] {logging_mixin.py:151} INFO - [2023-09-07T16:08:12.680+0000] {dag.py:3677} INFO - Setting next_dagrun for example_python_operator to None, run_after=None
[2023-09-07T16:08:12.692+0000] {processor.py:179} INFO - Processing /home/airflow/.local/lib/python3.8/site-packages/airflow/example_dags/example_python_operator.py took 0.054 seconds
[2023-09-07T16:08:43.295+0000] {processor.py:157} INFO - Started process (PID=5056) to work on /home/airflow/.local/lib/python3.8/site-packages/airflow/example_dags/example_python_operator.py
[2023-09-07T16:08:43.296+0000] {processor.py:829} INFO - Processing file /home/airflow/.local/lib/python3.8/site-packages/airflow/example_dags/example_python_operator.py for tasks to queue
[2023-09-07T16:08:43.297+0000] {logging_mixin.py:151} INFO - [2023-09-07T16:08:43.297+0000] {dagbag.py:539} INFO - Filling up the DagBag from /home/airflow/.local/lib/python3.8/site-packages/airflow/example_dags/example_python_operator.py
[2023-09-07T16:08:43.305+0000] {processor.py:839} INFO - DAG(s) dict_keys(['example_python_operator']) retrieved from /home/airflow/.local/lib/python3.8/site-packages/airflow/example_dags/example_python_operator.py
[2023-09-07T16:08:43.325+0000] {logging_mixin.py:151} INFO - [2023-09-07T16:08:43.324+0000] {dag.py:2907} INFO - Sync 1 DAGs
[2023-09-07T16:08:43.334+0000] {logging_mixin.py:151} INFO - [2023-09-07T16:08:43.334+0000] {dag.py:3677} INFO - Setting next_dagrun for example_python_operator to None, run_after=None
[2023-09-07T16:08:43.346+0000] {processor.py:179} INFO - Processing /home/airflow/.local/lib/python3.8/site-packages/airflow/example_dags/example_python_operator.py took 0.054 seconds
[2023-09-07T16:09:13.888+0000] {processor.py:157} INFO - Started process (PID=5294) to work on /home/airflow/.local/lib/python3.8/site-packages/airflow/example_dags/example_python_operator.py
[2023-09-07T16:09:13.890+0000] {processor.py:829} INFO - Processing file /home/airflow/.local/lib/python3.8/site-packages/airflow/example_dags/example_python_operator.py for tasks to queue
[2023-09-07T16:09:13.893+0000] {logging_mixin.py:151} INFO - [2023-09-07T16:09:13.892+0000] {dagbag.py:539} INFO - Filling up the DagBag from /home/airflow/.local/lib/python3.8/site-packages/airflow/example_dags/example_python_operator.py
[2023-09-07T16:09:13.904+0000] {processor.py:839} INFO - DAG(s) dict_keys(['example_python_operator']) retrieved from /home/airflow/.local/lib/python3.8/site-packages/airflow/example_dags/example_python_operator.py
[2023-09-07T16:09:13.924+0000] {logging_mixin.py:151} INFO - [2023-09-07T16:09:13.924+0000] {dag.py:2907} INFO - Sync 1 DAGs
[2023-09-07T16:09:13.932+0000] {logging_mixin.py:151} INFO - [2023-09-07T16:09:13.932+0000] {dag.py:3677} INFO - Setting next_dagrun for example_python_operator to None, run_after=None
[2023-09-07T16:09:13.945+0000] {processor.py:179} INFO - Processing /home/airflow/.local/lib/python3.8/site-packages/airflow/example_dags/example_python_operator.py took 0.062 seconds
[2023-09-07T16:09:44.031+0000] {processor.py:157} INFO - Started process (PID=5532) to work on /home/airflow/.local/lib/python3.8/site-packages/airflow/example_dags/example_python_operator.py
[2023-09-07T16:09:44.033+0000] {processor.py:829} INFO - Processing file /home/airflow/.local/lib/python3.8/site-packages/airflow/example_dags/example_python_operator.py for tasks to queue
[2023-09-07T16:09:44.034+0000] {logging_mixin.py:151} INFO - [2023-09-07T16:09:44.033+0000] {dagbag.py:539} INFO - Filling up the DagBag from /home/airflow/.local/lib/python3.8/site-packages/airflow/example_dags/example_python_operator.py
[2023-09-07T16:09:44.042+0000] {processor.py:839} INFO - DAG(s) dict_keys(['example_python_operator']) retrieved from /home/airflow/.local/lib/python3.8/site-packages/airflow/example_dags/example_python_operator.py
[2023-09-07T16:09:44.061+0000] {logging_mixin.py:151} INFO - [2023-09-07T16:09:44.060+0000] {dag.py:2907} INFO - Sync 1 DAGs
[2023-09-07T16:09:44.069+0000] {logging_mixin.py:151} INFO - [2023-09-07T16:09:44.069+0000] {dag.py:3677} INFO - Setting next_dagrun for example_python_operator to None, run_after=None
[2023-09-07T16:09:44.080+0000] {processor.py:179} INFO - Processing /home/airflow/.local/lib/python3.8/site-packages/airflow/example_dags/example_python_operator.py took 0.052 seconds
[2023-09-07T16:10:14.885+0000] {processor.py:157} INFO - Started process (PID=5770) to work on /home/airflow/.local/lib/python3.8/site-packages/airflow/example_dags/example_python_operator.py
[2023-09-07T16:10:14.886+0000] {processor.py:829} INFO - Processing file /home/airflow/.local/lib/python3.8/site-packages/airflow/example_dags/example_python_operator.py for tasks to queue
[2023-09-07T16:10:14.887+0000] {logging_mixin.py:151} INFO - [2023-09-07T16:10:14.887+0000] {dagbag.py:539} INFO - Filling up the DagBag from /home/airflow/.local/lib/python3.8/site-packages/airflow/example_dags/example_python_operator.py
[2023-09-07T16:10:14.896+0000] {processor.py:839} INFO - DAG(s) dict_keys(['example_python_operator']) retrieved from /home/airflow/.local/lib/python3.8/site-packages/airflow/example_dags/example_python_operator.py
[2023-09-07T16:10:14.916+0000] {logging_mixin.py:151} INFO - [2023-09-07T16:10:14.915+0000] {dag.py:2907} INFO - Sync 1 DAGs
[2023-09-07T16:10:14.925+0000] {logging_mixin.py:151} INFO - [2023-09-07T16:10:14.925+0000] {dag.py:3677} INFO - Setting next_dagrun for example_python_operator to None, run_after=None
[2023-09-07T16:10:14.936+0000] {processor.py:179} INFO - Processing /home/airflow/.local/lib/python3.8/site-packages/airflow/example_dags/example_python_operator.py took 0.054 seconds
[2023-09-07T16:10:45.478+0000] {processor.py:157} INFO - Started process (PID=6007) to work on /home/airflow/.local/lib/python3.8/site-packages/airflow/example_dags/example_python_operator.py
[2023-09-07T16:10:45.480+0000] {processor.py:829} INFO - Processing file /home/airflow/.local/lib/python3.8/site-packages/airflow/example_dags/example_python_operator.py for tasks to queue
[2023-09-07T16:10:45.481+0000] {logging_mixin.py:151} INFO - [2023-09-07T16:10:45.480+0000] {dagbag.py:539} INFO - Filling up the DagBag from /home/airflow/.local/lib/python3.8/site-packages/airflow/example_dags/example_python_operator.py
[2023-09-07T16:10:45.489+0000] {processor.py:839} INFO - DAG(s) dict_keys(['example_python_operator']) retrieved from /home/airflow/.local/lib/python3.8/site-packages/airflow/example_dags/example_python_operator.py
[2023-09-07T16:10:45.510+0000] {logging_mixin.py:151} INFO - [2023-09-07T16:10:45.509+0000] {dag.py:2907} INFO - Sync 1 DAGs
[2023-09-07T16:10:45.519+0000] {logging_mixin.py:151} INFO - [2023-09-07T16:10:45.519+0000] {dag.py:3677} INFO - Setting next_dagrun for example_python_operator to None, run_after=None
[2023-09-07T16:10:45.531+0000] {processor.py:179} INFO - Processing /home/airflow/.local/lib/python3.8/site-packages/airflow/example_dags/example_python_operator.py took 0.056 seconds
[2023-09-07T16:11:17.416+0000] {processor.py:157} INFO - Started process (PID=6245) to work on /home/airflow/.local/lib/python3.8/site-packages/airflow/example_dags/example_python_operator.py
[2023-09-07T16:11:17.419+0000] {processor.py:829} INFO - Processing file /home/airflow/.local/lib/python3.8/site-packages/airflow/example_dags/example_python_operator.py for tasks to queue
[2023-09-07T16:11:17.422+0000] {logging_mixin.py:151} INFO - [2023-09-07T16:11:17.422+0000] {dagbag.py:539} INFO - Filling up the DagBag from /home/airflow/.local/lib/python3.8/site-packages/airflow/example_dags/example_python_operator.py
[2023-09-07T16:11:17.452+0000] {processor.py:839} INFO - DAG(s) dict_keys(['example_python_operator']) retrieved from /home/airflow/.local/lib/python3.8/site-packages/airflow/example_dags/example_python_operator.py
[2023-09-07T16:11:17.585+0000] {logging_mixin.py:151} INFO - [2023-09-07T16:11:17.585+0000] {dag.py:2907} INFO - Sync 1 DAGs
[2023-09-07T16:11:17.603+0000] {logging_mixin.py:151} INFO - [2023-09-07T16:11:17.603+0000] {dag.py:3677} INFO - Setting next_dagrun for example_python_operator to None, run_after=None
[2023-09-07T16:11:17.621+0000] {processor.py:179} INFO - Processing /home/airflow/.local/lib/python3.8/site-packages/airflow/example_dags/example_python_operator.py took 0.210 seconds
[2023-09-07T16:11:48.634+0000] {processor.py:157} INFO - Started process (PID=6485) to work on /home/airflow/.local/lib/python3.8/site-packages/airflow/example_dags/example_python_operator.py
[2023-09-07T16:11:48.635+0000] {processor.py:829} INFO - Processing file /home/airflow/.local/lib/python3.8/site-packages/airflow/example_dags/example_python_operator.py for tasks to queue
[2023-09-07T16:11:48.636+0000] {logging_mixin.py:151} INFO - [2023-09-07T16:11:48.636+0000] {dagbag.py:539} INFO - Filling up the DagBag from /home/airflow/.local/lib/python3.8/site-packages/airflow/example_dags/example_python_operator.py
[2023-09-07T16:11:48.647+0000] {processor.py:839} INFO - DAG(s) dict_keys(['example_python_operator']) retrieved from /home/airflow/.local/lib/python3.8/site-packages/airflow/example_dags/example_python_operator.py
[2023-09-07T16:11:48.672+0000] {logging_mixin.py:151} INFO - [2023-09-07T16:11:48.672+0000] {dag.py:2907} INFO - Sync 1 DAGs
[2023-09-07T16:11:48.680+0000] {logging_mixin.py:151} INFO - [2023-09-07T16:11:48.680+0000] {dag.py:3677} INFO - Setting next_dagrun for example_python_operator to None, run_after=None
[2023-09-07T16:11:48.690+0000] {processor.py:179} INFO - Processing /home/airflow/.local/lib/python3.8/site-packages/airflow/example_dags/example_python_operator.py took 0.059 seconds
[2023-09-07T16:12:19.007+0000] {processor.py:157} INFO - Started process (PID=6721) to work on /home/airflow/.local/lib/python3.8/site-packages/airflow/example_dags/example_python_operator.py
[2023-09-07T16:12:19.009+0000] {processor.py:829} INFO - Processing file /home/airflow/.local/lib/python3.8/site-packages/airflow/example_dags/example_python_operator.py for tasks to queue
[2023-09-07T16:12:19.010+0000] {logging_mixin.py:151} INFO - [2023-09-07T16:12:19.010+0000] {dagbag.py:539} INFO - Filling up the DagBag from /home/airflow/.local/lib/python3.8/site-packages/airflow/example_dags/example_python_operator.py
[2023-09-07T16:12:19.020+0000] {processor.py:839} INFO - DAG(s) dict_keys(['example_python_operator']) retrieved from /home/airflow/.local/lib/python3.8/site-packages/airflow/example_dags/example_python_operator.py
[2023-09-07T16:12:19.041+0000] {logging_mixin.py:151} INFO - [2023-09-07T16:12:19.040+0000] {dag.py:2907} INFO - Sync 1 DAGs
[2023-09-07T16:12:19.049+0000] {logging_mixin.py:151} INFO - [2023-09-07T16:12:19.049+0000] {dag.py:3677} INFO - Setting next_dagrun for example_python_operator to None, run_after=None
[2023-09-07T16:12:19.061+0000] {processor.py:179} INFO - Processing /home/airflow/.local/lib/python3.8/site-packages/airflow/example_dags/example_python_operator.py took 0.057 seconds
[2023-09-07T16:12:49.276+0000] {processor.py:157} INFO - Started process (PID=6960) to work on /home/airflow/.local/lib/python3.8/site-packages/airflow/example_dags/example_python_operator.py
[2023-09-07T16:12:49.278+0000] {processor.py:829} INFO - Processing file /home/airflow/.local/lib/python3.8/site-packages/airflow/example_dags/example_python_operator.py for tasks to queue
[2023-09-07T16:12:49.293+0000] {logging_mixin.py:151} INFO - [2023-09-07T16:12:49.291+0000] {dagbag.py:539} INFO - Filling up the DagBag from /home/airflow/.local/lib/python3.8/site-packages/airflow/example_dags/example_python_operator.py
[2023-09-07T16:12:49.353+0000] {processor.py:839} INFO - DAG(s) dict_keys(['example_python_operator']) retrieved from /home/airflow/.local/lib/python3.8/site-packages/airflow/example_dags/example_python_operator.py
[2023-09-07T16:12:49.388+0000] {logging_mixin.py:151} INFO - [2023-09-07T16:12:49.388+0000] {dag.py:2907} INFO - Sync 1 DAGs
[2023-09-07T16:12:49.402+0000] {logging_mixin.py:151} INFO - [2023-09-07T16:12:49.402+0000] {dag.py:3677} INFO - Setting next_dagrun for example_python_operator to None, run_after=None
[2023-09-07T16:12:49.444+0000] {processor.py:179} INFO - Processing /home/airflow/.local/lib/python3.8/site-packages/airflow/example_dags/example_python_operator.py took 0.171 seconds
[2023-09-07T16:13:20.331+0000] {processor.py:157} INFO - Started process (PID=7208) to work on /home/airflow/.local/lib/python3.8/site-packages/airflow/example_dags/example_python_operator.py
[2023-09-07T16:13:20.333+0000] {processor.py:829} INFO - Processing file /home/airflow/.local/lib/python3.8/site-packages/airflow/example_dags/example_python_operator.py for tasks to queue
[2023-09-07T16:13:20.334+0000] {logging_mixin.py:151} INFO - [2023-09-07T16:13:20.333+0000] {dagbag.py:539} INFO - Filling up the DagBag from /home/airflow/.local/lib/python3.8/site-packages/airflow/example_dags/example_python_operator.py
[2023-09-07T16:13:20.342+0000] {processor.py:839} INFO - DAG(s) dict_keys(['example_python_operator']) retrieved from /home/airflow/.local/lib/python3.8/site-packages/airflow/example_dags/example_python_operator.py
[2023-09-07T16:13:20.367+0000] {logging_mixin.py:151} INFO - [2023-09-07T16:13:20.367+0000] {dag.py:2907} INFO - Sync 1 DAGs
[2023-09-07T16:13:20.377+0000] {logging_mixin.py:151} INFO - [2023-09-07T16:13:20.377+0000] {dag.py:3677} INFO - Setting next_dagrun for example_python_operator to None, run_after=None
[2023-09-07T16:13:20.390+0000] {processor.py:179} INFO - Processing /home/airflow/.local/lib/python3.8/site-packages/airflow/example_dags/example_python_operator.py took 0.061 seconds
[2023-09-07T16:13:51.139+0000] {processor.py:157} INFO - Started process (PID=7444) to work on /home/airflow/.local/lib/python3.8/site-packages/airflow/example_dags/example_python_operator.py
[2023-09-07T16:13:51.140+0000] {processor.py:829} INFO - Processing file /home/airflow/.local/lib/python3.8/site-packages/airflow/example_dags/example_python_operator.py for tasks to queue
[2023-09-07T16:13:51.141+0000] {logging_mixin.py:151} INFO - [2023-09-07T16:13:51.141+0000] {dagbag.py:539} INFO - Filling up the DagBag from /home/airflow/.local/lib/python3.8/site-packages/airflow/example_dags/example_python_operator.py
[2023-09-07T16:13:51.150+0000] {processor.py:839} INFO - DAG(s) dict_keys(['example_python_operator']) retrieved from /home/airflow/.local/lib/python3.8/site-packages/airflow/example_dags/example_python_operator.py
[2023-09-07T16:13:51.169+0000] {logging_mixin.py:151} INFO - [2023-09-07T16:13:51.169+0000] {dag.py:2907} INFO - Sync 1 DAGs
[2023-09-07T16:13:51.178+0000] {logging_mixin.py:151} INFO - [2023-09-07T16:13:51.178+0000] {dag.py:3677} INFO - Setting next_dagrun for example_python_operator to None, run_after=None
[2023-09-07T16:13:51.190+0000] {processor.py:179} INFO - Processing /home/airflow/.local/lib/python3.8/site-packages/airflow/example_dags/example_python_operator.py took 0.053 seconds
[2023-09-07T16:14:21.882+0000] {processor.py:157} INFO - Started process (PID=7683) to work on /home/airflow/.local/lib/python3.8/site-packages/airflow/example_dags/example_python_operator.py
[2023-09-07T16:14:21.883+0000] {processor.py:829} INFO - Processing file /home/airflow/.local/lib/python3.8/site-packages/airflow/example_dags/example_python_operator.py for tasks to queue
[2023-09-07T16:14:21.885+0000] {logging_mixin.py:151} INFO - [2023-09-07T16:14:21.884+0000] {dagbag.py:539} INFO - Filling up the DagBag from /home/airflow/.local/lib/python3.8/site-packages/airflow/example_dags/example_python_operator.py
[2023-09-07T16:14:21.894+0000] {processor.py:839} INFO - DAG(s) dict_keys(['example_python_operator']) retrieved from /home/airflow/.local/lib/python3.8/site-packages/airflow/example_dags/example_python_operator.py
[2023-09-07T16:14:21.914+0000] {logging_mixin.py:151} INFO - [2023-09-07T16:14:21.914+0000] {dag.py:2907} INFO - Sync 1 DAGs
[2023-09-07T16:14:21.923+0000] {logging_mixin.py:151} INFO - [2023-09-07T16:14:21.923+0000] {dag.py:3677} INFO - Setting next_dagrun for example_python_operator to None, run_after=None
[2023-09-07T16:14:21.938+0000] {processor.py:179} INFO - Processing /home/airflow/.local/lib/python3.8/site-packages/airflow/example_dags/example_python_operator.py took 0.059 seconds
[2023-09-07T16:14:52.835+0000] {processor.py:157} INFO - Started process (PID=7921) to work on /home/airflow/.local/lib/python3.8/site-packages/airflow/example_dags/example_python_operator.py
[2023-09-07T16:14:52.837+0000] {processor.py:829} INFO - Processing file /home/airflow/.local/lib/python3.8/site-packages/airflow/example_dags/example_python_operator.py for tasks to queue
[2023-09-07T16:14:52.838+0000] {logging_mixin.py:151} INFO - [2023-09-07T16:14:52.838+0000] {dagbag.py:539} INFO - Filling up the DagBag from /home/airflow/.local/lib/python3.8/site-packages/airflow/example_dags/example_python_operator.py
[2023-09-07T16:14:52.854+0000] {processor.py:839} INFO - DAG(s) dict_keys(['example_python_operator']) retrieved from /home/airflow/.local/lib/python3.8/site-packages/airflow/example_dags/example_python_operator.py
[2023-09-07T16:14:52.880+0000] {logging_mixin.py:151} INFO - [2023-09-07T16:14:52.880+0000] {dag.py:2907} INFO - Sync 1 DAGs
[2023-09-07T16:14:52.890+0000] {logging_mixin.py:151} INFO - [2023-09-07T16:14:52.890+0000] {dag.py:3677} INFO - Setting next_dagrun for example_python_operator to None, run_after=None
[2023-09-07T16:14:52.900+0000] {processor.py:179} INFO - Processing /home/airflow/.local/lib/python3.8/site-packages/airflow/example_dags/example_python_operator.py took 0.068 seconds
[2023-09-07T16:15:23.662+0000] {processor.py:157} INFO - Started process (PID=8158) to work on /home/airflow/.local/lib/python3.8/site-packages/airflow/example_dags/example_python_operator.py
[2023-09-07T16:15:23.664+0000] {processor.py:829} INFO - Processing file /home/airflow/.local/lib/python3.8/site-packages/airflow/example_dags/example_python_operator.py for tasks to queue
[2023-09-07T16:15:23.665+0000] {logging_mixin.py:151} INFO - [2023-09-07T16:15:23.664+0000] {dagbag.py:539} INFO - Filling up the DagBag from /home/airflow/.local/lib/python3.8/site-packages/airflow/example_dags/example_python_operator.py
[2023-09-07T16:15:23.678+0000] {processor.py:839} INFO - DAG(s) dict_keys(['example_python_operator']) retrieved from /home/airflow/.local/lib/python3.8/site-packages/airflow/example_dags/example_python_operator.py
[2023-09-07T16:15:23.714+0000] {logging_mixin.py:151} INFO - [2023-09-07T16:15:23.714+0000] {dag.py:2907} INFO - Sync 1 DAGs
[2023-09-07T16:15:23.724+0000] {logging_mixin.py:151} INFO - [2023-09-07T16:15:23.723+0000] {dag.py:3677} INFO - Setting next_dagrun for example_python_operator to None, run_after=None
[2023-09-07T16:15:23.739+0000] {processor.py:179} INFO - Processing /home/airflow/.local/lib/python3.8/site-packages/airflow/example_dags/example_python_operator.py took 0.080 seconds
[2023-09-07T16:15:54.630+0000] {processor.py:157} INFO - Started process (PID=8396) to work on /home/airflow/.local/lib/python3.8/site-packages/airflow/example_dags/example_python_operator.py
[2023-09-07T16:15:54.632+0000] {processor.py:829} INFO - Processing file /home/airflow/.local/lib/python3.8/site-packages/airflow/example_dags/example_python_operator.py for tasks to queue
[2023-09-07T16:15:54.633+0000] {logging_mixin.py:151} INFO - [2023-09-07T16:15:54.633+0000] {dagbag.py:539} INFO - Filling up the DagBag from /home/airflow/.local/lib/python3.8/site-packages/airflow/example_dags/example_python_operator.py
[2023-09-07T16:15:54.642+0000] {processor.py:839} INFO - DAG(s) dict_keys(['example_python_operator']) retrieved from /home/airflow/.local/lib/python3.8/site-packages/airflow/example_dags/example_python_operator.py
[2023-09-07T16:15:54.663+0000] {logging_mixin.py:151} INFO - [2023-09-07T16:15:54.663+0000] {dag.py:2907} INFO - Sync 1 DAGs
[2023-09-07T16:15:54.671+0000] {logging_mixin.py:151} INFO - [2023-09-07T16:15:54.671+0000] {dag.py:3677} INFO - Setting next_dagrun for example_python_operator to None, run_after=None
[2023-09-07T16:15:54.682+0000] {processor.py:179} INFO - Processing /home/airflow/.local/lib/python3.8/site-packages/airflow/example_dags/example_python_operator.py took 0.055 seconds
[2023-09-07T16:16:25.341+0000] {processor.py:157} INFO - Started process (PID=8634) to work on /home/airflow/.local/lib/python3.8/site-packages/airflow/example_dags/example_python_operator.py
[2023-09-07T16:16:25.342+0000] {processor.py:829} INFO - Processing file /home/airflow/.local/lib/python3.8/site-packages/airflow/example_dags/example_python_operator.py for tasks to queue
[2023-09-07T16:16:25.344+0000] {logging_mixin.py:151} INFO - [2023-09-07T16:16:25.343+0000] {dagbag.py:539} INFO - Filling up the DagBag from /home/airflow/.local/lib/python3.8/site-packages/airflow/example_dags/example_python_operator.py
[2023-09-07T16:16:25.352+0000] {processor.py:839} INFO - DAG(s) dict_keys(['example_python_operator']) retrieved from /home/airflow/.local/lib/python3.8/site-packages/airflow/example_dags/example_python_operator.py
[2023-09-07T16:16:25.376+0000] {logging_mixin.py:151} INFO - [2023-09-07T16:16:25.376+0000] {dag.py:2907} INFO - Sync 1 DAGs
[2023-09-07T16:16:25.388+0000] {logging_mixin.py:151} INFO - [2023-09-07T16:16:25.388+0000] {dag.py:3677} INFO - Setting next_dagrun for example_python_operator to None, run_after=None
[2023-09-07T16:16:25.400+0000] {processor.py:179} INFO - Processing /home/airflow/.local/lib/python3.8/site-packages/airflow/example_dags/example_python_operator.py took 0.063 seconds
[2023-09-07T16:16:55.707+0000] {processor.py:157} INFO - Started process (PID=8872) to work on /home/airflow/.local/lib/python3.8/site-packages/airflow/example_dags/example_python_operator.py
[2023-09-07T16:16:55.711+0000] {processor.py:829} INFO - Processing file /home/airflow/.local/lib/python3.8/site-packages/airflow/example_dags/example_python_operator.py for tasks to queue
[2023-09-07T16:16:55.712+0000] {logging_mixin.py:151} INFO - [2023-09-07T16:16:55.712+0000] {dagbag.py:539} INFO - Filling up the DagBag from /home/airflow/.local/lib/python3.8/site-packages/airflow/example_dags/example_python_operator.py
[2023-09-07T16:16:55.721+0000] {processor.py:839} INFO - DAG(s) dict_keys(['example_python_operator']) retrieved from /home/airflow/.local/lib/python3.8/site-packages/airflow/example_dags/example_python_operator.py
[2023-09-07T16:16:55.740+0000] {logging_mixin.py:151} INFO - [2023-09-07T16:16:55.740+0000] {dag.py:2907} INFO - Sync 1 DAGs
[2023-09-07T16:16:55.749+0000] {logging_mixin.py:151} INFO - [2023-09-07T16:16:55.749+0000] {dag.py:3677} INFO - Setting next_dagrun for example_python_operator to None, run_after=None
[2023-09-07T16:16:55.760+0000] {processor.py:179} INFO - Processing /home/airflow/.local/lib/python3.8/site-packages/airflow/example_dags/example_python_operator.py took 0.056 seconds
[2023-09-07T16:17:26.029+0000] {processor.py:157} INFO - Started process (PID=9110) to work on /home/airflow/.local/lib/python3.8/site-packages/airflow/example_dags/example_python_operator.py
[2023-09-07T16:17:26.030+0000] {processor.py:829} INFO - Processing file /home/airflow/.local/lib/python3.8/site-packages/airflow/example_dags/example_python_operator.py for tasks to queue
[2023-09-07T16:17:26.032+0000] {logging_mixin.py:151} INFO - [2023-09-07T16:17:26.031+0000] {dagbag.py:539} INFO - Filling up the DagBag from /home/airflow/.local/lib/python3.8/site-packages/airflow/example_dags/example_python_operator.py
[2023-09-07T16:17:26.041+0000] {processor.py:839} INFO - DAG(s) dict_keys(['example_python_operator']) retrieved from /home/airflow/.local/lib/python3.8/site-packages/airflow/example_dags/example_python_operator.py
[2023-09-07T16:17:26.062+0000] {logging_mixin.py:151} INFO - [2023-09-07T16:17:26.062+0000] {dag.py:2907} INFO - Sync 1 DAGs
[2023-09-07T16:17:26.076+0000] {logging_mixin.py:151} INFO - [2023-09-07T16:17:26.076+0000] {dag.py:3677} INFO - Setting next_dagrun for example_python_operator to None, run_after=None
[2023-09-07T16:17:26.096+0000] {processor.py:179} INFO - Processing /home/airflow/.local/lib/python3.8/site-packages/airflow/example_dags/example_python_operator.py took 0.070 seconds
[2023-09-07T16:17:57.746+0000] {processor.py:157} INFO - Started process (PID=9350) to work on /home/airflow/.local/lib/python3.8/site-packages/airflow/example_dags/example_python_operator.py
[2023-09-07T16:17:57.748+0000] {processor.py:829} INFO - Processing file /home/airflow/.local/lib/python3.8/site-packages/airflow/example_dags/example_python_operator.py for tasks to queue
[2023-09-07T16:17:57.749+0000] {logging_mixin.py:151} INFO - [2023-09-07T16:17:57.748+0000] {dagbag.py:539} INFO - Filling up the DagBag from /home/airflow/.local/lib/python3.8/site-packages/airflow/example_dags/example_python_operator.py
[2023-09-07T16:17:57.758+0000] {processor.py:839} INFO - DAG(s) dict_keys(['example_python_operator']) retrieved from /home/airflow/.local/lib/python3.8/site-packages/airflow/example_dags/example_python_operator.py
[2023-09-07T16:17:57.787+0000] {logging_mixin.py:151} INFO - [2023-09-07T16:17:57.787+0000] {dag.py:2907} INFO - Sync 1 DAGs
[2023-09-07T16:17:57.795+0000] {logging_mixin.py:151} INFO - [2023-09-07T16:17:57.795+0000] {dag.py:3677} INFO - Setting next_dagrun for example_python_operator to None, run_after=None
[2023-09-07T16:17:57.807+0000] {processor.py:179} INFO - Processing /home/airflow/.local/lib/python3.8/site-packages/airflow/example_dags/example_python_operator.py took 0.064 seconds
[2023-09-07T16:18:28.337+0000] {processor.py:157} INFO - Started process (PID=9589) to work on /home/airflow/.local/lib/python3.8/site-packages/airflow/example_dags/example_python_operator.py
[2023-09-07T16:18:28.339+0000] {processor.py:829} INFO - Processing file /home/airflow/.local/lib/python3.8/site-packages/airflow/example_dags/example_python_operator.py for tasks to queue
[2023-09-07T16:18:28.340+0000] {logging_mixin.py:151} INFO - [2023-09-07T16:18:28.339+0000] {dagbag.py:539} INFO - Filling up the DagBag from /home/airflow/.local/lib/python3.8/site-packages/airflow/example_dags/example_python_operator.py
[2023-09-07T16:18:28.347+0000] {processor.py:839} INFO - DAG(s) dict_keys(['example_python_operator']) retrieved from /home/airflow/.local/lib/python3.8/site-packages/airflow/example_dags/example_python_operator.py
[2023-09-07T16:18:28.367+0000] {logging_mixin.py:151} INFO - [2023-09-07T16:18:28.366+0000] {dag.py:2907} INFO - Sync 1 DAGs
[2023-09-07T16:18:28.374+0000] {logging_mixin.py:151} INFO - [2023-09-07T16:18:28.374+0000] {dag.py:3677} INFO - Setting next_dagrun for example_python_operator to None, run_after=None
[2023-09-07T16:18:28.384+0000] {processor.py:179} INFO - Processing /home/airflow/.local/lib/python3.8/site-packages/airflow/example_dags/example_python_operator.py took 0.050 seconds
[2023-09-07T16:18:58.658+0000] {processor.py:157} INFO - Started process (PID=9825) to work on /home/airflow/.local/lib/python3.8/site-packages/airflow/example_dags/example_python_operator.py
[2023-09-07T16:18:58.659+0000] {processor.py:829} INFO - Processing file /home/airflow/.local/lib/python3.8/site-packages/airflow/example_dags/example_python_operator.py for tasks to queue
[2023-09-07T16:18:58.660+0000] {logging_mixin.py:151} INFO - [2023-09-07T16:18:58.660+0000] {dagbag.py:539} INFO - Filling up the DagBag from /home/airflow/.local/lib/python3.8/site-packages/airflow/example_dags/example_python_operator.py
[2023-09-07T16:18:58.669+0000] {processor.py:839} INFO - DAG(s) dict_keys(['example_python_operator']) retrieved from /home/airflow/.local/lib/python3.8/site-packages/airflow/example_dags/example_python_operator.py
[2023-09-07T16:18:58.689+0000] {logging_mixin.py:151} INFO - [2023-09-07T16:18:58.689+0000] {dag.py:2907} INFO - Sync 1 DAGs
[2023-09-07T16:18:58.700+0000] {logging_mixin.py:151} INFO - [2023-09-07T16:18:58.700+0000] {dag.py:3677} INFO - Setting next_dagrun for example_python_operator to None, run_after=None
[2023-09-07T16:18:58.718+0000] {processor.py:179} INFO - Processing /home/airflow/.local/lib/python3.8/site-packages/airflow/example_dags/example_python_operator.py took 0.064 seconds
[2023-09-07T16:19:29.036+0000] {processor.py:157} INFO - Started process (PID=10065) to work on /home/airflow/.local/lib/python3.8/site-packages/airflow/example_dags/example_python_operator.py
[2023-09-07T16:19:29.037+0000] {processor.py:829} INFO - Processing file /home/airflow/.local/lib/python3.8/site-packages/airflow/example_dags/example_python_operator.py for tasks to queue
[2023-09-07T16:19:29.038+0000] {logging_mixin.py:151} INFO - [2023-09-07T16:19:29.038+0000] {dagbag.py:539} INFO - Filling up the DagBag from /home/airflow/.local/lib/python3.8/site-packages/airflow/example_dags/example_python_operator.py
[2023-09-07T16:19:29.047+0000] {processor.py:839} INFO - DAG(s) dict_keys(['example_python_operator']) retrieved from /home/airflow/.local/lib/python3.8/site-packages/airflow/example_dags/example_python_operator.py
[2023-09-07T16:19:29.067+0000] {logging_mixin.py:151} INFO - [2023-09-07T16:19:29.067+0000] {dag.py:2907} INFO - Sync 1 DAGs
[2023-09-07T16:19:29.075+0000] {logging_mixin.py:151} INFO - [2023-09-07T16:19:29.075+0000] {dag.py:3677} INFO - Setting next_dagrun for example_python_operator to None, run_after=None
[2023-09-07T16:19:29.087+0000] {processor.py:179} INFO - Processing /home/airflow/.local/lib/python3.8/site-packages/airflow/example_dags/example_python_operator.py took 0.054 seconds
[2023-09-07T16:19:59.461+0000] {processor.py:157} INFO - Started process (PID=10301) to work on /home/airflow/.local/lib/python3.8/site-packages/airflow/example_dags/example_python_operator.py
[2023-09-07T16:19:59.463+0000] {processor.py:829} INFO - Processing file /home/airflow/.local/lib/python3.8/site-packages/airflow/example_dags/example_python_operator.py for tasks to queue
[2023-09-07T16:19:59.464+0000] {logging_mixin.py:151} INFO - [2023-09-07T16:19:59.464+0000] {dagbag.py:539} INFO - Filling up the DagBag from /home/airflow/.local/lib/python3.8/site-packages/airflow/example_dags/example_python_operator.py
[2023-09-07T16:19:59.476+0000] {processor.py:839} INFO - DAG(s) dict_keys(['example_python_operator']) retrieved from /home/airflow/.local/lib/python3.8/site-packages/airflow/example_dags/example_python_operator.py
[2023-09-07T16:19:59.537+0000] {logging_mixin.py:151} INFO - [2023-09-07T16:19:59.537+0000] {dag.py:2907} INFO - Sync 1 DAGs
[2023-09-07T16:19:59.550+0000] {logging_mixin.py:151} INFO - [2023-09-07T16:19:59.549+0000] {dag.py:3677} INFO - Setting next_dagrun for example_python_operator to None, run_after=None
[2023-09-07T16:19:59.574+0000] {processor.py:179} INFO - Processing /home/airflow/.local/lib/python3.8/site-packages/airflow/example_dags/example_python_operator.py took 0.117 seconds
[2023-09-07T16:20:29.903+0000] {processor.py:157} INFO - Started process (PID=10539) to work on /home/airflow/.local/lib/python3.8/site-packages/airflow/example_dags/example_python_operator.py
[2023-09-07T16:20:29.907+0000] {processor.py:829} INFO - Processing file /home/airflow/.local/lib/python3.8/site-packages/airflow/example_dags/example_python_operator.py for tasks to queue
[2023-09-07T16:20:29.910+0000] {logging_mixin.py:151} INFO - [2023-09-07T16:20:29.910+0000] {dagbag.py:539} INFO - Filling up the DagBag from /home/airflow/.local/lib/python3.8/site-packages/airflow/example_dags/example_python_operator.py
[2023-09-07T16:20:29.922+0000] {processor.py:839} INFO - DAG(s) dict_keys(['example_python_operator']) retrieved from /home/airflow/.local/lib/python3.8/site-packages/airflow/example_dags/example_python_operator.py
[2023-09-07T16:20:29.945+0000] {logging_mixin.py:151} INFO - [2023-09-07T16:20:29.944+0000] {dag.py:2907} INFO - Sync 1 DAGs
[2023-09-07T16:20:29.957+0000] {logging_mixin.py:151} INFO - [2023-09-07T16:20:29.956+0000] {dag.py:3677} INFO - Setting next_dagrun for example_python_operator to None, run_after=None
[2023-09-07T16:20:29.971+0000] {processor.py:179} INFO - Processing /home/airflow/.local/lib/python3.8/site-packages/airflow/example_dags/example_python_operator.py took 0.078 seconds
[2023-09-07T16:21:00.462+0000] {processor.py:157} INFO - Started process (PID=10776) to work on /home/airflow/.local/lib/python3.8/site-packages/airflow/example_dags/example_python_operator.py
[2023-09-07T16:21:00.463+0000] {processor.py:829} INFO - Processing file /home/airflow/.local/lib/python3.8/site-packages/airflow/example_dags/example_python_operator.py for tasks to queue
[2023-09-07T16:21:00.464+0000] {logging_mixin.py:151} INFO - [2023-09-07T16:21:00.463+0000] {dagbag.py:539} INFO - Filling up the DagBag from /home/airflow/.local/lib/python3.8/site-packages/airflow/example_dags/example_python_operator.py
[2023-09-07T16:21:00.472+0000] {processor.py:839} INFO - DAG(s) dict_keys(['example_python_operator']) retrieved from /home/airflow/.local/lib/python3.8/site-packages/airflow/example_dags/example_python_operator.py
[2023-09-07T16:21:00.490+0000] {logging_mixin.py:151} INFO - [2023-09-07T16:21:00.490+0000] {dag.py:2907} INFO - Sync 1 DAGs
[2023-09-07T16:21:00.498+0000] {logging_mixin.py:151} INFO - [2023-09-07T16:21:00.498+0000] {dag.py:3677} INFO - Setting next_dagrun for example_python_operator to None, run_after=None
[2023-09-07T16:21:00.509+0000] {processor.py:179} INFO - Processing /home/airflow/.local/lib/python3.8/site-packages/airflow/example_dags/example_python_operator.py took 0.050 seconds
[2023-09-07T16:21:30.812+0000] {processor.py:157} INFO - Started process (PID=11016) to work on /home/airflow/.local/lib/python3.8/site-packages/airflow/example_dags/example_python_operator.py
[2023-09-07T16:21:30.813+0000] {processor.py:829} INFO - Processing file /home/airflow/.local/lib/python3.8/site-packages/airflow/example_dags/example_python_operator.py for tasks to queue
[2023-09-07T16:21:30.814+0000] {logging_mixin.py:151} INFO - [2023-09-07T16:21:30.814+0000] {dagbag.py:539} INFO - Filling up the DagBag from /home/airflow/.local/lib/python3.8/site-packages/airflow/example_dags/example_python_operator.py
[2023-09-07T16:21:30.822+0000] {processor.py:839} INFO - DAG(s) dict_keys(['example_python_operator']) retrieved from /home/airflow/.local/lib/python3.8/site-packages/airflow/example_dags/example_python_operator.py
[2023-09-07T16:21:30.841+0000] {logging_mixin.py:151} INFO - [2023-09-07T16:21:30.841+0000] {dag.py:2907} INFO - Sync 1 DAGs
[2023-09-07T16:21:30.850+0000] {logging_mixin.py:151} INFO - [2023-09-07T16:21:30.850+0000] {dag.py:3677} INFO - Setting next_dagrun for example_python_operator to None, run_after=None
[2023-09-07T16:21:30.861+0000] {processor.py:179} INFO - Processing /home/airflow/.local/lib/python3.8/site-packages/airflow/example_dags/example_python_operator.py took 0.052 seconds
[2023-09-07T16:22:01.436+0000] {processor.py:157} INFO - Started process (PID=11253) to work on /home/airflow/.local/lib/python3.8/site-packages/airflow/example_dags/example_python_operator.py
[2023-09-07T16:22:01.443+0000] {processor.py:829} INFO - Processing file /home/airflow/.local/lib/python3.8/site-packages/airflow/example_dags/example_python_operator.py for tasks to queue
[2023-09-07T16:22:01.444+0000] {logging_mixin.py:151} INFO - [2023-09-07T16:22:01.444+0000] {dagbag.py:539} INFO - Filling up the DagBag from /home/airflow/.local/lib/python3.8/site-packages/airflow/example_dags/example_python_operator.py
[2023-09-07T16:22:01.453+0000] {processor.py:839} INFO - DAG(s) dict_keys(['example_python_operator']) retrieved from /home/airflow/.local/lib/python3.8/site-packages/airflow/example_dags/example_python_operator.py
[2023-09-07T16:22:01.470+0000] {logging_mixin.py:151} INFO - [2023-09-07T16:22:01.470+0000] {dag.py:2907} INFO - Sync 1 DAGs
[2023-09-07T16:22:01.478+0000] {logging_mixin.py:151} INFO - [2023-09-07T16:22:01.478+0000] {dag.py:3677} INFO - Setting next_dagrun for example_python_operator to None, run_after=None
[2023-09-07T16:22:01.488+0000] {processor.py:179} INFO - Processing /home/airflow/.local/lib/python3.8/site-packages/airflow/example_dags/example_python_operator.py took 0.055 seconds
[2023-09-07T16:22:32.007+0000] {processor.py:157} INFO - Started process (PID=11491) to work on /home/airflow/.local/lib/python3.8/site-packages/airflow/example_dags/example_python_operator.py
[2023-09-07T16:22:32.009+0000] {processor.py:829} INFO - Processing file /home/airflow/.local/lib/python3.8/site-packages/airflow/example_dags/example_python_operator.py for tasks to queue
[2023-09-07T16:22:32.010+0000] {logging_mixin.py:151} INFO - [2023-09-07T16:22:32.009+0000] {dagbag.py:539} INFO - Filling up the DagBag from /home/airflow/.local/lib/python3.8/site-packages/airflow/example_dags/example_python_operator.py
[2023-09-07T16:22:32.020+0000] {processor.py:839} INFO - DAG(s) dict_keys(['example_python_operator']) retrieved from /home/airflow/.local/lib/python3.8/site-packages/airflow/example_dags/example_python_operator.py
[2023-09-07T16:22:32.040+0000] {logging_mixin.py:151} INFO - [2023-09-07T16:22:32.040+0000] {dag.py:2907} INFO - Sync 1 DAGs
[2023-09-07T16:22:32.047+0000] {logging_mixin.py:151} INFO - [2023-09-07T16:22:32.047+0000] {dag.py:3677} INFO - Setting next_dagrun for example_python_operator to None, run_after=None
[2023-09-07T16:22:32.058+0000] {processor.py:179} INFO - Processing /home/airflow/.local/lib/python3.8/site-packages/airflow/example_dags/example_python_operator.py took 0.056 seconds
[2023-09-07T16:23:02.473+0000] {processor.py:157} INFO - Started process (PID=11729) to work on /home/airflow/.local/lib/python3.8/site-packages/airflow/example_dags/example_python_operator.py
[2023-09-07T16:23:02.474+0000] {processor.py:829} INFO - Processing file /home/airflow/.local/lib/python3.8/site-packages/airflow/example_dags/example_python_operator.py for tasks to queue
[2023-09-07T16:23:02.475+0000] {logging_mixin.py:151} INFO - [2023-09-07T16:23:02.475+0000] {dagbag.py:539} INFO - Filling up the DagBag from /home/airflow/.local/lib/python3.8/site-packages/airflow/example_dags/example_python_operator.py
[2023-09-07T16:23:02.490+0000] {processor.py:839} INFO - DAG(s) dict_keys(['example_python_operator']) retrieved from /home/airflow/.local/lib/python3.8/site-packages/airflow/example_dags/example_python_operator.py
[2023-09-07T16:23:02.510+0000] {logging_mixin.py:151} INFO - [2023-09-07T16:23:02.510+0000] {dag.py:2907} INFO - Sync 1 DAGs
[2023-09-07T16:23:02.519+0000] {logging_mixin.py:151} INFO - [2023-09-07T16:23:02.519+0000] {dag.py:3677} INFO - Setting next_dagrun for example_python_operator to None, run_after=None
[2023-09-07T16:23:02.529+0000] {processor.py:179} INFO - Processing /home/airflow/.local/lib/python3.8/site-packages/airflow/example_dags/example_python_operator.py took 0.060 seconds
[2023-09-07T16:23:33.074+0000] {processor.py:157} INFO - Started process (PID=11967) to work on /home/airflow/.local/lib/python3.8/site-packages/airflow/example_dags/example_python_operator.py
[2023-09-07T16:23:33.075+0000] {processor.py:829} INFO - Processing file /home/airflow/.local/lib/python3.8/site-packages/airflow/example_dags/example_python_operator.py for tasks to queue
[2023-09-07T16:23:33.077+0000] {logging_mixin.py:151} INFO - [2023-09-07T16:23:33.076+0000] {dagbag.py:539} INFO - Filling up the DagBag from /home/airflow/.local/lib/python3.8/site-packages/airflow/example_dags/example_python_operator.py
[2023-09-07T16:23:33.086+0000] {processor.py:839} INFO - DAG(s) dict_keys(['example_python_operator']) retrieved from /home/airflow/.local/lib/python3.8/site-packages/airflow/example_dags/example_python_operator.py
[2023-09-07T16:23:33.106+0000] {logging_mixin.py:151} INFO - [2023-09-07T16:23:33.106+0000] {dag.py:2907} INFO - Sync 1 DAGs
[2023-09-07T16:23:33.118+0000] {logging_mixin.py:151} INFO - [2023-09-07T16:23:33.118+0000] {dag.py:3677} INFO - Setting next_dagrun for example_python_operator to None, run_after=None
[2023-09-07T16:23:33.130+0000] {processor.py:179} INFO - Processing /home/airflow/.local/lib/python3.8/site-packages/airflow/example_dags/example_python_operator.py took 0.058 seconds
[2023-09-07T16:24:03.663+0000] {processor.py:157} INFO - Started process (PID=12205) to work on /home/airflow/.local/lib/python3.8/site-packages/airflow/example_dags/example_python_operator.py
[2023-09-07T16:24:03.666+0000] {processor.py:829} INFO - Processing file /home/airflow/.local/lib/python3.8/site-packages/airflow/example_dags/example_python_operator.py for tasks to queue
[2023-09-07T16:24:03.668+0000] {logging_mixin.py:151} INFO - [2023-09-07T16:24:03.667+0000] {dagbag.py:539} INFO - Filling up the DagBag from /home/airflow/.local/lib/python3.8/site-packages/airflow/example_dags/example_python_operator.py
[2023-09-07T16:24:03.680+0000] {processor.py:839} INFO - DAG(s) dict_keys(['example_python_operator']) retrieved from /home/airflow/.local/lib/python3.8/site-packages/airflow/example_dags/example_python_operator.py
[2023-09-07T16:24:03.699+0000] {logging_mixin.py:151} INFO - [2023-09-07T16:24:03.699+0000] {dag.py:2907} INFO - Sync 1 DAGs
[2023-09-07T16:24:03.707+0000] {logging_mixin.py:151} INFO - [2023-09-07T16:24:03.707+0000] {dag.py:3677} INFO - Setting next_dagrun for example_python_operator to None, run_after=None
[2023-09-07T16:24:03.717+0000] {processor.py:179} INFO - Processing /home/airflow/.local/lib/python3.8/site-packages/airflow/example_dags/example_python_operator.py took 0.058 seconds
[2023-09-07T16:24:34.101+0000] {processor.py:157} INFO - Started process (PID=12443) to work on /home/airflow/.local/lib/python3.8/site-packages/airflow/example_dags/example_python_operator.py
[2023-09-07T16:24:34.102+0000] {processor.py:829} INFO - Processing file /home/airflow/.local/lib/python3.8/site-packages/airflow/example_dags/example_python_operator.py for tasks to queue
[2023-09-07T16:24:34.103+0000] {logging_mixin.py:151} INFO - [2023-09-07T16:24:34.103+0000] {dagbag.py:539} INFO - Filling up the DagBag from /home/airflow/.local/lib/python3.8/site-packages/airflow/example_dags/example_python_operator.py
[2023-09-07T16:24:34.112+0000] {processor.py:839} INFO - DAG(s) dict_keys(['example_python_operator']) retrieved from /home/airflow/.local/lib/python3.8/site-packages/airflow/example_dags/example_python_operator.py
[2023-09-07T16:24:34.129+0000] {logging_mixin.py:151} INFO - [2023-09-07T16:24:34.129+0000] {dag.py:2907} INFO - Sync 1 DAGs
[2023-09-07T16:24:34.137+0000] {logging_mixin.py:151} INFO - [2023-09-07T16:24:34.137+0000] {dag.py:3677} INFO - Setting next_dagrun for example_python_operator to None, run_after=None
[2023-09-07T16:24:34.148+0000] {processor.py:179} INFO - Processing /home/airflow/.local/lib/python3.8/site-packages/airflow/example_dags/example_python_operator.py took 0.049 seconds
[2023-09-07T16:25:04.450+0000] {processor.py:157} INFO - Started process (PID=12682) to work on /home/airflow/.local/lib/python3.8/site-packages/airflow/example_dags/example_python_operator.py
[2023-09-07T16:25:04.451+0000] {processor.py:829} INFO - Processing file /home/airflow/.local/lib/python3.8/site-packages/airflow/example_dags/example_python_operator.py for tasks to queue
[2023-09-07T16:25:04.452+0000] {logging_mixin.py:151} INFO - [2023-09-07T16:25:04.452+0000] {dagbag.py:539} INFO - Filling up the DagBag from /home/airflow/.local/lib/python3.8/site-packages/airflow/example_dags/example_python_operator.py
[2023-09-07T16:25:04.462+0000] {processor.py:839} INFO - DAG(s) dict_keys(['example_python_operator']) retrieved from /home/airflow/.local/lib/python3.8/site-packages/airflow/example_dags/example_python_operator.py
[2023-09-07T16:25:04.481+0000] {logging_mixin.py:151} INFO - [2023-09-07T16:25:04.481+0000] {dag.py:2907} INFO - Sync 1 DAGs
[2023-09-07T16:25:04.489+0000] {logging_mixin.py:151} INFO - [2023-09-07T16:25:04.489+0000] {dag.py:3677} INFO - Setting next_dagrun for example_python_operator to None, run_after=None
[2023-09-07T16:25:04.499+0000] {processor.py:179} INFO - Processing /home/airflow/.local/lib/python3.8/site-packages/airflow/example_dags/example_python_operator.py took 0.052 seconds
[2023-09-07T16:25:35.013+0000] {processor.py:157} INFO - Started process (PID=12919) to work on /home/airflow/.local/lib/python3.8/site-packages/airflow/example_dags/example_python_operator.py
[2023-09-07T16:25:35.015+0000] {processor.py:829} INFO - Processing file /home/airflow/.local/lib/python3.8/site-packages/airflow/example_dags/example_python_operator.py for tasks to queue
[2023-09-07T16:25:35.015+0000] {logging_mixin.py:151} INFO - [2023-09-07T16:25:35.015+0000] {dagbag.py:539} INFO - Filling up the DagBag from /home/airflow/.local/lib/python3.8/site-packages/airflow/example_dags/example_python_operator.py
[2023-09-07T16:25:35.030+0000] {processor.py:839} INFO - DAG(s) dict_keys(['example_python_operator']) retrieved from /home/airflow/.local/lib/python3.8/site-packages/airflow/example_dags/example_python_operator.py
[2023-09-07T16:25:35.053+0000] {logging_mixin.py:151} INFO - [2023-09-07T16:25:35.053+0000] {dag.py:2907} INFO - Sync 1 DAGs
[2023-09-07T16:25:35.061+0000] {logging_mixin.py:151} INFO - [2023-09-07T16:25:35.061+0000] {dag.py:3677} INFO - Setting next_dagrun for example_python_operator to None, run_after=None
[2023-09-07T16:25:35.072+0000] {processor.py:179} INFO - Processing /home/airflow/.local/lib/python3.8/site-packages/airflow/example_dags/example_python_operator.py took 0.062 seconds
[2023-09-07T16:26:05.591+0000] {processor.py:157} INFO - Started process (PID=13157) to work on /home/airflow/.local/lib/python3.8/site-packages/airflow/example_dags/example_python_operator.py
[2023-09-07T16:26:05.592+0000] {processor.py:829} INFO - Processing file /home/airflow/.local/lib/python3.8/site-packages/airflow/example_dags/example_python_operator.py for tasks to queue
[2023-09-07T16:26:05.594+0000] {logging_mixin.py:151} INFO - [2023-09-07T16:26:05.593+0000] {dagbag.py:539} INFO - Filling up the DagBag from /home/airflow/.local/lib/python3.8/site-packages/airflow/example_dags/example_python_operator.py
[2023-09-07T16:26:05.609+0000] {processor.py:839} INFO - DAG(s) dict_keys(['example_python_operator']) retrieved from /home/airflow/.local/lib/python3.8/site-packages/airflow/example_dags/example_python_operator.py
[2023-09-07T16:26:05.631+0000] {logging_mixin.py:151} INFO - [2023-09-07T16:26:05.630+0000] {dag.py:2907} INFO - Sync 1 DAGs
[2023-09-07T16:26:05.639+0000] {logging_mixin.py:151} INFO - [2023-09-07T16:26:05.639+0000] {dag.py:3677} INFO - Setting next_dagrun for example_python_operator to None, run_after=None
[2023-09-07T16:26:05.650+0000] {processor.py:179} INFO - Processing /home/airflow/.local/lib/python3.8/site-packages/airflow/example_dags/example_python_operator.py took 0.061 seconds
[2023-09-07T16:26:36.331+0000] {processor.py:157} INFO - Started process (PID=13396) to work on /home/airflow/.local/lib/python3.8/site-packages/airflow/example_dags/example_python_operator.py
[2023-09-07T16:26:36.332+0000] {processor.py:829} INFO - Processing file /home/airflow/.local/lib/python3.8/site-packages/airflow/example_dags/example_python_operator.py for tasks to queue
[2023-09-07T16:26:36.333+0000] {logging_mixin.py:151} INFO - [2023-09-07T16:26:36.333+0000] {dagbag.py:539} INFO - Filling up the DagBag from /home/airflow/.local/lib/python3.8/site-packages/airflow/example_dags/example_python_operator.py
[2023-09-07T16:26:36.341+0000] {processor.py:839} INFO - DAG(s) dict_keys(['example_python_operator']) retrieved from /home/airflow/.local/lib/python3.8/site-packages/airflow/example_dags/example_python_operator.py
[2023-09-07T16:26:36.359+0000] {logging_mixin.py:151} INFO - [2023-09-07T16:26:36.359+0000] {dag.py:2907} INFO - Sync 1 DAGs
[2023-09-07T16:26:36.367+0000] {logging_mixin.py:151} INFO - [2023-09-07T16:26:36.367+0000] {dag.py:3677} INFO - Setting next_dagrun for example_python_operator to None, run_after=None
[2023-09-07T16:26:36.377+0000] {processor.py:179} INFO - Processing /home/airflow/.local/lib/python3.8/site-packages/airflow/example_dags/example_python_operator.py took 0.048 seconds
[2023-09-07T16:27:06.579+0000] {processor.py:157} INFO - Started process (PID=13632) to work on /home/airflow/.local/lib/python3.8/site-packages/airflow/example_dags/example_python_operator.py
[2023-09-07T16:27:06.580+0000] {processor.py:829} INFO - Processing file /home/airflow/.local/lib/python3.8/site-packages/airflow/example_dags/example_python_operator.py for tasks to queue
[2023-09-07T16:27:06.581+0000] {logging_mixin.py:151} INFO - [2023-09-07T16:27:06.580+0000] {dagbag.py:539} INFO - Filling up the DagBag from /home/airflow/.local/lib/python3.8/site-packages/airflow/example_dags/example_python_operator.py
[2023-09-07T16:27:06.591+0000] {processor.py:839} INFO - DAG(s) dict_keys(['example_python_operator']) retrieved from /home/airflow/.local/lib/python3.8/site-packages/airflow/example_dags/example_python_operator.py
[2023-09-07T16:27:06.619+0000] {logging_mixin.py:151} INFO - [2023-09-07T16:27:06.619+0000] {dag.py:2907} INFO - Sync 1 DAGs
[2023-09-07T16:27:06.632+0000] {logging_mixin.py:151} INFO - [2023-09-07T16:27:06.632+0000] {dag.py:3677} INFO - Setting next_dagrun for example_python_operator to None, run_after=None
[2023-09-07T16:27:06.646+0000] {processor.py:179} INFO - Processing /home/airflow/.local/lib/python3.8/site-packages/airflow/example_dags/example_python_operator.py took 0.070 seconds
[2023-09-07T16:27:37.060+0000] {processor.py:157} INFO - Started process (PID=13873) to work on /home/airflow/.local/lib/python3.8/site-packages/airflow/example_dags/example_python_operator.py
[2023-09-07T16:27:37.061+0000] {processor.py:829} INFO - Processing file /home/airflow/.local/lib/python3.8/site-packages/airflow/example_dags/example_python_operator.py for tasks to queue
[2023-09-07T16:27:37.062+0000] {logging_mixin.py:151} INFO - [2023-09-07T16:27:37.062+0000] {dagbag.py:539} INFO - Filling up the DagBag from /home/airflow/.local/lib/python3.8/site-packages/airflow/example_dags/example_python_operator.py
[2023-09-07T16:27:37.071+0000] {processor.py:839} INFO - DAG(s) dict_keys(['example_python_operator']) retrieved from /home/airflow/.local/lib/python3.8/site-packages/airflow/example_dags/example_python_operator.py
[2023-09-07T16:27:37.092+0000] {logging_mixin.py:151} INFO - [2023-09-07T16:27:37.092+0000] {dag.py:2907} INFO - Sync 1 DAGs
[2023-09-07T16:27:37.100+0000] {logging_mixin.py:151} INFO - [2023-09-07T16:27:37.100+0000] {dag.py:3677} INFO - Setting next_dagrun for example_python_operator to None, run_after=None
[2023-09-07T16:27:37.110+0000] {processor.py:179} INFO - Processing /home/airflow/.local/lib/python3.8/site-packages/airflow/example_dags/example_python_operator.py took 0.053 seconds
[2023-09-07T16:28:07.480+0000] {processor.py:157} INFO - Started process (PID=14111) to work on /home/airflow/.local/lib/python3.8/site-packages/airflow/example_dags/example_python_operator.py
[2023-09-07T16:28:07.482+0000] {processor.py:829} INFO - Processing file /home/airflow/.local/lib/python3.8/site-packages/airflow/example_dags/example_python_operator.py for tasks to queue
[2023-09-07T16:28:07.483+0000] {logging_mixin.py:151} INFO - [2023-09-07T16:28:07.482+0000] {dagbag.py:539} INFO - Filling up the DagBag from /home/airflow/.local/lib/python3.8/site-packages/airflow/example_dags/example_python_operator.py
[2023-09-07T16:28:07.491+0000] {processor.py:839} INFO - DAG(s) dict_keys(['example_python_operator']) retrieved from /home/airflow/.local/lib/python3.8/site-packages/airflow/example_dags/example_python_operator.py
[2023-09-07T16:28:07.508+0000] {logging_mixin.py:151} INFO - [2023-09-07T16:28:07.508+0000] {dag.py:2907} INFO - Sync 1 DAGs
[2023-09-07T16:28:07.516+0000] {logging_mixin.py:151} INFO - [2023-09-07T16:28:07.516+0000] {dag.py:3677} INFO - Setting next_dagrun for example_python_operator to None, run_after=None
[2023-09-07T16:28:07.526+0000] {processor.py:179} INFO - Processing /home/airflow/.local/lib/python3.8/site-packages/airflow/example_dags/example_python_operator.py took 0.048 seconds
[2023-09-07T16:28:38.223+0000] {processor.py:157} INFO - Started process (PID=14347) to work on /home/airflow/.local/lib/python3.8/site-packages/airflow/example_dags/example_python_operator.py
[2023-09-07T16:28:38.225+0000] {processor.py:829} INFO - Processing file /home/airflow/.local/lib/python3.8/site-packages/airflow/example_dags/example_python_operator.py for tasks to queue
[2023-09-07T16:28:38.226+0000] {logging_mixin.py:151} INFO - [2023-09-07T16:28:38.226+0000] {dagbag.py:539} INFO - Filling up the DagBag from /home/airflow/.local/lib/python3.8/site-packages/airflow/example_dags/example_python_operator.py
[2023-09-07T16:28:38.240+0000] {processor.py:839} INFO - DAG(s) dict_keys(['example_python_operator']) retrieved from /home/airflow/.local/lib/python3.8/site-packages/airflow/example_dags/example_python_operator.py
[2023-09-07T16:28:38.268+0000] {logging_mixin.py:151} INFO - [2023-09-07T16:28:38.268+0000] {dag.py:2907} INFO - Sync 1 DAGs
[2023-09-07T16:28:38.279+0000] {logging_mixin.py:151} INFO - [2023-09-07T16:28:38.279+0000] {dag.py:3677} INFO - Setting next_dagrun for example_python_operator to None, run_after=None
[2023-09-07T16:28:38.292+0000] {processor.py:179} INFO - Processing /home/airflow/.local/lib/python3.8/site-packages/airflow/example_dags/example_python_operator.py took 0.071 seconds
[2023-09-07T16:29:08.987+0000] {processor.py:157} INFO - Started process (PID=14586) to work on /home/airflow/.local/lib/python3.8/site-packages/airflow/example_dags/example_python_operator.py
[2023-09-07T16:29:08.988+0000] {processor.py:829} INFO - Processing file /home/airflow/.local/lib/python3.8/site-packages/airflow/example_dags/example_python_operator.py for tasks to queue
[2023-09-07T16:29:08.989+0000] {logging_mixin.py:151} INFO - [2023-09-07T16:29:08.989+0000] {dagbag.py:539} INFO - Filling up the DagBag from /home/airflow/.local/lib/python3.8/site-packages/airflow/example_dags/example_python_operator.py
[2023-09-07T16:29:08.998+0000] {processor.py:839} INFO - DAG(s) dict_keys(['example_python_operator']) retrieved from /home/airflow/.local/lib/python3.8/site-packages/airflow/example_dags/example_python_operator.py
[2023-09-07T16:29:09.022+0000] {logging_mixin.py:151} INFO - [2023-09-07T16:29:09.022+0000] {dag.py:2907} INFO - Sync 1 DAGs
[2023-09-07T16:29:09.031+0000] {logging_mixin.py:151} INFO - [2023-09-07T16:29:09.031+0000] {dag.py:3677} INFO - Setting next_dagrun for example_python_operator to None, run_after=None
[2023-09-07T16:29:09.042+0000] {processor.py:179} INFO - Processing /home/airflow/.local/lib/python3.8/site-packages/airflow/example_dags/example_python_operator.py took 0.057 seconds
[2023-09-07T16:30:59.200+0000] {processor.py:157} INFO - Started process (PID=14820) to work on /home/airflow/.local/lib/python3.8/site-packages/airflow/example_dags/example_python_operator.py
[2023-09-07T16:30:59.202+0000] {processor.py:829} INFO - Processing file /home/airflow/.local/lib/python3.8/site-packages/airflow/example_dags/example_python_operator.py for tasks to queue
[2023-09-07T16:30:59.203+0000] {logging_mixin.py:151} INFO - [2023-09-07T16:30:59.202+0000] {dagbag.py:539} INFO - Filling up the DagBag from /home/airflow/.local/lib/python3.8/site-packages/airflow/example_dags/example_python_operator.py
[2023-09-07T16:30:59.212+0000] {processor.py:839} INFO - DAG(s) dict_keys(['example_python_operator']) retrieved from /home/airflow/.local/lib/python3.8/site-packages/airflow/example_dags/example_python_operator.py
[2023-09-07T16:30:59.244+0000] {logging_mixin.py:151} INFO - [2023-09-07T16:30:59.243+0000] {dag.py:2907} INFO - Sync 1 DAGs
[2023-09-07T16:30:59.256+0000] {logging_mixin.py:151} INFO - [2023-09-07T16:30:59.256+0000] {dag.py:3677} INFO - Setting next_dagrun for example_python_operator to None, run_after=None
[2023-09-07T16:30:59.270+0000] {processor.py:179} INFO - Processing /home/airflow/.local/lib/python3.8/site-packages/airflow/example_dags/example_python_operator.py took 0.072 seconds
[2023-09-07T16:31:29.849+0000] {processor.py:157} INFO - Started process (PID=15058) to work on /home/airflow/.local/lib/python3.8/site-packages/airflow/example_dags/example_python_operator.py
[2023-09-07T16:31:29.850+0000] {processor.py:829} INFO - Processing file /home/airflow/.local/lib/python3.8/site-packages/airflow/example_dags/example_python_operator.py for tasks to queue
[2023-09-07T16:31:29.851+0000] {logging_mixin.py:151} INFO - [2023-09-07T16:31:29.851+0000] {dagbag.py:539} INFO - Filling up the DagBag from /home/airflow/.local/lib/python3.8/site-packages/airflow/example_dags/example_python_operator.py
[2023-09-07T16:31:29.859+0000] {processor.py:839} INFO - DAG(s) dict_keys(['example_python_operator']) retrieved from /home/airflow/.local/lib/python3.8/site-packages/airflow/example_dags/example_python_operator.py
[2023-09-07T16:31:29.879+0000] {logging_mixin.py:151} INFO - [2023-09-07T16:31:29.879+0000] {dag.py:2907} INFO - Sync 1 DAGs
[2023-09-07T16:31:29.888+0000] {logging_mixin.py:151} INFO - [2023-09-07T16:31:29.888+0000] {dag.py:3677} INFO - Setting next_dagrun for example_python_operator to None, run_after=None
[2023-09-07T16:31:29.900+0000] {processor.py:179} INFO - Processing /home/airflow/.local/lib/python3.8/site-packages/airflow/example_dags/example_python_operator.py took 0.054 seconds
[2023-09-07T16:32:00.695+0000] {processor.py:157} INFO - Started process (PID=15296) to work on /home/airflow/.local/lib/python3.8/site-packages/airflow/example_dags/example_python_operator.py
[2023-09-07T16:32:00.696+0000] {processor.py:829} INFO - Processing file /home/airflow/.local/lib/python3.8/site-packages/airflow/example_dags/example_python_operator.py for tasks to queue
[2023-09-07T16:32:00.697+0000] {logging_mixin.py:151} INFO - [2023-09-07T16:32:00.697+0000] {dagbag.py:539} INFO - Filling up the DagBag from /home/airflow/.local/lib/python3.8/site-packages/airflow/example_dags/example_python_operator.py
[2023-09-07T16:32:00.705+0000] {processor.py:839} INFO - DAG(s) dict_keys(['example_python_operator']) retrieved from /home/airflow/.local/lib/python3.8/site-packages/airflow/example_dags/example_python_operator.py
[2023-09-07T16:32:00.724+0000] {logging_mixin.py:151} INFO - [2023-09-07T16:32:00.724+0000] {dag.py:2907} INFO - Sync 1 DAGs
[2023-09-07T16:32:00.733+0000] {logging_mixin.py:151} INFO - [2023-09-07T16:32:00.733+0000] {dag.py:3677} INFO - Setting next_dagrun for example_python_operator to None, run_after=None
[2023-09-07T16:32:00.744+0000] {processor.py:179} INFO - Processing /home/airflow/.local/lib/python3.8/site-packages/airflow/example_dags/example_python_operator.py took 0.052 seconds
[2023-09-07T16:32:33.721+0000] {processor.py:157} INFO - Started process (PID=15534) to work on /home/airflow/.local/lib/python3.8/site-packages/airflow/example_dags/example_python_operator.py
[2023-09-07T16:32:33.724+0000] {processor.py:829} INFO - Processing file /home/airflow/.local/lib/python3.8/site-packages/airflow/example_dags/example_python_operator.py for tasks to queue
[2023-09-07T16:32:33.726+0000] {logging_mixin.py:151} INFO - [2023-09-07T16:32:33.726+0000] {dagbag.py:539} INFO - Filling up the DagBag from /home/airflow/.local/lib/python3.8/site-packages/airflow/example_dags/example_python_operator.py
[2023-09-07T16:32:33.740+0000] {processor.py:839} INFO - DAG(s) dict_keys(['example_python_operator']) retrieved from /home/airflow/.local/lib/python3.8/site-packages/airflow/example_dags/example_python_operator.py
[2023-09-07T16:32:33.764+0000] {logging_mixin.py:151} INFO - [2023-09-07T16:32:33.764+0000] {dag.py:2907} INFO - Sync 1 DAGs
[2023-09-07T16:32:33.780+0000] {logging_mixin.py:151} INFO - [2023-09-07T16:32:33.780+0000] {dag.py:3677} INFO - Setting next_dagrun for example_python_operator to None, run_after=None
[2023-09-07T16:32:33.794+0000] {processor.py:179} INFO - Processing /home/airflow/.local/lib/python3.8/site-packages/airflow/example_dags/example_python_operator.py took 0.077 seconds
