[2023-09-07T15:58:25.098+0000] {processor.py:157} INFO - Started process (PID=262) to work on /home/airflow/.local/lib/python3.8/site-packages/airflow/example_dags/example_time_delta_sensor_async.py
[2023-09-07T15:58:25.099+0000] {processor.py:829} INFO - Processing file /home/airflow/.local/lib/python3.8/site-packages/airflow/example_dags/example_time_delta_sensor_async.py for tasks to queue
[2023-09-07T15:58:25.100+0000] {logging_mixin.py:151} INFO - [2023-09-07T15:58:25.100+0000] {dagbag.py:539} INFO - Filling up the DagBag from /home/airflow/.local/lib/python3.8/site-packages/airflow/example_dags/example_time_delta_sensor_async.py
[2023-09-07T15:58:25.105+0000] {processor.py:839} INFO - DAG(s) dict_keys(['example_time_delta_sensor_async']) retrieved from /home/airflow/.local/lib/python3.8/site-packages/airflow/example_dags/example_time_delta_sensor_async.py
[2023-09-07T15:58:25.131+0000] {logging_mixin.py:151} INFO - [2023-09-07T15:58:25.130+0000] {dag.py:2907} INFO - Sync 1 DAGs
[2023-09-07T15:58:25.143+0000] {logging_mixin.py:151} INFO - [2023-09-07T15:58:25.143+0000] {dag.py:3677} INFO - Setting next_dagrun for example_time_delta_sensor_async to None, run_after=None
[2023-09-07T15:58:25.157+0000] {processor.py:179} INFO - Processing /home/airflow/.local/lib/python3.8/site-packages/airflow/example_dags/example_time_delta_sensor_async.py took 0.062 seconds
[2023-09-07T15:58:56.322+0000] {processor.py:157} INFO - Started process (PID=500) to work on /home/airflow/.local/lib/python3.8/site-packages/airflow/example_dags/example_time_delta_sensor_async.py
[2023-09-07T15:58:56.324+0000] {processor.py:829} INFO - Processing file /home/airflow/.local/lib/python3.8/site-packages/airflow/example_dags/example_time_delta_sensor_async.py for tasks to queue
[2023-09-07T15:58:56.326+0000] {logging_mixin.py:151} INFO - [2023-09-07T15:58:56.325+0000] {dagbag.py:539} INFO - Filling up the DagBag from /home/airflow/.local/lib/python3.8/site-packages/airflow/example_dags/example_time_delta_sensor_async.py
[2023-09-07T15:58:56.329+0000] {processor.py:839} INFO - DAG(s) dict_keys(['example_time_delta_sensor_async']) retrieved from /home/airflow/.local/lib/python3.8/site-packages/airflow/example_dags/example_time_delta_sensor_async.py
[2023-09-07T15:58:56.351+0000] {logging_mixin.py:151} INFO - [2023-09-07T15:58:56.351+0000] {dag.py:2907} INFO - Sync 1 DAGs
[2023-09-07T15:58:56.371+0000] {logging_mixin.py:151} INFO - [2023-09-07T15:58:56.371+0000] {dag.py:3677} INFO - Setting next_dagrun for example_time_delta_sensor_async to None, run_after=None
[2023-09-07T15:58:56.383+0000] {processor.py:179} INFO - Processing /home/airflow/.local/lib/python3.8/site-packages/airflow/example_dags/example_time_delta_sensor_async.py took 0.063 seconds
[2023-09-07T15:59:28.588+0000] {processor.py:157} INFO - Started process (PID=738) to work on /home/airflow/.local/lib/python3.8/site-packages/airflow/example_dags/example_time_delta_sensor_async.py
[2023-09-07T15:59:28.591+0000] {processor.py:829} INFO - Processing file /home/airflow/.local/lib/python3.8/site-packages/airflow/example_dags/example_time_delta_sensor_async.py for tasks to queue
[2023-09-07T15:59:28.593+0000] {logging_mixin.py:151} INFO - [2023-09-07T15:59:28.592+0000] {dagbag.py:539} INFO - Filling up the DagBag from /home/airflow/.local/lib/python3.8/site-packages/airflow/example_dags/example_time_delta_sensor_async.py
[2023-09-07T15:59:28.603+0000] {processor.py:839} INFO - DAG(s) dict_keys(['example_time_delta_sensor_async']) retrieved from /home/airflow/.local/lib/python3.8/site-packages/airflow/example_dags/example_time_delta_sensor_async.py
[2023-09-07T15:59:28.781+0000] {logging_mixin.py:151} INFO - [2023-09-07T15:59:28.781+0000] {dag.py:2907} INFO - Sync 1 DAGs
[2023-09-07T15:59:28.792+0000] {logging_mixin.py:151} INFO - [2023-09-07T15:59:28.792+0000] {dag.py:3677} INFO - Setting next_dagrun for example_time_delta_sensor_async to None, run_after=None
[2023-09-07T15:59:28.808+0000] {processor.py:179} INFO - Processing /home/airflow/.local/lib/python3.8/site-packages/airflow/example_dags/example_time_delta_sensor_async.py took 0.226 seconds
[2023-09-07T15:59:59.703+0000] {processor.py:157} INFO - Started process (PID=978) to work on /home/airflow/.local/lib/python3.8/site-packages/airflow/example_dags/example_time_delta_sensor_async.py
[2023-09-07T15:59:59.705+0000] {processor.py:829} INFO - Processing file /home/airflow/.local/lib/python3.8/site-packages/airflow/example_dags/example_time_delta_sensor_async.py for tasks to queue
[2023-09-07T15:59:59.706+0000] {logging_mixin.py:151} INFO - [2023-09-07T15:59:59.706+0000] {dagbag.py:539} INFO - Filling up the DagBag from /home/airflow/.local/lib/python3.8/site-packages/airflow/example_dags/example_time_delta_sensor_async.py
[2023-09-07T15:59:59.710+0000] {processor.py:839} INFO - DAG(s) dict_keys(['example_time_delta_sensor_async']) retrieved from /home/airflow/.local/lib/python3.8/site-packages/airflow/example_dags/example_time_delta_sensor_async.py
[2023-09-07T15:59:59.730+0000] {logging_mixin.py:151} INFO - [2023-09-07T15:59:59.730+0000] {dag.py:2907} INFO - Sync 1 DAGs
[2023-09-07T15:59:59.740+0000] {logging_mixin.py:151} INFO - [2023-09-07T15:59:59.740+0000] {dag.py:3677} INFO - Setting next_dagrun for example_time_delta_sensor_async to None, run_after=None
[2023-09-07T15:59:59.751+0000] {processor.py:179} INFO - Processing /home/airflow/.local/lib/python3.8/site-packages/airflow/example_dags/example_time_delta_sensor_async.py took 0.051 seconds
[2023-09-07T16:00:29.834+0000] {processor.py:157} INFO - Started process (PID=1215) to work on /home/airflow/.local/lib/python3.8/site-packages/airflow/example_dags/example_time_delta_sensor_async.py
[2023-09-07T16:00:29.835+0000] {processor.py:829} INFO - Processing file /home/airflow/.local/lib/python3.8/site-packages/airflow/example_dags/example_time_delta_sensor_async.py for tasks to queue
[2023-09-07T16:00:29.836+0000] {logging_mixin.py:151} INFO - [2023-09-07T16:00:29.836+0000] {dagbag.py:539} INFO - Filling up the DagBag from /home/airflow/.local/lib/python3.8/site-packages/airflow/example_dags/example_time_delta_sensor_async.py
[2023-09-07T16:00:29.841+0000] {processor.py:839} INFO - DAG(s) dict_keys(['example_time_delta_sensor_async']) retrieved from /home/airflow/.local/lib/python3.8/site-packages/airflow/example_dags/example_time_delta_sensor_async.py
[2023-09-07T16:00:29.858+0000] {logging_mixin.py:151} INFO - [2023-09-07T16:00:29.858+0000] {dag.py:2907} INFO - Sync 1 DAGs
[2023-09-07T16:00:29.866+0000] {logging_mixin.py:151} INFO - [2023-09-07T16:00:29.866+0000] {dag.py:3677} INFO - Setting next_dagrun for example_time_delta_sensor_async to None, run_after=None
[2023-09-07T16:00:29.876+0000] {processor.py:179} INFO - Processing /home/airflow/.local/lib/python3.8/site-packages/airflow/example_dags/example_time_delta_sensor_async.py took 0.044 seconds
[2023-09-07T16:01:00.793+0000] {processor.py:157} INFO - Started process (PID=1475) to work on /home/airflow/.local/lib/python3.8/site-packages/airflow/example_dags/example_time_delta_sensor_async.py
[2023-09-07T16:01:00.794+0000] {processor.py:829} INFO - Processing file /home/airflow/.local/lib/python3.8/site-packages/airflow/example_dags/example_time_delta_sensor_async.py for tasks to queue
[2023-09-07T16:01:00.795+0000] {logging_mixin.py:151} INFO - [2023-09-07T16:01:00.795+0000] {dagbag.py:539} INFO - Filling up the DagBag from /home/airflow/.local/lib/python3.8/site-packages/airflow/example_dags/example_time_delta_sensor_async.py
[2023-09-07T16:01:00.799+0000] {processor.py:839} INFO - DAG(s) dict_keys(['example_time_delta_sensor_async']) retrieved from /home/airflow/.local/lib/python3.8/site-packages/airflow/example_dags/example_time_delta_sensor_async.py
[2023-09-07T16:01:00.818+0000] {logging_mixin.py:151} INFO - [2023-09-07T16:01:00.818+0000] {dag.py:2907} INFO - Sync 1 DAGs
[2023-09-07T16:01:00.827+0000] {logging_mixin.py:151} INFO - [2023-09-07T16:01:00.827+0000] {dag.py:3677} INFO - Setting next_dagrun for example_time_delta_sensor_async to None, run_after=None
[2023-09-07T16:01:00.838+0000] {processor.py:179} INFO - Processing /home/airflow/.local/lib/python3.8/site-packages/airflow/example_dags/example_time_delta_sensor_async.py took 0.049 seconds
[2023-09-07T16:01:31.392+0000] {processor.py:157} INFO - Started process (PID=1713) to work on /home/airflow/.local/lib/python3.8/site-packages/airflow/example_dags/example_time_delta_sensor_async.py
[2023-09-07T16:01:31.394+0000] {processor.py:829} INFO - Processing file /home/airflow/.local/lib/python3.8/site-packages/airflow/example_dags/example_time_delta_sensor_async.py for tasks to queue
[2023-09-07T16:01:31.396+0000] {logging_mixin.py:151} INFO - [2023-09-07T16:01:31.395+0000] {dagbag.py:539} INFO - Filling up the DagBag from /home/airflow/.local/lib/python3.8/site-packages/airflow/example_dags/example_time_delta_sensor_async.py
[2023-09-07T16:01:31.402+0000] {processor.py:839} INFO - DAG(s) dict_keys(['example_time_delta_sensor_async']) retrieved from /home/airflow/.local/lib/python3.8/site-packages/airflow/example_dags/example_time_delta_sensor_async.py
[2023-09-07T16:01:31.426+0000] {logging_mixin.py:151} INFO - [2023-09-07T16:01:31.426+0000] {dag.py:2907} INFO - Sync 1 DAGs
[2023-09-07T16:01:31.435+0000] {logging_mixin.py:151} INFO - [2023-09-07T16:01:31.435+0000] {dag.py:3677} INFO - Setting next_dagrun for example_time_delta_sensor_async to None, run_after=None
[2023-09-07T16:01:31.447+0000] {processor.py:179} INFO - Processing /home/airflow/.local/lib/python3.8/site-packages/airflow/example_dags/example_time_delta_sensor_async.py took 0.058 seconds
[2023-09-07T16:02:02.983+0000] {processor.py:157} INFO - Started process (PID=1951) to work on /home/airflow/.local/lib/python3.8/site-packages/airflow/example_dags/example_time_delta_sensor_async.py
[2023-09-07T16:02:02.986+0000] {processor.py:829} INFO - Processing file /home/airflow/.local/lib/python3.8/site-packages/airflow/example_dags/example_time_delta_sensor_async.py for tasks to queue
[2023-09-07T16:02:02.988+0000] {logging_mixin.py:151} INFO - [2023-09-07T16:02:02.988+0000] {dagbag.py:539} INFO - Filling up the DagBag from /home/airflow/.local/lib/python3.8/site-packages/airflow/example_dags/example_time_delta_sensor_async.py
[2023-09-07T16:02:02.995+0000] {processor.py:839} INFO - DAG(s) dict_keys(['example_time_delta_sensor_async']) retrieved from /home/airflow/.local/lib/python3.8/site-packages/airflow/example_dags/example_time_delta_sensor_async.py
[2023-09-07T16:02:03.032+0000] {logging_mixin.py:151} INFO - [2023-09-07T16:02:03.032+0000] {dag.py:2907} INFO - Sync 1 DAGs
[2023-09-07T16:02:03.062+0000] {logging_mixin.py:151} INFO - [2023-09-07T16:02:03.062+0000] {dag.py:3677} INFO - Setting next_dagrun for example_time_delta_sensor_async to None, run_after=None
[2023-09-07T16:02:03.153+0000] {processor.py:179} INFO - Processing /home/airflow/.local/lib/python3.8/site-packages/airflow/example_dags/example_time_delta_sensor_async.py took 0.174 seconds
[2023-09-07T16:02:34.181+0000] {processor.py:157} INFO - Started process (PID=2191) to work on /home/airflow/.local/lib/python3.8/site-packages/airflow/example_dags/example_time_delta_sensor_async.py
[2023-09-07T16:02:34.187+0000] {processor.py:829} INFO - Processing file /home/airflow/.local/lib/python3.8/site-packages/airflow/example_dags/example_time_delta_sensor_async.py for tasks to queue
[2023-09-07T16:02:34.189+0000] {logging_mixin.py:151} INFO - [2023-09-07T16:02:34.189+0000] {dagbag.py:539} INFO - Filling up the DagBag from /home/airflow/.local/lib/python3.8/site-packages/airflow/example_dags/example_time_delta_sensor_async.py
[2023-09-07T16:02:34.200+0000] {processor.py:839} INFO - DAG(s) dict_keys(['example_time_delta_sensor_async']) retrieved from /home/airflow/.local/lib/python3.8/site-packages/airflow/example_dags/example_time_delta_sensor_async.py
[2023-09-07T16:02:34.248+0000] {logging_mixin.py:151} INFO - [2023-09-07T16:02:34.248+0000] {dag.py:2907} INFO - Sync 1 DAGs
[2023-09-07T16:02:34.263+0000] {logging_mixin.py:151} INFO - [2023-09-07T16:02:34.263+0000] {dag.py:3677} INFO - Setting next_dagrun for example_time_delta_sensor_async to None, run_after=None
[2023-09-07T16:02:34.280+0000] {processor.py:179} INFO - Processing /home/airflow/.local/lib/python3.8/site-packages/airflow/example_dags/example_time_delta_sensor_async.py took 0.126 seconds
[2023-09-07T16:03:04.519+0000] {processor.py:157} INFO - Started process (PID=2429) to work on /home/airflow/.local/lib/python3.8/site-packages/airflow/example_dags/example_time_delta_sensor_async.py
[2023-09-07T16:03:04.534+0000] {processor.py:829} INFO - Processing file /home/airflow/.local/lib/python3.8/site-packages/airflow/example_dags/example_time_delta_sensor_async.py for tasks to queue
[2023-09-07T16:03:04.538+0000] {logging_mixin.py:151} INFO - [2023-09-07T16:03:04.536+0000] {dagbag.py:539} INFO - Filling up the DagBag from /home/airflow/.local/lib/python3.8/site-packages/airflow/example_dags/example_time_delta_sensor_async.py
[2023-09-07T16:03:04.553+0000] {processor.py:839} INFO - DAG(s) dict_keys(['example_time_delta_sensor_async']) retrieved from /home/airflow/.local/lib/python3.8/site-packages/airflow/example_dags/example_time_delta_sensor_async.py
[2023-09-07T16:03:04.608+0000] {logging_mixin.py:151} INFO - [2023-09-07T16:03:04.607+0000] {dag.py:2907} INFO - Sync 1 DAGs
[2023-09-07T16:03:04.656+0000] {logging_mixin.py:151} INFO - [2023-09-07T16:03:04.655+0000] {dag.py:3677} INFO - Setting next_dagrun for example_time_delta_sensor_async to None, run_after=None
[2023-09-07T16:03:04.693+0000] {processor.py:179} INFO - Processing /home/airflow/.local/lib/python3.8/site-packages/airflow/example_dags/example_time_delta_sensor_async.py took 0.190 seconds
[2023-09-07T16:03:35.602+0000] {processor.py:157} INFO - Started process (PID=2667) to work on /home/airflow/.local/lib/python3.8/site-packages/airflow/example_dags/example_time_delta_sensor_async.py
[2023-09-07T16:03:35.606+0000] {processor.py:829} INFO - Processing file /home/airflow/.local/lib/python3.8/site-packages/airflow/example_dags/example_time_delta_sensor_async.py for tasks to queue
[2023-09-07T16:03:35.608+0000] {logging_mixin.py:151} INFO - [2023-09-07T16:03:35.608+0000] {dagbag.py:539} INFO - Filling up the DagBag from /home/airflow/.local/lib/python3.8/site-packages/airflow/example_dags/example_time_delta_sensor_async.py
[2023-09-07T16:03:35.628+0000] {processor.py:839} INFO - DAG(s) dict_keys(['example_time_delta_sensor_async']) retrieved from /home/airflow/.local/lib/python3.8/site-packages/airflow/example_dags/example_time_delta_sensor_async.py
[2023-09-07T16:03:35.690+0000] {logging_mixin.py:151} INFO - [2023-09-07T16:03:35.690+0000] {dag.py:2907} INFO - Sync 1 DAGs
[2023-09-07T16:03:35.706+0000] {logging_mixin.py:151} INFO - [2023-09-07T16:03:35.705+0000] {dag.py:3677} INFO - Setting next_dagrun for example_time_delta_sensor_async to None, run_after=None
[2023-09-07T16:03:35.724+0000] {processor.py:179} INFO - Processing /home/airflow/.local/lib/python3.8/site-packages/airflow/example_dags/example_time_delta_sensor_async.py took 0.134 seconds
[2023-09-07T16:04:06.328+0000] {processor.py:157} INFO - Started process (PID=2905) to work on /home/airflow/.local/lib/python3.8/site-packages/airflow/example_dags/example_time_delta_sensor_async.py
[2023-09-07T16:04:06.334+0000] {processor.py:829} INFO - Processing file /home/airflow/.local/lib/python3.8/site-packages/airflow/example_dags/example_time_delta_sensor_async.py for tasks to queue
[2023-09-07T16:04:06.338+0000] {logging_mixin.py:151} INFO - [2023-09-07T16:04:06.336+0000] {dagbag.py:539} INFO - Filling up the DagBag from /home/airflow/.local/lib/python3.8/site-packages/airflow/example_dags/example_time_delta_sensor_async.py
[2023-09-07T16:04:06.352+0000] {processor.py:839} INFO - DAG(s) dict_keys(['example_time_delta_sensor_async']) retrieved from /home/airflow/.local/lib/python3.8/site-packages/airflow/example_dags/example_time_delta_sensor_async.py
[2023-09-07T16:04:06.445+0000] {logging_mixin.py:151} INFO - [2023-09-07T16:04:06.445+0000] {dag.py:2907} INFO - Sync 1 DAGs
[2023-09-07T16:04:06.462+0000] {logging_mixin.py:151} INFO - [2023-09-07T16:04:06.461+0000] {dag.py:3677} INFO - Setting next_dagrun for example_time_delta_sensor_async to None, run_after=None
[2023-09-07T16:04:06.480+0000] {processor.py:179} INFO - Processing /home/airflow/.local/lib/python3.8/site-packages/airflow/example_dags/example_time_delta_sensor_async.py took 0.172 seconds
[2023-09-07T16:04:36.751+0000] {processor.py:157} INFO - Started process (PID=3143) to work on /home/airflow/.local/lib/python3.8/site-packages/airflow/example_dags/example_time_delta_sensor_async.py
[2023-09-07T16:04:36.754+0000] {processor.py:829} INFO - Processing file /home/airflow/.local/lib/python3.8/site-packages/airflow/example_dags/example_time_delta_sensor_async.py for tasks to queue
[2023-09-07T16:04:36.755+0000] {logging_mixin.py:151} INFO - [2023-09-07T16:04:36.755+0000] {dagbag.py:539} INFO - Filling up the DagBag from /home/airflow/.local/lib/python3.8/site-packages/airflow/example_dags/example_time_delta_sensor_async.py
[2023-09-07T16:04:36.764+0000] {processor.py:839} INFO - DAG(s) dict_keys(['example_time_delta_sensor_async']) retrieved from /home/airflow/.local/lib/python3.8/site-packages/airflow/example_dags/example_time_delta_sensor_async.py
[2023-09-07T16:04:36.822+0000] {logging_mixin.py:151} INFO - [2023-09-07T16:04:36.822+0000] {dag.py:2907} INFO - Sync 1 DAGs
[2023-09-07T16:04:36.838+0000] {logging_mixin.py:151} INFO - [2023-09-07T16:04:36.838+0000] {dag.py:3677} INFO - Setting next_dagrun for example_time_delta_sensor_async to None, run_after=None
[2023-09-07T16:04:36.870+0000] {processor.py:179} INFO - Processing /home/airflow/.local/lib/python3.8/site-packages/airflow/example_dags/example_time_delta_sensor_async.py took 0.127 seconds
[2023-09-07T16:05:08.007+0000] {processor.py:157} INFO - Started process (PID=3381) to work on /home/airflow/.local/lib/python3.8/site-packages/airflow/example_dags/example_time_delta_sensor_async.py
[2023-09-07T16:05:08.010+0000] {processor.py:829} INFO - Processing file /home/airflow/.local/lib/python3.8/site-packages/airflow/example_dags/example_time_delta_sensor_async.py for tasks to queue
[2023-09-07T16:05:08.012+0000] {logging_mixin.py:151} INFO - [2023-09-07T16:05:08.011+0000] {dagbag.py:539} INFO - Filling up the DagBag from /home/airflow/.local/lib/python3.8/site-packages/airflow/example_dags/example_time_delta_sensor_async.py
[2023-09-07T16:05:08.036+0000] {processor.py:839} INFO - DAG(s) dict_keys(['example_time_delta_sensor_async']) retrieved from /home/airflow/.local/lib/python3.8/site-packages/airflow/example_dags/example_time_delta_sensor_async.py
[2023-09-07T16:05:08.097+0000] {logging_mixin.py:151} INFO - [2023-09-07T16:05:08.096+0000] {dag.py:2907} INFO - Sync 1 DAGs
[2023-09-07T16:05:08.113+0000] {logging_mixin.py:151} INFO - [2023-09-07T16:05:08.113+0000] {dag.py:3677} INFO - Setting next_dagrun for example_time_delta_sensor_async to None, run_after=None
[2023-09-07T16:05:08.134+0000] {processor.py:179} INFO - Processing /home/airflow/.local/lib/python3.8/site-packages/airflow/example_dags/example_time_delta_sensor_async.py took 0.137 seconds
[2023-09-07T16:05:38.635+0000] {processor.py:157} INFO - Started process (PID=3620) to work on /home/airflow/.local/lib/python3.8/site-packages/airflow/example_dags/example_time_delta_sensor_async.py
[2023-09-07T16:05:38.638+0000] {processor.py:829} INFO - Processing file /home/airflow/.local/lib/python3.8/site-packages/airflow/example_dags/example_time_delta_sensor_async.py for tasks to queue
[2023-09-07T16:05:38.641+0000] {logging_mixin.py:151} INFO - [2023-09-07T16:05:38.640+0000] {dagbag.py:539} INFO - Filling up the DagBag from /home/airflow/.local/lib/python3.8/site-packages/airflow/example_dags/example_time_delta_sensor_async.py
[2023-09-07T16:05:38.654+0000] {processor.py:839} INFO - DAG(s) dict_keys(['example_time_delta_sensor_async']) retrieved from /home/airflow/.local/lib/python3.8/site-packages/airflow/example_dags/example_time_delta_sensor_async.py
[2023-09-07T16:05:38.733+0000] {logging_mixin.py:151} INFO - [2023-09-07T16:05:38.732+0000] {dag.py:2907} INFO - Sync 1 DAGs
[2023-09-07T16:05:38.752+0000] {logging_mixin.py:151} INFO - [2023-09-07T16:05:38.752+0000] {dag.py:3677} INFO - Setting next_dagrun for example_time_delta_sensor_async to None, run_after=None
[2023-09-07T16:05:38.773+0000] {processor.py:179} INFO - Processing /home/airflow/.local/lib/python3.8/site-packages/airflow/example_dags/example_time_delta_sensor_async.py took 0.147 seconds
[2023-09-07T16:06:09.735+0000] {processor.py:157} INFO - Started process (PID=3858) to work on /home/airflow/.local/lib/python3.8/site-packages/airflow/example_dags/example_time_delta_sensor_async.py
[2023-09-07T16:06:09.740+0000] {processor.py:829} INFO - Processing file /home/airflow/.local/lib/python3.8/site-packages/airflow/example_dags/example_time_delta_sensor_async.py for tasks to queue
[2023-09-07T16:06:09.742+0000] {logging_mixin.py:151} INFO - [2023-09-07T16:06:09.741+0000] {dagbag.py:539} INFO - Filling up the DagBag from /home/airflow/.local/lib/python3.8/site-packages/airflow/example_dags/example_time_delta_sensor_async.py
[2023-09-07T16:06:09.775+0000] {processor.py:839} INFO - DAG(s) dict_keys(['example_time_delta_sensor_async']) retrieved from /home/airflow/.local/lib/python3.8/site-packages/airflow/example_dags/example_time_delta_sensor_async.py
[2023-09-07T16:06:09.853+0000] {logging_mixin.py:151} INFO - [2023-09-07T16:06:09.853+0000] {dag.py:2907} INFO - Sync 1 DAGs
[2023-09-07T16:06:09.869+0000] {logging_mixin.py:151} INFO - [2023-09-07T16:06:09.869+0000] {dag.py:3677} INFO - Setting next_dagrun for example_time_delta_sensor_async to None, run_after=None
[2023-09-07T16:06:09.893+0000] {processor.py:179} INFO - Processing /home/airflow/.local/lib/python3.8/site-packages/airflow/example_dags/example_time_delta_sensor_async.py took 0.169 seconds
[2023-09-07T16:06:40.689+0000] {processor.py:157} INFO - Started process (PID=4096) to work on /home/airflow/.local/lib/python3.8/site-packages/airflow/example_dags/example_time_delta_sensor_async.py
[2023-09-07T16:06:40.694+0000] {processor.py:829} INFO - Processing file /home/airflow/.local/lib/python3.8/site-packages/airflow/example_dags/example_time_delta_sensor_async.py for tasks to queue
[2023-09-07T16:06:40.705+0000] {logging_mixin.py:151} INFO - [2023-09-07T16:06:40.702+0000] {dagbag.py:539} INFO - Filling up the DagBag from /home/airflow/.local/lib/python3.8/site-packages/airflow/example_dags/example_time_delta_sensor_async.py
[2023-09-07T16:06:40.727+0000] {processor.py:839} INFO - DAG(s) dict_keys(['example_time_delta_sensor_async']) retrieved from /home/airflow/.local/lib/python3.8/site-packages/airflow/example_dags/example_time_delta_sensor_async.py
[2023-09-07T16:06:40.799+0000] {logging_mixin.py:151} INFO - [2023-09-07T16:06:40.799+0000] {dag.py:2907} INFO - Sync 1 DAGs
[2023-09-07T16:06:40.835+0000] {logging_mixin.py:151} INFO - [2023-09-07T16:06:40.835+0000] {dag.py:3677} INFO - Setting next_dagrun for example_time_delta_sensor_async to None, run_after=None
[2023-09-07T16:06:40.852+0000] {processor.py:179} INFO - Processing /home/airflow/.local/lib/python3.8/site-packages/airflow/example_dags/example_time_delta_sensor_async.py took 0.173 seconds
[2023-09-07T16:07:11.429+0000] {processor.py:157} INFO - Started process (PID=4334) to work on /home/airflow/.local/lib/python3.8/site-packages/airflow/example_dags/example_time_delta_sensor_async.py
[2023-09-07T16:07:11.432+0000] {processor.py:829} INFO - Processing file /home/airflow/.local/lib/python3.8/site-packages/airflow/example_dags/example_time_delta_sensor_async.py for tasks to queue
[2023-09-07T16:07:11.434+0000] {logging_mixin.py:151} INFO - [2023-09-07T16:07:11.433+0000] {dagbag.py:539} INFO - Filling up the DagBag from /home/airflow/.local/lib/python3.8/site-packages/airflow/example_dags/example_time_delta_sensor_async.py
[2023-09-07T16:07:11.458+0000] {processor.py:839} INFO - DAG(s) dict_keys(['example_time_delta_sensor_async']) retrieved from /home/airflow/.local/lib/python3.8/site-packages/airflow/example_dags/example_time_delta_sensor_async.py
[2023-09-07T16:07:11.501+0000] {logging_mixin.py:151} INFO - [2023-09-07T16:07:11.501+0000] {dag.py:2907} INFO - Sync 1 DAGs
[2023-09-07T16:07:11.514+0000] {logging_mixin.py:151} INFO - [2023-09-07T16:07:11.514+0000] {dag.py:3677} INFO - Setting next_dagrun for example_time_delta_sensor_async to None, run_after=None
[2023-09-07T16:07:11.529+0000] {processor.py:179} INFO - Processing /home/airflow/.local/lib/python3.8/site-packages/airflow/example_dags/example_time_delta_sensor_async.py took 0.111 seconds
[2023-09-07T16:07:41.620+0000] {processor.py:157} INFO - Started process (PID=4572) to work on /home/airflow/.local/lib/python3.8/site-packages/airflow/example_dags/example_time_delta_sensor_async.py
[2023-09-07T16:07:41.621+0000] {processor.py:829} INFO - Processing file /home/airflow/.local/lib/python3.8/site-packages/airflow/example_dags/example_time_delta_sensor_async.py for tasks to queue
[2023-09-07T16:07:41.622+0000] {logging_mixin.py:151} INFO - [2023-09-07T16:07:41.622+0000] {dagbag.py:539} INFO - Filling up the DagBag from /home/airflow/.local/lib/python3.8/site-packages/airflow/example_dags/example_time_delta_sensor_async.py
[2023-09-07T16:07:41.626+0000] {processor.py:839} INFO - DAG(s) dict_keys(['example_time_delta_sensor_async']) retrieved from /home/airflow/.local/lib/python3.8/site-packages/airflow/example_dags/example_time_delta_sensor_async.py
[2023-09-07T16:07:41.649+0000] {logging_mixin.py:151} INFO - [2023-09-07T16:07:41.648+0000] {dag.py:2907} INFO - Sync 1 DAGs
[2023-09-07T16:07:41.657+0000] {logging_mixin.py:151} INFO - [2023-09-07T16:07:41.657+0000] {dag.py:3677} INFO - Setting next_dagrun for example_time_delta_sensor_async to None, run_after=None
[2023-09-07T16:07:41.669+0000] {processor.py:179} INFO - Processing /home/airflow/.local/lib/python3.8/site-packages/airflow/example_dags/example_time_delta_sensor_async.py took 0.052 seconds
[2023-09-07T16:08:12.553+0000] {processor.py:157} INFO - Started process (PID=4808) to work on /home/airflow/.local/lib/python3.8/site-packages/airflow/example_dags/example_time_delta_sensor_async.py
[2023-09-07T16:08:12.555+0000] {processor.py:829} INFO - Processing file /home/airflow/.local/lib/python3.8/site-packages/airflow/example_dags/example_time_delta_sensor_async.py for tasks to queue
[2023-09-07T16:08:12.556+0000] {logging_mixin.py:151} INFO - [2023-09-07T16:08:12.556+0000] {dagbag.py:539} INFO - Filling up the DagBag from /home/airflow/.local/lib/python3.8/site-packages/airflow/example_dags/example_time_delta_sensor_async.py
[2023-09-07T16:08:12.561+0000] {processor.py:839} INFO - DAG(s) dict_keys(['example_time_delta_sensor_async']) retrieved from /home/airflow/.local/lib/python3.8/site-packages/airflow/example_dags/example_time_delta_sensor_async.py
[2023-09-07T16:08:12.589+0000] {logging_mixin.py:151} INFO - [2023-09-07T16:08:12.589+0000] {dag.py:2907} INFO - Sync 1 DAGs
[2023-09-07T16:08:12.600+0000] {logging_mixin.py:151} INFO - [2023-09-07T16:08:12.600+0000] {dag.py:3677} INFO - Setting next_dagrun for example_time_delta_sensor_async to None, run_after=None
[2023-09-07T16:08:12.612+0000] {processor.py:179} INFO - Processing /home/airflow/.local/lib/python3.8/site-packages/airflow/example_dags/example_time_delta_sensor_async.py took 0.063 seconds
[2023-09-07T16:08:43.219+0000] {processor.py:157} INFO - Started process (PID=5046) to work on /home/airflow/.local/lib/python3.8/site-packages/airflow/example_dags/example_time_delta_sensor_async.py
[2023-09-07T16:08:43.221+0000] {processor.py:829} INFO - Processing file /home/airflow/.local/lib/python3.8/site-packages/airflow/example_dags/example_time_delta_sensor_async.py for tasks to queue
[2023-09-07T16:08:43.223+0000] {logging_mixin.py:151} INFO - [2023-09-07T16:08:43.222+0000] {dagbag.py:539} INFO - Filling up the DagBag from /home/airflow/.local/lib/python3.8/site-packages/airflow/example_dags/example_time_delta_sensor_async.py
[2023-09-07T16:08:43.227+0000] {processor.py:839} INFO - DAG(s) dict_keys(['example_time_delta_sensor_async']) retrieved from /home/airflow/.local/lib/python3.8/site-packages/airflow/example_dags/example_time_delta_sensor_async.py
[2023-09-07T16:08:43.246+0000] {logging_mixin.py:151} INFO - [2023-09-07T16:08:43.246+0000] {dag.py:2907} INFO - Sync 1 DAGs
[2023-09-07T16:08:43.256+0000] {logging_mixin.py:151} INFO - [2023-09-07T16:08:43.255+0000] {dag.py:3677} INFO - Setting next_dagrun for example_time_delta_sensor_async to None, run_after=None
[2023-09-07T16:08:43.268+0000] {processor.py:179} INFO - Processing /home/airflow/.local/lib/python3.8/site-packages/airflow/example_dags/example_time_delta_sensor_async.py took 0.052 seconds
[2023-09-07T16:09:13.785+0000] {processor.py:157} INFO - Started process (PID=5284) to work on /home/airflow/.local/lib/python3.8/site-packages/airflow/example_dags/example_time_delta_sensor_async.py
[2023-09-07T16:09:13.786+0000] {processor.py:829} INFO - Processing file /home/airflow/.local/lib/python3.8/site-packages/airflow/example_dags/example_time_delta_sensor_async.py for tasks to queue
[2023-09-07T16:09:13.787+0000] {logging_mixin.py:151} INFO - [2023-09-07T16:09:13.787+0000] {dagbag.py:539} INFO - Filling up the DagBag from /home/airflow/.local/lib/python3.8/site-packages/airflow/example_dags/example_time_delta_sensor_async.py
[2023-09-07T16:09:13.792+0000] {processor.py:839} INFO - DAG(s) dict_keys(['example_time_delta_sensor_async']) retrieved from /home/airflow/.local/lib/python3.8/site-packages/airflow/example_dags/example_time_delta_sensor_async.py
[2023-09-07T16:09:13.819+0000] {logging_mixin.py:151} INFO - [2023-09-07T16:09:13.819+0000] {dag.py:2907} INFO - Sync 1 DAGs
[2023-09-07T16:09:13.828+0000] {logging_mixin.py:151} INFO - [2023-09-07T16:09:13.828+0000] {dag.py:3677} INFO - Setting next_dagrun for example_time_delta_sensor_async to None, run_after=None
[2023-09-07T16:09:13.841+0000] {processor.py:179} INFO - Processing /home/airflow/.local/lib/python3.8/site-packages/airflow/example_dags/example_time_delta_sensor_async.py took 0.060 seconds
[2023-09-07T16:09:43.948+0000] {processor.py:157} INFO - Started process (PID=5522) to work on /home/airflow/.local/lib/python3.8/site-packages/airflow/example_dags/example_time_delta_sensor_async.py
[2023-09-07T16:09:43.950+0000] {processor.py:829} INFO - Processing file /home/airflow/.local/lib/python3.8/site-packages/airflow/example_dags/example_time_delta_sensor_async.py for tasks to queue
[2023-09-07T16:09:43.952+0000] {logging_mixin.py:151} INFO - [2023-09-07T16:09:43.952+0000] {dagbag.py:539} INFO - Filling up the DagBag from /home/airflow/.local/lib/python3.8/site-packages/airflow/example_dags/example_time_delta_sensor_async.py
[2023-09-07T16:09:43.959+0000] {processor.py:839} INFO - DAG(s) dict_keys(['example_time_delta_sensor_async']) retrieved from /home/airflow/.local/lib/python3.8/site-packages/airflow/example_dags/example_time_delta_sensor_async.py
[2023-09-07T16:09:43.981+0000] {logging_mixin.py:151} INFO - [2023-09-07T16:09:43.981+0000] {dag.py:2907} INFO - Sync 1 DAGs
[2023-09-07T16:09:43.991+0000] {logging_mixin.py:151} INFO - [2023-09-07T16:09:43.991+0000] {dag.py:3677} INFO - Setting next_dagrun for example_time_delta_sensor_async to None, run_after=None
[2023-09-07T16:09:44.003+0000] {processor.py:179} INFO - Processing /home/airflow/.local/lib/python3.8/site-packages/airflow/example_dags/example_time_delta_sensor_async.py took 0.062 seconds
[2023-09-07T16:10:14.808+0000] {processor.py:157} INFO - Started process (PID=5760) to work on /home/airflow/.local/lib/python3.8/site-packages/airflow/example_dags/example_time_delta_sensor_async.py
[2023-09-07T16:10:14.810+0000] {processor.py:829} INFO - Processing file /home/airflow/.local/lib/python3.8/site-packages/airflow/example_dags/example_time_delta_sensor_async.py for tasks to queue
[2023-09-07T16:10:14.811+0000] {logging_mixin.py:151} INFO - [2023-09-07T16:10:14.810+0000] {dagbag.py:539} INFO - Filling up the DagBag from /home/airflow/.local/lib/python3.8/site-packages/airflow/example_dags/example_time_delta_sensor_async.py
[2023-09-07T16:10:14.815+0000] {processor.py:839} INFO - DAG(s) dict_keys(['example_time_delta_sensor_async']) retrieved from /home/airflow/.local/lib/python3.8/site-packages/airflow/example_dags/example_time_delta_sensor_async.py
[2023-09-07T16:10:14.833+0000] {logging_mixin.py:151} INFO - [2023-09-07T16:10:14.833+0000] {dag.py:2907} INFO - Sync 1 DAGs
[2023-09-07T16:10:14.843+0000] {logging_mixin.py:151} INFO - [2023-09-07T16:10:14.843+0000] {dag.py:3677} INFO - Setting next_dagrun for example_time_delta_sensor_async to None, run_after=None
[2023-09-07T16:10:14.855+0000] {processor.py:179} INFO - Processing /home/airflow/.local/lib/python3.8/site-packages/airflow/example_dags/example_time_delta_sensor_async.py took 0.049 seconds
[2023-09-07T16:10:45.402+0000] {processor.py:157} INFO - Started process (PID=5997) to work on /home/airflow/.local/lib/python3.8/site-packages/airflow/example_dags/example_time_delta_sensor_async.py
[2023-09-07T16:10:45.404+0000] {processor.py:829} INFO - Processing file /home/airflow/.local/lib/python3.8/site-packages/airflow/example_dags/example_time_delta_sensor_async.py for tasks to queue
[2023-09-07T16:10:45.405+0000] {logging_mixin.py:151} INFO - [2023-09-07T16:10:45.404+0000] {dagbag.py:539} INFO - Filling up the DagBag from /home/airflow/.local/lib/python3.8/site-packages/airflow/example_dags/example_time_delta_sensor_async.py
[2023-09-07T16:10:45.410+0000] {processor.py:839} INFO - DAG(s) dict_keys(['example_time_delta_sensor_async']) retrieved from /home/airflow/.local/lib/python3.8/site-packages/airflow/example_dags/example_time_delta_sensor_async.py
[2023-09-07T16:10:45.430+0000] {logging_mixin.py:151} INFO - [2023-09-07T16:10:45.430+0000] {dag.py:2907} INFO - Sync 1 DAGs
[2023-09-07T16:10:45.439+0000] {logging_mixin.py:151} INFO - [2023-09-07T16:10:45.439+0000] {dag.py:3677} INFO - Setting next_dagrun for example_time_delta_sensor_async to None, run_after=None
[2023-09-07T16:10:45.451+0000] {processor.py:179} INFO - Processing /home/airflow/.local/lib/python3.8/site-packages/airflow/example_dags/example_time_delta_sensor_async.py took 0.052 seconds
[2023-09-07T16:11:17.293+0000] {processor.py:157} INFO - Started process (PID=6235) to work on /home/airflow/.local/lib/python3.8/site-packages/airflow/example_dags/example_time_delta_sensor_async.py
[2023-09-07T16:11:17.295+0000] {processor.py:829} INFO - Processing file /home/airflow/.local/lib/python3.8/site-packages/airflow/example_dags/example_time_delta_sensor_async.py for tasks to queue
[2023-09-07T16:11:17.296+0000] {logging_mixin.py:151} INFO - [2023-09-07T16:11:17.295+0000] {dagbag.py:539} INFO - Filling up the DagBag from /home/airflow/.local/lib/python3.8/site-packages/airflow/example_dags/example_time_delta_sensor_async.py
[2023-09-07T16:11:17.300+0000] {processor.py:839} INFO - DAG(s) dict_keys(['example_time_delta_sensor_async']) retrieved from /home/airflow/.local/lib/python3.8/site-packages/airflow/example_dags/example_time_delta_sensor_async.py
[2023-09-07T16:11:17.319+0000] {logging_mixin.py:151} INFO - [2023-09-07T16:11:17.318+0000] {dag.py:2907} INFO - Sync 1 DAGs
[2023-09-07T16:11:17.329+0000] {logging_mixin.py:151} INFO - [2023-09-07T16:11:17.329+0000] {dag.py:3677} INFO - Setting next_dagrun for example_time_delta_sensor_async to None, run_after=None
[2023-09-07T16:11:17.348+0000] {processor.py:179} INFO - Processing /home/airflow/.local/lib/python3.8/site-packages/airflow/example_dags/example_time_delta_sensor_async.py took 0.057 seconds
[2023-09-07T16:11:48.469+0000] {processor.py:157} INFO - Started process (PID=6473) to work on /home/airflow/.local/lib/python3.8/site-packages/airflow/example_dags/example_time_delta_sensor_async.py
[2023-09-07T16:11:48.471+0000] {processor.py:829} INFO - Processing file /home/airflow/.local/lib/python3.8/site-packages/airflow/example_dags/example_time_delta_sensor_async.py for tasks to queue
[2023-09-07T16:11:48.473+0000] {logging_mixin.py:151} INFO - [2023-09-07T16:11:48.473+0000] {dagbag.py:539} INFO - Filling up the DagBag from /home/airflow/.local/lib/python3.8/site-packages/airflow/example_dags/example_time_delta_sensor_async.py
[2023-09-07T16:11:48.481+0000] {processor.py:839} INFO - DAG(s) dict_keys(['example_time_delta_sensor_async']) retrieved from /home/airflow/.local/lib/python3.8/site-packages/airflow/example_dags/example_time_delta_sensor_async.py
[2023-09-07T16:11:48.510+0000] {logging_mixin.py:151} INFO - [2023-09-07T16:11:48.509+0000] {dag.py:2907} INFO - Sync 1 DAGs
[2023-09-07T16:11:48.519+0000] {logging_mixin.py:151} INFO - [2023-09-07T16:11:48.519+0000] {dag.py:3677} INFO - Setting next_dagrun for example_time_delta_sensor_async to None, run_after=None
[2023-09-07T16:11:48.530+0000] {processor.py:179} INFO - Processing /home/airflow/.local/lib/python3.8/site-packages/airflow/example_dags/example_time_delta_sensor_async.py took 0.067 seconds
[2023-09-07T16:12:18.923+0000] {processor.py:157} INFO - Started process (PID=6713) to work on /home/airflow/.local/lib/python3.8/site-packages/airflow/example_dags/example_time_delta_sensor_async.py
[2023-09-07T16:12:18.925+0000] {processor.py:829} INFO - Processing file /home/airflow/.local/lib/python3.8/site-packages/airflow/example_dags/example_time_delta_sensor_async.py for tasks to queue
[2023-09-07T16:12:18.926+0000] {logging_mixin.py:151} INFO - [2023-09-07T16:12:18.925+0000] {dagbag.py:539} INFO - Filling up the DagBag from /home/airflow/.local/lib/python3.8/site-packages/airflow/example_dags/example_time_delta_sensor_async.py
[2023-09-07T16:12:18.929+0000] {processor.py:839} INFO - DAG(s) dict_keys(['example_time_delta_sensor_async']) retrieved from /home/airflow/.local/lib/python3.8/site-packages/airflow/example_dags/example_time_delta_sensor_async.py
[2023-09-07T16:12:18.949+0000] {logging_mixin.py:151} INFO - [2023-09-07T16:12:18.949+0000] {dag.py:2907} INFO - Sync 1 DAGs
[2023-09-07T16:12:18.958+0000] {logging_mixin.py:151} INFO - [2023-09-07T16:12:18.958+0000] {dag.py:3677} INFO - Setting next_dagrun for example_time_delta_sensor_async to None, run_after=None
[2023-09-07T16:12:18.970+0000] {processor.py:179} INFO - Processing /home/airflow/.local/lib/python3.8/site-packages/airflow/example_dags/example_time_delta_sensor_async.py took 0.049 seconds
[2023-09-07T16:12:49.174+0000] {processor.py:157} INFO - Started process (PID=6950) to work on /home/airflow/.local/lib/python3.8/site-packages/airflow/example_dags/example_time_delta_sensor_async.py
[2023-09-07T16:12:49.175+0000] {processor.py:829} INFO - Processing file /home/airflow/.local/lib/python3.8/site-packages/airflow/example_dags/example_time_delta_sensor_async.py for tasks to queue
[2023-09-07T16:12:49.176+0000] {logging_mixin.py:151} INFO - [2023-09-07T16:12:49.176+0000] {dagbag.py:539} INFO - Filling up the DagBag from /home/airflow/.local/lib/python3.8/site-packages/airflow/example_dags/example_time_delta_sensor_async.py
[2023-09-07T16:12:49.181+0000] {processor.py:839} INFO - DAG(s) dict_keys(['example_time_delta_sensor_async']) retrieved from /home/airflow/.local/lib/python3.8/site-packages/airflow/example_dags/example_time_delta_sensor_async.py
[2023-09-07T16:12:49.204+0000] {logging_mixin.py:151} INFO - [2023-09-07T16:12:49.204+0000] {dag.py:2907} INFO - Sync 1 DAGs
[2023-09-07T16:12:49.220+0000] {logging_mixin.py:151} INFO - [2023-09-07T16:12:49.220+0000] {dag.py:3677} INFO - Setting next_dagrun for example_time_delta_sensor_async to None, run_after=None
[2023-09-07T16:12:49.245+0000] {processor.py:179} INFO - Processing /home/airflow/.local/lib/python3.8/site-packages/airflow/example_dags/example_time_delta_sensor_async.py took 0.074 seconds
[2023-09-07T16:13:20.183+0000] {processor.py:157} INFO - Started process (PID=7196) to work on /home/airflow/.local/lib/python3.8/site-packages/airflow/example_dags/example_time_delta_sensor_async.py
[2023-09-07T16:13:20.184+0000] {processor.py:829} INFO - Processing file /home/airflow/.local/lib/python3.8/site-packages/airflow/example_dags/example_time_delta_sensor_async.py for tasks to queue
[2023-09-07T16:13:20.185+0000] {logging_mixin.py:151} INFO - [2023-09-07T16:13:20.185+0000] {dagbag.py:539} INFO - Filling up the DagBag from /home/airflow/.local/lib/python3.8/site-packages/airflow/example_dags/example_time_delta_sensor_async.py
[2023-09-07T16:13:20.189+0000] {processor.py:839} INFO - DAG(s) dict_keys(['example_time_delta_sensor_async']) retrieved from /home/airflow/.local/lib/python3.8/site-packages/airflow/example_dags/example_time_delta_sensor_async.py
[2023-09-07T16:13:20.208+0000] {logging_mixin.py:151} INFO - [2023-09-07T16:13:20.208+0000] {dag.py:2907} INFO - Sync 1 DAGs
[2023-09-07T16:13:20.216+0000] {logging_mixin.py:151} INFO - [2023-09-07T16:13:20.216+0000] {dag.py:3677} INFO - Setting next_dagrun for example_time_delta_sensor_async to None, run_after=None
[2023-09-07T16:13:20.230+0000] {processor.py:179} INFO - Processing /home/airflow/.local/lib/python3.8/site-packages/airflow/example_dags/example_time_delta_sensor_async.py took 0.050 seconds
[2023-09-07T16:13:51.066+0000] {processor.py:157} INFO - Started process (PID=7434) to work on /home/airflow/.local/lib/python3.8/site-packages/airflow/example_dags/example_time_delta_sensor_async.py
[2023-09-07T16:13:51.067+0000] {processor.py:829} INFO - Processing file /home/airflow/.local/lib/python3.8/site-packages/airflow/example_dags/example_time_delta_sensor_async.py for tasks to queue
[2023-09-07T16:13:51.068+0000] {logging_mixin.py:151} INFO - [2023-09-07T16:13:51.068+0000] {dagbag.py:539} INFO - Filling up the DagBag from /home/airflow/.local/lib/python3.8/site-packages/airflow/example_dags/example_time_delta_sensor_async.py
[2023-09-07T16:13:51.073+0000] {processor.py:839} INFO - DAG(s) dict_keys(['example_time_delta_sensor_async']) retrieved from /home/airflow/.local/lib/python3.8/site-packages/airflow/example_dags/example_time_delta_sensor_async.py
[2023-09-07T16:13:51.090+0000] {logging_mixin.py:151} INFO - [2023-09-07T16:13:51.090+0000] {dag.py:2907} INFO - Sync 1 DAGs
[2023-09-07T16:13:51.099+0000] {logging_mixin.py:151} INFO - [2023-09-07T16:13:51.099+0000] {dag.py:3677} INFO - Setting next_dagrun for example_time_delta_sensor_async to None, run_after=None
[2023-09-07T16:13:51.111+0000] {processor.py:179} INFO - Processing /home/airflow/.local/lib/python3.8/site-packages/airflow/example_dags/example_time_delta_sensor_async.py took 0.047 seconds
[2023-09-07T16:14:21.665+0000] {processor.py:157} INFO - Started process (PID=7673) to work on /home/airflow/.local/lib/python3.8/site-packages/airflow/example_dags/example_time_delta_sensor_async.py
[2023-09-07T16:14:21.668+0000] {processor.py:829} INFO - Processing file /home/airflow/.local/lib/python3.8/site-packages/airflow/example_dags/example_time_delta_sensor_async.py for tasks to queue
[2023-09-07T16:14:21.684+0000] {logging_mixin.py:151} INFO - [2023-09-07T16:14:21.683+0000] {dagbag.py:539} INFO - Filling up the DagBag from /home/airflow/.local/lib/python3.8/site-packages/airflow/example_dags/example_time_delta_sensor_async.py
[2023-09-07T16:14:21.704+0000] {processor.py:839} INFO - DAG(s) dict_keys(['example_time_delta_sensor_async']) retrieved from /home/airflow/.local/lib/python3.8/site-packages/airflow/example_dags/example_time_delta_sensor_async.py
[2023-09-07T16:14:21.796+0000] {logging_mixin.py:151} INFO - [2023-09-07T16:14:21.796+0000] {dag.py:2907} INFO - Sync 1 DAGs
[2023-09-07T16:14:21.815+0000] {logging_mixin.py:151} INFO - [2023-09-07T16:14:21.815+0000] {dag.py:3677} INFO - Setting next_dagrun for example_time_delta_sensor_async to None, run_after=None
[2023-09-07T16:14:21.831+0000] {processor.py:179} INFO - Processing /home/airflow/.local/lib/python3.8/site-packages/airflow/example_dags/example_time_delta_sensor_async.py took 0.173 seconds
[2023-09-07T16:14:52.744+0000] {processor.py:157} INFO - Started process (PID=7913) to work on /home/airflow/.local/lib/python3.8/site-packages/airflow/example_dags/example_time_delta_sensor_async.py
[2023-09-07T16:14:52.746+0000] {processor.py:829} INFO - Processing file /home/airflow/.local/lib/python3.8/site-packages/airflow/example_dags/example_time_delta_sensor_async.py for tasks to queue
[2023-09-07T16:14:52.747+0000] {logging_mixin.py:151} INFO - [2023-09-07T16:14:52.746+0000] {dagbag.py:539} INFO - Filling up the DagBag from /home/airflow/.local/lib/python3.8/site-packages/airflow/example_dags/example_time_delta_sensor_async.py
[2023-09-07T16:14:52.751+0000] {processor.py:839} INFO - DAG(s) dict_keys(['example_time_delta_sensor_async']) retrieved from /home/airflow/.local/lib/python3.8/site-packages/airflow/example_dags/example_time_delta_sensor_async.py
[2023-09-07T16:14:52.777+0000] {logging_mixin.py:151} INFO - [2023-09-07T16:14:52.777+0000] {dag.py:2907} INFO - Sync 1 DAGs
[2023-09-07T16:14:52.787+0000] {logging_mixin.py:151} INFO - [2023-09-07T16:14:52.787+0000] {dag.py:3677} INFO - Setting next_dagrun for example_time_delta_sensor_async to None, run_after=None
[2023-09-07T16:14:52.800+0000] {processor.py:179} INFO - Processing /home/airflow/.local/lib/python3.8/site-packages/airflow/example_dags/example_time_delta_sensor_async.py took 0.058 seconds
[2023-09-07T16:15:23.586+0000] {processor.py:157} INFO - Started process (PID=8150) to work on /home/airflow/.local/lib/python3.8/site-packages/airflow/example_dags/example_time_delta_sensor_async.py
[2023-09-07T16:15:23.587+0000] {processor.py:829} INFO - Processing file /home/airflow/.local/lib/python3.8/site-packages/airflow/example_dags/example_time_delta_sensor_async.py for tasks to queue
[2023-09-07T16:15:23.588+0000] {logging_mixin.py:151} INFO - [2023-09-07T16:15:23.587+0000] {dagbag.py:539} INFO - Filling up the DagBag from /home/airflow/.local/lib/python3.8/site-packages/airflow/example_dags/example_time_delta_sensor_async.py
[2023-09-07T16:15:23.592+0000] {processor.py:839} INFO - DAG(s) dict_keys(['example_time_delta_sensor_async']) retrieved from /home/airflow/.local/lib/python3.8/site-packages/airflow/example_dags/example_time_delta_sensor_async.py
[2023-09-07T16:15:23.610+0000] {logging_mixin.py:151} INFO - [2023-09-07T16:15:23.610+0000] {dag.py:2907} INFO - Sync 1 DAGs
[2023-09-07T16:15:23.618+0000] {logging_mixin.py:151} INFO - [2023-09-07T16:15:23.618+0000] {dag.py:3677} INFO - Setting next_dagrun for example_time_delta_sensor_async to None, run_after=None
[2023-09-07T16:15:23.628+0000] {processor.py:179} INFO - Processing /home/airflow/.local/lib/python3.8/site-packages/airflow/example_dags/example_time_delta_sensor_async.py took 0.045 seconds
[2023-09-07T16:15:54.525+0000] {processor.py:157} INFO - Started process (PID=8388) to work on /home/airflow/.local/lib/python3.8/site-packages/airflow/example_dags/example_time_delta_sensor_async.py
[2023-09-07T16:15:54.527+0000] {processor.py:829} INFO - Processing file /home/airflow/.local/lib/python3.8/site-packages/airflow/example_dags/example_time_delta_sensor_async.py for tasks to queue
[2023-09-07T16:15:54.528+0000] {logging_mixin.py:151} INFO - [2023-09-07T16:15:54.528+0000] {dagbag.py:539} INFO - Filling up the DagBag from /home/airflow/.local/lib/python3.8/site-packages/airflow/example_dags/example_time_delta_sensor_async.py
[2023-09-07T16:15:54.533+0000] {processor.py:839} INFO - DAG(s) dict_keys(['example_time_delta_sensor_async']) retrieved from /home/airflow/.local/lib/python3.8/site-packages/airflow/example_dags/example_time_delta_sensor_async.py
[2023-09-07T16:15:54.556+0000] {logging_mixin.py:151} INFO - [2023-09-07T16:15:54.555+0000] {dag.py:2907} INFO - Sync 1 DAGs
[2023-09-07T16:15:54.570+0000] {logging_mixin.py:151} INFO - [2023-09-07T16:15:54.570+0000] {dag.py:3677} INFO - Setting next_dagrun for example_time_delta_sensor_async to None, run_after=None
[2023-09-07T16:15:54.593+0000] {processor.py:179} INFO - Processing /home/airflow/.local/lib/python3.8/site-packages/airflow/example_dags/example_time_delta_sensor_async.py took 0.070 seconds
[2023-09-07T16:16:25.257+0000] {processor.py:157} INFO - Started process (PID=8626) to work on /home/airflow/.local/lib/python3.8/site-packages/airflow/example_dags/example_time_delta_sensor_async.py
[2023-09-07T16:16:25.259+0000] {processor.py:829} INFO - Processing file /home/airflow/.local/lib/python3.8/site-packages/airflow/example_dags/example_time_delta_sensor_async.py for tasks to queue
[2023-09-07T16:16:25.259+0000] {logging_mixin.py:151} INFO - [2023-09-07T16:16:25.259+0000] {dagbag.py:539} INFO - Filling up the DagBag from /home/airflow/.local/lib/python3.8/site-packages/airflow/example_dags/example_time_delta_sensor_async.py
[2023-09-07T16:16:25.263+0000] {processor.py:839} INFO - DAG(s) dict_keys(['example_time_delta_sensor_async']) retrieved from /home/airflow/.local/lib/python3.8/site-packages/airflow/example_dags/example_time_delta_sensor_async.py
[2023-09-07T16:16:25.282+0000] {logging_mixin.py:151} INFO - [2023-09-07T16:16:25.282+0000] {dag.py:2907} INFO - Sync 1 DAGs
[2023-09-07T16:16:25.290+0000] {logging_mixin.py:151} INFO - [2023-09-07T16:16:25.290+0000] {dag.py:3677} INFO - Setting next_dagrun for example_time_delta_sensor_async to None, run_after=None
[2023-09-07T16:16:25.303+0000] {processor.py:179} INFO - Processing /home/airflow/.local/lib/python3.8/site-packages/airflow/example_dags/example_time_delta_sensor_async.py took 0.049 seconds
[2023-09-07T16:16:55.623+0000] {processor.py:157} INFO - Started process (PID=8864) to work on /home/airflow/.local/lib/python3.8/site-packages/airflow/example_dags/example_time_delta_sensor_async.py
[2023-09-07T16:16:55.624+0000] {processor.py:829} INFO - Processing file /home/airflow/.local/lib/python3.8/site-packages/airflow/example_dags/example_time_delta_sensor_async.py for tasks to queue
[2023-09-07T16:16:55.625+0000] {logging_mixin.py:151} INFO - [2023-09-07T16:16:55.625+0000] {dagbag.py:539} INFO - Filling up the DagBag from /home/airflow/.local/lib/python3.8/site-packages/airflow/example_dags/example_time_delta_sensor_async.py
[2023-09-07T16:16:55.629+0000] {processor.py:839} INFO - DAG(s) dict_keys(['example_time_delta_sensor_async']) retrieved from /home/airflow/.local/lib/python3.8/site-packages/airflow/example_dags/example_time_delta_sensor_async.py
[2023-09-07T16:16:55.651+0000] {logging_mixin.py:151} INFO - [2023-09-07T16:16:55.650+0000] {dag.py:2907} INFO - Sync 1 DAGs
[2023-09-07T16:16:55.663+0000] {logging_mixin.py:151} INFO - [2023-09-07T16:16:55.663+0000] {dag.py:3677} INFO - Setting next_dagrun for example_time_delta_sensor_async to None, run_after=None
[2023-09-07T16:16:55.675+0000] {processor.py:179} INFO - Processing /home/airflow/.local/lib/python3.8/site-packages/airflow/example_dags/example_time_delta_sensor_async.py took 0.054 seconds
[2023-09-07T16:17:25.934+0000] {processor.py:157} INFO - Started process (PID=9102) to work on /home/airflow/.local/lib/python3.8/site-packages/airflow/example_dags/example_time_delta_sensor_async.py
[2023-09-07T16:17:25.935+0000] {processor.py:829} INFO - Processing file /home/airflow/.local/lib/python3.8/site-packages/airflow/example_dags/example_time_delta_sensor_async.py for tasks to queue
[2023-09-07T16:17:25.936+0000] {logging_mixin.py:151} INFO - [2023-09-07T16:17:25.936+0000] {dagbag.py:539} INFO - Filling up the DagBag from /home/airflow/.local/lib/python3.8/site-packages/airflow/example_dags/example_time_delta_sensor_async.py
[2023-09-07T16:17:25.940+0000] {processor.py:839} INFO - DAG(s) dict_keys(['example_time_delta_sensor_async']) retrieved from /home/airflow/.local/lib/python3.8/site-packages/airflow/example_dags/example_time_delta_sensor_async.py
[2023-09-07T16:17:25.961+0000] {logging_mixin.py:151} INFO - [2023-09-07T16:17:25.961+0000] {dag.py:2907} INFO - Sync 1 DAGs
[2023-09-07T16:17:25.971+0000] {logging_mixin.py:151} INFO - [2023-09-07T16:17:25.971+0000] {dag.py:3677} INFO - Setting next_dagrun for example_time_delta_sensor_async to None, run_after=None
[2023-09-07T16:17:25.984+0000] {processor.py:179} INFO - Processing /home/airflow/.local/lib/python3.8/site-packages/airflow/example_dags/example_time_delta_sensor_async.py took 0.053 seconds
[2023-09-07T16:17:57.615+0000] {processor.py:157} INFO - Started process (PID=9340) to work on /home/airflow/.local/lib/python3.8/site-packages/airflow/example_dags/example_time_delta_sensor_async.py
[2023-09-07T16:17:57.617+0000] {processor.py:829} INFO - Processing file /home/airflow/.local/lib/python3.8/site-packages/airflow/example_dags/example_time_delta_sensor_async.py for tasks to queue
[2023-09-07T16:17:57.619+0000] {logging_mixin.py:151} INFO - [2023-09-07T16:17:57.619+0000] {dagbag.py:539} INFO - Filling up the DagBag from /home/airflow/.local/lib/python3.8/site-packages/airflow/example_dags/example_time_delta_sensor_async.py
[2023-09-07T16:17:57.627+0000] {processor.py:839} INFO - DAG(s) dict_keys(['example_time_delta_sensor_async']) retrieved from /home/airflow/.local/lib/python3.8/site-packages/airflow/example_dags/example_time_delta_sensor_async.py
[2023-09-07T16:17:57.671+0000] {logging_mixin.py:151} INFO - [2023-09-07T16:17:57.671+0000] {dag.py:2907} INFO - Sync 1 DAGs
[2023-09-07T16:17:57.685+0000] {logging_mixin.py:151} INFO - [2023-09-07T16:17:57.685+0000] {dag.py:3677} INFO - Setting next_dagrun for example_time_delta_sensor_async to None, run_after=None
[2023-09-07T16:17:57.712+0000] {processor.py:179} INFO - Processing /home/airflow/.local/lib/python3.8/site-packages/airflow/example_dags/example_time_delta_sensor_async.py took 0.102 seconds
[2023-09-07T16:18:28.255+0000] {processor.py:157} INFO - Started process (PID=9579) to work on /home/airflow/.local/lib/python3.8/site-packages/airflow/example_dags/example_time_delta_sensor_async.py
[2023-09-07T16:18:28.256+0000] {processor.py:829} INFO - Processing file /home/airflow/.local/lib/python3.8/site-packages/airflow/example_dags/example_time_delta_sensor_async.py for tasks to queue
[2023-09-07T16:18:28.257+0000] {logging_mixin.py:151} INFO - [2023-09-07T16:18:28.256+0000] {dagbag.py:539} INFO - Filling up the DagBag from /home/airflow/.local/lib/python3.8/site-packages/airflow/example_dags/example_time_delta_sensor_async.py
[2023-09-07T16:18:28.261+0000] {processor.py:839} INFO - DAG(s) dict_keys(['example_time_delta_sensor_async']) retrieved from /home/airflow/.local/lib/python3.8/site-packages/airflow/example_dags/example_time_delta_sensor_async.py
[2023-09-07T16:18:28.286+0000] {logging_mixin.py:151} INFO - [2023-09-07T16:18:28.286+0000] {dag.py:2907} INFO - Sync 1 DAGs
[2023-09-07T16:18:28.295+0000] {logging_mixin.py:151} INFO - [2023-09-07T16:18:28.295+0000] {dag.py:3677} INFO - Setting next_dagrun for example_time_delta_sensor_async to None, run_after=None
[2023-09-07T16:18:28.308+0000] {processor.py:179} INFO - Processing /home/airflow/.local/lib/python3.8/site-packages/airflow/example_dags/example_time_delta_sensor_async.py took 0.057 seconds
[2023-09-07T16:18:58.585+0000] {processor.py:157} INFO - Started process (PID=9817) to work on /home/airflow/.local/lib/python3.8/site-packages/airflow/example_dags/example_time_delta_sensor_async.py
[2023-09-07T16:18:58.586+0000] {processor.py:829} INFO - Processing file /home/airflow/.local/lib/python3.8/site-packages/airflow/example_dags/example_time_delta_sensor_async.py for tasks to queue
[2023-09-07T16:18:58.587+0000] {logging_mixin.py:151} INFO - [2023-09-07T16:18:58.587+0000] {dagbag.py:539} INFO - Filling up the DagBag from /home/airflow/.local/lib/python3.8/site-packages/airflow/example_dags/example_time_delta_sensor_async.py
[2023-09-07T16:18:58.591+0000] {processor.py:839} INFO - DAG(s) dict_keys(['example_time_delta_sensor_async']) retrieved from /home/airflow/.local/lib/python3.8/site-packages/airflow/example_dags/example_time_delta_sensor_async.py
[2023-09-07T16:18:58.608+0000] {logging_mixin.py:151} INFO - [2023-09-07T16:18:58.608+0000] {dag.py:2907} INFO - Sync 1 DAGs
[2023-09-07T16:18:58.616+0000] {logging_mixin.py:151} INFO - [2023-09-07T16:18:58.616+0000] {dag.py:3677} INFO - Setting next_dagrun for example_time_delta_sensor_async to None, run_after=None
[2023-09-07T16:18:58.626+0000] {processor.py:179} INFO - Processing /home/airflow/.local/lib/python3.8/site-packages/airflow/example_dags/example_time_delta_sensor_async.py took 0.045 seconds
[2023-09-07T16:19:28.886+0000] {processor.py:157} INFO - Started process (PID=10053) to work on /home/airflow/.local/lib/python3.8/site-packages/airflow/example_dags/example_time_delta_sensor_async.py
[2023-09-07T16:19:28.888+0000] {processor.py:829} INFO - Processing file /home/airflow/.local/lib/python3.8/site-packages/airflow/example_dags/example_time_delta_sensor_async.py for tasks to queue
[2023-09-07T16:19:28.889+0000] {logging_mixin.py:151} INFO - [2023-09-07T16:19:28.888+0000] {dagbag.py:539} INFO - Filling up the DagBag from /home/airflow/.local/lib/python3.8/site-packages/airflow/example_dags/example_time_delta_sensor_async.py
[2023-09-07T16:19:28.893+0000] {processor.py:839} INFO - DAG(s) dict_keys(['example_time_delta_sensor_async']) retrieved from /home/airflow/.local/lib/python3.8/site-packages/airflow/example_dags/example_time_delta_sensor_async.py
[2023-09-07T16:19:28.913+0000] {logging_mixin.py:151} INFO - [2023-09-07T16:19:28.913+0000] {dag.py:2907} INFO - Sync 1 DAGs
[2023-09-07T16:19:28.922+0000] {logging_mixin.py:151} INFO - [2023-09-07T16:19:28.922+0000] {dag.py:3677} INFO - Setting next_dagrun for example_time_delta_sensor_async to None, run_after=None
[2023-09-07T16:19:28.932+0000] {processor.py:179} INFO - Processing /home/airflow/.local/lib/python3.8/site-packages/airflow/example_dags/example_time_delta_sensor_async.py took 0.049 seconds
[2023-09-07T16:19:59.287+0000] {processor.py:157} INFO - Started process (PID=10291) to work on /home/airflow/.local/lib/python3.8/site-packages/airflow/example_dags/example_time_delta_sensor_async.py
[2023-09-07T16:19:59.291+0000] {processor.py:829} INFO - Processing file /home/airflow/.local/lib/python3.8/site-packages/airflow/example_dags/example_time_delta_sensor_async.py for tasks to queue
[2023-09-07T16:19:59.294+0000] {logging_mixin.py:151} INFO - [2023-09-07T16:19:59.293+0000] {dagbag.py:539} INFO - Filling up the DagBag from /home/airflow/.local/lib/python3.8/site-packages/airflow/example_dags/example_time_delta_sensor_async.py
[2023-09-07T16:19:59.306+0000] {processor.py:839} INFO - DAG(s) dict_keys(['example_time_delta_sensor_async']) retrieved from /home/airflow/.local/lib/python3.8/site-packages/airflow/example_dags/example_time_delta_sensor_async.py
[2023-09-07T16:19:59.344+0000] {logging_mixin.py:151} INFO - [2023-09-07T16:19:59.343+0000] {dag.py:2907} INFO - Sync 1 DAGs
[2023-09-07T16:19:59.355+0000] {logging_mixin.py:151} INFO - [2023-09-07T16:19:59.355+0000] {dag.py:3677} INFO - Setting next_dagrun for example_time_delta_sensor_async to None, run_after=None
[2023-09-07T16:19:59.379+0000] {processor.py:179} INFO - Processing /home/airflow/.local/lib/python3.8/site-packages/airflow/example_dags/example_time_delta_sensor_async.py took 0.097 seconds
[2023-09-07T16:20:29.784+0000] {processor.py:157} INFO - Started process (PID=10529) to work on /home/airflow/.local/lib/python3.8/site-packages/airflow/example_dags/example_time_delta_sensor_async.py
[2023-09-07T16:20:29.786+0000] {processor.py:829} INFO - Processing file /home/airflow/.local/lib/python3.8/site-packages/airflow/example_dags/example_time_delta_sensor_async.py for tasks to queue
[2023-09-07T16:20:29.787+0000] {logging_mixin.py:151} INFO - [2023-09-07T16:20:29.787+0000] {dagbag.py:539} INFO - Filling up the DagBag from /home/airflow/.local/lib/python3.8/site-packages/airflow/example_dags/example_time_delta_sensor_async.py
[2023-09-07T16:20:29.791+0000] {processor.py:839} INFO - DAG(s) dict_keys(['example_time_delta_sensor_async']) retrieved from /home/airflow/.local/lib/python3.8/site-packages/airflow/example_dags/example_time_delta_sensor_async.py
[2023-09-07T16:20:29.815+0000] {logging_mixin.py:151} INFO - [2023-09-07T16:20:29.815+0000] {dag.py:2907} INFO - Sync 1 DAGs
[2023-09-07T16:20:29.826+0000] {logging_mixin.py:151} INFO - [2023-09-07T16:20:29.826+0000] {dag.py:3677} INFO - Setting next_dagrun for example_time_delta_sensor_async to None, run_after=None
[2023-09-07T16:20:29.841+0000] {processor.py:179} INFO - Processing /home/airflow/.local/lib/python3.8/site-packages/airflow/example_dags/example_time_delta_sensor_async.py took 0.060 seconds
[2023-09-07T16:21:00.385+0000] {processor.py:157} INFO - Started process (PID=10768) to work on /home/airflow/.local/lib/python3.8/site-packages/airflow/example_dags/example_time_delta_sensor_async.py
[2023-09-07T16:21:00.386+0000] {processor.py:829} INFO - Processing file /home/airflow/.local/lib/python3.8/site-packages/airflow/example_dags/example_time_delta_sensor_async.py for tasks to queue
[2023-09-07T16:21:00.387+0000] {logging_mixin.py:151} INFO - [2023-09-07T16:21:00.387+0000] {dagbag.py:539} INFO - Filling up the DagBag from /home/airflow/.local/lib/python3.8/site-packages/airflow/example_dags/example_time_delta_sensor_async.py
[2023-09-07T16:21:00.392+0000] {processor.py:839} INFO - DAG(s) dict_keys(['example_time_delta_sensor_async']) retrieved from /home/airflow/.local/lib/python3.8/site-packages/airflow/example_dags/example_time_delta_sensor_async.py
[2023-09-07T16:21:00.411+0000] {logging_mixin.py:151} INFO - [2023-09-07T16:21:00.411+0000] {dag.py:2907} INFO - Sync 1 DAGs
[2023-09-07T16:21:00.420+0000] {logging_mixin.py:151} INFO - [2023-09-07T16:21:00.419+0000] {dag.py:3677} INFO - Setting next_dagrun for example_time_delta_sensor_async to None, run_after=None
[2023-09-07T16:21:00.430+0000] {processor.py:179} INFO - Processing /home/airflow/.local/lib/python3.8/site-packages/airflow/example_dags/example_time_delta_sensor_async.py took 0.048 seconds
[2023-09-07T16:21:30.664+0000] {processor.py:157} INFO - Started process (PID=11004) to work on /home/airflow/.local/lib/python3.8/site-packages/airflow/example_dags/example_time_delta_sensor_async.py
[2023-09-07T16:21:30.666+0000] {processor.py:829} INFO - Processing file /home/airflow/.local/lib/python3.8/site-packages/airflow/example_dags/example_time_delta_sensor_async.py for tasks to queue
[2023-09-07T16:21:30.667+0000] {logging_mixin.py:151} INFO - [2023-09-07T16:21:30.667+0000] {dagbag.py:539} INFO - Filling up the DagBag from /home/airflow/.local/lib/python3.8/site-packages/airflow/example_dags/example_time_delta_sensor_async.py
[2023-09-07T16:21:30.671+0000] {processor.py:839} INFO - DAG(s) dict_keys(['example_time_delta_sensor_async']) retrieved from /home/airflow/.local/lib/python3.8/site-packages/airflow/example_dags/example_time_delta_sensor_async.py
[2023-09-07T16:21:30.690+0000] {logging_mixin.py:151} INFO - [2023-09-07T16:21:30.690+0000] {dag.py:2907} INFO - Sync 1 DAGs
[2023-09-07T16:21:30.698+0000] {logging_mixin.py:151} INFO - [2023-09-07T16:21:30.698+0000] {dag.py:3677} INFO - Setting next_dagrun for example_time_delta_sensor_async to None, run_after=None
[2023-09-07T16:21:30.708+0000] {processor.py:179} INFO - Processing /home/airflow/.local/lib/python3.8/site-packages/airflow/example_dags/example_time_delta_sensor_async.py took 0.047 seconds
[2023-09-07T16:22:01.361+0000] {processor.py:157} INFO - Started process (PID=11244) to work on /home/airflow/.local/lib/python3.8/site-packages/airflow/example_dags/example_time_delta_sensor_async.py
[2023-09-07T16:22:01.362+0000] {processor.py:829} INFO - Processing file /home/airflow/.local/lib/python3.8/site-packages/airflow/example_dags/example_time_delta_sensor_async.py for tasks to queue
[2023-09-07T16:22:01.364+0000] {logging_mixin.py:151} INFO - [2023-09-07T16:22:01.363+0000] {dagbag.py:539} INFO - Filling up the DagBag from /home/airflow/.local/lib/python3.8/site-packages/airflow/example_dags/example_time_delta_sensor_async.py
[2023-09-07T16:22:01.367+0000] {processor.py:839} INFO - DAG(s) dict_keys(['example_time_delta_sensor_async']) retrieved from /home/airflow/.local/lib/python3.8/site-packages/airflow/example_dags/example_time_delta_sensor_async.py
[2023-09-07T16:22:01.388+0000] {logging_mixin.py:151} INFO - [2023-09-07T16:22:01.388+0000] {dag.py:2907} INFO - Sync 1 DAGs
[2023-09-07T16:22:01.397+0000] {logging_mixin.py:151} INFO - [2023-09-07T16:22:01.397+0000] {dag.py:3677} INFO - Setting next_dagrun for example_time_delta_sensor_async to None, run_after=None
[2023-09-07T16:22:01.408+0000] {processor.py:179} INFO - Processing /home/airflow/.local/lib/python3.8/site-packages/airflow/example_dags/example_time_delta_sensor_async.py took 0.050 seconds
[2023-09-07T16:22:31.925+0000] {processor.py:157} INFO - Started process (PID=11481) to work on /home/airflow/.local/lib/python3.8/site-packages/airflow/example_dags/example_time_delta_sensor_async.py
[2023-09-07T16:22:31.926+0000] {processor.py:829} INFO - Processing file /home/airflow/.local/lib/python3.8/site-packages/airflow/example_dags/example_time_delta_sensor_async.py for tasks to queue
[2023-09-07T16:22:31.927+0000] {logging_mixin.py:151} INFO - [2023-09-07T16:22:31.926+0000] {dagbag.py:539} INFO - Filling up the DagBag from /home/airflow/.local/lib/python3.8/site-packages/airflow/example_dags/example_time_delta_sensor_async.py
[2023-09-07T16:22:31.931+0000] {processor.py:839} INFO - DAG(s) dict_keys(['example_time_delta_sensor_async']) retrieved from /home/airflow/.local/lib/python3.8/site-packages/airflow/example_dags/example_time_delta_sensor_async.py
[2023-09-07T16:22:31.950+0000] {logging_mixin.py:151} INFO - [2023-09-07T16:22:31.950+0000] {dag.py:2907} INFO - Sync 1 DAGs
[2023-09-07T16:22:31.959+0000] {logging_mixin.py:151} INFO - [2023-09-07T16:22:31.959+0000] {dag.py:3677} INFO - Setting next_dagrun for example_time_delta_sensor_async to None, run_after=None
[2023-09-07T16:22:31.970+0000] {processor.py:179} INFO - Processing /home/airflow/.local/lib/python3.8/site-packages/airflow/example_dags/example_time_delta_sensor_async.py took 0.048 seconds
[2023-09-07T16:23:02.351+0000] {processor.py:157} INFO - Started process (PID=11719) to work on /home/airflow/.local/lib/python3.8/site-packages/airflow/example_dags/example_time_delta_sensor_async.py
[2023-09-07T16:23:02.354+0000] {processor.py:829} INFO - Processing file /home/airflow/.local/lib/python3.8/site-packages/airflow/example_dags/example_time_delta_sensor_async.py for tasks to queue
[2023-09-07T16:23:02.356+0000] {logging_mixin.py:151} INFO - [2023-09-07T16:23:02.356+0000] {dagbag.py:539} INFO - Filling up the DagBag from /home/airflow/.local/lib/python3.8/site-packages/airflow/example_dags/example_time_delta_sensor_async.py
[2023-09-07T16:23:02.363+0000] {processor.py:839} INFO - DAG(s) dict_keys(['example_time_delta_sensor_async']) retrieved from /home/airflow/.local/lib/python3.8/site-packages/airflow/example_dags/example_time_delta_sensor_async.py
[2023-09-07T16:23:02.393+0000] {logging_mixin.py:151} INFO - [2023-09-07T16:23:02.392+0000] {dag.py:2907} INFO - Sync 1 DAGs
[2023-09-07T16:23:02.416+0000] {logging_mixin.py:151} INFO - [2023-09-07T16:23:02.415+0000] {dag.py:3677} INFO - Setting next_dagrun for example_time_delta_sensor_async to None, run_after=None
[2023-09-07T16:23:02.434+0000] {processor.py:179} INFO - Processing /home/airflow/.local/lib/python3.8/site-packages/airflow/example_dags/example_time_delta_sensor_async.py took 0.087 seconds
[2023-09-07T16:23:32.993+0000] {processor.py:157} INFO - Started process (PID=11957) to work on /home/airflow/.local/lib/python3.8/site-packages/airflow/example_dags/example_time_delta_sensor_async.py
[2023-09-07T16:23:32.995+0000] {processor.py:829} INFO - Processing file /home/airflow/.local/lib/python3.8/site-packages/airflow/example_dags/example_time_delta_sensor_async.py for tasks to queue
[2023-09-07T16:23:32.996+0000] {logging_mixin.py:151} INFO - [2023-09-07T16:23:32.996+0000] {dagbag.py:539} INFO - Filling up the DagBag from /home/airflow/.local/lib/python3.8/site-packages/airflow/example_dags/example_time_delta_sensor_async.py
[2023-09-07T16:23:33.002+0000] {processor.py:839} INFO - DAG(s) dict_keys(['example_time_delta_sensor_async']) retrieved from /home/airflow/.local/lib/python3.8/site-packages/airflow/example_dags/example_time_delta_sensor_async.py
[2023-09-07T16:23:33.025+0000] {logging_mixin.py:151} INFO - [2023-09-07T16:23:33.025+0000] {dag.py:2907} INFO - Sync 1 DAGs
[2023-09-07T16:23:33.035+0000] {logging_mixin.py:151} INFO - [2023-09-07T16:23:33.035+0000] {dag.py:3677} INFO - Setting next_dagrun for example_time_delta_sensor_async to None, run_after=None
[2023-09-07T16:23:33.045+0000] {processor.py:179} INFO - Processing /home/airflow/.local/lib/python3.8/site-packages/airflow/example_dags/example_time_delta_sensor_async.py took 0.055 seconds
[2023-09-07T16:24:03.509+0000] {processor.py:157} INFO - Started process (PID=12193) to work on /home/airflow/.local/lib/python3.8/site-packages/airflow/example_dags/example_time_delta_sensor_async.py
[2023-09-07T16:24:03.511+0000] {processor.py:829} INFO - Processing file /home/airflow/.local/lib/python3.8/site-packages/airflow/example_dags/example_time_delta_sensor_async.py for tasks to queue
[2023-09-07T16:24:03.512+0000] {logging_mixin.py:151} INFO - [2023-09-07T16:24:03.512+0000] {dagbag.py:539} INFO - Filling up the DagBag from /home/airflow/.local/lib/python3.8/site-packages/airflow/example_dags/example_time_delta_sensor_async.py
[2023-09-07T16:24:03.516+0000] {processor.py:839} INFO - DAG(s) dict_keys(['example_time_delta_sensor_async']) retrieved from /home/airflow/.local/lib/python3.8/site-packages/airflow/example_dags/example_time_delta_sensor_async.py
[2023-09-07T16:24:03.535+0000] {logging_mixin.py:151} INFO - [2023-09-07T16:24:03.535+0000] {dag.py:2907} INFO - Sync 1 DAGs
[2023-09-07T16:24:03.543+0000] {logging_mixin.py:151} INFO - [2023-09-07T16:24:03.542+0000] {dag.py:3677} INFO - Setting next_dagrun for example_time_delta_sensor_async to None, run_after=None
[2023-09-07T16:24:03.553+0000] {processor.py:179} INFO - Processing /home/airflow/.local/lib/python3.8/site-packages/airflow/example_dags/example_time_delta_sensor_async.py took 0.046 seconds
[2023-09-07T16:24:34.028+0000] {processor.py:157} INFO - Started process (PID=12433) to work on /home/airflow/.local/lib/python3.8/site-packages/airflow/example_dags/example_time_delta_sensor_async.py
[2023-09-07T16:24:34.030+0000] {processor.py:829} INFO - Processing file /home/airflow/.local/lib/python3.8/site-packages/airflow/example_dags/example_time_delta_sensor_async.py for tasks to queue
[2023-09-07T16:24:34.031+0000] {logging_mixin.py:151} INFO - [2023-09-07T16:24:34.030+0000] {dagbag.py:539} INFO - Filling up the DagBag from /home/airflow/.local/lib/python3.8/site-packages/airflow/example_dags/example_time_delta_sensor_async.py
[2023-09-07T16:24:34.035+0000] {processor.py:839} INFO - DAG(s) dict_keys(['example_time_delta_sensor_async']) retrieved from /home/airflow/.local/lib/python3.8/site-packages/airflow/example_dags/example_time_delta_sensor_async.py
[2023-09-07T16:24:34.055+0000] {logging_mixin.py:151} INFO - [2023-09-07T16:24:34.055+0000] {dag.py:2907} INFO - Sync 1 DAGs
[2023-09-07T16:24:34.064+0000] {logging_mixin.py:151} INFO - [2023-09-07T16:24:34.063+0000] {dag.py:3677} INFO - Setting next_dagrun for example_time_delta_sensor_async to None, run_after=None
[2023-09-07T16:24:34.074+0000] {processor.py:179} INFO - Processing /home/airflow/.local/lib/python3.8/site-packages/airflow/example_dags/example_time_delta_sensor_async.py took 0.049 seconds
[2023-09-07T16:25:04.374+0000] {processor.py:157} INFO - Started process (PID=12672) to work on /home/airflow/.local/lib/python3.8/site-packages/airflow/example_dags/example_time_delta_sensor_async.py
[2023-09-07T16:25:04.375+0000] {processor.py:829} INFO - Processing file /home/airflow/.local/lib/python3.8/site-packages/airflow/example_dags/example_time_delta_sensor_async.py for tasks to queue
[2023-09-07T16:25:04.376+0000] {logging_mixin.py:151} INFO - [2023-09-07T16:25:04.376+0000] {dagbag.py:539} INFO - Filling up the DagBag from /home/airflow/.local/lib/python3.8/site-packages/airflow/example_dags/example_time_delta_sensor_async.py
[2023-09-07T16:25:04.380+0000] {processor.py:839} INFO - DAG(s) dict_keys(['example_time_delta_sensor_async']) retrieved from /home/airflow/.local/lib/python3.8/site-packages/airflow/example_dags/example_time_delta_sensor_async.py
[2023-09-07T16:25:04.400+0000] {logging_mixin.py:151} INFO - [2023-09-07T16:25:04.400+0000] {dag.py:2907} INFO - Sync 1 DAGs
[2023-09-07T16:25:04.408+0000] {logging_mixin.py:151} INFO - [2023-09-07T16:25:04.408+0000] {dag.py:3677} INFO - Setting next_dagrun for example_time_delta_sensor_async to None, run_after=None
[2023-09-07T16:25:04.418+0000] {processor.py:179} INFO - Processing /home/airflow/.local/lib/python3.8/site-packages/airflow/example_dags/example_time_delta_sensor_async.py took 0.048 seconds
[2023-09-07T16:25:34.934+0000] {processor.py:157} INFO - Started process (PID=12909) to work on /home/airflow/.local/lib/python3.8/site-packages/airflow/example_dags/example_time_delta_sensor_async.py
[2023-09-07T16:25:34.936+0000] {processor.py:829} INFO - Processing file /home/airflow/.local/lib/python3.8/site-packages/airflow/example_dags/example_time_delta_sensor_async.py for tasks to queue
[2023-09-07T16:25:34.940+0000] {logging_mixin.py:151} INFO - [2023-09-07T16:25:34.939+0000] {dagbag.py:539} INFO - Filling up the DagBag from /home/airflow/.local/lib/python3.8/site-packages/airflow/example_dags/example_time_delta_sensor_async.py
[2023-09-07T16:25:34.945+0000] {processor.py:839} INFO - DAG(s) dict_keys(['example_time_delta_sensor_async']) retrieved from /home/airflow/.local/lib/python3.8/site-packages/airflow/example_dags/example_time_delta_sensor_async.py
[2023-09-07T16:25:34.967+0000] {logging_mixin.py:151} INFO - [2023-09-07T16:25:34.967+0000] {dag.py:2907} INFO - Sync 1 DAGs
[2023-09-07T16:25:34.976+0000] {logging_mixin.py:151} INFO - [2023-09-07T16:25:34.976+0000] {dag.py:3677} INFO - Setting next_dagrun for example_time_delta_sensor_async to None, run_after=None
[2023-09-07T16:25:34.987+0000] {processor.py:179} INFO - Processing /home/airflow/.local/lib/python3.8/site-packages/airflow/example_dags/example_time_delta_sensor_async.py took 0.056 seconds
[2023-09-07T16:26:05.508+0000] {processor.py:157} INFO - Started process (PID=13147) to work on /home/airflow/.local/lib/python3.8/site-packages/airflow/example_dags/example_time_delta_sensor_async.py
[2023-09-07T16:26:05.509+0000] {processor.py:829} INFO - Processing file /home/airflow/.local/lib/python3.8/site-packages/airflow/example_dags/example_time_delta_sensor_async.py for tasks to queue
[2023-09-07T16:26:05.510+0000] {logging_mixin.py:151} INFO - [2023-09-07T16:26:05.510+0000] {dagbag.py:539} INFO - Filling up the DagBag from /home/airflow/.local/lib/python3.8/site-packages/airflow/example_dags/example_time_delta_sensor_async.py
[2023-09-07T16:26:05.514+0000] {processor.py:839} INFO - DAG(s) dict_keys(['example_time_delta_sensor_async']) retrieved from /home/airflow/.local/lib/python3.8/site-packages/airflow/example_dags/example_time_delta_sensor_async.py
[2023-09-07T16:26:05.540+0000] {logging_mixin.py:151} INFO - [2023-09-07T16:26:05.540+0000] {dag.py:2907} INFO - Sync 1 DAGs
[2023-09-07T16:26:05.549+0000] {logging_mixin.py:151} INFO - [2023-09-07T16:26:05.549+0000] {dag.py:3677} INFO - Setting next_dagrun for example_time_delta_sensor_async to None, run_after=None
[2023-09-07T16:26:05.560+0000] {processor.py:179} INFO - Processing /home/airflow/.local/lib/python3.8/site-packages/airflow/example_dags/example_time_delta_sensor_async.py took 0.056 seconds
[2023-09-07T16:26:36.262+0000] {processor.py:157} INFO - Started process (PID=13386) to work on /home/airflow/.local/lib/python3.8/site-packages/airflow/example_dags/example_time_delta_sensor_async.py
[2023-09-07T16:26:36.264+0000] {processor.py:829} INFO - Processing file /home/airflow/.local/lib/python3.8/site-packages/airflow/example_dags/example_time_delta_sensor_async.py for tasks to queue
[2023-09-07T16:26:36.265+0000] {logging_mixin.py:151} INFO - [2023-09-07T16:26:36.264+0000] {dagbag.py:539} INFO - Filling up the DagBag from /home/airflow/.local/lib/python3.8/site-packages/airflow/example_dags/example_time_delta_sensor_async.py
[2023-09-07T16:26:36.268+0000] {processor.py:839} INFO - DAG(s) dict_keys(['example_time_delta_sensor_async']) retrieved from /home/airflow/.local/lib/python3.8/site-packages/airflow/example_dags/example_time_delta_sensor_async.py
[2023-09-07T16:26:36.286+0000] {logging_mixin.py:151} INFO - [2023-09-07T16:26:36.286+0000] {dag.py:2907} INFO - Sync 1 DAGs
[2023-09-07T16:26:36.294+0000] {logging_mixin.py:151} INFO - [2023-09-07T16:26:36.294+0000] {dag.py:3677} INFO - Setting next_dagrun for example_time_delta_sensor_async to None, run_after=None
[2023-09-07T16:26:36.306+0000] {processor.py:179} INFO - Processing /home/airflow/.local/lib/python3.8/site-packages/airflow/example_dags/example_time_delta_sensor_async.py took 0.047 seconds
[2023-09-07T16:27:06.500+0000] {processor.py:157} INFO - Started process (PID=13622) to work on /home/airflow/.local/lib/python3.8/site-packages/airflow/example_dags/example_time_delta_sensor_async.py
[2023-09-07T16:27:06.501+0000] {processor.py:829} INFO - Processing file /home/airflow/.local/lib/python3.8/site-packages/airflow/example_dags/example_time_delta_sensor_async.py for tasks to queue
[2023-09-07T16:27:06.503+0000] {logging_mixin.py:151} INFO - [2023-09-07T16:27:06.502+0000] {dagbag.py:539} INFO - Filling up the DagBag from /home/airflow/.local/lib/python3.8/site-packages/airflow/example_dags/example_time_delta_sensor_async.py
[2023-09-07T16:27:06.506+0000] {processor.py:839} INFO - DAG(s) dict_keys(['example_time_delta_sensor_async']) retrieved from /home/airflow/.local/lib/python3.8/site-packages/airflow/example_dags/example_time_delta_sensor_async.py
[2023-09-07T16:27:06.523+0000] {logging_mixin.py:151} INFO - [2023-09-07T16:27:06.522+0000] {dag.py:2907} INFO - Sync 1 DAGs
[2023-09-07T16:27:06.530+0000] {logging_mixin.py:151} INFO - [2023-09-07T16:27:06.530+0000] {dag.py:3677} INFO - Setting next_dagrun for example_time_delta_sensor_async to None, run_after=None
[2023-09-07T16:27:06.542+0000] {processor.py:179} INFO - Processing /home/airflow/.local/lib/python3.8/site-packages/airflow/example_dags/example_time_delta_sensor_async.py took 0.045 seconds
[2023-09-07T16:27:36.990+0000] {processor.py:157} INFO - Started process (PID=13863) to work on /home/airflow/.local/lib/python3.8/site-packages/airflow/example_dags/example_time_delta_sensor_async.py
[2023-09-07T16:27:36.991+0000] {processor.py:829} INFO - Processing file /home/airflow/.local/lib/python3.8/site-packages/airflow/example_dags/example_time_delta_sensor_async.py for tasks to queue
[2023-09-07T16:27:36.992+0000] {logging_mixin.py:151} INFO - [2023-09-07T16:27:36.992+0000] {dagbag.py:539} INFO - Filling up the DagBag from /home/airflow/.local/lib/python3.8/site-packages/airflow/example_dags/example_time_delta_sensor_async.py
[2023-09-07T16:27:36.996+0000] {processor.py:839} INFO - DAG(s) dict_keys(['example_time_delta_sensor_async']) retrieved from /home/airflow/.local/lib/python3.8/site-packages/airflow/example_dags/example_time_delta_sensor_async.py
[2023-09-07T16:27:37.015+0000] {logging_mixin.py:151} INFO - [2023-09-07T16:27:37.014+0000] {dag.py:2907} INFO - Sync 1 DAGs
[2023-09-07T16:27:37.023+0000] {logging_mixin.py:151} INFO - [2023-09-07T16:27:37.023+0000] {dag.py:3677} INFO - Setting next_dagrun for example_time_delta_sensor_async to None, run_after=None
[2023-09-07T16:27:37.033+0000] {processor.py:179} INFO - Processing /home/airflow/.local/lib/python3.8/site-packages/airflow/example_dags/example_time_delta_sensor_async.py took 0.045 seconds
[2023-09-07T16:28:07.413+0000] {processor.py:157} INFO - Started process (PID=14101) to work on /home/airflow/.local/lib/python3.8/site-packages/airflow/example_dags/example_time_delta_sensor_async.py
[2023-09-07T16:28:07.414+0000] {processor.py:829} INFO - Processing file /home/airflow/.local/lib/python3.8/site-packages/airflow/example_dags/example_time_delta_sensor_async.py for tasks to queue
[2023-09-07T16:28:07.415+0000] {logging_mixin.py:151} INFO - [2023-09-07T16:28:07.414+0000] {dagbag.py:539} INFO - Filling up the DagBag from /home/airflow/.local/lib/python3.8/site-packages/airflow/example_dags/example_time_delta_sensor_async.py
[2023-09-07T16:28:07.419+0000] {processor.py:839} INFO - DAG(s) dict_keys(['example_time_delta_sensor_async']) retrieved from /home/airflow/.local/lib/python3.8/site-packages/airflow/example_dags/example_time_delta_sensor_async.py
[2023-09-07T16:28:07.437+0000] {logging_mixin.py:151} INFO - [2023-09-07T16:28:07.437+0000] {dag.py:2907} INFO - Sync 1 DAGs
[2023-09-07T16:28:07.445+0000] {logging_mixin.py:151} INFO - [2023-09-07T16:28:07.445+0000] {dag.py:3677} INFO - Setting next_dagrun for example_time_delta_sensor_async to None, run_after=None
[2023-09-07T16:28:07.456+0000] {processor.py:179} INFO - Processing /home/airflow/.local/lib/python3.8/site-packages/airflow/example_dags/example_time_delta_sensor_async.py took 0.046 seconds
[2023-09-07T16:28:38.142+0000] {processor.py:157} INFO - Started process (PID=14337) to work on /home/airflow/.local/lib/python3.8/site-packages/airflow/example_dags/example_time_delta_sensor_async.py
[2023-09-07T16:28:38.144+0000] {processor.py:829} INFO - Processing file /home/airflow/.local/lib/python3.8/site-packages/airflow/example_dags/example_time_delta_sensor_async.py for tasks to queue
[2023-09-07T16:28:38.145+0000] {logging_mixin.py:151} INFO - [2023-09-07T16:28:38.144+0000] {dagbag.py:539} INFO - Filling up the DagBag from /home/airflow/.local/lib/python3.8/site-packages/airflow/example_dags/example_time_delta_sensor_async.py
[2023-09-07T16:28:38.149+0000] {processor.py:839} INFO - DAG(s) dict_keys(['example_time_delta_sensor_async']) retrieved from /home/airflow/.local/lib/python3.8/site-packages/airflow/example_dags/example_time_delta_sensor_async.py
[2023-09-07T16:28:38.167+0000] {logging_mixin.py:151} INFO - [2023-09-07T16:28:38.167+0000] {dag.py:2907} INFO - Sync 1 DAGs
[2023-09-07T16:28:38.175+0000] {logging_mixin.py:151} INFO - [2023-09-07T16:28:38.175+0000] {dag.py:3677} INFO - Setting next_dagrun for example_time_delta_sensor_async to None, run_after=None
[2023-09-07T16:28:38.185+0000] {processor.py:179} INFO - Processing /home/airflow/.local/lib/python3.8/site-packages/airflow/example_dags/example_time_delta_sensor_async.py took 0.046 seconds
[2023-09-07T16:29:08.918+0000] {processor.py:157} INFO - Started process (PID=14576) to work on /home/airflow/.local/lib/python3.8/site-packages/airflow/example_dags/example_time_delta_sensor_async.py
[2023-09-07T16:29:08.919+0000] {processor.py:829} INFO - Processing file /home/airflow/.local/lib/python3.8/site-packages/airflow/example_dags/example_time_delta_sensor_async.py for tasks to queue
[2023-09-07T16:29:08.920+0000] {logging_mixin.py:151} INFO - [2023-09-07T16:29:08.920+0000] {dagbag.py:539} INFO - Filling up the DagBag from /home/airflow/.local/lib/python3.8/site-packages/airflow/example_dags/example_time_delta_sensor_async.py
[2023-09-07T16:29:08.924+0000] {processor.py:839} INFO - DAG(s) dict_keys(['example_time_delta_sensor_async']) retrieved from /home/airflow/.local/lib/python3.8/site-packages/airflow/example_dags/example_time_delta_sensor_async.py
[2023-09-07T16:29:08.943+0000] {logging_mixin.py:151} INFO - [2023-09-07T16:29:08.943+0000] {dag.py:2907} INFO - Sync 1 DAGs
[2023-09-07T16:29:08.951+0000] {logging_mixin.py:151} INFO - [2023-09-07T16:29:08.951+0000] {dag.py:3677} INFO - Setting next_dagrun for example_time_delta_sensor_async to None, run_after=None
[2023-09-07T16:29:08.962+0000] {processor.py:179} INFO - Processing /home/airflow/.local/lib/python3.8/site-packages/airflow/example_dags/example_time_delta_sensor_async.py took 0.047 seconds
[2023-09-07T16:30:59.115+0000] {processor.py:157} INFO - Started process (PID=14810) to work on /home/airflow/.local/lib/python3.8/site-packages/airflow/example_dags/example_time_delta_sensor_async.py
[2023-09-07T16:30:59.117+0000] {processor.py:829} INFO - Processing file /home/airflow/.local/lib/python3.8/site-packages/airflow/example_dags/example_time_delta_sensor_async.py for tasks to queue
[2023-09-07T16:30:59.119+0000] {logging_mixin.py:151} INFO - [2023-09-07T16:30:59.118+0000] {dagbag.py:539} INFO - Filling up the DagBag from /home/airflow/.local/lib/python3.8/site-packages/airflow/example_dags/example_time_delta_sensor_async.py
[2023-09-07T16:30:59.125+0000] {processor.py:839} INFO - DAG(s) dict_keys(['example_time_delta_sensor_async']) retrieved from /home/airflow/.local/lib/python3.8/site-packages/airflow/example_dags/example_time_delta_sensor_async.py
[2023-09-07T16:30:59.150+0000] {logging_mixin.py:151} INFO - [2023-09-07T16:30:59.150+0000] {dag.py:2907} INFO - Sync 1 DAGs
[2023-09-07T16:30:59.160+0000] {logging_mixin.py:151} INFO - [2023-09-07T16:30:59.160+0000] {dag.py:3677} INFO - Setting next_dagrun for example_time_delta_sensor_async to None, run_after=None
[2023-09-07T16:30:59.172+0000] {processor.py:179} INFO - Processing /home/airflow/.local/lib/python3.8/site-packages/airflow/example_dags/example_time_delta_sensor_async.py took 0.065 seconds
[2023-09-07T16:31:29.777+0000] {processor.py:157} INFO - Started process (PID=15048) to work on /home/airflow/.local/lib/python3.8/site-packages/airflow/example_dags/example_time_delta_sensor_async.py
[2023-09-07T16:31:29.779+0000] {processor.py:829} INFO - Processing file /home/airflow/.local/lib/python3.8/site-packages/airflow/example_dags/example_time_delta_sensor_async.py for tasks to queue
[2023-09-07T16:31:29.780+0000] {logging_mixin.py:151} INFO - [2023-09-07T16:31:29.779+0000] {dagbag.py:539} INFO - Filling up the DagBag from /home/airflow/.local/lib/python3.8/site-packages/airflow/example_dags/example_time_delta_sensor_async.py
[2023-09-07T16:31:29.783+0000] {processor.py:839} INFO - DAG(s) dict_keys(['example_time_delta_sensor_async']) retrieved from /home/airflow/.local/lib/python3.8/site-packages/airflow/example_dags/example_time_delta_sensor_async.py
[2023-09-07T16:31:29.802+0000] {logging_mixin.py:151} INFO - [2023-09-07T16:31:29.802+0000] {dag.py:2907} INFO - Sync 1 DAGs
[2023-09-07T16:31:29.811+0000] {logging_mixin.py:151} INFO - [2023-09-07T16:31:29.811+0000] {dag.py:3677} INFO - Setting next_dagrun for example_time_delta_sensor_async to None, run_after=None
[2023-09-07T16:31:29.821+0000] {processor.py:179} INFO - Processing /home/airflow/.local/lib/python3.8/site-packages/airflow/example_dags/example_time_delta_sensor_async.py took 0.047 seconds
[2023-09-07T16:32:00.613+0000] {processor.py:157} INFO - Started process (PID=15286) to work on /home/airflow/.local/lib/python3.8/site-packages/airflow/example_dags/example_time_delta_sensor_async.py
[2023-09-07T16:32:00.615+0000] {processor.py:829} INFO - Processing file /home/airflow/.local/lib/python3.8/site-packages/airflow/example_dags/example_time_delta_sensor_async.py for tasks to queue
[2023-09-07T16:32:00.616+0000] {logging_mixin.py:151} INFO - [2023-09-07T16:32:00.616+0000] {dagbag.py:539} INFO - Filling up the DagBag from /home/airflow/.local/lib/python3.8/site-packages/airflow/example_dags/example_time_delta_sensor_async.py
[2023-09-07T16:32:00.622+0000] {processor.py:839} INFO - DAG(s) dict_keys(['example_time_delta_sensor_async']) retrieved from /home/airflow/.local/lib/python3.8/site-packages/airflow/example_dags/example_time_delta_sensor_async.py
[2023-09-07T16:32:00.647+0000] {logging_mixin.py:151} INFO - [2023-09-07T16:32:00.647+0000] {dag.py:2907} INFO - Sync 1 DAGs
[2023-09-07T16:32:00.657+0000] {logging_mixin.py:151} INFO - [2023-09-07T16:32:00.657+0000] {dag.py:3677} INFO - Setting next_dagrun for example_time_delta_sensor_async to None, run_after=None
[2023-09-07T16:32:00.668+0000] {processor.py:179} INFO - Processing /home/airflow/.local/lib/python3.8/site-packages/airflow/example_dags/example_time_delta_sensor_async.py took 0.059 seconds
[2023-09-07T16:32:33.614+0000] {processor.py:157} INFO - Started process (PID=15524) to work on /home/airflow/.local/lib/python3.8/site-packages/airflow/example_dags/example_time_delta_sensor_async.py
[2023-09-07T16:32:33.616+0000] {processor.py:829} INFO - Processing file /home/airflow/.local/lib/python3.8/site-packages/airflow/example_dags/example_time_delta_sensor_async.py for tasks to queue
[2023-09-07T16:32:33.617+0000] {logging_mixin.py:151} INFO - [2023-09-07T16:32:33.616+0000] {dagbag.py:539} INFO - Filling up the DagBag from /home/airflow/.local/lib/python3.8/site-packages/airflow/example_dags/example_time_delta_sensor_async.py
[2023-09-07T16:32:33.621+0000] {processor.py:839} INFO - DAG(s) dict_keys(['example_time_delta_sensor_async']) retrieved from /home/airflow/.local/lib/python3.8/site-packages/airflow/example_dags/example_time_delta_sensor_async.py
[2023-09-07T16:32:33.653+0000] {logging_mixin.py:151} INFO - [2023-09-07T16:32:33.653+0000] {dag.py:2907} INFO - Sync 1 DAGs
[2023-09-07T16:32:33.668+0000] {logging_mixin.py:151} INFO - [2023-09-07T16:32:33.668+0000] {dag.py:3677} INFO - Setting next_dagrun for example_time_delta_sensor_async to None, run_after=None
[2023-09-07T16:32:33.684+0000] {processor.py:179} INFO - Processing /home/airflow/.local/lib/python3.8/site-packages/airflow/example_dags/example_time_delta_sensor_async.py took 0.073 seconds
[2023-09-07T16:33:07.254+0000] {processor.py:157} INFO - Started process (PID=15764) to work on /home/airflow/.local/lib/python3.8/site-packages/airflow/example_dags/example_time_delta_sensor_async.py
[2023-09-07T16:33:07.267+0000] {processor.py:829} INFO - Processing file /home/airflow/.local/lib/python3.8/site-packages/airflow/example_dags/example_time_delta_sensor_async.py for tasks to queue
[2023-09-07T16:33:07.295+0000] {logging_mixin.py:151} INFO - [2023-09-07T16:33:07.293+0000] {dagbag.py:539} INFO - Filling up the DagBag from /home/airflow/.local/lib/python3.8/site-packages/airflow/example_dags/example_time_delta_sensor_async.py
[2023-09-07T16:33:07.384+0000] {processor.py:839} INFO - DAG(s) dict_keys(['example_time_delta_sensor_async']) retrieved from /home/airflow/.local/lib/python3.8/site-packages/airflow/example_dags/example_time_delta_sensor_async.py
[2023-09-07T16:33:07.472+0000] {logging_mixin.py:151} INFO - [2023-09-07T16:33:07.472+0000] {dag.py:2907} INFO - Sync 1 DAGs
[2023-09-07T16:33:07.499+0000] {logging_mixin.py:151} INFO - [2023-09-07T16:33:07.499+0000] {dag.py:3677} INFO - Setting next_dagrun for example_time_delta_sensor_async to None, run_after=None
[2023-09-07T16:33:07.528+0000] {processor.py:179} INFO - Processing /home/airflow/.local/lib/python3.8/site-packages/airflow/example_dags/example_time_delta_sensor_async.py took 0.321 seconds
[2023-09-07T16:33:38.591+0000] {processor.py:157} INFO - Started process (PID=16002) to work on /home/airflow/.local/lib/python3.8/site-packages/airflow/example_dags/example_time_delta_sensor_async.py
[2023-09-07T16:33:38.596+0000] {processor.py:829} INFO - Processing file /home/airflow/.local/lib/python3.8/site-packages/airflow/example_dags/example_time_delta_sensor_async.py for tasks to queue
[2023-09-07T16:33:38.599+0000] {logging_mixin.py:151} INFO - [2023-09-07T16:33:38.598+0000] {dagbag.py:539} INFO - Filling up the DagBag from /home/airflow/.local/lib/python3.8/site-packages/airflow/example_dags/example_time_delta_sensor_async.py
[2023-09-07T16:33:38.628+0000] {processor.py:839} INFO - DAG(s) dict_keys(['example_time_delta_sensor_async']) retrieved from /home/airflow/.local/lib/python3.8/site-packages/airflow/example_dags/example_time_delta_sensor_async.py
[2023-09-07T16:33:38.685+0000] {logging_mixin.py:151} INFO - [2023-09-07T16:33:38.685+0000] {dag.py:2907} INFO - Sync 1 DAGs
[2023-09-07T16:33:38.700+0000] {logging_mixin.py:151} INFO - [2023-09-07T16:33:38.700+0000] {dag.py:3677} INFO - Setting next_dagrun for example_time_delta_sensor_async to None, run_after=None
[2023-09-07T16:33:38.732+0000] {processor.py:179} INFO - Processing /home/airflow/.local/lib/python3.8/site-packages/airflow/example_dags/example_time_delta_sensor_async.py took 0.152 seconds
[2023-09-07T16:34:09.267+0000] {processor.py:157} INFO - Started process (PID=16240) to work on /home/airflow/.local/lib/python3.8/site-packages/airflow/example_dags/example_time_delta_sensor_async.py
[2023-09-07T16:34:09.270+0000] {processor.py:829} INFO - Processing file /home/airflow/.local/lib/python3.8/site-packages/airflow/example_dags/example_time_delta_sensor_async.py for tasks to queue
[2023-09-07T16:34:09.273+0000] {logging_mixin.py:151} INFO - [2023-09-07T16:34:09.272+0000] {dagbag.py:539} INFO - Filling up the DagBag from /home/airflow/.local/lib/python3.8/site-packages/airflow/example_dags/example_time_delta_sensor_async.py
[2023-09-07T16:34:09.300+0000] {processor.py:839} INFO - DAG(s) dict_keys(['example_time_delta_sensor_async']) retrieved from /home/airflow/.local/lib/python3.8/site-packages/airflow/example_dags/example_time_delta_sensor_async.py
[2023-09-07T16:34:09.350+0000] {logging_mixin.py:151} INFO - [2023-09-07T16:34:09.350+0000] {dag.py:2907} INFO - Sync 1 DAGs
[2023-09-07T16:34:09.364+0000] {logging_mixin.py:151} INFO - [2023-09-07T16:34:09.364+0000] {dag.py:3677} INFO - Setting next_dagrun for example_time_delta_sensor_async to None, run_after=None
[2023-09-07T16:34:09.381+0000] {processor.py:179} INFO - Processing /home/airflow/.local/lib/python3.8/site-packages/airflow/example_dags/example_time_delta_sensor_async.py took 0.126 seconds
