[2023-09-07T15:58:25.762+0000] {processor.py:157} INFO - Started process (PID=292) to work on /home/airflow/.local/lib/python3.8/site-packages/airflow/example_dags/example_local_kubernetes_executor.py
[2023-09-07T15:58:25.765+0000] {processor.py:829} INFO - Processing file /home/airflow/.local/lib/python3.8/site-packages/airflow/example_dags/example_local_kubernetes_executor.py for tasks to queue
[2023-09-07T15:58:25.768+0000] {logging_mixin.py:151} INFO - [2023-09-07T15:58:25.767+0000] {dagbag.py:539} INFO - Filling up the DagBag from /home/airflow/.local/lib/python3.8/site-packages/airflow/example_dags/example_local_kubernetes_executor.py
[2023-09-07T15:58:27.507+0000] {processor.py:839} INFO - DAG(s) dict_keys(['example_local_kubernetes_executor']) retrieved from /home/airflow/.local/lib/python3.8/site-packages/airflow/example_dags/example_local_kubernetes_executor.py
[2023-09-07T15:58:27.568+0000] {logging_mixin.py:151} INFO - [2023-09-07T15:58:27.567+0000] {dag.py:2907} INFO - Sync 1 DAGs
[2023-09-07T15:58:27.595+0000] {logging_mixin.py:151} INFO - [2023-09-07T15:58:27.595+0000] {dag.py:3677} INFO - Setting next_dagrun for example_local_kubernetes_executor to None, run_after=None
[2023-09-07T15:58:27.624+0000] {processor.py:179} INFO - Processing /home/airflow/.local/lib/python3.8/site-packages/airflow/example_dags/example_local_kubernetes_executor.py took 1.868 seconds
[2023-09-07T15:58:57.788+0000] {processor.py:157} INFO - Started process (PID=567) to work on /home/airflow/.local/lib/python3.8/site-packages/airflow/example_dags/example_local_kubernetes_executor.py
[2023-09-07T15:58:57.789+0000] {processor.py:829} INFO - Processing file /home/airflow/.local/lib/python3.8/site-packages/airflow/example_dags/example_local_kubernetes_executor.py for tasks to queue
[2023-09-07T15:58:57.790+0000] {logging_mixin.py:151} INFO - [2023-09-07T15:58:57.790+0000] {dagbag.py:539} INFO - Filling up the DagBag from /home/airflow/.local/lib/python3.8/site-packages/airflow/example_dags/example_local_kubernetes_executor.py
[2023-09-07T15:58:58.067+0000] {processor.py:839} INFO - DAG(s) dict_keys(['example_local_kubernetes_executor']) retrieved from /home/airflow/.local/lib/python3.8/site-packages/airflow/example_dags/example_local_kubernetes_executor.py
[2023-09-07T15:58:58.100+0000] {logging_mixin.py:151} INFO - [2023-09-07T15:58:58.100+0000] {dag.py:2907} INFO - Sync 1 DAGs
[2023-09-07T15:58:58.107+0000] {logging_mixin.py:151} INFO - [2023-09-07T15:58:58.107+0000] {dag.py:3677} INFO - Setting next_dagrun for example_local_kubernetes_executor to None, run_after=None
[2023-09-07T15:58:58.116+0000] {processor.py:179} INFO - Processing /home/airflow/.local/lib/python3.8/site-packages/airflow/example_dags/example_local_kubernetes_executor.py took 0.331 seconds
[2023-09-07T15:59:29.414+0000] {processor.py:157} INFO - Started process (PID=770) to work on /home/airflow/.local/lib/python3.8/site-packages/airflow/example_dags/example_local_kubernetes_executor.py
[2023-09-07T15:59:29.415+0000] {processor.py:829} INFO - Processing file /home/airflow/.local/lib/python3.8/site-packages/airflow/example_dags/example_local_kubernetes_executor.py for tasks to queue
[2023-09-07T15:59:29.417+0000] {logging_mixin.py:151} INFO - [2023-09-07T15:59:29.416+0000] {dagbag.py:539} INFO - Filling up the DagBag from /home/airflow/.local/lib/python3.8/site-packages/airflow/example_dags/example_local_kubernetes_executor.py
[2023-09-07T15:59:30.076+0000] {processor.py:839} INFO - DAG(s) dict_keys(['example_local_kubernetes_executor']) retrieved from /home/airflow/.local/lib/python3.8/site-packages/airflow/example_dags/example_local_kubernetes_executor.py
[2023-09-07T15:59:30.153+0000] {logging_mixin.py:151} INFO - [2023-09-07T15:59:30.152+0000] {dag.py:2907} INFO - Sync 1 DAGs
[2023-09-07T15:59:30.167+0000] {logging_mixin.py:151} INFO - [2023-09-07T15:59:30.167+0000] {dag.py:3677} INFO - Setting next_dagrun for example_local_kubernetes_executor to None, run_after=None
[2023-09-07T15:59:30.196+0000] {processor.py:179} INFO - Processing /home/airflow/.local/lib/python3.8/site-packages/airflow/example_dags/example_local_kubernetes_executor.py took 0.787 seconds
[2023-09-07T16:00:01.101+0000] {processor.py:157} INFO - Started process (PID=1008) to work on /home/airflow/.local/lib/python3.8/site-packages/airflow/example_dags/example_local_kubernetes_executor.py
[2023-09-07T16:00:01.104+0000] {processor.py:829} INFO - Processing file /home/airflow/.local/lib/python3.8/site-packages/airflow/example_dags/example_local_kubernetes_executor.py for tasks to queue
[2023-09-07T16:00:01.107+0000] {logging_mixin.py:151} INFO - [2023-09-07T16:00:01.106+0000] {dagbag.py:539} INFO - Filling up the DagBag from /home/airflow/.local/lib/python3.8/site-packages/airflow/example_dags/example_local_kubernetes_executor.py
[2023-09-07T16:00:01.452+0000] {processor.py:839} INFO - DAG(s) dict_keys(['example_local_kubernetes_executor']) retrieved from /home/airflow/.local/lib/python3.8/site-packages/airflow/example_dags/example_local_kubernetes_executor.py
[2023-09-07T16:00:01.485+0000] {logging_mixin.py:151} INFO - [2023-09-07T16:00:01.484+0000] {dag.py:2907} INFO - Sync 1 DAGs
[2023-09-07T16:00:01.495+0000] {logging_mixin.py:151} INFO - [2023-09-07T16:00:01.495+0000] {dag.py:3677} INFO - Setting next_dagrun for example_local_kubernetes_executor to None, run_after=None
[2023-09-07T16:00:01.507+0000] {processor.py:179} INFO - Processing /home/airflow/.local/lib/python3.8/site-packages/airflow/example_dags/example_local_kubernetes_executor.py took 0.413 seconds
[2023-09-07T16:00:32.811+0000] {processor.py:157} INFO - Started process (PID=1245) to work on /home/airflow/.local/lib/python3.8/site-packages/airflow/example_dags/example_local_kubernetes_executor.py
[2023-09-07T16:00:32.828+0000] {processor.py:829} INFO - Processing file /home/airflow/.local/lib/python3.8/site-packages/airflow/example_dags/example_local_kubernetes_executor.py for tasks to queue
[2023-09-07T16:00:32.865+0000] {logging_mixin.py:151} INFO - [2023-09-07T16:00:32.857+0000] {dagbag.py:539} INFO - Filling up the DagBag from /home/airflow/.local/lib/python3.8/site-packages/airflow/example_dags/example_local_kubernetes_executor.py
[2023-09-07T16:00:34.428+0000] {processor.py:839} INFO - DAG(s) dict_keys(['example_local_kubernetes_executor']) retrieved from /home/airflow/.local/lib/python3.8/site-packages/airflow/example_dags/example_local_kubernetes_executor.py
[2023-09-07T16:00:34.576+0000] {logging_mixin.py:151} INFO - [2023-09-07T16:00:34.573+0000] {dag.py:2907} INFO - Sync 1 DAGs
[2023-09-07T16:00:34.643+0000] {logging_mixin.py:151} INFO - [2023-09-07T16:00:34.643+0000] {dag.py:3677} INFO - Setting next_dagrun for example_local_kubernetes_executor to None, run_after=None
[2023-09-07T16:00:34.704+0000] {processor.py:179} INFO - Processing /home/airflow/.local/lib/python3.8/site-packages/airflow/example_dags/example_local_kubernetes_executor.py took 2.014 seconds
[2023-09-07T16:01:05.198+0000] {processor.py:157} INFO - Started process (PID=1507) to work on /home/airflow/.local/lib/python3.8/site-packages/airflow/example_dags/example_local_kubernetes_executor.py
[2023-09-07T16:01:05.201+0000] {processor.py:829} INFO - Processing file /home/airflow/.local/lib/python3.8/site-packages/airflow/example_dags/example_local_kubernetes_executor.py for tasks to queue
[2023-09-07T16:01:05.203+0000] {logging_mixin.py:151} INFO - [2023-09-07T16:01:05.202+0000] {dagbag.py:539} INFO - Filling up the DagBag from /home/airflow/.local/lib/python3.8/site-packages/airflow/example_dags/example_local_kubernetes_executor.py
[2023-09-07T16:01:05.506+0000] {processor.py:839} INFO - DAG(s) dict_keys(['example_local_kubernetes_executor']) retrieved from /home/airflow/.local/lib/python3.8/site-packages/airflow/example_dags/example_local_kubernetes_executor.py
[2023-09-07T16:01:05.537+0000] {logging_mixin.py:151} INFO - [2023-09-07T16:01:05.536+0000] {dag.py:2907} INFO - Sync 1 DAGs
[2023-09-07T16:01:05.544+0000] {logging_mixin.py:151} INFO - [2023-09-07T16:01:05.544+0000] {dag.py:3677} INFO - Setting next_dagrun for example_local_kubernetes_executor to None, run_after=None
[2023-09-07T16:01:05.555+0000] {processor.py:179} INFO - Processing /home/airflow/.local/lib/python3.8/site-packages/airflow/example_dags/example_local_kubernetes_executor.py took 0.366 seconds
[2023-09-07T16:01:35.798+0000] {processor.py:157} INFO - Started process (PID=1745) to work on /home/airflow/.local/lib/python3.8/site-packages/airflow/example_dags/example_local_kubernetes_executor.py
[2023-09-07T16:01:35.801+0000] {processor.py:829} INFO - Processing file /home/airflow/.local/lib/python3.8/site-packages/airflow/example_dags/example_local_kubernetes_executor.py for tasks to queue
[2023-09-07T16:01:35.803+0000] {logging_mixin.py:151} INFO - [2023-09-07T16:01:35.802+0000] {dagbag.py:539} INFO - Filling up the DagBag from /home/airflow/.local/lib/python3.8/site-packages/airflow/example_dags/example_local_kubernetes_executor.py
[2023-09-07T16:01:36.449+0000] {processor.py:839} INFO - DAG(s) dict_keys(['example_local_kubernetes_executor']) retrieved from /home/airflow/.local/lib/python3.8/site-packages/airflow/example_dags/example_local_kubernetes_executor.py
[2023-09-07T16:01:36.566+0000] {logging_mixin.py:151} INFO - [2023-09-07T16:01:36.565+0000] {dag.py:2907} INFO - Sync 1 DAGs
[2023-09-07T16:01:36.583+0000] {logging_mixin.py:151} INFO - [2023-09-07T16:01:36.583+0000] {dag.py:3677} INFO - Setting next_dagrun for example_local_kubernetes_executor to None, run_after=None
[2023-09-07T16:01:36.602+0000] {processor.py:179} INFO - Processing /home/airflow/.local/lib/python3.8/site-packages/airflow/example_dags/example_local_kubernetes_executor.py took 0.814 seconds
[2023-09-07T16:02:06.801+0000] {processor.py:157} INFO - Started process (PID=1993) to work on /home/airflow/.local/lib/python3.8/site-packages/airflow/example_dags/example_local_kubernetes_executor.py
[2023-09-07T16:02:06.802+0000] {processor.py:829} INFO - Processing file /home/airflow/.local/lib/python3.8/site-packages/airflow/example_dags/example_local_kubernetes_executor.py for tasks to queue
[2023-09-07T16:02:06.803+0000] {logging_mixin.py:151} INFO - [2023-09-07T16:02:06.803+0000] {dagbag.py:539} INFO - Filling up the DagBag from /home/airflow/.local/lib/python3.8/site-packages/airflow/example_dags/example_local_kubernetes_executor.py
[2023-09-07T16:02:07.097+0000] {processor.py:839} INFO - DAG(s) dict_keys(['example_local_kubernetes_executor']) retrieved from /home/airflow/.local/lib/python3.8/site-packages/airflow/example_dags/example_local_kubernetes_executor.py
[2023-09-07T16:02:07.131+0000] {logging_mixin.py:151} INFO - [2023-09-07T16:02:07.131+0000] {dag.py:2907} INFO - Sync 1 DAGs
[2023-09-07T16:02:07.140+0000] {logging_mixin.py:151} INFO - [2023-09-07T16:02:07.140+0000] {dag.py:3677} INFO - Setting next_dagrun for example_local_kubernetes_executor to None, run_after=None
[2023-09-07T16:02:07.165+0000] {processor.py:179} INFO - Processing /home/airflow/.local/lib/python3.8/site-packages/airflow/example_dags/example_local_kubernetes_executor.py took 0.367 seconds
[2023-09-07T16:02:37.702+0000] {processor.py:157} INFO - Started process (PID=2221) to work on /home/airflow/.local/lib/python3.8/site-packages/airflow/example_dags/example_local_kubernetes_executor.py
[2023-09-07T16:02:37.705+0000] {processor.py:829} INFO - Processing file /home/airflow/.local/lib/python3.8/site-packages/airflow/example_dags/example_local_kubernetes_executor.py for tasks to queue
[2023-09-07T16:02:37.708+0000] {logging_mixin.py:151} INFO - [2023-09-07T16:02:37.707+0000] {dagbag.py:539} INFO - Filling up the DagBag from /home/airflow/.local/lib/python3.8/site-packages/airflow/example_dags/example_local_kubernetes_executor.py
[2023-09-07T16:02:38.058+0000] {processor.py:839} INFO - DAG(s) dict_keys(['example_local_kubernetes_executor']) retrieved from /home/airflow/.local/lib/python3.8/site-packages/airflow/example_dags/example_local_kubernetes_executor.py
[2023-09-07T16:02:38.093+0000] {logging_mixin.py:151} INFO - [2023-09-07T16:02:38.092+0000] {dag.py:2907} INFO - Sync 1 DAGs
[2023-09-07T16:02:38.106+0000] {logging_mixin.py:151} INFO - [2023-09-07T16:02:38.106+0000] {dag.py:3677} INFO - Setting next_dagrun for example_local_kubernetes_executor to None, run_after=None
[2023-09-07T16:02:38.126+0000] {processor.py:179} INFO - Processing /home/airflow/.local/lib/python3.8/site-packages/airflow/example_dags/example_local_kubernetes_executor.py took 0.435 seconds
[2023-09-07T16:03:08.295+0000] {processor.py:157} INFO - Started process (PID=2469) to work on /home/airflow/.local/lib/python3.8/site-packages/airflow/example_dags/example_local_kubernetes_executor.py
[2023-09-07T16:03:08.297+0000] {processor.py:829} INFO - Processing file /home/airflow/.local/lib/python3.8/site-packages/airflow/example_dags/example_local_kubernetes_executor.py for tasks to queue
[2023-09-07T16:03:08.298+0000] {logging_mixin.py:151} INFO - [2023-09-07T16:03:08.297+0000] {dagbag.py:539} INFO - Filling up the DagBag from /home/airflow/.local/lib/python3.8/site-packages/airflow/example_dags/example_local_kubernetes_executor.py
[2023-09-07T16:03:08.513+0000] {processor.py:839} INFO - DAG(s) dict_keys(['example_local_kubernetes_executor']) retrieved from /home/airflow/.local/lib/python3.8/site-packages/airflow/example_dags/example_local_kubernetes_executor.py
[2023-09-07T16:03:08.547+0000] {logging_mixin.py:151} INFO - [2023-09-07T16:03:08.547+0000] {dag.py:2907} INFO - Sync 1 DAGs
[2023-09-07T16:03:08.558+0000] {logging_mixin.py:151} INFO - [2023-09-07T16:03:08.557+0000] {dag.py:3677} INFO - Setting next_dagrun for example_local_kubernetes_executor to None, run_after=None
[2023-09-07T16:03:08.569+0000] {processor.py:179} INFO - Processing /home/airflow/.local/lib/python3.8/site-packages/airflow/example_dags/example_local_kubernetes_executor.py took 0.277 seconds
[2023-09-07T16:03:39.054+0000] {processor.py:157} INFO - Started process (PID=2697) to work on /home/airflow/.local/lib/python3.8/site-packages/airflow/example_dags/example_local_kubernetes_executor.py
[2023-09-07T16:03:39.056+0000] {processor.py:829} INFO - Processing file /home/airflow/.local/lib/python3.8/site-packages/airflow/example_dags/example_local_kubernetes_executor.py for tasks to queue
[2023-09-07T16:03:39.058+0000] {logging_mixin.py:151} INFO - [2023-09-07T16:03:39.057+0000] {dagbag.py:539} INFO - Filling up the DagBag from /home/airflow/.local/lib/python3.8/site-packages/airflow/example_dags/example_local_kubernetes_executor.py
[2023-09-07T16:03:39.335+0000] {processor.py:839} INFO - DAG(s) dict_keys(['example_local_kubernetes_executor']) retrieved from /home/airflow/.local/lib/python3.8/site-packages/airflow/example_dags/example_local_kubernetes_executor.py
[2023-09-07T16:03:39.369+0000] {logging_mixin.py:151} INFO - [2023-09-07T16:03:39.369+0000] {dag.py:2907} INFO - Sync 1 DAGs
[2023-09-07T16:03:39.381+0000] {logging_mixin.py:151} INFO - [2023-09-07T16:03:39.381+0000] {dag.py:3677} INFO - Setting next_dagrun for example_local_kubernetes_executor to None, run_after=None
[2023-09-07T16:03:39.398+0000] {processor.py:179} INFO - Processing /home/airflow/.local/lib/python3.8/site-packages/airflow/example_dags/example_local_kubernetes_executor.py took 0.352 seconds
[2023-09-07T16:04:09.942+0000] {processor.py:157} INFO - Started process (PID=2935) to work on /home/airflow/.local/lib/python3.8/site-packages/airflow/example_dags/example_local_kubernetes_executor.py
[2023-09-07T16:04:09.946+0000] {processor.py:829} INFO - Processing file /home/airflow/.local/lib/python3.8/site-packages/airflow/example_dags/example_local_kubernetes_executor.py for tasks to queue
[2023-09-07T16:04:09.948+0000] {logging_mixin.py:151} INFO - [2023-09-07T16:04:09.948+0000] {dagbag.py:539} INFO - Filling up the DagBag from /home/airflow/.local/lib/python3.8/site-packages/airflow/example_dags/example_local_kubernetes_executor.py
[2023-09-07T16:04:10.281+0000] {processor.py:839} INFO - DAG(s) dict_keys(['example_local_kubernetes_executor']) retrieved from /home/airflow/.local/lib/python3.8/site-packages/airflow/example_dags/example_local_kubernetes_executor.py
[2023-09-07T16:04:10.315+0000] {logging_mixin.py:151} INFO - [2023-09-07T16:04:10.314+0000] {dag.py:2907} INFO - Sync 1 DAGs
[2023-09-07T16:04:10.328+0000] {logging_mixin.py:151} INFO - [2023-09-07T16:04:10.327+0000] {dag.py:3677} INFO - Setting next_dagrun for example_local_kubernetes_executor to None, run_after=None
[2023-09-07T16:04:10.343+0000] {processor.py:179} INFO - Processing /home/airflow/.local/lib/python3.8/site-packages/airflow/example_dags/example_local_kubernetes_executor.py took 0.427 seconds
[2023-09-07T16:04:40.427+0000] {processor.py:157} INFO - Started process (PID=3178) to work on /home/airflow/.local/lib/python3.8/site-packages/airflow/example_dags/example_local_kubernetes_executor.py
[2023-09-07T16:04:40.428+0000] {processor.py:829} INFO - Processing file /home/airflow/.local/lib/python3.8/site-packages/airflow/example_dags/example_local_kubernetes_executor.py for tasks to queue
[2023-09-07T16:04:40.434+0000] {logging_mixin.py:151} INFO - [2023-09-07T16:04:40.433+0000] {dagbag.py:539} INFO - Filling up the DagBag from /home/airflow/.local/lib/python3.8/site-packages/airflow/example_dags/example_local_kubernetes_executor.py
[2023-09-07T16:04:40.711+0000] {processor.py:839} INFO - DAG(s) dict_keys(['example_local_kubernetes_executor']) retrieved from /home/airflow/.local/lib/python3.8/site-packages/airflow/example_dags/example_local_kubernetes_executor.py
[2023-09-07T16:04:40.746+0000] {logging_mixin.py:151} INFO - [2023-09-07T16:04:40.745+0000] {dag.py:2907} INFO - Sync 1 DAGs
[2023-09-07T16:04:40.756+0000] {logging_mixin.py:151} INFO - [2023-09-07T16:04:40.756+0000] {dag.py:3677} INFO - Setting next_dagrun for example_local_kubernetes_executor to None, run_after=None
[2023-09-07T16:04:40.781+0000] {processor.py:179} INFO - Processing /home/airflow/.local/lib/python3.8/site-packages/airflow/example_dags/example_local_kubernetes_executor.py took 0.358 seconds
[2023-09-07T16:05:10.887+0000] {processor.py:157} INFO - Started process (PID=3426) to work on /home/airflow/.local/lib/python3.8/site-packages/airflow/example_dags/example_local_kubernetes_executor.py
[2023-09-07T16:05:10.893+0000] {processor.py:829} INFO - Processing file /home/airflow/.local/lib/python3.8/site-packages/airflow/example_dags/example_local_kubernetes_executor.py for tasks to queue
[2023-09-07T16:05:10.898+0000] {logging_mixin.py:151} INFO - [2023-09-07T16:05:10.897+0000] {dagbag.py:539} INFO - Filling up the DagBag from /home/airflow/.local/lib/python3.8/site-packages/airflow/example_dags/example_local_kubernetes_executor.py
[2023-09-07T16:05:11.289+0000] {processor.py:839} INFO - DAG(s) dict_keys(['example_local_kubernetes_executor']) retrieved from /home/airflow/.local/lib/python3.8/site-packages/airflow/example_dags/example_local_kubernetes_executor.py
[2023-09-07T16:05:11.330+0000] {logging_mixin.py:151} INFO - [2023-09-07T16:05:11.329+0000] {dag.py:2907} INFO - Sync 1 DAGs
[2023-09-07T16:05:11.349+0000] {logging_mixin.py:151} INFO - [2023-09-07T16:05:11.349+0000] {dag.py:3677} INFO - Setting next_dagrun for example_local_kubernetes_executor to None, run_after=None
[2023-09-07T16:05:11.383+0000] {processor.py:179} INFO - Processing /home/airflow/.local/lib/python3.8/site-packages/airflow/example_dags/example_local_kubernetes_executor.py took 0.500 seconds
[2023-09-07T16:05:41.479+0000] {processor.py:157} INFO - Started process (PID=3675) to work on /home/airflow/.local/lib/python3.8/site-packages/airflow/example_dags/example_local_kubernetes_executor.py
[2023-09-07T16:05:41.480+0000] {processor.py:829} INFO - Processing file /home/airflow/.local/lib/python3.8/site-packages/airflow/example_dags/example_local_kubernetes_executor.py for tasks to queue
[2023-09-07T16:05:41.481+0000] {logging_mixin.py:151} INFO - [2023-09-07T16:05:41.481+0000] {dagbag.py:539} INFO - Filling up the DagBag from /home/airflow/.local/lib/python3.8/site-packages/airflow/example_dags/example_local_kubernetes_executor.py
[2023-09-07T16:05:41.662+0000] {processor.py:839} INFO - DAG(s) dict_keys(['example_local_kubernetes_executor']) retrieved from /home/airflow/.local/lib/python3.8/site-packages/airflow/example_dags/example_local_kubernetes_executor.py
[2023-09-07T16:05:41.698+0000] {logging_mixin.py:151} INFO - [2023-09-07T16:05:41.698+0000] {dag.py:2907} INFO - Sync 1 DAGs
[2023-09-07T16:05:41.715+0000] {logging_mixin.py:151} INFO - [2023-09-07T16:05:41.714+0000] {dag.py:3677} INFO - Setting next_dagrun for example_local_kubernetes_executor to None, run_after=None
[2023-09-07T16:05:41.734+0000] {processor.py:179} INFO - Processing /home/airflow/.local/lib/python3.8/site-packages/airflow/example_dags/example_local_kubernetes_executor.py took 0.258 seconds
[2023-09-07T16:06:11.798+0000] {processor.py:157} INFO - Started process (PID=3913) to work on /home/airflow/.local/lib/python3.8/site-packages/airflow/example_dags/example_local_kubernetes_executor.py
[2023-09-07T16:06:11.799+0000] {processor.py:829} INFO - Processing file /home/airflow/.local/lib/python3.8/site-packages/airflow/example_dags/example_local_kubernetes_executor.py for tasks to queue
[2023-09-07T16:06:11.800+0000] {logging_mixin.py:151} INFO - [2023-09-07T16:06:11.800+0000] {dagbag.py:539} INFO - Filling up the DagBag from /home/airflow/.local/lib/python3.8/site-packages/airflow/example_dags/example_local_kubernetes_executor.py
[2023-09-07T16:06:12.025+0000] {processor.py:839} INFO - DAG(s) dict_keys(['example_local_kubernetes_executor']) retrieved from /home/airflow/.local/lib/python3.8/site-packages/airflow/example_dags/example_local_kubernetes_executor.py
[2023-09-07T16:06:12.065+0000] {logging_mixin.py:151} INFO - [2023-09-07T16:06:12.065+0000] {dag.py:2907} INFO - Sync 1 DAGs
[2023-09-07T16:06:12.077+0000] {logging_mixin.py:151} INFO - [2023-09-07T16:06:12.077+0000] {dag.py:3677} INFO - Setting next_dagrun for example_local_kubernetes_executor to None, run_after=None
[2023-09-07T16:06:12.094+0000] {processor.py:179} INFO - Processing /home/airflow/.local/lib/python3.8/site-packages/airflow/example_dags/example_local_kubernetes_executor.py took 0.299 seconds
[2023-09-07T16:06:42.245+0000] {processor.py:157} INFO - Started process (PID=4126) to work on /home/airflow/.local/lib/python3.8/site-packages/airflow/example_dags/example_local_kubernetes_executor.py
[2023-09-07T16:06:42.252+0000] {processor.py:829} INFO - Processing file /home/airflow/.local/lib/python3.8/site-packages/airflow/example_dags/example_local_kubernetes_executor.py for tasks to queue
[2023-09-07T16:06:42.254+0000] {logging_mixin.py:151} INFO - [2023-09-07T16:06:42.253+0000] {dagbag.py:539} INFO - Filling up the DagBag from /home/airflow/.local/lib/python3.8/site-packages/airflow/example_dags/example_local_kubernetes_executor.py
[2023-09-07T16:06:42.676+0000] {processor.py:839} INFO - DAG(s) dict_keys(['example_local_kubernetes_executor']) retrieved from /home/airflow/.local/lib/python3.8/site-packages/airflow/example_dags/example_local_kubernetes_executor.py
[2023-09-07T16:06:42.725+0000] {logging_mixin.py:151} INFO - [2023-09-07T16:06:42.724+0000] {dag.py:2907} INFO - Sync 1 DAGs
[2023-09-07T16:06:42.737+0000] {logging_mixin.py:151} INFO - [2023-09-07T16:06:42.737+0000] {dag.py:3677} INFO - Setting next_dagrun for example_local_kubernetes_executor to None, run_after=None
[2023-09-07T16:06:42.753+0000] {processor.py:179} INFO - Processing /home/airflow/.local/lib/python3.8/site-packages/airflow/example_dags/example_local_kubernetes_executor.py took 0.533 seconds
[2023-09-07T16:07:13.173+0000] {processor.py:157} INFO - Started process (PID=4374) to work on /home/airflow/.local/lib/python3.8/site-packages/airflow/example_dags/example_local_kubernetes_executor.py
[2023-09-07T16:07:13.178+0000] {processor.py:829} INFO - Processing file /home/airflow/.local/lib/python3.8/site-packages/airflow/example_dags/example_local_kubernetes_executor.py for tasks to queue
[2023-09-07T16:07:13.179+0000] {logging_mixin.py:151} INFO - [2023-09-07T16:07:13.179+0000] {dagbag.py:539} INFO - Filling up the DagBag from /home/airflow/.local/lib/python3.8/site-packages/airflow/example_dags/example_local_kubernetes_executor.py
[2023-09-07T16:07:13.468+0000] {processor.py:839} INFO - DAG(s) dict_keys(['example_local_kubernetes_executor']) retrieved from /home/airflow/.local/lib/python3.8/site-packages/airflow/example_dags/example_local_kubernetes_executor.py
[2023-09-07T16:07:13.539+0000] {logging_mixin.py:151} INFO - [2023-09-07T16:07:13.538+0000] {dag.py:2907} INFO - Sync 1 DAGs
[2023-09-07T16:07:13.560+0000] {logging_mixin.py:151} INFO - [2023-09-07T16:07:13.560+0000] {dag.py:3677} INFO - Setting next_dagrun for example_local_kubernetes_executor to None, run_after=None
[2023-09-07T16:07:13.576+0000] {processor.py:179} INFO - Processing /home/airflow/.local/lib/python3.8/site-packages/airflow/example_dags/example_local_kubernetes_executor.py took 0.406 seconds
[2023-09-07T16:07:44.021+0000] {processor.py:157} INFO - Started process (PID=4602) to work on /home/airflow/.local/lib/python3.8/site-packages/airflow/example_dags/example_local_kubernetes_executor.py
[2023-09-07T16:07:44.024+0000] {processor.py:829} INFO - Processing file /home/airflow/.local/lib/python3.8/site-packages/airflow/example_dags/example_local_kubernetes_executor.py for tasks to queue
[2023-09-07T16:07:44.027+0000] {logging_mixin.py:151} INFO - [2023-09-07T16:07:44.026+0000] {dagbag.py:539} INFO - Filling up the DagBag from /home/airflow/.local/lib/python3.8/site-packages/airflow/example_dags/example_local_kubernetes_executor.py
[2023-09-07T16:07:44.327+0000] {processor.py:839} INFO - DAG(s) dict_keys(['example_local_kubernetes_executor']) retrieved from /home/airflow/.local/lib/python3.8/site-packages/airflow/example_dags/example_local_kubernetes_executor.py
[2023-09-07T16:07:44.391+0000] {logging_mixin.py:151} INFO - [2023-09-07T16:07:44.390+0000] {dag.py:2907} INFO - Sync 1 DAGs
[2023-09-07T16:07:44.417+0000] {logging_mixin.py:151} INFO - [2023-09-07T16:07:44.417+0000] {dag.py:3677} INFO - Setting next_dagrun for example_local_kubernetes_executor to None, run_after=None
[2023-09-07T16:07:44.437+0000] {processor.py:179} INFO - Processing /home/airflow/.local/lib/python3.8/site-packages/airflow/example_dags/example_local_kubernetes_executor.py took 0.432 seconds
[2023-09-07T16:08:14.973+0000] {processor.py:157} INFO - Started process (PID=4840) to work on /home/airflow/.local/lib/python3.8/site-packages/airflow/example_dags/example_local_kubernetes_executor.py
[2023-09-07T16:08:14.979+0000] {processor.py:829} INFO - Processing file /home/airflow/.local/lib/python3.8/site-packages/airflow/example_dags/example_local_kubernetes_executor.py for tasks to queue
[2023-09-07T16:08:15.000+0000] {logging_mixin.py:151} INFO - [2023-09-07T16:08:14.988+0000] {dagbag.py:539} INFO - Filling up the DagBag from /home/airflow/.local/lib/python3.8/site-packages/airflow/example_dags/example_local_kubernetes_executor.py
[2023-09-07T16:08:15.672+0000] {processor.py:839} INFO - DAG(s) dict_keys(['example_local_kubernetes_executor']) retrieved from /home/airflow/.local/lib/python3.8/site-packages/airflow/example_dags/example_local_kubernetes_executor.py
[2023-09-07T16:08:15.724+0000] {logging_mixin.py:151} INFO - [2023-09-07T16:08:15.724+0000] {dag.py:2907} INFO - Sync 1 DAGs
[2023-09-07T16:08:15.735+0000] {logging_mixin.py:151} INFO - [2023-09-07T16:08:15.735+0000] {dag.py:3677} INFO - Setting next_dagrun for example_local_kubernetes_executor to None, run_after=None
[2023-09-07T16:08:15.846+0000] {processor.py:179} INFO - Processing /home/airflow/.local/lib/python3.8/site-packages/airflow/example_dags/example_local_kubernetes_executor.py took 0.891 seconds
[2023-09-07T16:08:46.763+0000] {processor.py:157} INFO - Started process (PID=5088) to work on /home/airflow/.local/lib/python3.8/site-packages/airflow/example_dags/example_local_kubernetes_executor.py
[2023-09-07T16:08:46.768+0000] {processor.py:829} INFO - Processing file /home/airflow/.local/lib/python3.8/site-packages/airflow/example_dags/example_local_kubernetes_executor.py for tasks to queue
[2023-09-07T16:08:46.770+0000] {logging_mixin.py:151} INFO - [2023-09-07T16:08:46.770+0000] {dagbag.py:539} INFO - Filling up the DagBag from /home/airflow/.local/lib/python3.8/site-packages/airflow/example_dags/example_local_kubernetes_executor.py
[2023-09-07T16:08:47.166+0000] {processor.py:839} INFO - DAG(s) dict_keys(['example_local_kubernetes_executor']) retrieved from /home/airflow/.local/lib/python3.8/site-packages/airflow/example_dags/example_local_kubernetes_executor.py
[2023-09-07T16:08:47.226+0000] {logging_mixin.py:151} INFO - [2023-09-07T16:08:47.224+0000] {dag.py:2907} INFO - Sync 1 DAGs
[2023-09-07T16:08:47.239+0000] {logging_mixin.py:151} INFO - [2023-09-07T16:08:47.238+0000] {dag.py:3677} INFO - Setting next_dagrun for example_local_kubernetes_executor to None, run_after=None
[2023-09-07T16:08:47.257+0000] {processor.py:179} INFO - Processing /home/airflow/.local/lib/python3.8/site-packages/airflow/example_dags/example_local_kubernetes_executor.py took 0.501 seconds
[2023-09-07T16:09:18.106+0000] {processor.py:157} INFO - Started process (PID=5341) to work on /home/airflow/.local/lib/python3.8/site-packages/airflow/example_dags/example_local_kubernetes_executor.py
[2023-09-07T16:09:18.108+0000] {processor.py:829} INFO - Processing file /home/airflow/.local/lib/python3.8/site-packages/airflow/example_dags/example_local_kubernetes_executor.py for tasks to queue
[2023-09-07T16:09:18.116+0000] {logging_mixin.py:151} INFO - [2023-09-07T16:09:18.115+0000] {dagbag.py:539} INFO - Filling up the DagBag from /home/airflow/.local/lib/python3.8/site-packages/airflow/example_dags/example_local_kubernetes_executor.py
[2023-09-07T16:09:18.381+0000] {processor.py:839} INFO - DAG(s) dict_keys(['example_local_kubernetes_executor']) retrieved from /home/airflow/.local/lib/python3.8/site-packages/airflow/example_dags/example_local_kubernetes_executor.py
[2023-09-07T16:09:18.427+0000] {logging_mixin.py:151} INFO - [2023-09-07T16:09:18.426+0000] {dag.py:2907} INFO - Sync 1 DAGs
[2023-09-07T16:09:18.446+0000] {logging_mixin.py:151} INFO - [2023-09-07T16:09:18.446+0000] {dag.py:3677} INFO - Setting next_dagrun for example_local_kubernetes_executor to None, run_after=None
[2023-09-07T16:09:18.462+0000] {processor.py:179} INFO - Processing /home/airflow/.local/lib/python3.8/site-packages/airflow/example_dags/example_local_kubernetes_executor.py took 0.361 seconds
[2023-09-07T16:09:48.601+0000] {processor.py:157} INFO - Started process (PID=5584) to work on /home/airflow/.local/lib/python3.8/site-packages/airflow/example_dags/example_local_kubernetes_executor.py
[2023-09-07T16:09:48.602+0000] {processor.py:829} INFO - Processing file /home/airflow/.local/lib/python3.8/site-packages/airflow/example_dags/example_local_kubernetes_executor.py for tasks to queue
[2023-09-07T16:09:48.603+0000] {logging_mixin.py:151} INFO - [2023-09-07T16:09:48.603+0000] {dagbag.py:539} INFO - Filling up the DagBag from /home/airflow/.local/lib/python3.8/site-packages/airflow/example_dags/example_local_kubernetes_executor.py
[2023-09-07T16:09:48.802+0000] {processor.py:839} INFO - DAG(s) dict_keys(['example_local_kubernetes_executor']) retrieved from /home/airflow/.local/lib/python3.8/site-packages/airflow/example_dags/example_local_kubernetes_executor.py
[2023-09-07T16:09:48.830+0000] {logging_mixin.py:151} INFO - [2023-09-07T16:09:48.830+0000] {dag.py:2907} INFO - Sync 1 DAGs
[2023-09-07T16:09:48.840+0000] {logging_mixin.py:151} INFO - [2023-09-07T16:09:48.840+0000] {dag.py:3677} INFO - Setting next_dagrun for example_local_kubernetes_executor to None, run_after=None
[2023-09-07T16:09:48.851+0000] {processor.py:179} INFO - Processing /home/airflow/.local/lib/python3.8/site-packages/airflow/example_dags/example_local_kubernetes_executor.py took 0.254 seconds
[2023-09-07T16:10:19.311+0000] {processor.py:157} INFO - Started process (PID=5808) to work on /home/airflow/.local/lib/python3.8/site-packages/airflow/example_dags/example_local_kubernetes_executor.py
[2023-09-07T16:10:19.313+0000] {processor.py:829} INFO - Processing file /home/airflow/.local/lib/python3.8/site-packages/airflow/example_dags/example_local_kubernetes_executor.py for tasks to queue
[2023-09-07T16:10:19.315+0000] {logging_mixin.py:151} INFO - [2023-09-07T16:10:19.314+0000] {dagbag.py:539} INFO - Filling up the DagBag from /home/airflow/.local/lib/python3.8/site-packages/airflow/example_dags/example_local_kubernetes_executor.py
[2023-09-07T16:10:19.573+0000] {processor.py:839} INFO - DAG(s) dict_keys(['example_local_kubernetes_executor']) retrieved from /home/airflow/.local/lib/python3.8/site-packages/airflow/example_dags/example_local_kubernetes_executor.py
[2023-09-07T16:10:19.619+0000] {logging_mixin.py:151} INFO - [2023-09-07T16:10:19.619+0000] {dag.py:2907} INFO - Sync 1 DAGs
[2023-09-07T16:10:19.631+0000] {logging_mixin.py:151} INFO - [2023-09-07T16:10:19.630+0000] {dag.py:3677} INFO - Setting next_dagrun for example_local_kubernetes_executor to None, run_after=None
[2023-09-07T16:10:19.646+0000] {processor.py:179} INFO - Processing /home/airflow/.local/lib/python3.8/site-packages/airflow/example_dags/example_local_kubernetes_executor.py took 0.341 seconds
[2023-09-07T16:10:49.844+0000] {processor.py:157} INFO - Started process (PID=6046) to work on /home/airflow/.local/lib/python3.8/site-packages/airflow/example_dags/example_local_kubernetes_executor.py
[2023-09-07T16:10:49.847+0000] {processor.py:829} INFO - Processing file /home/airflow/.local/lib/python3.8/site-packages/airflow/example_dags/example_local_kubernetes_executor.py for tasks to queue
[2023-09-07T16:10:49.848+0000] {logging_mixin.py:151} INFO - [2023-09-07T16:10:49.848+0000] {dagbag.py:539} INFO - Filling up the DagBag from /home/airflow/.local/lib/python3.8/site-packages/airflow/example_dags/example_local_kubernetes_executor.py
[2023-09-07T16:10:50.135+0000] {processor.py:839} INFO - DAG(s) dict_keys(['example_local_kubernetes_executor']) retrieved from /home/airflow/.local/lib/python3.8/site-packages/airflow/example_dags/example_local_kubernetes_executor.py
[2023-09-07T16:10:50.299+0000] {logging_mixin.py:151} INFO - [2023-09-07T16:10:50.297+0000] {dag.py:2907} INFO - Sync 1 DAGs
[2023-09-07T16:10:50.309+0000] {logging_mixin.py:151} INFO - [2023-09-07T16:10:50.309+0000] {dag.py:3677} INFO - Setting next_dagrun for example_local_kubernetes_executor to None, run_after=None
[2023-09-07T16:10:50.323+0000] {processor.py:179} INFO - Processing /home/airflow/.local/lib/python3.8/site-packages/airflow/example_dags/example_local_kubernetes_executor.py took 0.485 seconds
[2023-09-07T16:11:20.593+0000] {processor.py:157} INFO - Started process (PID=6294) to work on /home/airflow/.local/lib/python3.8/site-packages/airflow/example_dags/example_local_kubernetes_executor.py
[2023-09-07T16:11:20.594+0000] {processor.py:829} INFO - Processing file /home/airflow/.local/lib/python3.8/site-packages/airflow/example_dags/example_local_kubernetes_executor.py for tasks to queue
[2023-09-07T16:11:20.595+0000] {logging_mixin.py:151} INFO - [2023-09-07T16:11:20.595+0000] {dagbag.py:539} INFO - Filling up the DagBag from /home/airflow/.local/lib/python3.8/site-packages/airflow/example_dags/example_local_kubernetes_executor.py
[2023-09-07T16:11:20.821+0000] {processor.py:839} INFO - DAG(s) dict_keys(['example_local_kubernetes_executor']) retrieved from /home/airflow/.local/lib/python3.8/site-packages/airflow/example_dags/example_local_kubernetes_executor.py
[2023-09-07T16:11:20.857+0000] {logging_mixin.py:151} INFO - [2023-09-07T16:11:20.857+0000] {dag.py:2907} INFO - Sync 1 DAGs
[2023-09-07T16:11:20.869+0000] {logging_mixin.py:151} INFO - [2023-09-07T16:11:20.869+0000] {dag.py:3677} INFO - Setting next_dagrun for example_local_kubernetes_executor to None, run_after=None
[2023-09-07T16:11:20.881+0000] {processor.py:179} INFO - Processing /home/airflow/.local/lib/python3.8/site-packages/airflow/example_dags/example_local_kubernetes_executor.py took 0.293 seconds
[2023-09-07T16:11:51.145+0000] {processor.py:157} INFO - Started process (PID=6522) to work on /home/airflow/.local/lib/python3.8/site-packages/airflow/example_dags/example_local_kubernetes_executor.py
[2023-09-07T16:11:51.147+0000] {processor.py:829} INFO - Processing file /home/airflow/.local/lib/python3.8/site-packages/airflow/example_dags/example_local_kubernetes_executor.py for tasks to queue
[2023-09-07T16:11:51.149+0000] {logging_mixin.py:151} INFO - [2023-09-07T16:11:51.148+0000] {dagbag.py:539} INFO - Filling up the DagBag from /home/airflow/.local/lib/python3.8/site-packages/airflow/example_dags/example_local_kubernetes_executor.py
[2023-09-07T16:11:51.481+0000] {processor.py:839} INFO - DAG(s) dict_keys(['example_local_kubernetes_executor']) retrieved from /home/airflow/.local/lib/python3.8/site-packages/airflow/example_dags/example_local_kubernetes_executor.py
[2023-09-07T16:11:51.567+0000] {logging_mixin.py:151} INFO - [2023-09-07T16:11:51.566+0000] {dag.py:2907} INFO - Sync 1 DAGs
[2023-09-07T16:11:51.577+0000] {logging_mixin.py:151} INFO - [2023-09-07T16:11:51.577+0000] {dag.py:3677} INFO - Setting next_dagrun for example_local_kubernetes_executor to None, run_after=None
[2023-09-07T16:11:51.591+0000] {processor.py:179} INFO - Processing /home/airflow/.local/lib/python3.8/site-packages/airflow/example_dags/example_local_kubernetes_executor.py took 0.453 seconds
[2023-09-07T16:12:21.787+0000] {processor.py:157} INFO - Started process (PID=6761) to work on /home/airflow/.local/lib/python3.8/site-packages/airflow/example_dags/example_local_kubernetes_executor.py
[2023-09-07T16:12:21.794+0000] {processor.py:829} INFO - Processing file /home/airflow/.local/lib/python3.8/site-packages/airflow/example_dags/example_local_kubernetes_executor.py for tasks to queue
[2023-09-07T16:12:21.797+0000] {logging_mixin.py:151} INFO - [2023-09-07T16:12:21.796+0000] {dagbag.py:539} INFO - Filling up the DagBag from /home/airflow/.local/lib/python3.8/site-packages/airflow/example_dags/example_local_kubernetes_executor.py
[2023-09-07T16:12:22.154+0000] {processor.py:839} INFO - DAG(s) dict_keys(['example_local_kubernetes_executor']) retrieved from /home/airflow/.local/lib/python3.8/site-packages/airflow/example_dags/example_local_kubernetes_executor.py
[2023-09-07T16:12:22.187+0000] {logging_mixin.py:151} INFO - [2023-09-07T16:12:22.187+0000] {dag.py:2907} INFO - Sync 1 DAGs
[2023-09-07T16:12:22.206+0000] {logging_mixin.py:151} INFO - [2023-09-07T16:12:22.206+0000] {dag.py:3677} INFO - Setting next_dagrun for example_local_kubernetes_executor to None, run_after=None
[2023-09-07T16:12:22.227+0000] {processor.py:179} INFO - Processing /home/airflow/.local/lib/python3.8/site-packages/airflow/example_dags/example_local_kubernetes_executor.py took 0.450 seconds
[2023-09-07T16:12:52.893+0000] {processor.py:157} INFO - Started process (PID=7000) to work on /home/airflow/.local/lib/python3.8/site-packages/airflow/example_dags/example_local_kubernetes_executor.py
[2023-09-07T16:12:52.897+0000] {processor.py:829} INFO - Processing file /home/airflow/.local/lib/python3.8/site-packages/airflow/example_dags/example_local_kubernetes_executor.py for tasks to queue
[2023-09-07T16:12:52.901+0000] {logging_mixin.py:151} INFO - [2023-09-07T16:12:52.899+0000] {dagbag.py:539} INFO - Filling up the DagBag from /home/airflow/.local/lib/python3.8/site-packages/airflow/example_dags/example_local_kubernetes_executor.py
[2023-09-07T16:12:53.266+0000] {processor.py:839} INFO - DAG(s) dict_keys(['example_local_kubernetes_executor']) retrieved from /home/airflow/.local/lib/python3.8/site-packages/airflow/example_dags/example_local_kubernetes_executor.py
[2023-09-07T16:12:53.318+0000] {logging_mixin.py:151} INFO - [2023-09-07T16:12:53.316+0000] {dag.py:2907} INFO - Sync 1 DAGs
[2023-09-07T16:12:53.327+0000] {logging_mixin.py:151} INFO - [2023-09-07T16:12:53.327+0000] {dag.py:3677} INFO - Setting next_dagrun for example_local_kubernetes_executor to None, run_after=None
[2023-09-07T16:12:53.340+0000] {processor.py:179} INFO - Processing /home/airflow/.local/lib/python3.8/site-packages/airflow/example_dags/example_local_kubernetes_executor.py took 0.456 seconds
[2023-09-07T16:13:23.684+0000] {processor.py:157} INFO - Started process (PID=7238) to work on /home/airflow/.local/lib/python3.8/site-packages/airflow/example_dags/example_local_kubernetes_executor.py
[2023-09-07T16:13:23.686+0000] {processor.py:829} INFO - Processing file /home/airflow/.local/lib/python3.8/site-packages/airflow/example_dags/example_local_kubernetes_executor.py for tasks to queue
[2023-09-07T16:13:23.688+0000] {logging_mixin.py:151} INFO - [2023-09-07T16:13:23.687+0000] {dagbag.py:539} INFO - Filling up the DagBag from /home/airflow/.local/lib/python3.8/site-packages/airflow/example_dags/example_local_kubernetes_executor.py
[2023-09-07T16:13:23.931+0000] {processor.py:839} INFO - DAG(s) dict_keys(['example_local_kubernetes_executor']) retrieved from /home/airflow/.local/lib/python3.8/site-packages/airflow/example_dags/example_local_kubernetes_executor.py
[2023-09-07T16:13:23.963+0000] {logging_mixin.py:151} INFO - [2023-09-07T16:13:23.962+0000] {dag.py:2907} INFO - Sync 1 DAGs
[2023-09-07T16:13:23.973+0000] {logging_mixin.py:151} INFO - [2023-09-07T16:13:23.973+0000] {dag.py:3677} INFO - Setting next_dagrun for example_local_kubernetes_executor to None, run_after=None
[2023-09-07T16:13:23.987+0000] {processor.py:179} INFO - Processing /home/airflow/.local/lib/python3.8/site-packages/airflow/example_dags/example_local_kubernetes_executor.py took 0.308 seconds
[2023-09-07T16:13:54.529+0000] {processor.py:157} INFO - Started process (PID=7476) to work on /home/airflow/.local/lib/python3.8/site-packages/airflow/example_dags/example_local_kubernetes_executor.py
[2023-09-07T16:13:54.533+0000] {processor.py:829} INFO - Processing file /home/airflow/.local/lib/python3.8/site-packages/airflow/example_dags/example_local_kubernetes_executor.py for tasks to queue
[2023-09-07T16:13:54.539+0000] {logging_mixin.py:151} INFO - [2023-09-07T16:13:54.538+0000] {dagbag.py:539} INFO - Filling up the DagBag from /home/airflow/.local/lib/python3.8/site-packages/airflow/example_dags/example_local_kubernetes_executor.py
[2023-09-07T16:13:54.799+0000] {processor.py:839} INFO - DAG(s) dict_keys(['example_local_kubernetes_executor']) retrieved from /home/airflow/.local/lib/python3.8/site-packages/airflow/example_dags/example_local_kubernetes_executor.py
[2023-09-07T16:13:54.851+0000] {logging_mixin.py:151} INFO - [2023-09-07T16:13:54.850+0000] {dag.py:2907} INFO - Sync 1 DAGs
[2023-09-07T16:13:54.862+0000] {logging_mixin.py:151} INFO - [2023-09-07T16:13:54.862+0000] {dag.py:3677} INFO - Setting next_dagrun for example_local_kubernetes_executor to None, run_after=None
[2023-09-07T16:13:54.875+0000] {processor.py:179} INFO - Processing /home/airflow/.local/lib/python3.8/site-packages/airflow/example_dags/example_local_kubernetes_executor.py took 0.353 seconds
[2023-09-07T16:14:25.550+0000] {processor.py:157} INFO - Started process (PID=7715) to work on /home/airflow/.local/lib/python3.8/site-packages/airflow/example_dags/example_local_kubernetes_executor.py
[2023-09-07T16:14:25.553+0000] {processor.py:829} INFO - Processing file /home/airflow/.local/lib/python3.8/site-packages/airflow/example_dags/example_local_kubernetes_executor.py for tasks to queue
[2023-09-07T16:14:25.556+0000] {logging_mixin.py:151} INFO - [2023-09-07T16:14:25.555+0000] {dagbag.py:539} INFO - Filling up the DagBag from /home/airflow/.local/lib/python3.8/site-packages/airflow/example_dags/example_local_kubernetes_executor.py
[2023-09-07T16:14:25.849+0000] {processor.py:839} INFO - DAG(s) dict_keys(['example_local_kubernetes_executor']) retrieved from /home/airflow/.local/lib/python3.8/site-packages/airflow/example_dags/example_local_kubernetes_executor.py
[2023-09-07T16:14:25.882+0000] {logging_mixin.py:151} INFO - [2023-09-07T16:14:25.881+0000] {dag.py:2907} INFO - Sync 1 DAGs
[2023-09-07T16:14:25.893+0000] {logging_mixin.py:151} INFO - [2023-09-07T16:14:25.892+0000] {dag.py:3677} INFO - Setting next_dagrun for example_local_kubernetes_executor to None, run_after=None
[2023-09-07T16:14:25.915+0000] {processor.py:179} INFO - Processing /home/airflow/.local/lib/python3.8/site-packages/airflow/example_dags/example_local_kubernetes_executor.py took 0.380 seconds
[2023-09-07T16:14:56.251+0000] {processor.py:157} INFO - Started process (PID=7953) to work on /home/airflow/.local/lib/python3.8/site-packages/airflow/example_dags/example_local_kubernetes_executor.py
[2023-09-07T16:14:56.256+0000] {processor.py:829} INFO - Processing file /home/airflow/.local/lib/python3.8/site-packages/airflow/example_dags/example_local_kubernetes_executor.py for tasks to queue
[2023-09-07T16:14:56.260+0000] {logging_mixin.py:151} INFO - [2023-09-07T16:14:56.259+0000] {dagbag.py:539} INFO - Filling up the DagBag from /home/airflow/.local/lib/python3.8/site-packages/airflow/example_dags/example_local_kubernetes_executor.py
[2023-09-07T16:14:56.599+0000] {processor.py:839} INFO - DAG(s) dict_keys(['example_local_kubernetes_executor']) retrieved from /home/airflow/.local/lib/python3.8/site-packages/airflow/example_dags/example_local_kubernetes_executor.py
[2023-09-07T16:14:56.651+0000] {logging_mixin.py:151} INFO - [2023-09-07T16:14:56.650+0000] {dag.py:2907} INFO - Sync 1 DAGs
[2023-09-07T16:14:56.670+0000] {logging_mixin.py:151} INFO - [2023-09-07T16:14:56.670+0000] {dag.py:3677} INFO - Setting next_dagrun for example_local_kubernetes_executor to None, run_after=None
[2023-09-07T16:14:56.685+0000] {processor.py:179} INFO - Processing /home/airflow/.local/lib/python3.8/site-packages/airflow/example_dags/example_local_kubernetes_executor.py took 0.443 seconds
[2023-09-07T16:15:27.221+0000] {processor.py:157} INFO - Started process (PID=8190) to work on /home/airflow/.local/lib/python3.8/site-packages/airflow/example_dags/example_local_kubernetes_executor.py
[2023-09-07T16:15:27.229+0000] {processor.py:829} INFO - Processing file /home/airflow/.local/lib/python3.8/site-packages/airflow/example_dags/example_local_kubernetes_executor.py for tasks to queue
[2023-09-07T16:15:27.234+0000] {logging_mixin.py:151} INFO - [2023-09-07T16:15:27.232+0000] {dagbag.py:539} INFO - Filling up the DagBag from /home/airflow/.local/lib/python3.8/site-packages/airflow/example_dags/example_local_kubernetes_executor.py
[2023-09-07T16:15:27.578+0000] {processor.py:839} INFO - DAG(s) dict_keys(['example_local_kubernetes_executor']) retrieved from /home/airflow/.local/lib/python3.8/site-packages/airflow/example_dags/example_local_kubernetes_executor.py
[2023-09-07T16:15:27.625+0000] {logging_mixin.py:151} INFO - [2023-09-07T16:15:27.624+0000] {dag.py:2907} INFO - Sync 1 DAGs
[2023-09-07T16:15:27.635+0000] {logging_mixin.py:151} INFO - [2023-09-07T16:15:27.635+0000] {dag.py:3677} INFO - Setting next_dagrun for example_local_kubernetes_executor to None, run_after=None
[2023-09-07T16:15:27.647+0000] {processor.py:179} INFO - Processing /home/airflow/.local/lib/python3.8/site-packages/airflow/example_dags/example_local_kubernetes_executor.py took 0.436 seconds
[2023-09-07T16:15:57.969+0000] {processor.py:157} INFO - Started process (PID=8428) to work on /home/airflow/.local/lib/python3.8/site-packages/airflow/example_dags/example_local_kubernetes_executor.py
[2023-09-07T16:15:57.974+0000] {processor.py:829} INFO - Processing file /home/airflow/.local/lib/python3.8/site-packages/airflow/example_dags/example_local_kubernetes_executor.py for tasks to queue
[2023-09-07T16:15:57.978+0000] {logging_mixin.py:151} INFO - [2023-09-07T16:15:57.976+0000] {dagbag.py:539} INFO - Filling up the DagBag from /home/airflow/.local/lib/python3.8/site-packages/airflow/example_dags/example_local_kubernetes_executor.py
[2023-09-07T16:15:58.243+0000] {processor.py:839} INFO - DAG(s) dict_keys(['example_local_kubernetes_executor']) retrieved from /home/airflow/.local/lib/python3.8/site-packages/airflow/example_dags/example_local_kubernetes_executor.py
[2023-09-07T16:15:58.271+0000] {logging_mixin.py:151} INFO - [2023-09-07T16:15:58.270+0000] {dag.py:2907} INFO - Sync 1 DAGs
[2023-09-07T16:15:58.286+0000] {logging_mixin.py:151} INFO - [2023-09-07T16:15:58.286+0000] {dag.py:3677} INFO - Setting next_dagrun for example_local_kubernetes_executor to None, run_after=None
[2023-09-07T16:15:58.303+0000] {processor.py:179} INFO - Processing /home/airflow/.local/lib/python3.8/site-packages/airflow/example_dags/example_local_kubernetes_executor.py took 0.345 seconds
[2023-09-07T16:16:28.690+0000] {processor.py:157} INFO - Started process (PID=8666) to work on /home/airflow/.local/lib/python3.8/site-packages/airflow/example_dags/example_local_kubernetes_executor.py
[2023-09-07T16:16:28.693+0000] {processor.py:829} INFO - Processing file /home/airflow/.local/lib/python3.8/site-packages/airflow/example_dags/example_local_kubernetes_executor.py for tasks to queue
[2023-09-07T16:16:28.695+0000] {logging_mixin.py:151} INFO - [2023-09-07T16:16:28.694+0000] {dagbag.py:539} INFO - Filling up the DagBag from /home/airflow/.local/lib/python3.8/site-packages/airflow/example_dags/example_local_kubernetes_executor.py
[2023-09-07T16:16:28.958+0000] {processor.py:839} INFO - DAG(s) dict_keys(['example_local_kubernetes_executor']) retrieved from /home/airflow/.local/lib/python3.8/site-packages/airflow/example_dags/example_local_kubernetes_executor.py
[2023-09-07T16:16:29.009+0000] {logging_mixin.py:151} INFO - [2023-09-07T16:16:29.008+0000] {dag.py:2907} INFO - Sync 1 DAGs
[2023-09-07T16:16:29.022+0000] {logging_mixin.py:151} INFO - [2023-09-07T16:16:29.022+0000] {dag.py:3677} INFO - Setting next_dagrun for example_local_kubernetes_executor to None, run_after=None
[2023-09-07T16:16:29.038+0000] {processor.py:179} INFO - Processing /home/airflow/.local/lib/python3.8/site-packages/airflow/example_dags/example_local_kubernetes_executor.py took 0.353 seconds
[2023-09-07T16:16:59.270+0000] {processor.py:157} INFO - Started process (PID=8904) to work on /home/airflow/.local/lib/python3.8/site-packages/airflow/example_dags/example_local_kubernetes_executor.py
[2023-09-07T16:16:59.275+0000] {processor.py:829} INFO - Processing file /home/airflow/.local/lib/python3.8/site-packages/airflow/example_dags/example_local_kubernetes_executor.py for tasks to queue
[2023-09-07T16:16:59.276+0000] {logging_mixin.py:151} INFO - [2023-09-07T16:16:59.276+0000] {dagbag.py:539} INFO - Filling up the DagBag from /home/airflow/.local/lib/python3.8/site-packages/airflow/example_dags/example_local_kubernetes_executor.py
[2023-09-07T16:16:59.515+0000] {processor.py:839} INFO - DAG(s) dict_keys(['example_local_kubernetes_executor']) retrieved from /home/airflow/.local/lib/python3.8/site-packages/airflow/example_dags/example_local_kubernetes_executor.py
[2023-09-07T16:16:59.555+0000] {logging_mixin.py:151} INFO - [2023-09-07T16:16:59.554+0000] {dag.py:2907} INFO - Sync 1 DAGs
[2023-09-07T16:16:59.566+0000] {logging_mixin.py:151} INFO - [2023-09-07T16:16:59.566+0000] {dag.py:3677} INFO - Setting next_dagrun for example_local_kubernetes_executor to None, run_after=None
[2023-09-07T16:16:59.579+0000] {processor.py:179} INFO - Processing /home/airflow/.local/lib/python3.8/site-packages/airflow/example_dags/example_local_kubernetes_executor.py took 0.317 seconds
[2023-09-07T16:17:29.804+0000] {processor.py:157} INFO - Started process (PID=9142) to work on /home/airflow/.local/lib/python3.8/site-packages/airflow/example_dags/example_local_kubernetes_executor.py
[2023-09-07T16:17:29.812+0000] {processor.py:829} INFO - Processing file /home/airflow/.local/lib/python3.8/site-packages/airflow/example_dags/example_local_kubernetes_executor.py for tasks to queue
[2023-09-07T16:17:29.816+0000] {logging_mixin.py:151} INFO - [2023-09-07T16:17:29.814+0000] {dagbag.py:539} INFO - Filling up the DagBag from /home/airflow/.local/lib/python3.8/site-packages/airflow/example_dags/example_local_kubernetes_executor.py
[2023-09-07T16:17:30.172+0000] {processor.py:839} INFO - DAG(s) dict_keys(['example_local_kubernetes_executor']) retrieved from /home/airflow/.local/lib/python3.8/site-packages/airflow/example_dags/example_local_kubernetes_executor.py
[2023-09-07T16:17:30.220+0000] {logging_mixin.py:151} INFO - [2023-09-07T16:17:30.219+0000] {dag.py:2907} INFO - Sync 1 DAGs
[2023-09-07T16:17:30.230+0000] {logging_mixin.py:151} INFO - [2023-09-07T16:17:30.230+0000] {dag.py:3677} INFO - Setting next_dagrun for example_local_kubernetes_executor to None, run_after=None
[2023-09-07T16:17:30.242+0000] {processor.py:179} INFO - Processing /home/airflow/.local/lib/python3.8/site-packages/airflow/example_dags/example_local_kubernetes_executor.py took 0.465 seconds
[2023-09-07T16:18:00.358+0000] {processor.py:157} INFO - Started process (PID=9380) to work on /home/airflow/.local/lib/python3.8/site-packages/airflow/example_dags/example_local_kubernetes_executor.py
[2023-09-07T16:18:00.361+0000] {processor.py:829} INFO - Processing file /home/airflow/.local/lib/python3.8/site-packages/airflow/example_dags/example_local_kubernetes_executor.py for tasks to queue
[2023-09-07T16:18:00.363+0000] {logging_mixin.py:151} INFO - [2023-09-07T16:18:00.362+0000] {dagbag.py:539} INFO - Filling up the DagBag from /home/airflow/.local/lib/python3.8/site-packages/airflow/example_dags/example_local_kubernetes_executor.py
[2023-09-07T16:18:00.776+0000] {processor.py:839} INFO - DAG(s) dict_keys(['example_local_kubernetes_executor']) retrieved from /home/airflow/.local/lib/python3.8/site-packages/airflow/example_dags/example_local_kubernetes_executor.py
[2023-09-07T16:18:00.822+0000] {logging_mixin.py:151} INFO - [2023-09-07T16:18:00.822+0000] {dag.py:2907} INFO - Sync 1 DAGs
[2023-09-07T16:18:00.832+0000] {logging_mixin.py:151} INFO - [2023-09-07T16:18:00.831+0000] {dag.py:3677} INFO - Setting next_dagrun for example_local_kubernetes_executor to None, run_after=None
[2023-09-07T16:18:00.846+0000] {processor.py:179} INFO - Processing /home/airflow/.local/lib/python3.8/site-packages/airflow/example_dags/example_local_kubernetes_executor.py took 0.511 seconds
[2023-09-07T16:18:31.710+0000] {processor.py:157} INFO - Started process (PID=9624) to work on /home/airflow/.local/lib/python3.8/site-packages/airflow/example_dags/example_local_kubernetes_executor.py
[2023-09-07T16:18:31.712+0000] {processor.py:829} INFO - Processing file /home/airflow/.local/lib/python3.8/site-packages/airflow/example_dags/example_local_kubernetes_executor.py for tasks to queue
[2023-09-07T16:18:31.713+0000] {logging_mixin.py:151} INFO - [2023-09-07T16:18:31.713+0000] {dagbag.py:539} INFO - Filling up the DagBag from /home/airflow/.local/lib/python3.8/site-packages/airflow/example_dags/example_local_kubernetes_executor.py
[2023-09-07T16:18:31.942+0000] {processor.py:839} INFO - DAG(s) dict_keys(['example_local_kubernetes_executor']) retrieved from /home/airflow/.local/lib/python3.8/site-packages/airflow/example_dags/example_local_kubernetes_executor.py
[2023-09-07T16:18:31.966+0000] {logging_mixin.py:151} INFO - [2023-09-07T16:18:31.965+0000] {dag.py:2907} INFO - Sync 1 DAGs
[2023-09-07T16:18:31.973+0000] {logging_mixin.py:151} INFO - [2023-09-07T16:18:31.973+0000] {dag.py:3677} INFO - Setting next_dagrun for example_local_kubernetes_executor to None, run_after=None
[2023-09-07T16:18:31.983+0000] {processor.py:179} INFO - Processing /home/airflow/.local/lib/python3.8/site-packages/airflow/example_dags/example_local_kubernetes_executor.py took 0.279 seconds
[2023-09-07T16:19:02.068+0000] {processor.py:157} INFO - Started process (PID=9862) to work on /home/airflow/.local/lib/python3.8/site-packages/airflow/example_dags/example_local_kubernetes_executor.py
[2023-09-07T16:19:02.071+0000] {processor.py:829} INFO - Processing file /home/airflow/.local/lib/python3.8/site-packages/airflow/example_dags/example_local_kubernetes_executor.py for tasks to queue
[2023-09-07T16:19:02.072+0000] {logging_mixin.py:151} INFO - [2023-09-07T16:19:02.072+0000] {dagbag.py:539} INFO - Filling up the DagBag from /home/airflow/.local/lib/python3.8/site-packages/airflow/example_dags/example_local_kubernetes_executor.py
[2023-09-07T16:19:02.325+0000] {processor.py:839} INFO - DAG(s) dict_keys(['example_local_kubernetes_executor']) retrieved from /home/airflow/.local/lib/python3.8/site-packages/airflow/example_dags/example_local_kubernetes_executor.py
[2023-09-07T16:19:02.357+0000] {logging_mixin.py:151} INFO - [2023-09-07T16:19:02.356+0000] {dag.py:2907} INFO - Sync 1 DAGs
[2023-09-07T16:19:02.366+0000] {logging_mixin.py:151} INFO - [2023-09-07T16:19:02.366+0000] {dag.py:3677} INFO - Setting next_dagrun for example_local_kubernetes_executor to None, run_after=None
[2023-09-07T16:19:02.391+0000] {processor.py:179} INFO - Processing /home/airflow/.local/lib/python3.8/site-packages/airflow/example_dags/example_local_kubernetes_executor.py took 0.328 seconds
[2023-09-07T16:19:32.555+0000] {processor.py:157} INFO - Started process (PID=10110) to work on /home/airflow/.local/lib/python3.8/site-packages/airflow/example_dags/example_local_kubernetes_executor.py
[2023-09-07T16:19:32.556+0000] {processor.py:829} INFO - Processing file /home/airflow/.local/lib/python3.8/site-packages/airflow/example_dags/example_local_kubernetes_executor.py for tasks to queue
[2023-09-07T16:19:32.558+0000] {logging_mixin.py:151} INFO - [2023-09-07T16:19:32.557+0000] {dagbag.py:539} INFO - Filling up the DagBag from /home/airflow/.local/lib/python3.8/site-packages/airflow/example_dags/example_local_kubernetes_executor.py
[2023-09-07T16:19:32.740+0000] {processor.py:839} INFO - DAG(s) dict_keys(['example_local_kubernetes_executor']) retrieved from /home/airflow/.local/lib/python3.8/site-packages/airflow/example_dags/example_local_kubernetes_executor.py
[2023-09-07T16:19:32.795+0000] {logging_mixin.py:151} INFO - [2023-09-07T16:19:32.793+0000] {dag.py:2907} INFO - Sync 1 DAGs
[2023-09-07T16:19:32.806+0000] {logging_mixin.py:151} INFO - [2023-09-07T16:19:32.806+0000] {dag.py:3677} INFO - Setting next_dagrun for example_local_kubernetes_executor to None, run_after=None
[2023-09-07T16:19:32.818+0000] {processor.py:179} INFO - Processing /home/airflow/.local/lib/python3.8/site-packages/airflow/example_dags/example_local_kubernetes_executor.py took 0.268 seconds
[2023-09-07T16:20:03.001+0000] {processor.py:157} INFO - Started process (PID=10338) to work on /home/airflow/.local/lib/python3.8/site-packages/airflow/example_dags/example_local_kubernetes_executor.py
[2023-09-07T16:20:03.003+0000] {processor.py:829} INFO - Processing file /home/airflow/.local/lib/python3.8/site-packages/airflow/example_dags/example_local_kubernetes_executor.py for tasks to queue
[2023-09-07T16:20:03.005+0000] {logging_mixin.py:151} INFO - [2023-09-07T16:20:03.004+0000] {dagbag.py:539} INFO - Filling up the DagBag from /home/airflow/.local/lib/python3.8/site-packages/airflow/example_dags/example_local_kubernetes_executor.py
[2023-09-07T16:20:03.267+0000] {processor.py:839} INFO - DAG(s) dict_keys(['example_local_kubernetes_executor']) retrieved from /home/airflow/.local/lib/python3.8/site-packages/airflow/example_dags/example_local_kubernetes_executor.py
[2023-09-07T16:20:03.292+0000] {logging_mixin.py:151} INFO - [2023-09-07T16:20:03.292+0000] {dag.py:2907} INFO - Sync 1 DAGs
[2023-09-07T16:20:03.300+0000] {logging_mixin.py:151} INFO - [2023-09-07T16:20:03.300+0000] {dag.py:3677} INFO - Setting next_dagrun for example_local_kubernetes_executor to None, run_after=None
[2023-09-07T16:20:03.310+0000] {processor.py:179} INFO - Processing /home/airflow/.local/lib/python3.8/site-packages/airflow/example_dags/example_local_kubernetes_executor.py took 0.317 seconds
[2023-09-07T16:20:33.518+0000] {processor.py:157} INFO - Started process (PID=10586) to work on /home/airflow/.local/lib/python3.8/site-packages/airflow/example_dags/example_local_kubernetes_executor.py
[2023-09-07T16:20:33.519+0000] {processor.py:829} INFO - Processing file /home/airflow/.local/lib/python3.8/site-packages/airflow/example_dags/example_local_kubernetes_executor.py for tasks to queue
[2023-09-07T16:20:33.520+0000] {logging_mixin.py:151} INFO - [2023-09-07T16:20:33.519+0000] {dagbag.py:539} INFO - Filling up the DagBag from /home/airflow/.local/lib/python3.8/site-packages/airflow/example_dags/example_local_kubernetes_executor.py
[2023-09-07T16:20:33.714+0000] {processor.py:839} INFO - DAG(s) dict_keys(['example_local_kubernetes_executor']) retrieved from /home/airflow/.local/lib/python3.8/site-packages/airflow/example_dags/example_local_kubernetes_executor.py
[2023-09-07T16:20:33.751+0000] {logging_mixin.py:151} INFO - [2023-09-07T16:20:33.751+0000] {dag.py:2907} INFO - Sync 1 DAGs
[2023-09-07T16:20:33.762+0000] {logging_mixin.py:151} INFO - [2023-09-07T16:20:33.762+0000] {dag.py:3677} INFO - Setting next_dagrun for example_local_kubernetes_executor to None, run_after=None
[2023-09-07T16:20:33.773+0000] {processor.py:179} INFO - Processing /home/airflow/.local/lib/python3.8/site-packages/airflow/example_dags/example_local_kubernetes_executor.py took 0.258 seconds
[2023-09-07T16:21:03.875+0000] {processor.py:157} INFO - Started process (PID=10813) to work on /home/airflow/.local/lib/python3.8/site-packages/airflow/example_dags/example_local_kubernetes_executor.py
[2023-09-07T16:21:03.878+0000] {processor.py:829} INFO - Processing file /home/airflow/.local/lib/python3.8/site-packages/airflow/example_dags/example_local_kubernetes_executor.py for tasks to queue
[2023-09-07T16:21:03.879+0000] {logging_mixin.py:151} INFO - [2023-09-07T16:21:03.879+0000] {dagbag.py:539} INFO - Filling up the DagBag from /home/airflow/.local/lib/python3.8/site-packages/airflow/example_dags/example_local_kubernetes_executor.py
[2023-09-07T16:21:04.142+0000] {processor.py:839} INFO - DAG(s) dict_keys(['example_local_kubernetes_executor']) retrieved from /home/airflow/.local/lib/python3.8/site-packages/airflow/example_dags/example_local_kubernetes_executor.py
[2023-09-07T16:21:04.169+0000] {logging_mixin.py:151} INFO - [2023-09-07T16:21:04.169+0000] {dag.py:2907} INFO - Sync 1 DAGs
[2023-09-07T16:21:04.177+0000] {logging_mixin.py:151} INFO - [2023-09-07T16:21:04.177+0000] {dag.py:3677} INFO - Setting next_dagrun for example_local_kubernetes_executor to None, run_after=None
[2023-09-07T16:21:04.187+0000] {processor.py:179} INFO - Processing /home/airflow/.local/lib/python3.8/site-packages/airflow/example_dags/example_local_kubernetes_executor.py took 0.318 seconds
[2023-09-07T16:21:34.325+0000] {processor.py:157} INFO - Started process (PID=11061) to work on /home/airflow/.local/lib/python3.8/site-packages/airflow/example_dags/example_local_kubernetes_executor.py
[2023-09-07T16:21:34.326+0000] {processor.py:829} INFO - Processing file /home/airflow/.local/lib/python3.8/site-packages/airflow/example_dags/example_local_kubernetes_executor.py for tasks to queue
[2023-09-07T16:21:34.327+0000] {logging_mixin.py:151} INFO - [2023-09-07T16:21:34.326+0000] {dagbag.py:539} INFO - Filling up the DagBag from /home/airflow/.local/lib/python3.8/site-packages/airflow/example_dags/example_local_kubernetes_executor.py
[2023-09-07T16:21:34.495+0000] {processor.py:839} INFO - DAG(s) dict_keys(['example_local_kubernetes_executor']) retrieved from /home/airflow/.local/lib/python3.8/site-packages/airflow/example_dags/example_local_kubernetes_executor.py
[2023-09-07T16:21:34.522+0000] {logging_mixin.py:151} INFO - [2023-09-07T16:21:34.521+0000] {dag.py:2907} INFO - Sync 1 DAGs
[2023-09-07T16:21:34.530+0000] {logging_mixin.py:151} INFO - [2023-09-07T16:21:34.530+0000] {dag.py:3677} INFO - Setting next_dagrun for example_local_kubernetes_executor to None, run_after=None
[2023-09-07T16:21:34.541+0000] {processor.py:179} INFO - Processing /home/airflow/.local/lib/python3.8/site-packages/airflow/example_dags/example_local_kubernetes_executor.py took 0.219 seconds
[2023-09-07T16:22:04.802+0000] {processor.py:157} INFO - Started process (PID=11289) to work on /home/airflow/.local/lib/python3.8/site-packages/airflow/example_dags/example_local_kubernetes_executor.py
[2023-09-07T16:22:04.805+0000] {processor.py:829} INFO - Processing file /home/airflow/.local/lib/python3.8/site-packages/airflow/example_dags/example_local_kubernetes_executor.py for tasks to queue
[2023-09-07T16:22:04.807+0000] {logging_mixin.py:151} INFO - [2023-09-07T16:22:04.806+0000] {dagbag.py:539} INFO - Filling up the DagBag from /home/airflow/.local/lib/python3.8/site-packages/airflow/example_dags/example_local_kubernetes_executor.py
[2023-09-07T16:22:05.109+0000] {processor.py:839} INFO - DAG(s) dict_keys(['example_local_kubernetes_executor']) retrieved from /home/airflow/.local/lib/python3.8/site-packages/airflow/example_dags/example_local_kubernetes_executor.py
[2023-09-07T16:22:05.135+0000] {logging_mixin.py:151} INFO - [2023-09-07T16:22:05.135+0000] {dag.py:2907} INFO - Sync 1 DAGs
[2023-09-07T16:22:05.148+0000] {logging_mixin.py:151} INFO - [2023-09-07T16:22:05.148+0000] {dag.py:3677} INFO - Setting next_dagrun for example_local_kubernetes_executor to None, run_after=None
[2023-09-07T16:22:05.167+0000] {processor.py:179} INFO - Processing /home/airflow/.local/lib/python3.8/site-packages/airflow/example_dags/example_local_kubernetes_executor.py took 0.372 seconds
[2023-09-07T16:22:35.367+0000] {processor.py:157} INFO - Started process (PID=11526) to work on /home/airflow/.local/lib/python3.8/site-packages/airflow/example_dags/example_local_kubernetes_executor.py
[2023-09-07T16:22:35.371+0000] {processor.py:829} INFO - Processing file /home/airflow/.local/lib/python3.8/site-packages/airflow/example_dags/example_local_kubernetes_executor.py for tasks to queue
[2023-09-07T16:22:35.374+0000] {logging_mixin.py:151} INFO - [2023-09-07T16:22:35.373+0000] {dagbag.py:539} INFO - Filling up the DagBag from /home/airflow/.local/lib/python3.8/site-packages/airflow/example_dags/example_local_kubernetes_executor.py
[2023-09-07T16:22:35.653+0000] {processor.py:839} INFO - DAG(s) dict_keys(['example_local_kubernetes_executor']) retrieved from /home/airflow/.local/lib/python3.8/site-packages/airflow/example_dags/example_local_kubernetes_executor.py
[2023-09-07T16:22:35.683+0000] {logging_mixin.py:151} INFO - [2023-09-07T16:22:35.683+0000] {dag.py:2907} INFO - Sync 1 DAGs
[2023-09-07T16:22:35.693+0000] {logging_mixin.py:151} INFO - [2023-09-07T16:22:35.693+0000] {dag.py:3677} INFO - Setting next_dagrun for example_local_kubernetes_executor to None, run_after=None
[2023-09-07T16:22:35.706+0000] {processor.py:179} INFO - Processing /home/airflow/.local/lib/python3.8/site-packages/airflow/example_dags/example_local_kubernetes_executor.py took 0.345 seconds
[2023-09-07T16:23:05.905+0000] {processor.py:157} INFO - Started process (PID=11764) to work on /home/airflow/.local/lib/python3.8/site-packages/airflow/example_dags/example_local_kubernetes_executor.py
[2023-09-07T16:23:05.907+0000] {processor.py:829} INFO - Processing file /home/airflow/.local/lib/python3.8/site-packages/airflow/example_dags/example_local_kubernetes_executor.py for tasks to queue
[2023-09-07T16:23:05.909+0000] {logging_mixin.py:151} INFO - [2023-09-07T16:23:05.908+0000] {dagbag.py:539} INFO - Filling up the DagBag from /home/airflow/.local/lib/python3.8/site-packages/airflow/example_dags/example_local_kubernetes_executor.py
[2023-09-07T16:23:06.143+0000] {processor.py:839} INFO - DAG(s) dict_keys(['example_local_kubernetes_executor']) retrieved from /home/airflow/.local/lib/python3.8/site-packages/airflow/example_dags/example_local_kubernetes_executor.py
[2023-09-07T16:23:06.169+0000] {logging_mixin.py:151} INFO - [2023-09-07T16:23:06.169+0000] {dag.py:2907} INFO - Sync 1 DAGs
[2023-09-07T16:23:06.178+0000] {logging_mixin.py:151} INFO - [2023-09-07T16:23:06.178+0000] {dag.py:3677} INFO - Setting next_dagrun for example_local_kubernetes_executor to None, run_after=None
[2023-09-07T16:23:06.188+0000] {processor.py:179} INFO - Processing /home/airflow/.local/lib/python3.8/site-packages/airflow/example_dags/example_local_kubernetes_executor.py took 0.290 seconds
[2023-09-07T16:23:36.511+0000] {processor.py:157} INFO - Started process (PID=12002) to work on /home/airflow/.local/lib/python3.8/site-packages/airflow/example_dags/example_local_kubernetes_executor.py
[2023-09-07T16:23:36.513+0000] {processor.py:829} INFO - Processing file /home/airflow/.local/lib/python3.8/site-packages/airflow/example_dags/example_local_kubernetes_executor.py for tasks to queue
[2023-09-07T16:23:36.514+0000] {logging_mixin.py:151} INFO - [2023-09-07T16:23:36.514+0000] {dagbag.py:539} INFO - Filling up the DagBag from /home/airflow/.local/lib/python3.8/site-packages/airflow/example_dags/example_local_kubernetes_executor.py
[2023-09-07T16:23:36.784+0000] {processor.py:839} INFO - DAG(s) dict_keys(['example_local_kubernetes_executor']) retrieved from /home/airflow/.local/lib/python3.8/site-packages/airflow/example_dags/example_local_kubernetes_executor.py
[2023-09-07T16:23:36.809+0000] {logging_mixin.py:151} INFO - [2023-09-07T16:23:36.808+0000] {dag.py:2907} INFO - Sync 1 DAGs
[2023-09-07T16:23:36.816+0000] {logging_mixin.py:151} INFO - [2023-09-07T16:23:36.816+0000] {dag.py:3677} INFO - Setting next_dagrun for example_local_kubernetes_executor to None, run_after=None
[2023-09-07T16:23:36.826+0000] {processor.py:179} INFO - Processing /home/airflow/.local/lib/python3.8/site-packages/airflow/example_dags/example_local_kubernetes_executor.py took 0.320 seconds
[2023-09-07T16:24:07.026+0000] {processor.py:157} INFO - Started process (PID=12240) to work on /home/airflow/.local/lib/python3.8/site-packages/airflow/example_dags/example_local_kubernetes_executor.py
[2023-09-07T16:24:07.028+0000] {processor.py:829} INFO - Processing file /home/airflow/.local/lib/python3.8/site-packages/airflow/example_dags/example_local_kubernetes_executor.py for tasks to queue
[2023-09-07T16:24:07.029+0000] {logging_mixin.py:151} INFO - [2023-09-07T16:24:07.029+0000] {dagbag.py:539} INFO - Filling up the DagBag from /home/airflow/.local/lib/python3.8/site-packages/airflow/example_dags/example_local_kubernetes_executor.py
[2023-09-07T16:24:07.257+0000] {processor.py:839} INFO - DAG(s) dict_keys(['example_local_kubernetes_executor']) retrieved from /home/airflow/.local/lib/python3.8/site-packages/airflow/example_dags/example_local_kubernetes_executor.py
[2023-09-07T16:24:07.281+0000] {logging_mixin.py:151} INFO - [2023-09-07T16:24:07.280+0000] {dag.py:2907} INFO - Sync 1 DAGs
[2023-09-07T16:24:07.289+0000] {logging_mixin.py:151} INFO - [2023-09-07T16:24:07.289+0000] {dag.py:3677} INFO - Setting next_dagrun for example_local_kubernetes_executor to None, run_after=None
[2023-09-07T16:24:07.299+0000] {processor.py:179} INFO - Processing /home/airflow/.local/lib/python3.8/site-packages/airflow/example_dags/example_local_kubernetes_executor.py took 0.277 seconds
[2023-09-07T16:24:37.448+0000] {processor.py:157} INFO - Started process (PID=12478) to work on /home/airflow/.local/lib/python3.8/site-packages/airflow/example_dags/example_local_kubernetes_executor.py
[2023-09-07T16:24:37.451+0000] {processor.py:829} INFO - Processing file /home/airflow/.local/lib/python3.8/site-packages/airflow/example_dags/example_local_kubernetes_executor.py for tasks to queue
[2023-09-07T16:24:37.453+0000] {logging_mixin.py:151} INFO - [2023-09-07T16:24:37.452+0000] {dagbag.py:539} INFO - Filling up the DagBag from /home/airflow/.local/lib/python3.8/site-packages/airflow/example_dags/example_local_kubernetes_executor.py
[2023-09-07T16:24:37.725+0000] {processor.py:839} INFO - DAG(s) dict_keys(['example_local_kubernetes_executor']) retrieved from /home/airflow/.local/lib/python3.8/site-packages/airflow/example_dags/example_local_kubernetes_executor.py
[2023-09-07T16:24:37.753+0000] {logging_mixin.py:151} INFO - [2023-09-07T16:24:37.753+0000] {dag.py:2907} INFO - Sync 1 DAGs
[2023-09-07T16:24:37.761+0000] {logging_mixin.py:151} INFO - [2023-09-07T16:24:37.761+0000] {dag.py:3677} INFO - Setting next_dagrun for example_local_kubernetes_executor to None, run_after=None
[2023-09-07T16:24:37.771+0000] {processor.py:179} INFO - Processing /home/airflow/.local/lib/python3.8/site-packages/airflow/example_dags/example_local_kubernetes_executor.py took 0.331 seconds
[2023-09-07T16:25:07.892+0000] {processor.py:157} INFO - Started process (PID=12717) to work on /home/airflow/.local/lib/python3.8/site-packages/airflow/example_dags/example_local_kubernetes_executor.py
[2023-09-07T16:25:07.896+0000] {processor.py:829} INFO - Processing file /home/airflow/.local/lib/python3.8/site-packages/airflow/example_dags/example_local_kubernetes_executor.py for tasks to queue
[2023-09-07T16:25:07.898+0000] {logging_mixin.py:151} INFO - [2023-09-07T16:25:07.897+0000] {dagbag.py:539} INFO - Filling up the DagBag from /home/airflow/.local/lib/python3.8/site-packages/airflow/example_dags/example_local_kubernetes_executor.py
[2023-09-07T16:25:08.167+0000] {processor.py:839} INFO - DAG(s) dict_keys(['example_local_kubernetes_executor']) retrieved from /home/airflow/.local/lib/python3.8/site-packages/airflow/example_dags/example_local_kubernetes_executor.py
[2023-09-07T16:25:08.194+0000] {logging_mixin.py:151} INFO - [2023-09-07T16:25:08.193+0000] {dag.py:2907} INFO - Sync 1 DAGs
[2023-09-07T16:25:08.202+0000] {logging_mixin.py:151} INFO - [2023-09-07T16:25:08.202+0000] {dag.py:3677} INFO - Setting next_dagrun for example_local_kubernetes_executor to None, run_after=None
[2023-09-07T16:25:08.211+0000] {processor.py:179} INFO - Processing /home/airflow/.local/lib/python3.8/site-packages/airflow/example_dags/example_local_kubernetes_executor.py took 0.324 seconds
[2023-09-07T16:25:38.424+0000] {processor.py:157} INFO - Started process (PID=12954) to work on /home/airflow/.local/lib/python3.8/site-packages/airflow/example_dags/example_local_kubernetes_executor.py
[2023-09-07T16:25:38.427+0000] {processor.py:829} INFO - Processing file /home/airflow/.local/lib/python3.8/site-packages/airflow/example_dags/example_local_kubernetes_executor.py for tasks to queue
[2023-09-07T16:25:38.428+0000] {logging_mixin.py:151} INFO - [2023-09-07T16:25:38.428+0000] {dagbag.py:539} INFO - Filling up the DagBag from /home/airflow/.local/lib/python3.8/site-packages/airflow/example_dags/example_local_kubernetes_executor.py
[2023-09-07T16:25:38.672+0000] {processor.py:839} INFO - DAG(s) dict_keys(['example_local_kubernetes_executor']) retrieved from /home/airflow/.local/lib/python3.8/site-packages/airflow/example_dags/example_local_kubernetes_executor.py
[2023-09-07T16:25:38.697+0000] {logging_mixin.py:151} INFO - [2023-09-07T16:25:38.696+0000] {dag.py:2907} INFO - Sync 1 DAGs
[2023-09-07T16:25:38.705+0000] {logging_mixin.py:151} INFO - [2023-09-07T16:25:38.705+0000] {dag.py:3677} INFO - Setting next_dagrun for example_local_kubernetes_executor to None, run_after=None
[2023-09-07T16:25:38.714+0000] {processor.py:179} INFO - Processing /home/airflow/.local/lib/python3.8/site-packages/airflow/example_dags/example_local_kubernetes_executor.py took 0.297 seconds
[2023-09-07T16:26:09.000+0000] {processor.py:157} INFO - Started process (PID=13192) to work on /home/airflow/.local/lib/python3.8/site-packages/airflow/example_dags/example_local_kubernetes_executor.py
[2023-09-07T16:26:09.003+0000] {processor.py:829} INFO - Processing file /home/airflow/.local/lib/python3.8/site-packages/airflow/example_dags/example_local_kubernetes_executor.py for tasks to queue
[2023-09-07T16:26:09.005+0000] {logging_mixin.py:151} INFO - [2023-09-07T16:26:09.004+0000] {dagbag.py:539} INFO - Filling up the DagBag from /home/airflow/.local/lib/python3.8/site-packages/airflow/example_dags/example_local_kubernetes_executor.py
[2023-09-07T16:26:09.208+0000] {processor.py:839} INFO - DAG(s) dict_keys(['example_local_kubernetes_executor']) retrieved from /home/airflow/.local/lib/python3.8/site-packages/airflow/example_dags/example_local_kubernetes_executor.py
[2023-09-07T16:26:09.236+0000] {logging_mixin.py:151} INFO - [2023-09-07T16:26:09.235+0000] {dag.py:2907} INFO - Sync 1 DAGs
[2023-09-07T16:26:09.244+0000] {logging_mixin.py:151} INFO - [2023-09-07T16:26:09.243+0000] {dag.py:3677} INFO - Setting next_dagrun for example_local_kubernetes_executor to None, run_after=None
[2023-09-07T16:26:09.254+0000] {processor.py:179} INFO - Processing /home/airflow/.local/lib/python3.8/site-packages/airflow/example_dags/example_local_kubernetes_executor.py took 0.262 seconds
[2023-09-07T16:26:39.715+0000] {processor.py:157} INFO - Started process (PID=13431) to work on /home/airflow/.local/lib/python3.8/site-packages/airflow/example_dags/example_local_kubernetes_executor.py
[2023-09-07T16:26:39.717+0000] {processor.py:829} INFO - Processing file /home/airflow/.local/lib/python3.8/site-packages/airflow/example_dags/example_local_kubernetes_executor.py for tasks to queue
[2023-09-07T16:26:39.719+0000] {logging_mixin.py:151} INFO - [2023-09-07T16:26:39.718+0000] {dagbag.py:539} INFO - Filling up the DagBag from /home/airflow/.local/lib/python3.8/site-packages/airflow/example_dags/example_local_kubernetes_executor.py
[2023-09-07T16:26:39.947+0000] {processor.py:839} INFO - DAG(s) dict_keys(['example_local_kubernetes_executor']) retrieved from /home/airflow/.local/lib/python3.8/site-packages/airflow/example_dags/example_local_kubernetes_executor.py
[2023-09-07T16:26:39.972+0000] {logging_mixin.py:151} INFO - [2023-09-07T16:26:39.972+0000] {dag.py:2907} INFO - Sync 1 DAGs
[2023-09-07T16:26:39.980+0000] {logging_mixin.py:151} INFO - [2023-09-07T16:26:39.980+0000] {dag.py:3677} INFO - Setting next_dagrun for example_local_kubernetes_executor to None, run_after=None
[2023-09-07T16:26:39.988+0000] {processor.py:179} INFO - Processing /home/airflow/.local/lib/python3.8/site-packages/airflow/example_dags/example_local_kubernetes_executor.py took 0.280 seconds
[2023-09-07T16:27:10.067+0000] {processor.py:157} INFO - Started process (PID=13679) to work on /home/airflow/.local/lib/python3.8/site-packages/airflow/example_dags/example_local_kubernetes_executor.py
[2023-09-07T16:27:10.069+0000] {processor.py:829} INFO - Processing file /home/airflow/.local/lib/python3.8/site-packages/airflow/example_dags/example_local_kubernetes_executor.py for tasks to queue
[2023-09-07T16:27:10.070+0000] {logging_mixin.py:151} INFO - [2023-09-07T16:27:10.069+0000] {dagbag.py:539} INFO - Filling up the DagBag from /home/airflow/.local/lib/python3.8/site-packages/airflow/example_dags/example_local_kubernetes_executor.py
[2023-09-07T16:27:10.237+0000] {processor.py:839} INFO - DAG(s) dict_keys(['example_local_kubernetes_executor']) retrieved from /home/airflow/.local/lib/python3.8/site-packages/airflow/example_dags/example_local_kubernetes_executor.py
[2023-09-07T16:27:10.267+0000] {logging_mixin.py:151} INFO - [2023-09-07T16:27:10.266+0000] {dag.py:2907} INFO - Sync 1 DAGs
[2023-09-07T16:27:10.277+0000] {logging_mixin.py:151} INFO - [2023-09-07T16:27:10.277+0000] {dag.py:3677} INFO - Setting next_dagrun for example_local_kubernetes_executor to None, run_after=None
[2023-09-07T16:27:10.288+0000] {processor.py:179} INFO - Processing /home/airflow/.local/lib/python3.8/site-packages/airflow/example_dags/example_local_kubernetes_executor.py took 0.224 seconds
[2023-09-07T16:27:40.480+0000] {processor.py:157} INFO - Started process (PID=13908) to work on /home/airflow/.local/lib/python3.8/site-packages/airflow/example_dags/example_local_kubernetes_executor.py
[2023-09-07T16:27:40.482+0000] {processor.py:829} INFO - Processing file /home/airflow/.local/lib/python3.8/site-packages/airflow/example_dags/example_local_kubernetes_executor.py for tasks to queue
[2023-09-07T16:27:40.484+0000] {logging_mixin.py:151} INFO - [2023-09-07T16:27:40.483+0000] {dagbag.py:539} INFO - Filling up the DagBag from /home/airflow/.local/lib/python3.8/site-packages/airflow/example_dags/example_local_kubernetes_executor.py
[2023-09-07T16:27:40.731+0000] {processor.py:839} INFO - DAG(s) dict_keys(['example_local_kubernetes_executor']) retrieved from /home/airflow/.local/lib/python3.8/site-packages/airflow/example_dags/example_local_kubernetes_executor.py
[2023-09-07T16:27:40.759+0000] {logging_mixin.py:151} INFO - [2023-09-07T16:27:40.759+0000] {dag.py:2907} INFO - Sync 1 DAGs
[2023-09-07T16:27:40.769+0000] {logging_mixin.py:151} INFO - [2023-09-07T16:27:40.769+0000] {dag.py:3677} INFO - Setting next_dagrun for example_local_kubernetes_executor to None, run_after=None
[2023-09-07T16:27:40.781+0000] {processor.py:179} INFO - Processing /home/airflow/.local/lib/python3.8/site-packages/airflow/example_dags/example_local_kubernetes_executor.py took 0.307 seconds
[2023-09-07T16:28:10.915+0000] {processor.py:157} INFO - Started process (PID=14156) to work on /home/airflow/.local/lib/python3.8/site-packages/airflow/example_dags/example_local_kubernetes_executor.py
[2023-09-07T16:28:10.916+0000] {processor.py:829} INFO - Processing file /home/airflow/.local/lib/python3.8/site-packages/airflow/example_dags/example_local_kubernetes_executor.py for tasks to queue
[2023-09-07T16:28:10.917+0000] {logging_mixin.py:151} INFO - [2023-09-07T16:28:10.917+0000] {dagbag.py:539} INFO - Filling up the DagBag from /home/airflow/.local/lib/python3.8/site-packages/airflow/example_dags/example_local_kubernetes_executor.py
[2023-09-07T16:28:11.073+0000] {processor.py:839} INFO - DAG(s) dict_keys(['example_local_kubernetes_executor']) retrieved from /home/airflow/.local/lib/python3.8/site-packages/airflow/example_dags/example_local_kubernetes_executor.py
[2023-09-07T16:28:11.101+0000] {logging_mixin.py:151} INFO - [2023-09-07T16:28:11.101+0000] {dag.py:2907} INFO - Sync 1 DAGs
[2023-09-07T16:28:11.109+0000] {logging_mixin.py:151} INFO - [2023-09-07T16:28:11.109+0000] {dag.py:3677} INFO - Setting next_dagrun for example_local_kubernetes_executor to None, run_after=None
[2023-09-07T16:28:11.120+0000] {processor.py:179} INFO - Processing /home/airflow/.local/lib/python3.8/site-packages/airflow/example_dags/example_local_kubernetes_executor.py took 0.207 seconds
[2023-09-07T16:28:41.624+0000] {processor.py:157} INFO - Started process (PID=14384) to work on /home/airflow/.local/lib/python3.8/site-packages/airflow/example_dags/example_local_kubernetes_executor.py
[2023-09-07T16:28:41.626+0000] {processor.py:829} INFO - Processing file /home/airflow/.local/lib/python3.8/site-packages/airflow/example_dags/example_local_kubernetes_executor.py for tasks to queue
[2023-09-07T16:28:41.628+0000] {logging_mixin.py:151} INFO - [2023-09-07T16:28:41.628+0000] {dagbag.py:539} INFO - Filling up the DagBag from /home/airflow/.local/lib/python3.8/site-packages/airflow/example_dags/example_local_kubernetes_executor.py
[2023-09-07T16:28:41.870+0000] {processor.py:839} INFO - DAG(s) dict_keys(['example_local_kubernetes_executor']) retrieved from /home/airflow/.local/lib/python3.8/site-packages/airflow/example_dags/example_local_kubernetes_executor.py
[2023-09-07T16:28:41.894+0000] {logging_mixin.py:151} INFO - [2023-09-07T16:28:41.893+0000] {dag.py:2907} INFO - Sync 1 DAGs
[2023-09-07T16:28:41.901+0000] {logging_mixin.py:151} INFO - [2023-09-07T16:28:41.901+0000] {dag.py:3677} INFO - Setting next_dagrun for example_local_kubernetes_executor to None, run_after=None
[2023-09-07T16:28:41.910+0000] {processor.py:179} INFO - Processing /home/airflow/.local/lib/python3.8/site-packages/airflow/example_dags/example_local_kubernetes_executor.py took 0.291 seconds
[2023-09-07T16:29:12.429+0000] {processor.py:157} INFO - Started process (PID=14621) to work on /home/airflow/.local/lib/python3.8/site-packages/airflow/example_dags/example_local_kubernetes_executor.py
[2023-09-07T16:29:12.431+0000] {processor.py:829} INFO - Processing file /home/airflow/.local/lib/python3.8/site-packages/airflow/example_dags/example_local_kubernetes_executor.py for tasks to queue
[2023-09-07T16:29:12.433+0000] {logging_mixin.py:151} INFO - [2023-09-07T16:29:12.432+0000] {dagbag.py:539} INFO - Filling up the DagBag from /home/airflow/.local/lib/python3.8/site-packages/airflow/example_dags/example_local_kubernetes_executor.py
[2023-09-07T16:29:12.713+0000] {processor.py:839} INFO - DAG(s) dict_keys(['example_local_kubernetes_executor']) retrieved from /home/airflow/.local/lib/python3.8/site-packages/airflow/example_dags/example_local_kubernetes_executor.py
[2023-09-07T16:29:12.972+0000] {logging_mixin.py:151} INFO - [2023-09-07T16:29:12.748+0000] {dag.py:2907} INFO - Sync 1 DAGs
[2023-09-07T16:29:12.983+0000] {logging_mixin.py:151} INFO - [2023-09-07T16:29:12.983+0000] {dag.py:3677} INFO - Setting next_dagrun for example_local_kubernetes_executor to None, run_after=None
[2023-09-07T16:29:12.994+0000] {processor.py:179} INFO - Processing /home/airflow/.local/lib/python3.8/site-packages/airflow/example_dags/example_local_kubernetes_executor.py took 0.570 seconds
[2023-09-07T16:30:59.393+0000] {processor.py:157} INFO - Started process (PID=14840) to work on /home/airflow/.local/lib/python3.8/site-packages/airflow/example_dags/example_local_kubernetes_executor.py
[2023-09-07T16:30:59.394+0000] {processor.py:829} INFO - Processing file /home/airflow/.local/lib/python3.8/site-packages/airflow/example_dags/example_local_kubernetes_executor.py for tasks to queue
[2023-09-07T16:30:59.395+0000] {logging_mixin.py:151} INFO - [2023-09-07T16:30:59.395+0000] {dagbag.py:539} INFO - Filling up the DagBag from /home/airflow/.local/lib/python3.8/site-packages/airflow/example_dags/example_local_kubernetes_executor.py
[2023-09-07T16:30:59.734+0000] {processor.py:839} INFO - DAG(s) dict_keys(['example_local_kubernetes_executor']) retrieved from /home/airflow/.local/lib/python3.8/site-packages/airflow/example_dags/example_local_kubernetes_executor.py
[2023-09-07T16:30:59.794+0000] {logging_mixin.py:151} INFO - [2023-09-07T16:30:59.794+0000] {dag.py:2907} INFO - Sync 1 DAGs
[2023-09-07T16:30:59.816+0000] {logging_mixin.py:151} INFO - [2023-09-07T16:30:59.816+0000] {dag.py:3677} INFO - Setting next_dagrun for example_local_kubernetes_executor to None, run_after=None
[2023-09-07T16:31:00.211+0000] {processor.py:179} INFO - Processing /home/airflow/.local/lib/python3.8/site-packages/airflow/example_dags/example_local_kubernetes_executor.py took 0.821 seconds
[2023-09-07T16:31:31.301+0000] {processor.py:157} INFO - Started process (PID=15100) to work on /home/airflow/.local/lib/python3.8/site-packages/airflow/example_dags/example_local_kubernetes_executor.py
[2023-09-07T16:31:31.303+0000] {processor.py:829} INFO - Processing file /home/airflow/.local/lib/python3.8/site-packages/airflow/example_dags/example_local_kubernetes_executor.py for tasks to queue
[2023-09-07T16:31:31.305+0000] {logging_mixin.py:151} INFO - [2023-09-07T16:31:31.304+0000] {dagbag.py:539} INFO - Filling up the DagBag from /home/airflow/.local/lib/python3.8/site-packages/airflow/example_dags/example_local_kubernetes_executor.py
[2023-09-07T16:31:31.554+0000] {processor.py:839} INFO - DAG(s) dict_keys(['example_local_kubernetes_executor']) retrieved from /home/airflow/.local/lib/python3.8/site-packages/airflow/example_dags/example_local_kubernetes_executor.py
[2023-09-07T16:31:31.593+0000] {logging_mixin.py:151} INFO - [2023-09-07T16:31:31.592+0000] {dag.py:2907} INFO - Sync 1 DAGs
[2023-09-07T16:31:31.603+0000] {logging_mixin.py:151} INFO - [2023-09-07T16:31:31.603+0000] {dag.py:3677} INFO - Setting next_dagrun for example_local_kubernetes_executor to None, run_after=None
[2023-09-07T16:31:31.615+0000] {processor.py:179} INFO - Processing /home/airflow/.local/lib/python3.8/site-packages/airflow/example_dags/example_local_kubernetes_executor.py took 0.322 seconds
[2023-09-07T16:32:02.131+0000] {processor.py:157} INFO - Started process (PID=15338) to work on /home/airflow/.local/lib/python3.8/site-packages/airflow/example_dags/example_local_kubernetes_executor.py
[2023-09-07T16:32:02.134+0000] {processor.py:829} INFO - Processing file /home/airflow/.local/lib/python3.8/site-packages/airflow/example_dags/example_local_kubernetes_executor.py for tasks to queue
[2023-09-07T16:32:02.135+0000] {logging_mixin.py:151} INFO - [2023-09-07T16:32:02.135+0000] {dagbag.py:539} INFO - Filling up the DagBag from /home/airflow/.local/lib/python3.8/site-packages/airflow/example_dags/example_local_kubernetes_executor.py
[2023-09-07T16:32:02.374+0000] {processor.py:839} INFO - DAG(s) dict_keys(['example_local_kubernetes_executor']) retrieved from /home/airflow/.local/lib/python3.8/site-packages/airflow/example_dags/example_local_kubernetes_executor.py
[2023-09-07T16:32:02.412+0000] {logging_mixin.py:151} INFO - [2023-09-07T16:32:02.412+0000] {dag.py:2907} INFO - Sync 1 DAGs
[2023-09-07T16:32:02.423+0000] {logging_mixin.py:151} INFO - [2023-09-07T16:32:02.423+0000] {dag.py:3677} INFO - Setting next_dagrun for example_local_kubernetes_executor to None, run_after=None
[2023-09-07T16:32:02.436+0000] {processor.py:179} INFO - Processing /home/airflow/.local/lib/python3.8/site-packages/airflow/example_dags/example_local_kubernetes_executor.py took 0.313 seconds
[2023-09-07T16:32:34.308+0000] {processor.py:157} INFO - Started process (PID=15574) to work on /home/airflow/.local/lib/python3.8/site-packages/airflow/example_dags/example_local_kubernetes_executor.py
[2023-09-07T16:32:34.310+0000] {processor.py:829} INFO - Processing file /home/airflow/.local/lib/python3.8/site-packages/airflow/example_dags/example_local_kubernetes_executor.py for tasks to queue
[2023-09-07T16:32:34.311+0000] {logging_mixin.py:151} INFO - [2023-09-07T16:32:34.311+0000] {dagbag.py:539} INFO - Filling up the DagBag from /home/airflow/.local/lib/python3.8/site-packages/airflow/example_dags/example_local_kubernetes_executor.py
[2023-09-07T16:32:34.785+0000] {processor.py:839} INFO - DAG(s) dict_keys(['example_local_kubernetes_executor']) retrieved from /home/airflow/.local/lib/python3.8/site-packages/airflow/example_dags/example_local_kubernetes_executor.py
[2023-09-07T16:32:35.684+0000] {logging_mixin.py:151} INFO - [2023-09-07T16:32:34.834+0000] {dag.py:2907} INFO - Sync 1 DAGs
[2023-09-07T16:32:35.714+0000] {logging_mixin.py:151} INFO - [2023-09-07T16:32:35.714+0000] {dag.py:3677} INFO - Setting next_dagrun for example_local_kubernetes_executor to None, run_after=None
[2023-09-07T16:32:35.744+0000] {processor.py:179} INFO - Processing /home/airflow/.local/lib/python3.8/site-packages/airflow/example_dags/example_local_kubernetes_executor.py took 1.442 seconds
