[2023-09-07T15:58:24.635+0000] {processor.py:157} INFO - Started process (PID=222) to work on /home/airflow/.local/lib/python3.8/site-packages/airflow/example_dags/example_sla_dag.py
[2023-09-07T15:58:24.638+0000] {processor.py:829} INFO - Processing file /home/airflow/.local/lib/python3.8/site-packages/airflow/example_dags/example_sla_dag.py for tasks to queue
[2023-09-07T15:58:24.641+0000] {logging_mixin.py:151} INFO - [2023-09-07T15:58:24.640+0000] {dagbag.py:539} INFO - Filling up the DagBag from /home/airflow/.local/lib/python3.8/site-packages/airflow/example_dags/example_sla_dag.py
[2023-09-07T15:58:24.655+0000] {processor.py:839} INFO - DAG(s) dict_keys(['example_sla_dag']) retrieved from /home/airflow/.local/lib/python3.8/site-packages/airflow/example_dags/example_sla_dag.py
[2023-09-07T15:58:24.671+0000] {logging_mixin.py:151} INFO - [2023-09-07T15:58:24.671+0000] {dag.py:2907} INFO - Sync 1 DAGs
[2023-09-07T15:58:24.690+0000] {logging_mixin.py:151} INFO - [2023-09-07T15:58:24.690+0000] {dag.py:3677} INFO - Setting next_dagrun for example_sla_dag to 2023-09-07T15:56:00+00:00, run_after=2023-09-07T15:58:00+00:00
[2023-09-07T15:58:24.703+0000] {processor.py:179} INFO - Processing /home/airflow/.local/lib/python3.8/site-packages/airflow/example_dags/example_sla_dag.py took 0.070 seconds
[2023-09-07T15:58:55.777+0000] {processor.py:157} INFO - Started process (PID=460) to work on /home/airflow/.local/lib/python3.8/site-packages/airflow/example_dags/example_sla_dag.py
[2023-09-07T15:58:55.778+0000] {processor.py:829} INFO - Processing file /home/airflow/.local/lib/python3.8/site-packages/airflow/example_dags/example_sla_dag.py for tasks to queue
[2023-09-07T15:58:55.779+0000] {logging_mixin.py:151} INFO - [2023-09-07T15:58:55.779+0000] {dagbag.py:539} INFO - Filling up the DagBag from /home/airflow/.local/lib/python3.8/site-packages/airflow/example_dags/example_sla_dag.py
[2023-09-07T15:58:55.786+0000] {processor.py:839} INFO - DAG(s) dict_keys(['example_sla_dag']) retrieved from /home/airflow/.local/lib/python3.8/site-packages/airflow/example_dags/example_sla_dag.py
[2023-09-07T15:58:55.802+0000] {logging_mixin.py:151} INFO - [2023-09-07T15:58:55.802+0000] {dag.py:2907} INFO - Sync 1 DAGs
[2023-09-07T15:58:55.817+0000] {logging_mixin.py:151} INFO - [2023-09-07T15:58:55.817+0000] {dag.py:3677} INFO - Setting next_dagrun for example_sla_dag to 2023-09-07T15:56:00+00:00, run_after=2023-09-07T15:58:00+00:00
[2023-09-07T15:58:55.832+0000] {processor.py:179} INFO - Processing /home/airflow/.local/lib/python3.8/site-packages/airflow/example_dags/example_sla_dag.py took 0.058 seconds
[2023-09-07T15:59:27.567+0000] {processor.py:157} INFO - Started process (PID=700) to work on /home/airflow/.local/lib/python3.8/site-packages/airflow/example_dags/example_sla_dag.py
[2023-09-07T15:59:27.571+0000] {processor.py:829} INFO - Processing file /home/airflow/.local/lib/python3.8/site-packages/airflow/example_dags/example_sla_dag.py for tasks to queue
[2023-09-07T15:59:27.574+0000] {logging_mixin.py:151} INFO - [2023-09-07T15:59:27.573+0000] {dagbag.py:539} INFO - Filling up the DagBag from /home/airflow/.local/lib/python3.8/site-packages/airflow/example_dags/example_sla_dag.py
[2023-09-07T15:59:27.587+0000] {processor.py:839} INFO - DAG(s) dict_keys(['example_sla_dag']) retrieved from /home/airflow/.local/lib/python3.8/site-packages/airflow/example_dags/example_sla_dag.py
[2023-09-07T15:59:27.812+0000] {logging_mixin.py:151} INFO - [2023-09-07T15:59:27.812+0000] {dag.py:2907} INFO - Sync 1 DAGs
[2023-09-07T15:59:27.830+0000] {logging_mixin.py:151} INFO - [2023-09-07T15:59:27.830+0000] {dag.py:3677} INFO - Setting next_dagrun for example_sla_dag to 2023-09-07T15:56:00+00:00, run_after=2023-09-07T15:58:00+00:00
[2023-09-07T15:59:27.863+0000] {processor.py:179} INFO - Processing /home/airflow/.local/lib/python3.8/site-packages/airflow/example_dags/example_sla_dag.py took 0.306 seconds
[2023-09-07T15:59:59.015+0000] {processor.py:157} INFO - Started process (PID=938) to work on /home/airflow/.local/lib/python3.8/site-packages/airflow/example_dags/example_sla_dag.py
[2023-09-07T15:59:59.018+0000] {processor.py:829} INFO - Processing file /home/airflow/.local/lib/python3.8/site-packages/airflow/example_dags/example_sla_dag.py for tasks to queue
[2023-09-07T15:59:59.019+0000] {logging_mixin.py:151} INFO - [2023-09-07T15:59:59.019+0000] {dagbag.py:539} INFO - Filling up the DagBag from /home/airflow/.local/lib/python3.8/site-packages/airflow/example_dags/example_sla_dag.py
[2023-09-07T15:59:59.030+0000] {processor.py:839} INFO - DAG(s) dict_keys(['example_sla_dag']) retrieved from /home/airflow/.local/lib/python3.8/site-packages/airflow/example_dags/example_sla_dag.py
[2023-09-07T15:59:59.050+0000] {logging_mixin.py:151} INFO - [2023-09-07T15:59:59.050+0000] {dag.py:2907} INFO - Sync 1 DAGs
[2023-09-07T15:59:59.067+0000] {logging_mixin.py:151} INFO - [2023-09-07T15:59:59.067+0000] {dag.py:3677} INFO - Setting next_dagrun for example_sla_dag to 2023-09-07T15:56:00+00:00, run_after=2023-09-07T15:58:00+00:00
[2023-09-07T15:59:59.095+0000] {processor.py:179} INFO - Processing /home/airflow/.local/lib/python3.8/site-packages/airflow/example_dags/example_sla_dag.py took 0.084 seconds
[2023-09-07T16:00:29.454+0000] {processor.py:157} INFO - Started process (PID=1173) to work on /home/airflow/.local/lib/python3.8/site-packages/airflow/example_dags/example_sla_dag.py
[2023-09-07T16:00:29.455+0000] {processor.py:829} INFO - Processing file /home/airflow/.local/lib/python3.8/site-packages/airflow/example_dags/example_sla_dag.py for tasks to queue
[2023-09-07T16:00:29.456+0000] {logging_mixin.py:151} INFO - [2023-09-07T16:00:29.456+0000] {dagbag.py:539} INFO - Filling up the DagBag from /home/airflow/.local/lib/python3.8/site-packages/airflow/example_dags/example_sla_dag.py
[2023-09-07T16:00:29.463+0000] {processor.py:839} INFO - DAG(s) dict_keys(['example_sla_dag']) retrieved from /home/airflow/.local/lib/python3.8/site-packages/airflow/example_dags/example_sla_dag.py
[2023-09-07T16:00:29.480+0000] {logging_mixin.py:151} INFO - [2023-09-07T16:00:29.480+0000] {dag.py:2907} INFO - Sync 1 DAGs
[2023-09-07T16:00:29.496+0000] {logging_mixin.py:151} INFO - [2023-09-07T16:00:29.496+0000] {dag.py:3677} INFO - Setting next_dagrun for example_sla_dag to 2023-09-07T15:58:00+00:00, run_after=2023-09-07T16:00:00+00:00
[2023-09-07T16:00:29.506+0000] {processor.py:179} INFO - Processing /home/airflow/.local/lib/python3.8/site-packages/airflow/example_dags/example_sla_dag.py took 0.055 seconds
[2023-09-07T16:01:00.380+0000] {processor.py:157} INFO - Started process (PID=1435) to work on /home/airflow/.local/lib/python3.8/site-packages/airflow/example_dags/example_sla_dag.py
[2023-09-07T16:01:00.384+0000] {processor.py:829} INFO - Processing file /home/airflow/.local/lib/python3.8/site-packages/airflow/example_dags/example_sla_dag.py for tasks to queue
[2023-09-07T16:01:00.386+0000] {logging_mixin.py:151} INFO - [2023-09-07T16:01:00.385+0000] {dagbag.py:539} INFO - Filling up the DagBag from /home/airflow/.local/lib/python3.8/site-packages/airflow/example_dags/example_sla_dag.py
[2023-09-07T16:01:00.394+0000] {processor.py:839} INFO - DAG(s) dict_keys(['example_sla_dag']) retrieved from /home/airflow/.local/lib/python3.8/site-packages/airflow/example_dags/example_sla_dag.py
[2023-09-07T16:01:00.414+0000] {logging_mixin.py:151} INFO - [2023-09-07T16:01:00.414+0000] {dag.py:2907} INFO - Sync 1 DAGs
[2023-09-07T16:01:00.468+0000] {logging_mixin.py:151} INFO - [2023-09-07T16:01:00.468+0000] {dag.py:3677} INFO - Setting next_dagrun for example_sla_dag to 2023-09-07T15:58:00+00:00, run_after=2023-09-07T16:00:00+00:00
[2023-09-07T16:01:00.484+0000] {processor.py:179} INFO - Processing /home/airflow/.local/lib/python3.8/site-packages/airflow/example_dags/example_sla_dag.py took 0.110 seconds
[2023-09-07T16:01:31.036+0000] {processor.py:157} INFO - Started process (PID=1673) to work on /home/airflow/.local/lib/python3.8/site-packages/airflow/example_dags/example_sla_dag.py
[2023-09-07T16:01:31.037+0000] {processor.py:829} INFO - Processing file /home/airflow/.local/lib/python3.8/site-packages/airflow/example_dags/example_sla_dag.py for tasks to queue
[2023-09-07T16:01:31.039+0000] {logging_mixin.py:151} INFO - [2023-09-07T16:01:31.038+0000] {dagbag.py:539} INFO - Filling up the DagBag from /home/airflow/.local/lib/python3.8/site-packages/airflow/example_dags/example_sla_dag.py
[2023-09-07T16:01:31.046+0000] {processor.py:839} INFO - DAG(s) dict_keys(['example_sla_dag']) retrieved from /home/airflow/.local/lib/python3.8/site-packages/airflow/example_dags/example_sla_dag.py
[2023-09-07T16:01:31.065+0000] {logging_mixin.py:151} INFO - [2023-09-07T16:01:31.065+0000] {dag.py:2907} INFO - Sync 1 DAGs
[2023-09-07T16:01:31.082+0000] {logging_mixin.py:151} INFO - [2023-09-07T16:01:31.082+0000] {dag.py:3677} INFO - Setting next_dagrun for example_sla_dag to 2023-09-07T15:58:00+00:00, run_after=2023-09-07T16:00:00+00:00
[2023-09-07T16:01:31.093+0000] {processor.py:179} INFO - Processing /home/airflow/.local/lib/python3.8/site-packages/airflow/example_dags/example_sla_dag.py took 0.060 seconds
[2023-09-07T16:02:02.273+0000] {processor.py:157} INFO - Started process (PID=1911) to work on /home/airflow/.local/lib/python3.8/site-packages/airflow/example_dags/example_sla_dag.py
[2023-09-07T16:02:02.274+0000] {processor.py:829} INFO - Processing file /home/airflow/.local/lib/python3.8/site-packages/airflow/example_dags/example_sla_dag.py for tasks to queue
[2023-09-07T16:02:02.276+0000] {logging_mixin.py:151} INFO - [2023-09-07T16:02:02.275+0000] {dagbag.py:539} INFO - Filling up the DagBag from /home/airflow/.local/lib/python3.8/site-packages/airflow/example_dags/example_sla_dag.py
[2023-09-07T16:02:02.293+0000] {processor.py:839} INFO - DAG(s) dict_keys(['example_sla_dag']) retrieved from /home/airflow/.local/lib/python3.8/site-packages/airflow/example_dags/example_sla_dag.py
[2023-09-07T16:02:02.323+0000] {logging_mixin.py:151} INFO - [2023-09-07T16:02:02.323+0000] {dag.py:2907} INFO - Sync 1 DAGs
[2023-09-07T16:02:02.344+0000] {logging_mixin.py:151} INFO - [2023-09-07T16:02:02.343+0000] {dag.py:3677} INFO - Setting next_dagrun for example_sla_dag to 2023-09-07T16:00:00+00:00, run_after=2023-09-07T16:02:00+00:00
[2023-09-07T16:02:02.364+0000] {processor.py:179} INFO - Processing /home/airflow/.local/lib/python3.8/site-packages/airflow/example_dags/example_sla_dag.py took 0.095 seconds
[2023-09-07T16:02:32.774+0000] {processor.py:157} INFO - Started process (PID=2149) to work on /home/airflow/.local/lib/python3.8/site-packages/airflow/example_dags/example_sla_dag.py
[2023-09-07T16:02:32.776+0000] {processor.py:829} INFO - Processing file /home/airflow/.local/lib/python3.8/site-packages/airflow/example_dags/example_sla_dag.py for tasks to queue
[2023-09-07T16:02:32.777+0000] {logging_mixin.py:151} INFO - [2023-09-07T16:02:32.777+0000] {dagbag.py:539} INFO - Filling up the DagBag from /home/airflow/.local/lib/python3.8/site-packages/airflow/example_dags/example_sla_dag.py
[2023-09-07T16:02:32.784+0000] {processor.py:839} INFO - DAG(s) dict_keys(['example_sla_dag']) retrieved from /home/airflow/.local/lib/python3.8/site-packages/airflow/example_dags/example_sla_dag.py
[2023-09-07T16:02:32.803+0000] {logging_mixin.py:151} INFO - [2023-09-07T16:02:32.803+0000] {dag.py:2907} INFO - Sync 1 DAGs
[2023-09-07T16:02:32.823+0000] {logging_mixin.py:151} INFO - [2023-09-07T16:02:32.823+0000] {dag.py:3677} INFO - Setting next_dagrun for example_sla_dag to 2023-09-07T16:00:00+00:00, run_after=2023-09-07T16:02:00+00:00
[2023-09-07T16:02:32.837+0000] {processor.py:179} INFO - Processing /home/airflow/.local/lib/python3.8/site-packages/airflow/example_dags/example_sla_dag.py took 0.066 seconds
[2023-09-07T16:03:02.913+0000] {processor.py:157} INFO - Started process (PID=2387) to work on /home/airflow/.local/lib/python3.8/site-packages/airflow/example_dags/example_sla_dag.py
[2023-09-07T16:03:02.915+0000] {processor.py:829} INFO - Processing file /home/airflow/.local/lib/python3.8/site-packages/airflow/example_dags/example_sla_dag.py for tasks to queue
[2023-09-07T16:03:02.916+0000] {logging_mixin.py:151} INFO - [2023-09-07T16:03:02.915+0000] {dagbag.py:539} INFO - Filling up the DagBag from /home/airflow/.local/lib/python3.8/site-packages/airflow/example_dags/example_sla_dag.py
[2023-09-07T16:03:02.923+0000] {processor.py:839} INFO - DAG(s) dict_keys(['example_sla_dag']) retrieved from /home/airflow/.local/lib/python3.8/site-packages/airflow/example_dags/example_sla_dag.py
[2023-09-07T16:03:02.941+0000] {logging_mixin.py:151} INFO - [2023-09-07T16:03:02.941+0000] {dag.py:2907} INFO - Sync 1 DAGs
[2023-09-07T16:03:02.963+0000] {logging_mixin.py:151} INFO - [2023-09-07T16:03:02.962+0000] {dag.py:3677} INFO - Setting next_dagrun for example_sla_dag to 2023-09-07T16:00:00+00:00, run_after=2023-09-07T16:02:00+00:00
[2023-09-07T16:03:02.979+0000] {processor.py:179} INFO - Processing /home/airflow/.local/lib/python3.8/site-packages/airflow/example_dags/example_sla_dag.py took 0.069 seconds
[2023-09-07T16:03:33.101+0000] {processor.py:157} INFO - Started process (PID=2625) to work on /home/airflow/.local/lib/python3.8/site-packages/airflow/example_dags/example_sla_dag.py
[2023-09-07T16:03:33.102+0000] {processor.py:829} INFO - Processing file /home/airflow/.local/lib/python3.8/site-packages/airflow/example_dags/example_sla_dag.py for tasks to queue
[2023-09-07T16:03:33.103+0000] {logging_mixin.py:151} INFO - [2023-09-07T16:03:33.103+0000] {dagbag.py:539} INFO - Filling up the DagBag from /home/airflow/.local/lib/python3.8/site-packages/airflow/example_dags/example_sla_dag.py
[2023-09-07T16:03:33.110+0000] {processor.py:839} INFO - DAG(s) dict_keys(['example_sla_dag']) retrieved from /home/airflow/.local/lib/python3.8/site-packages/airflow/example_dags/example_sla_dag.py
[2023-09-07T16:03:33.128+0000] {logging_mixin.py:151} INFO - [2023-09-07T16:03:33.128+0000] {dag.py:2907} INFO - Sync 1 DAGs
[2023-09-07T16:03:33.144+0000] {logging_mixin.py:151} INFO - [2023-09-07T16:03:33.144+0000] {dag.py:3677} INFO - Setting next_dagrun for example_sla_dag to 2023-09-07T16:00:00+00:00, run_after=2023-09-07T16:02:00+00:00
[2023-09-07T16:03:33.154+0000] {processor.py:179} INFO - Processing /home/airflow/.local/lib/python3.8/site-packages/airflow/example_dags/example_sla_dag.py took 0.056 seconds
[2023-09-07T16:04:03.813+0000] {processor.py:157} INFO - Started process (PID=2863) to work on /home/airflow/.local/lib/python3.8/site-packages/airflow/example_dags/example_sla_dag.py
[2023-09-07T16:04:03.814+0000] {processor.py:829} INFO - Processing file /home/airflow/.local/lib/python3.8/site-packages/airflow/example_dags/example_sla_dag.py for tasks to queue
[2023-09-07T16:04:03.815+0000] {logging_mixin.py:151} INFO - [2023-09-07T16:04:03.815+0000] {dagbag.py:539} INFO - Filling up the DagBag from /home/airflow/.local/lib/python3.8/site-packages/airflow/example_dags/example_sla_dag.py
[2023-09-07T16:04:03.822+0000] {processor.py:839} INFO - DAG(s) dict_keys(['example_sla_dag']) retrieved from /home/airflow/.local/lib/python3.8/site-packages/airflow/example_dags/example_sla_dag.py
[2023-09-07T16:04:03.839+0000] {logging_mixin.py:151} INFO - [2023-09-07T16:04:03.839+0000] {dag.py:2907} INFO - Sync 1 DAGs
[2023-09-07T16:04:03.855+0000] {logging_mixin.py:151} INFO - [2023-09-07T16:04:03.855+0000] {dag.py:3677} INFO - Setting next_dagrun for example_sla_dag to 2023-09-07T16:02:00+00:00, run_after=2023-09-07T16:04:00+00:00
[2023-09-07T16:04:03.866+0000] {processor.py:179} INFO - Processing /home/airflow/.local/lib/python3.8/site-packages/airflow/example_dags/example_sla_dag.py took 0.056 seconds
[2023-09-07T16:04:35.229+0000] {processor.py:157} INFO - Started process (PID=3101) to work on /home/airflow/.local/lib/python3.8/site-packages/airflow/example_dags/example_sla_dag.py
[2023-09-07T16:04:35.230+0000] {processor.py:829} INFO - Processing file /home/airflow/.local/lib/python3.8/site-packages/airflow/example_dags/example_sla_dag.py for tasks to queue
[2023-09-07T16:04:35.231+0000] {logging_mixin.py:151} INFO - [2023-09-07T16:04:35.231+0000] {dagbag.py:539} INFO - Filling up the DagBag from /home/airflow/.local/lib/python3.8/site-packages/airflow/example_dags/example_sla_dag.py
[2023-09-07T16:04:35.240+0000] {processor.py:839} INFO - DAG(s) dict_keys(['example_sla_dag']) retrieved from /home/airflow/.local/lib/python3.8/site-packages/airflow/example_dags/example_sla_dag.py
[2023-09-07T16:04:35.260+0000] {logging_mixin.py:151} INFO - [2023-09-07T16:04:35.259+0000] {dag.py:2907} INFO - Sync 1 DAGs
[2023-09-07T16:04:35.278+0000] {logging_mixin.py:151} INFO - [2023-09-07T16:04:35.278+0000] {dag.py:3677} INFO - Setting next_dagrun for example_sla_dag to 2023-09-07T16:02:00+00:00, run_after=2023-09-07T16:04:00+00:00
[2023-09-07T16:04:35.293+0000] {processor.py:179} INFO - Processing /home/airflow/.local/lib/python3.8/site-packages/airflow/example_dags/example_sla_dag.py took 0.067 seconds
[2023-09-07T16:05:06.245+0000] {processor.py:157} INFO - Started process (PID=3339) to work on /home/airflow/.local/lib/python3.8/site-packages/airflow/example_dags/example_sla_dag.py
[2023-09-07T16:05:06.246+0000] {processor.py:829} INFO - Processing file /home/airflow/.local/lib/python3.8/site-packages/airflow/example_dags/example_sla_dag.py for tasks to queue
[2023-09-07T16:05:06.247+0000] {logging_mixin.py:151} INFO - [2023-09-07T16:05:06.247+0000] {dagbag.py:539} INFO - Filling up the DagBag from /home/airflow/.local/lib/python3.8/site-packages/airflow/example_dags/example_sla_dag.py
[2023-09-07T16:05:06.254+0000] {processor.py:839} INFO - DAG(s) dict_keys(['example_sla_dag']) retrieved from /home/airflow/.local/lib/python3.8/site-packages/airflow/example_dags/example_sla_dag.py
[2023-09-07T16:05:06.271+0000] {logging_mixin.py:151} INFO - [2023-09-07T16:05:06.271+0000] {dag.py:2907} INFO - Sync 1 DAGs
[2023-09-07T16:05:06.289+0000] {logging_mixin.py:151} INFO - [2023-09-07T16:05:06.289+0000] {dag.py:3677} INFO - Setting next_dagrun for example_sla_dag to 2023-09-07T16:02:00+00:00, run_after=2023-09-07T16:04:00+00:00
[2023-09-07T16:05:06.301+0000] {processor.py:179} INFO - Processing /home/airflow/.local/lib/python3.8/site-packages/airflow/example_dags/example_sla_dag.py took 0.060 seconds
[2023-09-07T16:05:36.975+0000] {processor.py:157} INFO - Started process (PID=3578) to work on /home/airflow/.local/lib/python3.8/site-packages/airflow/example_dags/example_sla_dag.py
[2023-09-07T16:05:36.977+0000] {processor.py:829} INFO - Processing file /home/airflow/.local/lib/python3.8/site-packages/airflow/example_dags/example_sla_dag.py for tasks to queue
[2023-09-07T16:05:36.978+0000] {logging_mixin.py:151} INFO - [2023-09-07T16:05:36.977+0000] {dagbag.py:539} INFO - Filling up the DagBag from /home/airflow/.local/lib/python3.8/site-packages/airflow/example_dags/example_sla_dag.py
[2023-09-07T16:05:36.985+0000] {processor.py:839} INFO - DAG(s) dict_keys(['example_sla_dag']) retrieved from /home/airflow/.local/lib/python3.8/site-packages/airflow/example_dags/example_sla_dag.py
[2023-09-07T16:05:37.016+0000] {logging_mixin.py:151} INFO - [2023-09-07T16:05:37.016+0000] {dag.py:2907} INFO - Sync 1 DAGs
[2023-09-07T16:05:37.039+0000] {logging_mixin.py:151} INFO - [2023-09-07T16:05:37.039+0000] {dag.py:3677} INFO - Setting next_dagrun for example_sla_dag to 2023-09-07T16:02:00+00:00, run_after=2023-09-07T16:04:00+00:00
[2023-09-07T16:05:37.051+0000] {processor.py:179} INFO - Processing /home/airflow/.local/lib/python3.8/site-packages/airflow/example_dags/example_sla_dag.py took 0.079 seconds
[2023-09-07T16:06:08.151+0000] {processor.py:157} INFO - Started process (PID=3816) to work on /home/airflow/.local/lib/python3.8/site-packages/airflow/example_dags/example_sla_dag.py
[2023-09-07T16:06:08.152+0000] {processor.py:829} INFO - Processing file /home/airflow/.local/lib/python3.8/site-packages/airflow/example_dags/example_sla_dag.py for tasks to queue
[2023-09-07T16:06:08.153+0000] {logging_mixin.py:151} INFO - [2023-09-07T16:06:08.153+0000] {dagbag.py:539} INFO - Filling up the DagBag from /home/airflow/.local/lib/python3.8/site-packages/airflow/example_dags/example_sla_dag.py
[2023-09-07T16:06:08.162+0000] {processor.py:839} INFO - DAG(s) dict_keys(['example_sla_dag']) retrieved from /home/airflow/.local/lib/python3.8/site-packages/airflow/example_dags/example_sla_dag.py
[2023-09-07T16:06:08.182+0000] {logging_mixin.py:151} INFO - [2023-09-07T16:06:08.182+0000] {dag.py:2907} INFO - Sync 1 DAGs
[2023-09-07T16:06:08.204+0000] {logging_mixin.py:151} INFO - [2023-09-07T16:06:08.204+0000] {dag.py:3677} INFO - Setting next_dagrun for example_sla_dag to 2023-09-07T16:04:00+00:00, run_after=2023-09-07T16:06:00+00:00
[2023-09-07T16:06:08.223+0000] {processor.py:179} INFO - Processing /home/airflow/.local/lib/python3.8/site-packages/airflow/example_dags/example_sla_dag.py took 0.074 seconds
[2023-09-07T16:06:39.121+0000] {processor.py:157} INFO - Started process (PID=4056) to work on /home/airflow/.local/lib/python3.8/site-packages/airflow/example_dags/example_sla_dag.py
[2023-09-07T16:06:39.122+0000] {processor.py:829} INFO - Processing file /home/airflow/.local/lib/python3.8/site-packages/airflow/example_dags/example_sla_dag.py for tasks to queue
[2023-09-07T16:06:39.123+0000] {logging_mixin.py:151} INFO - [2023-09-07T16:06:39.123+0000] {dagbag.py:539} INFO - Filling up the DagBag from /home/airflow/.local/lib/python3.8/site-packages/airflow/example_dags/example_sla_dag.py
[2023-09-07T16:06:39.130+0000] {processor.py:839} INFO - DAG(s) dict_keys(['example_sla_dag']) retrieved from /home/airflow/.local/lib/python3.8/site-packages/airflow/example_dags/example_sla_dag.py
[2023-09-07T16:06:39.147+0000] {logging_mixin.py:151} INFO - [2023-09-07T16:06:39.147+0000] {dag.py:2907} INFO - Sync 1 DAGs
[2023-09-07T16:06:39.162+0000] {logging_mixin.py:151} INFO - [2023-09-07T16:06:39.162+0000] {dag.py:3677} INFO - Setting next_dagrun for example_sla_dag to 2023-09-07T16:04:00+00:00, run_after=2023-09-07T16:06:00+00:00
[2023-09-07T16:06:39.173+0000] {processor.py:179} INFO - Processing /home/airflow/.local/lib/python3.8/site-packages/airflow/example_dags/example_sla_dag.py took 0.055 seconds
[2023-09-07T16:07:09.952+0000] {processor.py:157} INFO - Started process (PID=4292) to work on /home/airflow/.local/lib/python3.8/site-packages/airflow/example_dags/example_sla_dag.py
[2023-09-07T16:07:09.953+0000] {processor.py:829} INFO - Processing file /home/airflow/.local/lib/python3.8/site-packages/airflow/example_dags/example_sla_dag.py for tasks to queue
[2023-09-07T16:07:09.954+0000] {logging_mixin.py:151} INFO - [2023-09-07T16:07:09.954+0000] {dagbag.py:539} INFO - Filling up the DagBag from /home/airflow/.local/lib/python3.8/site-packages/airflow/example_dags/example_sla_dag.py
[2023-09-07T16:07:09.961+0000] {processor.py:839} INFO - DAG(s) dict_keys(['example_sla_dag']) retrieved from /home/airflow/.local/lib/python3.8/site-packages/airflow/example_dags/example_sla_dag.py
[2023-09-07T16:07:09.978+0000] {logging_mixin.py:151} INFO - [2023-09-07T16:07:09.978+0000] {dag.py:2907} INFO - Sync 1 DAGs
[2023-09-07T16:07:09.993+0000] {logging_mixin.py:151} INFO - [2023-09-07T16:07:09.993+0000] {dag.py:3677} INFO - Setting next_dagrun for example_sla_dag to 2023-09-07T16:04:00+00:00, run_after=2023-09-07T16:06:00+00:00
[2023-09-07T16:07:10.004+0000] {processor.py:179} INFO - Processing /home/airflow/.local/lib/python3.8/site-packages/airflow/example_dags/example_sla_dag.py took 0.055 seconds
[2023-09-07T16:07:40.920+0000] {processor.py:157} INFO - Started process (PID=4530) to work on /home/airflow/.local/lib/python3.8/site-packages/airflow/example_dags/example_sla_dag.py
[2023-09-07T16:07:40.921+0000] {processor.py:829} INFO - Processing file /home/airflow/.local/lib/python3.8/site-packages/airflow/example_dags/example_sla_dag.py for tasks to queue
[2023-09-07T16:07:40.923+0000] {logging_mixin.py:151} INFO - [2023-09-07T16:07:40.922+0000] {dagbag.py:539} INFO - Filling up the DagBag from /home/airflow/.local/lib/python3.8/site-packages/airflow/example_dags/example_sla_dag.py
[2023-09-07T16:07:40.930+0000] {processor.py:839} INFO - DAG(s) dict_keys(['example_sla_dag']) retrieved from /home/airflow/.local/lib/python3.8/site-packages/airflow/example_dags/example_sla_dag.py
[2023-09-07T16:07:40.951+0000] {logging_mixin.py:151} INFO - [2023-09-07T16:07:40.951+0000] {dag.py:2907} INFO - Sync 1 DAGs
[2023-09-07T16:07:40.969+0000] {logging_mixin.py:151} INFO - [2023-09-07T16:07:40.969+0000] {dag.py:3677} INFO - Setting next_dagrun for example_sla_dag to 2023-09-07T16:04:00+00:00, run_after=2023-09-07T16:06:00+00:00
[2023-09-07T16:07:40.981+0000] {processor.py:179} INFO - Processing /home/airflow/.local/lib/python3.8/site-packages/airflow/example_dags/example_sla_dag.py took 0.063 seconds
[2023-09-07T16:08:12.072+0000] {processor.py:157} INFO - Started process (PID=4768) to work on /home/airflow/.local/lib/python3.8/site-packages/airflow/example_dags/example_sla_dag.py
[2023-09-07T16:08:12.074+0000] {processor.py:829} INFO - Processing file /home/airflow/.local/lib/python3.8/site-packages/airflow/example_dags/example_sla_dag.py for tasks to queue
[2023-09-07T16:08:12.076+0000] {logging_mixin.py:151} INFO - [2023-09-07T16:08:12.075+0000] {dagbag.py:539} INFO - Filling up the DagBag from /home/airflow/.local/lib/python3.8/site-packages/airflow/example_dags/example_sla_dag.py
[2023-09-07T16:08:12.084+0000] {processor.py:839} INFO - DAG(s) dict_keys(['example_sla_dag']) retrieved from /home/airflow/.local/lib/python3.8/site-packages/airflow/example_dags/example_sla_dag.py
[2023-09-07T16:08:12.105+0000] {logging_mixin.py:151} INFO - [2023-09-07T16:08:12.105+0000] {dag.py:2907} INFO - Sync 1 DAGs
[2023-09-07T16:08:12.124+0000] {logging_mixin.py:151} INFO - [2023-09-07T16:08:12.124+0000] {dag.py:3677} INFO - Setting next_dagrun for example_sla_dag to 2023-09-07T16:06:00+00:00, run_after=2023-09-07T16:08:00+00:00
[2023-09-07T16:08:12.140+0000] {processor.py:179} INFO - Processing /home/airflow/.local/lib/python3.8/site-packages/airflow/example_dags/example_sla_dag.py took 0.072 seconds
[2023-09-07T16:08:42.870+0000] {processor.py:157} INFO - Started process (PID=5006) to work on /home/airflow/.local/lib/python3.8/site-packages/airflow/example_dags/example_sla_dag.py
[2023-09-07T16:08:42.871+0000] {processor.py:829} INFO - Processing file /home/airflow/.local/lib/python3.8/site-packages/airflow/example_dags/example_sla_dag.py for tasks to queue
[2023-09-07T16:08:42.872+0000] {logging_mixin.py:151} INFO - [2023-09-07T16:08:42.872+0000] {dagbag.py:539} INFO - Filling up the DagBag from /home/airflow/.local/lib/python3.8/site-packages/airflow/example_dags/example_sla_dag.py
[2023-09-07T16:08:42.879+0000] {processor.py:839} INFO - DAG(s) dict_keys(['example_sla_dag']) retrieved from /home/airflow/.local/lib/python3.8/site-packages/airflow/example_dags/example_sla_dag.py
[2023-09-07T16:08:42.897+0000] {logging_mixin.py:151} INFO - [2023-09-07T16:08:42.897+0000] {dag.py:2907} INFO - Sync 1 DAGs
[2023-09-07T16:08:42.912+0000] {logging_mixin.py:151} INFO - [2023-09-07T16:08:42.912+0000] {dag.py:3677} INFO - Setting next_dagrun for example_sla_dag to 2023-09-07T16:06:00+00:00, run_after=2023-09-07T16:08:00+00:00
[2023-09-07T16:08:42.924+0000] {processor.py:179} INFO - Processing /home/airflow/.local/lib/python3.8/site-packages/airflow/example_dags/example_sla_dag.py took 0.057 seconds
[2023-09-07T16:09:13.292+0000] {processor.py:157} INFO - Started process (PID=5246) to work on /home/airflow/.local/lib/python3.8/site-packages/airflow/example_dags/example_sla_dag.py
[2023-09-07T16:09:13.294+0000] {processor.py:829} INFO - Processing file /home/airflow/.local/lib/python3.8/site-packages/airflow/example_dags/example_sla_dag.py for tasks to queue
[2023-09-07T16:09:13.295+0000] {logging_mixin.py:151} INFO - [2023-09-07T16:09:13.295+0000] {dagbag.py:539} INFO - Filling up the DagBag from /home/airflow/.local/lib/python3.8/site-packages/airflow/example_dags/example_sla_dag.py
[2023-09-07T16:09:13.304+0000] {processor.py:839} INFO - DAG(s) dict_keys(['example_sla_dag']) retrieved from /home/airflow/.local/lib/python3.8/site-packages/airflow/example_dags/example_sla_dag.py
[2023-09-07T16:09:13.323+0000] {logging_mixin.py:151} INFO - [2023-09-07T16:09:13.323+0000] {dag.py:2907} INFO - Sync 1 DAGs
[2023-09-07T16:09:13.340+0000] {logging_mixin.py:151} INFO - [2023-09-07T16:09:13.339+0000] {dag.py:3677} INFO - Setting next_dagrun for example_sla_dag to 2023-09-07T16:06:00+00:00, run_after=2023-09-07T16:08:00+00:00
[2023-09-07T16:09:13.367+0000] {processor.py:179} INFO - Processing /home/airflow/.local/lib/python3.8/site-packages/airflow/example_dags/example_sla_dag.py took 0.078 seconds
[2023-09-07T16:09:43.585+0000] {processor.py:157} INFO - Started process (PID=5482) to work on /home/airflow/.local/lib/python3.8/site-packages/airflow/example_dags/example_sla_dag.py
[2023-09-07T16:09:43.586+0000] {processor.py:829} INFO - Processing file /home/airflow/.local/lib/python3.8/site-packages/airflow/example_dags/example_sla_dag.py for tasks to queue
[2023-09-07T16:09:43.588+0000] {logging_mixin.py:151} INFO - [2023-09-07T16:09:43.587+0000] {dagbag.py:539} INFO - Filling up the DagBag from /home/airflow/.local/lib/python3.8/site-packages/airflow/example_dags/example_sla_dag.py
[2023-09-07T16:09:43.595+0000] {processor.py:839} INFO - DAG(s) dict_keys(['example_sla_dag']) retrieved from /home/airflow/.local/lib/python3.8/site-packages/airflow/example_dags/example_sla_dag.py
[2023-09-07T16:09:43.612+0000] {logging_mixin.py:151} INFO - [2023-09-07T16:09:43.612+0000] {dag.py:2907} INFO - Sync 1 DAGs
[2023-09-07T16:09:43.628+0000] {logging_mixin.py:151} INFO - [2023-09-07T16:09:43.628+0000] {dag.py:3677} INFO - Setting next_dagrun for example_sla_dag to 2023-09-07T16:06:00+00:00, run_after=2023-09-07T16:08:00+00:00
[2023-09-07T16:09:43.639+0000] {processor.py:179} INFO - Processing /home/airflow/.local/lib/python3.8/site-packages/airflow/example_dags/example_sla_dag.py took 0.059 seconds
[2023-09-07T16:10:14.415+0000] {processor.py:157} INFO - Started process (PID=5720) to work on /home/airflow/.local/lib/python3.8/site-packages/airflow/example_dags/example_sla_dag.py
[2023-09-07T16:10:14.417+0000] {processor.py:829} INFO - Processing file /home/airflow/.local/lib/python3.8/site-packages/airflow/example_dags/example_sla_dag.py for tasks to queue
[2023-09-07T16:10:14.418+0000] {logging_mixin.py:151} INFO - [2023-09-07T16:10:14.417+0000] {dagbag.py:539} INFO - Filling up the DagBag from /home/airflow/.local/lib/python3.8/site-packages/airflow/example_dags/example_sla_dag.py
[2023-09-07T16:10:14.425+0000] {processor.py:839} INFO - DAG(s) dict_keys(['example_sla_dag']) retrieved from /home/airflow/.local/lib/python3.8/site-packages/airflow/example_dags/example_sla_dag.py
[2023-09-07T16:10:14.445+0000] {logging_mixin.py:151} INFO - [2023-09-07T16:10:14.445+0000] {dag.py:2907} INFO - Sync 1 DAGs
[2023-09-07T16:10:14.472+0000] {logging_mixin.py:151} INFO - [2023-09-07T16:10:14.472+0000] {dag.py:3677} INFO - Setting next_dagrun for example_sla_dag to 2023-09-07T16:08:00+00:00, run_after=2023-09-07T16:10:00+00:00
[2023-09-07T16:10:14.485+0000] {processor.py:179} INFO - Processing /home/airflow/.local/lib/python3.8/site-packages/airflow/example_dags/example_sla_dag.py took 0.073 seconds
[2023-09-07T16:10:45.013+0000] {processor.py:157} INFO - Started process (PID=5957) to work on /home/airflow/.local/lib/python3.8/site-packages/airflow/example_dags/example_sla_dag.py
[2023-09-07T16:10:45.015+0000] {processor.py:829} INFO - Processing file /home/airflow/.local/lib/python3.8/site-packages/airflow/example_dags/example_sla_dag.py for tasks to queue
[2023-09-07T16:10:45.016+0000] {logging_mixin.py:151} INFO - [2023-09-07T16:10:45.015+0000] {dagbag.py:539} INFO - Filling up the DagBag from /home/airflow/.local/lib/python3.8/site-packages/airflow/example_dags/example_sla_dag.py
[2023-09-07T16:10:45.023+0000] {processor.py:839} INFO - DAG(s) dict_keys(['example_sla_dag']) retrieved from /home/airflow/.local/lib/python3.8/site-packages/airflow/example_dags/example_sla_dag.py
[2023-09-07T16:10:45.043+0000] {logging_mixin.py:151} INFO - [2023-09-07T16:10:45.043+0000] {dag.py:2907} INFO - Sync 1 DAGs
[2023-09-07T16:10:45.069+0000] {logging_mixin.py:151} INFO - [2023-09-07T16:10:45.068+0000] {dag.py:3677} INFO - Setting next_dagrun for example_sla_dag to 2023-09-07T16:08:00+00:00, run_after=2023-09-07T16:10:00+00:00
[2023-09-07T16:10:45.080+0000] {processor.py:179} INFO - Processing /home/airflow/.local/lib/python3.8/site-packages/airflow/example_dags/example_sla_dag.py took 0.069 seconds
[2023-09-07T16:11:16.763+0000] {processor.py:157} INFO - Started process (PID=6195) to work on /home/airflow/.local/lib/python3.8/site-packages/airflow/example_dags/example_sla_dag.py
[2023-09-07T16:11:16.765+0000] {processor.py:829} INFO - Processing file /home/airflow/.local/lib/python3.8/site-packages/airflow/example_dags/example_sla_dag.py for tasks to queue
[2023-09-07T16:11:16.766+0000] {logging_mixin.py:151} INFO - [2023-09-07T16:11:16.766+0000] {dagbag.py:539} INFO - Filling up the DagBag from /home/airflow/.local/lib/python3.8/site-packages/airflow/example_dags/example_sla_dag.py
[2023-09-07T16:11:16.777+0000] {processor.py:839} INFO - DAG(s) dict_keys(['example_sla_dag']) retrieved from /home/airflow/.local/lib/python3.8/site-packages/airflow/example_dags/example_sla_dag.py
[2023-09-07T16:11:16.799+0000] {logging_mixin.py:151} INFO - [2023-09-07T16:11:16.799+0000] {dag.py:2907} INFO - Sync 1 DAGs
[2023-09-07T16:11:16.820+0000] {logging_mixin.py:151} INFO - [2023-09-07T16:11:16.819+0000] {dag.py:3677} INFO - Setting next_dagrun for example_sla_dag to 2023-09-07T16:08:00+00:00, run_after=2023-09-07T16:10:00+00:00
[2023-09-07T16:11:16.835+0000] {processor.py:179} INFO - Processing /home/airflow/.local/lib/python3.8/site-packages/airflow/example_dags/example_sla_dag.py took 0.075 seconds
[2023-09-07T16:11:46.871+0000] {processor.py:157} INFO - Started process (PID=6433) to work on /home/airflow/.local/lib/python3.8/site-packages/airflow/example_dags/example_sla_dag.py
[2023-09-07T16:11:46.872+0000] {processor.py:829} INFO - Processing file /home/airflow/.local/lib/python3.8/site-packages/airflow/example_dags/example_sla_dag.py for tasks to queue
[2023-09-07T16:11:46.873+0000] {logging_mixin.py:151} INFO - [2023-09-07T16:11:46.873+0000] {dagbag.py:539} INFO - Filling up the DagBag from /home/airflow/.local/lib/python3.8/site-packages/airflow/example_dags/example_sla_dag.py
[2023-09-07T16:11:46.880+0000] {processor.py:839} INFO - DAG(s) dict_keys(['example_sla_dag']) retrieved from /home/airflow/.local/lib/python3.8/site-packages/airflow/example_dags/example_sla_dag.py
[2023-09-07T16:11:46.898+0000] {logging_mixin.py:151} INFO - [2023-09-07T16:11:46.898+0000] {dag.py:2907} INFO - Sync 1 DAGs
[2023-09-07T16:11:46.912+0000] {logging_mixin.py:151} INFO - [2023-09-07T16:11:46.912+0000] {dag.py:3677} INFO - Setting next_dagrun for example_sla_dag to 2023-09-07T16:08:00+00:00, run_after=2023-09-07T16:10:00+00:00
[2023-09-07T16:11:46.923+0000] {processor.py:179} INFO - Processing /home/airflow/.local/lib/python3.8/site-packages/airflow/example_dags/example_sla_dag.py took 0.055 seconds
[2023-09-07T16:12:17.355+0000] {processor.py:157} INFO - Started process (PID=6673) to work on /home/airflow/.local/lib/python3.8/site-packages/airflow/example_dags/example_sla_dag.py
[2023-09-07T16:12:17.357+0000] {processor.py:829} INFO - Processing file /home/airflow/.local/lib/python3.8/site-packages/airflow/example_dags/example_sla_dag.py for tasks to queue
[2023-09-07T16:12:17.358+0000] {logging_mixin.py:151} INFO - [2023-09-07T16:12:17.358+0000] {dagbag.py:539} INFO - Filling up the DagBag from /home/airflow/.local/lib/python3.8/site-packages/airflow/example_dags/example_sla_dag.py
[2023-09-07T16:12:17.373+0000] {processor.py:839} INFO - DAG(s) dict_keys(['example_sla_dag']) retrieved from /home/airflow/.local/lib/python3.8/site-packages/airflow/example_dags/example_sla_dag.py
[2023-09-07T16:12:17.398+0000] {logging_mixin.py:151} INFO - [2023-09-07T16:12:17.398+0000] {dag.py:2907} INFO - Sync 1 DAGs
[2023-09-07T16:12:17.418+0000] {logging_mixin.py:151} INFO - [2023-09-07T16:12:17.418+0000] {dag.py:3677} INFO - Setting next_dagrun for example_sla_dag to 2023-09-07T16:10:00+00:00, run_after=2023-09-07T16:12:00+00:00
[2023-09-07T16:12:17.429+0000] {processor.py:179} INFO - Processing /home/airflow/.local/lib/python3.8/site-packages/airflow/example_dags/example_sla_dag.py took 0.077 seconds
[2023-09-07T16:12:48.499+0000] {processor.py:157} INFO - Started process (PID=6910) to work on /home/airflow/.local/lib/python3.8/site-packages/airflow/example_dags/example_sla_dag.py
[2023-09-07T16:12:48.507+0000] {processor.py:829} INFO - Processing file /home/airflow/.local/lib/python3.8/site-packages/airflow/example_dags/example_sla_dag.py for tasks to queue
[2023-09-07T16:12:48.522+0000] {logging_mixin.py:151} INFO - [2023-09-07T16:12:48.521+0000] {dagbag.py:539} INFO - Filling up the DagBag from /home/airflow/.local/lib/python3.8/site-packages/airflow/example_dags/example_sla_dag.py
[2023-09-07T16:12:48.541+0000] {processor.py:839} INFO - DAG(s) dict_keys(['example_sla_dag']) retrieved from /home/airflow/.local/lib/python3.8/site-packages/airflow/example_dags/example_sla_dag.py
[2023-09-07T16:12:48.627+0000] {logging_mixin.py:151} INFO - [2023-09-07T16:12:48.627+0000] {dag.py:2907} INFO - Sync 1 DAGs
[2023-09-07T16:12:48.683+0000] {logging_mixin.py:151} INFO - [2023-09-07T16:12:48.683+0000] {dag.py:3677} INFO - Setting next_dagrun for example_sla_dag to 2023-09-07T16:10:00+00:00, run_after=2023-09-07T16:12:00+00:00
[2023-09-07T16:12:48.712+0000] {processor.py:179} INFO - Processing /home/airflow/.local/lib/python3.8/site-packages/airflow/example_dags/example_sla_dag.py took 0.221 seconds
[2023-09-07T16:13:19.696+0000] {processor.py:157} INFO - Started process (PID=7155) to work on /home/airflow/.local/lib/python3.8/site-packages/airflow/example_dags/example_sla_dag.py
[2023-09-07T16:13:19.699+0000] {processor.py:829} INFO - Processing file /home/airflow/.local/lib/python3.8/site-packages/airflow/example_dags/example_sla_dag.py for tasks to queue
[2023-09-07T16:13:19.701+0000] {logging_mixin.py:151} INFO - [2023-09-07T16:13:19.700+0000] {dagbag.py:539} INFO - Filling up the DagBag from /home/airflow/.local/lib/python3.8/site-packages/airflow/example_dags/example_sla_dag.py
[2023-09-07T16:13:19.740+0000] {processor.py:839} INFO - DAG(s) dict_keys(['example_sla_dag']) retrieved from /home/airflow/.local/lib/python3.8/site-packages/airflow/example_dags/example_sla_dag.py
[2023-09-07T16:13:19.795+0000] {logging_mixin.py:151} INFO - [2023-09-07T16:13:19.795+0000] {dag.py:2907} INFO - Sync 1 DAGs
[2023-09-07T16:13:19.854+0000] {logging_mixin.py:151} INFO - [2023-09-07T16:13:19.853+0000] {dag.py:3677} INFO - Setting next_dagrun for example_sla_dag to 2023-09-07T16:10:00+00:00, run_after=2023-09-07T16:12:00+00:00
[2023-09-07T16:13:19.868+0000] {processor.py:179} INFO - Processing /home/airflow/.local/lib/python3.8/site-packages/airflow/example_dags/example_sla_dag.py took 0.178 seconds
[2023-09-07T16:13:50.538+0000] {processor.py:157} INFO - Started process (PID=7394) to work on /home/airflow/.local/lib/python3.8/site-packages/airflow/example_dags/example_sla_dag.py
[2023-09-07T16:13:50.541+0000] {processor.py:829} INFO - Processing file /home/airflow/.local/lib/python3.8/site-packages/airflow/example_dags/example_sla_dag.py for tasks to queue
[2023-09-07T16:13:50.543+0000] {logging_mixin.py:151} INFO - [2023-09-07T16:13:50.543+0000] {dagbag.py:539} INFO - Filling up the DagBag from /home/airflow/.local/lib/python3.8/site-packages/airflow/example_dags/example_sla_dag.py
[2023-09-07T16:13:50.588+0000] {processor.py:839} INFO - DAG(s) dict_keys(['example_sla_dag']) retrieved from /home/airflow/.local/lib/python3.8/site-packages/airflow/example_dags/example_sla_dag.py
[2023-09-07T16:13:50.655+0000] {logging_mixin.py:151} INFO - [2023-09-07T16:13:50.655+0000] {dag.py:2907} INFO - Sync 1 DAGs
[2023-09-07T16:13:50.700+0000] {logging_mixin.py:151} INFO - [2023-09-07T16:13:50.699+0000] {dag.py:3677} INFO - Setting next_dagrun for example_sla_dag to 2023-09-07T16:10:00+00:00, run_after=2023-09-07T16:12:00+00:00
[2023-09-07T16:13:50.720+0000] {processor.py:179} INFO - Processing /home/airflow/.local/lib/python3.8/site-packages/airflow/example_dags/example_sla_dag.py took 0.188 seconds
[2023-09-07T16:14:20.987+0000] {processor.py:157} INFO - Started process (PID=7633) to work on /home/airflow/.local/lib/python3.8/site-packages/airflow/example_dags/example_sla_dag.py
[2023-09-07T16:14:20.988+0000] {processor.py:829} INFO - Processing file /home/airflow/.local/lib/python3.8/site-packages/airflow/example_dags/example_sla_dag.py for tasks to queue
[2023-09-07T16:14:20.990+0000] {logging_mixin.py:151} INFO - [2023-09-07T16:14:20.989+0000] {dagbag.py:539} INFO - Filling up the DagBag from /home/airflow/.local/lib/python3.8/site-packages/airflow/example_dags/example_sla_dag.py
[2023-09-07T16:14:20.998+0000] {processor.py:839} INFO - DAG(s) dict_keys(['example_sla_dag']) retrieved from /home/airflow/.local/lib/python3.8/site-packages/airflow/example_dags/example_sla_dag.py
[2023-09-07T16:14:21.017+0000] {logging_mixin.py:151} INFO - [2023-09-07T16:14:21.017+0000] {dag.py:2907} INFO - Sync 1 DAGs
[2023-09-07T16:14:21.036+0000] {logging_mixin.py:151} INFO - [2023-09-07T16:14:21.035+0000] {dag.py:3677} INFO - Setting next_dagrun for example_sla_dag to 2023-09-07T16:12:00+00:00, run_after=2023-09-07T16:14:00+00:00
[2023-09-07T16:14:21.049+0000] {processor.py:179} INFO - Processing /home/airflow/.local/lib/python3.8/site-packages/airflow/example_dags/example_sla_dag.py took 0.065 seconds
[2023-09-07T16:14:51.154+0000] {processor.py:157} INFO - Started process (PID=7871) to work on /home/airflow/.local/lib/python3.8/site-packages/airflow/example_dags/example_sla_dag.py
[2023-09-07T16:14:51.156+0000] {processor.py:829} INFO - Processing file /home/airflow/.local/lib/python3.8/site-packages/airflow/example_dags/example_sla_dag.py for tasks to queue
[2023-09-07T16:14:51.157+0000] {logging_mixin.py:151} INFO - [2023-09-07T16:14:51.157+0000] {dagbag.py:539} INFO - Filling up the DagBag from /home/airflow/.local/lib/python3.8/site-packages/airflow/example_dags/example_sla_dag.py
[2023-09-07T16:14:51.168+0000] {processor.py:839} INFO - DAG(s) dict_keys(['example_sla_dag']) retrieved from /home/airflow/.local/lib/python3.8/site-packages/airflow/example_dags/example_sla_dag.py
[2023-09-07T16:14:51.192+0000] {logging_mixin.py:151} INFO - [2023-09-07T16:14:51.192+0000] {dag.py:2907} INFO - Sync 1 DAGs
[2023-09-07T16:14:51.218+0000] {logging_mixin.py:151} INFO - [2023-09-07T16:14:51.217+0000] {dag.py:3677} INFO - Setting next_dagrun for example_sla_dag to 2023-09-07T16:12:00+00:00, run_after=2023-09-07T16:14:00+00:00
[2023-09-07T16:14:51.229+0000] {processor.py:179} INFO - Processing /home/airflow/.local/lib/python3.8/site-packages/airflow/example_dags/example_sla_dag.py took 0.078 seconds
[2023-09-07T16:15:21.914+0000] {processor.py:157} INFO - Started process (PID=8110) to work on /home/airflow/.local/lib/python3.8/site-packages/airflow/example_dags/example_sla_dag.py
[2023-09-07T16:15:21.916+0000] {processor.py:829} INFO - Processing file /home/airflow/.local/lib/python3.8/site-packages/airflow/example_dags/example_sla_dag.py for tasks to queue
[2023-09-07T16:15:21.919+0000] {logging_mixin.py:151} INFO - [2023-09-07T16:15:21.919+0000] {dagbag.py:539} INFO - Filling up the DagBag from /home/airflow/.local/lib/python3.8/site-packages/airflow/example_dags/example_sla_dag.py
[2023-09-07T16:15:21.929+0000] {processor.py:839} INFO - DAG(s) dict_keys(['example_sla_dag']) retrieved from /home/airflow/.local/lib/python3.8/site-packages/airflow/example_dags/example_sla_dag.py
[2023-09-07T16:15:21.951+0000] {logging_mixin.py:151} INFO - [2023-09-07T16:15:21.951+0000] {dag.py:2907} INFO - Sync 1 DAGs
[2023-09-07T16:15:21.970+0000] {logging_mixin.py:151} INFO - [2023-09-07T16:15:21.970+0000] {dag.py:3677} INFO - Setting next_dagrun for example_sla_dag to 2023-09-07T16:12:00+00:00, run_after=2023-09-07T16:14:00+00:00
[2023-09-07T16:15:21.982+0000] {processor.py:179} INFO - Processing /home/airflow/.local/lib/python3.8/site-packages/airflow/example_dags/example_sla_dag.py took 0.072 seconds
[2023-09-07T16:15:52.988+0000] {processor.py:157} INFO - Started process (PID=8348) to work on /home/airflow/.local/lib/python3.8/site-packages/airflow/example_dags/example_sla_dag.py
[2023-09-07T16:15:52.996+0000] {processor.py:829} INFO - Processing file /home/airflow/.local/lib/python3.8/site-packages/airflow/example_dags/example_sla_dag.py for tasks to queue
[2023-09-07T16:15:53.000+0000] {logging_mixin.py:151} INFO - [2023-09-07T16:15:52.999+0000] {dagbag.py:539} INFO - Filling up the DagBag from /home/airflow/.local/lib/python3.8/site-packages/airflow/example_dags/example_sla_dag.py
[2023-09-07T16:15:53.020+0000] {processor.py:839} INFO - DAG(s) dict_keys(['example_sla_dag']) retrieved from /home/airflow/.local/lib/python3.8/site-packages/airflow/example_dags/example_sla_dag.py
[2023-09-07T16:15:53.071+0000] {logging_mixin.py:151} INFO - [2023-09-07T16:15:53.070+0000] {dag.py:2907} INFO - Sync 1 DAGs
[2023-09-07T16:15:53.104+0000] {logging_mixin.py:151} INFO - [2023-09-07T16:15:53.104+0000] {dag.py:3677} INFO - Setting next_dagrun for example_sla_dag to 2023-09-07T16:12:00+00:00, run_after=2023-09-07T16:14:00+00:00
[2023-09-07T16:15:53.118+0000] {processor.py:179} INFO - Processing /home/airflow/.local/lib/python3.8/site-packages/airflow/example_dags/example_sla_dag.py took 0.145 seconds
[2023-09-07T16:16:23.795+0000] {processor.py:157} INFO - Started process (PID=8586) to work on /home/airflow/.local/lib/python3.8/site-packages/airflow/example_dags/example_sla_dag.py
[2023-09-07T16:16:23.798+0000] {processor.py:829} INFO - Processing file /home/airflow/.local/lib/python3.8/site-packages/airflow/example_dags/example_sla_dag.py for tasks to queue
[2023-09-07T16:16:23.800+0000] {logging_mixin.py:151} INFO - [2023-09-07T16:16:23.799+0000] {dagbag.py:539} INFO - Filling up the DagBag from /home/airflow/.local/lib/python3.8/site-packages/airflow/example_dags/example_sla_dag.py
[2023-09-07T16:16:23.819+0000] {processor.py:839} INFO - DAG(s) dict_keys(['example_sla_dag']) retrieved from /home/airflow/.local/lib/python3.8/site-packages/airflow/example_dags/example_sla_dag.py
[2023-09-07T16:16:23.861+0000] {logging_mixin.py:151} INFO - [2023-09-07T16:16:23.861+0000] {dag.py:2907} INFO - Sync 1 DAGs
[2023-09-07T16:16:23.892+0000] {logging_mixin.py:151} INFO - [2023-09-07T16:16:23.892+0000] {dag.py:3677} INFO - Setting next_dagrun for example_sla_dag to 2023-09-07T16:14:00+00:00, run_after=2023-09-07T16:16:00+00:00
[2023-09-07T16:16:23.906+0000] {processor.py:179} INFO - Processing /home/airflow/.local/lib/python3.8/site-packages/airflow/example_dags/example_sla_dag.py took 0.118 seconds
[2023-09-07T16:16:54.167+0000] {processor.py:157} INFO - Started process (PID=8824) to work on /home/airflow/.local/lib/python3.8/site-packages/airflow/example_dags/example_sla_dag.py
[2023-09-07T16:16:54.170+0000] {processor.py:829} INFO - Processing file /home/airflow/.local/lib/python3.8/site-packages/airflow/example_dags/example_sla_dag.py for tasks to queue
[2023-09-07T16:16:54.171+0000] {logging_mixin.py:151} INFO - [2023-09-07T16:16:54.171+0000] {dagbag.py:539} INFO - Filling up the DagBag from /home/airflow/.local/lib/python3.8/site-packages/airflow/example_dags/example_sla_dag.py
[2023-09-07T16:16:54.185+0000] {processor.py:839} INFO - DAG(s) dict_keys(['example_sla_dag']) retrieved from /home/airflow/.local/lib/python3.8/site-packages/airflow/example_dags/example_sla_dag.py
[2023-09-07T16:16:54.215+0000] {logging_mixin.py:151} INFO - [2023-09-07T16:16:54.214+0000] {dag.py:2907} INFO - Sync 1 DAGs
[2023-09-07T16:16:54.246+0000] {logging_mixin.py:151} INFO - [2023-09-07T16:16:54.246+0000] {dag.py:3677} INFO - Setting next_dagrun for example_sla_dag to 2023-09-07T16:14:00+00:00, run_after=2023-09-07T16:16:00+00:00
[2023-09-07T16:16:54.266+0000] {processor.py:179} INFO - Processing /home/airflow/.local/lib/python3.8/site-packages/airflow/example_dags/example_sla_dag.py took 0.106 seconds
[2023-09-07T16:17:25.340+0000] {processor.py:157} INFO - Started process (PID=9062) to work on /home/airflow/.local/lib/python3.8/site-packages/airflow/example_dags/example_sla_dag.py
[2023-09-07T16:17:25.347+0000] {processor.py:829} INFO - Processing file /home/airflow/.local/lib/python3.8/site-packages/airflow/example_dags/example_sla_dag.py for tasks to queue
[2023-09-07T16:17:25.353+0000] {logging_mixin.py:151} INFO - [2023-09-07T16:17:25.351+0000] {dagbag.py:539} INFO - Filling up the DagBag from /home/airflow/.local/lib/python3.8/site-packages/airflow/example_dags/example_sla_dag.py
[2023-09-07T16:17:25.391+0000] {processor.py:839} INFO - DAG(s) dict_keys(['example_sla_dag']) retrieved from /home/airflow/.local/lib/python3.8/site-packages/airflow/example_dags/example_sla_dag.py
[2023-09-07T16:17:25.448+0000] {logging_mixin.py:151} INFO - [2023-09-07T16:17:25.448+0000] {dag.py:2907} INFO - Sync 1 DAGs
[2023-09-07T16:17:25.476+0000] {logging_mixin.py:151} INFO - [2023-09-07T16:17:25.476+0000] {dag.py:3677} INFO - Setting next_dagrun for example_sla_dag to 2023-09-07T16:14:00+00:00, run_after=2023-09-07T16:16:00+00:00
[2023-09-07T16:17:25.499+0000] {processor.py:179} INFO - Processing /home/airflow/.local/lib/python3.8/site-packages/airflow/example_dags/example_sla_dag.py took 0.170 seconds
[2023-09-07T16:17:55.570+0000] {processor.py:157} INFO - Started process (PID=9298) to work on /home/airflow/.local/lib/python3.8/site-packages/airflow/example_dags/example_sla_dag.py
[2023-09-07T16:17:55.571+0000] {processor.py:829} INFO - Processing file /home/airflow/.local/lib/python3.8/site-packages/airflow/example_dags/example_sla_dag.py for tasks to queue
[2023-09-07T16:17:55.572+0000] {logging_mixin.py:151} INFO - [2023-09-07T16:17:55.572+0000] {dagbag.py:539} INFO - Filling up the DagBag from /home/airflow/.local/lib/python3.8/site-packages/airflow/example_dags/example_sla_dag.py
[2023-09-07T16:17:55.580+0000] {processor.py:839} INFO - DAG(s) dict_keys(['example_sla_dag']) retrieved from /home/airflow/.local/lib/python3.8/site-packages/airflow/example_dags/example_sla_dag.py
[2023-09-07T16:17:55.608+0000] {logging_mixin.py:151} INFO - [2023-09-07T16:17:55.608+0000] {dag.py:2907} INFO - Sync 1 DAGs
[2023-09-07T16:17:55.627+0000] {logging_mixin.py:151} INFO - [2023-09-07T16:17:55.627+0000] {dag.py:3677} INFO - Setting next_dagrun for example_sla_dag to 2023-09-07T16:14:00+00:00, run_after=2023-09-07T16:16:00+00:00
[2023-09-07T16:17:55.638+0000] {processor.py:179} INFO - Processing /home/airflow/.local/lib/python3.8/site-packages/airflow/example_dags/example_sla_dag.py took 0.071 seconds
[2023-09-07T16:18:25.729+0000] {processor.py:157} INFO - Started process (PID=9537) to work on /home/airflow/.local/lib/python3.8/site-packages/airflow/example_dags/example_sla_dag.py
[2023-09-07T16:18:25.730+0000] {processor.py:829} INFO - Processing file /home/airflow/.local/lib/python3.8/site-packages/airflow/example_dags/example_sla_dag.py for tasks to queue
[2023-09-07T16:18:25.731+0000] {logging_mixin.py:151} INFO - [2023-09-07T16:18:25.731+0000] {dagbag.py:539} INFO - Filling up the DagBag from /home/airflow/.local/lib/python3.8/site-packages/airflow/example_dags/example_sla_dag.py
[2023-09-07T16:18:25.738+0000] {processor.py:839} INFO - DAG(s) dict_keys(['example_sla_dag']) retrieved from /home/airflow/.local/lib/python3.8/site-packages/airflow/example_dags/example_sla_dag.py
[2023-09-07T16:18:25.756+0000] {logging_mixin.py:151} INFO - [2023-09-07T16:18:25.756+0000] {dag.py:2907} INFO - Sync 1 DAGs
[2023-09-07T16:18:25.772+0000] {logging_mixin.py:151} INFO - [2023-09-07T16:18:25.772+0000] {dag.py:3677} INFO - Setting next_dagrun for example_sla_dag to 2023-09-07T16:16:00+00:00, run_after=2023-09-07T16:18:00+00:00
[2023-09-07T16:18:25.784+0000] {processor.py:179} INFO - Processing /home/airflow/.local/lib/python3.8/site-packages/airflow/example_dags/example_sla_dag.py took 0.058 seconds
[2023-09-07T16:18:55.930+0000] {processor.py:157} INFO - Started process (PID=9775) to work on /home/airflow/.local/lib/python3.8/site-packages/airflow/example_dags/example_sla_dag.py
[2023-09-07T16:18:55.931+0000] {processor.py:829} INFO - Processing file /home/airflow/.local/lib/python3.8/site-packages/airflow/example_dags/example_sla_dag.py for tasks to queue
[2023-09-07T16:18:55.932+0000] {logging_mixin.py:151} INFO - [2023-09-07T16:18:55.932+0000] {dagbag.py:539} INFO - Filling up the DagBag from /home/airflow/.local/lib/python3.8/site-packages/airflow/example_dags/example_sla_dag.py
[2023-09-07T16:18:55.940+0000] {processor.py:839} INFO - DAG(s) dict_keys(['example_sla_dag']) retrieved from /home/airflow/.local/lib/python3.8/site-packages/airflow/example_dags/example_sla_dag.py
[2023-09-07T16:18:55.961+0000] {logging_mixin.py:151} INFO - [2023-09-07T16:18:55.961+0000] {dag.py:2907} INFO - Sync 1 DAGs
[2023-09-07T16:18:55.977+0000] {logging_mixin.py:151} INFO - [2023-09-07T16:18:55.977+0000] {dag.py:3677} INFO - Setting next_dagrun for example_sla_dag to 2023-09-07T16:16:00+00:00, run_after=2023-09-07T16:18:00+00:00
[2023-09-07T16:18:55.989+0000] {processor.py:179} INFO - Processing /home/airflow/.local/lib/python3.8/site-packages/airflow/example_dags/example_sla_dag.py took 0.063 seconds
[2023-09-07T16:19:26.379+0000] {processor.py:157} INFO - Started process (PID=10013) to work on /home/airflow/.local/lib/python3.8/site-packages/airflow/example_dags/example_sla_dag.py
[2023-09-07T16:19:26.380+0000] {processor.py:829} INFO - Processing file /home/airflow/.local/lib/python3.8/site-packages/airflow/example_dags/example_sla_dag.py for tasks to queue
[2023-09-07T16:19:26.381+0000] {logging_mixin.py:151} INFO - [2023-09-07T16:19:26.381+0000] {dagbag.py:539} INFO - Filling up the DagBag from /home/airflow/.local/lib/python3.8/site-packages/airflow/example_dags/example_sla_dag.py
[2023-09-07T16:19:26.388+0000] {processor.py:839} INFO - DAG(s) dict_keys(['example_sla_dag']) retrieved from /home/airflow/.local/lib/python3.8/site-packages/airflow/example_dags/example_sla_dag.py
[2023-09-07T16:19:26.406+0000] {logging_mixin.py:151} INFO - [2023-09-07T16:19:26.406+0000] {dag.py:2907} INFO - Sync 1 DAGs
[2023-09-07T16:19:26.429+0000] {logging_mixin.py:151} INFO - [2023-09-07T16:19:26.429+0000] {dag.py:3677} INFO - Setting next_dagrun for example_sla_dag to 2023-09-07T16:16:00+00:00, run_after=2023-09-07T16:18:00+00:00
[2023-09-07T16:19:26.440+0000] {processor.py:179} INFO - Processing /home/airflow/.local/lib/python3.8/site-packages/airflow/example_dags/example_sla_dag.py took 0.064 seconds
[2023-09-07T16:19:56.799+0000] {processor.py:157} INFO - Started process (PID=10251) to work on /home/airflow/.local/lib/python3.8/site-packages/airflow/example_dags/example_sla_dag.py
[2023-09-07T16:19:56.800+0000] {processor.py:829} INFO - Processing file /home/airflow/.local/lib/python3.8/site-packages/airflow/example_dags/example_sla_dag.py for tasks to queue
[2023-09-07T16:19:56.801+0000] {logging_mixin.py:151} INFO - [2023-09-07T16:19:56.801+0000] {dagbag.py:539} INFO - Filling up the DagBag from /home/airflow/.local/lib/python3.8/site-packages/airflow/example_dags/example_sla_dag.py
[2023-09-07T16:19:56.808+0000] {processor.py:839} INFO - DAG(s) dict_keys(['example_sla_dag']) retrieved from /home/airflow/.local/lib/python3.8/site-packages/airflow/example_dags/example_sla_dag.py
[2023-09-07T16:19:56.826+0000] {logging_mixin.py:151} INFO - [2023-09-07T16:19:56.826+0000] {dag.py:2907} INFO - Sync 1 DAGs
[2023-09-07T16:19:56.842+0000] {logging_mixin.py:151} INFO - [2023-09-07T16:19:56.842+0000] {dag.py:3677} INFO - Setting next_dagrun for example_sla_dag to 2023-09-07T16:16:00+00:00, run_after=2023-09-07T16:18:00+00:00
[2023-09-07T16:19:56.852+0000] {processor.py:179} INFO - Processing /home/airflow/.local/lib/python3.8/site-packages/airflow/example_dags/example_sla_dag.py took 0.056 seconds
[2023-09-07T16:20:27.221+0000] {processor.py:157} INFO - Started process (PID=10489) to work on /home/airflow/.local/lib/python3.8/site-packages/airflow/example_dags/example_sla_dag.py
[2023-09-07T16:20:27.223+0000] {processor.py:829} INFO - Processing file /home/airflow/.local/lib/python3.8/site-packages/airflow/example_dags/example_sla_dag.py for tasks to queue
[2023-09-07T16:20:27.224+0000] {logging_mixin.py:151} INFO - [2023-09-07T16:20:27.223+0000] {dagbag.py:539} INFO - Filling up the DagBag from /home/airflow/.local/lib/python3.8/site-packages/airflow/example_dags/example_sla_dag.py
[2023-09-07T16:20:27.230+0000] {processor.py:839} INFO - DAG(s) dict_keys(['example_sla_dag']) retrieved from /home/airflow/.local/lib/python3.8/site-packages/airflow/example_dags/example_sla_dag.py
[2023-09-07T16:20:27.248+0000] {logging_mixin.py:151} INFO - [2023-09-07T16:20:27.247+0000] {dag.py:2907} INFO - Sync 1 DAGs
[2023-09-07T16:20:27.264+0000] {logging_mixin.py:151} INFO - [2023-09-07T16:20:27.264+0000] {dag.py:3677} INFO - Setting next_dagrun for example_sla_dag to 2023-09-07T16:18:00+00:00, run_after=2023-09-07T16:20:00+00:00
[2023-09-07T16:20:27.274+0000] {processor.py:179} INFO - Processing /home/airflow/.local/lib/python3.8/site-packages/airflow/example_dags/example_sla_dag.py took 0.056 seconds
[2023-09-07T16:20:57.774+0000] {processor.py:157} INFO - Started process (PID=10726) to work on /home/airflow/.local/lib/python3.8/site-packages/airflow/example_dags/example_sla_dag.py
[2023-09-07T16:20:57.775+0000] {processor.py:829} INFO - Processing file /home/airflow/.local/lib/python3.8/site-packages/airflow/example_dags/example_sla_dag.py for tasks to queue
[2023-09-07T16:20:57.776+0000] {logging_mixin.py:151} INFO - [2023-09-07T16:20:57.776+0000] {dagbag.py:539} INFO - Filling up the DagBag from /home/airflow/.local/lib/python3.8/site-packages/airflow/example_dags/example_sla_dag.py
[2023-09-07T16:20:57.784+0000] {processor.py:839} INFO - DAG(s) dict_keys(['example_sla_dag']) retrieved from /home/airflow/.local/lib/python3.8/site-packages/airflow/example_dags/example_sla_dag.py
[2023-09-07T16:20:57.802+0000] {logging_mixin.py:151} INFO - [2023-09-07T16:20:57.802+0000] {dag.py:2907} INFO - Sync 1 DAGs
[2023-09-07T16:20:57.818+0000] {logging_mixin.py:151} INFO - [2023-09-07T16:20:57.818+0000] {dag.py:3677} INFO - Setting next_dagrun for example_sla_dag to 2023-09-07T16:18:00+00:00, run_after=2023-09-07T16:20:00+00:00
[2023-09-07T16:20:57.829+0000] {processor.py:179} INFO - Processing /home/airflow/.local/lib/python3.8/site-packages/airflow/example_dags/example_sla_dag.py took 0.061 seconds
[2023-09-07T16:21:28.148+0000] {processor.py:157} INFO - Started process (PID=10964) to work on /home/airflow/.local/lib/python3.8/site-packages/airflow/example_dags/example_sla_dag.py
[2023-09-07T16:21:28.149+0000] {processor.py:829} INFO - Processing file /home/airflow/.local/lib/python3.8/site-packages/airflow/example_dags/example_sla_dag.py for tasks to queue
[2023-09-07T16:21:28.150+0000] {logging_mixin.py:151} INFO - [2023-09-07T16:21:28.150+0000] {dagbag.py:539} INFO - Filling up the DagBag from /home/airflow/.local/lib/python3.8/site-packages/airflow/example_dags/example_sla_dag.py
[2023-09-07T16:21:28.157+0000] {processor.py:839} INFO - DAG(s) dict_keys(['example_sla_dag']) retrieved from /home/airflow/.local/lib/python3.8/site-packages/airflow/example_dags/example_sla_dag.py
[2023-09-07T16:21:28.175+0000] {logging_mixin.py:151} INFO - [2023-09-07T16:21:28.175+0000] {dag.py:2907} INFO - Sync 1 DAGs
[2023-09-07T16:21:28.191+0000] {logging_mixin.py:151} INFO - [2023-09-07T16:21:28.191+0000] {dag.py:3677} INFO - Setting next_dagrun for example_sla_dag to 2023-09-07T16:18:00+00:00, run_after=2023-09-07T16:20:00+00:00
[2023-09-07T16:21:28.202+0000] {processor.py:179} INFO - Processing /home/airflow/.local/lib/python3.8/site-packages/airflow/example_dags/example_sla_dag.py took 0.057 seconds
[2023-09-07T16:21:58.804+0000] {processor.py:157} INFO - Started process (PID=11204) to work on /home/airflow/.local/lib/python3.8/site-packages/airflow/example_dags/example_sla_dag.py
[2023-09-07T16:21:58.805+0000] {processor.py:829} INFO - Processing file /home/airflow/.local/lib/python3.8/site-packages/airflow/example_dags/example_sla_dag.py for tasks to queue
[2023-09-07T16:21:58.806+0000] {logging_mixin.py:151} INFO - [2023-09-07T16:21:58.806+0000] {dagbag.py:539} INFO - Filling up the DagBag from /home/airflow/.local/lib/python3.8/site-packages/airflow/example_dags/example_sla_dag.py
[2023-09-07T16:21:58.813+0000] {processor.py:839} INFO - DAG(s) dict_keys(['example_sla_dag']) retrieved from /home/airflow/.local/lib/python3.8/site-packages/airflow/example_dags/example_sla_dag.py
[2023-09-07T16:21:58.831+0000] {logging_mixin.py:151} INFO - [2023-09-07T16:21:58.831+0000] {dag.py:2907} INFO - Sync 1 DAGs
[2023-09-07T16:21:58.847+0000] {logging_mixin.py:151} INFO - [2023-09-07T16:21:58.847+0000] {dag.py:3677} INFO - Setting next_dagrun for example_sla_dag to 2023-09-07T16:18:00+00:00, run_after=2023-09-07T16:20:00+00:00
[2023-09-07T16:21:58.858+0000] {processor.py:179} INFO - Processing /home/airflow/.local/lib/python3.8/site-packages/airflow/example_dags/example_sla_dag.py took 0.057 seconds
[2023-09-07T16:22:29.422+0000] {processor.py:157} INFO - Started process (PID=11441) to work on /home/airflow/.local/lib/python3.8/site-packages/airflow/example_dags/example_sla_dag.py
[2023-09-07T16:22:29.423+0000] {processor.py:829} INFO - Processing file /home/airflow/.local/lib/python3.8/site-packages/airflow/example_dags/example_sla_dag.py for tasks to queue
[2023-09-07T16:22:29.425+0000] {logging_mixin.py:151} INFO - [2023-09-07T16:22:29.424+0000] {dagbag.py:539} INFO - Filling up the DagBag from /home/airflow/.local/lib/python3.8/site-packages/airflow/example_dags/example_sla_dag.py
[2023-09-07T16:22:29.432+0000] {processor.py:839} INFO - DAG(s) dict_keys(['example_sla_dag']) retrieved from /home/airflow/.local/lib/python3.8/site-packages/airflow/example_dags/example_sla_dag.py
[2023-09-07T16:22:29.449+0000] {logging_mixin.py:151} INFO - [2023-09-07T16:22:29.449+0000] {dag.py:2907} INFO - Sync 1 DAGs
[2023-09-07T16:22:29.469+0000] {logging_mixin.py:151} INFO - [2023-09-07T16:22:29.469+0000] {dag.py:3677} INFO - Setting next_dagrun for example_sla_dag to 2023-09-07T16:20:00+00:00, run_after=2023-09-07T16:22:00+00:00
[2023-09-07T16:22:29.480+0000] {processor.py:179} INFO - Processing /home/airflow/.local/lib/python3.8/site-packages/airflow/example_dags/example_sla_dag.py took 0.060 seconds
[2023-09-07T16:22:59.833+0000] {processor.py:157} INFO - Started process (PID=11679) to work on /home/airflow/.local/lib/python3.8/site-packages/airflow/example_dags/example_sla_dag.py
[2023-09-07T16:22:59.834+0000] {processor.py:829} INFO - Processing file /home/airflow/.local/lib/python3.8/site-packages/airflow/example_dags/example_sla_dag.py for tasks to queue
[2023-09-07T16:22:59.835+0000] {logging_mixin.py:151} INFO - [2023-09-07T16:22:59.834+0000] {dagbag.py:539} INFO - Filling up the DagBag from /home/airflow/.local/lib/python3.8/site-packages/airflow/example_dags/example_sla_dag.py
[2023-09-07T16:22:59.841+0000] {processor.py:839} INFO - DAG(s) dict_keys(['example_sla_dag']) retrieved from /home/airflow/.local/lib/python3.8/site-packages/airflow/example_dags/example_sla_dag.py
[2023-09-07T16:22:59.860+0000] {logging_mixin.py:151} INFO - [2023-09-07T16:22:59.859+0000] {dag.py:2907} INFO - Sync 1 DAGs
[2023-09-07T16:22:59.877+0000] {logging_mixin.py:151} INFO - [2023-09-07T16:22:59.877+0000] {dag.py:3677} INFO - Setting next_dagrun for example_sla_dag to 2023-09-07T16:20:00+00:00, run_after=2023-09-07T16:22:00+00:00
[2023-09-07T16:22:59.888+0000] {processor.py:179} INFO - Processing /home/airflow/.local/lib/python3.8/site-packages/airflow/example_dags/example_sla_dag.py took 0.058 seconds
[2023-09-07T16:23:30.429+0000] {processor.py:157} INFO - Started process (PID=11917) to work on /home/airflow/.local/lib/python3.8/site-packages/airflow/example_dags/example_sla_dag.py
[2023-09-07T16:23:30.430+0000] {processor.py:829} INFO - Processing file /home/airflow/.local/lib/python3.8/site-packages/airflow/example_dags/example_sla_dag.py for tasks to queue
[2023-09-07T16:23:30.431+0000] {logging_mixin.py:151} INFO - [2023-09-07T16:23:30.431+0000] {dagbag.py:539} INFO - Filling up the DagBag from /home/airflow/.local/lib/python3.8/site-packages/airflow/example_dags/example_sla_dag.py
[2023-09-07T16:23:30.438+0000] {processor.py:839} INFO - DAG(s) dict_keys(['example_sla_dag']) retrieved from /home/airflow/.local/lib/python3.8/site-packages/airflow/example_dags/example_sla_dag.py
[2023-09-07T16:23:30.456+0000] {logging_mixin.py:151} INFO - [2023-09-07T16:23:30.456+0000] {dag.py:2907} INFO - Sync 1 DAGs
[2023-09-07T16:23:30.472+0000] {logging_mixin.py:151} INFO - [2023-09-07T16:23:30.471+0000] {dag.py:3677} INFO - Setting next_dagrun for example_sla_dag to 2023-09-07T16:20:00+00:00, run_after=2023-09-07T16:22:00+00:00
[2023-09-07T16:23:30.482+0000] {processor.py:179} INFO - Processing /home/airflow/.local/lib/python3.8/site-packages/airflow/example_dags/example_sla_dag.py took 0.056 seconds
[2023-09-07T16:24:00.953+0000] {processor.py:157} INFO - Started process (PID=12153) to work on /home/airflow/.local/lib/python3.8/site-packages/airflow/example_dags/example_sla_dag.py
[2023-09-07T16:24:00.955+0000] {processor.py:829} INFO - Processing file /home/airflow/.local/lib/python3.8/site-packages/airflow/example_dags/example_sla_dag.py for tasks to queue
[2023-09-07T16:24:00.956+0000] {logging_mixin.py:151} INFO - [2023-09-07T16:24:00.956+0000] {dagbag.py:539} INFO - Filling up the DagBag from /home/airflow/.local/lib/python3.8/site-packages/airflow/example_dags/example_sla_dag.py
[2023-09-07T16:24:00.965+0000] {processor.py:839} INFO - DAG(s) dict_keys(['example_sla_dag']) retrieved from /home/airflow/.local/lib/python3.8/site-packages/airflow/example_dags/example_sla_dag.py
[2023-09-07T16:24:00.985+0000] {logging_mixin.py:151} INFO - [2023-09-07T16:24:00.985+0000] {dag.py:2907} INFO - Sync 1 DAGs
[2023-09-07T16:24:01.002+0000] {logging_mixin.py:151} INFO - [2023-09-07T16:24:01.002+0000] {dag.py:3677} INFO - Setting next_dagrun for example_sla_dag to 2023-09-07T16:22:00+00:00, run_after=2023-09-07T16:24:00+00:00
[2023-09-07T16:24:01.012+0000] {processor.py:179} INFO - Processing /home/airflow/.local/lib/python3.8/site-packages/airflow/example_dags/example_sla_dag.py took 0.063 seconds
[2023-09-07T16:24:31.490+0000] {processor.py:157} INFO - Started process (PID=12393) to work on /home/airflow/.local/lib/python3.8/site-packages/airflow/example_dags/example_sla_dag.py
[2023-09-07T16:24:31.491+0000] {processor.py:829} INFO - Processing file /home/airflow/.local/lib/python3.8/site-packages/airflow/example_dags/example_sla_dag.py for tasks to queue
[2023-09-07T16:24:31.492+0000] {logging_mixin.py:151} INFO - [2023-09-07T16:24:31.492+0000] {dagbag.py:539} INFO - Filling up the DagBag from /home/airflow/.local/lib/python3.8/site-packages/airflow/example_dags/example_sla_dag.py
[2023-09-07T16:24:31.499+0000] {processor.py:839} INFO - DAG(s) dict_keys(['example_sla_dag']) retrieved from /home/airflow/.local/lib/python3.8/site-packages/airflow/example_dags/example_sla_dag.py
[2023-09-07T16:24:31.516+0000] {logging_mixin.py:151} INFO - [2023-09-07T16:24:31.516+0000] {dag.py:2907} INFO - Sync 1 DAGs
[2023-09-07T16:24:31.530+0000] {logging_mixin.py:151} INFO - [2023-09-07T16:24:31.530+0000] {dag.py:3677} INFO - Setting next_dagrun for example_sla_dag to 2023-09-07T16:22:00+00:00, run_after=2023-09-07T16:24:00+00:00
[2023-09-07T16:24:31.541+0000] {processor.py:179} INFO - Processing /home/airflow/.local/lib/python3.8/site-packages/airflow/example_dags/example_sla_dag.py took 0.053 seconds
[2023-09-07T16:25:01.852+0000] {processor.py:157} INFO - Started process (PID=12632) to work on /home/airflow/.local/lib/python3.8/site-packages/airflow/example_dags/example_sla_dag.py
[2023-09-07T16:25:01.853+0000] {processor.py:829} INFO - Processing file /home/airflow/.local/lib/python3.8/site-packages/airflow/example_dags/example_sla_dag.py for tasks to queue
[2023-09-07T16:25:01.855+0000] {logging_mixin.py:151} INFO - [2023-09-07T16:25:01.855+0000] {dagbag.py:539} INFO - Filling up the DagBag from /home/airflow/.local/lib/python3.8/site-packages/airflow/example_dags/example_sla_dag.py
[2023-09-07T16:25:01.865+0000] {processor.py:839} INFO - DAG(s) dict_keys(['example_sla_dag']) retrieved from /home/airflow/.local/lib/python3.8/site-packages/airflow/example_dags/example_sla_dag.py
[2023-09-07T16:25:01.883+0000] {logging_mixin.py:151} INFO - [2023-09-07T16:25:01.883+0000] {dag.py:2907} INFO - Sync 1 DAGs
[2023-09-07T16:25:01.898+0000] {logging_mixin.py:151} INFO - [2023-09-07T16:25:01.898+0000] {dag.py:3677} INFO - Setting next_dagrun for example_sla_dag to 2023-09-07T16:22:00+00:00, run_after=2023-09-07T16:24:00+00:00
[2023-09-07T16:25:01.909+0000] {processor.py:179} INFO - Processing /home/airflow/.local/lib/python3.8/site-packages/airflow/example_dags/example_sla_dag.py took 0.060 seconds
[2023-09-07T16:25:32.371+0000] {processor.py:157} INFO - Started process (PID=12869) to work on /home/airflow/.local/lib/python3.8/site-packages/airflow/example_dags/example_sla_dag.py
[2023-09-07T16:25:32.372+0000] {processor.py:829} INFO - Processing file /home/airflow/.local/lib/python3.8/site-packages/airflow/example_dags/example_sla_dag.py for tasks to queue
[2023-09-07T16:25:32.377+0000] {logging_mixin.py:151} INFO - [2023-09-07T16:25:32.377+0000] {dagbag.py:539} INFO - Filling up the DagBag from /home/airflow/.local/lib/python3.8/site-packages/airflow/example_dags/example_sla_dag.py
[2023-09-07T16:25:32.388+0000] {processor.py:839} INFO - DAG(s) dict_keys(['example_sla_dag']) retrieved from /home/airflow/.local/lib/python3.8/site-packages/airflow/example_dags/example_sla_dag.py
[2023-09-07T16:25:32.407+0000] {logging_mixin.py:151} INFO - [2023-09-07T16:25:32.407+0000] {dag.py:2907} INFO - Sync 1 DAGs
[2023-09-07T16:25:32.424+0000] {logging_mixin.py:151} INFO - [2023-09-07T16:25:32.424+0000] {dag.py:3677} INFO - Setting next_dagrun for example_sla_dag to 2023-09-07T16:22:00+00:00, run_after=2023-09-07T16:24:00+00:00
[2023-09-07T16:25:32.434+0000] {processor.py:179} INFO - Processing /home/airflow/.local/lib/python3.8/site-packages/airflow/example_dags/example_sla_dag.py took 0.066 seconds
[2023-09-07T16:26:02.968+0000] {processor.py:157} INFO - Started process (PID=13107) to work on /home/airflow/.local/lib/python3.8/site-packages/airflow/example_dags/example_sla_dag.py
[2023-09-07T16:26:02.969+0000] {processor.py:829} INFO - Processing file /home/airflow/.local/lib/python3.8/site-packages/airflow/example_dags/example_sla_dag.py for tasks to queue
[2023-09-07T16:26:02.970+0000] {logging_mixin.py:151} INFO - [2023-09-07T16:26:02.970+0000] {dagbag.py:539} INFO - Filling up the DagBag from /home/airflow/.local/lib/python3.8/site-packages/airflow/example_dags/example_sla_dag.py
[2023-09-07T16:26:02.977+0000] {processor.py:839} INFO - DAG(s) dict_keys(['example_sla_dag']) retrieved from /home/airflow/.local/lib/python3.8/site-packages/airflow/example_dags/example_sla_dag.py
[2023-09-07T16:26:02.995+0000] {logging_mixin.py:151} INFO - [2023-09-07T16:26:02.995+0000] {dag.py:2907} INFO - Sync 1 DAGs
[2023-09-07T16:26:03.016+0000] {logging_mixin.py:151} INFO - [2023-09-07T16:26:03.016+0000] {dag.py:3677} INFO - Setting next_dagrun for example_sla_dag to 2023-09-07T16:24:00+00:00, run_after=2023-09-07T16:26:00+00:00
[2023-09-07T16:26:03.025+0000] {processor.py:179} INFO - Processing /home/airflow/.local/lib/python3.8/site-packages/airflow/example_dags/example_sla_dag.py took 0.060 seconds
[2023-09-07T16:26:33.863+0000] {processor.py:157} INFO - Started process (PID=13346) to work on /home/airflow/.local/lib/python3.8/site-packages/airflow/example_dags/example_sla_dag.py
[2023-09-07T16:26:33.864+0000] {processor.py:829} INFO - Processing file /home/airflow/.local/lib/python3.8/site-packages/airflow/example_dags/example_sla_dag.py for tasks to queue
[2023-09-07T16:26:33.867+0000] {logging_mixin.py:151} INFO - [2023-09-07T16:26:33.866+0000] {dagbag.py:539} INFO - Filling up the DagBag from /home/airflow/.local/lib/python3.8/site-packages/airflow/example_dags/example_sla_dag.py
[2023-09-07T16:26:33.877+0000] {processor.py:839} INFO - DAG(s) dict_keys(['example_sla_dag']) retrieved from /home/airflow/.local/lib/python3.8/site-packages/airflow/example_dags/example_sla_dag.py
[2023-09-07T16:26:33.894+0000] {logging_mixin.py:151} INFO - [2023-09-07T16:26:33.894+0000] {dag.py:2907} INFO - Sync 1 DAGs
[2023-09-07T16:26:33.909+0000] {logging_mixin.py:151} INFO - [2023-09-07T16:26:33.909+0000] {dag.py:3677} INFO - Setting next_dagrun for example_sla_dag to 2023-09-07T16:24:00+00:00, run_after=2023-09-07T16:26:00+00:00
[2023-09-07T16:26:33.918+0000] {processor.py:179} INFO - Processing /home/airflow/.local/lib/python3.8/site-packages/airflow/example_dags/example_sla_dag.py took 0.059 seconds
[2023-09-07T16:27:04.124+0000] {processor.py:157} INFO - Started process (PID=13582) to work on /home/airflow/.local/lib/python3.8/site-packages/airflow/example_dags/example_sla_dag.py
[2023-09-07T16:27:04.126+0000] {processor.py:829} INFO - Processing file /home/airflow/.local/lib/python3.8/site-packages/airflow/example_dags/example_sla_dag.py for tasks to queue
[2023-09-07T16:27:04.127+0000] {logging_mixin.py:151} INFO - [2023-09-07T16:27:04.126+0000] {dagbag.py:539} INFO - Filling up the DagBag from /home/airflow/.local/lib/python3.8/site-packages/airflow/example_dags/example_sla_dag.py
[2023-09-07T16:27:04.133+0000] {processor.py:839} INFO - DAG(s) dict_keys(['example_sla_dag']) retrieved from /home/airflow/.local/lib/python3.8/site-packages/airflow/example_dags/example_sla_dag.py
[2023-09-07T16:27:04.152+0000] {logging_mixin.py:151} INFO - [2023-09-07T16:27:04.152+0000] {dag.py:2907} INFO - Sync 1 DAGs
[2023-09-07T16:27:04.168+0000] {logging_mixin.py:151} INFO - [2023-09-07T16:27:04.168+0000] {dag.py:3677} INFO - Setting next_dagrun for example_sla_dag to 2023-09-07T16:24:00+00:00, run_after=2023-09-07T16:26:00+00:00
[2023-09-07T16:27:04.181+0000] {processor.py:179} INFO - Processing /home/airflow/.local/lib/python3.8/site-packages/airflow/example_dags/example_sla_dag.py took 0.059 seconds
[2023-09-07T16:27:34.520+0000] {processor.py:157} INFO - Started process (PID=13821) to work on /home/airflow/.local/lib/python3.8/site-packages/airflow/example_dags/example_sla_dag.py
[2023-09-07T16:27:34.522+0000] {processor.py:829} INFO - Processing file /home/airflow/.local/lib/python3.8/site-packages/airflow/example_dags/example_sla_dag.py for tasks to queue
[2023-09-07T16:27:34.523+0000] {logging_mixin.py:151} INFO - [2023-09-07T16:27:34.523+0000] {dagbag.py:539} INFO - Filling up the DagBag from /home/airflow/.local/lib/python3.8/site-packages/airflow/example_dags/example_sla_dag.py
[2023-09-07T16:27:34.530+0000] {processor.py:839} INFO - DAG(s) dict_keys(['example_sla_dag']) retrieved from /home/airflow/.local/lib/python3.8/site-packages/airflow/example_dags/example_sla_dag.py
[2023-09-07T16:27:34.546+0000] {logging_mixin.py:151} INFO - [2023-09-07T16:27:34.546+0000] {dag.py:2907} INFO - Sync 1 DAGs
[2023-09-07T16:27:34.562+0000] {logging_mixin.py:151} INFO - [2023-09-07T16:27:34.562+0000] {dag.py:3677} INFO - Setting next_dagrun for example_sla_dag to 2023-09-07T16:24:00+00:00, run_after=2023-09-07T16:26:00+00:00
[2023-09-07T16:27:34.572+0000] {processor.py:179} INFO - Processing /home/airflow/.local/lib/python3.8/site-packages/airflow/example_dags/example_sla_dag.py took 0.054 seconds
[2023-09-07T16:28:04.978+0000] {processor.py:157} INFO - Started process (PID=14059) to work on /home/airflow/.local/lib/python3.8/site-packages/airflow/example_dags/example_sla_dag.py
[2023-09-07T16:28:04.980+0000] {processor.py:829} INFO - Processing file /home/airflow/.local/lib/python3.8/site-packages/airflow/example_dags/example_sla_dag.py for tasks to queue
[2023-09-07T16:28:04.981+0000] {logging_mixin.py:151} INFO - [2023-09-07T16:28:04.980+0000] {dagbag.py:539} INFO - Filling up the DagBag from /home/airflow/.local/lib/python3.8/site-packages/airflow/example_dags/example_sla_dag.py
[2023-09-07T16:28:04.987+0000] {processor.py:839} INFO - DAG(s) dict_keys(['example_sla_dag']) retrieved from /home/airflow/.local/lib/python3.8/site-packages/airflow/example_dags/example_sla_dag.py
[2023-09-07T16:28:05.004+0000] {logging_mixin.py:151} INFO - [2023-09-07T16:28:05.004+0000] {dag.py:2907} INFO - Sync 1 DAGs
[2023-09-07T16:28:05.020+0000] {logging_mixin.py:151} INFO - [2023-09-07T16:28:05.020+0000] {dag.py:3677} INFO - Setting next_dagrun for example_sla_dag to 2023-09-07T16:26:00+00:00, run_after=2023-09-07T16:28:00+00:00
[2023-09-07T16:28:05.031+0000] {processor.py:179} INFO - Processing /home/airflow/.local/lib/python3.8/site-packages/airflow/example_dags/example_sla_dag.py took 0.056 seconds
[2023-09-07T16:28:35.518+0000] {processor.py:157} INFO - Started process (PID=14297) to work on /home/airflow/.local/lib/python3.8/site-packages/airflow/example_dags/example_sla_dag.py
[2023-09-07T16:28:35.519+0000] {processor.py:829} INFO - Processing file /home/airflow/.local/lib/python3.8/site-packages/airflow/example_dags/example_sla_dag.py for tasks to queue
[2023-09-07T16:28:35.521+0000] {logging_mixin.py:151} INFO - [2023-09-07T16:28:35.520+0000] {dagbag.py:539} INFO - Filling up the DagBag from /home/airflow/.local/lib/python3.8/site-packages/airflow/example_dags/example_sla_dag.py
[2023-09-07T16:28:35.527+0000] {processor.py:839} INFO - DAG(s) dict_keys(['example_sla_dag']) retrieved from /home/airflow/.local/lib/python3.8/site-packages/airflow/example_dags/example_sla_dag.py
[2023-09-07T16:28:35.546+0000] {logging_mixin.py:151} INFO - [2023-09-07T16:28:35.546+0000] {dag.py:2907} INFO - Sync 1 DAGs
[2023-09-07T16:28:35.564+0000] {logging_mixin.py:151} INFO - [2023-09-07T16:28:35.564+0000] {dag.py:3677} INFO - Setting next_dagrun for example_sla_dag to 2023-09-07T16:26:00+00:00, run_after=2023-09-07T16:28:00+00:00
[2023-09-07T16:28:35.575+0000] {processor.py:179} INFO - Processing /home/airflow/.local/lib/python3.8/site-packages/airflow/example_dags/example_sla_dag.py took 0.060 seconds
[2023-09-07T16:29:07.335+0000] {processor.py:157} INFO - Started process (PID=14534) to work on /home/airflow/.local/lib/python3.8/site-packages/airflow/example_dags/example_sla_dag.py
[2023-09-07T16:29:07.336+0000] {processor.py:829} INFO - Processing file /home/airflow/.local/lib/python3.8/site-packages/airflow/example_dags/example_sla_dag.py for tasks to queue
[2023-09-07T16:29:07.337+0000] {logging_mixin.py:151} INFO - [2023-09-07T16:29:07.337+0000] {dagbag.py:539} INFO - Filling up the DagBag from /home/airflow/.local/lib/python3.8/site-packages/airflow/example_dags/example_sla_dag.py
[2023-09-07T16:29:07.344+0000] {processor.py:839} INFO - DAG(s) dict_keys(['example_sla_dag']) retrieved from /home/airflow/.local/lib/python3.8/site-packages/airflow/example_dags/example_sla_dag.py
[2023-09-07T16:29:07.361+0000] {logging_mixin.py:151} INFO - [2023-09-07T16:29:07.361+0000] {dag.py:2907} INFO - Sync 1 DAGs
[2023-09-07T16:29:07.375+0000] {logging_mixin.py:151} INFO - [2023-09-07T16:29:07.375+0000] {dag.py:3677} INFO - Setting next_dagrun for example_sla_dag to 2023-09-07T16:26:00+00:00, run_after=2023-09-07T16:28:00+00:00
[2023-09-07T16:29:07.385+0000] {processor.py:179} INFO - Processing /home/airflow/.local/lib/python3.8/site-packages/airflow/example_dags/example_sla_dag.py took 0.053 seconds
[2023-09-07T16:30:58.566+0000] {processor.py:157} INFO - Started process (PID=14770) to work on /home/airflow/.local/lib/python3.8/site-packages/airflow/example_dags/example_sla_dag.py
[2023-09-07T16:30:58.568+0000] {processor.py:829} INFO - Processing file /home/airflow/.local/lib/python3.8/site-packages/airflow/example_dags/example_sla_dag.py for tasks to queue
[2023-09-07T16:30:58.569+0000] {logging_mixin.py:151} INFO - [2023-09-07T16:30:58.569+0000] {dagbag.py:539} INFO - Filling up the DagBag from /home/airflow/.local/lib/python3.8/site-packages/airflow/example_dags/example_sla_dag.py
[2023-09-07T16:30:58.586+0000] {processor.py:839} INFO - DAG(s) dict_keys(['example_sla_dag']) retrieved from /home/airflow/.local/lib/python3.8/site-packages/airflow/example_dags/example_sla_dag.py
[2023-09-07T16:30:58.630+0000] {logging_mixin.py:151} INFO - [2023-09-07T16:30:58.629+0000] {dag.py:2907} INFO - Sync 1 DAGs
[2023-09-07T16:30:58.657+0000] {logging_mixin.py:151} INFO - [2023-09-07T16:30:58.657+0000] {dag.py:3677} INFO - Setting next_dagrun for example_sla_dag to 2023-09-07T16:28:00+00:00, run_after=2023-09-07T16:30:00+00:00
[2023-09-07T16:30:58.674+0000] {processor.py:179} INFO - Processing /home/airflow/.local/lib/python3.8/site-packages/airflow/example_dags/example_sla_dag.py took 0.112 seconds
[2023-09-07T16:31:29.441+0000] {processor.py:157} INFO - Started process (PID=15008) to work on /home/airflow/.local/lib/python3.8/site-packages/airflow/example_dags/example_sla_dag.py
[2023-09-07T16:31:29.443+0000] {processor.py:829} INFO - Processing file /home/airflow/.local/lib/python3.8/site-packages/airflow/example_dags/example_sla_dag.py for tasks to queue
[2023-09-07T16:31:29.444+0000] {logging_mixin.py:151} INFO - [2023-09-07T16:31:29.444+0000] {dagbag.py:539} INFO - Filling up the DagBag from /home/airflow/.local/lib/python3.8/site-packages/airflow/example_dags/example_sla_dag.py
[2023-09-07T16:31:29.451+0000] {processor.py:839} INFO - DAG(s) dict_keys(['example_sla_dag']) retrieved from /home/airflow/.local/lib/python3.8/site-packages/airflow/example_dags/example_sla_dag.py
[2023-09-07T16:31:29.469+0000] {logging_mixin.py:151} INFO - [2023-09-07T16:31:29.469+0000] {dag.py:2907} INFO - Sync 1 DAGs
[2023-09-07T16:31:29.485+0000] {logging_mixin.py:151} INFO - [2023-09-07T16:31:29.484+0000] {dag.py:3677} INFO - Setting next_dagrun for example_sla_dag to 2023-09-07T16:28:00+00:00, run_after=2023-09-07T16:30:00+00:00
[2023-09-07T16:31:29.495+0000] {processor.py:179} INFO - Processing /home/airflow/.local/lib/python3.8/site-packages/airflow/example_dags/example_sla_dag.py took 0.057 seconds
[2023-09-07T16:32:00.285+0000] {processor.py:157} INFO - Started process (PID=15246) to work on /home/airflow/.local/lib/python3.8/site-packages/airflow/example_dags/example_sla_dag.py
[2023-09-07T16:32:00.286+0000] {processor.py:829} INFO - Processing file /home/airflow/.local/lib/python3.8/site-packages/airflow/example_dags/example_sla_dag.py for tasks to queue
[2023-09-07T16:32:00.287+0000] {logging_mixin.py:151} INFO - [2023-09-07T16:32:00.287+0000] {dagbag.py:539} INFO - Filling up the DagBag from /home/airflow/.local/lib/python3.8/site-packages/airflow/example_dags/example_sla_dag.py
[2023-09-07T16:32:00.294+0000] {processor.py:839} INFO - DAG(s) dict_keys(['example_sla_dag']) retrieved from /home/airflow/.local/lib/python3.8/site-packages/airflow/example_dags/example_sla_dag.py
[2023-09-07T16:32:00.311+0000] {logging_mixin.py:151} INFO - [2023-09-07T16:32:00.311+0000] {dag.py:2907} INFO - Sync 1 DAGs
[2023-09-07T16:32:00.328+0000] {logging_mixin.py:151} INFO - [2023-09-07T16:32:00.328+0000] {dag.py:3677} INFO - Setting next_dagrun for example_sla_dag to 2023-09-07T16:30:00+00:00, run_after=2023-09-07T16:32:00+00:00
[2023-09-07T16:32:00.338+0000] {processor.py:179} INFO - Processing /home/airflow/.local/lib/python3.8/site-packages/airflow/example_dags/example_sla_dag.py took 0.056 seconds
[2023-09-07T16:32:32.160+0000] {processor.py:157} INFO - Started process (PID=15484) to work on /home/airflow/.local/lib/python3.8/site-packages/airflow/example_dags/example_sla_dag.py
[2023-09-07T16:32:32.162+0000] {processor.py:829} INFO - Processing file /home/airflow/.local/lib/python3.8/site-packages/airflow/example_dags/example_sla_dag.py for tasks to queue
[2023-09-07T16:32:32.165+0000] {logging_mixin.py:151} INFO - [2023-09-07T16:32:32.164+0000] {dagbag.py:539} INFO - Filling up the DagBag from /home/airflow/.local/lib/python3.8/site-packages/airflow/example_dags/example_sla_dag.py
[2023-09-07T16:32:32.197+0000] {processor.py:839} INFO - DAG(s) dict_keys(['example_sla_dag']) retrieved from /home/airflow/.local/lib/python3.8/site-packages/airflow/example_dags/example_sla_dag.py
[2023-09-07T16:32:32.227+0000] {logging_mixin.py:151} INFO - [2023-09-07T16:32:32.226+0000] {dag.py:2907} INFO - Sync 1 DAGs
[2023-09-07T16:32:32.248+0000] {logging_mixin.py:151} INFO - [2023-09-07T16:32:32.247+0000] {dag.py:3677} INFO - Setting next_dagrun for example_sla_dag to 2023-09-07T16:30:00+00:00, run_after=2023-09-07T16:32:00+00:00
[2023-09-07T16:32:32.262+0000] {processor.py:179} INFO - Processing /home/airflow/.local/lib/python3.8/site-packages/airflow/example_dags/example_sla_dag.py took 0.106 seconds
[2023-09-07T16:33:02.842+0000] {processor.py:157} INFO - Started process (PID=15723) to work on /home/airflow/.local/lib/python3.8/site-packages/airflow/example_dags/example_sla_dag.py
[2023-09-07T16:33:02.856+0000] {processor.py:829} INFO - Processing file /home/airflow/.local/lib/python3.8/site-packages/airflow/example_dags/example_sla_dag.py for tasks to queue
[2023-09-07T16:33:02.865+0000] {logging_mixin.py:151} INFO - [2023-09-07T16:33:02.864+0000] {dagbag.py:539} INFO - Filling up the DagBag from /home/airflow/.local/lib/python3.8/site-packages/airflow/example_dags/example_sla_dag.py
[2023-09-07T16:33:02.891+0000] {processor.py:839} INFO - DAG(s) dict_keys(['example_sla_dag']) retrieved from /home/airflow/.local/lib/python3.8/site-packages/airflow/example_dags/example_sla_dag.py
[2023-09-07T16:33:03.016+0000] {logging_mixin.py:151} INFO - [2023-09-07T16:33:03.015+0000] {dag.py:2907} INFO - Sync 1 DAGs
[2023-09-07T16:33:03.089+0000] {logging_mixin.py:151} INFO - [2023-09-07T16:33:03.089+0000] {dag.py:3677} INFO - Setting next_dagrun for example_sla_dag to 2023-09-07T16:30:00+00:00, run_after=2023-09-07T16:32:00+00:00
[2023-09-07T16:33:03.124+0000] {processor.py:179} INFO - Processing /home/airflow/.local/lib/python3.8/site-packages/airflow/example_dags/example_sla_dag.py took 0.308 seconds
[2023-09-07T16:33:33.400+0000] {processor.py:157} INFO - Started process (PID=15960) to work on /home/airflow/.local/lib/python3.8/site-packages/airflow/example_dags/example_sla_dag.py
[2023-09-07T16:33:33.403+0000] {processor.py:829} INFO - Processing file /home/airflow/.local/lib/python3.8/site-packages/airflow/example_dags/example_sla_dag.py for tasks to queue
[2023-09-07T16:33:33.405+0000] {logging_mixin.py:151} INFO - [2023-09-07T16:33:33.404+0000] {dagbag.py:539} INFO - Filling up the DagBag from /home/airflow/.local/lib/python3.8/site-packages/airflow/example_dags/example_sla_dag.py
[2023-09-07T16:33:33.425+0000] {processor.py:839} INFO - DAG(s) dict_keys(['example_sla_dag']) retrieved from /home/airflow/.local/lib/python3.8/site-packages/airflow/example_dags/example_sla_dag.py
[2023-09-07T16:33:33.736+0000] {logging_mixin.py:151} INFO - [2023-09-07T16:33:33.735+0000] {dag.py:2907} INFO - Sync 1 DAGs
[2023-09-07T16:33:33.804+0000] {logging_mixin.py:151} INFO - [2023-09-07T16:33:33.803+0000] {dag.py:3677} INFO - Setting next_dagrun for example_sla_dag to 2023-09-07T16:30:00+00:00, run_after=2023-09-07T16:32:00+00:00
[2023-09-07T16:33:33.854+0000] {processor.py:179} INFO - Processing /home/airflow/.local/lib/python3.8/site-packages/airflow/example_dags/example_sla_dag.py took 0.460 seconds
[2023-09-07T16:34:04.636+0000] {processor.py:157} INFO - Started process (PID=16198) to work on /home/airflow/.local/lib/python3.8/site-packages/airflow/example_dags/example_sla_dag.py
[2023-09-07T16:34:04.637+0000] {processor.py:829} INFO - Processing file /home/airflow/.local/lib/python3.8/site-packages/airflow/example_dags/example_sla_dag.py for tasks to queue
[2023-09-07T16:34:04.638+0000] {logging_mixin.py:151} INFO - [2023-09-07T16:34:04.638+0000] {dagbag.py:539} INFO - Filling up the DagBag from /home/airflow/.local/lib/python3.8/site-packages/airflow/example_dags/example_sla_dag.py
[2023-09-07T16:34:04.646+0000] {processor.py:839} INFO - DAG(s) dict_keys(['example_sla_dag']) retrieved from /home/airflow/.local/lib/python3.8/site-packages/airflow/example_dags/example_sla_dag.py
[2023-09-07T16:34:04.665+0000] {logging_mixin.py:151} INFO - [2023-09-07T16:34:04.665+0000] {dag.py:2907} INFO - Sync 1 DAGs
[2023-09-07T16:34:04.683+0000] {logging_mixin.py:151} INFO - [2023-09-07T16:34:04.683+0000] {dag.py:3677} INFO - Setting next_dagrun for example_sla_dag to 2023-09-07T16:32:00+00:00, run_after=2023-09-07T16:34:00+00:00
[2023-09-07T16:34:04.709+0000] {processor.py:179} INFO - Processing /home/airflow/.local/lib/python3.8/site-packages/airflow/example_dags/example_sla_dag.py took 0.077 seconds
[2023-09-07T16:34:35.076+0000] {processor.py:157} INFO - Started process (PID=16438) to work on /home/airflow/.local/lib/python3.8/site-packages/airflow/example_dags/example_sla_dag.py
[2023-09-07T16:34:35.077+0000] {processor.py:829} INFO - Processing file /home/airflow/.local/lib/python3.8/site-packages/airflow/example_dags/example_sla_dag.py for tasks to queue
[2023-09-07T16:34:35.078+0000] {logging_mixin.py:151} INFO - [2023-09-07T16:34:35.078+0000] {dagbag.py:539} INFO - Filling up the DagBag from /home/airflow/.local/lib/python3.8/site-packages/airflow/example_dags/example_sla_dag.py
[2023-09-07T16:34:35.087+0000] {processor.py:839} INFO - DAG(s) dict_keys(['example_sla_dag']) retrieved from /home/airflow/.local/lib/python3.8/site-packages/airflow/example_dags/example_sla_dag.py
[2023-09-07T16:34:35.117+0000] {logging_mixin.py:151} INFO - [2023-09-07T16:34:35.117+0000] {dag.py:2907} INFO - Sync 1 DAGs
[2023-09-07T16:34:35.136+0000] {logging_mixin.py:151} INFO - [2023-09-07T16:34:35.136+0000] {dag.py:3677} INFO - Setting next_dagrun for example_sla_dag to 2023-09-07T16:32:00+00:00, run_after=2023-09-07T16:34:00+00:00
[2023-09-07T16:34:35.148+0000] {processor.py:179} INFO - Processing /home/airflow/.local/lib/python3.8/site-packages/airflow/example_dags/example_sla_dag.py took 0.076 seconds
[2023-09-07T16:35:06.264+0000] {processor.py:157} INFO - Started process (PID=16674) to work on /home/airflow/.local/lib/python3.8/site-packages/airflow/example_dags/example_sla_dag.py
[2023-09-07T16:35:06.265+0000] {processor.py:829} INFO - Processing file /home/airflow/.local/lib/python3.8/site-packages/airflow/example_dags/example_sla_dag.py for tasks to queue
[2023-09-07T16:35:06.267+0000] {logging_mixin.py:151} INFO - [2023-09-07T16:35:06.266+0000] {dagbag.py:539} INFO - Filling up the DagBag from /home/airflow/.local/lib/python3.8/site-packages/airflow/example_dags/example_sla_dag.py
[2023-09-07T16:35:06.274+0000] {processor.py:839} INFO - DAG(s) dict_keys(['example_sla_dag']) retrieved from /home/airflow/.local/lib/python3.8/site-packages/airflow/example_dags/example_sla_dag.py
[2023-09-07T16:35:06.294+0000] {logging_mixin.py:151} INFO - [2023-09-07T16:35:06.294+0000] {dag.py:2907} INFO - Sync 1 DAGs
[2023-09-07T16:35:06.316+0000] {logging_mixin.py:151} INFO - [2023-09-07T16:35:06.316+0000] {dag.py:3677} INFO - Setting next_dagrun for example_sla_dag to 2023-09-07T16:32:00+00:00, run_after=2023-09-07T16:34:00+00:00
[2023-09-07T16:35:06.336+0000] {processor.py:179} INFO - Processing /home/airflow/.local/lib/python3.8/site-packages/airflow/example_dags/example_sla_dag.py took 0.075 seconds
