[2023-09-07T15:58:24.618+0000] {processor.py:157} INFO - Started process (PID=218) to work on /home/airflow/.local/lib/python3.8/site-packages/airflow/example_dags/example_trigger_target_dag.py
[2023-09-07T15:58:24.619+0000] {processor.py:829} INFO - Processing file /home/airflow/.local/lib/python3.8/site-packages/airflow/example_dags/example_trigger_target_dag.py for tasks to queue
[2023-09-07T15:58:24.621+0000] {logging_mixin.py:151} INFO - [2023-09-07T15:58:24.620+0000] {dagbag.py:539} INFO - Filling up the DagBag from /home/airflow/.local/lib/python3.8/site-packages/airflow/example_dags/example_trigger_target_dag.py
[2023-09-07T15:58:24.626+0000] {processor.py:839} INFO - DAG(s) dict_keys(['example_trigger_target_dag']) retrieved from /home/airflow/.local/lib/python3.8/site-packages/airflow/example_dags/example_trigger_target_dag.py
[2023-09-07T15:58:24.642+0000] {logging_mixin.py:151} INFO - [2023-09-07T15:58:24.642+0000] {dag.py:2907} INFO - Sync 1 DAGs
[2023-09-07T15:58:24.659+0000] {logging_mixin.py:151} INFO - [2023-09-07T15:58:24.659+0000] {dag.py:3677} INFO - Setting next_dagrun for example_trigger_target_dag to None, run_after=None
[2023-09-07T15:58:24.673+0000] {processor.py:179} INFO - Processing /home/airflow/.local/lib/python3.8/site-packages/airflow/example_dags/example_trigger_target_dag.py took 0.058 seconds
[2023-09-07T15:58:55.760+0000] {processor.py:157} INFO - Started process (PID=457) to work on /home/airflow/.local/lib/python3.8/site-packages/airflow/example_dags/example_trigger_target_dag.py
[2023-09-07T15:58:55.761+0000] {processor.py:829} INFO - Processing file /home/airflow/.local/lib/python3.8/site-packages/airflow/example_dags/example_trigger_target_dag.py for tasks to queue
[2023-09-07T15:58:55.762+0000] {logging_mixin.py:151} INFO - [2023-09-07T15:58:55.762+0000] {dagbag.py:539} INFO - Filling up the DagBag from /home/airflow/.local/lib/python3.8/site-packages/airflow/example_dags/example_trigger_target_dag.py
[2023-09-07T15:58:55.767+0000] {processor.py:839} INFO - DAG(s) dict_keys(['example_trigger_target_dag']) retrieved from /home/airflow/.local/lib/python3.8/site-packages/airflow/example_dags/example_trigger_target_dag.py
[2023-09-07T15:58:55.785+0000] {logging_mixin.py:151} INFO - [2023-09-07T15:58:55.784+0000] {dag.py:2907} INFO - Sync 1 DAGs
[2023-09-07T15:58:55.792+0000] {logging_mixin.py:151} INFO - [2023-09-07T15:58:55.792+0000] {dag.py:3677} INFO - Setting next_dagrun for example_trigger_target_dag to None, run_after=None
[2023-09-07T15:58:55.803+0000] {processor.py:179} INFO - Processing /home/airflow/.local/lib/python3.8/site-packages/airflow/example_dags/example_trigger_target_dag.py took 0.046 seconds
[2023-09-07T15:59:27.170+0000] {processor.py:157} INFO - Started process (PID=693) to work on /home/airflow/.local/lib/python3.8/site-packages/airflow/example_dags/example_trigger_target_dag.py
[2023-09-07T15:59:27.175+0000] {processor.py:829} INFO - Processing file /home/airflow/.local/lib/python3.8/site-packages/airflow/example_dags/example_trigger_target_dag.py for tasks to queue
[2023-09-07T15:59:27.177+0000] {logging_mixin.py:151} INFO - [2023-09-07T15:59:27.176+0000] {dagbag.py:539} INFO - Filling up the DagBag from /home/airflow/.local/lib/python3.8/site-packages/airflow/example_dags/example_trigger_target_dag.py
[2023-09-07T15:59:27.189+0000] {processor.py:839} INFO - DAG(s) dict_keys(['example_trigger_target_dag']) retrieved from /home/airflow/.local/lib/python3.8/site-packages/airflow/example_dags/example_trigger_target_dag.py
[2023-09-07T15:59:27.430+0000] {logging_mixin.py:151} INFO - [2023-09-07T15:59:27.429+0000] {dag.py:2907} INFO - Sync 1 DAGs
[2023-09-07T15:59:27.447+0000] {logging_mixin.py:151} INFO - [2023-09-07T15:59:27.447+0000] {dag.py:3677} INFO - Setting next_dagrun for example_trigger_target_dag to None, run_after=None
[2023-09-07T15:59:27.495+0000] {processor.py:179} INFO - Processing /home/airflow/.local/lib/python3.8/site-packages/airflow/example_dags/example_trigger_target_dag.py took 0.332 seconds
[2023-09-07T15:59:58.855+0000] {processor.py:157} INFO - Started process (PID=931) to work on /home/airflow/.local/lib/python3.8/site-packages/airflow/example_dags/example_trigger_target_dag.py
[2023-09-07T15:59:58.858+0000] {processor.py:829} INFO - Processing file /home/airflow/.local/lib/python3.8/site-packages/airflow/example_dags/example_trigger_target_dag.py for tasks to queue
[2023-09-07T15:59:58.859+0000] {logging_mixin.py:151} INFO - [2023-09-07T15:59:58.859+0000] {dagbag.py:539} INFO - Filling up the DagBag from /home/airflow/.local/lib/python3.8/site-packages/airflow/example_dags/example_trigger_target_dag.py
[2023-09-07T15:59:58.866+0000] {processor.py:839} INFO - DAG(s) dict_keys(['example_trigger_target_dag']) retrieved from /home/airflow/.local/lib/python3.8/site-packages/airflow/example_dags/example_trigger_target_dag.py
[2023-09-07T15:59:58.911+0000] {logging_mixin.py:151} INFO - [2023-09-07T15:59:58.911+0000] {dag.py:2907} INFO - Sync 1 DAGs
[2023-09-07T15:59:58.929+0000] {logging_mixin.py:151} INFO - [2023-09-07T15:59:58.929+0000] {dag.py:3677} INFO - Setting next_dagrun for example_trigger_target_dag to None, run_after=None
[2023-09-07T15:59:58.948+0000] {processor.py:179} INFO - Processing /home/airflow/.local/lib/python3.8/site-packages/airflow/example_dags/example_trigger_target_dag.py took 0.096 seconds
[2023-09-07T16:00:29.429+0000] {processor.py:157} INFO - Started process (PID=1168) to work on /home/airflow/.local/lib/python3.8/site-packages/airflow/example_dags/example_trigger_target_dag.py
[2023-09-07T16:00:29.430+0000] {processor.py:829} INFO - Processing file /home/airflow/.local/lib/python3.8/site-packages/airflow/example_dags/example_trigger_target_dag.py for tasks to queue
[2023-09-07T16:00:29.432+0000] {logging_mixin.py:151} INFO - [2023-09-07T16:00:29.431+0000] {dagbag.py:539} INFO - Filling up the DagBag from /home/airflow/.local/lib/python3.8/site-packages/airflow/example_dags/example_trigger_target_dag.py
[2023-09-07T16:00:29.437+0000] {processor.py:839} INFO - DAG(s) dict_keys(['example_trigger_target_dag']) retrieved from /home/airflow/.local/lib/python3.8/site-packages/airflow/example_dags/example_trigger_target_dag.py
[2023-09-07T16:00:29.454+0000] {logging_mixin.py:151} INFO - [2023-09-07T16:00:29.454+0000] {dag.py:2907} INFO - Sync 1 DAGs
[2023-09-07T16:00:29.462+0000] {logging_mixin.py:151} INFO - [2023-09-07T16:00:29.462+0000] {dag.py:3677} INFO - Setting next_dagrun for example_trigger_target_dag to None, run_after=None
[2023-09-07T16:00:29.472+0000] {processor.py:179} INFO - Processing /home/airflow/.local/lib/python3.8/site-packages/airflow/example_dags/example_trigger_target_dag.py took 0.046 seconds
[2023-09-07T16:01:00.337+0000] {processor.py:157} INFO - Started process (PID=1430) to work on /home/airflow/.local/lib/python3.8/site-packages/airflow/example_dags/example_trigger_target_dag.py
[2023-09-07T16:01:00.339+0000] {processor.py:829} INFO - Processing file /home/airflow/.local/lib/python3.8/site-packages/airflow/example_dags/example_trigger_target_dag.py for tasks to queue
[2023-09-07T16:01:00.340+0000] {logging_mixin.py:151} INFO - [2023-09-07T16:01:00.339+0000] {dagbag.py:539} INFO - Filling up the DagBag from /home/airflow/.local/lib/python3.8/site-packages/airflow/example_dags/example_trigger_target_dag.py
[2023-09-07T16:01:00.345+0000] {processor.py:839} INFO - DAG(s) dict_keys(['example_trigger_target_dag']) retrieved from /home/airflow/.local/lib/python3.8/site-packages/airflow/example_dags/example_trigger_target_dag.py
[2023-09-07T16:01:00.369+0000] {logging_mixin.py:151} INFO - [2023-09-07T16:01:00.368+0000] {dag.py:2907} INFO - Sync 1 DAGs
[2023-09-07T16:01:00.384+0000] {logging_mixin.py:151} INFO - [2023-09-07T16:01:00.384+0000] {dag.py:3677} INFO - Setting next_dagrun for example_trigger_target_dag to None, run_after=None
[2023-09-07T16:01:00.398+0000] {processor.py:179} INFO - Processing /home/airflow/.local/lib/python3.8/site-packages/airflow/example_dags/example_trigger_target_dag.py took 0.064 seconds
[2023-09-07T16:01:30.987+0000] {processor.py:157} INFO - Started process (PID=1668) to work on /home/airflow/.local/lib/python3.8/site-packages/airflow/example_dags/example_trigger_target_dag.py
[2023-09-07T16:01:30.990+0000] {processor.py:829} INFO - Processing file /home/airflow/.local/lib/python3.8/site-packages/airflow/example_dags/example_trigger_target_dag.py for tasks to queue
[2023-09-07T16:01:30.992+0000] {logging_mixin.py:151} INFO - [2023-09-07T16:01:30.991+0000] {dagbag.py:539} INFO - Filling up the DagBag from /home/airflow/.local/lib/python3.8/site-packages/airflow/example_dags/example_trigger_target_dag.py
[2023-09-07T16:01:30.998+0000] {processor.py:839} INFO - DAG(s) dict_keys(['example_trigger_target_dag']) retrieved from /home/airflow/.local/lib/python3.8/site-packages/airflow/example_dags/example_trigger_target_dag.py
[2023-09-07T16:01:31.021+0000] {logging_mixin.py:151} INFO - [2023-09-07T16:01:31.021+0000] {dag.py:2907} INFO - Sync 1 DAGs
[2023-09-07T16:01:31.031+0000] {logging_mixin.py:151} INFO - [2023-09-07T16:01:31.030+0000] {dag.py:3677} INFO - Setting next_dagrun for example_trigger_target_dag to None, run_after=None
[2023-09-07T16:01:31.046+0000] {processor.py:179} INFO - Processing /home/airflow/.local/lib/python3.8/site-packages/airflow/example_dags/example_trigger_target_dag.py took 0.064 seconds
[2023-09-07T16:02:02.194+0000] {processor.py:157} INFO - Started process (PID=1906) to work on /home/airflow/.local/lib/python3.8/site-packages/airflow/example_dags/example_trigger_target_dag.py
[2023-09-07T16:02:02.200+0000] {processor.py:829} INFO - Processing file /home/airflow/.local/lib/python3.8/site-packages/airflow/example_dags/example_trigger_target_dag.py for tasks to queue
[2023-09-07T16:02:02.207+0000] {logging_mixin.py:151} INFO - [2023-09-07T16:02:02.206+0000] {dagbag.py:539} INFO - Filling up the DagBag from /home/airflow/.local/lib/python3.8/site-packages/airflow/example_dags/example_trigger_target_dag.py
[2023-09-07T16:02:02.234+0000] {processor.py:839} INFO - DAG(s) dict_keys(['example_trigger_target_dag']) retrieved from /home/airflow/.local/lib/python3.8/site-packages/airflow/example_dags/example_trigger_target_dag.py
[2023-09-07T16:02:02.276+0000] {logging_mixin.py:151} INFO - [2023-09-07T16:02:02.275+0000] {dag.py:2907} INFO - Sync 1 DAGs
[2023-09-07T16:02:02.303+0000] {logging_mixin.py:151} INFO - [2023-09-07T16:02:02.302+0000] {dag.py:3677} INFO - Setting next_dagrun for example_trigger_target_dag to None, run_after=None
[2023-09-07T16:02:02.320+0000] {processor.py:179} INFO - Processing /home/airflow/.local/lib/python3.8/site-packages/airflow/example_dags/example_trigger_target_dag.py took 0.140 seconds
[2023-09-07T16:02:32.734+0000] {processor.py:157} INFO - Started process (PID=2144) to work on /home/airflow/.local/lib/python3.8/site-packages/airflow/example_dags/example_trigger_target_dag.py
[2023-09-07T16:02:32.736+0000] {processor.py:829} INFO - Processing file /home/airflow/.local/lib/python3.8/site-packages/airflow/example_dags/example_trigger_target_dag.py for tasks to queue
[2023-09-07T16:02:32.737+0000] {logging_mixin.py:151} INFO - [2023-09-07T16:02:32.736+0000] {dagbag.py:539} INFO - Filling up the DagBag from /home/airflow/.local/lib/python3.8/site-packages/airflow/example_dags/example_trigger_target_dag.py
[2023-09-07T16:02:32.744+0000] {processor.py:839} INFO - DAG(s) dict_keys(['example_trigger_target_dag']) retrieved from /home/airflow/.local/lib/python3.8/site-packages/airflow/example_dags/example_trigger_target_dag.py
[2023-09-07T16:02:32.766+0000] {logging_mixin.py:151} INFO - [2023-09-07T16:02:32.766+0000] {dag.py:2907} INFO - Sync 1 DAGs
[2023-09-07T16:02:32.775+0000] {logging_mixin.py:151} INFO - [2023-09-07T16:02:32.775+0000] {dag.py:3677} INFO - Setting next_dagrun for example_trigger_target_dag to None, run_after=None
[2023-09-07T16:02:32.786+0000] {processor.py:179} INFO - Processing /home/airflow/.local/lib/python3.8/site-packages/airflow/example_dags/example_trigger_target_dag.py took 0.055 seconds
[2023-09-07T16:03:02.903+0000] {processor.py:157} INFO - Started process (PID=2384) to work on /home/airflow/.local/lib/python3.8/site-packages/airflow/example_dags/example_trigger_target_dag.py
[2023-09-07T16:03:02.904+0000] {processor.py:829} INFO - Processing file /home/airflow/.local/lib/python3.8/site-packages/airflow/example_dags/example_trigger_target_dag.py for tasks to queue
[2023-09-07T16:03:02.906+0000] {logging_mixin.py:151} INFO - [2023-09-07T16:03:02.905+0000] {dagbag.py:539} INFO - Filling up the DagBag from /home/airflow/.local/lib/python3.8/site-packages/airflow/example_dags/example_trigger_target_dag.py
[2023-09-07T16:03:02.911+0000] {processor.py:839} INFO - DAG(s) dict_keys(['example_trigger_target_dag']) retrieved from /home/airflow/.local/lib/python3.8/site-packages/airflow/example_dags/example_trigger_target_dag.py
[2023-09-07T16:03:02.928+0000] {logging_mixin.py:151} INFO - [2023-09-07T16:03:02.928+0000] {dag.py:2907} INFO - Sync 1 DAGs
[2023-09-07T16:03:02.937+0000] {logging_mixin.py:151} INFO - [2023-09-07T16:03:02.936+0000] {dag.py:3677} INFO - Setting next_dagrun for example_trigger_target_dag to None, run_after=None
[2023-09-07T16:03:02.949+0000] {processor.py:179} INFO - Processing /home/airflow/.local/lib/python3.8/site-packages/airflow/example_dags/example_trigger_target_dag.py took 0.048 seconds
[2023-09-07T16:03:33.076+0000] {processor.py:157} INFO - Started process (PID=2620) to work on /home/airflow/.local/lib/python3.8/site-packages/airflow/example_dags/example_trigger_target_dag.py
[2023-09-07T16:03:33.077+0000] {processor.py:829} INFO - Processing file /home/airflow/.local/lib/python3.8/site-packages/airflow/example_dags/example_trigger_target_dag.py for tasks to queue
[2023-09-07T16:03:33.079+0000] {logging_mixin.py:151} INFO - [2023-09-07T16:03:33.078+0000] {dagbag.py:539} INFO - Filling up the DagBag from /home/airflow/.local/lib/python3.8/site-packages/airflow/example_dags/example_trigger_target_dag.py
[2023-09-07T16:03:33.084+0000] {processor.py:839} INFO - DAG(s) dict_keys(['example_trigger_target_dag']) retrieved from /home/airflow/.local/lib/python3.8/site-packages/airflow/example_dags/example_trigger_target_dag.py
[2023-09-07T16:03:33.102+0000] {logging_mixin.py:151} INFO - [2023-09-07T16:03:33.102+0000] {dag.py:2907} INFO - Sync 1 DAGs
[2023-09-07T16:03:33.110+0000] {logging_mixin.py:151} INFO - [2023-09-07T16:03:33.110+0000] {dag.py:3677} INFO - Setting next_dagrun for example_trigger_target_dag to None, run_after=None
[2023-09-07T16:03:33.121+0000] {processor.py:179} INFO - Processing /home/airflow/.local/lib/python3.8/site-packages/airflow/example_dags/example_trigger_target_dag.py took 0.048 seconds
[2023-09-07T16:04:03.799+0000] {processor.py:157} INFO - Started process (PID=2860) to work on /home/airflow/.local/lib/python3.8/site-packages/airflow/example_dags/example_trigger_target_dag.py
[2023-09-07T16:04:03.800+0000] {processor.py:829} INFO - Processing file /home/airflow/.local/lib/python3.8/site-packages/airflow/example_dags/example_trigger_target_dag.py for tasks to queue
[2023-09-07T16:04:03.801+0000] {logging_mixin.py:151} INFO - [2023-09-07T16:04:03.801+0000] {dagbag.py:539} INFO - Filling up the DagBag from /home/airflow/.local/lib/python3.8/site-packages/airflow/example_dags/example_trigger_target_dag.py
[2023-09-07T16:04:03.805+0000] {processor.py:839} INFO - DAG(s) dict_keys(['example_trigger_target_dag']) retrieved from /home/airflow/.local/lib/python3.8/site-packages/airflow/example_dags/example_trigger_target_dag.py
[2023-09-07T16:04:03.823+0000] {logging_mixin.py:151} INFO - [2023-09-07T16:04:03.823+0000] {dag.py:2907} INFO - Sync 1 DAGs
[2023-09-07T16:04:03.831+0000] {logging_mixin.py:151} INFO - [2023-09-07T16:04:03.831+0000] {dag.py:3677} INFO - Setting next_dagrun for example_trigger_target_dag to None, run_after=None
[2023-09-07T16:04:03.842+0000] {processor.py:179} INFO - Processing /home/airflow/.local/lib/python3.8/site-packages/airflow/example_dags/example_trigger_target_dag.py took 0.045 seconds
[2023-09-07T16:04:35.221+0000] {processor.py:157} INFO - Started process (PID=3098) to work on /home/airflow/.local/lib/python3.8/site-packages/airflow/example_dags/example_trigger_target_dag.py
[2023-09-07T16:04:35.223+0000] {processor.py:829} INFO - Processing file /home/airflow/.local/lib/python3.8/site-packages/airflow/example_dags/example_trigger_target_dag.py for tasks to queue
[2023-09-07T16:04:35.225+0000] {logging_mixin.py:151} INFO - [2023-09-07T16:04:35.224+0000] {dagbag.py:539} INFO - Filling up the DagBag from /home/airflow/.local/lib/python3.8/site-packages/airflow/example_dags/example_trigger_target_dag.py
[2023-09-07T16:04:35.230+0000] {processor.py:839} INFO - DAG(s) dict_keys(['example_trigger_target_dag']) retrieved from /home/airflow/.local/lib/python3.8/site-packages/airflow/example_dags/example_trigger_target_dag.py
[2023-09-07T16:04:35.250+0000] {logging_mixin.py:151} INFO - [2023-09-07T16:04:35.250+0000] {dag.py:2907} INFO - Sync 1 DAGs
[2023-09-07T16:04:35.259+0000] {logging_mixin.py:151} INFO - [2023-09-07T16:04:35.258+0000] {dag.py:3677} INFO - Setting next_dagrun for example_trigger_target_dag to None, run_after=None
[2023-09-07T16:04:35.273+0000] {processor.py:179} INFO - Processing /home/airflow/.local/lib/python3.8/site-packages/airflow/example_dags/example_trigger_target_dag.py took 0.054 seconds
[2023-09-07T16:05:06.225+0000] {processor.py:157} INFO - Started process (PID=3335) to work on /home/airflow/.local/lib/python3.8/site-packages/airflow/example_dags/example_trigger_target_dag.py
[2023-09-07T16:05:06.227+0000] {processor.py:829} INFO - Processing file /home/airflow/.local/lib/python3.8/site-packages/airflow/example_dags/example_trigger_target_dag.py for tasks to queue
[2023-09-07T16:05:06.228+0000] {logging_mixin.py:151} INFO - [2023-09-07T16:05:06.228+0000] {dagbag.py:539} INFO - Filling up the DagBag from /home/airflow/.local/lib/python3.8/site-packages/airflow/example_dags/example_trigger_target_dag.py
[2023-09-07T16:05:06.234+0000] {processor.py:839} INFO - DAG(s) dict_keys(['example_trigger_target_dag']) retrieved from /home/airflow/.local/lib/python3.8/site-packages/airflow/example_dags/example_trigger_target_dag.py
[2023-09-07T16:05:06.252+0000] {logging_mixin.py:151} INFO - [2023-09-07T16:05:06.252+0000] {dag.py:2907} INFO - Sync 1 DAGs
[2023-09-07T16:05:06.261+0000] {logging_mixin.py:151} INFO - [2023-09-07T16:05:06.261+0000] {dag.py:3677} INFO - Setting next_dagrun for example_trigger_target_dag to None, run_after=None
[2023-09-07T16:05:06.272+0000] {processor.py:179} INFO - Processing /home/airflow/.local/lib/python3.8/site-packages/airflow/example_dags/example_trigger_target_dag.py took 0.050 seconds
[2023-09-07T16:05:36.965+0000] {processor.py:157} INFO - Started process (PID=3575) to work on /home/airflow/.local/lib/python3.8/site-packages/airflow/example_dags/example_trigger_target_dag.py
[2023-09-07T16:05:36.966+0000] {processor.py:829} INFO - Processing file /home/airflow/.local/lib/python3.8/site-packages/airflow/example_dags/example_trigger_target_dag.py for tasks to queue
[2023-09-07T16:05:36.967+0000] {logging_mixin.py:151} INFO - [2023-09-07T16:05:36.967+0000] {dagbag.py:539} INFO - Filling up the DagBag from /home/airflow/.local/lib/python3.8/site-packages/airflow/example_dags/example_trigger_target_dag.py
[2023-09-07T16:05:36.972+0000] {processor.py:839} INFO - DAG(s) dict_keys(['example_trigger_target_dag']) retrieved from /home/airflow/.local/lib/python3.8/site-packages/airflow/example_dags/example_trigger_target_dag.py
[2023-09-07T16:05:36.989+0000] {logging_mixin.py:151} INFO - [2023-09-07T16:05:36.989+0000] {dag.py:2907} INFO - Sync 1 DAGs
[2023-09-07T16:05:37.007+0000] {logging_mixin.py:151} INFO - [2023-09-07T16:05:37.006+0000] {dag.py:3677} INFO - Setting next_dagrun for example_trigger_target_dag to None, run_after=None
[2023-09-07T16:05:37.032+0000] {processor.py:179} INFO - Processing /home/airflow/.local/lib/python3.8/site-packages/airflow/example_dags/example_trigger_target_dag.py took 0.070 seconds
[2023-09-07T16:06:08.130+0000] {processor.py:157} INFO - Started process (PID=3811) to work on /home/airflow/.local/lib/python3.8/site-packages/airflow/example_dags/example_trigger_target_dag.py
[2023-09-07T16:06:08.132+0000] {processor.py:829} INFO - Processing file /home/airflow/.local/lib/python3.8/site-packages/airflow/example_dags/example_trigger_target_dag.py for tasks to queue
[2023-09-07T16:06:08.133+0000] {logging_mixin.py:151} INFO - [2023-09-07T16:06:08.133+0000] {dagbag.py:539} INFO - Filling up the DagBag from /home/airflow/.local/lib/python3.8/site-packages/airflow/example_dags/example_trigger_target_dag.py
[2023-09-07T16:06:08.138+0000] {processor.py:839} INFO - DAG(s) dict_keys(['example_trigger_target_dag']) retrieved from /home/airflow/.local/lib/python3.8/site-packages/airflow/example_dags/example_trigger_target_dag.py
[2023-09-07T16:06:08.161+0000] {logging_mixin.py:151} INFO - [2023-09-07T16:06:08.160+0000] {dag.py:2907} INFO - Sync 1 DAGs
[2023-09-07T16:06:08.171+0000] {logging_mixin.py:151} INFO - [2023-09-07T16:06:08.171+0000] {dag.py:3677} INFO - Setting next_dagrun for example_trigger_target_dag to None, run_after=None
[2023-09-07T16:06:08.183+0000] {processor.py:179} INFO - Processing /home/airflow/.local/lib/python3.8/site-packages/airflow/example_dags/example_trigger_target_dag.py took 0.056 seconds
[2023-09-07T16:06:39.050+0000] {processor.py:157} INFO - Started process (PID=4051) to work on /home/airflow/.local/lib/python3.8/site-packages/airflow/example_dags/example_trigger_target_dag.py
[2023-09-07T16:06:39.051+0000] {processor.py:829} INFO - Processing file /home/airflow/.local/lib/python3.8/site-packages/airflow/example_dags/example_trigger_target_dag.py for tasks to queue
[2023-09-07T16:06:39.053+0000] {logging_mixin.py:151} INFO - [2023-09-07T16:06:39.052+0000] {dagbag.py:539} INFO - Filling up the DagBag from /home/airflow/.local/lib/python3.8/site-packages/airflow/example_dags/example_trigger_target_dag.py
[2023-09-07T16:06:39.058+0000] {processor.py:839} INFO - DAG(s) dict_keys(['example_trigger_target_dag']) retrieved from /home/airflow/.local/lib/python3.8/site-packages/airflow/example_dags/example_trigger_target_dag.py
[2023-09-07T16:06:39.077+0000] {logging_mixin.py:151} INFO - [2023-09-07T16:06:39.077+0000] {dag.py:2907} INFO - Sync 1 DAGs
[2023-09-07T16:06:39.086+0000] {logging_mixin.py:151} INFO - [2023-09-07T16:06:39.086+0000] {dag.py:3677} INFO - Setting next_dagrun for example_trigger_target_dag to None, run_after=None
[2023-09-07T16:06:39.096+0000] {processor.py:179} INFO - Processing /home/airflow/.local/lib/python3.8/site-packages/airflow/example_dags/example_trigger_target_dag.py took 0.049 seconds
[2023-09-07T16:07:09.939+0000] {processor.py:157} INFO - Started process (PID=4289) to work on /home/airflow/.local/lib/python3.8/site-packages/airflow/example_dags/example_trigger_target_dag.py
[2023-09-07T16:07:09.940+0000] {processor.py:829} INFO - Processing file /home/airflow/.local/lib/python3.8/site-packages/airflow/example_dags/example_trigger_target_dag.py for tasks to queue
[2023-09-07T16:07:09.941+0000] {logging_mixin.py:151} INFO - [2023-09-07T16:07:09.941+0000] {dagbag.py:539} INFO - Filling up the DagBag from /home/airflow/.local/lib/python3.8/site-packages/airflow/example_dags/example_trigger_target_dag.py
[2023-09-07T16:07:09.946+0000] {processor.py:839} INFO - DAG(s) dict_keys(['example_trigger_target_dag']) retrieved from /home/airflow/.local/lib/python3.8/site-packages/airflow/example_dags/example_trigger_target_dag.py
[2023-09-07T16:07:09.963+0000] {logging_mixin.py:151} INFO - [2023-09-07T16:07:09.963+0000] {dag.py:2907} INFO - Sync 1 DAGs
[2023-09-07T16:07:09.971+0000] {logging_mixin.py:151} INFO - [2023-09-07T16:07:09.971+0000] {dag.py:3677} INFO - Setting next_dagrun for example_trigger_target_dag to None, run_after=None
[2023-09-07T16:07:09.981+0000] {processor.py:179} INFO - Processing /home/airflow/.local/lib/python3.8/site-packages/airflow/example_dags/example_trigger_target_dag.py took 0.045 seconds
[2023-09-07T16:07:40.906+0000] {processor.py:157} INFO - Started process (PID=4527) to work on /home/airflow/.local/lib/python3.8/site-packages/airflow/example_dags/example_trigger_target_dag.py
[2023-09-07T16:07:40.908+0000] {processor.py:829} INFO - Processing file /home/airflow/.local/lib/python3.8/site-packages/airflow/example_dags/example_trigger_target_dag.py for tasks to queue
[2023-09-07T16:07:40.909+0000] {logging_mixin.py:151} INFO - [2023-09-07T16:07:40.909+0000] {dagbag.py:539} INFO - Filling up the DagBag from /home/airflow/.local/lib/python3.8/site-packages/airflow/example_dags/example_trigger_target_dag.py
[2023-09-07T16:07:40.915+0000] {processor.py:839} INFO - DAG(s) dict_keys(['example_trigger_target_dag']) retrieved from /home/airflow/.local/lib/python3.8/site-packages/airflow/example_dags/example_trigger_target_dag.py
[2023-09-07T16:07:40.932+0000] {logging_mixin.py:151} INFO - [2023-09-07T16:07:40.932+0000] {dag.py:2907} INFO - Sync 1 DAGs
[2023-09-07T16:07:40.942+0000] {logging_mixin.py:151} INFO - [2023-09-07T16:07:40.942+0000] {dag.py:3677} INFO - Setting next_dagrun for example_trigger_target_dag to None, run_after=None
[2023-09-07T16:07:40.955+0000] {processor.py:179} INFO - Processing /home/airflow/.local/lib/python3.8/site-packages/airflow/example_dags/example_trigger_target_dag.py took 0.052 seconds
[2023-09-07T16:08:12.050+0000] {processor.py:157} INFO - Started process (PID=4765) to work on /home/airflow/.local/lib/python3.8/site-packages/airflow/example_dags/example_trigger_target_dag.py
[2023-09-07T16:08:12.052+0000] {processor.py:829} INFO - Processing file /home/airflow/.local/lib/python3.8/site-packages/airflow/example_dags/example_trigger_target_dag.py for tasks to queue
[2023-09-07T16:08:12.054+0000] {logging_mixin.py:151} INFO - [2023-09-07T16:08:12.053+0000] {dagbag.py:539} INFO - Filling up the DagBag from /home/airflow/.local/lib/python3.8/site-packages/airflow/example_dags/example_trigger_target_dag.py
[2023-09-07T16:08:12.061+0000] {processor.py:839} INFO - DAG(s) dict_keys(['example_trigger_target_dag']) retrieved from /home/airflow/.local/lib/python3.8/site-packages/airflow/example_dags/example_trigger_target_dag.py
[2023-09-07T16:08:12.085+0000] {logging_mixin.py:151} INFO - [2023-09-07T16:08:12.085+0000] {dag.py:2907} INFO - Sync 1 DAGs
[2023-09-07T16:08:12.095+0000] {logging_mixin.py:151} INFO - [2023-09-07T16:08:12.094+0000] {dag.py:3677} INFO - Setting next_dagrun for example_trigger_target_dag to None, run_after=None
[2023-09-07T16:08:12.108+0000] {processor.py:179} INFO - Processing /home/airflow/.local/lib/python3.8/site-packages/airflow/example_dags/example_trigger_target_dag.py took 0.062 seconds
[2023-09-07T16:08:42.859+0000] {processor.py:157} INFO - Started process (PID=5003) to work on /home/airflow/.local/lib/python3.8/site-packages/airflow/example_dags/example_trigger_target_dag.py
[2023-09-07T16:08:42.860+0000] {processor.py:829} INFO - Processing file /home/airflow/.local/lib/python3.8/site-packages/airflow/example_dags/example_trigger_target_dag.py for tasks to queue
[2023-09-07T16:08:42.861+0000] {logging_mixin.py:151} INFO - [2023-09-07T16:08:42.860+0000] {dagbag.py:539} INFO - Filling up the DagBag from /home/airflow/.local/lib/python3.8/site-packages/airflow/example_dags/example_trigger_target_dag.py
[2023-09-07T16:08:42.866+0000] {processor.py:839} INFO - DAG(s) dict_keys(['example_trigger_target_dag']) retrieved from /home/airflow/.local/lib/python3.8/site-packages/airflow/example_dags/example_trigger_target_dag.py
[2023-09-07T16:08:42.883+0000] {logging_mixin.py:151} INFO - [2023-09-07T16:08:42.883+0000] {dag.py:2907} INFO - Sync 1 DAGs
[2023-09-07T16:08:42.891+0000] {logging_mixin.py:151} INFO - [2023-09-07T16:08:42.891+0000] {dag.py:3677} INFO - Setting next_dagrun for example_trigger_target_dag to None, run_after=None
[2023-09-07T16:08:42.901+0000] {processor.py:179} INFO - Processing /home/airflow/.local/lib/python3.8/site-packages/airflow/example_dags/example_trigger_target_dag.py took 0.045 seconds
[2023-09-07T16:09:13.220+0000] {processor.py:157} INFO - Started process (PID=5241) to work on /home/airflow/.local/lib/python3.8/site-packages/airflow/example_dags/example_trigger_target_dag.py
[2023-09-07T16:09:13.221+0000] {processor.py:829} INFO - Processing file /home/airflow/.local/lib/python3.8/site-packages/airflow/example_dags/example_trigger_target_dag.py for tasks to queue
[2023-09-07T16:09:13.222+0000] {logging_mixin.py:151} INFO - [2023-09-07T16:09:13.222+0000] {dagbag.py:539} INFO - Filling up the DagBag from /home/airflow/.local/lib/python3.8/site-packages/airflow/example_dags/example_trigger_target_dag.py
[2023-09-07T16:09:13.227+0000] {processor.py:839} INFO - DAG(s) dict_keys(['example_trigger_target_dag']) retrieved from /home/airflow/.local/lib/python3.8/site-packages/airflow/example_dags/example_trigger_target_dag.py
[2023-09-07T16:09:13.244+0000] {logging_mixin.py:151} INFO - [2023-09-07T16:09:13.244+0000] {dag.py:2907} INFO - Sync 1 DAGs
[2023-09-07T16:09:13.252+0000] {logging_mixin.py:151} INFO - [2023-09-07T16:09:13.252+0000] {dag.py:3677} INFO - Setting next_dagrun for example_trigger_target_dag to None, run_after=None
[2023-09-07T16:09:13.263+0000] {processor.py:179} INFO - Processing /home/airflow/.local/lib/python3.8/site-packages/airflow/example_dags/example_trigger_target_dag.py took 0.046 seconds
[2023-09-07T16:09:43.563+0000] {processor.py:157} INFO - Started process (PID=5479) to work on /home/airflow/.local/lib/python3.8/site-packages/airflow/example_dags/example_trigger_target_dag.py
[2023-09-07T16:09:43.565+0000] {processor.py:829} INFO - Processing file /home/airflow/.local/lib/python3.8/site-packages/airflow/example_dags/example_trigger_target_dag.py for tasks to queue
[2023-09-07T16:09:43.566+0000] {logging_mixin.py:151} INFO - [2023-09-07T16:09:43.565+0000] {dagbag.py:539} INFO - Filling up the DagBag from /home/airflow/.local/lib/python3.8/site-packages/airflow/example_dags/example_trigger_target_dag.py
[2023-09-07T16:09:43.572+0000] {processor.py:839} INFO - DAG(s) dict_keys(['example_trigger_target_dag']) retrieved from /home/airflow/.local/lib/python3.8/site-packages/airflow/example_dags/example_trigger_target_dag.py
[2023-09-07T16:09:43.594+0000] {logging_mixin.py:151} INFO - [2023-09-07T16:09:43.594+0000] {dag.py:2907} INFO - Sync 1 DAGs
[2023-09-07T16:09:43.602+0000] {logging_mixin.py:151} INFO - [2023-09-07T16:09:43.602+0000] {dag.py:3677} INFO - Setting next_dagrun for example_trigger_target_dag to None, run_after=None
[2023-09-07T16:09:43.613+0000] {processor.py:179} INFO - Processing /home/airflow/.local/lib/python3.8/site-packages/airflow/example_dags/example_trigger_target_dag.py took 0.052 seconds
[2023-09-07T16:10:14.391+0000] {processor.py:157} INFO - Started process (PID=5715) to work on /home/airflow/.local/lib/python3.8/site-packages/airflow/example_dags/example_trigger_target_dag.py
[2023-09-07T16:10:14.394+0000] {processor.py:829} INFO - Processing file /home/airflow/.local/lib/python3.8/site-packages/airflow/example_dags/example_trigger_target_dag.py for tasks to queue
[2023-09-07T16:10:14.396+0000] {logging_mixin.py:151} INFO - [2023-09-07T16:10:14.395+0000] {dagbag.py:539} INFO - Filling up the DagBag from /home/airflow/.local/lib/python3.8/site-packages/airflow/example_dags/example_trigger_target_dag.py
[2023-09-07T16:10:14.402+0000] {processor.py:839} INFO - DAG(s) dict_keys(['example_trigger_target_dag']) retrieved from /home/airflow/.local/lib/python3.8/site-packages/airflow/example_dags/example_trigger_target_dag.py
[2023-09-07T16:10:14.422+0000] {logging_mixin.py:151} INFO - [2023-09-07T16:10:14.422+0000] {dag.py:2907} INFO - Sync 1 DAGs
[2023-09-07T16:10:14.432+0000] {logging_mixin.py:151} INFO - [2023-09-07T16:10:14.432+0000] {dag.py:3677} INFO - Setting next_dagrun for example_trigger_target_dag to None, run_after=None
[2023-09-07T16:10:14.445+0000] {processor.py:179} INFO - Processing /home/airflow/.local/lib/python3.8/site-packages/airflow/example_dags/example_trigger_target_dag.py took 0.058 seconds
[2023-09-07T16:10:44.991+0000] {processor.py:157} INFO - Started process (PID=5952) to work on /home/airflow/.local/lib/python3.8/site-packages/airflow/example_dags/example_trigger_target_dag.py
[2023-09-07T16:10:44.993+0000] {processor.py:829} INFO - Processing file /home/airflow/.local/lib/python3.8/site-packages/airflow/example_dags/example_trigger_target_dag.py for tasks to queue
[2023-09-07T16:10:44.994+0000] {logging_mixin.py:151} INFO - [2023-09-07T16:10:44.994+0000] {dagbag.py:539} INFO - Filling up the DagBag from /home/airflow/.local/lib/python3.8/site-packages/airflow/example_dags/example_trigger_target_dag.py
[2023-09-07T16:10:44.999+0000] {processor.py:839} INFO - DAG(s) dict_keys(['example_trigger_target_dag']) retrieved from /home/airflow/.local/lib/python3.8/site-packages/airflow/example_dags/example_trigger_target_dag.py
[2023-09-07T16:10:45.016+0000] {logging_mixin.py:151} INFO - [2023-09-07T16:10:45.016+0000] {dag.py:2907} INFO - Sync 1 DAGs
[2023-09-07T16:10:45.024+0000] {logging_mixin.py:151} INFO - [2023-09-07T16:10:45.024+0000] {dag.py:3677} INFO - Setting next_dagrun for example_trigger_target_dag to None, run_after=None
[2023-09-07T16:10:45.036+0000] {processor.py:179} INFO - Processing /home/airflow/.local/lib/python3.8/site-packages/airflow/example_dags/example_trigger_target_dag.py took 0.048 seconds
[2023-09-07T16:11:16.737+0000] {processor.py:157} INFO - Started process (PID=6190) to work on /home/airflow/.local/lib/python3.8/site-packages/airflow/example_dags/example_trigger_target_dag.py
[2023-09-07T16:11:16.740+0000] {processor.py:829} INFO - Processing file /home/airflow/.local/lib/python3.8/site-packages/airflow/example_dags/example_trigger_target_dag.py for tasks to queue
[2023-09-07T16:11:16.743+0000] {logging_mixin.py:151} INFO - [2023-09-07T16:11:16.743+0000] {dagbag.py:539} INFO - Filling up the DagBag from /home/airflow/.local/lib/python3.8/site-packages/airflow/example_dags/example_trigger_target_dag.py
[2023-09-07T16:11:16.751+0000] {processor.py:839} INFO - DAG(s) dict_keys(['example_trigger_target_dag']) retrieved from /home/airflow/.local/lib/python3.8/site-packages/airflow/example_dags/example_trigger_target_dag.py
[2023-09-07T16:11:16.776+0000] {logging_mixin.py:151} INFO - [2023-09-07T16:11:16.775+0000] {dag.py:2907} INFO - Sync 1 DAGs
[2023-09-07T16:11:16.788+0000] {logging_mixin.py:151} INFO - [2023-09-07T16:11:16.788+0000] {dag.py:3677} INFO - Setting next_dagrun for example_trigger_target_dag to None, run_after=None
[2023-09-07T16:11:16.802+0000] {processor.py:179} INFO - Processing /home/airflow/.local/lib/python3.8/site-packages/airflow/example_dags/example_trigger_target_dag.py took 0.074 seconds
[2023-09-07T16:11:46.842+0000] {processor.py:157} INFO - Started process (PID=6428) to work on /home/airflow/.local/lib/python3.8/site-packages/airflow/example_dags/example_trigger_target_dag.py
[2023-09-07T16:11:46.844+0000] {processor.py:829} INFO - Processing file /home/airflow/.local/lib/python3.8/site-packages/airflow/example_dags/example_trigger_target_dag.py for tasks to queue
[2023-09-07T16:11:46.845+0000] {logging_mixin.py:151} INFO - [2023-09-07T16:11:46.844+0000] {dagbag.py:539} INFO - Filling up the DagBag from /home/airflow/.local/lib/python3.8/site-packages/airflow/example_dags/example_trigger_target_dag.py
[2023-09-07T16:11:46.850+0000] {processor.py:839} INFO - DAG(s) dict_keys(['example_trigger_target_dag']) retrieved from /home/airflow/.local/lib/python3.8/site-packages/airflow/example_dags/example_trigger_target_dag.py
[2023-09-07T16:11:46.868+0000] {logging_mixin.py:151} INFO - [2023-09-07T16:11:46.868+0000] {dag.py:2907} INFO - Sync 1 DAGs
[2023-09-07T16:11:46.877+0000] {logging_mixin.py:151} INFO - [2023-09-07T16:11:46.876+0000] {dag.py:3677} INFO - Setting next_dagrun for example_trigger_target_dag to None, run_after=None
[2023-09-07T16:11:46.887+0000] {processor.py:179} INFO - Processing /home/airflow/.local/lib/python3.8/site-packages/airflow/example_dags/example_trigger_target_dag.py took 0.048 seconds
[2023-09-07T16:12:17.283+0000] {processor.py:157} INFO - Started process (PID=6668) to work on /home/airflow/.local/lib/python3.8/site-packages/airflow/example_dags/example_trigger_target_dag.py
[2023-09-07T16:12:17.284+0000] {processor.py:829} INFO - Processing file /home/airflow/.local/lib/python3.8/site-packages/airflow/example_dags/example_trigger_target_dag.py for tasks to queue
[2023-09-07T16:12:17.285+0000] {logging_mixin.py:151} INFO - [2023-09-07T16:12:17.284+0000] {dagbag.py:539} INFO - Filling up the DagBag from /home/airflow/.local/lib/python3.8/site-packages/airflow/example_dags/example_trigger_target_dag.py
[2023-09-07T16:12:17.290+0000] {processor.py:839} INFO - DAG(s) dict_keys(['example_trigger_target_dag']) retrieved from /home/airflow/.local/lib/python3.8/site-packages/airflow/example_dags/example_trigger_target_dag.py
[2023-09-07T16:12:17.307+0000] {logging_mixin.py:151} INFO - [2023-09-07T16:12:17.307+0000] {dag.py:2907} INFO - Sync 1 DAGs
[2023-09-07T16:12:17.315+0000] {logging_mixin.py:151} INFO - [2023-09-07T16:12:17.315+0000] {dag.py:3677} INFO - Setting next_dagrun for example_trigger_target_dag to None, run_after=None
[2023-09-07T16:12:17.324+0000] {processor.py:179} INFO - Processing /home/airflow/.local/lib/python3.8/site-packages/airflow/example_dags/example_trigger_target_dag.py took 0.044 seconds
[2023-09-07T16:12:48.417+0000] {processor.py:157} INFO - Started process (PID=6905) to work on /home/airflow/.local/lib/python3.8/site-packages/airflow/example_dags/example_trigger_target_dag.py
[2023-09-07T16:12:48.419+0000] {processor.py:829} INFO - Processing file /home/airflow/.local/lib/python3.8/site-packages/airflow/example_dags/example_trigger_target_dag.py for tasks to queue
[2023-09-07T16:12:48.421+0000] {logging_mixin.py:151} INFO - [2023-09-07T16:12:48.420+0000] {dagbag.py:539} INFO - Filling up the DagBag from /home/airflow/.local/lib/python3.8/site-packages/airflow/example_dags/example_trigger_target_dag.py
[2023-09-07T16:12:48.433+0000] {processor.py:839} INFO - DAG(s) dict_keys(['example_trigger_target_dag']) retrieved from /home/airflow/.local/lib/python3.8/site-packages/airflow/example_dags/example_trigger_target_dag.py
[2023-09-07T16:12:48.534+0000] {logging_mixin.py:151} INFO - [2023-09-07T16:12:48.534+0000] {dag.py:2907} INFO - Sync 1 DAGs
[2023-09-07T16:12:48.572+0000] {logging_mixin.py:151} INFO - [2023-09-07T16:12:48.572+0000] {dag.py:3677} INFO - Setting next_dagrun for example_trigger_target_dag to None, run_after=None
[2023-09-07T16:12:48.626+0000] {processor.py:179} INFO - Processing /home/airflow/.local/lib/python3.8/site-packages/airflow/example_dags/example_trigger_target_dag.py took 0.219 seconds
[2023-09-07T16:13:19.696+0000] {processor.py:157} INFO - Started process (PID=7153) to work on /home/airflow/.local/lib/python3.8/site-packages/airflow/example_dags/example_trigger_target_dag.py
[2023-09-07T16:13:19.699+0000] {processor.py:829} INFO - Processing file /home/airflow/.local/lib/python3.8/site-packages/airflow/example_dags/example_trigger_target_dag.py for tasks to queue
[2023-09-07T16:13:19.701+0000] {logging_mixin.py:151} INFO - [2023-09-07T16:13:19.700+0000] {dagbag.py:539} INFO - Filling up the DagBag from /home/airflow/.local/lib/python3.8/site-packages/airflow/example_dags/example_trigger_target_dag.py
[2023-09-07T16:13:19.729+0000] {processor.py:839} INFO - DAG(s) dict_keys(['example_trigger_target_dag']) retrieved from /home/airflow/.local/lib/python3.8/site-packages/airflow/example_dags/example_trigger_target_dag.py
[2023-09-07T16:13:19.796+0000] {logging_mixin.py:151} INFO - [2023-09-07T16:13:19.796+0000] {dag.py:2907} INFO - Sync 1 DAGs
[2023-09-07T16:13:19.842+0000] {logging_mixin.py:151} INFO - [2023-09-07T16:13:19.842+0000] {dag.py:3677} INFO - Setting next_dagrun for example_trigger_target_dag to None, run_after=None
[2023-09-07T16:13:19.859+0000] {processor.py:179} INFO - Processing /home/airflow/.local/lib/python3.8/site-packages/airflow/example_dags/example_trigger_target_dag.py took 0.170 seconds
[2023-09-07T16:13:50.538+0000] {processor.py:157} INFO - Started process (PID=7391) to work on /home/airflow/.local/lib/python3.8/site-packages/airflow/example_dags/example_trigger_target_dag.py
[2023-09-07T16:13:50.541+0000] {processor.py:829} INFO - Processing file /home/airflow/.local/lib/python3.8/site-packages/airflow/example_dags/example_trigger_target_dag.py for tasks to queue
[2023-09-07T16:13:50.543+0000] {logging_mixin.py:151} INFO - [2023-09-07T16:13:50.543+0000] {dagbag.py:539} INFO - Filling up the DagBag from /home/airflow/.local/lib/python3.8/site-packages/airflow/example_dags/example_trigger_target_dag.py
[2023-09-07T16:13:50.584+0000] {processor.py:839} INFO - DAG(s) dict_keys(['example_trigger_target_dag']) retrieved from /home/airflow/.local/lib/python3.8/site-packages/airflow/example_dags/example_trigger_target_dag.py
[2023-09-07T16:13:50.655+0000] {logging_mixin.py:151} INFO - [2023-09-07T16:13:50.655+0000] {dag.py:2907} INFO - Sync 1 DAGs
[2023-09-07T16:13:50.682+0000] {logging_mixin.py:151} INFO - [2023-09-07T16:13:50.682+0000] {dag.py:3677} INFO - Setting next_dagrun for example_trigger_target_dag to None, run_after=None
[2023-09-07T16:13:50.715+0000] {processor.py:179} INFO - Processing /home/airflow/.local/lib/python3.8/site-packages/airflow/example_dags/example_trigger_target_dag.py took 0.183 seconds
[2023-09-07T16:14:20.972+0000] {processor.py:157} INFO - Started process (PID=7630) to work on /home/airflow/.local/lib/python3.8/site-packages/airflow/example_dags/example_trigger_target_dag.py
[2023-09-07T16:14:20.975+0000] {processor.py:829} INFO - Processing file /home/airflow/.local/lib/python3.8/site-packages/airflow/example_dags/example_trigger_target_dag.py for tasks to queue
[2023-09-07T16:14:20.977+0000] {logging_mixin.py:151} INFO - [2023-09-07T16:14:20.976+0000] {dagbag.py:539} INFO - Filling up the DagBag from /home/airflow/.local/lib/python3.8/site-packages/airflow/example_dags/example_trigger_target_dag.py
[2023-09-07T16:14:20.982+0000] {processor.py:839} INFO - DAG(s) dict_keys(['example_trigger_target_dag']) retrieved from /home/airflow/.local/lib/python3.8/site-packages/airflow/example_dags/example_trigger_target_dag.py
[2023-09-07T16:14:21.001+0000] {logging_mixin.py:151} INFO - [2023-09-07T16:14:21.001+0000] {dag.py:2907} INFO - Sync 1 DAGs
[2023-09-07T16:14:21.011+0000] {logging_mixin.py:151} INFO - [2023-09-07T16:14:21.011+0000] {dag.py:3677} INFO - Setting next_dagrun for example_trigger_target_dag to None, run_after=None
[2023-09-07T16:14:21.023+0000] {processor.py:179} INFO - Processing /home/airflow/.local/lib/python3.8/site-packages/airflow/example_dags/example_trigger_target_dag.py took 0.056 seconds
[2023-09-07T16:14:51.133+0000] {processor.py:157} INFO - Started process (PID=7868) to work on /home/airflow/.local/lib/python3.8/site-packages/airflow/example_dags/example_trigger_target_dag.py
[2023-09-07T16:14:51.135+0000] {processor.py:829} INFO - Processing file /home/airflow/.local/lib/python3.8/site-packages/airflow/example_dags/example_trigger_target_dag.py for tasks to queue
[2023-09-07T16:14:51.136+0000] {logging_mixin.py:151} INFO - [2023-09-07T16:14:51.136+0000] {dagbag.py:539} INFO - Filling up the DagBag from /home/airflow/.local/lib/python3.8/site-packages/airflow/example_dags/example_trigger_target_dag.py
[2023-09-07T16:14:51.143+0000] {processor.py:839} INFO - DAG(s) dict_keys(['example_trigger_target_dag']) retrieved from /home/airflow/.local/lib/python3.8/site-packages/airflow/example_dags/example_trigger_target_dag.py
[2023-09-07T16:14:51.170+0000] {logging_mixin.py:151} INFO - [2023-09-07T16:14:51.169+0000] {dag.py:2907} INFO - Sync 1 DAGs
[2023-09-07T16:14:51.185+0000] {logging_mixin.py:151} INFO - [2023-09-07T16:14:51.185+0000] {dag.py:3677} INFO - Setting next_dagrun for example_trigger_target_dag to None, run_after=None
[2023-09-07T16:14:51.200+0000] {processor.py:179} INFO - Processing /home/airflow/.local/lib/python3.8/site-packages/airflow/example_dags/example_trigger_target_dag.py took 0.070 seconds
[2023-09-07T16:15:21.780+0000] {processor.py:157} INFO - Started process (PID=8105) to work on /home/airflow/.local/lib/python3.8/site-packages/airflow/example_dags/example_trigger_target_dag.py
[2023-09-07T16:15:21.783+0000] {processor.py:829} INFO - Processing file /home/airflow/.local/lib/python3.8/site-packages/airflow/example_dags/example_trigger_target_dag.py for tasks to queue
[2023-09-07T16:15:21.786+0000] {logging_mixin.py:151} INFO - [2023-09-07T16:15:21.785+0000] {dagbag.py:539} INFO - Filling up the DagBag from /home/airflow/.local/lib/python3.8/site-packages/airflow/example_dags/example_trigger_target_dag.py
[2023-09-07T16:15:21.799+0000] {processor.py:839} INFO - DAG(s) dict_keys(['example_trigger_target_dag']) retrieved from /home/airflow/.local/lib/python3.8/site-packages/airflow/example_dags/example_trigger_target_dag.py
[2023-09-07T16:15:21.832+0000] {logging_mixin.py:151} INFO - [2023-09-07T16:15:21.831+0000] {dag.py:2907} INFO - Sync 1 DAGs
[2023-09-07T16:15:21.860+0000] {logging_mixin.py:151} INFO - [2023-09-07T16:15:21.860+0000] {dag.py:3677} INFO - Setting next_dagrun for example_trigger_target_dag to None, run_after=None
[2023-09-07T16:15:21.878+0000] {processor.py:179} INFO - Processing /home/airflow/.local/lib/python3.8/site-packages/airflow/example_dags/example_trigger_target_dag.py took 0.110 seconds
[2023-09-07T16:15:51.908+0000] {processor.py:157} INFO - Started process (PID=8343) to work on /home/airflow/.local/lib/python3.8/site-packages/airflow/example_dags/example_trigger_target_dag.py
[2023-09-07T16:15:51.909+0000] {processor.py:829} INFO - Processing file /home/airflow/.local/lib/python3.8/site-packages/airflow/example_dags/example_trigger_target_dag.py for tasks to queue
[2023-09-07T16:15:51.911+0000] {logging_mixin.py:151} INFO - [2023-09-07T16:15:51.910+0000] {dagbag.py:539} INFO - Filling up the DagBag from /home/airflow/.local/lib/python3.8/site-packages/airflow/example_dags/example_trigger_target_dag.py
[2023-09-07T16:15:51.916+0000] {processor.py:839} INFO - DAG(s) dict_keys(['example_trigger_target_dag']) retrieved from /home/airflow/.local/lib/python3.8/site-packages/airflow/example_dags/example_trigger_target_dag.py
[2023-09-07T16:15:51.934+0000] {logging_mixin.py:151} INFO - [2023-09-07T16:15:51.934+0000] {dag.py:2907} INFO - Sync 1 DAGs
[2023-09-07T16:15:51.943+0000] {logging_mixin.py:151} INFO - [2023-09-07T16:15:51.942+0000] {dag.py:3677} INFO - Setting next_dagrun for example_trigger_target_dag to None, run_after=None
[2023-09-07T16:15:51.952+0000] {processor.py:179} INFO - Processing /home/airflow/.local/lib/python3.8/site-packages/airflow/example_dags/example_trigger_target_dag.py took 0.047 seconds
[2023-09-07T16:16:22.678+0000] {processor.py:157} INFO - Started process (PID=8581) to work on /home/airflow/.local/lib/python3.8/site-packages/airflow/example_dags/example_trigger_target_dag.py
[2023-09-07T16:16:22.679+0000] {processor.py:829} INFO - Processing file /home/airflow/.local/lib/python3.8/site-packages/airflow/example_dags/example_trigger_target_dag.py for tasks to queue
[2023-09-07T16:16:22.680+0000] {logging_mixin.py:151} INFO - [2023-09-07T16:16:22.679+0000] {dagbag.py:539} INFO - Filling up the DagBag from /home/airflow/.local/lib/python3.8/site-packages/airflow/example_dags/example_trigger_target_dag.py
[2023-09-07T16:16:22.684+0000] {processor.py:839} INFO - DAG(s) dict_keys(['example_trigger_target_dag']) retrieved from /home/airflow/.local/lib/python3.8/site-packages/airflow/example_dags/example_trigger_target_dag.py
[2023-09-07T16:16:22.703+0000] {logging_mixin.py:151} INFO - [2023-09-07T16:16:22.703+0000] {dag.py:2907} INFO - Sync 1 DAGs
[2023-09-07T16:16:22.711+0000] {logging_mixin.py:151} INFO - [2023-09-07T16:16:22.711+0000] {dag.py:3677} INFO - Setting next_dagrun for example_trigger_target_dag to None, run_after=None
[2023-09-07T16:16:22.723+0000] {processor.py:179} INFO - Processing /home/airflow/.local/lib/python3.8/site-packages/airflow/example_dags/example_trigger_target_dag.py took 0.048 seconds
[2023-09-07T16:16:53.084+0000] {processor.py:157} INFO - Started process (PID=8819) to work on /home/airflow/.local/lib/python3.8/site-packages/airflow/example_dags/example_trigger_target_dag.py
[2023-09-07T16:16:53.085+0000] {processor.py:829} INFO - Processing file /home/airflow/.local/lib/python3.8/site-packages/airflow/example_dags/example_trigger_target_dag.py for tasks to queue
[2023-09-07T16:16:53.086+0000] {logging_mixin.py:151} INFO - [2023-09-07T16:16:53.086+0000] {dagbag.py:539} INFO - Filling up the DagBag from /home/airflow/.local/lib/python3.8/site-packages/airflow/example_dags/example_trigger_target_dag.py
[2023-09-07T16:16:53.091+0000] {processor.py:839} INFO - DAG(s) dict_keys(['example_trigger_target_dag']) retrieved from /home/airflow/.local/lib/python3.8/site-packages/airflow/example_dags/example_trigger_target_dag.py
[2023-09-07T16:16:53.106+0000] {logging_mixin.py:151} INFO - [2023-09-07T16:16:53.106+0000] {dag.py:2907} INFO - Sync 1 DAGs
[2023-09-07T16:16:53.115+0000] {logging_mixin.py:151} INFO - [2023-09-07T16:16:53.115+0000] {dag.py:3677} INFO - Setting next_dagrun for example_trigger_target_dag to None, run_after=None
[2023-09-07T16:16:53.126+0000] {processor.py:179} INFO - Processing /home/airflow/.local/lib/python3.8/site-packages/airflow/example_dags/example_trigger_target_dag.py took 0.046 seconds
[2023-09-07T16:17:24.162+0000] {processor.py:157} INFO - Started process (PID=9057) to work on /home/airflow/.local/lib/python3.8/site-packages/airflow/example_dags/example_trigger_target_dag.py
[2023-09-07T16:17:24.163+0000] {processor.py:829} INFO - Processing file /home/airflow/.local/lib/python3.8/site-packages/airflow/example_dags/example_trigger_target_dag.py for tasks to queue
[2023-09-07T16:17:24.164+0000] {logging_mixin.py:151} INFO - [2023-09-07T16:17:24.164+0000] {dagbag.py:539} INFO - Filling up the DagBag from /home/airflow/.local/lib/python3.8/site-packages/airflow/example_dags/example_trigger_target_dag.py
[2023-09-07T16:17:24.170+0000] {processor.py:839} INFO - DAG(s) dict_keys(['example_trigger_target_dag']) retrieved from /home/airflow/.local/lib/python3.8/site-packages/airflow/example_dags/example_trigger_target_dag.py
[2023-09-07T16:17:24.187+0000] {logging_mixin.py:151} INFO - [2023-09-07T16:17:24.187+0000] {dag.py:2907} INFO - Sync 1 DAGs
[2023-09-07T16:17:24.196+0000] {logging_mixin.py:151} INFO - [2023-09-07T16:17:24.195+0000] {dag.py:3677} INFO - Setting next_dagrun for example_trigger_target_dag to None, run_after=None
[2023-09-07T16:17:24.206+0000] {processor.py:179} INFO - Processing /home/airflow/.local/lib/python3.8/site-packages/airflow/example_dags/example_trigger_target_dag.py took 0.046 seconds
[2023-09-07T16:17:55.483+0000] {processor.py:157} INFO - Started process (PID=9293) to work on /home/airflow/.local/lib/python3.8/site-packages/airflow/example_dags/example_trigger_target_dag.py
[2023-09-07T16:17:55.486+0000] {processor.py:829} INFO - Processing file /home/airflow/.local/lib/python3.8/site-packages/airflow/example_dags/example_trigger_target_dag.py for tasks to queue
[2023-09-07T16:17:55.487+0000] {logging_mixin.py:151} INFO - [2023-09-07T16:17:55.487+0000] {dagbag.py:539} INFO - Filling up the DagBag from /home/airflow/.local/lib/python3.8/site-packages/airflow/example_dags/example_trigger_target_dag.py
[2023-09-07T16:17:55.496+0000] {processor.py:839} INFO - DAG(s) dict_keys(['example_trigger_target_dag']) retrieved from /home/airflow/.local/lib/python3.8/site-packages/airflow/example_dags/example_trigger_target_dag.py
[2023-09-07T16:17:55.518+0000] {logging_mixin.py:151} INFO - [2023-09-07T16:17:55.518+0000] {dag.py:2907} INFO - Sync 1 DAGs
[2023-09-07T16:17:55.528+0000] {logging_mixin.py:151} INFO - [2023-09-07T16:17:55.528+0000] {dag.py:3677} INFO - Setting next_dagrun for example_trigger_target_dag to None, run_after=None
[2023-09-07T16:17:55.553+0000] {processor.py:179} INFO - Processing /home/airflow/.local/lib/python3.8/site-packages/airflow/example_dags/example_trigger_target_dag.py took 0.073 seconds
[2023-09-07T16:18:25.681+0000] {processor.py:157} INFO - Started process (PID=9532) to work on /home/airflow/.local/lib/python3.8/site-packages/airflow/example_dags/example_trigger_target_dag.py
[2023-09-07T16:18:25.682+0000] {processor.py:829} INFO - Processing file /home/airflow/.local/lib/python3.8/site-packages/airflow/example_dags/example_trigger_target_dag.py for tasks to queue
[2023-09-07T16:18:25.683+0000] {logging_mixin.py:151} INFO - [2023-09-07T16:18:25.682+0000] {dagbag.py:539} INFO - Filling up the DagBag from /home/airflow/.local/lib/python3.8/site-packages/airflow/example_dags/example_trigger_target_dag.py
[2023-09-07T16:18:25.688+0000] {processor.py:839} INFO - DAG(s) dict_keys(['example_trigger_target_dag']) retrieved from /home/airflow/.local/lib/python3.8/site-packages/airflow/example_dags/example_trigger_target_dag.py
[2023-09-07T16:18:25.705+0000] {logging_mixin.py:151} INFO - [2023-09-07T16:18:25.704+0000] {dag.py:2907} INFO - Sync 1 DAGs
[2023-09-07T16:18:25.713+0000] {logging_mixin.py:151} INFO - [2023-09-07T16:18:25.713+0000] {dag.py:3677} INFO - Setting next_dagrun for example_trigger_target_dag to None, run_after=None
[2023-09-07T16:18:25.725+0000] {processor.py:179} INFO - Processing /home/airflow/.local/lib/python3.8/site-packages/airflow/example_dags/example_trigger_target_dag.py took 0.047 seconds
[2023-09-07T16:18:55.925+0000] {processor.py:157} INFO - Started process (PID=9772) to work on /home/airflow/.local/lib/python3.8/site-packages/airflow/example_dags/example_trigger_target_dag.py
[2023-09-07T16:18:55.927+0000] {processor.py:829} INFO - Processing file /home/airflow/.local/lib/python3.8/site-packages/airflow/example_dags/example_trigger_target_dag.py for tasks to queue
[2023-09-07T16:18:55.928+0000] {logging_mixin.py:151} INFO - [2023-09-07T16:18:55.927+0000] {dagbag.py:539} INFO - Filling up the DagBag from /home/airflow/.local/lib/python3.8/site-packages/airflow/example_dags/example_trigger_target_dag.py
[2023-09-07T16:18:55.933+0000] {processor.py:839} INFO - DAG(s) dict_keys(['example_trigger_target_dag']) retrieved from /home/airflow/.local/lib/python3.8/site-packages/airflow/example_dags/example_trigger_target_dag.py
[2023-09-07T16:18:55.954+0000] {logging_mixin.py:151} INFO - [2023-09-07T16:18:55.953+0000] {dag.py:2907} INFO - Sync 1 DAGs
[2023-09-07T16:18:55.963+0000] {logging_mixin.py:151} INFO - [2023-09-07T16:18:55.963+0000] {dag.py:3677} INFO - Setting next_dagrun for example_trigger_target_dag to None, run_after=None
[2023-09-07T16:18:55.975+0000] {processor.py:179} INFO - Processing /home/airflow/.local/lib/python3.8/site-packages/airflow/example_dags/example_trigger_target_dag.py took 0.053 seconds
[2023-09-07T16:19:26.314+0000] {processor.py:157} INFO - Started process (PID=10008) to work on /home/airflow/.local/lib/python3.8/site-packages/airflow/example_dags/example_trigger_target_dag.py
[2023-09-07T16:19:26.315+0000] {processor.py:829} INFO - Processing file /home/airflow/.local/lib/python3.8/site-packages/airflow/example_dags/example_trigger_target_dag.py for tasks to queue
[2023-09-07T16:19:26.316+0000] {logging_mixin.py:151} INFO - [2023-09-07T16:19:26.316+0000] {dagbag.py:539} INFO - Filling up the DagBag from /home/airflow/.local/lib/python3.8/site-packages/airflow/example_dags/example_trigger_target_dag.py
[2023-09-07T16:19:26.324+0000] {processor.py:839} INFO - DAG(s) dict_keys(['example_trigger_target_dag']) retrieved from /home/airflow/.local/lib/python3.8/site-packages/airflow/example_dags/example_trigger_target_dag.py
[2023-09-07T16:19:26.350+0000] {logging_mixin.py:151} INFO - [2023-09-07T16:19:26.349+0000] {dag.py:2907} INFO - Sync 1 DAGs
[2023-09-07T16:19:26.359+0000] {logging_mixin.py:151} INFO - [2023-09-07T16:19:26.358+0000] {dag.py:3677} INFO - Setting next_dagrun for example_trigger_target_dag to None, run_after=None
[2023-09-07T16:19:26.370+0000] {processor.py:179} INFO - Processing /home/airflow/.local/lib/python3.8/site-packages/airflow/example_dags/example_trigger_target_dag.py took 0.060 seconds
[2023-09-07T16:19:56.771+0000] {processor.py:157} INFO - Started process (PID=10246) to work on /home/airflow/.local/lib/python3.8/site-packages/airflow/example_dags/example_trigger_target_dag.py
[2023-09-07T16:19:56.773+0000] {processor.py:829} INFO - Processing file /home/airflow/.local/lib/python3.8/site-packages/airflow/example_dags/example_trigger_target_dag.py for tasks to queue
[2023-09-07T16:19:56.776+0000] {logging_mixin.py:151} INFO - [2023-09-07T16:19:56.776+0000] {dagbag.py:539} INFO - Filling up the DagBag from /home/airflow/.local/lib/python3.8/site-packages/airflow/example_dags/example_trigger_target_dag.py
[2023-09-07T16:19:56.783+0000] {processor.py:839} INFO - DAG(s) dict_keys(['example_trigger_target_dag']) retrieved from /home/airflow/.local/lib/python3.8/site-packages/airflow/example_dags/example_trigger_target_dag.py
[2023-09-07T16:19:56.801+0000] {logging_mixin.py:151} INFO - [2023-09-07T16:19:56.801+0000] {dag.py:2907} INFO - Sync 1 DAGs
[2023-09-07T16:19:56.809+0000] {logging_mixin.py:151} INFO - [2023-09-07T16:19:56.809+0000] {dag.py:3677} INFO - Setting next_dagrun for example_trigger_target_dag to None, run_after=None
[2023-09-07T16:19:56.820+0000] {processor.py:179} INFO - Processing /home/airflow/.local/lib/python3.8/site-packages/airflow/example_dags/example_trigger_target_dag.py took 0.052 seconds
[2023-09-07T16:20:27.197+0000] {processor.py:157} INFO - Started process (PID=10484) to work on /home/airflow/.local/lib/python3.8/site-packages/airflow/example_dags/example_trigger_target_dag.py
[2023-09-07T16:20:27.199+0000] {processor.py:829} INFO - Processing file /home/airflow/.local/lib/python3.8/site-packages/airflow/example_dags/example_trigger_target_dag.py for tasks to queue
[2023-09-07T16:20:27.200+0000] {logging_mixin.py:151} INFO - [2023-09-07T16:20:27.199+0000] {dagbag.py:539} INFO - Filling up the DagBag from /home/airflow/.local/lib/python3.8/site-packages/airflow/example_dags/example_trigger_target_dag.py
[2023-09-07T16:20:27.205+0000] {processor.py:839} INFO - DAG(s) dict_keys(['example_trigger_target_dag']) retrieved from /home/airflow/.local/lib/python3.8/site-packages/airflow/example_dags/example_trigger_target_dag.py
[2023-09-07T16:20:27.222+0000] {logging_mixin.py:151} INFO - [2023-09-07T16:20:27.222+0000] {dag.py:2907} INFO - Sync 1 DAGs
[2023-09-07T16:20:27.230+0000] {logging_mixin.py:151} INFO - [2023-09-07T16:20:27.230+0000] {dag.py:3677} INFO - Setting next_dagrun for example_trigger_target_dag to None, run_after=None
[2023-09-07T16:20:27.240+0000] {processor.py:179} INFO - Processing /home/airflow/.local/lib/python3.8/site-packages/airflow/example_dags/example_trigger_target_dag.py took 0.046 seconds
[2023-09-07T16:20:57.769+0000] {processor.py:157} INFO - Started process (PID=10723) to work on /home/airflow/.local/lib/python3.8/site-packages/airflow/example_dags/example_trigger_target_dag.py
[2023-09-07T16:20:57.771+0000] {processor.py:829} INFO - Processing file /home/airflow/.local/lib/python3.8/site-packages/airflow/example_dags/example_trigger_target_dag.py for tasks to queue
[2023-09-07T16:20:57.772+0000] {logging_mixin.py:151} INFO - [2023-09-07T16:20:57.772+0000] {dagbag.py:539} INFO - Filling up the DagBag from /home/airflow/.local/lib/python3.8/site-packages/airflow/example_dags/example_trigger_target_dag.py
[2023-09-07T16:20:57.778+0000] {processor.py:839} INFO - DAG(s) dict_keys(['example_trigger_target_dag']) retrieved from /home/airflow/.local/lib/python3.8/site-packages/airflow/example_dags/example_trigger_target_dag.py
[2023-09-07T16:20:57.797+0000] {logging_mixin.py:151} INFO - [2023-09-07T16:20:57.797+0000] {dag.py:2907} INFO - Sync 1 DAGs
[2023-09-07T16:20:57.805+0000] {logging_mixin.py:151} INFO - [2023-09-07T16:20:57.805+0000] {dag.py:3677} INFO - Setting next_dagrun for example_trigger_target_dag to None, run_after=None
[2023-09-07T16:20:57.815+0000] {processor.py:179} INFO - Processing /home/airflow/.local/lib/python3.8/site-packages/airflow/example_dags/example_trigger_target_dag.py took 0.052 seconds
[2023-09-07T16:21:28.131+0000] {processor.py:157} INFO - Started process (PID=10959) to work on /home/airflow/.local/lib/python3.8/site-packages/airflow/example_dags/example_trigger_target_dag.py
[2023-09-07T16:21:28.133+0000] {processor.py:829} INFO - Processing file /home/airflow/.local/lib/python3.8/site-packages/airflow/example_dags/example_trigger_target_dag.py for tasks to queue
[2023-09-07T16:21:28.134+0000] {logging_mixin.py:151} INFO - [2023-09-07T16:21:28.133+0000] {dagbag.py:539} INFO - Filling up the DagBag from /home/airflow/.local/lib/python3.8/site-packages/airflow/example_dags/example_trigger_target_dag.py
[2023-09-07T16:21:28.138+0000] {processor.py:839} INFO - DAG(s) dict_keys(['example_trigger_target_dag']) retrieved from /home/airflow/.local/lib/python3.8/site-packages/airflow/example_dags/example_trigger_target_dag.py
[2023-09-07T16:21:28.156+0000] {logging_mixin.py:151} INFO - [2023-09-07T16:21:28.156+0000] {dag.py:2907} INFO - Sync 1 DAGs
[2023-09-07T16:21:28.165+0000] {logging_mixin.py:151} INFO - [2023-09-07T16:21:28.164+0000] {dag.py:3677} INFO - Setting next_dagrun for example_trigger_target_dag to None, run_after=None
[2023-09-07T16:21:28.175+0000] {processor.py:179} INFO - Processing /home/airflow/.local/lib/python3.8/site-packages/airflow/example_dags/example_trigger_target_dag.py took 0.047 seconds
[2023-09-07T16:21:58.726+0000] {processor.py:157} INFO - Started process (PID=11199) to work on /home/airflow/.local/lib/python3.8/site-packages/airflow/example_dags/example_trigger_target_dag.py
[2023-09-07T16:21:58.728+0000] {processor.py:829} INFO - Processing file /home/airflow/.local/lib/python3.8/site-packages/airflow/example_dags/example_trigger_target_dag.py for tasks to queue
[2023-09-07T16:21:58.729+0000] {logging_mixin.py:151} INFO - [2023-09-07T16:21:58.729+0000] {dagbag.py:539} INFO - Filling up the DagBag from /home/airflow/.local/lib/python3.8/site-packages/airflow/example_dags/example_trigger_target_dag.py
[2023-09-07T16:21:58.734+0000] {processor.py:839} INFO - DAG(s) dict_keys(['example_trigger_target_dag']) retrieved from /home/airflow/.local/lib/python3.8/site-packages/airflow/example_dags/example_trigger_target_dag.py
[2023-09-07T16:21:58.752+0000] {logging_mixin.py:151} INFO - [2023-09-07T16:21:58.752+0000] {dag.py:2907} INFO - Sync 1 DAGs
[2023-09-07T16:21:58.762+0000] {logging_mixin.py:151} INFO - [2023-09-07T16:21:58.761+0000] {dag.py:3677} INFO - Setting next_dagrun for example_trigger_target_dag to None, run_after=None
[2023-09-07T16:21:58.776+0000] {processor.py:179} INFO - Processing /home/airflow/.local/lib/python3.8/site-packages/airflow/example_dags/example_trigger_target_dag.py took 0.053 seconds
[2023-09-07T16:22:29.358+0000] {processor.py:157} INFO - Started process (PID=11436) to work on /home/airflow/.local/lib/python3.8/site-packages/airflow/example_dags/example_trigger_target_dag.py
[2023-09-07T16:22:29.359+0000] {processor.py:829} INFO - Processing file /home/airflow/.local/lib/python3.8/site-packages/airflow/example_dags/example_trigger_target_dag.py for tasks to queue
[2023-09-07T16:22:29.360+0000] {logging_mixin.py:151} INFO - [2023-09-07T16:22:29.360+0000] {dagbag.py:539} INFO - Filling up the DagBag from /home/airflow/.local/lib/python3.8/site-packages/airflow/example_dags/example_trigger_target_dag.py
[2023-09-07T16:22:29.365+0000] {processor.py:839} INFO - DAG(s) dict_keys(['example_trigger_target_dag']) retrieved from /home/airflow/.local/lib/python3.8/site-packages/airflow/example_dags/example_trigger_target_dag.py
[2023-09-07T16:22:29.381+0000] {logging_mixin.py:151} INFO - [2023-09-07T16:22:29.381+0000] {dag.py:2907} INFO - Sync 1 DAGs
[2023-09-07T16:22:29.389+0000] {logging_mixin.py:151} INFO - [2023-09-07T16:22:29.389+0000] {dag.py:3677} INFO - Setting next_dagrun for example_trigger_target_dag to None, run_after=None
[2023-09-07T16:22:29.399+0000] {processor.py:179} INFO - Processing /home/airflow/.local/lib/python3.8/site-packages/airflow/example_dags/example_trigger_target_dag.py took 0.043 seconds
[2023-09-07T16:22:59.753+0000] {processor.py:157} INFO - Started process (PID=11674) to work on /home/airflow/.local/lib/python3.8/site-packages/airflow/example_dags/example_trigger_target_dag.py
[2023-09-07T16:22:59.756+0000] {processor.py:829} INFO - Processing file /home/airflow/.local/lib/python3.8/site-packages/airflow/example_dags/example_trigger_target_dag.py for tasks to queue
[2023-09-07T16:22:59.757+0000] {logging_mixin.py:151} INFO - [2023-09-07T16:22:59.757+0000] {dagbag.py:539} INFO - Filling up the DagBag from /home/airflow/.local/lib/python3.8/site-packages/airflow/example_dags/example_trigger_target_dag.py
[2023-09-07T16:22:59.765+0000] {processor.py:839} INFO - DAG(s) dict_keys(['example_trigger_target_dag']) retrieved from /home/airflow/.local/lib/python3.8/site-packages/airflow/example_dags/example_trigger_target_dag.py
[2023-09-07T16:22:59.786+0000] {logging_mixin.py:151} INFO - [2023-09-07T16:22:59.786+0000] {dag.py:2907} INFO - Sync 1 DAGs
[2023-09-07T16:22:59.795+0000] {logging_mixin.py:151} INFO - [2023-09-07T16:22:59.795+0000] {dag.py:3677} INFO - Setting next_dagrun for example_trigger_target_dag to None, run_after=None
[2023-09-07T16:22:59.806+0000] {processor.py:179} INFO - Processing /home/airflow/.local/lib/python3.8/site-packages/airflow/example_dags/example_trigger_target_dag.py took 0.057 seconds
[2023-09-07T16:23:30.363+0000] {processor.py:157} INFO - Started process (PID=11912) to work on /home/airflow/.local/lib/python3.8/site-packages/airflow/example_dags/example_trigger_target_dag.py
[2023-09-07T16:23:30.364+0000] {processor.py:829} INFO - Processing file /home/airflow/.local/lib/python3.8/site-packages/airflow/example_dags/example_trigger_target_dag.py for tasks to queue
[2023-09-07T16:23:30.365+0000] {logging_mixin.py:151} INFO - [2023-09-07T16:23:30.365+0000] {dagbag.py:539} INFO - Filling up the DagBag from /home/airflow/.local/lib/python3.8/site-packages/airflow/example_dags/example_trigger_target_dag.py
[2023-09-07T16:23:30.370+0000] {processor.py:839} INFO - DAG(s) dict_keys(['example_trigger_target_dag']) retrieved from /home/airflow/.local/lib/python3.8/site-packages/airflow/example_dags/example_trigger_target_dag.py
[2023-09-07T16:23:30.386+0000] {logging_mixin.py:151} INFO - [2023-09-07T16:23:30.386+0000] {dag.py:2907} INFO - Sync 1 DAGs
[2023-09-07T16:23:30.394+0000] {logging_mixin.py:151} INFO - [2023-09-07T16:23:30.394+0000] {dag.py:3677} INFO - Setting next_dagrun for example_trigger_target_dag to None, run_after=None
[2023-09-07T16:23:30.404+0000] {processor.py:179} INFO - Processing /home/airflow/.local/lib/python3.8/site-packages/airflow/example_dags/example_trigger_target_dag.py took 0.044 seconds
[2023-09-07T16:24:00.937+0000] {processor.py:157} INFO - Started process (PID=12150) to work on /home/airflow/.local/lib/python3.8/site-packages/airflow/example_dags/example_trigger_target_dag.py
[2023-09-07T16:24:00.939+0000] {processor.py:829} INFO - Processing file /home/airflow/.local/lib/python3.8/site-packages/airflow/example_dags/example_trigger_target_dag.py for tasks to queue
[2023-09-07T16:24:00.940+0000] {logging_mixin.py:151} INFO - [2023-09-07T16:24:00.939+0000] {dagbag.py:539} INFO - Filling up the DagBag from /home/airflow/.local/lib/python3.8/site-packages/airflow/example_dags/example_trigger_target_dag.py
[2023-09-07T16:24:00.946+0000] {processor.py:839} INFO - DAG(s) dict_keys(['example_trigger_target_dag']) retrieved from /home/airflow/.local/lib/python3.8/site-packages/airflow/example_dags/example_trigger_target_dag.py
[2023-09-07T16:24:00.968+0000] {logging_mixin.py:151} INFO - [2023-09-07T16:24:00.968+0000] {dag.py:2907} INFO - Sync 1 DAGs
[2023-09-07T16:24:00.978+0000] {logging_mixin.py:151} INFO - [2023-09-07T16:24:00.977+0000] {dag.py:3677} INFO - Setting next_dagrun for example_trigger_target_dag to None, run_after=None
[2023-09-07T16:24:00.990+0000] {processor.py:179} INFO - Processing /home/airflow/.local/lib/python3.8/site-packages/airflow/example_dags/example_trigger_target_dag.py took 0.056 seconds
[2023-09-07T16:24:31.427+0000] {processor.py:157} INFO - Started process (PID=12388) to work on /home/airflow/.local/lib/python3.8/site-packages/airflow/example_dags/example_trigger_target_dag.py
[2023-09-07T16:24:31.428+0000] {processor.py:829} INFO - Processing file /home/airflow/.local/lib/python3.8/site-packages/airflow/example_dags/example_trigger_target_dag.py for tasks to queue
[2023-09-07T16:24:31.429+0000] {logging_mixin.py:151} INFO - [2023-09-07T16:24:31.428+0000] {dagbag.py:539} INFO - Filling up the DagBag from /home/airflow/.local/lib/python3.8/site-packages/airflow/example_dags/example_trigger_target_dag.py
[2023-09-07T16:24:31.433+0000] {processor.py:839} INFO - DAG(s) dict_keys(['example_trigger_target_dag']) retrieved from /home/airflow/.local/lib/python3.8/site-packages/airflow/example_dags/example_trigger_target_dag.py
[2023-09-07T16:24:31.450+0000] {logging_mixin.py:151} INFO - [2023-09-07T16:24:31.450+0000] {dag.py:2907} INFO - Sync 1 DAGs
[2023-09-07T16:24:31.457+0000] {logging_mixin.py:151} INFO - [2023-09-07T16:24:31.457+0000] {dag.py:3677} INFO - Setting next_dagrun for example_trigger_target_dag to None, run_after=None
[2023-09-07T16:24:31.467+0000] {processor.py:179} INFO - Processing /home/airflow/.local/lib/python3.8/site-packages/airflow/example_dags/example_trigger_target_dag.py took 0.042 seconds
[2023-09-07T16:25:01.789+0000] {processor.py:157} INFO - Started process (PID=12627) to work on /home/airflow/.local/lib/python3.8/site-packages/airflow/example_dags/example_trigger_target_dag.py
[2023-09-07T16:25:01.790+0000] {processor.py:829} INFO - Processing file /home/airflow/.local/lib/python3.8/site-packages/airflow/example_dags/example_trigger_target_dag.py for tasks to queue
[2023-09-07T16:25:01.791+0000] {logging_mixin.py:151} INFO - [2023-09-07T16:25:01.791+0000] {dagbag.py:539} INFO - Filling up the DagBag from /home/airflow/.local/lib/python3.8/site-packages/airflow/example_dags/example_trigger_target_dag.py
[2023-09-07T16:25:01.796+0000] {processor.py:839} INFO - DAG(s) dict_keys(['example_trigger_target_dag']) retrieved from /home/airflow/.local/lib/python3.8/site-packages/airflow/example_dags/example_trigger_target_dag.py
[2023-09-07T16:25:01.812+0000] {logging_mixin.py:151} INFO - [2023-09-07T16:25:01.812+0000] {dag.py:2907} INFO - Sync 1 DAGs
[2023-09-07T16:25:01.820+0000] {logging_mixin.py:151} INFO - [2023-09-07T16:25:01.819+0000] {dag.py:3677} INFO - Setting next_dagrun for example_trigger_target_dag to None, run_after=None
[2023-09-07T16:25:01.829+0000] {processor.py:179} INFO - Processing /home/airflow/.local/lib/python3.8/site-packages/airflow/example_dags/example_trigger_target_dag.py took 0.042 seconds
[2023-09-07T16:25:32.296+0000] {processor.py:157} INFO - Started process (PID=12864) to work on /home/airflow/.local/lib/python3.8/site-packages/airflow/example_dags/example_trigger_target_dag.py
[2023-09-07T16:25:32.297+0000] {processor.py:829} INFO - Processing file /home/airflow/.local/lib/python3.8/site-packages/airflow/example_dags/example_trigger_target_dag.py for tasks to queue
[2023-09-07T16:25:32.298+0000] {logging_mixin.py:151} INFO - [2023-09-07T16:25:32.298+0000] {dagbag.py:539} INFO - Filling up the DagBag from /home/airflow/.local/lib/python3.8/site-packages/airflow/example_dags/example_trigger_target_dag.py
[2023-09-07T16:25:32.303+0000] {processor.py:839} INFO - DAG(s) dict_keys(['example_trigger_target_dag']) retrieved from /home/airflow/.local/lib/python3.8/site-packages/airflow/example_dags/example_trigger_target_dag.py
[2023-09-07T16:25:32.319+0000] {logging_mixin.py:151} INFO - [2023-09-07T16:25:32.319+0000] {dag.py:2907} INFO - Sync 1 DAGs
[2023-09-07T16:25:32.328+0000] {logging_mixin.py:151} INFO - [2023-09-07T16:25:32.328+0000] {dag.py:3677} INFO - Setting next_dagrun for example_trigger_target_dag to None, run_after=None
[2023-09-07T16:25:32.340+0000] {processor.py:179} INFO - Processing /home/airflow/.local/lib/python3.8/site-packages/airflow/example_dags/example_trigger_target_dag.py took 0.046 seconds
[2023-09-07T16:26:02.897+0000] {processor.py:157} INFO - Started process (PID=13102) to work on /home/airflow/.local/lib/python3.8/site-packages/airflow/example_dags/example_trigger_target_dag.py
[2023-09-07T16:26:02.898+0000] {processor.py:829} INFO - Processing file /home/airflow/.local/lib/python3.8/site-packages/airflow/example_dags/example_trigger_target_dag.py for tasks to queue
[2023-09-07T16:26:02.899+0000] {logging_mixin.py:151} INFO - [2023-09-07T16:26:02.899+0000] {dagbag.py:539} INFO - Filling up the DagBag from /home/airflow/.local/lib/python3.8/site-packages/airflow/example_dags/example_trigger_target_dag.py
[2023-09-07T16:26:02.904+0000] {processor.py:839} INFO - DAG(s) dict_keys(['example_trigger_target_dag']) retrieved from /home/airflow/.local/lib/python3.8/site-packages/airflow/example_dags/example_trigger_target_dag.py
[2023-09-07T16:26:02.921+0000] {logging_mixin.py:151} INFO - [2023-09-07T16:26:02.920+0000] {dag.py:2907} INFO - Sync 1 DAGs
[2023-09-07T16:26:02.928+0000] {logging_mixin.py:151} INFO - [2023-09-07T16:26:02.928+0000] {dag.py:3677} INFO - Setting next_dagrun for example_trigger_target_dag to None, run_after=None
[2023-09-07T16:26:02.938+0000] {processor.py:179} INFO - Processing /home/airflow/.local/lib/python3.8/site-packages/airflow/example_dags/example_trigger_target_dag.py took 0.044 seconds
[2023-09-07T16:26:33.798+0000] {processor.py:157} INFO - Started process (PID=13341) to work on /home/airflow/.local/lib/python3.8/site-packages/airflow/example_dags/example_trigger_target_dag.py
[2023-09-07T16:26:33.799+0000] {processor.py:829} INFO - Processing file /home/airflow/.local/lib/python3.8/site-packages/airflow/example_dags/example_trigger_target_dag.py for tasks to queue
[2023-09-07T16:26:33.800+0000] {logging_mixin.py:151} INFO - [2023-09-07T16:26:33.799+0000] {dagbag.py:539} INFO - Filling up the DagBag from /home/airflow/.local/lib/python3.8/site-packages/airflow/example_dags/example_trigger_target_dag.py
[2023-09-07T16:26:33.804+0000] {processor.py:839} INFO - DAG(s) dict_keys(['example_trigger_target_dag']) retrieved from /home/airflow/.local/lib/python3.8/site-packages/airflow/example_dags/example_trigger_target_dag.py
[2023-09-07T16:26:33.821+0000] {logging_mixin.py:151} INFO - [2023-09-07T16:26:33.820+0000] {dag.py:2907} INFO - Sync 1 DAGs
[2023-09-07T16:26:33.828+0000] {logging_mixin.py:151} INFO - [2023-09-07T16:26:33.828+0000] {dag.py:3677} INFO - Setting next_dagrun for example_trigger_target_dag to None, run_after=None
[2023-09-07T16:26:33.838+0000] {processor.py:179} INFO - Processing /home/airflow/.local/lib/python3.8/site-packages/airflow/example_dags/example_trigger_target_dag.py took 0.042 seconds
[2023-09-07T16:27:04.107+0000] {processor.py:157} INFO - Started process (PID=13577) to work on /home/airflow/.local/lib/python3.8/site-packages/airflow/example_dags/example_trigger_target_dag.py
[2023-09-07T16:27:04.109+0000] {processor.py:829} INFO - Processing file /home/airflow/.local/lib/python3.8/site-packages/airflow/example_dags/example_trigger_target_dag.py for tasks to queue
[2023-09-07T16:27:04.110+0000] {logging_mixin.py:151} INFO - [2023-09-07T16:27:04.110+0000] {dagbag.py:539} INFO - Filling up the DagBag from /home/airflow/.local/lib/python3.8/site-packages/airflow/example_dags/example_trigger_target_dag.py
[2023-09-07T16:27:04.115+0000] {processor.py:839} INFO - DAG(s) dict_keys(['example_trigger_target_dag']) retrieved from /home/airflow/.local/lib/python3.8/site-packages/airflow/example_dags/example_trigger_target_dag.py
[2023-09-07T16:27:04.132+0000] {logging_mixin.py:151} INFO - [2023-09-07T16:27:04.131+0000] {dag.py:2907} INFO - Sync 1 DAGs
[2023-09-07T16:27:04.140+0000] {logging_mixin.py:151} INFO - [2023-09-07T16:27:04.140+0000] {dag.py:3677} INFO - Setting next_dagrun for example_trigger_target_dag to None, run_after=None
[2023-09-07T16:27:04.152+0000] {processor.py:179} INFO - Processing /home/airflow/.local/lib/python3.8/site-packages/airflow/example_dags/example_trigger_target_dag.py took 0.047 seconds
[2023-09-07T16:27:34.508+0000] {processor.py:157} INFO - Started process (PID=13818) to work on /home/airflow/.local/lib/python3.8/site-packages/airflow/example_dags/example_trigger_target_dag.py
[2023-09-07T16:27:34.510+0000] {processor.py:829} INFO - Processing file /home/airflow/.local/lib/python3.8/site-packages/airflow/example_dags/example_trigger_target_dag.py for tasks to queue
[2023-09-07T16:27:34.511+0000] {logging_mixin.py:151} INFO - [2023-09-07T16:27:34.511+0000] {dagbag.py:539} INFO - Filling up the DagBag from /home/airflow/.local/lib/python3.8/site-packages/airflow/example_dags/example_trigger_target_dag.py
[2023-09-07T16:27:34.516+0000] {processor.py:839} INFO - DAG(s) dict_keys(['example_trigger_target_dag']) retrieved from /home/airflow/.local/lib/python3.8/site-packages/airflow/example_dags/example_trigger_target_dag.py
[2023-09-07T16:27:34.532+0000] {logging_mixin.py:151} INFO - [2023-09-07T16:27:34.532+0000] {dag.py:2907} INFO - Sync 1 DAGs
[2023-09-07T16:27:34.541+0000] {logging_mixin.py:151} INFO - [2023-09-07T16:27:34.541+0000] {dag.py:3677} INFO - Setting next_dagrun for example_trigger_target_dag to None, run_after=None
[2023-09-07T16:27:34.551+0000] {processor.py:179} INFO - Processing /home/airflow/.local/lib/python3.8/site-packages/airflow/example_dags/example_trigger_target_dag.py took 0.046 seconds
[2023-09-07T16:28:04.960+0000] {processor.py:157} INFO - Started process (PID=14054) to work on /home/airflow/.local/lib/python3.8/site-packages/airflow/example_dags/example_trigger_target_dag.py
[2023-09-07T16:28:04.961+0000] {processor.py:829} INFO - Processing file /home/airflow/.local/lib/python3.8/site-packages/airflow/example_dags/example_trigger_target_dag.py for tasks to queue
[2023-09-07T16:28:04.962+0000] {logging_mixin.py:151} INFO - [2023-09-07T16:28:04.962+0000] {dagbag.py:539} INFO - Filling up the DagBag from /home/airflow/.local/lib/python3.8/site-packages/airflow/example_dags/example_trigger_target_dag.py
[2023-09-07T16:28:04.967+0000] {processor.py:839} INFO - DAG(s) dict_keys(['example_trigger_target_dag']) retrieved from /home/airflow/.local/lib/python3.8/site-packages/airflow/example_dags/example_trigger_target_dag.py
[2023-09-07T16:28:04.985+0000] {logging_mixin.py:151} INFO - [2023-09-07T16:28:04.985+0000] {dag.py:2907} INFO - Sync 1 DAGs
[2023-09-07T16:28:04.993+0000] {logging_mixin.py:151} INFO - [2023-09-07T16:28:04.993+0000] {dag.py:3677} INFO - Setting next_dagrun for example_trigger_target_dag to None, run_after=None
[2023-09-07T16:28:05.003+0000] {processor.py:179} INFO - Processing /home/airflow/.local/lib/python3.8/site-packages/airflow/example_dags/example_trigger_target_dag.py took 0.046 seconds
[2023-09-07T16:28:35.506+0000] {processor.py:157} INFO - Started process (PID=14294) to work on /home/airflow/.local/lib/python3.8/site-packages/airflow/example_dags/example_trigger_target_dag.py
[2023-09-07T16:28:35.507+0000] {processor.py:829} INFO - Processing file /home/airflow/.local/lib/python3.8/site-packages/airflow/example_dags/example_trigger_target_dag.py for tasks to queue
[2023-09-07T16:28:35.508+0000] {logging_mixin.py:151} INFO - [2023-09-07T16:28:35.508+0000] {dagbag.py:539} INFO - Filling up the DagBag from /home/airflow/.local/lib/python3.8/site-packages/airflow/example_dags/example_trigger_target_dag.py
[2023-09-07T16:28:35.514+0000] {processor.py:839} INFO - DAG(s) dict_keys(['example_trigger_target_dag']) retrieved from /home/airflow/.local/lib/python3.8/site-packages/airflow/example_dags/example_trigger_target_dag.py
[2023-09-07T16:28:35.531+0000] {logging_mixin.py:151} INFO - [2023-09-07T16:28:35.531+0000] {dag.py:2907} INFO - Sync 1 DAGs
[2023-09-07T16:28:35.540+0000] {logging_mixin.py:151} INFO - [2023-09-07T16:28:35.540+0000] {dag.py:3677} INFO - Setting next_dagrun for example_trigger_target_dag to None, run_after=None
[2023-09-07T16:28:35.553+0000] {processor.py:179} INFO - Processing /home/airflow/.local/lib/python3.8/site-packages/airflow/example_dags/example_trigger_target_dag.py took 0.049 seconds
[2023-09-07T16:29:07.281+0000] {processor.py:157} INFO - Started process (PID=14529) to work on /home/airflow/.local/lib/python3.8/site-packages/airflow/example_dags/example_trigger_target_dag.py
[2023-09-07T16:29:07.282+0000] {processor.py:829} INFO - Processing file /home/airflow/.local/lib/python3.8/site-packages/airflow/example_dags/example_trigger_target_dag.py for tasks to queue
[2023-09-07T16:29:07.283+0000] {logging_mixin.py:151} INFO - [2023-09-07T16:29:07.283+0000] {dagbag.py:539} INFO - Filling up the DagBag from /home/airflow/.local/lib/python3.8/site-packages/airflow/example_dags/example_trigger_target_dag.py
[2023-09-07T16:29:07.289+0000] {processor.py:839} INFO - DAG(s) dict_keys(['example_trigger_target_dag']) retrieved from /home/airflow/.local/lib/python3.8/site-packages/airflow/example_dags/example_trigger_target_dag.py
[2023-09-07T16:29:07.307+0000] {logging_mixin.py:151} INFO - [2023-09-07T16:29:07.307+0000] {dag.py:2907} INFO - Sync 1 DAGs
[2023-09-07T16:29:07.316+0000] {logging_mixin.py:151} INFO - [2023-09-07T16:29:07.315+0000] {dag.py:3677} INFO - Setting next_dagrun for example_trigger_target_dag to None, run_after=None
[2023-09-07T16:29:07.326+0000] {processor.py:179} INFO - Processing /home/airflow/.local/lib/python3.8/site-packages/airflow/example_dags/example_trigger_target_dag.py took 0.048 seconds
[2023-09-07T16:30:58.510+0000] {processor.py:157} INFO - Started process (PID=14765) to work on /home/airflow/.local/lib/python3.8/site-packages/airflow/example_dags/example_trigger_target_dag.py
[2023-09-07T16:30:58.513+0000] {processor.py:829} INFO - Processing file /home/airflow/.local/lib/python3.8/site-packages/airflow/example_dags/example_trigger_target_dag.py for tasks to queue
[2023-09-07T16:30:58.516+0000] {logging_mixin.py:151} INFO - [2023-09-07T16:30:58.515+0000] {dagbag.py:539} INFO - Filling up the DagBag from /home/airflow/.local/lib/python3.8/site-packages/airflow/example_dags/example_trigger_target_dag.py
[2023-09-07T16:30:58.526+0000] {processor.py:839} INFO - DAG(s) dict_keys(['example_trigger_target_dag']) retrieved from /home/airflow/.local/lib/python3.8/site-packages/airflow/example_dags/example_trigger_target_dag.py
[2023-09-07T16:30:58.561+0000] {logging_mixin.py:151} INFO - [2023-09-07T16:30:58.561+0000] {dag.py:2907} INFO - Sync 1 DAGs
[2023-09-07T16:30:58.571+0000] {logging_mixin.py:151} INFO - [2023-09-07T16:30:58.571+0000] {dag.py:3677} INFO - Setting next_dagrun for example_trigger_target_dag to None, run_after=None
[2023-09-07T16:30:58.599+0000] {processor.py:179} INFO - Processing /home/airflow/.local/lib/python3.8/site-packages/airflow/example_dags/example_trigger_target_dag.py took 0.092 seconds
[2023-09-07T16:31:29.410+0000] {processor.py:157} INFO - Started process (PID=15003) to work on /home/airflow/.local/lib/python3.8/site-packages/airflow/example_dags/example_trigger_target_dag.py
[2023-09-07T16:31:29.411+0000] {processor.py:829} INFO - Processing file /home/airflow/.local/lib/python3.8/site-packages/airflow/example_dags/example_trigger_target_dag.py for tasks to queue
[2023-09-07T16:31:29.412+0000] {logging_mixin.py:151} INFO - [2023-09-07T16:31:29.412+0000] {dagbag.py:539} INFO - Filling up the DagBag from /home/airflow/.local/lib/python3.8/site-packages/airflow/example_dags/example_trigger_target_dag.py
[2023-09-07T16:31:29.417+0000] {processor.py:839} INFO - DAG(s) dict_keys(['example_trigger_target_dag']) retrieved from /home/airflow/.local/lib/python3.8/site-packages/airflow/example_dags/example_trigger_target_dag.py
[2023-09-07T16:31:29.434+0000] {logging_mixin.py:151} INFO - [2023-09-07T16:31:29.434+0000] {dag.py:2907} INFO - Sync 1 DAGs
[2023-09-07T16:31:29.443+0000] {logging_mixin.py:151} INFO - [2023-09-07T16:31:29.443+0000] {dag.py:3677} INFO - Setting next_dagrun for example_trigger_target_dag to None, run_after=None
[2023-09-07T16:31:29.453+0000] {processor.py:179} INFO - Processing /home/airflow/.local/lib/python3.8/site-packages/airflow/example_dags/example_trigger_target_dag.py took 0.046 seconds
[2023-09-07T16:32:00.260+0000] {processor.py:157} INFO - Started process (PID=15241) to work on /home/airflow/.local/lib/python3.8/site-packages/airflow/example_dags/example_trigger_target_dag.py
[2023-09-07T16:32:00.261+0000] {processor.py:829} INFO - Processing file /home/airflow/.local/lib/python3.8/site-packages/airflow/example_dags/example_trigger_target_dag.py for tasks to queue
[2023-09-07T16:32:00.262+0000] {logging_mixin.py:151} INFO - [2023-09-07T16:32:00.262+0000] {dagbag.py:539} INFO - Filling up the DagBag from /home/airflow/.local/lib/python3.8/site-packages/airflow/example_dags/example_trigger_target_dag.py
[2023-09-07T16:32:00.268+0000] {processor.py:839} INFO - DAG(s) dict_keys(['example_trigger_target_dag']) retrieved from /home/airflow/.local/lib/python3.8/site-packages/airflow/example_dags/example_trigger_target_dag.py
[2023-09-07T16:32:00.285+0000] {logging_mixin.py:151} INFO - [2023-09-07T16:32:00.285+0000] {dag.py:2907} INFO - Sync 1 DAGs
[2023-09-07T16:32:00.294+0000] {logging_mixin.py:151} INFO - [2023-09-07T16:32:00.294+0000] {dag.py:3677} INFO - Setting next_dagrun for example_trigger_target_dag to None, run_after=None
[2023-09-07T16:32:00.304+0000] {processor.py:179} INFO - Processing /home/airflow/.local/lib/python3.8/site-packages/airflow/example_dags/example_trigger_target_dag.py took 0.047 seconds
[2023-09-07T16:32:32.129+0000] {processor.py:157} INFO - Started process (PID=15479) to work on /home/airflow/.local/lib/python3.8/site-packages/airflow/example_dags/example_trigger_target_dag.py
[2023-09-07T16:32:32.132+0000] {processor.py:829} INFO - Processing file /home/airflow/.local/lib/python3.8/site-packages/airflow/example_dags/example_trigger_target_dag.py for tasks to queue
[2023-09-07T16:32:32.134+0000] {logging_mixin.py:151} INFO - [2023-09-07T16:32:32.134+0000] {dagbag.py:539} INFO - Filling up the DagBag from /home/airflow/.local/lib/python3.8/site-packages/airflow/example_dags/example_trigger_target_dag.py
[2023-09-07T16:32:32.145+0000] {processor.py:839} INFO - DAG(s) dict_keys(['example_trigger_target_dag']) retrieved from /home/airflow/.local/lib/python3.8/site-packages/airflow/example_dags/example_trigger_target_dag.py
[2023-09-07T16:32:32.185+0000] {logging_mixin.py:151} INFO - [2023-09-07T16:32:32.185+0000] {dag.py:2907} INFO - Sync 1 DAGs
[2023-09-07T16:32:32.202+0000] {logging_mixin.py:151} INFO - [2023-09-07T16:32:32.202+0000] {dag.py:3677} INFO - Setting next_dagrun for example_trigger_target_dag to None, run_after=None
[2023-09-07T16:32:32.221+0000] {processor.py:179} INFO - Processing /home/airflow/.local/lib/python3.8/site-packages/airflow/example_dags/example_trigger_target_dag.py took 0.097 seconds
