[2023-09-07T15:58:24.879+0000] {processor.py:157} INFO - Started process (PID=242) to work on /home/airflow/.local/lib/python3.8/site-packages/airflow/example_dags/example_trigger_controller_dag.py
[2023-09-07T15:58:24.882+0000] {processor.py:829} INFO - Processing file /home/airflow/.local/lib/python3.8/site-packages/airflow/example_dags/example_trigger_controller_dag.py for tasks to queue
[2023-09-07T15:58:24.884+0000] {logging_mixin.py:151} INFO - [2023-09-07T15:58:24.883+0000] {dagbag.py:539} INFO - Filling up the DagBag from /home/airflow/.local/lib/python3.8/site-packages/airflow/example_dags/example_trigger_controller_dag.py
[2023-09-07T15:58:24.890+0000] {processor.py:839} INFO - DAG(s) dict_keys(['example_trigger_controller_dag']) retrieved from /home/airflow/.local/lib/python3.8/site-packages/airflow/example_dags/example_trigger_controller_dag.py
[2023-09-07T15:58:24.908+0000] {logging_mixin.py:151} INFO - [2023-09-07T15:58:24.908+0000] {dag.py:2907} INFO - Sync 1 DAGs
[2023-09-07T15:58:24.926+0000] {logging_mixin.py:151} INFO - [2023-09-07T15:58:24.926+0000] {dag.py:3677} INFO - Setting next_dagrun for example_trigger_controller_dag to 2021-01-01T00:00:00+00:00, run_after=2021-01-01T00:00:00+00:00
[2023-09-07T15:58:24.939+0000] {processor.py:179} INFO - Processing /home/airflow/.local/lib/python3.8/site-packages/airflow/example_dags/example_trigger_controller_dag.py took 0.075 seconds
[2023-09-07T15:58:56.114+0000] {processor.py:157} INFO - Started process (PID=480) to work on /home/airflow/.local/lib/python3.8/site-packages/airflow/example_dags/example_trigger_controller_dag.py
[2023-09-07T15:58:56.119+0000] {processor.py:829} INFO - Processing file /home/airflow/.local/lib/python3.8/site-packages/airflow/example_dags/example_trigger_controller_dag.py for tasks to queue
[2023-09-07T15:58:56.121+0000] {logging_mixin.py:151} INFO - [2023-09-07T15:58:56.120+0000] {dagbag.py:539} INFO - Filling up the DagBag from /home/airflow/.local/lib/python3.8/site-packages/airflow/example_dags/example_trigger_controller_dag.py
[2023-09-07T15:58:56.129+0000] {processor.py:839} INFO - DAG(s) dict_keys(['example_trigger_controller_dag']) retrieved from /home/airflow/.local/lib/python3.8/site-packages/airflow/example_dags/example_trigger_controller_dag.py
[2023-09-07T15:58:56.173+0000] {logging_mixin.py:151} INFO - [2023-09-07T15:58:56.172+0000] {dag.py:2907} INFO - Sync 1 DAGs
[2023-09-07T15:58:56.189+0000] {logging_mixin.py:151} INFO - [2023-09-07T15:58:56.189+0000] {dag.py:3677} INFO - Setting next_dagrun for example_trigger_controller_dag to 2021-01-01T00:00:00+00:00, run_after=2021-01-01T00:00:00+00:00
[2023-09-07T15:58:56.201+0000] {processor.py:179} INFO - Processing /home/airflow/.local/lib/python3.8/site-packages/airflow/example_dags/example_trigger_controller_dag.py took 0.109 seconds
[2023-09-07T15:59:28.145+0000] {processor.py:157} INFO - Started process (PID=720) to work on /home/airflow/.local/lib/python3.8/site-packages/airflow/example_dags/example_trigger_controller_dag.py
[2023-09-07T15:59:28.147+0000] {processor.py:829} INFO - Processing file /home/airflow/.local/lib/python3.8/site-packages/airflow/example_dags/example_trigger_controller_dag.py for tasks to queue
[2023-09-07T15:59:28.148+0000] {logging_mixin.py:151} INFO - [2023-09-07T15:59:28.147+0000] {dagbag.py:539} INFO - Filling up the DagBag from /home/airflow/.local/lib/python3.8/site-packages/airflow/example_dags/example_trigger_controller_dag.py
[2023-09-07T15:59:28.151+0000] {processor.py:839} INFO - DAG(s) dict_keys(['example_trigger_controller_dag']) retrieved from /home/airflow/.local/lib/python3.8/site-packages/airflow/example_dags/example_trigger_controller_dag.py
[2023-09-07T15:59:28.280+0000] {logging_mixin.py:151} INFO - [2023-09-07T15:59:28.280+0000] {dag.py:2907} INFO - Sync 1 DAGs
[2023-09-07T15:59:28.294+0000] {logging_mixin.py:151} INFO - [2023-09-07T15:59:28.294+0000] {dag.py:3677} INFO - Setting next_dagrun for example_trigger_controller_dag to 2021-01-01T00:00:00+00:00, run_after=2021-01-01T00:00:00+00:00
[2023-09-07T15:59:28.303+0000] {processor.py:179} INFO - Processing /home/airflow/.local/lib/python3.8/site-packages/airflow/example_dags/example_trigger_controller_dag.py took 0.161 seconds
[2023-09-07T15:59:59.314+0000] {processor.py:157} INFO - Started process (PID=956) to work on /home/airflow/.local/lib/python3.8/site-packages/airflow/example_dags/example_trigger_controller_dag.py
[2023-09-07T15:59:59.318+0000] {processor.py:829} INFO - Processing file /home/airflow/.local/lib/python3.8/site-packages/airflow/example_dags/example_trigger_controller_dag.py for tasks to queue
[2023-09-07T15:59:59.321+0000] {logging_mixin.py:151} INFO - [2023-09-07T15:59:59.320+0000] {dagbag.py:539} INFO - Filling up the DagBag from /home/airflow/.local/lib/python3.8/site-packages/airflow/example_dags/example_trigger_controller_dag.py
[2023-09-07T15:59:59.334+0000] {processor.py:839} INFO - DAG(s) dict_keys(['example_trigger_controller_dag']) retrieved from /home/airflow/.local/lib/python3.8/site-packages/airflow/example_dags/example_trigger_controller_dag.py
[2023-09-07T15:59:59.365+0000] {logging_mixin.py:151} INFO - [2023-09-07T15:59:59.365+0000] {dag.py:2907} INFO - Sync 1 DAGs
[2023-09-07T15:59:59.382+0000] {logging_mixin.py:151} INFO - [2023-09-07T15:59:59.382+0000] {dag.py:3677} INFO - Setting next_dagrun for example_trigger_controller_dag to 2021-01-01T00:00:00+00:00, run_after=2021-01-01T00:00:00+00:00
[2023-09-07T15:59:59.402+0000] {processor.py:179} INFO - Processing /home/airflow/.local/lib/python3.8/site-packages/airflow/example_dags/example_trigger_controller_dag.py took 0.092 seconds
[2023-09-07T16:00:29.615+0000] {processor.py:157} INFO - Started process (PID=1193) to work on /home/airflow/.local/lib/python3.8/site-packages/airflow/example_dags/example_trigger_controller_dag.py
[2023-09-07T16:00:29.616+0000] {processor.py:829} INFO - Processing file /home/airflow/.local/lib/python3.8/site-packages/airflow/example_dags/example_trigger_controller_dag.py for tasks to queue
[2023-09-07T16:00:29.617+0000] {logging_mixin.py:151} INFO - [2023-09-07T16:00:29.617+0000] {dagbag.py:539} INFO - Filling up the DagBag from /home/airflow/.local/lib/python3.8/site-packages/airflow/example_dags/example_trigger_controller_dag.py
[2023-09-07T16:00:29.621+0000] {processor.py:839} INFO - DAG(s) dict_keys(['example_trigger_controller_dag']) retrieved from /home/airflow/.local/lib/python3.8/site-packages/airflow/example_dags/example_trigger_controller_dag.py
[2023-09-07T16:00:29.639+0000] {logging_mixin.py:151} INFO - [2023-09-07T16:00:29.639+0000] {dag.py:2907} INFO - Sync 1 DAGs
[2023-09-07T16:00:29.657+0000] {logging_mixin.py:151} INFO - [2023-09-07T16:00:29.657+0000] {dag.py:3677} INFO - Setting next_dagrun for example_trigger_controller_dag to 2021-01-01T00:00:00+00:00, run_after=2021-01-01T00:00:00+00:00
[2023-09-07T16:00:29.669+0000] {processor.py:179} INFO - Processing /home/airflow/.local/lib/python3.8/site-packages/airflow/example_dags/example_trigger_controller_dag.py took 0.057 seconds
[2023-09-07T16:01:00.619+0000] {processor.py:157} INFO - Started process (PID=1455) to work on /home/airflow/.local/lib/python3.8/site-packages/airflow/example_dags/example_trigger_controller_dag.py
[2023-09-07T16:01:00.620+0000] {processor.py:829} INFO - Processing file /home/airflow/.local/lib/python3.8/site-packages/airflow/example_dags/example_trigger_controller_dag.py for tasks to queue
[2023-09-07T16:01:00.621+0000] {logging_mixin.py:151} INFO - [2023-09-07T16:01:00.621+0000] {dagbag.py:539} INFO - Filling up the DagBag from /home/airflow/.local/lib/python3.8/site-packages/airflow/example_dags/example_trigger_controller_dag.py
[2023-09-07T16:01:00.625+0000] {processor.py:839} INFO - DAG(s) dict_keys(['example_trigger_controller_dag']) retrieved from /home/airflow/.local/lib/python3.8/site-packages/airflow/example_dags/example_trigger_controller_dag.py
[2023-09-07T16:01:00.645+0000] {logging_mixin.py:151} INFO - [2023-09-07T16:01:00.645+0000] {dag.py:2907} INFO - Sync 1 DAGs
[2023-09-07T16:01:00.659+0000] {logging_mixin.py:151} INFO - [2023-09-07T16:01:00.659+0000] {dag.py:3677} INFO - Setting next_dagrun for example_trigger_controller_dag to 2021-01-01T00:00:00+00:00, run_after=2021-01-01T00:00:00+00:00
[2023-09-07T16:01:00.670+0000] {processor.py:179} INFO - Processing /home/airflow/.local/lib/python3.8/site-packages/airflow/example_dags/example_trigger_controller_dag.py took 0.053 seconds
[2023-09-07T16:01:31.220+0000] {processor.py:157} INFO - Started process (PID=1693) to work on /home/airflow/.local/lib/python3.8/site-packages/airflow/example_dags/example_trigger_controller_dag.py
[2023-09-07T16:01:31.222+0000] {processor.py:829} INFO - Processing file /home/airflow/.local/lib/python3.8/site-packages/airflow/example_dags/example_trigger_controller_dag.py for tasks to queue
[2023-09-07T16:01:31.223+0000] {logging_mixin.py:151} INFO - [2023-09-07T16:01:31.222+0000] {dagbag.py:539} INFO - Filling up the DagBag from /home/airflow/.local/lib/python3.8/site-packages/airflow/example_dags/example_trigger_controller_dag.py
[2023-09-07T16:01:31.227+0000] {processor.py:839} INFO - DAG(s) dict_keys(['example_trigger_controller_dag']) retrieved from /home/airflow/.local/lib/python3.8/site-packages/airflow/example_dags/example_trigger_controller_dag.py
[2023-09-07T16:01:31.246+0000] {logging_mixin.py:151} INFO - [2023-09-07T16:01:31.246+0000] {dag.py:2907} INFO - Sync 1 DAGs
[2023-09-07T16:01:31.260+0000] {logging_mixin.py:151} INFO - [2023-09-07T16:01:31.260+0000] {dag.py:3677} INFO - Setting next_dagrun for example_trigger_controller_dag to 2021-01-01T00:00:00+00:00, run_after=2021-01-01T00:00:00+00:00
[2023-09-07T16:01:31.270+0000] {processor.py:179} INFO - Processing /home/airflow/.local/lib/python3.8/site-packages/airflow/example_dags/example_trigger_controller_dag.py took 0.053 seconds
[2023-09-07T16:02:02.717+0000] {processor.py:157} INFO - Started process (PID=1931) to work on /home/airflow/.local/lib/python3.8/site-packages/airflow/example_dags/example_trigger_controller_dag.py
[2023-09-07T16:02:02.719+0000] {processor.py:829} INFO - Processing file /home/airflow/.local/lib/python3.8/site-packages/airflow/example_dags/example_trigger_controller_dag.py for tasks to queue
[2023-09-07T16:02:02.721+0000] {logging_mixin.py:151} INFO - [2023-09-07T16:02:02.720+0000] {dagbag.py:539} INFO - Filling up the DagBag from /home/airflow/.local/lib/python3.8/site-packages/airflow/example_dags/example_trigger_controller_dag.py
[2023-09-07T16:02:02.726+0000] {processor.py:839} INFO - DAG(s) dict_keys(['example_trigger_controller_dag']) retrieved from /home/airflow/.local/lib/python3.8/site-packages/airflow/example_dags/example_trigger_controller_dag.py
[2023-09-07T16:02:02.761+0000] {logging_mixin.py:151} INFO - [2023-09-07T16:02:02.761+0000] {dag.py:2907} INFO - Sync 1 DAGs
[2023-09-07T16:02:02.778+0000] {logging_mixin.py:151} INFO - [2023-09-07T16:02:02.778+0000] {dag.py:3677} INFO - Setting next_dagrun for example_trigger_controller_dag to 2021-01-01T00:00:00+00:00, run_after=2021-01-01T00:00:00+00:00
[2023-09-07T16:02:02.793+0000] {processor.py:179} INFO - Processing /home/airflow/.local/lib/python3.8/site-packages/airflow/example_dags/example_trigger_controller_dag.py took 0.078 seconds
[2023-09-07T16:02:32.957+0000] {processor.py:157} INFO - Started process (PID=2169) to work on /home/airflow/.local/lib/python3.8/site-packages/airflow/example_dags/example_trigger_controller_dag.py
[2023-09-07T16:02:32.958+0000] {processor.py:829} INFO - Processing file /home/airflow/.local/lib/python3.8/site-packages/airflow/example_dags/example_trigger_controller_dag.py for tasks to queue
[2023-09-07T16:02:32.959+0000] {logging_mixin.py:151} INFO - [2023-09-07T16:02:32.959+0000] {dagbag.py:539} INFO - Filling up the DagBag from /home/airflow/.local/lib/python3.8/site-packages/airflow/example_dags/example_trigger_controller_dag.py
[2023-09-07T16:02:32.963+0000] {processor.py:839} INFO - DAG(s) dict_keys(['example_trigger_controller_dag']) retrieved from /home/airflow/.local/lib/python3.8/site-packages/airflow/example_dags/example_trigger_controller_dag.py
[2023-09-07T16:02:32.983+0000] {logging_mixin.py:151} INFO - [2023-09-07T16:02:32.983+0000] {dag.py:2907} INFO - Sync 1 DAGs
[2023-09-07T16:02:32.999+0000] {logging_mixin.py:151} INFO - [2023-09-07T16:02:32.999+0000] {dag.py:3677} INFO - Setting next_dagrun for example_trigger_controller_dag to 2021-01-01T00:00:00+00:00, run_after=2021-01-01T00:00:00+00:00
[2023-09-07T16:02:33.014+0000] {processor.py:179} INFO - Processing /home/airflow/.local/lib/python3.8/site-packages/airflow/example_dags/example_trigger_controller_dag.py took 0.060 seconds
[2023-09-07T16:03:03.118+0000] {processor.py:157} INFO - Started process (PID=2407) to work on /home/airflow/.local/lib/python3.8/site-packages/airflow/example_dags/example_trigger_controller_dag.py
[2023-09-07T16:03:03.119+0000] {processor.py:829} INFO - Processing file /home/airflow/.local/lib/python3.8/site-packages/airflow/example_dags/example_trigger_controller_dag.py for tasks to queue
[2023-09-07T16:03:03.121+0000] {logging_mixin.py:151} INFO - [2023-09-07T16:03:03.120+0000] {dagbag.py:539} INFO - Filling up the DagBag from /home/airflow/.local/lib/python3.8/site-packages/airflow/example_dags/example_trigger_controller_dag.py
[2023-09-07T16:03:03.124+0000] {processor.py:839} INFO - DAG(s) dict_keys(['example_trigger_controller_dag']) retrieved from /home/airflow/.local/lib/python3.8/site-packages/airflow/example_dags/example_trigger_controller_dag.py
[2023-09-07T16:03:03.143+0000] {logging_mixin.py:151} INFO - [2023-09-07T16:03:03.143+0000] {dag.py:2907} INFO - Sync 1 DAGs
[2023-09-07T16:03:03.158+0000] {logging_mixin.py:151} INFO - [2023-09-07T16:03:03.157+0000] {dag.py:3677} INFO - Setting next_dagrun for example_trigger_controller_dag to 2021-01-01T00:00:00+00:00, run_after=2021-01-01T00:00:00+00:00
[2023-09-07T16:03:03.173+0000] {processor.py:179} INFO - Processing /home/airflow/.local/lib/python3.8/site-packages/airflow/example_dags/example_trigger_controller_dag.py took 0.057 seconds
[2023-09-07T16:03:33.273+0000] {processor.py:157} INFO - Started process (PID=2645) to work on /home/airflow/.local/lib/python3.8/site-packages/airflow/example_dags/example_trigger_controller_dag.py
[2023-09-07T16:03:33.275+0000] {processor.py:829} INFO - Processing file /home/airflow/.local/lib/python3.8/site-packages/airflow/example_dags/example_trigger_controller_dag.py for tasks to queue
[2023-09-07T16:03:33.276+0000] {logging_mixin.py:151} INFO - [2023-09-07T16:03:33.276+0000] {dagbag.py:539} INFO - Filling up the DagBag from /home/airflow/.local/lib/python3.8/site-packages/airflow/example_dags/example_trigger_controller_dag.py
[2023-09-07T16:03:33.280+0000] {processor.py:839} INFO - DAG(s) dict_keys(['example_trigger_controller_dag']) retrieved from /home/airflow/.local/lib/python3.8/site-packages/airflow/example_dags/example_trigger_controller_dag.py
[2023-09-07T16:03:33.307+0000] {logging_mixin.py:151} INFO - [2023-09-07T16:03:33.307+0000] {dag.py:2907} INFO - Sync 1 DAGs
[2023-09-07T16:03:33.322+0000] {logging_mixin.py:151} INFO - [2023-09-07T16:03:33.322+0000] {dag.py:3677} INFO - Setting next_dagrun for example_trigger_controller_dag to 2021-01-01T00:00:00+00:00, run_after=2021-01-01T00:00:00+00:00
[2023-09-07T16:03:33.332+0000] {processor.py:179} INFO - Processing /home/airflow/.local/lib/python3.8/site-packages/airflow/example_dags/example_trigger_controller_dag.py took 0.062 seconds
[2023-09-07T16:04:03.981+0000] {processor.py:157} INFO - Started process (PID=2883) to work on /home/airflow/.local/lib/python3.8/site-packages/airflow/example_dags/example_trigger_controller_dag.py
[2023-09-07T16:04:03.983+0000] {processor.py:829} INFO - Processing file /home/airflow/.local/lib/python3.8/site-packages/airflow/example_dags/example_trigger_controller_dag.py for tasks to queue
[2023-09-07T16:04:03.984+0000] {logging_mixin.py:151} INFO - [2023-09-07T16:04:03.983+0000] {dagbag.py:539} INFO - Filling up the DagBag from /home/airflow/.local/lib/python3.8/site-packages/airflow/example_dags/example_trigger_controller_dag.py
[2023-09-07T16:04:03.988+0000] {processor.py:839} INFO - DAG(s) dict_keys(['example_trigger_controller_dag']) retrieved from /home/airflow/.local/lib/python3.8/site-packages/airflow/example_dags/example_trigger_controller_dag.py
[2023-09-07T16:04:04.009+0000] {logging_mixin.py:151} INFO - [2023-09-07T16:04:04.009+0000] {dag.py:2907} INFO - Sync 1 DAGs
[2023-09-07T16:04:04.023+0000] {logging_mixin.py:151} INFO - [2023-09-07T16:04:04.023+0000] {dag.py:3677} INFO - Setting next_dagrun for example_trigger_controller_dag to 2021-01-01T00:00:00+00:00, run_after=2021-01-01T00:00:00+00:00
[2023-09-07T16:04:04.034+0000] {processor.py:179} INFO - Processing /home/airflow/.local/lib/python3.8/site-packages/airflow/example_dags/example_trigger_controller_dag.py took 0.056 seconds
[2023-09-07T16:04:35.468+0000] {processor.py:157} INFO - Started process (PID=3121) to work on /home/airflow/.local/lib/python3.8/site-packages/airflow/example_dags/example_trigger_controller_dag.py
[2023-09-07T16:04:35.470+0000] {processor.py:829} INFO - Processing file /home/airflow/.local/lib/python3.8/site-packages/airflow/example_dags/example_trigger_controller_dag.py for tasks to queue
[2023-09-07T16:04:35.471+0000] {logging_mixin.py:151} INFO - [2023-09-07T16:04:35.471+0000] {dagbag.py:539} INFO - Filling up the DagBag from /home/airflow/.local/lib/python3.8/site-packages/airflow/example_dags/example_trigger_controller_dag.py
[2023-09-07T16:04:35.477+0000] {processor.py:839} INFO - DAG(s) dict_keys(['example_trigger_controller_dag']) retrieved from /home/airflow/.local/lib/python3.8/site-packages/airflow/example_dags/example_trigger_controller_dag.py
[2023-09-07T16:04:35.499+0000] {logging_mixin.py:151} INFO - [2023-09-07T16:04:35.499+0000] {dag.py:2907} INFO - Sync 1 DAGs
[2023-09-07T16:04:35.514+0000] {logging_mixin.py:151} INFO - [2023-09-07T16:04:35.514+0000] {dag.py:3677} INFO - Setting next_dagrun for example_trigger_controller_dag to 2021-01-01T00:00:00+00:00, run_after=2021-01-01T00:00:00+00:00
[2023-09-07T16:04:35.525+0000] {processor.py:179} INFO - Processing /home/airflow/.local/lib/python3.8/site-packages/airflow/example_dags/example_trigger_controller_dag.py took 0.062 seconds
[2023-09-07T16:05:06.458+0000] {processor.py:157} INFO - Started process (PID=3359) to work on /home/airflow/.local/lib/python3.8/site-packages/airflow/example_dags/example_trigger_controller_dag.py
[2023-09-07T16:05:06.459+0000] {processor.py:829} INFO - Processing file /home/airflow/.local/lib/python3.8/site-packages/airflow/example_dags/example_trigger_controller_dag.py for tasks to queue
[2023-09-07T16:05:06.461+0000] {logging_mixin.py:151} INFO - [2023-09-07T16:05:06.460+0000] {dagbag.py:539} INFO - Filling up the DagBag from /home/airflow/.local/lib/python3.8/site-packages/airflow/example_dags/example_trigger_controller_dag.py
[2023-09-07T16:05:06.466+0000] {processor.py:839} INFO - DAG(s) dict_keys(['example_trigger_controller_dag']) retrieved from /home/airflow/.local/lib/python3.8/site-packages/airflow/example_dags/example_trigger_controller_dag.py
[2023-09-07T16:05:06.495+0000] {logging_mixin.py:151} INFO - [2023-09-07T16:05:06.494+0000] {dag.py:2907} INFO - Sync 1 DAGs
[2023-09-07T16:05:06.529+0000] {logging_mixin.py:151} INFO - [2023-09-07T16:05:06.528+0000] {dag.py:3677} INFO - Setting next_dagrun for example_trigger_controller_dag to 2021-01-01T00:00:00+00:00, run_after=2021-01-01T00:00:00+00:00
[2023-09-07T16:05:06.550+0000] {processor.py:179} INFO - Processing /home/airflow/.local/lib/python3.8/site-packages/airflow/example_dags/example_trigger_controller_dag.py took 0.097 seconds
[2023-09-07T16:05:37.213+0000] {processor.py:157} INFO - Started process (PID=3598) to work on /home/airflow/.local/lib/python3.8/site-packages/airflow/example_dags/example_trigger_controller_dag.py
[2023-09-07T16:05:37.214+0000] {processor.py:829} INFO - Processing file /home/airflow/.local/lib/python3.8/site-packages/airflow/example_dags/example_trigger_controller_dag.py for tasks to queue
[2023-09-07T16:05:37.215+0000] {logging_mixin.py:151} INFO - [2023-09-07T16:05:37.215+0000] {dagbag.py:539} INFO - Filling up the DagBag from /home/airflow/.local/lib/python3.8/site-packages/airflow/example_dags/example_trigger_controller_dag.py
[2023-09-07T16:05:37.221+0000] {processor.py:839} INFO - DAG(s) dict_keys(['example_trigger_controller_dag']) retrieved from /home/airflow/.local/lib/python3.8/site-packages/airflow/example_dags/example_trigger_controller_dag.py
[2023-09-07T16:05:37.242+0000] {logging_mixin.py:151} INFO - [2023-09-07T16:05:37.242+0000] {dag.py:2907} INFO - Sync 1 DAGs
[2023-09-07T16:05:37.257+0000] {logging_mixin.py:151} INFO - [2023-09-07T16:05:37.257+0000] {dag.py:3677} INFO - Setting next_dagrun for example_trigger_controller_dag to 2021-01-01T00:00:00+00:00, run_after=2021-01-01T00:00:00+00:00
[2023-09-07T16:05:37.268+0000] {processor.py:179} INFO - Processing /home/airflow/.local/lib/python3.8/site-packages/airflow/example_dags/example_trigger_controller_dag.py took 0.058 seconds
[2023-09-07T16:06:08.388+0000] {processor.py:157} INFO - Started process (PID=3836) to work on /home/airflow/.local/lib/python3.8/site-packages/airflow/example_dags/example_trigger_controller_dag.py
[2023-09-07T16:06:08.390+0000] {processor.py:829} INFO - Processing file /home/airflow/.local/lib/python3.8/site-packages/airflow/example_dags/example_trigger_controller_dag.py for tasks to queue
[2023-09-07T16:06:08.391+0000] {logging_mixin.py:151} INFO - [2023-09-07T16:06:08.391+0000] {dagbag.py:539} INFO - Filling up the DagBag from /home/airflow/.local/lib/python3.8/site-packages/airflow/example_dags/example_trigger_controller_dag.py
[2023-09-07T16:06:08.395+0000] {processor.py:839} INFO - DAG(s) dict_keys(['example_trigger_controller_dag']) retrieved from /home/airflow/.local/lib/python3.8/site-packages/airflow/example_dags/example_trigger_controller_dag.py
[2023-09-07T16:06:08.415+0000] {logging_mixin.py:151} INFO - [2023-09-07T16:06:08.415+0000] {dag.py:2907} INFO - Sync 1 DAGs
[2023-09-07T16:06:08.429+0000] {logging_mixin.py:151} INFO - [2023-09-07T16:06:08.429+0000] {dag.py:3677} INFO - Setting next_dagrun for example_trigger_controller_dag to 2021-01-01T00:00:00+00:00, run_after=2021-01-01T00:00:00+00:00
[2023-09-07T16:06:08.439+0000] {processor.py:179} INFO - Processing /home/airflow/.local/lib/python3.8/site-packages/airflow/example_dags/example_trigger_controller_dag.py took 0.054 seconds
[2023-09-07T16:06:39.298+0000] {processor.py:157} INFO - Started process (PID=4074) to work on /home/airflow/.local/lib/python3.8/site-packages/airflow/example_dags/example_trigger_controller_dag.py
[2023-09-07T16:06:39.300+0000] {processor.py:829} INFO - Processing file /home/airflow/.local/lib/python3.8/site-packages/airflow/example_dags/example_trigger_controller_dag.py for tasks to queue
[2023-09-07T16:06:39.301+0000] {logging_mixin.py:151} INFO - [2023-09-07T16:06:39.300+0000] {dagbag.py:539} INFO - Filling up the DagBag from /home/airflow/.local/lib/python3.8/site-packages/airflow/example_dags/example_trigger_controller_dag.py
[2023-09-07T16:06:39.305+0000] {processor.py:839} INFO - DAG(s) dict_keys(['example_trigger_controller_dag']) retrieved from /home/airflow/.local/lib/python3.8/site-packages/airflow/example_dags/example_trigger_controller_dag.py
[2023-09-07T16:06:39.329+0000] {logging_mixin.py:151} INFO - [2023-09-07T16:06:39.329+0000] {dag.py:2907} INFO - Sync 1 DAGs
[2023-09-07T16:06:39.371+0000] {logging_mixin.py:151} INFO - [2023-09-07T16:06:39.370+0000] {dag.py:3677} INFO - Setting next_dagrun for example_trigger_controller_dag to 2021-01-01T00:00:00+00:00, run_after=2021-01-01T00:00:00+00:00
[2023-09-07T16:06:39.394+0000] {processor.py:179} INFO - Processing /home/airflow/.local/lib/python3.8/site-packages/airflow/example_dags/example_trigger_controller_dag.py took 0.099 seconds
[2023-09-07T16:07:10.134+0000] {processor.py:157} INFO - Started process (PID=4312) to work on /home/airflow/.local/lib/python3.8/site-packages/airflow/example_dags/example_trigger_controller_dag.py
[2023-09-07T16:07:10.135+0000] {processor.py:829} INFO - Processing file /home/airflow/.local/lib/python3.8/site-packages/airflow/example_dags/example_trigger_controller_dag.py for tasks to queue
[2023-09-07T16:07:10.136+0000] {logging_mixin.py:151} INFO - [2023-09-07T16:07:10.136+0000] {dagbag.py:539} INFO - Filling up the DagBag from /home/airflow/.local/lib/python3.8/site-packages/airflow/example_dags/example_trigger_controller_dag.py
[2023-09-07T16:07:10.141+0000] {processor.py:839} INFO - DAG(s) dict_keys(['example_trigger_controller_dag']) retrieved from /home/airflow/.local/lib/python3.8/site-packages/airflow/example_dags/example_trigger_controller_dag.py
[2023-09-07T16:07:10.160+0000] {logging_mixin.py:151} INFO - [2023-09-07T16:07:10.160+0000] {dag.py:2907} INFO - Sync 1 DAGs
[2023-09-07T16:07:10.174+0000] {logging_mixin.py:151} INFO - [2023-09-07T16:07:10.174+0000] {dag.py:3677} INFO - Setting next_dagrun for example_trigger_controller_dag to 2021-01-01T00:00:00+00:00, run_after=2021-01-01T00:00:00+00:00
[2023-09-07T16:07:10.185+0000] {processor.py:179} INFO - Processing /home/airflow/.local/lib/python3.8/site-packages/airflow/example_dags/example_trigger_controller_dag.py took 0.054 seconds
[2023-09-07T16:07:41.295+0000] {processor.py:157} INFO - Started process (PID=4550) to work on /home/airflow/.local/lib/python3.8/site-packages/airflow/example_dags/example_trigger_controller_dag.py
[2023-09-07T16:07:41.297+0000] {processor.py:829} INFO - Processing file /home/airflow/.local/lib/python3.8/site-packages/airflow/example_dags/example_trigger_controller_dag.py for tasks to queue
[2023-09-07T16:07:41.298+0000] {logging_mixin.py:151} INFO - [2023-09-07T16:07:41.297+0000] {dagbag.py:539} INFO - Filling up the DagBag from /home/airflow/.local/lib/python3.8/site-packages/airflow/example_dags/example_trigger_controller_dag.py
[2023-09-07T16:07:41.302+0000] {processor.py:839} INFO - DAG(s) dict_keys(['example_trigger_controller_dag']) retrieved from /home/airflow/.local/lib/python3.8/site-packages/airflow/example_dags/example_trigger_controller_dag.py
[2023-09-07T16:07:41.326+0000] {logging_mixin.py:151} INFO - [2023-09-07T16:07:41.326+0000] {dag.py:2907} INFO - Sync 1 DAGs
[2023-09-07T16:07:41.342+0000] {logging_mixin.py:151} INFO - [2023-09-07T16:07:41.342+0000] {dag.py:3677} INFO - Setting next_dagrun for example_trigger_controller_dag to 2021-01-01T00:00:00+00:00, run_after=2021-01-01T00:00:00+00:00
[2023-09-07T16:07:41.366+0000] {processor.py:179} INFO - Processing /home/airflow/.local/lib/python3.8/site-packages/airflow/example_dags/example_trigger_controller_dag.py took 0.073 seconds
[2023-09-07T16:08:12.287+0000] {processor.py:157} INFO - Started process (PID=4788) to work on /home/airflow/.local/lib/python3.8/site-packages/airflow/example_dags/example_trigger_controller_dag.py
[2023-09-07T16:08:12.289+0000] {processor.py:829} INFO - Processing file /home/airflow/.local/lib/python3.8/site-packages/airflow/example_dags/example_trigger_controller_dag.py for tasks to queue
[2023-09-07T16:08:12.291+0000] {logging_mixin.py:151} INFO - [2023-09-07T16:08:12.290+0000] {dagbag.py:539} INFO - Filling up the DagBag from /home/airflow/.local/lib/python3.8/site-packages/airflow/example_dags/example_trigger_controller_dag.py
[2023-09-07T16:08:12.297+0000] {processor.py:839} INFO - DAG(s) dict_keys(['example_trigger_controller_dag']) retrieved from /home/airflow/.local/lib/python3.8/site-packages/airflow/example_dags/example_trigger_controller_dag.py
[2023-09-07T16:08:12.321+0000] {logging_mixin.py:151} INFO - [2023-09-07T16:08:12.321+0000] {dag.py:2907} INFO - Sync 1 DAGs
[2023-09-07T16:08:12.339+0000] {logging_mixin.py:151} INFO - [2023-09-07T16:08:12.339+0000] {dag.py:3677} INFO - Setting next_dagrun for example_trigger_controller_dag to 2021-01-01T00:00:00+00:00, run_after=2021-01-01T00:00:00+00:00
[2023-09-07T16:08:12.354+0000] {processor.py:179} INFO - Processing /home/airflow/.local/lib/python3.8/site-packages/airflow/example_dags/example_trigger_controller_dag.py took 0.071 seconds
[2023-09-07T16:08:43.048+0000] {processor.py:157} INFO - Started process (PID=5026) to work on /home/airflow/.local/lib/python3.8/site-packages/airflow/example_dags/example_trigger_controller_dag.py
[2023-09-07T16:08:43.049+0000] {processor.py:829} INFO - Processing file /home/airflow/.local/lib/python3.8/site-packages/airflow/example_dags/example_trigger_controller_dag.py for tasks to queue
[2023-09-07T16:08:43.051+0000] {logging_mixin.py:151} INFO - [2023-09-07T16:08:43.051+0000] {dagbag.py:539} INFO - Filling up the DagBag from /home/airflow/.local/lib/python3.8/site-packages/airflow/example_dags/example_trigger_controller_dag.py
[2023-09-07T16:08:43.055+0000] {processor.py:839} INFO - DAG(s) dict_keys(['example_trigger_controller_dag']) retrieved from /home/airflow/.local/lib/python3.8/site-packages/airflow/example_dags/example_trigger_controller_dag.py
[2023-09-07T16:08:43.073+0000] {logging_mixin.py:151} INFO - [2023-09-07T16:08:43.073+0000] {dag.py:2907} INFO - Sync 1 DAGs
[2023-09-07T16:08:43.088+0000] {logging_mixin.py:151} INFO - [2023-09-07T16:08:43.088+0000] {dag.py:3677} INFO - Setting next_dagrun for example_trigger_controller_dag to 2021-01-01T00:00:00+00:00, run_after=2021-01-01T00:00:00+00:00
[2023-09-07T16:08:43.100+0000] {processor.py:179} INFO - Processing /home/airflow/.local/lib/python3.8/site-packages/airflow/example_dags/example_trigger_controller_dag.py took 0.054 seconds
[2023-09-07T16:09:13.594+0000] {processor.py:157} INFO - Started process (PID=5266) to work on /home/airflow/.local/lib/python3.8/site-packages/airflow/example_dags/example_trigger_controller_dag.py
[2023-09-07T16:09:13.597+0000] {processor.py:829} INFO - Processing file /home/airflow/.local/lib/python3.8/site-packages/airflow/example_dags/example_trigger_controller_dag.py for tasks to queue
[2023-09-07T16:09:13.599+0000] {logging_mixin.py:151} INFO - [2023-09-07T16:09:13.599+0000] {dagbag.py:539} INFO - Filling up the DagBag from /home/airflow/.local/lib/python3.8/site-packages/airflow/example_dags/example_trigger_controller_dag.py
[2023-09-07T16:09:13.609+0000] {processor.py:839} INFO - DAG(s) dict_keys(['example_trigger_controller_dag']) retrieved from /home/airflow/.local/lib/python3.8/site-packages/airflow/example_dags/example_trigger_controller_dag.py
[2023-09-07T16:09:13.645+0000] {logging_mixin.py:151} INFO - [2023-09-07T16:09:13.645+0000] {dag.py:2907} INFO - Sync 1 DAGs
[2023-09-07T16:09:13.664+0000] {logging_mixin.py:151} INFO - [2023-09-07T16:09:13.664+0000] {dag.py:3677} INFO - Setting next_dagrun for example_trigger_controller_dag to 2021-01-01T00:00:00+00:00, run_after=2021-01-01T00:00:00+00:00
[2023-09-07T16:09:13.676+0000] {processor.py:179} INFO - Processing /home/airflow/.local/lib/python3.8/site-packages/airflow/example_dags/example_trigger_controller_dag.py took 0.088 seconds
[2023-09-07T16:09:43.770+0000] {processor.py:157} INFO - Started process (PID=5502) to work on /home/airflow/.local/lib/python3.8/site-packages/airflow/example_dags/example_trigger_controller_dag.py
[2023-09-07T16:09:43.771+0000] {processor.py:829} INFO - Processing file /home/airflow/.local/lib/python3.8/site-packages/airflow/example_dags/example_trigger_controller_dag.py for tasks to queue
[2023-09-07T16:09:43.772+0000] {logging_mixin.py:151} INFO - [2023-09-07T16:09:43.772+0000] {dagbag.py:539} INFO - Filling up the DagBag from /home/airflow/.local/lib/python3.8/site-packages/airflow/example_dags/example_trigger_controller_dag.py
[2023-09-07T16:09:43.776+0000] {processor.py:839} INFO - DAG(s) dict_keys(['example_trigger_controller_dag']) retrieved from /home/airflow/.local/lib/python3.8/site-packages/airflow/example_dags/example_trigger_controller_dag.py
[2023-09-07T16:09:43.795+0000] {logging_mixin.py:151} INFO - [2023-09-07T16:09:43.795+0000] {dag.py:2907} INFO - Sync 1 DAGs
[2023-09-07T16:09:43.809+0000] {logging_mixin.py:151} INFO - [2023-09-07T16:09:43.809+0000] {dag.py:3677} INFO - Setting next_dagrun for example_trigger_controller_dag to 2021-01-01T00:00:00+00:00, run_after=2021-01-01T00:00:00+00:00
[2023-09-07T16:09:43.820+0000] {processor.py:179} INFO - Processing /home/airflow/.local/lib/python3.8/site-packages/airflow/example_dags/example_trigger_controller_dag.py took 0.053 seconds
[2023-09-07T16:10:14.622+0000] {processor.py:157} INFO - Started process (PID=5740) to work on /home/airflow/.local/lib/python3.8/site-packages/airflow/example_dags/example_trigger_controller_dag.py
[2023-09-07T16:10:14.624+0000] {processor.py:829} INFO - Processing file /home/airflow/.local/lib/python3.8/site-packages/airflow/example_dags/example_trigger_controller_dag.py for tasks to queue
[2023-09-07T16:10:14.625+0000] {logging_mixin.py:151} INFO - [2023-09-07T16:10:14.625+0000] {dagbag.py:539} INFO - Filling up the DagBag from /home/airflow/.local/lib/python3.8/site-packages/airflow/example_dags/example_trigger_controller_dag.py
[2023-09-07T16:10:14.629+0000] {processor.py:839} INFO - DAG(s) dict_keys(['example_trigger_controller_dag']) retrieved from /home/airflow/.local/lib/python3.8/site-packages/airflow/example_dags/example_trigger_controller_dag.py
[2023-09-07T16:10:14.656+0000] {logging_mixin.py:151} INFO - [2023-09-07T16:10:14.656+0000] {dag.py:2907} INFO - Sync 1 DAGs
[2023-09-07T16:10:14.677+0000] {logging_mixin.py:151} INFO - [2023-09-07T16:10:14.677+0000] {dag.py:3677} INFO - Setting next_dagrun for example_trigger_controller_dag to 2021-01-01T00:00:00+00:00, run_after=2021-01-01T00:00:00+00:00
[2023-09-07T16:10:14.691+0000] {processor.py:179} INFO - Processing /home/airflow/.local/lib/python3.8/site-packages/airflow/example_dags/example_trigger_controller_dag.py took 0.072 seconds
[2023-09-07T16:10:45.232+0000] {processor.py:157} INFO - Started process (PID=5977) to work on /home/airflow/.local/lib/python3.8/site-packages/airflow/example_dags/example_trigger_controller_dag.py
[2023-09-07T16:10:45.234+0000] {processor.py:829} INFO - Processing file /home/airflow/.local/lib/python3.8/site-packages/airflow/example_dags/example_trigger_controller_dag.py for tasks to queue
[2023-09-07T16:10:45.235+0000] {logging_mixin.py:151} INFO - [2023-09-07T16:10:45.234+0000] {dagbag.py:539} INFO - Filling up the DagBag from /home/airflow/.local/lib/python3.8/site-packages/airflow/example_dags/example_trigger_controller_dag.py
[2023-09-07T16:10:45.239+0000] {processor.py:839} INFO - DAG(s) dict_keys(['example_trigger_controller_dag']) retrieved from /home/airflow/.local/lib/python3.8/site-packages/airflow/example_dags/example_trigger_controller_dag.py
[2023-09-07T16:10:45.261+0000] {logging_mixin.py:151} INFO - [2023-09-07T16:10:45.261+0000] {dag.py:2907} INFO - Sync 1 DAGs
[2023-09-07T16:10:45.277+0000] {logging_mixin.py:151} INFO - [2023-09-07T16:10:45.277+0000] {dag.py:3677} INFO - Setting next_dagrun for example_trigger_controller_dag to 2021-01-01T00:00:00+00:00, run_after=2021-01-01T00:00:00+00:00
[2023-09-07T16:10:45.287+0000] {processor.py:179} INFO - Processing /home/airflow/.local/lib/python3.8/site-packages/airflow/example_dags/example_trigger_controller_dag.py took 0.058 seconds
[2023-09-07T16:11:17.074+0000] {processor.py:157} INFO - Started process (PID=6215) to work on /home/airflow/.local/lib/python3.8/site-packages/airflow/example_dags/example_trigger_controller_dag.py
[2023-09-07T16:11:17.075+0000] {processor.py:829} INFO - Processing file /home/airflow/.local/lib/python3.8/site-packages/airflow/example_dags/example_trigger_controller_dag.py for tasks to queue
[2023-09-07T16:11:17.076+0000] {logging_mixin.py:151} INFO - [2023-09-07T16:11:17.076+0000] {dagbag.py:539} INFO - Filling up the DagBag from /home/airflow/.local/lib/python3.8/site-packages/airflow/example_dags/example_trigger_controller_dag.py
[2023-09-07T16:11:17.081+0000] {processor.py:839} INFO - DAG(s) dict_keys(['example_trigger_controller_dag']) retrieved from /home/airflow/.local/lib/python3.8/site-packages/airflow/example_dags/example_trigger_controller_dag.py
[2023-09-07T16:11:17.123+0000] {logging_mixin.py:151} INFO - [2023-09-07T16:11:17.122+0000] {dag.py:2907} INFO - Sync 1 DAGs
[2023-09-07T16:11:17.142+0000] {logging_mixin.py:151} INFO - [2023-09-07T16:11:17.142+0000] {dag.py:3677} INFO - Setting next_dagrun for example_trigger_controller_dag to 2021-01-01T00:00:00+00:00, run_after=2021-01-01T00:00:00+00:00
[2023-09-07T16:11:17.154+0000] {processor.py:179} INFO - Processing /home/airflow/.local/lib/python3.8/site-packages/airflow/example_dags/example_trigger_controller_dag.py took 0.083 seconds
[2023-09-07T16:11:48.247+0000] {processor.py:157} INFO - Started process (PID=6455) to work on /home/airflow/.local/lib/python3.8/site-packages/airflow/example_dags/example_trigger_controller_dag.py
[2023-09-07T16:11:48.248+0000] {processor.py:829} INFO - Processing file /home/airflow/.local/lib/python3.8/site-packages/airflow/example_dags/example_trigger_controller_dag.py for tasks to queue
[2023-09-07T16:11:48.249+0000] {logging_mixin.py:151} INFO - [2023-09-07T16:11:48.249+0000] {dagbag.py:539} INFO - Filling up the DagBag from /home/airflow/.local/lib/python3.8/site-packages/airflow/example_dags/example_trigger_controller_dag.py
[2023-09-07T16:11:48.253+0000] {processor.py:839} INFO - DAG(s) dict_keys(['example_trigger_controller_dag']) retrieved from /home/airflow/.local/lib/python3.8/site-packages/airflow/example_dags/example_trigger_controller_dag.py
[2023-09-07T16:11:48.281+0000] {logging_mixin.py:151} INFO - [2023-09-07T16:11:48.281+0000] {dag.py:2907} INFO - Sync 1 DAGs
[2023-09-07T16:11:48.300+0000] {logging_mixin.py:151} INFO - [2023-09-07T16:11:48.299+0000] {dag.py:3677} INFO - Setting next_dagrun for example_trigger_controller_dag to 2021-01-01T00:00:00+00:00, run_after=2021-01-01T00:00:00+00:00
[2023-09-07T16:11:48.312+0000] {processor.py:179} INFO - Processing /home/airflow/.local/lib/python3.8/site-packages/airflow/example_dags/example_trigger_controller_dag.py took 0.068 seconds
[2023-09-07T16:12:18.703+0000] {processor.py:157} INFO - Started process (PID=6693) to work on /home/airflow/.local/lib/python3.8/site-packages/airflow/example_dags/example_trigger_controller_dag.py
[2023-09-07T16:12:18.706+0000] {processor.py:829} INFO - Processing file /home/airflow/.local/lib/python3.8/site-packages/airflow/example_dags/example_trigger_controller_dag.py for tasks to queue
[2023-09-07T16:12:18.735+0000] {logging_mixin.py:151} INFO - [2023-09-07T16:12:18.735+0000] {dagbag.py:539} INFO - Filling up the DagBag from /home/airflow/.local/lib/python3.8/site-packages/airflow/example_dags/example_trigger_controller_dag.py
[2023-09-07T16:12:18.761+0000] {processor.py:839} INFO - DAG(s) dict_keys(['example_trigger_controller_dag']) retrieved from /home/airflow/.local/lib/python3.8/site-packages/airflow/example_dags/example_trigger_controller_dag.py
[2023-09-07T16:12:18.790+0000] {logging_mixin.py:151} INFO - [2023-09-07T16:12:18.790+0000] {dag.py:2907} INFO - Sync 1 DAGs
[2023-09-07T16:12:18.805+0000] {logging_mixin.py:151} INFO - [2023-09-07T16:12:18.804+0000] {dag.py:3677} INFO - Setting next_dagrun for example_trigger_controller_dag to 2021-01-01T00:00:00+00:00, run_after=2021-01-01T00:00:00+00:00
[2023-09-07T16:12:18.816+0000] {processor.py:179} INFO - Processing /home/airflow/.local/lib/python3.8/site-packages/airflow/example_dags/example_trigger_controller_dag.py took 0.119 seconds
[2023-09-07T16:12:48.941+0000] {processor.py:157} INFO - Started process (PID=6930) to work on /home/airflow/.local/lib/python3.8/site-packages/airflow/example_dags/example_trigger_controller_dag.py
[2023-09-07T16:12:48.943+0000] {processor.py:829} INFO - Processing file /home/airflow/.local/lib/python3.8/site-packages/airflow/example_dags/example_trigger_controller_dag.py for tasks to queue
[2023-09-07T16:12:48.944+0000] {logging_mixin.py:151} INFO - [2023-09-07T16:12:48.943+0000] {dagbag.py:539} INFO - Filling up the DagBag from /home/airflow/.local/lib/python3.8/site-packages/airflow/example_dags/example_trigger_controller_dag.py
[2023-09-07T16:12:48.949+0000] {processor.py:839} INFO - DAG(s) dict_keys(['example_trigger_controller_dag']) retrieved from /home/airflow/.local/lib/python3.8/site-packages/airflow/example_dags/example_trigger_controller_dag.py
[2023-09-07T16:12:48.972+0000] {logging_mixin.py:151} INFO - [2023-09-07T16:12:48.972+0000] {dag.py:2907} INFO - Sync 1 DAGs
[2023-09-07T16:12:49.007+0000] {logging_mixin.py:151} INFO - [2023-09-07T16:12:49.007+0000] {dag.py:3677} INFO - Setting next_dagrun for example_trigger_controller_dag to 2021-01-01T00:00:00+00:00, run_after=2021-01-01T00:00:00+00:00
[2023-09-07T16:12:49.025+0000] {processor.py:179} INFO - Processing /home/airflow/.local/lib/python3.8/site-packages/airflow/example_dags/example_trigger_controller_dag.py took 0.087 seconds
[2023-09-07T16:13:20.008+0000] {processor.py:157} INFO - Started process (PID=7176) to work on /home/airflow/.local/lib/python3.8/site-packages/airflow/example_dags/example_trigger_controller_dag.py
[2023-09-07T16:13:20.009+0000] {processor.py:829} INFO - Processing file /home/airflow/.local/lib/python3.8/site-packages/airflow/example_dags/example_trigger_controller_dag.py for tasks to queue
[2023-09-07T16:13:20.010+0000] {logging_mixin.py:151} INFO - [2023-09-07T16:13:20.010+0000] {dagbag.py:539} INFO - Filling up the DagBag from /home/airflow/.local/lib/python3.8/site-packages/airflow/example_dags/example_trigger_controller_dag.py
[2023-09-07T16:13:20.014+0000] {processor.py:839} INFO - DAG(s) dict_keys(['example_trigger_controller_dag']) retrieved from /home/airflow/.local/lib/python3.8/site-packages/airflow/example_dags/example_trigger_controller_dag.py
[2023-09-07T16:13:20.044+0000] {logging_mixin.py:151} INFO - [2023-09-07T16:13:20.043+0000] {dag.py:2907} INFO - Sync 1 DAGs
[2023-09-07T16:13:20.058+0000] {logging_mixin.py:151} INFO - [2023-09-07T16:13:20.057+0000] {dag.py:3677} INFO - Setting next_dagrun for example_trigger_controller_dag to 2021-01-01T00:00:00+00:00, run_after=2021-01-01T00:00:00+00:00
[2023-09-07T16:13:20.069+0000] {processor.py:179} INFO - Processing /home/airflow/.local/lib/python3.8/site-packages/airflow/example_dags/example_trigger_controller_dag.py took 0.064 seconds
[2023-09-07T16:13:50.878+0000] {processor.py:157} INFO - Started process (PID=7414) to work on /home/airflow/.local/lib/python3.8/site-packages/airflow/example_dags/example_trigger_controller_dag.py
[2023-09-07T16:13:50.880+0000] {processor.py:829} INFO - Processing file /home/airflow/.local/lib/python3.8/site-packages/airflow/example_dags/example_trigger_controller_dag.py for tasks to queue
[2023-09-07T16:13:50.882+0000] {logging_mixin.py:151} INFO - [2023-09-07T16:13:50.882+0000] {dagbag.py:539} INFO - Filling up the DagBag from /home/airflow/.local/lib/python3.8/site-packages/airflow/example_dags/example_trigger_controller_dag.py
[2023-09-07T16:13:50.887+0000] {processor.py:839} INFO - DAG(s) dict_keys(['example_trigger_controller_dag']) retrieved from /home/airflow/.local/lib/python3.8/site-packages/airflow/example_dags/example_trigger_controller_dag.py
[2023-09-07T16:13:50.909+0000] {logging_mixin.py:151} INFO - [2023-09-07T16:13:50.909+0000] {dag.py:2907} INFO - Sync 1 DAGs
[2023-09-07T16:13:50.924+0000] {logging_mixin.py:151} INFO - [2023-09-07T16:13:50.924+0000] {dag.py:3677} INFO - Setting next_dagrun for example_trigger_controller_dag to 2021-01-01T00:00:00+00:00, run_after=2021-01-01T00:00:00+00:00
[2023-09-07T16:13:50.935+0000] {processor.py:179} INFO - Processing /home/airflow/.local/lib/python3.8/site-packages/airflow/example_dags/example_trigger_controller_dag.py took 0.065 seconds
[2023-09-07T16:14:21.178+0000] {processor.py:157} INFO - Started process (PID=7653) to work on /home/airflow/.local/lib/python3.8/site-packages/airflow/example_dags/example_trigger_controller_dag.py
[2023-09-07T16:14:21.179+0000] {processor.py:829} INFO - Processing file /home/airflow/.local/lib/python3.8/site-packages/airflow/example_dags/example_trigger_controller_dag.py for tasks to queue
[2023-09-07T16:14:21.180+0000] {logging_mixin.py:151} INFO - [2023-09-07T16:14:21.180+0000] {dagbag.py:539} INFO - Filling up the DagBag from /home/airflow/.local/lib/python3.8/site-packages/airflow/example_dags/example_trigger_controller_dag.py
[2023-09-07T16:14:21.184+0000] {processor.py:839} INFO - DAG(s) dict_keys(['example_trigger_controller_dag']) retrieved from /home/airflow/.local/lib/python3.8/site-packages/airflow/example_dags/example_trigger_controller_dag.py
[2023-09-07T16:14:21.204+0000] {logging_mixin.py:151} INFO - [2023-09-07T16:14:21.204+0000] {dag.py:2907} INFO - Sync 1 DAGs
[2023-09-07T16:14:21.223+0000] {logging_mixin.py:151} INFO - [2023-09-07T16:14:21.222+0000] {dag.py:3677} INFO - Setting next_dagrun for example_trigger_controller_dag to 2021-01-01T00:00:00+00:00, run_after=2021-01-01T00:00:00+00:00
[2023-09-07T16:14:21.260+0000] {processor.py:179} INFO - Processing /home/airflow/.local/lib/python3.8/site-packages/airflow/example_dags/example_trigger_controller_dag.py took 0.085 seconds
[2023-09-07T16:14:51.385+0000] {processor.py:157} INFO - Started process (PID=7891) to work on /home/airflow/.local/lib/python3.8/site-packages/airflow/example_dags/example_trigger_controller_dag.py
[2023-09-07T16:14:51.388+0000] {processor.py:829} INFO - Processing file /home/airflow/.local/lib/python3.8/site-packages/airflow/example_dags/example_trigger_controller_dag.py for tasks to queue
[2023-09-07T16:14:51.390+0000] {logging_mixin.py:151} INFO - [2023-09-07T16:14:51.389+0000] {dagbag.py:539} INFO - Filling up the DagBag from /home/airflow/.local/lib/python3.8/site-packages/airflow/example_dags/example_trigger_controller_dag.py
[2023-09-07T16:14:51.395+0000] {processor.py:839} INFO - DAG(s) dict_keys(['example_trigger_controller_dag']) retrieved from /home/airflow/.local/lib/python3.8/site-packages/airflow/example_dags/example_trigger_controller_dag.py
[2023-09-07T16:14:51.418+0000] {logging_mixin.py:151} INFO - [2023-09-07T16:14:51.418+0000] {dag.py:2907} INFO - Sync 1 DAGs
[2023-09-07T16:14:51.438+0000] {logging_mixin.py:151} INFO - [2023-09-07T16:14:51.438+0000] {dag.py:3677} INFO - Setting next_dagrun for example_trigger_controller_dag to 2021-01-01T00:00:00+00:00, run_after=2021-01-01T00:00:00+00:00
[2023-09-07T16:14:51.460+0000] {processor.py:179} INFO - Processing /home/airflow/.local/lib/python3.8/site-packages/airflow/example_dags/example_trigger_controller_dag.py took 0.083 seconds
[2023-09-07T16:15:22.179+0000] {processor.py:157} INFO - Started process (PID=8128) to work on /home/airflow/.local/lib/python3.8/site-packages/airflow/example_dags/example_trigger_controller_dag.py
[2023-09-07T16:15:22.184+0000] {processor.py:829} INFO - Processing file /home/airflow/.local/lib/python3.8/site-packages/airflow/example_dags/example_trigger_controller_dag.py for tasks to queue
[2023-09-07T16:15:22.186+0000] {logging_mixin.py:151} INFO - [2023-09-07T16:15:22.186+0000] {dagbag.py:539} INFO - Filling up the DagBag from /home/airflow/.local/lib/python3.8/site-packages/airflow/example_dags/example_trigger_controller_dag.py
[2023-09-07T16:15:22.193+0000] {processor.py:839} INFO - DAG(s) dict_keys(['example_trigger_controller_dag']) retrieved from /home/airflow/.local/lib/python3.8/site-packages/airflow/example_dags/example_trigger_controller_dag.py
[2023-09-07T16:15:22.221+0000] {logging_mixin.py:151} INFO - [2023-09-07T16:15:22.221+0000] {dag.py:2907} INFO - Sync 1 DAGs
[2023-09-07T16:15:22.241+0000] {logging_mixin.py:151} INFO - [2023-09-07T16:15:22.241+0000] {dag.py:3677} INFO - Setting next_dagrun for example_trigger_controller_dag to 2021-01-01T00:00:00+00:00, run_after=2021-01-01T00:00:00+00:00
[2023-09-07T16:15:22.253+0000] {processor.py:179} INFO - Processing /home/airflow/.local/lib/python3.8/site-packages/airflow/example_dags/example_trigger_controller_dag.py took 0.086 seconds
[2023-09-07T16:15:53.304+0000] {processor.py:157} INFO - Started process (PID=8368) to work on /home/airflow/.local/lib/python3.8/site-packages/airflow/example_dags/example_trigger_controller_dag.py
[2023-09-07T16:15:53.307+0000] {processor.py:829} INFO - Processing file /home/airflow/.local/lib/python3.8/site-packages/airflow/example_dags/example_trigger_controller_dag.py for tasks to queue
[2023-09-07T16:15:53.309+0000] {logging_mixin.py:151} INFO - [2023-09-07T16:15:53.308+0000] {dagbag.py:539} INFO - Filling up the DagBag from /home/airflow/.local/lib/python3.8/site-packages/airflow/example_dags/example_trigger_controller_dag.py
[2023-09-07T16:15:53.313+0000] {processor.py:839} INFO - DAG(s) dict_keys(['example_trigger_controller_dag']) retrieved from /home/airflow/.local/lib/python3.8/site-packages/airflow/example_dags/example_trigger_controller_dag.py
[2023-09-07T16:15:53.334+0000] {logging_mixin.py:151} INFO - [2023-09-07T16:15:53.333+0000] {dag.py:2907} INFO - Sync 1 DAGs
[2023-09-07T16:15:53.348+0000] {logging_mixin.py:151} INFO - [2023-09-07T16:15:53.348+0000] {dag.py:3677} INFO - Setting next_dagrun for example_trigger_controller_dag to 2021-01-01T00:00:00+00:00, run_after=2021-01-01T00:00:00+00:00
[2023-09-07T16:15:53.359+0000] {processor.py:179} INFO - Processing /home/airflow/.local/lib/python3.8/site-packages/airflow/example_dags/example_trigger_controller_dag.py took 0.061 seconds
[2023-09-07T16:16:24.040+0000] {processor.py:157} INFO - Started process (PID=8606) to work on /home/airflow/.local/lib/python3.8/site-packages/airflow/example_dags/example_trigger_controller_dag.py
[2023-09-07T16:16:24.041+0000] {processor.py:829} INFO - Processing file /home/airflow/.local/lib/python3.8/site-packages/airflow/example_dags/example_trigger_controller_dag.py for tasks to queue
[2023-09-07T16:16:24.042+0000] {logging_mixin.py:151} INFO - [2023-09-07T16:16:24.042+0000] {dagbag.py:539} INFO - Filling up the DagBag from /home/airflow/.local/lib/python3.8/site-packages/airflow/example_dags/example_trigger_controller_dag.py
[2023-09-07T16:16:24.046+0000] {processor.py:839} INFO - DAG(s) dict_keys(['example_trigger_controller_dag']) retrieved from /home/airflow/.local/lib/python3.8/site-packages/airflow/example_dags/example_trigger_controller_dag.py
[2023-09-07T16:16:24.064+0000] {logging_mixin.py:151} INFO - [2023-09-07T16:16:24.064+0000] {dag.py:2907} INFO - Sync 1 DAGs
[2023-09-07T16:16:24.076+0000] {logging_mixin.py:151} INFO - [2023-09-07T16:16:24.076+0000] {dag.py:3677} INFO - Setting next_dagrun for example_trigger_controller_dag to 2021-01-01T00:00:00+00:00, run_after=2021-01-01T00:00:00+00:00
[2023-09-07T16:16:24.088+0000] {processor.py:179} INFO - Processing /home/airflow/.local/lib/python3.8/site-packages/airflow/example_dags/example_trigger_controller_dag.py took 0.051 seconds
[2023-09-07T16:16:54.399+0000] {processor.py:157} INFO - Started process (PID=8842) to work on /home/airflow/.local/lib/python3.8/site-packages/airflow/example_dags/example_trigger_controller_dag.py
[2023-09-07T16:16:54.400+0000] {processor.py:829} INFO - Processing file /home/airflow/.local/lib/python3.8/site-packages/airflow/example_dags/example_trigger_controller_dag.py for tasks to queue
[2023-09-07T16:16:54.401+0000] {logging_mixin.py:151} INFO - [2023-09-07T16:16:54.401+0000] {dagbag.py:539} INFO - Filling up the DagBag from /home/airflow/.local/lib/python3.8/site-packages/airflow/example_dags/example_trigger_controller_dag.py
[2023-09-07T16:16:54.405+0000] {processor.py:839} INFO - DAG(s) dict_keys(['example_trigger_controller_dag']) retrieved from /home/airflow/.local/lib/python3.8/site-packages/airflow/example_dags/example_trigger_controller_dag.py
[2023-09-07T16:16:54.424+0000] {logging_mixin.py:151} INFO - [2023-09-07T16:16:54.423+0000] {dag.py:2907} INFO - Sync 1 DAGs
[2023-09-07T16:16:54.438+0000] {logging_mixin.py:151} INFO - [2023-09-07T16:16:54.438+0000] {dag.py:3677} INFO - Setting next_dagrun for example_trigger_controller_dag to 2021-01-01T00:00:00+00:00, run_after=2021-01-01T00:00:00+00:00
[2023-09-07T16:16:54.448+0000] {processor.py:179} INFO - Processing /home/airflow/.local/lib/python3.8/site-packages/airflow/example_dags/example_trigger_controller_dag.py took 0.052 seconds
[2023-09-07T16:17:25.666+0000] {processor.py:157} INFO - Started process (PID=9082) to work on /home/airflow/.local/lib/python3.8/site-packages/airflow/example_dags/example_trigger_controller_dag.py
[2023-09-07T16:17:25.668+0000] {processor.py:829} INFO - Processing file /home/airflow/.local/lib/python3.8/site-packages/airflow/example_dags/example_trigger_controller_dag.py for tasks to queue
[2023-09-07T16:17:25.669+0000] {logging_mixin.py:151} INFO - [2023-09-07T16:17:25.668+0000] {dagbag.py:539} INFO - Filling up the DagBag from /home/airflow/.local/lib/python3.8/site-packages/airflow/example_dags/example_trigger_controller_dag.py
[2023-09-07T16:17:25.672+0000] {processor.py:839} INFO - DAG(s) dict_keys(['example_trigger_controller_dag']) retrieved from /home/airflow/.local/lib/python3.8/site-packages/airflow/example_dags/example_trigger_controller_dag.py
[2023-09-07T16:17:25.693+0000] {logging_mixin.py:151} INFO - [2023-09-07T16:17:25.692+0000] {dag.py:2907} INFO - Sync 1 DAGs
[2023-09-07T16:17:25.706+0000] {logging_mixin.py:151} INFO - [2023-09-07T16:17:25.706+0000] {dag.py:3677} INFO - Setting next_dagrun for example_trigger_controller_dag to 2021-01-01T00:00:00+00:00, run_after=2021-01-01T00:00:00+00:00
[2023-09-07T16:17:25.716+0000] {processor.py:179} INFO - Processing /home/airflow/.local/lib/python3.8/site-packages/airflow/example_dags/example_trigger_controller_dag.py took 0.052 seconds
[2023-09-07T16:17:55.743+0000] {processor.py:157} INFO - Started process (PID=9318) to work on /home/airflow/.local/lib/python3.8/site-packages/airflow/example_dags/example_trigger_controller_dag.py
[2023-09-07T16:17:55.744+0000] {processor.py:829} INFO - Processing file /home/airflow/.local/lib/python3.8/site-packages/airflow/example_dags/example_trigger_controller_dag.py for tasks to queue
[2023-09-07T16:17:55.745+0000] {logging_mixin.py:151} INFO - [2023-09-07T16:17:55.745+0000] {dagbag.py:539} INFO - Filling up the DagBag from /home/airflow/.local/lib/python3.8/site-packages/airflow/example_dags/example_trigger_controller_dag.py
[2023-09-07T16:17:55.750+0000] {processor.py:839} INFO - DAG(s) dict_keys(['example_trigger_controller_dag']) retrieved from /home/airflow/.local/lib/python3.8/site-packages/airflow/example_dags/example_trigger_controller_dag.py
[2023-09-07T16:17:55.769+0000] {logging_mixin.py:151} INFO - [2023-09-07T16:17:55.769+0000] {dag.py:2907} INFO - Sync 1 DAGs
[2023-09-07T16:17:55.783+0000] {logging_mixin.py:151} INFO - [2023-09-07T16:17:55.782+0000] {dag.py:3677} INFO - Setting next_dagrun for example_trigger_controller_dag to 2021-01-01T00:00:00+00:00, run_after=2021-01-01T00:00:00+00:00
[2023-09-07T16:17:55.795+0000] {processor.py:179} INFO - Processing /home/airflow/.local/lib/python3.8/site-packages/airflow/example_dags/example_trigger_controller_dag.py took 0.055 seconds
[2023-09-07T16:18:25.902+0000] {processor.py:157} INFO - Started process (PID=9557) to work on /home/airflow/.local/lib/python3.8/site-packages/airflow/example_dags/example_trigger_controller_dag.py
[2023-09-07T16:18:25.903+0000] {processor.py:829} INFO - Processing file /home/airflow/.local/lib/python3.8/site-packages/airflow/example_dags/example_trigger_controller_dag.py for tasks to queue
[2023-09-07T16:18:25.904+0000] {logging_mixin.py:151} INFO - [2023-09-07T16:18:25.904+0000] {dagbag.py:539} INFO - Filling up the DagBag from /home/airflow/.local/lib/python3.8/site-packages/airflow/example_dags/example_trigger_controller_dag.py
[2023-09-07T16:18:25.908+0000] {processor.py:839} INFO - DAG(s) dict_keys(['example_trigger_controller_dag']) retrieved from /home/airflow/.local/lib/python3.8/site-packages/airflow/example_dags/example_trigger_controller_dag.py
[2023-09-07T16:18:25.926+0000] {logging_mixin.py:151} INFO - [2023-09-07T16:18:25.926+0000] {dag.py:2907} INFO - Sync 1 DAGs
[2023-09-07T16:18:25.938+0000] {logging_mixin.py:151} INFO - [2023-09-07T16:18:25.938+0000] {dag.py:3677} INFO - Setting next_dagrun for example_trigger_controller_dag to 2021-01-01T00:00:00+00:00, run_after=2021-01-01T00:00:00+00:00
[2023-09-07T16:18:25.947+0000] {processor.py:179} INFO - Processing /home/airflow/.local/lib/python3.8/site-packages/airflow/example_dags/example_trigger_controller_dag.py took 0.048 seconds
[2023-09-07T16:18:56.139+0000] {processor.py:157} INFO - Started process (PID=9795) to work on /home/airflow/.local/lib/python3.8/site-packages/airflow/example_dags/example_trigger_controller_dag.py
[2023-09-07T16:18:56.140+0000] {processor.py:829} INFO - Processing file /home/airflow/.local/lib/python3.8/site-packages/airflow/example_dags/example_trigger_controller_dag.py for tasks to queue
[2023-09-07T16:18:56.141+0000] {logging_mixin.py:151} INFO - [2023-09-07T16:18:56.141+0000] {dagbag.py:539} INFO - Filling up the DagBag from /home/airflow/.local/lib/python3.8/site-packages/airflow/example_dags/example_trigger_controller_dag.py
[2023-09-07T16:18:56.146+0000] {processor.py:839} INFO - DAG(s) dict_keys(['example_trigger_controller_dag']) retrieved from /home/airflow/.local/lib/python3.8/site-packages/airflow/example_dags/example_trigger_controller_dag.py
[2023-09-07T16:18:56.166+0000] {logging_mixin.py:151} INFO - [2023-09-07T16:18:56.166+0000] {dag.py:2907} INFO - Sync 1 DAGs
[2023-09-07T16:18:56.184+0000] {logging_mixin.py:151} INFO - [2023-09-07T16:18:56.184+0000] {dag.py:3677} INFO - Setting next_dagrun for example_trigger_controller_dag to 2021-01-01T00:00:00+00:00, run_after=2021-01-01T00:00:00+00:00
[2023-09-07T16:18:56.195+0000] {processor.py:179} INFO - Processing /home/airflow/.local/lib/python3.8/site-packages/airflow/example_dags/example_trigger_controller_dag.py took 0.059 seconds
[2023-09-07T16:19:26.596+0000] {processor.py:157} INFO - Started process (PID=10033) to work on /home/airflow/.local/lib/python3.8/site-packages/airflow/example_dags/example_trigger_controller_dag.py
[2023-09-07T16:19:26.598+0000] {processor.py:829} INFO - Processing file /home/airflow/.local/lib/python3.8/site-packages/airflow/example_dags/example_trigger_controller_dag.py for tasks to queue
[2023-09-07T16:19:26.600+0000] {logging_mixin.py:151} INFO - [2023-09-07T16:19:26.599+0000] {dagbag.py:539} INFO - Filling up the DagBag from /home/airflow/.local/lib/python3.8/site-packages/airflow/example_dags/example_trigger_controller_dag.py
[2023-09-07T16:19:26.605+0000] {processor.py:839} INFO - DAG(s) dict_keys(['example_trigger_controller_dag']) retrieved from /home/airflow/.local/lib/python3.8/site-packages/airflow/example_dags/example_trigger_controller_dag.py
[2023-09-07T16:19:26.624+0000] {logging_mixin.py:151} INFO - [2023-09-07T16:19:26.624+0000] {dag.py:2907} INFO - Sync 1 DAGs
[2023-09-07T16:19:26.638+0000] {logging_mixin.py:151} INFO - [2023-09-07T16:19:26.638+0000] {dag.py:3677} INFO - Setting next_dagrun for example_trigger_controller_dag to 2021-01-01T00:00:00+00:00, run_after=2021-01-01T00:00:00+00:00
[2023-09-07T16:19:26.650+0000] {processor.py:179} INFO - Processing /home/airflow/.local/lib/python3.8/site-packages/airflow/example_dags/example_trigger_controller_dag.py took 0.060 seconds
[2023-09-07T16:19:56.968+0000] {processor.py:157} INFO - Started process (PID=10271) to work on /home/airflow/.local/lib/python3.8/site-packages/airflow/example_dags/example_trigger_controller_dag.py
[2023-09-07T16:19:56.969+0000] {processor.py:829} INFO - Processing file /home/airflow/.local/lib/python3.8/site-packages/airflow/example_dags/example_trigger_controller_dag.py for tasks to queue
[2023-09-07T16:19:56.970+0000] {logging_mixin.py:151} INFO - [2023-09-07T16:19:56.970+0000] {dagbag.py:539} INFO - Filling up the DagBag from /home/airflow/.local/lib/python3.8/site-packages/airflow/example_dags/example_trigger_controller_dag.py
[2023-09-07T16:19:56.974+0000] {processor.py:839} INFO - DAG(s) dict_keys(['example_trigger_controller_dag']) retrieved from /home/airflow/.local/lib/python3.8/site-packages/airflow/example_dags/example_trigger_controller_dag.py
[2023-09-07T16:19:56.992+0000] {logging_mixin.py:151} INFO - [2023-09-07T16:19:56.992+0000] {dag.py:2907} INFO - Sync 1 DAGs
[2023-09-07T16:19:57.004+0000] {logging_mixin.py:151} INFO - [2023-09-07T16:19:57.004+0000] {dag.py:3677} INFO - Setting next_dagrun for example_trigger_controller_dag to 2021-01-01T00:00:00+00:00, run_after=2021-01-01T00:00:00+00:00
[2023-09-07T16:19:57.013+0000] {processor.py:179} INFO - Processing /home/airflow/.local/lib/python3.8/site-packages/airflow/example_dags/example_trigger_controller_dag.py took 0.048 seconds
[2023-09-07T16:20:27.412+0000] {processor.py:157} INFO - Started process (PID=10509) to work on /home/airflow/.local/lib/python3.8/site-packages/airflow/example_dags/example_trigger_controller_dag.py
[2023-09-07T16:20:27.414+0000] {processor.py:829} INFO - Processing file /home/airflow/.local/lib/python3.8/site-packages/airflow/example_dags/example_trigger_controller_dag.py for tasks to queue
[2023-09-07T16:20:27.415+0000] {logging_mixin.py:151} INFO - [2023-09-07T16:20:27.415+0000] {dagbag.py:539} INFO - Filling up the DagBag from /home/airflow/.local/lib/python3.8/site-packages/airflow/example_dags/example_trigger_controller_dag.py
[2023-09-07T16:20:27.419+0000] {processor.py:839} INFO - DAG(s) dict_keys(['example_trigger_controller_dag']) retrieved from /home/airflow/.local/lib/python3.8/site-packages/airflow/example_dags/example_trigger_controller_dag.py
[2023-09-07T16:20:27.441+0000] {logging_mixin.py:151} INFO - [2023-09-07T16:20:27.441+0000] {dag.py:2907} INFO - Sync 1 DAGs
[2023-09-07T16:20:27.454+0000] {logging_mixin.py:151} INFO - [2023-09-07T16:20:27.454+0000] {dag.py:3677} INFO - Setting next_dagrun for example_trigger_controller_dag to 2021-01-01T00:00:00+00:00, run_after=2021-01-01T00:00:00+00:00
[2023-09-07T16:20:27.463+0000] {processor.py:179} INFO - Processing /home/airflow/.local/lib/python3.8/site-packages/airflow/example_dags/example_trigger_controller_dag.py took 0.054 seconds
[2023-09-07T16:20:57.968+0000] {processor.py:157} INFO - Started process (PID=10746) to work on /home/airflow/.local/lib/python3.8/site-packages/airflow/example_dags/example_trigger_controller_dag.py
[2023-09-07T16:20:57.969+0000] {processor.py:829} INFO - Processing file /home/airflow/.local/lib/python3.8/site-packages/airflow/example_dags/example_trigger_controller_dag.py for tasks to queue
[2023-09-07T16:20:57.970+0000] {logging_mixin.py:151} INFO - [2023-09-07T16:20:57.970+0000] {dagbag.py:539} INFO - Filling up the DagBag from /home/airflow/.local/lib/python3.8/site-packages/airflow/example_dags/example_trigger_controller_dag.py
[2023-09-07T16:20:57.974+0000] {processor.py:839} INFO - DAG(s) dict_keys(['example_trigger_controller_dag']) retrieved from /home/airflow/.local/lib/python3.8/site-packages/airflow/example_dags/example_trigger_controller_dag.py
[2023-09-07T16:20:57.995+0000] {logging_mixin.py:151} INFO - [2023-09-07T16:20:57.995+0000] {dag.py:2907} INFO - Sync 1 DAGs
[2023-09-07T16:20:58.009+0000] {logging_mixin.py:151} INFO - [2023-09-07T16:20:58.008+0000] {dag.py:3677} INFO - Setting next_dagrun for example_trigger_controller_dag to 2021-01-01T00:00:00+00:00, run_after=2021-01-01T00:00:00+00:00
[2023-09-07T16:20:58.022+0000] {processor.py:179} INFO - Processing /home/airflow/.local/lib/python3.8/site-packages/airflow/example_dags/example_trigger_controller_dag.py took 0.057 seconds
[2023-09-07T16:21:28.332+0000] {processor.py:157} INFO - Started process (PID=10984) to work on /home/airflow/.local/lib/python3.8/site-packages/airflow/example_dags/example_trigger_controller_dag.py
[2023-09-07T16:21:28.333+0000] {processor.py:829} INFO - Processing file /home/airflow/.local/lib/python3.8/site-packages/airflow/example_dags/example_trigger_controller_dag.py for tasks to queue
[2023-09-07T16:21:28.334+0000] {logging_mixin.py:151} INFO - [2023-09-07T16:21:28.334+0000] {dagbag.py:539} INFO - Filling up the DagBag from /home/airflow/.local/lib/python3.8/site-packages/airflow/example_dags/example_trigger_controller_dag.py
[2023-09-07T16:21:28.339+0000] {processor.py:839} INFO - DAG(s) dict_keys(['example_trigger_controller_dag']) retrieved from /home/airflow/.local/lib/python3.8/site-packages/airflow/example_dags/example_trigger_controller_dag.py
[2023-09-07T16:21:28.361+0000] {logging_mixin.py:151} INFO - [2023-09-07T16:21:28.361+0000] {dag.py:2907} INFO - Sync 1 DAGs
[2023-09-07T16:21:28.374+0000] {logging_mixin.py:151} INFO - [2023-09-07T16:21:28.374+0000] {dag.py:3677} INFO - Setting next_dagrun for example_trigger_controller_dag to 2021-01-01T00:00:00+00:00, run_after=2021-01-01T00:00:00+00:00
[2023-09-07T16:21:28.384+0000] {processor.py:179} INFO - Processing /home/airflow/.local/lib/python3.8/site-packages/airflow/example_dags/example_trigger_controller_dag.py took 0.055 seconds
[2023-09-07T16:21:58.988+0000] {processor.py:157} INFO - Started process (PID=11224) to work on /home/airflow/.local/lib/python3.8/site-packages/airflow/example_dags/example_trigger_controller_dag.py
[2023-09-07T16:21:58.989+0000] {processor.py:829} INFO - Processing file /home/airflow/.local/lib/python3.8/site-packages/airflow/example_dags/example_trigger_controller_dag.py for tasks to queue
[2023-09-07T16:21:58.990+0000] {logging_mixin.py:151} INFO - [2023-09-07T16:21:58.990+0000] {dagbag.py:539} INFO - Filling up the DagBag from /home/airflow/.local/lib/python3.8/site-packages/airflow/example_dags/example_trigger_controller_dag.py
[2023-09-07T16:21:58.994+0000] {processor.py:839} INFO - DAG(s) dict_keys(['example_trigger_controller_dag']) retrieved from /home/airflow/.local/lib/python3.8/site-packages/airflow/example_dags/example_trigger_controller_dag.py
[2023-09-07T16:21:59.011+0000] {logging_mixin.py:151} INFO - [2023-09-07T16:21:59.011+0000] {dag.py:2907} INFO - Sync 1 DAGs
[2023-09-07T16:21:59.024+0000] {logging_mixin.py:151} INFO - [2023-09-07T16:21:59.024+0000] {dag.py:3677} INFO - Setting next_dagrun for example_trigger_controller_dag to 2021-01-01T00:00:00+00:00, run_after=2021-01-01T00:00:00+00:00
[2023-09-07T16:21:59.034+0000] {processor.py:179} INFO - Processing /home/airflow/.local/lib/python3.8/site-packages/airflow/example_dags/example_trigger_controller_dag.py took 0.050 seconds
[2023-09-07T16:22:29.599+0000] {processor.py:157} INFO - Started process (PID=11459) to work on /home/airflow/.local/lib/python3.8/site-packages/airflow/example_dags/example_trigger_controller_dag.py
[2023-09-07T16:22:29.601+0000] {processor.py:829} INFO - Processing file /home/airflow/.local/lib/python3.8/site-packages/airflow/example_dags/example_trigger_controller_dag.py for tasks to queue
[2023-09-07T16:22:29.606+0000] {logging_mixin.py:151} INFO - [2023-09-07T16:22:29.606+0000] {dagbag.py:539} INFO - Filling up the DagBag from /home/airflow/.local/lib/python3.8/site-packages/airflow/example_dags/example_trigger_controller_dag.py
[2023-09-07T16:22:29.615+0000] {processor.py:839} INFO - DAG(s) dict_keys(['example_trigger_controller_dag']) retrieved from /home/airflow/.local/lib/python3.8/site-packages/airflow/example_dags/example_trigger_controller_dag.py
[2023-09-07T16:22:29.640+0000] {logging_mixin.py:151} INFO - [2023-09-07T16:22:29.640+0000] {dag.py:2907} INFO - Sync 1 DAGs
[2023-09-07T16:22:29.654+0000] {logging_mixin.py:151} INFO - [2023-09-07T16:22:29.654+0000] {dag.py:3677} INFO - Setting next_dagrun for example_trigger_controller_dag to 2021-01-01T00:00:00+00:00, run_after=2021-01-01T00:00:00+00:00
[2023-09-07T16:22:29.670+0000] {processor.py:179} INFO - Processing /home/airflow/.local/lib/python3.8/site-packages/airflow/example_dags/example_trigger_controller_dag.py took 0.075 seconds
[2023-09-07T16:23:00.038+0000] {processor.py:157} INFO - Started process (PID=11697) to work on /home/airflow/.local/lib/python3.8/site-packages/airflow/example_dags/example_trigger_controller_dag.py
[2023-09-07T16:23:00.039+0000] {processor.py:829} INFO - Processing file /home/airflow/.local/lib/python3.8/site-packages/airflow/example_dags/example_trigger_controller_dag.py for tasks to queue
[2023-09-07T16:23:00.040+0000] {logging_mixin.py:151} INFO - [2023-09-07T16:23:00.039+0000] {dagbag.py:539} INFO - Filling up the DagBag from /home/airflow/.local/lib/python3.8/site-packages/airflow/example_dags/example_trigger_controller_dag.py
[2023-09-07T16:23:00.044+0000] {processor.py:839} INFO - DAG(s) dict_keys(['example_trigger_controller_dag']) retrieved from /home/airflow/.local/lib/python3.8/site-packages/airflow/example_dags/example_trigger_controller_dag.py
[2023-09-07T16:23:00.065+0000] {logging_mixin.py:151} INFO - [2023-09-07T16:23:00.065+0000] {dag.py:2907} INFO - Sync 1 DAGs
[2023-09-07T16:23:00.079+0000] {logging_mixin.py:151} INFO - [2023-09-07T16:23:00.079+0000] {dag.py:3677} INFO - Setting next_dagrun for example_trigger_controller_dag to 2021-01-01T00:00:00+00:00, run_after=2021-01-01T00:00:00+00:00
[2023-09-07T16:23:00.088+0000] {processor.py:179} INFO - Processing /home/airflow/.local/lib/python3.8/site-packages/airflow/example_dags/example_trigger_controller_dag.py took 0.054 seconds
[2023-09-07T16:23:30.594+0000] {processor.py:157} INFO - Started process (PID=11935) to work on /home/airflow/.local/lib/python3.8/site-packages/airflow/example_dags/example_trigger_controller_dag.py
[2023-09-07T16:23:30.595+0000] {processor.py:829} INFO - Processing file /home/airflow/.local/lib/python3.8/site-packages/airflow/example_dags/example_trigger_controller_dag.py for tasks to queue
[2023-09-07T16:23:30.596+0000] {logging_mixin.py:151} INFO - [2023-09-07T16:23:30.596+0000] {dagbag.py:539} INFO - Filling up the DagBag from /home/airflow/.local/lib/python3.8/site-packages/airflow/example_dags/example_trigger_controller_dag.py
[2023-09-07T16:23:30.600+0000] {processor.py:839} INFO - DAG(s) dict_keys(['example_trigger_controller_dag']) retrieved from /home/airflow/.local/lib/python3.8/site-packages/airflow/example_dags/example_trigger_controller_dag.py
[2023-09-07T16:23:30.618+0000] {logging_mixin.py:151} INFO - [2023-09-07T16:23:30.618+0000] {dag.py:2907} INFO - Sync 1 DAGs
[2023-09-07T16:23:30.632+0000] {logging_mixin.py:151} INFO - [2023-09-07T16:23:30.632+0000] {dag.py:3677} INFO - Setting next_dagrun for example_trigger_controller_dag to 2021-01-01T00:00:00+00:00, run_after=2021-01-01T00:00:00+00:00
[2023-09-07T16:23:30.641+0000] {processor.py:179} INFO - Processing /home/airflow/.local/lib/python3.8/site-packages/airflow/example_dags/example_trigger_controller_dag.py took 0.050 seconds
[2023-09-07T16:24:01.145+0000] {processor.py:157} INFO - Started process (PID=12173) to work on /home/airflow/.local/lib/python3.8/site-packages/airflow/example_dags/example_trigger_controller_dag.py
[2023-09-07T16:24:01.146+0000] {processor.py:829} INFO - Processing file /home/airflow/.local/lib/python3.8/site-packages/airflow/example_dags/example_trigger_controller_dag.py for tasks to queue
[2023-09-07T16:24:01.147+0000] {logging_mixin.py:151} INFO - [2023-09-07T16:24:01.146+0000] {dagbag.py:539} INFO - Filling up the DagBag from /home/airflow/.local/lib/python3.8/site-packages/airflow/example_dags/example_trigger_controller_dag.py
[2023-09-07T16:24:01.150+0000] {processor.py:839} INFO - DAG(s) dict_keys(['example_trigger_controller_dag']) retrieved from /home/airflow/.local/lib/python3.8/site-packages/airflow/example_dags/example_trigger_controller_dag.py
[2023-09-07T16:24:01.170+0000] {logging_mixin.py:151} INFO - [2023-09-07T16:24:01.169+0000] {dag.py:2907} INFO - Sync 1 DAGs
[2023-09-07T16:24:01.184+0000] {logging_mixin.py:151} INFO - [2023-09-07T16:24:01.184+0000] {dag.py:3677} INFO - Setting next_dagrun for example_trigger_controller_dag to 2021-01-01T00:00:00+00:00, run_after=2021-01-01T00:00:00+00:00
[2023-09-07T16:24:01.193+0000] {processor.py:179} INFO - Processing /home/airflow/.local/lib/python3.8/site-packages/airflow/example_dags/example_trigger_controller_dag.py took 0.051 seconds
[2023-09-07T16:24:31.651+0000] {processor.py:157} INFO - Started process (PID=12413) to work on /home/airflow/.local/lib/python3.8/site-packages/airflow/example_dags/example_trigger_controller_dag.py
[2023-09-07T16:24:31.652+0000] {processor.py:829} INFO - Processing file /home/airflow/.local/lib/python3.8/site-packages/airflow/example_dags/example_trigger_controller_dag.py for tasks to queue
[2023-09-07T16:24:31.653+0000] {logging_mixin.py:151} INFO - [2023-09-07T16:24:31.653+0000] {dagbag.py:539} INFO - Filling up the DagBag from /home/airflow/.local/lib/python3.8/site-packages/airflow/example_dags/example_trigger_controller_dag.py
[2023-09-07T16:24:31.657+0000] {processor.py:839} INFO - DAG(s) dict_keys(['example_trigger_controller_dag']) retrieved from /home/airflow/.local/lib/python3.8/site-packages/airflow/example_dags/example_trigger_controller_dag.py
[2023-09-07T16:24:31.674+0000] {logging_mixin.py:151} INFO - [2023-09-07T16:24:31.674+0000] {dag.py:2907} INFO - Sync 1 DAGs
[2023-09-07T16:24:31.686+0000] {logging_mixin.py:151} INFO - [2023-09-07T16:24:31.686+0000] {dag.py:3677} INFO - Setting next_dagrun for example_trigger_controller_dag to 2021-01-01T00:00:00+00:00, run_after=2021-01-01T00:00:00+00:00
[2023-09-07T16:24:31.695+0000] {processor.py:179} INFO - Processing /home/airflow/.local/lib/python3.8/site-packages/airflow/example_dags/example_trigger_controller_dag.py took 0.047 seconds
[2023-09-07T16:25:02.025+0000] {processor.py:157} INFO - Started process (PID=12652) to work on /home/airflow/.local/lib/python3.8/site-packages/airflow/example_dags/example_trigger_controller_dag.py
[2023-09-07T16:25:02.026+0000] {processor.py:829} INFO - Processing file /home/airflow/.local/lib/python3.8/site-packages/airflow/example_dags/example_trigger_controller_dag.py for tasks to queue
[2023-09-07T16:25:02.027+0000] {logging_mixin.py:151} INFO - [2023-09-07T16:25:02.027+0000] {dagbag.py:539} INFO - Filling up the DagBag from /home/airflow/.local/lib/python3.8/site-packages/airflow/example_dags/example_trigger_controller_dag.py
[2023-09-07T16:25:02.031+0000] {processor.py:839} INFO - DAG(s) dict_keys(['example_trigger_controller_dag']) retrieved from /home/airflow/.local/lib/python3.8/site-packages/airflow/example_dags/example_trigger_controller_dag.py
[2023-09-07T16:25:02.049+0000] {logging_mixin.py:151} INFO - [2023-09-07T16:25:02.049+0000] {dag.py:2907} INFO - Sync 1 DAGs
[2023-09-07T16:25:02.064+0000] {logging_mixin.py:151} INFO - [2023-09-07T16:25:02.063+0000] {dag.py:3677} INFO - Setting next_dagrun for example_trigger_controller_dag to 2021-01-01T00:00:00+00:00, run_after=2021-01-01T00:00:00+00:00
[2023-09-07T16:25:02.075+0000] {processor.py:179} INFO - Processing /home/airflow/.local/lib/python3.8/site-packages/airflow/example_dags/example_trigger_controller_dag.py took 0.052 seconds
[2023-09-07T16:25:32.543+0000] {processor.py:157} INFO - Started process (PID=12889) to work on /home/airflow/.local/lib/python3.8/site-packages/airflow/example_dags/example_trigger_controller_dag.py
[2023-09-07T16:25:32.544+0000] {processor.py:829} INFO - Processing file /home/airflow/.local/lib/python3.8/site-packages/airflow/example_dags/example_trigger_controller_dag.py for tasks to queue
[2023-09-07T16:25:32.545+0000] {logging_mixin.py:151} INFO - [2023-09-07T16:25:32.545+0000] {dagbag.py:539} INFO - Filling up the DagBag from /home/airflow/.local/lib/python3.8/site-packages/airflow/example_dags/example_trigger_controller_dag.py
[2023-09-07T16:25:32.549+0000] {processor.py:839} INFO - DAG(s) dict_keys(['example_trigger_controller_dag']) retrieved from /home/airflow/.local/lib/python3.8/site-packages/airflow/example_dags/example_trigger_controller_dag.py
[2023-09-07T16:25:32.577+0000] {logging_mixin.py:151} INFO - [2023-09-07T16:25:32.577+0000] {dag.py:2907} INFO - Sync 1 DAGs
[2023-09-07T16:25:32.593+0000] {logging_mixin.py:151} INFO - [2023-09-07T16:25:32.592+0000] {dag.py:3677} INFO - Setting next_dagrun for example_trigger_controller_dag to 2021-01-01T00:00:00+00:00, run_after=2021-01-01T00:00:00+00:00
[2023-09-07T16:25:32.603+0000] {processor.py:179} INFO - Processing /home/airflow/.local/lib/python3.8/site-packages/airflow/example_dags/example_trigger_controller_dag.py took 0.063 seconds
[2023-09-07T16:26:03.161+0000] {processor.py:157} INFO - Started process (PID=13127) to work on /home/airflow/.local/lib/python3.8/site-packages/airflow/example_dags/example_trigger_controller_dag.py
[2023-09-07T16:26:03.162+0000] {processor.py:829} INFO - Processing file /home/airflow/.local/lib/python3.8/site-packages/airflow/example_dags/example_trigger_controller_dag.py for tasks to queue
[2023-09-07T16:26:03.163+0000] {logging_mixin.py:151} INFO - [2023-09-07T16:26:03.163+0000] {dagbag.py:539} INFO - Filling up the DagBag from /home/airflow/.local/lib/python3.8/site-packages/airflow/example_dags/example_trigger_controller_dag.py
[2023-09-07T16:26:03.167+0000] {processor.py:839} INFO - DAG(s) dict_keys(['example_trigger_controller_dag']) retrieved from /home/airflow/.local/lib/python3.8/site-packages/airflow/example_dags/example_trigger_controller_dag.py
[2023-09-07T16:26:03.185+0000] {logging_mixin.py:151} INFO - [2023-09-07T16:26:03.185+0000] {dag.py:2907} INFO - Sync 1 DAGs
[2023-09-07T16:26:03.197+0000] {logging_mixin.py:151} INFO - [2023-09-07T16:26:03.197+0000] {dag.py:3677} INFO - Setting next_dagrun for example_trigger_controller_dag to 2021-01-01T00:00:00+00:00, run_after=2021-01-01T00:00:00+00:00
[2023-09-07T16:26:03.212+0000] {processor.py:179} INFO - Processing /home/airflow/.local/lib/python3.8/site-packages/airflow/example_dags/example_trigger_controller_dag.py took 0.054 seconds
[2023-09-07T16:26:34.031+0000] {processor.py:157} INFO - Started process (PID=13366) to work on /home/airflow/.local/lib/python3.8/site-packages/airflow/example_dags/example_trigger_controller_dag.py
[2023-09-07T16:26:34.032+0000] {processor.py:829} INFO - Processing file /home/airflow/.local/lib/python3.8/site-packages/airflow/example_dags/example_trigger_controller_dag.py for tasks to queue
[2023-09-07T16:26:34.033+0000] {logging_mixin.py:151} INFO - [2023-09-07T16:26:34.033+0000] {dagbag.py:539} INFO - Filling up the DagBag from /home/airflow/.local/lib/python3.8/site-packages/airflow/example_dags/example_trigger_controller_dag.py
[2023-09-07T16:26:34.037+0000] {processor.py:839} INFO - DAG(s) dict_keys(['example_trigger_controller_dag']) retrieved from /home/airflow/.local/lib/python3.8/site-packages/airflow/example_dags/example_trigger_controller_dag.py
[2023-09-07T16:26:34.055+0000] {logging_mixin.py:151} INFO - [2023-09-07T16:26:34.055+0000] {dag.py:2907} INFO - Sync 1 DAGs
[2023-09-07T16:26:34.067+0000] {logging_mixin.py:151} INFO - [2023-09-07T16:26:34.067+0000] {dag.py:3677} INFO - Setting next_dagrun for example_trigger_controller_dag to 2021-01-01T00:00:00+00:00, run_after=2021-01-01T00:00:00+00:00
[2023-09-07T16:26:34.076+0000] {processor.py:179} INFO - Processing /home/airflow/.local/lib/python3.8/site-packages/airflow/example_dags/example_trigger_controller_dag.py took 0.048 seconds
[2023-09-07T16:27:04.292+0000] {processor.py:157} INFO - Started process (PID=13602) to work on /home/airflow/.local/lib/python3.8/site-packages/airflow/example_dags/example_trigger_controller_dag.py
[2023-09-07T16:27:04.294+0000] {processor.py:829} INFO - Processing file /home/airflow/.local/lib/python3.8/site-packages/airflow/example_dags/example_trigger_controller_dag.py for tasks to queue
[2023-09-07T16:27:04.295+0000] {logging_mixin.py:151} INFO - [2023-09-07T16:27:04.295+0000] {dagbag.py:539} INFO - Filling up the DagBag from /home/airflow/.local/lib/python3.8/site-packages/airflow/example_dags/example_trigger_controller_dag.py
[2023-09-07T16:27:04.298+0000] {processor.py:839} INFO - DAG(s) dict_keys(['example_trigger_controller_dag']) retrieved from /home/airflow/.local/lib/python3.8/site-packages/airflow/example_dags/example_trigger_controller_dag.py
[2023-09-07T16:27:04.317+0000] {logging_mixin.py:151} INFO - [2023-09-07T16:27:04.317+0000] {dag.py:2907} INFO - Sync 1 DAGs
[2023-09-07T16:27:04.331+0000] {logging_mixin.py:151} INFO - [2023-09-07T16:27:04.331+0000] {dag.py:3677} INFO - Setting next_dagrun for example_trigger_controller_dag to 2021-01-01T00:00:00+00:00, run_after=2021-01-01T00:00:00+00:00
[2023-09-07T16:27:04.340+0000] {processor.py:179} INFO - Processing /home/airflow/.local/lib/python3.8/site-packages/airflow/example_dags/example_trigger_controller_dag.py took 0.051 seconds
[2023-09-07T16:27:34.689+0000] {processor.py:157} INFO - Started process (PID=13841) to work on /home/airflow/.local/lib/python3.8/site-packages/airflow/example_dags/example_trigger_controller_dag.py
[2023-09-07T16:27:34.691+0000] {processor.py:829} INFO - Processing file /home/airflow/.local/lib/python3.8/site-packages/airflow/example_dags/example_trigger_controller_dag.py for tasks to queue
[2023-09-07T16:27:34.692+0000] {logging_mixin.py:151} INFO - [2023-09-07T16:27:34.691+0000] {dagbag.py:539} INFO - Filling up the DagBag from /home/airflow/.local/lib/python3.8/site-packages/airflow/example_dags/example_trigger_controller_dag.py
[2023-09-07T16:27:34.695+0000] {processor.py:839} INFO - DAG(s) dict_keys(['example_trigger_controller_dag']) retrieved from /home/airflow/.local/lib/python3.8/site-packages/airflow/example_dags/example_trigger_controller_dag.py
[2023-09-07T16:27:34.715+0000] {logging_mixin.py:151} INFO - [2023-09-07T16:27:34.715+0000] {dag.py:2907} INFO - Sync 1 DAGs
[2023-09-07T16:27:34.728+0000] {logging_mixin.py:151} INFO - [2023-09-07T16:27:34.728+0000] {dag.py:3677} INFO - Setting next_dagrun for example_trigger_controller_dag to 2021-01-01T00:00:00+00:00, run_after=2021-01-01T00:00:00+00:00
[2023-09-07T16:27:34.737+0000] {processor.py:179} INFO - Processing /home/airflow/.local/lib/python3.8/site-packages/airflow/example_dags/example_trigger_controller_dag.py took 0.050 seconds
[2023-09-07T16:28:05.144+0000] {processor.py:157} INFO - Started process (PID=14079) to work on /home/airflow/.local/lib/python3.8/site-packages/airflow/example_dags/example_trigger_controller_dag.py
[2023-09-07T16:28:05.146+0000] {processor.py:829} INFO - Processing file /home/airflow/.local/lib/python3.8/site-packages/airflow/example_dags/example_trigger_controller_dag.py for tasks to queue
[2023-09-07T16:28:05.147+0000] {logging_mixin.py:151} INFO - [2023-09-07T16:28:05.146+0000] {dagbag.py:539} INFO - Filling up the DagBag from /home/airflow/.local/lib/python3.8/site-packages/airflow/example_dags/example_trigger_controller_dag.py
[2023-09-07T16:28:05.150+0000] {processor.py:839} INFO - DAG(s) dict_keys(['example_trigger_controller_dag']) retrieved from /home/airflow/.local/lib/python3.8/site-packages/airflow/example_dags/example_trigger_controller_dag.py
[2023-09-07T16:28:05.169+0000] {logging_mixin.py:151} INFO - [2023-09-07T16:28:05.169+0000] {dag.py:2907} INFO - Sync 1 DAGs
[2023-09-07T16:28:05.182+0000] {logging_mixin.py:151} INFO - [2023-09-07T16:28:05.182+0000] {dag.py:3677} INFO - Setting next_dagrun for example_trigger_controller_dag to 2021-01-01T00:00:00+00:00, run_after=2021-01-01T00:00:00+00:00
[2023-09-07T16:28:05.191+0000] {processor.py:179} INFO - Processing /home/airflow/.local/lib/python3.8/site-packages/airflow/example_dags/example_trigger_controller_dag.py took 0.050 seconds
[2023-09-07T16:28:35.689+0000] {processor.py:157} INFO - Started process (PID=14317) to work on /home/airflow/.local/lib/python3.8/site-packages/airflow/example_dags/example_trigger_controller_dag.py
[2023-09-07T16:28:35.691+0000] {processor.py:829} INFO - Processing file /home/airflow/.local/lib/python3.8/site-packages/airflow/example_dags/example_trigger_controller_dag.py for tasks to queue
[2023-09-07T16:28:35.692+0000] {logging_mixin.py:151} INFO - [2023-09-07T16:28:35.691+0000] {dagbag.py:539} INFO - Filling up the DagBag from /home/airflow/.local/lib/python3.8/site-packages/airflow/example_dags/example_trigger_controller_dag.py
[2023-09-07T16:28:35.696+0000] {processor.py:839} INFO - DAG(s) dict_keys(['example_trigger_controller_dag']) retrieved from /home/airflow/.local/lib/python3.8/site-packages/airflow/example_dags/example_trigger_controller_dag.py
[2023-09-07T16:28:35.721+0000] {logging_mixin.py:151} INFO - [2023-09-07T16:28:35.721+0000] {dag.py:2907} INFO - Sync 1 DAGs
[2023-09-07T16:28:35.740+0000] {logging_mixin.py:151} INFO - [2023-09-07T16:28:35.740+0000] {dag.py:3677} INFO - Setting next_dagrun for example_trigger_controller_dag to 2021-01-01T00:00:00+00:00, run_after=2021-01-01T00:00:00+00:00
[2023-09-07T16:28:35.750+0000] {processor.py:179} INFO - Processing /home/airflow/.local/lib/python3.8/site-packages/airflow/example_dags/example_trigger_controller_dag.py took 0.064 seconds
[2023-09-07T16:29:07.506+0000] {processor.py:157} INFO - Started process (PID=14556) to work on /home/airflow/.local/lib/python3.8/site-packages/airflow/example_dags/example_trigger_controller_dag.py
[2023-09-07T16:29:07.507+0000] {processor.py:829} INFO - Processing file /home/airflow/.local/lib/python3.8/site-packages/airflow/example_dags/example_trigger_controller_dag.py for tasks to queue
[2023-09-07T16:29:07.508+0000] {logging_mixin.py:151} INFO - [2023-09-07T16:29:07.508+0000] {dagbag.py:539} INFO - Filling up the DagBag from /home/airflow/.local/lib/python3.8/site-packages/airflow/example_dags/example_trigger_controller_dag.py
[2023-09-07T16:29:07.513+0000] {processor.py:839} INFO - DAG(s) dict_keys(['example_trigger_controller_dag']) retrieved from /home/airflow/.local/lib/python3.8/site-packages/airflow/example_dags/example_trigger_controller_dag.py
[2023-09-07T16:29:07.532+0000] {logging_mixin.py:151} INFO - [2023-09-07T16:29:07.532+0000] {dag.py:2907} INFO - Sync 1 DAGs
[2023-09-07T16:29:07.545+0000] {logging_mixin.py:151} INFO - [2023-09-07T16:29:07.545+0000] {dag.py:3677} INFO - Setting next_dagrun for example_trigger_controller_dag to 2021-01-01T00:00:00+00:00, run_after=2021-01-01T00:00:00+00:00
[2023-09-07T16:29:07.554+0000] {processor.py:179} INFO - Processing /home/airflow/.local/lib/python3.8/site-packages/airflow/example_dags/example_trigger_controller_dag.py took 0.050 seconds
[2023-09-07T16:30:58.895+0000] {processor.py:157} INFO - Started process (PID=14790) to work on /home/airflow/.local/lib/python3.8/site-packages/airflow/example_dags/example_trigger_controller_dag.py
[2023-09-07T16:30:58.897+0000] {processor.py:829} INFO - Processing file /home/airflow/.local/lib/python3.8/site-packages/airflow/example_dags/example_trigger_controller_dag.py for tasks to queue
[2023-09-07T16:30:58.898+0000] {logging_mixin.py:151} INFO - [2023-09-07T16:30:58.898+0000] {dagbag.py:539} INFO - Filling up the DagBag from /home/airflow/.local/lib/python3.8/site-packages/airflow/example_dags/example_trigger_controller_dag.py
[2023-09-07T16:30:58.904+0000] {processor.py:839} INFO - DAG(s) dict_keys(['example_trigger_controller_dag']) retrieved from /home/airflow/.local/lib/python3.8/site-packages/airflow/example_dags/example_trigger_controller_dag.py
[2023-09-07T16:30:58.931+0000] {logging_mixin.py:151} INFO - [2023-09-07T16:30:58.931+0000] {dag.py:2907} INFO - Sync 1 DAGs
[2023-09-07T16:30:58.950+0000] {logging_mixin.py:151} INFO - [2023-09-07T16:30:58.950+0000] {dag.py:3677} INFO - Setting next_dagrun for example_trigger_controller_dag to 2021-01-01T00:00:00+00:00, run_after=2021-01-01T00:00:00+00:00
[2023-09-07T16:30:58.969+0000] {processor.py:179} INFO - Processing /home/airflow/.local/lib/python3.8/site-packages/airflow/example_dags/example_trigger_controller_dag.py took 0.077 seconds
[2023-09-07T16:31:29.608+0000] {processor.py:157} INFO - Started process (PID=15028) to work on /home/airflow/.local/lib/python3.8/site-packages/airflow/example_dags/example_trigger_controller_dag.py
[2023-09-07T16:31:29.609+0000] {processor.py:829} INFO - Processing file /home/airflow/.local/lib/python3.8/site-packages/airflow/example_dags/example_trigger_controller_dag.py for tasks to queue
[2023-09-07T16:31:29.610+0000] {logging_mixin.py:151} INFO - [2023-09-07T16:31:29.610+0000] {dagbag.py:539} INFO - Filling up the DagBag from /home/airflow/.local/lib/python3.8/site-packages/airflow/example_dags/example_trigger_controller_dag.py
[2023-09-07T16:31:29.614+0000] {processor.py:839} INFO - DAG(s) dict_keys(['example_trigger_controller_dag']) retrieved from /home/airflow/.local/lib/python3.8/site-packages/airflow/example_dags/example_trigger_controller_dag.py
[2023-09-07T16:31:29.633+0000] {logging_mixin.py:151} INFO - [2023-09-07T16:31:29.633+0000] {dag.py:2907} INFO - Sync 1 DAGs
[2023-09-07T16:31:29.647+0000] {logging_mixin.py:151} INFO - [2023-09-07T16:31:29.646+0000] {dag.py:3677} INFO - Setting next_dagrun for example_trigger_controller_dag to 2021-01-01T00:00:00+00:00, run_after=2021-01-01T00:00:00+00:00
[2023-09-07T16:31:29.656+0000] {processor.py:179} INFO - Processing /home/airflow/.local/lib/python3.8/site-packages/airflow/example_dags/example_trigger_controller_dag.py took 0.051 seconds
[2023-09-07T16:32:00.457+0000] {processor.py:157} INFO - Started process (PID=15266) to work on /home/airflow/.local/lib/python3.8/site-packages/airflow/example_dags/example_trigger_controller_dag.py
[2023-09-07T16:32:00.459+0000] {processor.py:829} INFO - Processing file /home/airflow/.local/lib/python3.8/site-packages/airflow/example_dags/example_trigger_controller_dag.py for tasks to queue
[2023-09-07T16:32:00.460+0000] {logging_mixin.py:151} INFO - [2023-09-07T16:32:00.460+0000] {dagbag.py:539} INFO - Filling up the DagBag from /home/airflow/.local/lib/python3.8/site-packages/airflow/example_dags/example_trigger_controller_dag.py
[2023-09-07T16:32:00.464+0000] {processor.py:839} INFO - DAG(s) dict_keys(['example_trigger_controller_dag']) retrieved from /home/airflow/.local/lib/python3.8/site-packages/airflow/example_dags/example_trigger_controller_dag.py
[2023-09-07T16:32:00.483+0000] {logging_mixin.py:151} INFO - [2023-09-07T16:32:00.483+0000] {dag.py:2907} INFO - Sync 1 DAGs
[2023-09-07T16:32:00.497+0000] {logging_mixin.py:151} INFO - [2023-09-07T16:32:00.497+0000] {dag.py:3677} INFO - Setting next_dagrun for example_trigger_controller_dag to 2021-01-01T00:00:00+00:00, run_after=2021-01-01T00:00:00+00:00
[2023-09-07T16:32:00.507+0000] {processor.py:179} INFO - Processing /home/airflow/.local/lib/python3.8/site-packages/airflow/example_dags/example_trigger_controller_dag.py took 0.053 seconds
[2023-09-07T16:32:32.440+0000] {processor.py:157} INFO - Started process (PID=15504) to work on /home/airflow/.local/lib/python3.8/site-packages/airflow/example_dags/example_trigger_controller_dag.py
[2023-09-07T16:32:32.442+0000] {processor.py:829} INFO - Processing file /home/airflow/.local/lib/python3.8/site-packages/airflow/example_dags/example_trigger_controller_dag.py for tasks to queue
[2023-09-07T16:32:32.443+0000] {logging_mixin.py:151} INFO - [2023-09-07T16:32:32.443+0000] {dagbag.py:539} INFO - Filling up the DagBag from /home/airflow/.local/lib/python3.8/site-packages/airflow/example_dags/example_trigger_controller_dag.py
[2023-09-07T16:32:32.450+0000] {processor.py:839} INFO - DAG(s) dict_keys(['example_trigger_controller_dag']) retrieved from /home/airflow/.local/lib/python3.8/site-packages/airflow/example_dags/example_trigger_controller_dag.py
[2023-09-07T16:32:32.849+0000] {logging_mixin.py:151} INFO - [2023-09-07T16:32:32.847+0000] {dag.py:2907} INFO - Sync 1 DAGs
[2023-09-07T16:32:32.923+0000] {logging_mixin.py:151} INFO - [2023-09-07T16:32:32.922+0000] {dag.py:3677} INFO - Setting next_dagrun for example_trigger_controller_dag to 2021-01-01T00:00:00+00:00, run_after=2021-01-01T00:00:00+00:00
[2023-09-07T16:32:32.953+0000] {processor.py:179} INFO - Processing /home/airflow/.local/lib/python3.8/site-packages/airflow/example_dags/example_trigger_controller_dag.py took 0.517 seconds
