[2023-09-07T15:58:24.488+0000] {processor.py:157} INFO - Started process (PID=209) to work on /home/airflow/.local/lib/python3.8/site-packages/airflow/example_dags/example_params_trigger_ui.py
[2023-09-07T15:58:24.489+0000] {processor.py:829} INFO - Processing file /home/airflow/.local/lib/python3.8/site-packages/airflow/example_dags/example_params_trigger_ui.py for tasks to queue
[2023-09-07T15:58:24.491+0000] {logging_mixin.py:151} INFO - [2023-09-07T15:58:24.491+0000] {dagbag.py:539} INFO - Filling up the DagBag from /home/airflow/.local/lib/python3.8/site-packages/airflow/example_dags/example_params_trigger_ui.py
[2023-09-07T15:58:24.515+0000] {processor.py:839} INFO - DAG(s) dict_keys(['example_params_trigger_ui']) retrieved from /home/airflow/.local/lib/python3.8/site-packages/airflow/example_dags/example_params_trigger_ui.py
[2023-09-07T15:58:24.529+0000] {logging_mixin.py:151} INFO - [2023-09-07T15:58:24.529+0000] {dag.py:2907} INFO - Sync 1 DAGs
[2023-09-07T15:58:24.552+0000] {logging_mixin.py:151} INFO - [2023-09-07T15:58:24.552+0000] {dag.py:3677} INFO - Setting next_dagrun for example_params_trigger_ui to None, run_after=None
[2023-09-07T15:58:24.578+0000] {processor.py:179} INFO - Processing /home/airflow/.local/lib/python3.8/site-packages/airflow/example_dags/example_params_trigger_ui.py took 0.094 seconds
[2023-09-07T15:58:55.509+0000] {processor.py:157} INFO - Started process (PID=445) to work on /home/airflow/.local/lib/python3.8/site-packages/airflow/example_dags/example_params_trigger_ui.py
[2023-09-07T15:58:55.511+0000] {processor.py:829} INFO - Processing file /home/airflow/.local/lib/python3.8/site-packages/airflow/example_dags/example_params_trigger_ui.py for tasks to queue
[2023-09-07T15:58:55.512+0000] {logging_mixin.py:151} INFO - [2023-09-07T15:58:55.512+0000] {dagbag.py:539} INFO - Filling up the DagBag from /home/airflow/.local/lib/python3.8/site-packages/airflow/example_dags/example_params_trigger_ui.py
[2023-09-07T15:58:55.533+0000] {processor.py:839} INFO - DAG(s) dict_keys(['example_params_trigger_ui']) retrieved from /home/airflow/.local/lib/python3.8/site-packages/airflow/example_dags/example_params_trigger_ui.py
[2023-09-07T15:58:55.581+0000] {logging_mixin.py:151} INFO - [2023-09-07T15:58:55.581+0000] {dag.py:2907} INFO - Sync 1 DAGs
[2023-09-07T15:58:55.603+0000] {logging_mixin.py:151} INFO - [2023-09-07T15:58:55.602+0000] {dag.py:3677} INFO - Setting next_dagrun for example_params_trigger_ui to None, run_after=None
[2023-09-07T15:58:55.618+0000] {processor.py:179} INFO - Processing /home/airflow/.local/lib/python3.8/site-packages/airflow/example_dags/example_params_trigger_ui.py took 0.112 seconds
[2023-09-07T15:59:26.520+0000] {processor.py:157} INFO - Started process (PID=683) to work on /home/airflow/.local/lib/python3.8/site-packages/airflow/example_dags/example_params_trigger_ui.py
[2023-09-07T15:59:26.522+0000] {processor.py:829} INFO - Processing file /home/airflow/.local/lib/python3.8/site-packages/airflow/example_dags/example_params_trigger_ui.py for tasks to queue
[2023-09-07T15:59:26.523+0000] {logging_mixin.py:151} INFO - [2023-09-07T15:59:26.523+0000] {dagbag.py:539} INFO - Filling up the DagBag from /home/airflow/.local/lib/python3.8/site-packages/airflow/example_dags/example_params_trigger_ui.py
[2023-09-07T15:59:26.542+0000] {processor.py:839} INFO - DAG(s) dict_keys(['example_params_trigger_ui']) retrieved from /home/airflow/.local/lib/python3.8/site-packages/airflow/example_dags/example_params_trigger_ui.py
[2023-09-07T15:59:27.018+0000] {logging_mixin.py:151} INFO - [2023-09-07T15:59:27.018+0000] {dag.py:2907} INFO - Sync 1 DAGs
[2023-09-07T15:59:27.030+0000] {logging_mixin.py:151} INFO - [2023-09-07T15:59:27.030+0000] {dag.py:3677} INFO - Setting next_dagrun for example_params_trigger_ui to None, run_after=None
[2023-09-07T15:59:27.071+0000] {processor.py:179} INFO - Processing /home/airflow/.local/lib/python3.8/site-packages/airflow/example_dags/example_params_trigger_ui.py took 0.554 seconds
[2023-09-07T15:59:58.565+0000] {processor.py:157} INFO - Started process (PID=923) to work on /home/airflow/.local/lib/python3.8/site-packages/airflow/example_dags/example_params_trigger_ui.py
[2023-09-07T15:59:58.568+0000] {processor.py:829} INFO - Processing file /home/airflow/.local/lib/python3.8/site-packages/airflow/example_dags/example_params_trigger_ui.py for tasks to queue
[2023-09-07T15:59:58.570+0000] {logging_mixin.py:151} INFO - [2023-09-07T15:59:58.569+0000] {dagbag.py:539} INFO - Filling up the DagBag from /home/airflow/.local/lib/python3.8/site-packages/airflow/example_dags/example_params_trigger_ui.py
[2023-09-07T15:59:58.604+0000] {processor.py:839} INFO - DAG(s) dict_keys(['example_params_trigger_ui']) retrieved from /home/airflow/.local/lib/python3.8/site-packages/airflow/example_dags/example_params_trigger_ui.py
[2023-09-07T15:59:58.650+0000] {logging_mixin.py:151} INFO - [2023-09-07T15:59:58.650+0000] {dag.py:2907} INFO - Sync 1 DAGs
[2023-09-07T15:59:58.705+0000] {logging_mixin.py:151} INFO - [2023-09-07T15:59:58.704+0000] {dag.py:3677} INFO - Setting next_dagrun for example_params_trigger_ui to None, run_after=None
[2023-09-07T15:59:58.760+0000] {processor.py:179} INFO - Processing /home/airflow/.local/lib/python3.8/site-packages/airflow/example_dags/example_params_trigger_ui.py took 0.199 seconds
[2023-09-07T16:00:29.324+0000] {processor.py:157} INFO - Started process (PID=1158) to work on /home/airflow/.local/lib/python3.8/site-packages/airflow/example_dags/example_params_trigger_ui.py
[2023-09-07T16:00:29.325+0000] {processor.py:829} INFO - Processing file /home/airflow/.local/lib/python3.8/site-packages/airflow/example_dags/example_params_trigger_ui.py for tasks to queue
[2023-09-07T16:00:29.326+0000] {logging_mixin.py:151} INFO - [2023-09-07T16:00:29.326+0000] {dagbag.py:539} INFO - Filling up the DagBag from /home/airflow/.local/lib/python3.8/site-packages/airflow/example_dags/example_params_trigger_ui.py
[2023-09-07T16:00:29.341+0000] {processor.py:839} INFO - DAG(s) dict_keys(['example_params_trigger_ui']) retrieved from /home/airflow/.local/lib/python3.8/site-packages/airflow/example_dags/example_params_trigger_ui.py
[2023-09-07T16:00:29.375+0000] {logging_mixin.py:151} INFO - [2023-09-07T16:00:29.375+0000] {dag.py:2907} INFO - Sync 1 DAGs
[2023-09-07T16:00:29.383+0000] {logging_mixin.py:151} INFO - [2023-09-07T16:00:29.383+0000] {dag.py:3677} INFO - Setting next_dagrun for example_params_trigger_ui to None, run_after=None
[2023-09-07T16:00:29.394+0000] {processor.py:179} INFO - Processing /home/airflow/.local/lib/python3.8/site-packages/airflow/example_dags/example_params_trigger_ui.py took 0.074 seconds
[2023-09-07T16:01:00.234+0000] {processor.py:157} INFO - Started process (PID=1420) to work on /home/airflow/.local/lib/python3.8/site-packages/airflow/example_dags/example_params_trigger_ui.py
[2023-09-07T16:01:00.235+0000] {processor.py:829} INFO - Processing file /home/airflow/.local/lib/python3.8/site-packages/airflow/example_dags/example_params_trigger_ui.py for tasks to queue
[2023-09-07T16:01:00.236+0000] {logging_mixin.py:151} INFO - [2023-09-07T16:01:00.236+0000] {dagbag.py:539} INFO - Filling up the DagBag from /home/airflow/.local/lib/python3.8/site-packages/airflow/example_dags/example_params_trigger_ui.py
[2023-09-07T16:01:00.254+0000] {processor.py:839} INFO - DAG(s) dict_keys(['example_params_trigger_ui']) retrieved from /home/airflow/.local/lib/python3.8/site-packages/airflow/example_dags/example_params_trigger_ui.py
[2023-09-07T16:01:00.290+0000] {logging_mixin.py:151} INFO - [2023-09-07T16:01:00.290+0000] {dag.py:2907} INFO - Sync 1 DAGs
[2023-09-07T16:01:00.298+0000] {logging_mixin.py:151} INFO - [2023-09-07T16:01:00.298+0000] {dag.py:3677} INFO - Setting next_dagrun for example_params_trigger_ui to None, run_after=None
[2023-09-07T16:01:00.309+0000] {processor.py:179} INFO - Processing /home/airflow/.local/lib/python3.8/site-packages/airflow/example_dags/example_params_trigger_ui.py took 0.078 seconds
[2023-09-07T16:01:30.820+0000] {processor.py:157} INFO - Started process (PID=1658) to work on /home/airflow/.local/lib/python3.8/site-packages/airflow/example_dags/example_params_trigger_ui.py
[2023-09-07T16:01:30.822+0000] {processor.py:829} INFO - Processing file /home/airflow/.local/lib/python3.8/site-packages/airflow/example_dags/example_params_trigger_ui.py for tasks to queue
[2023-09-07T16:01:30.823+0000] {logging_mixin.py:151} INFO - [2023-09-07T16:01:30.822+0000] {dagbag.py:539} INFO - Filling up the DagBag from /home/airflow/.local/lib/python3.8/site-packages/airflow/example_dags/example_params_trigger_ui.py
[2023-09-07T16:01:30.839+0000] {processor.py:839} INFO - DAG(s) dict_keys(['example_params_trigger_ui']) retrieved from /home/airflow/.local/lib/python3.8/site-packages/airflow/example_dags/example_params_trigger_ui.py
[2023-09-07T16:01:30.917+0000] {logging_mixin.py:151} INFO - [2023-09-07T16:01:30.917+0000] {dag.py:2907} INFO - Sync 1 DAGs
[2023-09-07T16:01:30.933+0000] {logging_mixin.py:151} INFO - [2023-09-07T16:01:30.932+0000] {dag.py:3677} INFO - Setting next_dagrun for example_params_trigger_ui to None, run_after=None
[2023-09-07T16:01:30.951+0000] {processor.py:179} INFO - Processing /home/airflow/.local/lib/python3.8/site-packages/airflow/example_dags/example_params_trigger_ui.py took 0.135 seconds
[2023-09-07T16:02:01.687+0000] {processor.py:157} INFO - Started process (PID=1896) to work on /home/airflow/.local/lib/python3.8/site-packages/airflow/example_dags/example_params_trigger_ui.py
[2023-09-07T16:02:01.850+0000] {processor.py:829} INFO - Processing file /home/airflow/.local/lib/python3.8/site-packages/airflow/example_dags/example_params_trigger_ui.py for tasks to queue
[2023-09-07T16:02:01.861+0000] {logging_mixin.py:151} INFO - [2023-09-07T16:02:01.861+0000] {dagbag.py:539} INFO - Filling up the DagBag from /home/airflow/.local/lib/python3.8/site-packages/airflow/example_dags/example_params_trigger_ui.py
[2023-09-07T16:02:01.917+0000] {processor.py:839} INFO - DAG(s) dict_keys(['example_params_trigger_ui']) retrieved from /home/airflow/.local/lib/python3.8/site-packages/airflow/example_dags/example_params_trigger_ui.py
[2023-09-07T16:02:02.026+0000] {logging_mixin.py:151} INFO - [2023-09-07T16:02:02.025+0000] {dag.py:2907} INFO - Sync 1 DAGs
[2023-09-07T16:02:02.041+0000] {logging_mixin.py:151} INFO - [2023-09-07T16:02:02.041+0000] {dag.py:3677} INFO - Setting next_dagrun for example_params_trigger_ui to None, run_after=None
[2023-09-07T16:02:02.096+0000] {processor.py:179} INFO - Processing /home/airflow/.local/lib/python3.8/site-packages/airflow/example_dags/example_params_trigger_ui.py took 0.443 seconds
[2023-09-07T16:02:32.624+0000] {processor.py:157} INFO - Started process (PID=2134) to work on /home/airflow/.local/lib/python3.8/site-packages/airflow/example_dags/example_params_trigger_ui.py
[2023-09-07T16:02:32.625+0000] {processor.py:829} INFO - Processing file /home/airflow/.local/lib/python3.8/site-packages/airflow/example_dags/example_params_trigger_ui.py for tasks to queue
[2023-09-07T16:02:32.626+0000] {logging_mixin.py:151} INFO - [2023-09-07T16:02:32.626+0000] {dagbag.py:539} INFO - Filling up the DagBag from /home/airflow/.local/lib/python3.8/site-packages/airflow/example_dags/example_params_trigger_ui.py
[2023-09-07T16:02:32.641+0000] {processor.py:839} INFO - DAG(s) dict_keys(['example_params_trigger_ui']) retrieved from /home/airflow/.local/lib/python3.8/site-packages/airflow/example_dags/example_params_trigger_ui.py
[2023-09-07T16:02:32.673+0000] {logging_mixin.py:151} INFO - [2023-09-07T16:02:32.673+0000] {dag.py:2907} INFO - Sync 1 DAGs
[2023-09-07T16:02:32.686+0000] {logging_mixin.py:151} INFO - [2023-09-07T16:02:32.686+0000] {dag.py:3677} INFO - Setting next_dagrun for example_params_trigger_ui to None, run_after=None
[2023-09-07T16:02:32.701+0000] {processor.py:179} INFO - Processing /home/airflow/.local/lib/python3.8/site-packages/airflow/example_dags/example_params_trigger_ui.py took 0.080 seconds
[2023-09-07T16:03:02.809+0000] {processor.py:157} INFO - Started process (PID=2372) to work on /home/airflow/.local/lib/python3.8/site-packages/airflow/example_dags/example_params_trigger_ui.py
[2023-09-07T16:03:02.811+0000] {processor.py:829} INFO - Processing file /home/airflow/.local/lib/python3.8/site-packages/airflow/example_dags/example_params_trigger_ui.py for tasks to queue
[2023-09-07T16:03:02.812+0000] {logging_mixin.py:151} INFO - [2023-09-07T16:03:02.812+0000] {dagbag.py:539} INFO - Filling up the DagBag from /home/airflow/.local/lib/python3.8/site-packages/airflow/example_dags/example_params_trigger_ui.py
[2023-09-07T16:03:02.826+0000] {processor.py:839} INFO - DAG(s) dict_keys(['example_params_trigger_ui']) retrieved from /home/airflow/.local/lib/python3.8/site-packages/airflow/example_dags/example_params_trigger_ui.py
[2023-09-07T16:03:02.856+0000] {logging_mixin.py:151} INFO - [2023-09-07T16:03:02.856+0000] {dag.py:2907} INFO - Sync 1 DAGs
[2023-09-07T16:03:02.865+0000] {logging_mixin.py:151} INFO - [2023-09-07T16:03:02.865+0000] {dag.py:3677} INFO - Setting next_dagrun for example_params_trigger_ui to None, run_after=None
[2023-09-07T16:03:02.876+0000] {processor.py:179} INFO - Processing /home/airflow/.local/lib/python3.8/site-packages/airflow/example_dags/example_params_trigger_ui.py took 0.070 seconds
[2023-09-07T16:03:32.973+0000] {processor.py:157} INFO - Started process (PID=2610) to work on /home/airflow/.local/lib/python3.8/site-packages/airflow/example_dags/example_params_trigger_ui.py
[2023-09-07T16:03:32.975+0000] {processor.py:829} INFO - Processing file /home/airflow/.local/lib/python3.8/site-packages/airflow/example_dags/example_params_trigger_ui.py for tasks to queue
[2023-09-07T16:03:32.976+0000] {logging_mixin.py:151} INFO - [2023-09-07T16:03:32.975+0000] {dagbag.py:539} INFO - Filling up the DagBag from /home/airflow/.local/lib/python3.8/site-packages/airflow/example_dags/example_params_trigger_ui.py
[2023-09-07T16:03:32.990+0000] {processor.py:839} INFO - DAG(s) dict_keys(['example_params_trigger_ui']) retrieved from /home/airflow/.local/lib/python3.8/site-packages/airflow/example_dags/example_params_trigger_ui.py
[2023-09-07T16:03:33.024+0000] {logging_mixin.py:151} INFO - [2023-09-07T16:03:33.023+0000] {dag.py:2907} INFO - Sync 1 DAGs
[2023-09-07T16:03:33.032+0000] {logging_mixin.py:151} INFO - [2023-09-07T16:03:33.032+0000] {dag.py:3677} INFO - Setting next_dagrun for example_params_trigger_ui to None, run_after=None
[2023-09-07T16:03:33.044+0000] {processor.py:179} INFO - Processing /home/airflow/.local/lib/python3.8/site-packages/airflow/example_dags/example_params_trigger_ui.py took 0.073 seconds
[2023-09-07T16:04:03.705+0000] {processor.py:157} INFO - Started process (PID=2848) to work on /home/airflow/.local/lib/python3.8/site-packages/airflow/example_dags/example_params_trigger_ui.py
[2023-09-07T16:04:03.706+0000] {processor.py:829} INFO - Processing file /home/airflow/.local/lib/python3.8/site-packages/airflow/example_dags/example_params_trigger_ui.py for tasks to queue
[2023-09-07T16:04:03.707+0000] {logging_mixin.py:151} INFO - [2023-09-07T16:04:03.707+0000] {dagbag.py:539} INFO - Filling up the DagBag from /home/airflow/.local/lib/python3.8/site-packages/airflow/example_dags/example_params_trigger_ui.py
[2023-09-07T16:04:03.721+0000] {processor.py:839} INFO - DAG(s) dict_keys(['example_params_trigger_ui']) retrieved from /home/airflow/.local/lib/python3.8/site-packages/airflow/example_dags/example_params_trigger_ui.py
[2023-09-07T16:04:03.753+0000] {logging_mixin.py:151} INFO - [2023-09-07T16:04:03.753+0000] {dag.py:2907} INFO - Sync 1 DAGs
[2023-09-07T16:04:03.761+0000] {logging_mixin.py:151} INFO - [2023-09-07T16:04:03.761+0000] {dag.py:3677} INFO - Setting next_dagrun for example_params_trigger_ui to None, run_after=None
[2023-09-07T16:04:03.771+0000] {processor.py:179} INFO - Processing /home/airflow/.local/lib/python3.8/site-packages/airflow/example_dags/example_params_trigger_ui.py took 0.069 seconds
[2023-09-07T16:04:35.077+0000] {processor.py:157} INFO - Started process (PID=3086) to work on /home/airflow/.local/lib/python3.8/site-packages/airflow/example_dags/example_params_trigger_ui.py
[2023-09-07T16:04:35.079+0000] {processor.py:829} INFO - Processing file /home/airflow/.local/lib/python3.8/site-packages/airflow/example_dags/example_params_trigger_ui.py for tasks to queue
[2023-09-07T16:04:35.081+0000] {logging_mixin.py:151} INFO - [2023-09-07T16:04:35.081+0000] {dagbag.py:539} INFO - Filling up the DagBag from /home/airflow/.local/lib/python3.8/site-packages/airflow/example_dags/example_params_trigger_ui.py
[2023-09-07T16:04:35.105+0000] {processor.py:839} INFO - DAG(s) dict_keys(['example_params_trigger_ui']) retrieved from /home/airflow/.local/lib/python3.8/site-packages/airflow/example_dags/example_params_trigger_ui.py
[2023-09-07T16:04:35.159+0000] {logging_mixin.py:151} INFO - [2023-09-07T16:04:35.159+0000] {dag.py:2907} INFO - Sync 1 DAGs
[2023-09-07T16:04:35.168+0000] {logging_mixin.py:151} INFO - [2023-09-07T16:04:35.168+0000] {dag.py:3677} INFO - Setting next_dagrun for example_params_trigger_ui to None, run_after=None
[2023-09-07T16:04:35.182+0000] {processor.py:179} INFO - Processing /home/airflow/.local/lib/python3.8/site-packages/airflow/example_dags/example_params_trigger_ui.py took 0.110 seconds
[2023-09-07T16:05:06.104+0000] {processor.py:157} INFO - Started process (PID=3324) to work on /home/airflow/.local/lib/python3.8/site-packages/airflow/example_dags/example_params_trigger_ui.py
[2023-09-07T16:05:06.106+0000] {processor.py:829} INFO - Processing file /home/airflow/.local/lib/python3.8/site-packages/airflow/example_dags/example_params_trigger_ui.py for tasks to queue
[2023-09-07T16:05:06.107+0000] {logging_mixin.py:151} INFO - [2023-09-07T16:05:06.107+0000] {dagbag.py:539} INFO - Filling up the DagBag from /home/airflow/.local/lib/python3.8/site-packages/airflow/example_dags/example_params_trigger_ui.py
[2023-09-07T16:05:06.122+0000] {processor.py:839} INFO - DAG(s) dict_keys(['example_params_trigger_ui']) retrieved from /home/airflow/.local/lib/python3.8/site-packages/airflow/example_dags/example_params_trigger_ui.py
[2023-09-07T16:05:06.158+0000] {logging_mixin.py:151} INFO - [2023-09-07T16:05:06.158+0000] {dag.py:2907} INFO - Sync 1 DAGs
[2023-09-07T16:05:06.168+0000] {logging_mixin.py:151} INFO - [2023-09-07T16:05:06.167+0000] {dag.py:3677} INFO - Setting next_dagrun for example_params_trigger_ui to None, run_after=None
[2023-09-07T16:05:06.180+0000] {processor.py:179} INFO - Processing /home/airflow/.local/lib/python3.8/site-packages/airflow/example_dags/example_params_trigger_ui.py took 0.078 seconds
[2023-09-07T16:05:36.836+0000] {processor.py:157} INFO - Started process (PID=3563) to work on /home/airflow/.local/lib/python3.8/site-packages/airflow/example_dags/example_params_trigger_ui.py
[2023-09-07T16:05:36.838+0000] {processor.py:829} INFO - Processing file /home/airflow/.local/lib/python3.8/site-packages/airflow/example_dags/example_params_trigger_ui.py for tasks to queue
[2023-09-07T16:05:36.839+0000] {logging_mixin.py:151} INFO - [2023-09-07T16:05:36.838+0000] {dagbag.py:539} INFO - Filling up the DagBag from /home/airflow/.local/lib/python3.8/site-packages/airflow/example_dags/example_params_trigger_ui.py
[2023-09-07T16:05:36.855+0000] {processor.py:839} INFO - DAG(s) dict_keys(['example_params_trigger_ui']) retrieved from /home/airflow/.local/lib/python3.8/site-packages/airflow/example_dags/example_params_trigger_ui.py
[2023-09-07T16:05:36.891+0000] {logging_mixin.py:151} INFO - [2023-09-07T16:05:36.891+0000] {dag.py:2907} INFO - Sync 1 DAGs
[2023-09-07T16:05:36.904+0000] {logging_mixin.py:151} INFO - [2023-09-07T16:05:36.904+0000] {dag.py:3677} INFO - Setting next_dagrun for example_params_trigger_ui to None, run_after=None
[2023-09-07T16:05:36.925+0000] {processor.py:179} INFO - Processing /home/airflow/.local/lib/python3.8/site-packages/airflow/example_dags/example_params_trigger_ui.py took 0.092 seconds
[2023-09-07T16:06:08.018+0000] {processor.py:157} INFO - Started process (PID=3801) to work on /home/airflow/.local/lib/python3.8/site-packages/airflow/example_dags/example_params_trigger_ui.py
[2023-09-07T16:06:08.019+0000] {processor.py:829} INFO - Processing file /home/airflow/.local/lib/python3.8/site-packages/airflow/example_dags/example_params_trigger_ui.py for tasks to queue
[2023-09-07T16:06:08.020+0000] {logging_mixin.py:151} INFO - [2023-09-07T16:06:08.020+0000] {dagbag.py:539} INFO - Filling up the DagBag from /home/airflow/.local/lib/python3.8/site-packages/airflow/example_dags/example_params_trigger_ui.py
[2023-09-07T16:06:08.036+0000] {processor.py:839} INFO - DAG(s) dict_keys(['example_params_trigger_ui']) retrieved from /home/airflow/.local/lib/python3.8/site-packages/airflow/example_dags/example_params_trigger_ui.py
[2023-09-07T16:06:08.079+0000] {logging_mixin.py:151} INFO - [2023-09-07T16:06:08.079+0000] {dag.py:2907} INFO - Sync 1 DAGs
[2023-09-07T16:06:08.089+0000] {logging_mixin.py:151} INFO - [2023-09-07T16:06:08.089+0000] {dag.py:3677} INFO - Setting next_dagrun for example_params_trigger_ui to None, run_after=None
[2023-09-07T16:06:08.101+0000] {processor.py:179} INFO - Processing /home/airflow/.local/lib/python3.8/site-packages/airflow/example_dags/example_params_trigger_ui.py took 0.086 seconds
[2023-09-07T16:06:38.945+0000] {processor.py:157} INFO - Started process (PID=4039) to work on /home/airflow/.local/lib/python3.8/site-packages/airflow/example_dags/example_params_trigger_ui.py
[2023-09-07T16:06:38.946+0000] {processor.py:829} INFO - Processing file /home/airflow/.local/lib/python3.8/site-packages/airflow/example_dags/example_params_trigger_ui.py for tasks to queue
[2023-09-07T16:06:38.947+0000] {logging_mixin.py:151} INFO - [2023-09-07T16:06:38.947+0000] {dagbag.py:539} INFO - Filling up the DagBag from /home/airflow/.local/lib/python3.8/site-packages/airflow/example_dags/example_params_trigger_ui.py
[2023-09-07T16:06:38.967+0000] {processor.py:839} INFO - DAG(s) dict_keys(['example_params_trigger_ui']) retrieved from /home/airflow/.local/lib/python3.8/site-packages/airflow/example_dags/example_params_trigger_ui.py
[2023-09-07T16:06:38.997+0000] {logging_mixin.py:151} INFO - [2023-09-07T16:06:38.996+0000] {dag.py:2907} INFO - Sync 1 DAGs
[2023-09-07T16:06:39.005+0000] {logging_mixin.py:151} INFO - [2023-09-07T16:06:39.005+0000] {dag.py:3677} INFO - Setting next_dagrun for example_params_trigger_ui to None, run_after=None
[2023-09-07T16:06:39.018+0000] {processor.py:179} INFO - Processing /home/airflow/.local/lib/python3.8/site-packages/airflow/example_dags/example_params_trigger_ui.py took 0.076 seconds
[2023-09-07T16:07:09.847+0000] {processor.py:157} INFO - Started process (PID=4277) to work on /home/airflow/.local/lib/python3.8/site-packages/airflow/example_dags/example_params_trigger_ui.py
[2023-09-07T16:07:09.848+0000] {processor.py:829} INFO - Processing file /home/airflow/.local/lib/python3.8/site-packages/airflow/example_dags/example_params_trigger_ui.py for tasks to queue
[2023-09-07T16:07:09.849+0000] {logging_mixin.py:151} INFO - [2023-09-07T16:07:09.849+0000] {dagbag.py:539} INFO - Filling up the DagBag from /home/airflow/.local/lib/python3.8/site-packages/airflow/example_dags/example_params_trigger_ui.py
[2023-09-07T16:07:09.864+0000] {processor.py:839} INFO - DAG(s) dict_keys(['example_params_trigger_ui']) retrieved from /home/airflow/.local/lib/python3.8/site-packages/airflow/example_dags/example_params_trigger_ui.py
[2023-09-07T16:07:09.893+0000] {logging_mixin.py:151} INFO - [2023-09-07T16:07:09.893+0000] {dag.py:2907} INFO - Sync 1 DAGs
[2023-09-07T16:07:09.901+0000] {logging_mixin.py:151} INFO - [2023-09-07T16:07:09.901+0000] {dag.py:3677} INFO - Setting next_dagrun for example_params_trigger_ui to None, run_after=None
[2023-09-07T16:07:09.913+0000] {processor.py:179} INFO - Processing /home/airflow/.local/lib/python3.8/site-packages/airflow/example_dags/example_params_trigger_ui.py took 0.068 seconds
[2023-09-07T16:07:40.789+0000] {processor.py:157} INFO - Started process (PID=4515) to work on /home/airflow/.local/lib/python3.8/site-packages/airflow/example_dags/example_params_trigger_ui.py
[2023-09-07T16:07:40.790+0000] {processor.py:829} INFO - Processing file /home/airflow/.local/lib/python3.8/site-packages/airflow/example_dags/example_params_trigger_ui.py for tasks to queue
[2023-09-07T16:07:40.791+0000] {logging_mixin.py:151} INFO - [2023-09-07T16:07:40.791+0000] {dagbag.py:539} INFO - Filling up the DagBag from /home/airflow/.local/lib/python3.8/site-packages/airflow/example_dags/example_params_trigger_ui.py
[2023-09-07T16:07:40.807+0000] {processor.py:839} INFO - DAG(s) dict_keys(['example_params_trigger_ui']) retrieved from /home/airflow/.local/lib/python3.8/site-packages/airflow/example_dags/example_params_trigger_ui.py
[2023-09-07T16:07:40.850+0000] {logging_mixin.py:151} INFO - [2023-09-07T16:07:40.850+0000] {dag.py:2907} INFO - Sync 1 DAGs
[2023-09-07T16:07:40.860+0000] {logging_mixin.py:151} INFO - [2023-09-07T16:07:40.860+0000] {dag.py:3677} INFO - Setting next_dagrun for example_params_trigger_ui to None, run_after=None
[2023-09-07T16:07:40.871+0000] {processor.py:179} INFO - Processing /home/airflow/.local/lib/python3.8/site-packages/airflow/example_dags/example_params_trigger_ui.py took 0.085 seconds
[2023-09-07T16:08:11.938+0000] {processor.py:157} INFO - Started process (PID=4753) to work on /home/airflow/.local/lib/python3.8/site-packages/airflow/example_dags/example_params_trigger_ui.py
[2023-09-07T16:08:11.939+0000] {processor.py:829} INFO - Processing file /home/airflow/.local/lib/python3.8/site-packages/airflow/example_dags/example_params_trigger_ui.py for tasks to queue
[2023-09-07T16:08:11.940+0000] {logging_mixin.py:151} INFO - [2023-09-07T16:08:11.940+0000] {dagbag.py:539} INFO - Filling up the DagBag from /home/airflow/.local/lib/python3.8/site-packages/airflow/example_dags/example_params_trigger_ui.py
[2023-09-07T16:08:11.957+0000] {processor.py:839} INFO - DAG(s) dict_keys(['example_params_trigger_ui']) retrieved from /home/airflow/.local/lib/python3.8/site-packages/airflow/example_dags/example_params_trigger_ui.py
[2023-09-07T16:08:11.988+0000] {logging_mixin.py:151} INFO - [2023-09-07T16:08:11.988+0000] {dag.py:2907} INFO - Sync 1 DAGs
[2023-09-07T16:08:11.998+0000] {logging_mixin.py:151} INFO - [2023-09-07T16:08:11.998+0000] {dag.py:3677} INFO - Setting next_dagrun for example_params_trigger_ui to None, run_after=None
[2023-09-07T16:08:12.010+0000] {processor.py:179} INFO - Processing /home/airflow/.local/lib/python3.8/site-packages/airflow/example_dags/example_params_trigger_ui.py took 0.075 seconds
[2023-09-07T16:08:42.763+0000] {processor.py:157} INFO - Started process (PID=4991) to work on /home/airflow/.local/lib/python3.8/site-packages/airflow/example_dags/example_params_trigger_ui.py
[2023-09-07T16:08:42.764+0000] {processor.py:829} INFO - Processing file /home/airflow/.local/lib/python3.8/site-packages/airflow/example_dags/example_params_trigger_ui.py for tasks to queue
[2023-09-07T16:08:42.765+0000] {logging_mixin.py:151} INFO - [2023-09-07T16:08:42.764+0000] {dagbag.py:539} INFO - Filling up the DagBag from /home/airflow/.local/lib/python3.8/site-packages/airflow/example_dags/example_params_trigger_ui.py
[2023-09-07T16:08:42.779+0000] {processor.py:839} INFO - DAG(s) dict_keys(['example_params_trigger_ui']) retrieved from /home/airflow/.local/lib/python3.8/site-packages/airflow/example_dags/example_params_trigger_ui.py
[2023-09-07T16:08:42.810+0000] {logging_mixin.py:151} INFO - [2023-09-07T16:08:42.810+0000] {dag.py:2907} INFO - Sync 1 DAGs
[2023-09-07T16:08:42.818+0000] {logging_mixin.py:151} INFO - [2023-09-07T16:08:42.818+0000] {dag.py:3677} INFO - Setting next_dagrun for example_params_trigger_ui to None, run_after=None
[2023-09-07T16:08:42.830+0000] {processor.py:179} INFO - Processing /home/airflow/.local/lib/python3.8/site-packages/airflow/example_dags/example_params_trigger_ui.py took 0.070 seconds
[2023-09-07T16:09:13.125+0000] {processor.py:157} INFO - Started process (PID=5229) to work on /home/airflow/.local/lib/python3.8/site-packages/airflow/example_dags/example_params_trigger_ui.py
[2023-09-07T16:09:13.126+0000] {processor.py:829} INFO - Processing file /home/airflow/.local/lib/python3.8/site-packages/airflow/example_dags/example_params_trigger_ui.py for tasks to queue
[2023-09-07T16:09:13.128+0000] {logging_mixin.py:151} INFO - [2023-09-07T16:09:13.127+0000] {dagbag.py:539} INFO - Filling up the DagBag from /home/airflow/.local/lib/python3.8/site-packages/airflow/example_dags/example_params_trigger_ui.py
[2023-09-07T16:09:13.142+0000] {processor.py:839} INFO - DAG(s) dict_keys(['example_params_trigger_ui']) retrieved from /home/airflow/.local/lib/python3.8/site-packages/airflow/example_dags/example_params_trigger_ui.py
[2023-09-07T16:09:13.172+0000] {logging_mixin.py:151} INFO - [2023-09-07T16:09:13.172+0000] {dag.py:2907} INFO - Sync 1 DAGs
[2023-09-07T16:09:13.181+0000] {logging_mixin.py:151} INFO - [2023-09-07T16:09:13.181+0000] {dag.py:3677} INFO - Setting next_dagrun for example_params_trigger_ui to None, run_after=None
[2023-09-07T16:09:13.193+0000] {processor.py:179} INFO - Processing /home/airflow/.local/lib/python3.8/site-packages/airflow/example_dags/example_params_trigger_ui.py took 0.071 seconds
[2023-09-07T16:09:43.468+0000] {processor.py:157} INFO - Started process (PID=5467) to work on /home/airflow/.local/lib/python3.8/site-packages/airflow/example_dags/example_params_trigger_ui.py
[2023-09-07T16:09:43.470+0000] {processor.py:829} INFO - Processing file /home/airflow/.local/lib/python3.8/site-packages/airflow/example_dags/example_params_trigger_ui.py for tasks to queue
[2023-09-07T16:09:43.471+0000] {logging_mixin.py:151} INFO - [2023-09-07T16:09:43.470+0000] {dagbag.py:539} INFO - Filling up the DagBag from /home/airflow/.local/lib/python3.8/site-packages/airflow/example_dags/example_params_trigger_ui.py
[2023-09-07T16:09:43.485+0000] {processor.py:839} INFO - DAG(s) dict_keys(['example_params_trigger_ui']) retrieved from /home/airflow/.local/lib/python3.8/site-packages/airflow/example_dags/example_params_trigger_ui.py
[2023-09-07T16:09:43.516+0000] {logging_mixin.py:151} INFO - [2023-09-07T16:09:43.516+0000] {dag.py:2907} INFO - Sync 1 DAGs
[2023-09-07T16:09:43.524+0000] {logging_mixin.py:151} INFO - [2023-09-07T16:09:43.524+0000] {dag.py:3677} INFO - Setting next_dagrun for example_params_trigger_ui to None, run_after=None
[2023-09-07T16:09:43.536+0000] {processor.py:179} INFO - Processing /home/airflow/.local/lib/python3.8/site-packages/airflow/example_dags/example_params_trigger_ui.py took 0.071 seconds
[2023-09-07T16:10:14.292+0000] {processor.py:157} INFO - Started process (PID=5705) to work on /home/airflow/.local/lib/python3.8/site-packages/airflow/example_dags/example_params_trigger_ui.py
[2023-09-07T16:10:14.294+0000] {processor.py:829} INFO - Processing file /home/airflow/.local/lib/python3.8/site-packages/airflow/example_dags/example_params_trigger_ui.py for tasks to queue
[2023-09-07T16:10:14.295+0000] {logging_mixin.py:151} INFO - [2023-09-07T16:10:14.295+0000] {dagbag.py:539} INFO - Filling up the DagBag from /home/airflow/.local/lib/python3.8/site-packages/airflow/example_dags/example_params_trigger_ui.py
[2023-09-07T16:10:14.311+0000] {processor.py:839} INFO - DAG(s) dict_keys(['example_params_trigger_ui']) retrieved from /home/airflow/.local/lib/python3.8/site-packages/airflow/example_dags/example_params_trigger_ui.py
[2023-09-07T16:10:14.342+0000] {logging_mixin.py:151} INFO - [2023-09-07T16:10:14.342+0000] {dag.py:2907} INFO - Sync 1 DAGs
[2023-09-07T16:10:14.351+0000] {logging_mixin.py:151} INFO - [2023-09-07T16:10:14.350+0000] {dag.py:3677} INFO - Setting next_dagrun for example_params_trigger_ui to None, run_after=None
[2023-09-07T16:10:14.361+0000] {processor.py:179} INFO - Processing /home/airflow/.local/lib/python3.8/site-packages/airflow/example_dags/example_params_trigger_ui.py took 0.071 seconds
[2023-09-07T16:10:44.892+0000] {processor.py:157} INFO - Started process (PID=5942) to work on /home/airflow/.local/lib/python3.8/site-packages/airflow/example_dags/example_params_trigger_ui.py
[2023-09-07T16:10:44.893+0000] {processor.py:829} INFO - Processing file /home/airflow/.local/lib/python3.8/site-packages/airflow/example_dags/example_params_trigger_ui.py for tasks to queue
[2023-09-07T16:10:44.894+0000] {logging_mixin.py:151} INFO - [2023-09-07T16:10:44.894+0000] {dagbag.py:539} INFO - Filling up the DagBag from /home/airflow/.local/lib/python3.8/site-packages/airflow/example_dags/example_params_trigger_ui.py
[2023-09-07T16:10:44.909+0000] {processor.py:839} INFO - DAG(s) dict_keys(['example_params_trigger_ui']) retrieved from /home/airflow/.local/lib/python3.8/site-packages/airflow/example_dags/example_params_trigger_ui.py
[2023-09-07T16:10:44.942+0000] {logging_mixin.py:151} INFO - [2023-09-07T16:10:44.942+0000] {dag.py:2907} INFO - Sync 1 DAGs
[2023-09-07T16:10:44.950+0000] {logging_mixin.py:151} INFO - [2023-09-07T16:10:44.950+0000] {dag.py:3677} INFO - Setting next_dagrun for example_params_trigger_ui to None, run_after=None
[2023-09-07T16:10:44.963+0000] {processor.py:179} INFO - Processing /home/airflow/.local/lib/python3.8/site-packages/airflow/example_dags/example_params_trigger_ui.py took 0.074 seconds
[2023-09-07T16:11:16.525+0000] {processor.py:157} INFO - Started process (PID=6180) to work on /home/airflow/.local/lib/python3.8/site-packages/airflow/example_dags/example_params_trigger_ui.py
[2023-09-07T16:11:16.527+0000] {processor.py:829} INFO - Processing file /home/airflow/.local/lib/python3.8/site-packages/airflow/example_dags/example_params_trigger_ui.py for tasks to queue
[2023-09-07T16:11:16.528+0000] {logging_mixin.py:151} INFO - [2023-09-07T16:11:16.528+0000] {dagbag.py:539} INFO - Filling up the DagBag from /home/airflow/.local/lib/python3.8/site-packages/airflow/example_dags/example_params_trigger_ui.py
[2023-09-07T16:11:16.554+0000] {processor.py:839} INFO - DAG(s) dict_keys(['example_params_trigger_ui']) retrieved from /home/airflow/.local/lib/python3.8/site-packages/airflow/example_dags/example_params_trigger_ui.py
[2023-09-07T16:11:16.608+0000] {logging_mixin.py:151} INFO - [2023-09-07T16:11:16.607+0000] {dag.py:2907} INFO - Sync 1 DAGs
[2023-09-07T16:11:16.634+0000] {logging_mixin.py:151} INFO - [2023-09-07T16:11:16.634+0000] {dag.py:3677} INFO - Setting next_dagrun for example_params_trigger_ui to None, run_after=None
[2023-09-07T16:11:16.655+0000] {processor.py:179} INFO - Processing /home/airflow/.local/lib/python3.8/site-packages/airflow/example_dags/example_params_trigger_ui.py took 0.134 seconds
[2023-09-07T16:11:46.719+0000] {processor.py:157} INFO - Started process (PID=6418) to work on /home/airflow/.local/lib/python3.8/site-packages/airflow/example_dags/example_params_trigger_ui.py
[2023-09-07T16:11:46.720+0000] {processor.py:829} INFO - Processing file /home/airflow/.local/lib/python3.8/site-packages/airflow/example_dags/example_params_trigger_ui.py for tasks to queue
[2023-09-07T16:11:46.721+0000] {logging_mixin.py:151} INFO - [2023-09-07T16:11:46.721+0000] {dagbag.py:539} INFO - Filling up the DagBag from /home/airflow/.local/lib/python3.8/site-packages/airflow/example_dags/example_params_trigger_ui.py
[2023-09-07T16:11:46.750+0000] {processor.py:839} INFO - DAG(s) dict_keys(['example_params_trigger_ui']) retrieved from /home/airflow/.local/lib/python3.8/site-packages/airflow/example_dags/example_params_trigger_ui.py
[2023-09-07T16:11:46.795+0000] {logging_mixin.py:151} INFO - [2023-09-07T16:11:46.795+0000] {dag.py:2907} INFO - Sync 1 DAGs
[2023-09-07T16:11:46.804+0000] {logging_mixin.py:151} INFO - [2023-09-07T16:11:46.804+0000] {dag.py:3677} INFO - Setting next_dagrun for example_params_trigger_ui to None, run_after=None
[2023-09-07T16:11:46.815+0000] {processor.py:179} INFO - Processing /home/airflow/.local/lib/python3.8/site-packages/airflow/example_dags/example_params_trigger_ui.py took 0.099 seconds
[2023-09-07T16:12:17.186+0000] {processor.py:157} INFO - Started process (PID=6656) to work on /home/airflow/.local/lib/python3.8/site-packages/airflow/example_dags/example_params_trigger_ui.py
[2023-09-07T16:12:17.188+0000] {processor.py:829} INFO - Processing file /home/airflow/.local/lib/python3.8/site-packages/airflow/example_dags/example_params_trigger_ui.py for tasks to queue
[2023-09-07T16:12:17.189+0000] {logging_mixin.py:151} INFO - [2023-09-07T16:12:17.188+0000] {dagbag.py:539} INFO - Filling up the DagBag from /home/airflow/.local/lib/python3.8/site-packages/airflow/example_dags/example_params_trigger_ui.py
[2023-09-07T16:12:17.203+0000] {processor.py:839} INFO - DAG(s) dict_keys(['example_params_trigger_ui']) retrieved from /home/airflow/.local/lib/python3.8/site-packages/airflow/example_dags/example_params_trigger_ui.py
[2023-09-07T16:12:17.233+0000] {logging_mixin.py:151} INFO - [2023-09-07T16:12:17.233+0000] {dag.py:2907} INFO - Sync 1 DAGs
[2023-09-07T16:12:17.242+0000] {logging_mixin.py:151} INFO - [2023-09-07T16:12:17.242+0000] {dag.py:3677} INFO - Setting next_dagrun for example_params_trigger_ui to None, run_after=None
[2023-09-07T16:12:17.254+0000] {processor.py:179} INFO - Processing /home/airflow/.local/lib/python3.8/site-packages/airflow/example_dags/example_params_trigger_ui.py took 0.071 seconds
[2023-09-07T16:12:48.080+0000] {processor.py:157} INFO - Started process (PID=6895) to work on /home/airflow/.local/lib/python3.8/site-packages/airflow/example_dags/example_params_trigger_ui.py
[2023-09-07T16:12:48.084+0000] {processor.py:829} INFO - Processing file /home/airflow/.local/lib/python3.8/site-packages/airflow/example_dags/example_params_trigger_ui.py for tasks to queue
[2023-09-07T16:12:48.086+0000] {logging_mixin.py:151} INFO - [2023-09-07T16:12:48.086+0000] {dagbag.py:539} INFO - Filling up the DagBag from /home/airflow/.local/lib/python3.8/site-packages/airflow/example_dags/example_params_trigger_ui.py
[2023-09-07T16:12:48.124+0000] {processor.py:839} INFO - DAG(s) dict_keys(['example_params_trigger_ui']) retrieved from /home/airflow/.local/lib/python3.8/site-packages/airflow/example_dags/example_params_trigger_ui.py
[2023-09-07T16:12:48.209+0000] {logging_mixin.py:151} INFO - [2023-09-07T16:12:48.208+0000] {dag.py:2907} INFO - Sync 1 DAGs
[2023-09-07T16:12:48.254+0000] {logging_mixin.py:151} INFO - [2023-09-07T16:12:48.254+0000] {dag.py:3677} INFO - Setting next_dagrun for example_params_trigger_ui to None, run_after=None
[2023-09-07T16:12:48.308+0000] {processor.py:179} INFO - Processing /home/airflow/.local/lib/python3.8/site-packages/airflow/example_dags/example_params_trigger_ui.py took 0.239 seconds
[2023-09-07T16:13:18.537+0000] {processor.py:157} INFO - Started process (PID=7134) to work on /home/airflow/.local/lib/python3.8/site-packages/airflow/example_dags/example_params_trigger_ui.py
[2023-09-07T16:13:18.538+0000] {processor.py:829} INFO - Processing file /home/airflow/.local/lib/python3.8/site-packages/airflow/example_dags/example_params_trigger_ui.py for tasks to queue
[2023-09-07T16:13:18.540+0000] {logging_mixin.py:151} INFO - [2023-09-07T16:13:18.540+0000] {dagbag.py:539} INFO - Filling up the DagBag from /home/airflow/.local/lib/python3.8/site-packages/airflow/example_dags/example_params_trigger_ui.py
[2023-09-07T16:13:18.556+0000] {processor.py:839} INFO - DAG(s) dict_keys(['example_params_trigger_ui']) retrieved from /home/airflow/.local/lib/python3.8/site-packages/airflow/example_dags/example_params_trigger_ui.py
[2023-09-07T16:13:18.593+0000] {logging_mixin.py:151} INFO - [2023-09-07T16:13:18.593+0000] {dag.py:2907} INFO - Sync 1 DAGs
[2023-09-07T16:13:18.602+0000] {logging_mixin.py:151} INFO - [2023-09-07T16:13:18.602+0000] {dag.py:3677} INFO - Setting next_dagrun for example_params_trigger_ui to None, run_after=None
[2023-09-07T16:13:18.614+0000] {processor.py:179} INFO - Processing /home/airflow/.local/lib/python3.8/site-packages/airflow/example_dags/example_params_trigger_ui.py took 0.080 seconds
[2023-09-07T16:13:49.292+0000] {processor.py:157} INFO - Started process (PID=7372) to work on /home/airflow/.local/lib/python3.8/site-packages/airflow/example_dags/example_params_trigger_ui.py
[2023-09-07T16:13:49.294+0000] {processor.py:829} INFO - Processing file /home/airflow/.local/lib/python3.8/site-packages/airflow/example_dags/example_params_trigger_ui.py for tasks to queue
[2023-09-07T16:13:49.295+0000] {logging_mixin.py:151} INFO - [2023-09-07T16:13:49.294+0000] {dagbag.py:539} INFO - Filling up the DagBag from /home/airflow/.local/lib/python3.8/site-packages/airflow/example_dags/example_params_trigger_ui.py
[2023-09-07T16:13:49.310+0000] {processor.py:839} INFO - DAG(s) dict_keys(['example_params_trigger_ui']) retrieved from /home/airflow/.local/lib/python3.8/site-packages/airflow/example_dags/example_params_trigger_ui.py
[2023-09-07T16:13:49.350+0000] {logging_mixin.py:151} INFO - [2023-09-07T16:13:49.349+0000] {dag.py:2907} INFO - Sync 1 DAGs
[2023-09-07T16:13:49.365+0000] {logging_mixin.py:151} INFO - [2023-09-07T16:13:49.365+0000] {dag.py:3677} INFO - Setting next_dagrun for example_params_trigger_ui to None, run_after=None
[2023-09-07T16:13:49.381+0000] {processor.py:179} INFO - Processing /home/airflow/.local/lib/python3.8/site-packages/airflow/example_dags/example_params_trigger_ui.py took 0.092 seconds
[2023-09-07T16:14:20.745+0000] {processor.py:157} INFO - Started process (PID=7619) to work on /home/airflow/.local/lib/python3.8/site-packages/airflow/example_dags/example_params_trigger_ui.py
[2023-09-07T16:14:20.749+0000] {processor.py:829} INFO - Processing file /home/airflow/.local/lib/python3.8/site-packages/airflow/example_dags/example_params_trigger_ui.py for tasks to queue
[2023-09-07T16:14:20.755+0000] {logging_mixin.py:151} INFO - [2023-09-07T16:14:20.753+0000] {dagbag.py:539} INFO - Filling up the DagBag from /home/airflow/.local/lib/python3.8/site-packages/airflow/example_dags/example_params_trigger_ui.py
[2023-09-07T16:14:20.839+0000] {processor.py:839} INFO - DAG(s) dict_keys(['example_params_trigger_ui']) retrieved from /home/airflow/.local/lib/python3.8/site-packages/airflow/example_dags/example_params_trigger_ui.py
[2023-09-07T16:14:20.904+0000] {logging_mixin.py:151} INFO - [2023-09-07T16:14:20.903+0000] {dag.py:2907} INFO - Sync 1 DAGs
[2023-09-07T16:14:20.927+0000] {logging_mixin.py:151} INFO - [2023-09-07T16:14:20.927+0000] {dag.py:3677} INFO - Setting next_dagrun for example_params_trigger_ui to None, run_after=None
[2023-09-07T16:14:20.948+0000] {processor.py:179} INFO - Processing /home/airflow/.local/lib/python3.8/site-packages/airflow/example_dags/example_params_trigger_ui.py took 0.214 seconds
[2023-09-07T16:14:51.013+0000] {processor.py:157} INFO - Started process (PID=7856) to work on /home/airflow/.local/lib/python3.8/site-packages/airflow/example_dags/example_params_trigger_ui.py
[2023-09-07T16:14:51.016+0000] {processor.py:829} INFO - Processing file /home/airflow/.local/lib/python3.8/site-packages/airflow/example_dags/example_params_trigger_ui.py for tasks to queue
[2023-09-07T16:14:51.017+0000] {logging_mixin.py:151} INFO - [2023-09-07T16:14:51.017+0000] {dagbag.py:539} INFO - Filling up the DagBag from /home/airflow/.local/lib/python3.8/site-packages/airflow/example_dags/example_params_trigger_ui.py
[2023-09-07T16:14:51.040+0000] {processor.py:839} INFO - DAG(s) dict_keys(['example_params_trigger_ui']) retrieved from /home/airflow/.local/lib/python3.8/site-packages/airflow/example_dags/example_params_trigger_ui.py
[2023-09-07T16:14:51.076+0000] {logging_mixin.py:151} INFO - [2023-09-07T16:14:51.076+0000] {dag.py:2907} INFO - Sync 1 DAGs
[2023-09-07T16:14:51.086+0000] {logging_mixin.py:151} INFO - [2023-09-07T16:14:51.086+0000] {dag.py:3677} INFO - Setting next_dagrun for example_params_trigger_ui to None, run_after=None
[2023-09-07T16:14:51.097+0000] {processor.py:179} INFO - Processing /home/airflow/.local/lib/python3.8/site-packages/airflow/example_dags/example_params_trigger_ui.py took 0.089 seconds
[2023-09-07T16:15:21.297+0000] {processor.py:157} INFO - Started process (PID=8093) to work on /home/airflow/.local/lib/python3.8/site-packages/airflow/example_dags/example_params_trigger_ui.py
[2023-09-07T16:15:21.298+0000] {processor.py:829} INFO - Processing file /home/airflow/.local/lib/python3.8/site-packages/airflow/example_dags/example_params_trigger_ui.py for tasks to queue
[2023-09-07T16:15:21.299+0000] {logging_mixin.py:151} INFO - [2023-09-07T16:15:21.299+0000] {dagbag.py:539} INFO - Filling up the DagBag from /home/airflow/.local/lib/python3.8/site-packages/airflow/example_dags/example_params_trigger_ui.py
[2023-09-07T16:15:21.321+0000] {processor.py:839} INFO - DAG(s) dict_keys(['example_params_trigger_ui']) retrieved from /home/airflow/.local/lib/python3.8/site-packages/airflow/example_dags/example_params_trigger_ui.py
[2023-09-07T16:15:21.475+0000] {logging_mixin.py:151} INFO - [2023-09-07T16:15:21.474+0000] {dag.py:2907} INFO - Sync 1 DAGs
[2023-09-07T16:15:21.531+0000] {logging_mixin.py:151} INFO - [2023-09-07T16:15:21.529+0000] {dag.py:3677} INFO - Setting next_dagrun for example_params_trigger_ui to None, run_after=None
[2023-09-07T16:15:21.653+0000] {processor.py:179} INFO - Processing /home/airflow/.local/lib/python3.8/site-packages/airflow/example_dags/example_params_trigger_ui.py took 0.359 seconds
[2023-09-07T16:15:51.822+0000] {processor.py:157} INFO - Started process (PID=8338) to work on /home/airflow/.local/lib/python3.8/site-packages/airflow/example_dags/example_params_trigger_ui.py
[2023-09-07T16:15:51.823+0000] {processor.py:829} INFO - Processing file /home/airflow/.local/lib/python3.8/site-packages/airflow/example_dags/example_params_trigger_ui.py for tasks to queue
[2023-09-07T16:15:51.824+0000] {logging_mixin.py:151} INFO - [2023-09-07T16:15:51.824+0000] {dagbag.py:539} INFO - Filling up the DagBag from /home/airflow/.local/lib/python3.8/site-packages/airflow/example_dags/example_params_trigger_ui.py
[2023-09-07T16:15:51.838+0000] {processor.py:839} INFO - DAG(s) dict_keys(['example_params_trigger_ui']) retrieved from /home/airflow/.local/lib/python3.8/site-packages/airflow/example_dags/example_params_trigger_ui.py
[2023-09-07T16:15:51.866+0000] {logging_mixin.py:151} INFO - [2023-09-07T16:15:51.866+0000] {dag.py:2907} INFO - Sync 1 DAGs
[2023-09-07T16:15:51.873+0000] {logging_mixin.py:151} INFO - [2023-09-07T16:15:51.873+0000] {dag.py:3677} INFO - Setting next_dagrun for example_params_trigger_ui to None, run_after=None
[2023-09-07T16:15:51.883+0000] {processor.py:179} INFO - Processing /home/airflow/.local/lib/python3.8/site-packages/airflow/example_dags/example_params_trigger_ui.py took 0.064 seconds
[2023-09-07T16:16:22.587+0000] {processor.py:157} INFO - Started process (PID=8569) to work on /home/airflow/.local/lib/python3.8/site-packages/airflow/example_dags/example_params_trigger_ui.py
[2023-09-07T16:16:22.588+0000] {processor.py:829} INFO - Processing file /home/airflow/.local/lib/python3.8/site-packages/airflow/example_dags/example_params_trigger_ui.py for tasks to queue
[2023-09-07T16:16:22.589+0000] {logging_mixin.py:151} INFO - [2023-09-07T16:16:22.589+0000] {dagbag.py:539} INFO - Filling up the DagBag from /home/airflow/.local/lib/python3.8/site-packages/airflow/example_dags/example_params_trigger_ui.py
[2023-09-07T16:16:22.603+0000] {processor.py:839} INFO - DAG(s) dict_keys(['example_params_trigger_ui']) retrieved from /home/airflow/.local/lib/python3.8/site-packages/airflow/example_dags/example_params_trigger_ui.py
[2023-09-07T16:16:22.633+0000] {logging_mixin.py:151} INFO - [2023-09-07T16:16:22.632+0000] {dag.py:2907} INFO - Sync 1 DAGs
[2023-09-07T16:16:22.641+0000] {logging_mixin.py:151} INFO - [2023-09-07T16:16:22.641+0000] {dag.py:3677} INFO - Setting next_dagrun for example_params_trigger_ui to None, run_after=None
[2023-09-07T16:16:22.651+0000] {processor.py:179} INFO - Processing /home/airflow/.local/lib/python3.8/site-packages/airflow/example_dags/example_params_trigger_ui.py took 0.068 seconds
[2023-09-07T16:16:52.985+0000] {processor.py:157} INFO - Started process (PID=8807) to work on /home/airflow/.local/lib/python3.8/site-packages/airflow/example_dags/example_params_trigger_ui.py
[2023-09-07T16:16:52.986+0000] {processor.py:829} INFO - Processing file /home/airflow/.local/lib/python3.8/site-packages/airflow/example_dags/example_params_trigger_ui.py for tasks to queue
[2023-09-07T16:16:52.989+0000] {logging_mixin.py:151} INFO - [2023-09-07T16:16:52.988+0000] {dagbag.py:539} INFO - Filling up the DagBag from /home/airflow/.local/lib/python3.8/site-packages/airflow/example_dags/example_params_trigger_ui.py
[2023-09-07T16:16:53.004+0000] {processor.py:839} INFO - DAG(s) dict_keys(['example_params_trigger_ui']) retrieved from /home/airflow/.local/lib/python3.8/site-packages/airflow/example_dags/example_params_trigger_ui.py
[2023-09-07T16:16:53.033+0000] {logging_mixin.py:151} INFO - [2023-09-07T16:16:53.033+0000] {dag.py:2907} INFO - Sync 1 DAGs
[2023-09-07T16:16:53.042+0000] {logging_mixin.py:151} INFO - [2023-09-07T16:16:53.042+0000] {dag.py:3677} INFO - Setting next_dagrun for example_params_trigger_ui to None, run_after=None
[2023-09-07T16:16:53.053+0000] {processor.py:179} INFO - Processing /home/airflow/.local/lib/python3.8/site-packages/airflow/example_dags/example_params_trigger_ui.py took 0.070 seconds
[2023-09-07T16:17:24.000+0000] {processor.py:157} INFO - Started process (PID=9045) to work on /home/airflow/.local/lib/python3.8/site-packages/airflow/example_dags/example_params_trigger_ui.py
[2023-09-07T16:17:24.002+0000] {processor.py:829} INFO - Processing file /home/airflow/.local/lib/python3.8/site-packages/airflow/example_dags/example_params_trigger_ui.py for tasks to queue
[2023-09-07T16:17:24.005+0000] {logging_mixin.py:151} INFO - [2023-09-07T16:17:24.004+0000] {dagbag.py:539} INFO - Filling up the DagBag from /home/airflow/.local/lib/python3.8/site-packages/airflow/example_dags/example_params_trigger_ui.py
[2023-09-07T16:17:24.032+0000] {processor.py:839} INFO - DAG(s) dict_keys(['example_params_trigger_ui']) retrieved from /home/airflow/.local/lib/python3.8/site-packages/airflow/example_dags/example_params_trigger_ui.py
[2023-09-07T16:17:24.090+0000] {logging_mixin.py:151} INFO - [2023-09-07T16:17:24.090+0000] {dag.py:2907} INFO - Sync 1 DAGs
[2023-09-07T16:17:24.101+0000] {logging_mixin.py:151} INFO - [2023-09-07T16:17:24.101+0000] {dag.py:3677} INFO - Setting next_dagrun for example_params_trigger_ui to None, run_after=None
[2023-09-07T16:17:24.120+0000] {processor.py:179} INFO - Processing /home/airflow/.local/lib/python3.8/site-packages/airflow/example_dags/example_params_trigger_ui.py took 0.127 seconds
[2023-09-07T16:17:55.377+0000] {processor.py:157} INFO - Started process (PID=9283) to work on /home/airflow/.local/lib/python3.8/site-packages/airflow/example_dags/example_params_trigger_ui.py
[2023-09-07T16:17:55.378+0000] {processor.py:829} INFO - Processing file /home/airflow/.local/lib/python3.8/site-packages/airflow/example_dags/example_params_trigger_ui.py for tasks to queue
[2023-09-07T16:17:55.380+0000] {logging_mixin.py:151} INFO - [2023-09-07T16:17:55.379+0000] {dagbag.py:539} INFO - Filling up the DagBag from /home/airflow/.local/lib/python3.8/site-packages/airflow/example_dags/example_params_trigger_ui.py
[2023-09-07T16:17:55.400+0000] {processor.py:839} INFO - DAG(s) dict_keys(['example_params_trigger_ui']) retrieved from /home/airflow/.local/lib/python3.8/site-packages/airflow/example_dags/example_params_trigger_ui.py
[2023-09-07T16:17:55.433+0000] {logging_mixin.py:151} INFO - [2023-09-07T16:17:55.433+0000] {dag.py:2907} INFO - Sync 1 DAGs
[2023-09-07T16:17:55.442+0000] {logging_mixin.py:151} INFO - [2023-09-07T16:17:55.442+0000] {dag.py:3677} INFO - Setting next_dagrun for example_params_trigger_ui to None, run_after=None
[2023-09-07T16:17:55.455+0000] {processor.py:179} INFO - Processing /home/airflow/.local/lib/python3.8/site-packages/airflow/example_dags/example_params_trigger_ui.py took 0.081 seconds
[2023-09-07T16:18:25.570+0000] {processor.py:157} INFO - Started process (PID=9522) to work on /home/airflow/.local/lib/python3.8/site-packages/airflow/example_dags/example_params_trigger_ui.py
[2023-09-07T16:18:25.572+0000] {processor.py:829} INFO - Processing file /home/airflow/.local/lib/python3.8/site-packages/airflow/example_dags/example_params_trigger_ui.py for tasks to queue
[2023-09-07T16:18:25.573+0000] {logging_mixin.py:151} INFO - [2023-09-07T16:18:25.573+0000] {dagbag.py:539} INFO - Filling up the DagBag from /home/airflow/.local/lib/python3.8/site-packages/airflow/example_dags/example_params_trigger_ui.py
[2023-09-07T16:18:25.597+0000] {processor.py:839} INFO - DAG(s) dict_keys(['example_params_trigger_ui']) retrieved from /home/airflow/.local/lib/python3.8/site-packages/airflow/example_dags/example_params_trigger_ui.py
[2023-09-07T16:18:25.633+0000] {logging_mixin.py:151} INFO - [2023-09-07T16:18:25.632+0000] {dag.py:2907} INFO - Sync 1 DAGs
[2023-09-07T16:18:25.642+0000] {logging_mixin.py:151} INFO - [2023-09-07T16:18:25.642+0000] {dag.py:3677} INFO - Setting next_dagrun for example_params_trigger_ui to None, run_after=None
[2023-09-07T16:18:25.653+0000] {processor.py:179} INFO - Processing /home/airflow/.local/lib/python3.8/site-packages/airflow/example_dags/example_params_trigger_ui.py took 0.087 seconds
[2023-09-07T16:18:55.812+0000] {processor.py:157} INFO - Started process (PID=9762) to work on /home/airflow/.local/lib/python3.8/site-packages/airflow/example_dags/example_params_trigger_ui.py
[2023-09-07T16:18:55.814+0000] {processor.py:829} INFO - Processing file /home/airflow/.local/lib/python3.8/site-packages/airflow/example_dags/example_params_trigger_ui.py for tasks to queue
[2023-09-07T16:18:55.815+0000] {logging_mixin.py:151} INFO - [2023-09-07T16:18:55.814+0000] {dagbag.py:539} INFO - Filling up the DagBag from /home/airflow/.local/lib/python3.8/site-packages/airflow/example_dags/example_params_trigger_ui.py
[2023-09-07T16:18:55.829+0000] {processor.py:839} INFO - DAG(s) dict_keys(['example_params_trigger_ui']) retrieved from /home/airflow/.local/lib/python3.8/site-packages/airflow/example_dags/example_params_trigger_ui.py
[2023-09-07T16:18:55.859+0000] {logging_mixin.py:151} INFO - [2023-09-07T16:18:55.859+0000] {dag.py:2907} INFO - Sync 1 DAGs
[2023-09-07T16:18:55.871+0000] {logging_mixin.py:151} INFO - [2023-09-07T16:18:55.871+0000] {dag.py:3677} INFO - Setting next_dagrun for example_params_trigger_ui to None, run_after=None
[2023-09-07T16:18:55.890+0000] {processor.py:179} INFO - Processing /home/airflow/.local/lib/python3.8/site-packages/airflow/example_dags/example_params_trigger_ui.py took 0.080 seconds
[2023-09-07T16:19:26.216+0000] {processor.py:157} INFO - Started process (PID=9998) to work on /home/airflow/.local/lib/python3.8/site-packages/airflow/example_dags/example_params_trigger_ui.py
[2023-09-07T16:19:26.218+0000] {processor.py:829} INFO - Processing file /home/airflow/.local/lib/python3.8/site-packages/airflow/example_dags/example_params_trigger_ui.py for tasks to queue
[2023-09-07T16:19:26.219+0000] {logging_mixin.py:151} INFO - [2023-09-07T16:19:26.218+0000] {dagbag.py:539} INFO - Filling up the DagBag from /home/airflow/.local/lib/python3.8/site-packages/airflow/example_dags/example_params_trigger_ui.py
[2023-09-07T16:19:26.232+0000] {processor.py:839} INFO - DAG(s) dict_keys(['example_params_trigger_ui']) retrieved from /home/airflow/.local/lib/python3.8/site-packages/airflow/example_dags/example_params_trigger_ui.py
[2023-09-07T16:19:26.262+0000] {logging_mixin.py:151} INFO - [2023-09-07T16:19:26.262+0000] {dag.py:2907} INFO - Sync 1 DAGs
[2023-09-07T16:19:26.271+0000] {logging_mixin.py:151} INFO - [2023-09-07T16:19:26.271+0000] {dag.py:3677} INFO - Setting next_dagrun for example_params_trigger_ui to None, run_after=None
[2023-09-07T16:19:26.282+0000] {processor.py:179} INFO - Processing /home/airflow/.local/lib/python3.8/site-packages/airflow/example_dags/example_params_trigger_ui.py took 0.069 seconds
[2023-09-07T16:19:56.673+0000] {processor.py:157} INFO - Started process (PID=10236) to work on /home/airflow/.local/lib/python3.8/site-packages/airflow/example_dags/example_params_trigger_ui.py
[2023-09-07T16:19:56.674+0000] {processor.py:829} INFO - Processing file /home/airflow/.local/lib/python3.8/site-packages/airflow/example_dags/example_params_trigger_ui.py for tasks to queue
[2023-09-07T16:19:56.675+0000] {logging_mixin.py:151} INFO - [2023-09-07T16:19:56.675+0000] {dagbag.py:539} INFO - Filling up the DagBag from /home/airflow/.local/lib/python3.8/site-packages/airflow/example_dags/example_params_trigger_ui.py
[2023-09-07T16:19:56.690+0000] {processor.py:839} INFO - DAG(s) dict_keys(['example_params_trigger_ui']) retrieved from /home/airflow/.local/lib/python3.8/site-packages/airflow/example_dags/example_params_trigger_ui.py
[2023-09-07T16:19:56.720+0000] {logging_mixin.py:151} INFO - [2023-09-07T16:19:56.720+0000] {dag.py:2907} INFO - Sync 1 DAGs
[2023-09-07T16:19:56.728+0000] {logging_mixin.py:151} INFO - [2023-09-07T16:19:56.728+0000] {dag.py:3677} INFO - Setting next_dagrun for example_params_trigger_ui to None, run_after=None
[2023-09-07T16:19:56.739+0000] {processor.py:179} INFO - Processing /home/airflow/.local/lib/python3.8/site-packages/airflow/example_dags/example_params_trigger_ui.py took 0.069 seconds
[2023-09-07T16:20:27.093+0000] {processor.py:157} INFO - Started process (PID=10474) to work on /home/airflow/.local/lib/python3.8/site-packages/airflow/example_dags/example_params_trigger_ui.py
[2023-09-07T16:20:27.095+0000] {processor.py:829} INFO - Processing file /home/airflow/.local/lib/python3.8/site-packages/airflow/example_dags/example_params_trigger_ui.py for tasks to queue
[2023-09-07T16:20:27.096+0000] {logging_mixin.py:151} INFO - [2023-09-07T16:20:27.095+0000] {dagbag.py:539} INFO - Filling up the DagBag from /home/airflow/.local/lib/python3.8/site-packages/airflow/example_dags/example_params_trigger_ui.py
[2023-09-07T16:20:27.115+0000] {processor.py:839} INFO - DAG(s) dict_keys(['example_params_trigger_ui']) retrieved from /home/airflow/.local/lib/python3.8/site-packages/airflow/example_dags/example_params_trigger_ui.py
[2023-09-07T16:20:27.152+0000] {logging_mixin.py:151} INFO - [2023-09-07T16:20:27.152+0000] {dag.py:2907} INFO - Sync 1 DAGs
[2023-09-07T16:20:27.160+0000] {logging_mixin.py:151} INFO - [2023-09-07T16:20:27.159+0000] {dag.py:3677} INFO - Setting next_dagrun for example_params_trigger_ui to None, run_after=None
[2023-09-07T16:20:27.170+0000] {processor.py:179} INFO - Processing /home/airflow/.local/lib/python3.8/site-packages/airflow/example_dags/example_params_trigger_ui.py took 0.081 seconds
[2023-09-07T16:20:57.666+0000] {processor.py:157} INFO - Started process (PID=10711) to work on /home/airflow/.local/lib/python3.8/site-packages/airflow/example_dags/example_params_trigger_ui.py
[2023-09-07T16:20:57.668+0000] {processor.py:829} INFO - Processing file /home/airflow/.local/lib/python3.8/site-packages/airflow/example_dags/example_params_trigger_ui.py for tasks to queue
[2023-09-07T16:20:57.669+0000] {logging_mixin.py:151} INFO - [2023-09-07T16:20:57.669+0000] {dagbag.py:539} INFO - Filling up the DagBag from /home/airflow/.local/lib/python3.8/site-packages/airflow/example_dags/example_params_trigger_ui.py
[2023-09-07T16:20:57.683+0000] {processor.py:839} INFO - DAG(s) dict_keys(['example_params_trigger_ui']) retrieved from /home/airflow/.local/lib/python3.8/site-packages/airflow/example_dags/example_params_trigger_ui.py
[2023-09-07T16:20:57.717+0000] {logging_mixin.py:151} INFO - [2023-09-07T16:20:57.717+0000] {dag.py:2907} INFO - Sync 1 DAGs
[2023-09-07T16:20:57.726+0000] {logging_mixin.py:151} INFO - [2023-09-07T16:20:57.726+0000] {dag.py:3677} INFO - Setting next_dagrun for example_params_trigger_ui to None, run_after=None
[2023-09-07T16:20:57.737+0000] {processor.py:179} INFO - Processing /home/airflow/.local/lib/python3.8/site-packages/airflow/example_dags/example_params_trigger_ui.py took 0.073 seconds
[2023-09-07T16:21:28.025+0000] {processor.py:157} INFO - Started process (PID=10949) to work on /home/airflow/.local/lib/python3.8/site-packages/airflow/example_dags/example_params_trigger_ui.py
[2023-09-07T16:21:28.026+0000] {processor.py:829} INFO - Processing file /home/airflow/.local/lib/python3.8/site-packages/airflow/example_dags/example_params_trigger_ui.py for tasks to queue
[2023-09-07T16:21:28.027+0000] {logging_mixin.py:151} INFO - [2023-09-07T16:21:28.027+0000] {dagbag.py:539} INFO - Filling up the DagBag from /home/airflow/.local/lib/python3.8/site-packages/airflow/example_dags/example_params_trigger_ui.py
[2023-09-07T16:21:28.042+0000] {processor.py:839} INFO - DAG(s) dict_keys(['example_params_trigger_ui']) retrieved from /home/airflow/.local/lib/python3.8/site-packages/airflow/example_dags/example_params_trigger_ui.py
[2023-09-07T16:21:28.079+0000] {logging_mixin.py:151} INFO - [2023-09-07T16:21:28.079+0000] {dag.py:2907} INFO - Sync 1 DAGs
[2023-09-07T16:21:28.091+0000] {logging_mixin.py:151} INFO - [2023-09-07T16:21:28.090+0000] {dag.py:3677} INFO - Setting next_dagrun for example_params_trigger_ui to None, run_after=None
[2023-09-07T16:21:28.104+0000] {processor.py:179} INFO - Processing /home/airflow/.local/lib/python3.8/site-packages/airflow/example_dags/example_params_trigger_ui.py took 0.082 seconds
[2023-09-07T16:21:58.629+0000] {processor.py:157} INFO - Started process (PID=11187) to work on /home/airflow/.local/lib/python3.8/site-packages/airflow/example_dags/example_params_trigger_ui.py
[2023-09-07T16:21:58.632+0000] {processor.py:829} INFO - Processing file /home/airflow/.local/lib/python3.8/site-packages/airflow/example_dags/example_params_trigger_ui.py for tasks to queue
[2023-09-07T16:21:58.633+0000] {logging_mixin.py:151} INFO - [2023-09-07T16:21:58.633+0000] {dagbag.py:539} INFO - Filling up the DagBag from /home/airflow/.local/lib/python3.8/site-packages/airflow/example_dags/example_params_trigger_ui.py
[2023-09-07T16:21:58.648+0000] {processor.py:839} INFO - DAG(s) dict_keys(['example_params_trigger_ui']) retrieved from /home/airflow/.local/lib/python3.8/site-packages/airflow/example_dags/example_params_trigger_ui.py
[2023-09-07T16:21:58.680+0000] {logging_mixin.py:151} INFO - [2023-09-07T16:21:58.679+0000] {dag.py:2907} INFO - Sync 1 DAGs
[2023-09-07T16:21:58.687+0000] {logging_mixin.py:151} INFO - [2023-09-07T16:21:58.687+0000] {dag.py:3677} INFO - Setting next_dagrun for example_params_trigger_ui to None, run_after=None
[2023-09-07T16:21:58.699+0000] {processor.py:179} INFO - Processing /home/airflow/.local/lib/python3.8/site-packages/airflow/example_dags/example_params_trigger_ui.py took 0.074 seconds
[2023-09-07T16:22:29.266+0000] {processor.py:157} INFO - Started process (PID=11424) to work on /home/airflow/.local/lib/python3.8/site-packages/airflow/example_dags/example_params_trigger_ui.py
[2023-09-07T16:22:29.267+0000] {processor.py:829} INFO - Processing file /home/airflow/.local/lib/python3.8/site-packages/airflow/example_dags/example_params_trigger_ui.py for tasks to queue
[2023-09-07T16:22:29.268+0000] {logging_mixin.py:151} INFO - [2023-09-07T16:22:29.268+0000] {dagbag.py:539} INFO - Filling up the DagBag from /home/airflow/.local/lib/python3.8/site-packages/airflow/example_dags/example_params_trigger_ui.py
[2023-09-07T16:22:29.283+0000] {processor.py:839} INFO - DAG(s) dict_keys(['example_params_trigger_ui']) retrieved from /home/airflow/.local/lib/python3.8/site-packages/airflow/example_dags/example_params_trigger_ui.py
[2023-09-07T16:22:29.312+0000] {logging_mixin.py:151} INFO - [2023-09-07T16:22:29.312+0000] {dag.py:2907} INFO - Sync 1 DAGs
[2023-09-07T16:22:29.320+0000] {logging_mixin.py:151} INFO - [2023-09-07T16:22:29.320+0000] {dag.py:3677} INFO - Setting next_dagrun for example_params_trigger_ui to None, run_after=None
[2023-09-07T16:22:29.332+0000] {processor.py:179} INFO - Processing /home/airflow/.local/lib/python3.8/site-packages/airflow/example_dags/example_params_trigger_ui.py took 0.069 seconds
[2023-09-07T16:22:59.647+0000] {processor.py:157} INFO - Started process (PID=11662) to work on /home/airflow/.local/lib/python3.8/site-packages/airflow/example_dags/example_params_trigger_ui.py
[2023-09-07T16:22:59.649+0000] {processor.py:829} INFO - Processing file /home/airflow/.local/lib/python3.8/site-packages/airflow/example_dags/example_params_trigger_ui.py for tasks to queue
[2023-09-07T16:22:59.650+0000] {logging_mixin.py:151} INFO - [2023-09-07T16:22:59.649+0000] {dagbag.py:539} INFO - Filling up the DagBag from /home/airflow/.local/lib/python3.8/site-packages/airflow/example_dags/example_params_trigger_ui.py
[2023-09-07T16:22:59.664+0000] {processor.py:839} INFO - DAG(s) dict_keys(['example_params_trigger_ui']) retrieved from /home/airflow/.local/lib/python3.8/site-packages/airflow/example_dags/example_params_trigger_ui.py
[2023-09-07T16:22:59.693+0000] {logging_mixin.py:151} INFO - [2023-09-07T16:22:59.693+0000] {dag.py:2907} INFO - Sync 1 DAGs
[2023-09-07T16:22:59.702+0000] {logging_mixin.py:151} INFO - [2023-09-07T16:22:59.702+0000] {dag.py:3677} INFO - Setting next_dagrun for example_params_trigger_ui to None, run_after=None
[2023-09-07T16:22:59.720+0000] {processor.py:179} INFO - Processing /home/airflow/.local/lib/python3.8/site-packages/airflow/example_dags/example_params_trigger_ui.py took 0.076 seconds
[2023-09-07T16:23:30.272+0000] {processor.py:157} INFO - Started process (PID=11902) to work on /home/airflow/.local/lib/python3.8/site-packages/airflow/example_dags/example_params_trigger_ui.py
[2023-09-07T16:23:30.273+0000] {processor.py:829} INFO - Processing file /home/airflow/.local/lib/python3.8/site-packages/airflow/example_dags/example_params_trigger_ui.py for tasks to queue
[2023-09-07T16:23:30.274+0000] {logging_mixin.py:151} INFO - [2023-09-07T16:23:30.274+0000] {dagbag.py:539} INFO - Filling up the DagBag from /home/airflow/.local/lib/python3.8/site-packages/airflow/example_dags/example_params_trigger_ui.py
[2023-09-07T16:23:30.288+0000] {processor.py:839} INFO - DAG(s) dict_keys(['example_params_trigger_ui']) retrieved from /home/airflow/.local/lib/python3.8/site-packages/airflow/example_dags/example_params_trigger_ui.py
[2023-09-07T16:23:30.317+0000] {logging_mixin.py:151} INFO - [2023-09-07T16:23:30.317+0000] {dag.py:2907} INFO - Sync 1 DAGs
[2023-09-07T16:23:30.325+0000] {logging_mixin.py:151} INFO - [2023-09-07T16:23:30.325+0000] {dag.py:3677} INFO - Setting next_dagrun for example_params_trigger_ui to None, run_after=None
[2023-09-07T16:23:30.335+0000] {processor.py:179} INFO - Processing /home/airflow/.local/lib/python3.8/site-packages/airflow/example_dags/example_params_trigger_ui.py took 0.066 seconds
[2023-09-07T16:24:00.840+0000] {processor.py:157} INFO - Started process (PID=12138) to work on /home/airflow/.local/lib/python3.8/site-packages/airflow/example_dags/example_params_trigger_ui.py
[2023-09-07T16:24:00.841+0000] {processor.py:829} INFO - Processing file /home/airflow/.local/lib/python3.8/site-packages/airflow/example_dags/example_params_trigger_ui.py for tasks to queue
[2023-09-07T16:24:00.842+0000] {logging_mixin.py:151} INFO - [2023-09-07T16:24:00.842+0000] {dagbag.py:539} INFO - Filling up the DagBag from /home/airflow/.local/lib/python3.8/site-packages/airflow/example_dags/example_params_trigger_ui.py
[2023-09-07T16:24:00.857+0000] {processor.py:839} INFO - DAG(s) dict_keys(['example_params_trigger_ui']) retrieved from /home/airflow/.local/lib/python3.8/site-packages/airflow/example_dags/example_params_trigger_ui.py
[2023-09-07T16:24:00.887+0000] {logging_mixin.py:151} INFO - [2023-09-07T16:24:00.887+0000] {dag.py:2907} INFO - Sync 1 DAGs
[2023-09-07T16:24:00.895+0000] {logging_mixin.py:151} INFO - [2023-09-07T16:24:00.895+0000] {dag.py:3677} INFO - Setting next_dagrun for example_params_trigger_ui to None, run_after=None
[2023-09-07T16:24:00.906+0000] {processor.py:179} INFO - Processing /home/airflow/.local/lib/python3.8/site-packages/airflow/example_dags/example_params_trigger_ui.py took 0.070 seconds
[2023-09-07T16:24:31.335+0000] {processor.py:157} INFO - Started process (PID=12376) to work on /home/airflow/.local/lib/python3.8/site-packages/airflow/example_dags/example_params_trigger_ui.py
[2023-09-07T16:24:31.336+0000] {processor.py:829} INFO - Processing file /home/airflow/.local/lib/python3.8/site-packages/airflow/example_dags/example_params_trigger_ui.py for tasks to queue
[2023-09-07T16:24:31.337+0000] {logging_mixin.py:151} INFO - [2023-09-07T16:24:31.337+0000] {dagbag.py:539} INFO - Filling up the DagBag from /home/airflow/.local/lib/python3.8/site-packages/airflow/example_dags/example_params_trigger_ui.py
[2023-09-07T16:24:31.352+0000] {processor.py:839} INFO - DAG(s) dict_keys(['example_params_trigger_ui']) retrieved from /home/airflow/.local/lib/python3.8/site-packages/airflow/example_dags/example_params_trigger_ui.py
[2023-09-07T16:24:31.381+0000] {logging_mixin.py:151} INFO - [2023-09-07T16:24:31.381+0000] {dag.py:2907} INFO - Sync 1 DAGs
[2023-09-07T16:24:31.389+0000] {logging_mixin.py:151} INFO - [2023-09-07T16:24:31.389+0000] {dag.py:3677} INFO - Setting next_dagrun for example_params_trigger_ui to None, run_after=None
[2023-09-07T16:24:31.401+0000] {processor.py:179} INFO - Processing /home/airflow/.local/lib/python3.8/site-packages/airflow/example_dags/example_params_trigger_ui.py took 0.069 seconds
[2023-09-07T16:25:01.690+0000] {processor.py:157} INFO - Started process (PID=12615) to work on /home/airflow/.local/lib/python3.8/site-packages/airflow/example_dags/example_params_trigger_ui.py
[2023-09-07T16:25:01.692+0000] {processor.py:829} INFO - Processing file /home/airflow/.local/lib/python3.8/site-packages/airflow/example_dags/example_params_trigger_ui.py for tasks to queue
[2023-09-07T16:25:01.693+0000] {logging_mixin.py:151} INFO - [2023-09-07T16:25:01.692+0000] {dagbag.py:539} INFO - Filling up the DagBag from /home/airflow/.local/lib/python3.8/site-packages/airflow/example_dags/example_params_trigger_ui.py
[2023-09-07T16:25:01.714+0000] {processor.py:839} INFO - DAG(s) dict_keys(['example_params_trigger_ui']) retrieved from /home/airflow/.local/lib/python3.8/site-packages/airflow/example_dags/example_params_trigger_ui.py
[2023-09-07T16:25:01.743+0000] {logging_mixin.py:151} INFO - [2023-09-07T16:25:01.743+0000] {dag.py:2907} INFO - Sync 1 DAGs
[2023-09-07T16:25:01.751+0000] {logging_mixin.py:151} INFO - [2023-09-07T16:25:01.751+0000] {dag.py:3677} INFO - Setting next_dagrun for example_params_trigger_ui to None, run_after=None
[2023-09-07T16:25:01.762+0000] {processor.py:179} INFO - Processing /home/airflow/.local/lib/python3.8/site-packages/airflow/example_dags/example_params_trigger_ui.py took 0.075 seconds
[2023-09-07T16:25:32.197+0000] {processor.py:157} INFO - Started process (PID=12852) to work on /home/airflow/.local/lib/python3.8/site-packages/airflow/example_dags/example_params_trigger_ui.py
[2023-09-07T16:25:32.198+0000] {processor.py:829} INFO - Processing file /home/airflow/.local/lib/python3.8/site-packages/airflow/example_dags/example_params_trigger_ui.py for tasks to queue
[2023-09-07T16:25:32.199+0000] {logging_mixin.py:151} INFO - [2023-09-07T16:25:32.199+0000] {dagbag.py:539} INFO - Filling up the DagBag from /home/airflow/.local/lib/python3.8/site-packages/airflow/example_dags/example_params_trigger_ui.py
[2023-09-07T16:25:32.214+0000] {processor.py:839} INFO - DAG(s) dict_keys(['example_params_trigger_ui']) retrieved from /home/airflow/.local/lib/python3.8/site-packages/airflow/example_dags/example_params_trigger_ui.py
[2023-09-07T16:25:32.246+0000] {logging_mixin.py:151} INFO - [2023-09-07T16:25:32.246+0000] {dag.py:2907} INFO - Sync 1 DAGs
[2023-09-07T16:25:32.254+0000] {logging_mixin.py:151} INFO - [2023-09-07T16:25:32.254+0000] {dag.py:3677} INFO - Setting next_dagrun for example_params_trigger_ui to None, run_after=None
[2023-09-07T16:25:32.266+0000] {processor.py:179} INFO - Processing /home/airflow/.local/lib/python3.8/site-packages/airflow/example_dags/example_params_trigger_ui.py took 0.073 seconds
[2023-09-07T16:26:02.779+0000] {processor.py:157} INFO - Started process (PID=13091) to work on /home/airflow/.local/lib/python3.8/site-packages/airflow/example_dags/example_params_trigger_ui.py
[2023-09-07T16:26:02.782+0000] {processor.py:829} INFO - Processing file /home/airflow/.local/lib/python3.8/site-packages/airflow/example_dags/example_params_trigger_ui.py for tasks to queue
[2023-09-07T16:26:02.785+0000] {logging_mixin.py:151} INFO - [2023-09-07T16:26:02.783+0000] {dagbag.py:539} INFO - Filling up the DagBag from /home/airflow/.local/lib/python3.8/site-packages/airflow/example_dags/example_params_trigger_ui.py
[2023-09-07T16:26:02.810+0000] {processor.py:839} INFO - DAG(s) dict_keys(['example_params_trigger_ui']) retrieved from /home/airflow/.local/lib/python3.8/site-packages/airflow/example_dags/example_params_trigger_ui.py
[2023-09-07T16:26:02.841+0000] {logging_mixin.py:151} INFO - [2023-09-07T16:26:02.841+0000] {dag.py:2907} INFO - Sync 1 DAGs
[2023-09-07T16:26:02.849+0000] {logging_mixin.py:151} INFO - [2023-09-07T16:26:02.849+0000] {dag.py:3677} INFO - Setting next_dagrun for example_params_trigger_ui to None, run_after=None
[2023-09-07T16:26:02.861+0000] {processor.py:179} INFO - Processing /home/airflow/.local/lib/python3.8/site-packages/airflow/example_dags/example_params_trigger_ui.py took 0.087 seconds
[2023-09-07T16:26:33.705+0000] {processor.py:157} INFO - Started process (PID=13331) to work on /home/airflow/.local/lib/python3.8/site-packages/airflow/example_dags/example_params_trigger_ui.py
[2023-09-07T16:26:33.706+0000] {processor.py:829} INFO - Processing file /home/airflow/.local/lib/python3.8/site-packages/airflow/example_dags/example_params_trigger_ui.py for tasks to queue
[2023-09-07T16:26:33.707+0000] {logging_mixin.py:151} INFO - [2023-09-07T16:26:33.707+0000] {dagbag.py:539} INFO - Filling up the DagBag from /home/airflow/.local/lib/python3.8/site-packages/airflow/example_dags/example_params_trigger_ui.py
[2023-09-07T16:26:33.720+0000] {processor.py:839} INFO - DAG(s) dict_keys(['example_params_trigger_ui']) retrieved from /home/airflow/.local/lib/python3.8/site-packages/airflow/example_dags/example_params_trigger_ui.py
[2023-09-07T16:26:33.750+0000] {logging_mixin.py:151} INFO - [2023-09-07T16:26:33.750+0000] {dag.py:2907} INFO - Sync 1 DAGs
[2023-09-07T16:26:33.758+0000] {logging_mixin.py:151} INFO - [2023-09-07T16:26:33.757+0000] {dag.py:3677} INFO - Setting next_dagrun for example_params_trigger_ui to None, run_after=None
[2023-09-07T16:26:33.769+0000] {processor.py:179} INFO - Processing /home/airflow/.local/lib/python3.8/site-packages/airflow/example_dags/example_params_trigger_ui.py took 0.067 seconds
[2023-09-07T16:27:04.011+0000] {processor.py:157} INFO - Started process (PID=13567) to work on /home/airflow/.local/lib/python3.8/site-packages/airflow/example_dags/example_params_trigger_ui.py
[2023-09-07T16:27:04.013+0000] {processor.py:829} INFO - Processing file /home/airflow/.local/lib/python3.8/site-packages/airflow/example_dags/example_params_trigger_ui.py for tasks to queue
[2023-09-07T16:27:04.014+0000] {logging_mixin.py:151} INFO - [2023-09-07T16:27:04.013+0000] {dagbag.py:539} INFO - Filling up the DagBag from /home/airflow/.local/lib/python3.8/site-packages/airflow/example_dags/example_params_trigger_ui.py
[2023-09-07T16:27:04.028+0000] {processor.py:839} INFO - DAG(s) dict_keys(['example_params_trigger_ui']) retrieved from /home/airflow/.local/lib/python3.8/site-packages/airflow/example_dags/example_params_trigger_ui.py
[2023-09-07T16:27:04.063+0000] {logging_mixin.py:151} INFO - [2023-09-07T16:27:04.063+0000] {dag.py:2907} INFO - Sync 1 DAGs
[2023-09-07T16:27:04.070+0000] {logging_mixin.py:151} INFO - [2023-09-07T16:27:04.070+0000] {dag.py:3677} INFO - Setting next_dagrun for example_params_trigger_ui to None, run_after=None
[2023-09-07T16:27:04.081+0000] {processor.py:179} INFO - Processing /home/airflow/.local/lib/python3.8/site-packages/airflow/example_dags/example_params_trigger_ui.py took 0.073 seconds
[2023-09-07T16:27:34.411+0000] {processor.py:157} INFO - Started process (PID=13806) to work on /home/airflow/.local/lib/python3.8/site-packages/airflow/example_dags/example_params_trigger_ui.py
[2023-09-07T16:27:34.413+0000] {processor.py:829} INFO - Processing file /home/airflow/.local/lib/python3.8/site-packages/airflow/example_dags/example_params_trigger_ui.py for tasks to queue
[2023-09-07T16:27:34.415+0000] {logging_mixin.py:151} INFO - [2023-09-07T16:27:34.415+0000] {dagbag.py:539} INFO - Filling up the DagBag from /home/airflow/.local/lib/python3.8/site-packages/airflow/example_dags/example_params_trigger_ui.py
[2023-09-07T16:27:34.430+0000] {processor.py:839} INFO - DAG(s) dict_keys(['example_params_trigger_ui']) retrieved from /home/airflow/.local/lib/python3.8/site-packages/airflow/example_dags/example_params_trigger_ui.py
[2023-09-07T16:27:34.459+0000] {logging_mixin.py:151} INFO - [2023-09-07T16:27:34.459+0000] {dag.py:2907} INFO - Sync 1 DAGs
[2023-09-07T16:27:34.467+0000] {logging_mixin.py:151} INFO - [2023-09-07T16:27:34.467+0000] {dag.py:3677} INFO - Setting next_dagrun for example_params_trigger_ui to None, run_after=None
[2023-09-07T16:27:34.479+0000] {processor.py:179} INFO - Processing /home/airflow/.local/lib/python3.8/site-packages/airflow/example_dags/example_params_trigger_ui.py took 0.072 seconds
[2023-09-07T16:28:04.867+0000] {processor.py:157} INFO - Started process (PID=14044) to work on /home/airflow/.local/lib/python3.8/site-packages/airflow/example_dags/example_params_trigger_ui.py
[2023-09-07T16:28:04.868+0000] {processor.py:829} INFO - Processing file /home/airflow/.local/lib/python3.8/site-packages/airflow/example_dags/example_params_trigger_ui.py for tasks to queue
[2023-09-07T16:28:04.869+0000] {logging_mixin.py:151} INFO - [2023-09-07T16:28:04.869+0000] {dagbag.py:539} INFO - Filling up the DagBag from /home/airflow/.local/lib/python3.8/site-packages/airflow/example_dags/example_params_trigger_ui.py
[2023-09-07T16:28:04.885+0000] {processor.py:839} INFO - DAG(s) dict_keys(['example_params_trigger_ui']) retrieved from /home/airflow/.local/lib/python3.8/site-packages/airflow/example_dags/example_params_trigger_ui.py
[2023-09-07T16:28:04.914+0000] {logging_mixin.py:151} INFO - [2023-09-07T16:28:04.914+0000] {dag.py:2907} INFO - Sync 1 DAGs
[2023-09-07T16:28:04.922+0000] {logging_mixin.py:151} INFO - [2023-09-07T16:28:04.922+0000] {dag.py:3677} INFO - Setting next_dagrun for example_params_trigger_ui to None, run_after=None
[2023-09-07T16:28:04.933+0000] {processor.py:179} INFO - Processing /home/airflow/.local/lib/python3.8/site-packages/airflow/example_dags/example_params_trigger_ui.py took 0.069 seconds
[2023-09-07T16:28:35.420+0000] {processor.py:157} INFO - Started process (PID=14284) to work on /home/airflow/.local/lib/python3.8/site-packages/airflow/example_dags/example_params_trigger_ui.py
[2023-09-07T16:28:35.421+0000] {processor.py:829} INFO - Processing file /home/airflow/.local/lib/python3.8/site-packages/airflow/example_dags/example_params_trigger_ui.py for tasks to queue
[2023-09-07T16:28:35.422+0000] {logging_mixin.py:151} INFO - [2023-09-07T16:28:35.422+0000] {dagbag.py:539} INFO - Filling up the DagBag from /home/airflow/.local/lib/python3.8/site-packages/airflow/example_dags/example_params_trigger_ui.py
[2023-09-07T16:28:35.437+0000] {processor.py:839} INFO - DAG(s) dict_keys(['example_params_trigger_ui']) retrieved from /home/airflow/.local/lib/python3.8/site-packages/airflow/example_dags/example_params_trigger_ui.py
[2023-09-07T16:28:35.468+0000] {logging_mixin.py:151} INFO - [2023-09-07T16:28:35.467+0000] {dag.py:2907} INFO - Sync 1 DAGs
[2023-09-07T16:28:35.477+0000] {logging_mixin.py:151} INFO - [2023-09-07T16:28:35.477+0000] {dag.py:3677} INFO - Setting next_dagrun for example_params_trigger_ui to None, run_after=None
[2023-09-07T16:28:35.489+0000] {processor.py:179} INFO - Processing /home/airflow/.local/lib/python3.8/site-packages/airflow/example_dags/example_params_trigger_ui.py took 0.073 seconds
[2023-09-07T16:29:07.185+0000] {processor.py:157} INFO - Started process (PID=14519) to work on /home/airflow/.local/lib/python3.8/site-packages/airflow/example_dags/example_params_trigger_ui.py
[2023-09-07T16:29:07.186+0000] {processor.py:829} INFO - Processing file /home/airflow/.local/lib/python3.8/site-packages/airflow/example_dags/example_params_trigger_ui.py for tasks to queue
[2023-09-07T16:29:07.187+0000] {logging_mixin.py:151} INFO - [2023-09-07T16:29:07.187+0000] {dagbag.py:539} INFO - Filling up the DagBag from /home/airflow/.local/lib/python3.8/site-packages/airflow/example_dags/example_params_trigger_ui.py
[2023-09-07T16:29:07.201+0000] {processor.py:839} INFO - DAG(s) dict_keys(['example_params_trigger_ui']) retrieved from /home/airflow/.local/lib/python3.8/site-packages/airflow/example_dags/example_params_trigger_ui.py
[2023-09-07T16:29:07.231+0000] {logging_mixin.py:151} INFO - [2023-09-07T16:29:07.231+0000] {dag.py:2907} INFO - Sync 1 DAGs
[2023-09-07T16:29:07.239+0000] {logging_mixin.py:151} INFO - [2023-09-07T16:29:07.239+0000] {dag.py:3677} INFO - Setting next_dagrun for example_params_trigger_ui to None, run_after=None
[2023-09-07T16:29:07.250+0000] {processor.py:179} INFO - Processing /home/airflow/.local/lib/python3.8/site-packages/airflow/example_dags/example_params_trigger_ui.py took 0.068 seconds
[2023-09-07T16:30:58.308+0000] {processor.py:157} INFO - Started process (PID=14755) to work on /home/airflow/.local/lib/python3.8/site-packages/airflow/example_dags/example_params_trigger_ui.py
[2023-09-07T16:30:58.310+0000] {processor.py:829} INFO - Processing file /home/airflow/.local/lib/python3.8/site-packages/airflow/example_dags/example_params_trigger_ui.py for tasks to queue
[2023-09-07T16:30:58.311+0000] {logging_mixin.py:151} INFO - [2023-09-07T16:30:58.311+0000] {dagbag.py:539} INFO - Filling up the DagBag from /home/airflow/.local/lib/python3.8/site-packages/airflow/example_dags/example_params_trigger_ui.py
[2023-09-07T16:30:58.356+0000] {processor.py:839} INFO - DAG(s) dict_keys(['example_params_trigger_ui']) retrieved from /home/airflow/.local/lib/python3.8/site-packages/airflow/example_dags/example_params_trigger_ui.py
[2023-09-07T16:30:58.431+0000] {logging_mixin.py:151} INFO - [2023-09-07T16:30:58.431+0000] {dag.py:2907} INFO - Sync 1 DAGs
[2023-09-07T16:30:58.443+0000] {logging_mixin.py:151} INFO - [2023-09-07T16:30:58.443+0000] {dag.py:3677} INFO - Setting next_dagrun for example_params_trigger_ui to None, run_after=None
[2023-09-07T16:30:58.458+0000] {processor.py:179} INFO - Processing /home/airflow/.local/lib/python3.8/site-packages/airflow/example_dags/example_params_trigger_ui.py took 0.153 seconds
[2023-09-07T16:31:29.306+0000] {processor.py:157} INFO - Started process (PID=14993) to work on /home/airflow/.local/lib/python3.8/site-packages/airflow/example_dags/example_params_trigger_ui.py
[2023-09-07T16:31:29.308+0000] {processor.py:829} INFO - Processing file /home/airflow/.local/lib/python3.8/site-packages/airflow/example_dags/example_params_trigger_ui.py for tasks to queue
[2023-09-07T16:31:29.309+0000] {logging_mixin.py:151} INFO - [2023-09-07T16:31:29.308+0000] {dagbag.py:539} INFO - Filling up the DagBag from /home/airflow/.local/lib/python3.8/site-packages/airflow/example_dags/example_params_trigger_ui.py
[2023-09-07T16:31:29.333+0000] {processor.py:839} INFO - DAG(s) dict_keys(['example_params_trigger_ui']) retrieved from /home/airflow/.local/lib/python3.8/site-packages/airflow/example_dags/example_params_trigger_ui.py
[2023-09-07T16:31:29.365+0000] {logging_mixin.py:151} INFO - [2023-09-07T16:31:29.365+0000] {dag.py:2907} INFO - Sync 1 DAGs
[2023-09-07T16:31:29.373+0000] {logging_mixin.py:151} INFO - [2023-09-07T16:31:29.373+0000] {dag.py:3677} INFO - Setting next_dagrun for example_params_trigger_ui to None, run_after=None
[2023-09-07T16:31:29.384+0000] {processor.py:179} INFO - Processing /home/airflow/.local/lib/python3.8/site-packages/airflow/example_dags/example_params_trigger_ui.py took 0.080 seconds
[2023-09-07T16:32:00.160+0000] {processor.py:157} INFO - Started process (PID=15231) to work on /home/airflow/.local/lib/python3.8/site-packages/airflow/example_dags/example_params_trigger_ui.py
[2023-09-07T16:32:00.162+0000] {processor.py:829} INFO - Processing file /home/airflow/.local/lib/python3.8/site-packages/airflow/example_dags/example_params_trigger_ui.py for tasks to queue
[2023-09-07T16:32:00.163+0000] {logging_mixin.py:151} INFO - [2023-09-07T16:32:00.162+0000] {dagbag.py:539} INFO - Filling up the DagBag from /home/airflow/.local/lib/python3.8/site-packages/airflow/example_dags/example_params_trigger_ui.py
[2023-09-07T16:32:00.177+0000] {processor.py:839} INFO - DAG(s) dict_keys(['example_params_trigger_ui']) retrieved from /home/airflow/.local/lib/python3.8/site-packages/airflow/example_dags/example_params_trigger_ui.py
[2023-09-07T16:32:00.214+0000] {logging_mixin.py:151} INFO - [2023-09-07T16:32:00.214+0000] {dag.py:2907} INFO - Sync 1 DAGs
[2023-09-07T16:32:00.223+0000] {logging_mixin.py:151} INFO - [2023-09-07T16:32:00.223+0000] {dag.py:3677} INFO - Setting next_dagrun for example_params_trigger_ui to None, run_after=None
[2023-09-07T16:32:00.233+0000] {processor.py:179} INFO - Processing /home/airflow/.local/lib/python3.8/site-packages/airflow/example_dags/example_params_trigger_ui.py took 0.076 seconds
[2023-09-07T16:32:31.837+0000] {processor.py:157} INFO - Started process (PID=15469) to work on /home/airflow/.local/lib/python3.8/site-packages/airflow/example_dags/example_params_trigger_ui.py
[2023-09-07T16:32:31.841+0000] {processor.py:829} INFO - Processing file /home/airflow/.local/lib/python3.8/site-packages/airflow/example_dags/example_params_trigger_ui.py for tasks to queue
[2023-09-07T16:32:31.844+0000] {logging_mixin.py:151} INFO - [2023-09-07T16:32:31.843+0000] {dagbag.py:539} INFO - Filling up the DagBag from /home/airflow/.local/lib/python3.8/site-packages/airflow/example_dags/example_params_trigger_ui.py
[2023-09-07T16:32:31.905+0000] {processor.py:839} INFO - DAG(s) dict_keys(['example_params_trigger_ui']) retrieved from /home/airflow/.local/lib/python3.8/site-packages/airflow/example_dags/example_params_trigger_ui.py
[2023-09-07T16:32:32.011+0000] {logging_mixin.py:151} INFO - [2023-09-07T16:32:32.011+0000] {dag.py:2907} INFO - Sync 1 DAGs
[2023-09-07T16:32:32.027+0000] {logging_mixin.py:151} INFO - [2023-09-07T16:32:32.027+0000] {dag.py:3677} INFO - Setting next_dagrun for example_params_trigger_ui to None, run_after=None
[2023-09-07T16:32:32.049+0000] {processor.py:179} INFO - Processing /home/airflow/.local/lib/python3.8/site-packages/airflow/example_dags/example_params_trigger_ui.py took 0.221 seconds
[2023-09-07T16:33:02.143+0000] {processor.py:157} INFO - Started process (PID=15709) to work on /home/airflow/.local/lib/python3.8/site-packages/airflow/example_dags/example_params_trigger_ui.py
[2023-09-07T16:33:02.144+0000] {processor.py:829} INFO - Processing file /home/airflow/.local/lib/python3.8/site-packages/airflow/example_dags/example_params_trigger_ui.py for tasks to queue
[2023-09-07T16:33:02.145+0000] {logging_mixin.py:151} INFO - [2023-09-07T16:33:02.145+0000] {dagbag.py:539} INFO - Filling up the DagBag from /home/airflow/.local/lib/python3.8/site-packages/airflow/example_dags/example_params_trigger_ui.py
[2023-09-07T16:33:02.161+0000] {processor.py:839} INFO - DAG(s) dict_keys(['example_params_trigger_ui']) retrieved from /home/airflow/.local/lib/python3.8/site-packages/airflow/example_dags/example_params_trigger_ui.py
[2023-09-07T16:33:02.271+0000] {logging_mixin.py:151} INFO - [2023-09-07T16:33:02.270+0000] {dag.py:2907} INFO - Sync 1 DAGs
[2023-09-07T16:33:02.305+0000] {logging_mixin.py:151} INFO - [2023-09-07T16:33:02.304+0000] {dag.py:3677} INFO - Setting next_dagrun for example_params_trigger_ui to None, run_after=None
[2023-09-07T16:33:02.326+0000] {processor.py:179} INFO - Processing /home/airflow/.local/lib/python3.8/site-packages/airflow/example_dags/example_params_trigger_ui.py took 0.188 seconds
[2023-09-07T16:33:33.182+0000] {processor.py:157} INFO - Started process (PID=15945) to work on /home/airflow/.local/lib/python3.8/site-packages/airflow/example_dags/example_params_trigger_ui.py
[2023-09-07T16:33:33.184+0000] {processor.py:829} INFO - Processing file /home/airflow/.local/lib/python3.8/site-packages/airflow/example_dags/example_params_trigger_ui.py for tasks to queue
[2023-09-07T16:33:33.185+0000] {logging_mixin.py:151} INFO - [2023-09-07T16:33:33.185+0000] {dagbag.py:539} INFO - Filling up the DagBag from /home/airflow/.local/lib/python3.8/site-packages/airflow/example_dags/example_params_trigger_ui.py
[2023-09-07T16:33:33.207+0000] {processor.py:839} INFO - DAG(s) dict_keys(['example_params_trigger_ui']) retrieved from /home/airflow/.local/lib/python3.8/site-packages/airflow/example_dags/example_params_trigger_ui.py
[2023-09-07T16:33:33.239+0000] {logging_mixin.py:151} INFO - [2023-09-07T16:33:33.239+0000] {dag.py:2907} INFO - Sync 1 DAGs
[2023-09-07T16:33:33.249+0000] {logging_mixin.py:151} INFO - [2023-09-07T16:33:33.249+0000] {dag.py:3677} INFO - Setting next_dagrun for example_params_trigger_ui to None, run_after=None
[2023-09-07T16:33:33.264+0000] {processor.py:179} INFO - Processing /home/airflow/.local/lib/python3.8/site-packages/airflow/example_dags/example_params_trigger_ui.py took 0.087 seconds
[2023-09-07T16:34:04.412+0000] {processor.py:157} INFO - Started process (PID=16183) to work on /home/airflow/.local/lib/python3.8/site-packages/airflow/example_dags/example_params_trigger_ui.py
[2023-09-07T16:34:04.414+0000] {processor.py:829} INFO - Processing file /home/airflow/.local/lib/python3.8/site-packages/airflow/example_dags/example_params_trigger_ui.py for tasks to queue
[2023-09-07T16:34:04.415+0000] {logging_mixin.py:151} INFO - [2023-09-07T16:34:04.415+0000] {dagbag.py:539} INFO - Filling up the DagBag from /home/airflow/.local/lib/python3.8/site-packages/airflow/example_dags/example_params_trigger_ui.py
[2023-09-07T16:34:04.434+0000] {processor.py:839} INFO - DAG(s) dict_keys(['example_params_trigger_ui']) retrieved from /home/airflow/.local/lib/python3.8/site-packages/airflow/example_dags/example_params_trigger_ui.py
[2023-09-07T16:34:04.481+0000] {logging_mixin.py:151} INFO - [2023-09-07T16:34:04.480+0000] {dag.py:2907} INFO - Sync 1 DAGs
[2023-09-07T16:34:04.494+0000] {logging_mixin.py:151} INFO - [2023-09-07T16:34:04.493+0000] {dag.py:3677} INFO - Setting next_dagrun for example_params_trigger_ui to None, run_after=None
[2023-09-07T16:34:04.509+0000] {processor.py:179} INFO - Processing /home/airflow/.local/lib/python3.8/site-packages/airflow/example_dags/example_params_trigger_ui.py took 0.101 seconds
[2023-09-07T16:34:34.819+0000] {processor.py:157} INFO - Started process (PID=16423) to work on /home/airflow/.local/lib/python3.8/site-packages/airflow/example_dags/example_params_trigger_ui.py
[2023-09-07T16:34:34.821+0000] {processor.py:829} INFO - Processing file /home/airflow/.local/lib/python3.8/site-packages/airflow/example_dags/example_params_trigger_ui.py for tasks to queue
[2023-09-07T16:34:34.822+0000] {logging_mixin.py:151} INFO - [2023-09-07T16:34:34.821+0000] {dagbag.py:539} INFO - Filling up the DagBag from /home/airflow/.local/lib/python3.8/site-packages/airflow/example_dags/example_params_trigger_ui.py
[2023-09-07T16:34:34.837+0000] {processor.py:839} INFO - DAG(s) dict_keys(['example_params_trigger_ui']) retrieved from /home/airflow/.local/lib/python3.8/site-packages/airflow/example_dags/example_params_trigger_ui.py
[2023-09-07T16:34:34.871+0000] {logging_mixin.py:151} INFO - [2023-09-07T16:34:34.871+0000] {dag.py:2907} INFO - Sync 1 DAGs
[2023-09-07T16:34:34.879+0000] {logging_mixin.py:151} INFO - [2023-09-07T16:34:34.879+0000] {dag.py:3677} INFO - Setting next_dagrun for example_params_trigger_ui to None, run_after=None
[2023-09-07T16:34:34.891+0000] {processor.py:179} INFO - Processing /home/airflow/.local/lib/python3.8/site-packages/airflow/example_dags/example_params_trigger_ui.py took 0.074 seconds
[2023-09-07T16:35:06.065+0000] {processor.py:157} INFO - Started process (PID=16659) to work on /home/airflow/.local/lib/python3.8/site-packages/airflow/example_dags/example_params_trigger_ui.py
[2023-09-07T16:35:06.067+0000] {processor.py:829} INFO - Processing file /home/airflow/.local/lib/python3.8/site-packages/airflow/example_dags/example_params_trigger_ui.py for tasks to queue
[2023-09-07T16:35:06.069+0000] {logging_mixin.py:151} INFO - [2023-09-07T16:35:06.068+0000] {dagbag.py:539} INFO - Filling up the DagBag from /home/airflow/.local/lib/python3.8/site-packages/airflow/example_dags/example_params_trigger_ui.py
[2023-09-07T16:35:06.091+0000] {processor.py:839} INFO - DAG(s) dict_keys(['example_params_trigger_ui']) retrieved from /home/airflow/.local/lib/python3.8/site-packages/airflow/example_dags/example_params_trigger_ui.py
[2023-09-07T16:35:06.124+0000] {logging_mixin.py:151} INFO - [2023-09-07T16:35:06.124+0000] {dag.py:2907} INFO - Sync 1 DAGs
[2023-09-07T16:35:06.135+0000] {logging_mixin.py:151} INFO - [2023-09-07T16:35:06.134+0000] {dag.py:3677} INFO - Setting next_dagrun for example_params_trigger_ui to None, run_after=None
[2023-09-07T16:35:06.162+0000] {processor.py:179} INFO - Processing /home/airflow/.local/lib/python3.8/site-packages/airflow/example_dags/example_params_trigger_ui.py took 0.101 seconds
