[2023-09-07T15:58:26.419+0000] {processor.py:157} INFO - Started process (PID=307) to work on /home/airflow/.local/lib/python3.8/site-packages/airflow/example_dags/example_params_ui_tutorial.py
[2023-09-07T15:58:26.420+0000] {processor.py:829} INFO - Processing file /home/airflow/.local/lib/python3.8/site-packages/airflow/example_dags/example_params_ui_tutorial.py for tasks to queue
[2023-09-07T15:58:26.422+0000] {logging_mixin.py:151} INFO - [2023-09-07T15:58:26.421+0000] {dagbag.py:539} INFO - Filling up the DagBag from /home/airflow/.local/lib/python3.8/site-packages/airflow/example_dags/example_params_ui_tutorial.py
[2023-09-07T15:58:26.474+0000] {processor.py:839} INFO - DAG(s) dict_keys(['example_params_ui_tutorial']) retrieved from /home/airflow/.local/lib/python3.8/site-packages/airflow/example_dags/example_params_ui_tutorial.py
[2023-09-07T15:58:26.493+0000] {logging_mixin.py:151} INFO - [2023-09-07T15:58:26.493+0000] {dag.py:2907} INFO - Sync 1 DAGs
[2023-09-07T15:58:26.520+0000] {logging_mixin.py:151} INFO - [2023-09-07T15:58:26.520+0000] {dag.py:3677} INFO - Setting next_dagrun for example_params_ui_tutorial to None, run_after=None
[2023-09-07T15:58:26.538+0000] {processor.py:179} INFO - Processing /home/airflow/.local/lib/python3.8/site-packages/airflow/example_dags/example_params_ui_tutorial.py took 0.125 seconds
[2023-09-07T15:58:57.173+0000] {processor.py:157} INFO - Started process (PID=540) to work on /home/airflow/.local/lib/python3.8/site-packages/airflow/example_dags/example_params_ui_tutorial.py
[2023-09-07T15:58:57.175+0000] {processor.py:829} INFO - Processing file /home/airflow/.local/lib/python3.8/site-packages/airflow/example_dags/example_params_ui_tutorial.py for tasks to queue
[2023-09-07T15:58:57.176+0000] {logging_mixin.py:151} INFO - [2023-09-07T15:58:57.175+0000] {dagbag.py:539} INFO - Filling up the DagBag from /home/airflow/.local/lib/python3.8/site-packages/airflow/example_dags/example_params_ui_tutorial.py
[2023-09-07T15:58:57.198+0000] {processor.py:839} INFO - DAG(s) dict_keys(['example_params_ui_tutorial']) retrieved from /home/airflow/.local/lib/python3.8/site-packages/airflow/example_dags/example_params_ui_tutorial.py
[2023-09-07T15:58:57.233+0000] {logging_mixin.py:151} INFO - [2023-09-07T15:58:57.233+0000] {dag.py:2907} INFO - Sync 1 DAGs
[2023-09-07T15:58:57.246+0000] {logging_mixin.py:151} INFO - [2023-09-07T15:58:57.246+0000] {dag.py:3677} INFO - Setting next_dagrun for example_params_ui_tutorial to None, run_after=None
[2023-09-07T15:58:57.357+0000] {processor.py:179} INFO - Processing /home/airflow/.local/lib/python3.8/site-packages/airflow/example_dags/example_params_ui_tutorial.py took 0.187 seconds
[2023-09-07T15:59:30.357+0000] {processor.py:157} INFO - Started process (PID=785) to work on /home/airflow/.local/lib/python3.8/site-packages/airflow/example_dags/example_params_ui_tutorial.py
[2023-09-07T15:59:30.358+0000] {processor.py:829} INFO - Processing file /home/airflow/.local/lib/python3.8/site-packages/airflow/example_dags/example_params_ui_tutorial.py for tasks to queue
[2023-09-07T15:59:30.359+0000] {logging_mixin.py:151} INFO - [2023-09-07T15:59:30.359+0000] {dagbag.py:539} INFO - Filling up the DagBag from /home/airflow/.local/lib/python3.8/site-packages/airflow/example_dags/example_params_ui_tutorial.py
[2023-09-07T15:59:30.385+0000] {processor.py:839} INFO - DAG(s) dict_keys(['example_params_ui_tutorial']) retrieved from /home/airflow/.local/lib/python3.8/site-packages/airflow/example_dags/example_params_ui_tutorial.py
[2023-09-07T15:59:30.424+0000] {logging_mixin.py:151} INFO - [2023-09-07T15:59:30.424+0000] {dag.py:2907} INFO - Sync 1 DAGs
[2023-09-07T15:59:30.432+0000] {logging_mixin.py:151} INFO - [2023-09-07T15:59:30.432+0000] {dag.py:3677} INFO - Setting next_dagrun for example_params_ui_tutorial to None, run_after=None
[2023-09-07T15:59:30.443+0000] {processor.py:179} INFO - Processing /home/airflow/.local/lib/python3.8/site-packages/airflow/example_dags/example_params_ui_tutorial.py took 0.090 seconds
[2023-09-07T16:00:01.417+0000] {processor.py:157} INFO - Started process (PID=1021) to work on /home/airflow/.local/lib/python3.8/site-packages/airflow/example_dags/example_params_ui_tutorial.py
[2023-09-07T16:00:01.419+0000] {processor.py:829} INFO - Processing file /home/airflow/.local/lib/python3.8/site-packages/airflow/example_dags/example_params_ui_tutorial.py for tasks to queue
[2023-09-07T16:00:01.421+0000] {logging_mixin.py:151} INFO - [2023-09-07T16:00:01.420+0000] {dagbag.py:539} INFO - Filling up the DagBag from /home/airflow/.local/lib/python3.8/site-packages/airflow/example_dags/example_params_ui_tutorial.py
[2023-09-07T16:00:01.449+0000] {processor.py:839} INFO - DAG(s) dict_keys(['example_params_ui_tutorial']) retrieved from /home/airflow/.local/lib/python3.8/site-packages/airflow/example_dags/example_params_ui_tutorial.py
[2023-09-07T16:00:01.487+0000] {logging_mixin.py:151} INFO - [2023-09-07T16:00:01.487+0000] {dag.py:2907} INFO - Sync 1 DAGs
[2023-09-07T16:00:01.497+0000] {logging_mixin.py:151} INFO - [2023-09-07T16:00:01.497+0000] {dag.py:3677} INFO - Setting next_dagrun for example_params_ui_tutorial to None, run_after=None
[2023-09-07T16:00:01.510+0000] {processor.py:179} INFO - Processing /home/airflow/.local/lib/python3.8/site-packages/airflow/example_dags/example_params_ui_tutorial.py took 0.100 seconds
[2023-09-07T16:00:35.172+0000] {processor.py:157} INFO - Started process (PID=1258) to work on /home/airflow/.local/lib/python3.8/site-packages/airflow/example_dags/example_params_ui_tutorial.py
[2023-09-07T16:00:35.193+0000] {processor.py:829} INFO - Processing file /home/airflow/.local/lib/python3.8/site-packages/airflow/example_dags/example_params_ui_tutorial.py for tasks to queue
[2023-09-07T16:00:35.218+0000] {logging_mixin.py:151} INFO - [2023-09-07T16:00:35.198+0000] {dagbag.py:539} INFO - Filling up the DagBag from /home/airflow/.local/lib/python3.8/site-packages/airflow/example_dags/example_params_ui_tutorial.py
[2023-09-07T16:00:35.422+0000] {processor.py:839} INFO - DAG(s) dict_keys(['example_params_ui_tutorial']) retrieved from /home/airflow/.local/lib/python3.8/site-packages/airflow/example_dags/example_params_ui_tutorial.py
[2023-09-07T16:00:35.794+0000] {logging_mixin.py:151} INFO - [2023-09-07T16:00:35.775+0000] {dag.py:2907} INFO - Sync 1 DAGs
[2023-09-07T16:00:35.936+0000] {logging_mixin.py:151} INFO - [2023-09-07T16:00:35.935+0000] {dag.py:3677} INFO - Setting next_dagrun for example_params_ui_tutorial to None, run_after=None
[2023-09-07T16:00:35.995+0000] {processor.py:179} INFO - Processing /home/airflow/.local/lib/python3.8/site-packages/airflow/example_dags/example_params_ui_tutorial.py took 0.885 seconds
[2023-09-07T16:01:06.553+0000] {processor.py:157} INFO - Started process (PID=1522) to work on /home/airflow/.local/lib/python3.8/site-packages/airflow/example_dags/example_params_ui_tutorial.py
[2023-09-07T16:01:06.555+0000] {processor.py:829} INFO - Processing file /home/airflow/.local/lib/python3.8/site-packages/airflow/example_dags/example_params_ui_tutorial.py for tasks to queue
[2023-09-07T16:01:06.556+0000] {logging_mixin.py:151} INFO - [2023-09-07T16:01:06.556+0000] {dagbag.py:539} INFO - Filling up the DagBag from /home/airflow/.local/lib/python3.8/site-packages/airflow/example_dags/example_params_ui_tutorial.py
[2023-09-07T16:01:06.590+0000] {processor.py:839} INFO - DAG(s) dict_keys(['example_params_ui_tutorial']) retrieved from /home/airflow/.local/lib/python3.8/site-packages/airflow/example_dags/example_params_ui_tutorial.py
[2023-09-07T16:01:06.641+0000] {logging_mixin.py:151} INFO - [2023-09-07T16:01:06.641+0000] {dag.py:2907} INFO - Sync 1 DAGs
[2023-09-07T16:01:06.653+0000] {logging_mixin.py:151} INFO - [2023-09-07T16:01:06.653+0000] {dag.py:3677} INFO - Setting next_dagrun for example_params_ui_tutorial to None, run_after=None
[2023-09-07T16:01:06.666+0000] {processor.py:179} INFO - Processing /home/airflow/.local/lib/python3.8/site-packages/airflow/example_dags/example_params_ui_tutorial.py took 0.119 seconds
[2023-09-07T16:01:36.780+0000] {processor.py:157} INFO - Started process (PID=1765) to work on /home/airflow/.local/lib/python3.8/site-packages/airflow/example_dags/example_params_ui_tutorial.py
[2023-09-07T16:01:36.783+0000] {processor.py:829} INFO - Processing file /home/airflow/.local/lib/python3.8/site-packages/airflow/example_dags/example_params_ui_tutorial.py for tasks to queue
[2023-09-07T16:01:36.784+0000] {logging_mixin.py:151} INFO - [2023-09-07T16:01:36.784+0000] {dagbag.py:539} INFO - Filling up the DagBag from /home/airflow/.local/lib/python3.8/site-packages/airflow/example_dags/example_params_ui_tutorial.py
[2023-09-07T16:01:36.814+0000] {processor.py:839} INFO - DAG(s) dict_keys(['example_params_ui_tutorial']) retrieved from /home/airflow/.local/lib/python3.8/site-packages/airflow/example_dags/example_params_ui_tutorial.py
[2023-09-07T16:01:36.851+0000] {logging_mixin.py:151} INFO - [2023-09-07T16:01:36.851+0000] {dag.py:2907} INFO - Sync 1 DAGs
[2023-09-07T16:01:36.863+0000] {logging_mixin.py:151} INFO - [2023-09-07T16:01:36.863+0000] {dag.py:3677} INFO - Setting next_dagrun for example_params_ui_tutorial to None, run_after=None
[2023-09-07T16:01:36.874+0000] {processor.py:179} INFO - Processing /home/airflow/.local/lib/python3.8/site-packages/airflow/example_dags/example_params_ui_tutorial.py took 0.098 seconds
[2023-09-07T16:02:06.914+0000] {processor.py:157} INFO - Started process (PID=2001) to work on /home/airflow/.local/lib/python3.8/site-packages/airflow/example_dags/example_params_ui_tutorial.py
[2023-09-07T16:02:06.916+0000] {processor.py:829} INFO - Processing file /home/airflow/.local/lib/python3.8/site-packages/airflow/example_dags/example_params_ui_tutorial.py for tasks to queue
[2023-09-07T16:02:06.918+0000] {logging_mixin.py:151} INFO - [2023-09-07T16:02:06.917+0000] {dagbag.py:539} INFO - Filling up the DagBag from /home/airflow/.local/lib/python3.8/site-packages/airflow/example_dags/example_params_ui_tutorial.py
[2023-09-07T16:02:06.951+0000] {processor.py:839} INFO - DAG(s) dict_keys(['example_params_ui_tutorial']) retrieved from /home/airflow/.local/lib/python3.8/site-packages/airflow/example_dags/example_params_ui_tutorial.py
[2023-09-07T16:02:07.028+0000] {logging_mixin.py:151} INFO - [2023-09-07T16:02:07.028+0000] {dag.py:2907} INFO - Sync 1 DAGs
[2023-09-07T16:02:07.043+0000] {logging_mixin.py:151} INFO - [2023-09-07T16:02:07.043+0000] {dag.py:3677} INFO - Setting next_dagrun for example_params_ui_tutorial to None, run_after=None
[2023-09-07T16:02:07.067+0000] {processor.py:179} INFO - Processing /home/airflow/.local/lib/python3.8/site-packages/airflow/example_dags/example_params_ui_tutorial.py took 0.158 seconds
[2023-09-07T16:02:38.058+0000] {processor.py:157} INFO - Started process (PID=2234) to work on /home/airflow/.local/lib/python3.8/site-packages/airflow/example_dags/example_params_ui_tutorial.py
[2023-09-07T16:02:38.063+0000] {processor.py:829} INFO - Processing file /home/airflow/.local/lib/python3.8/site-packages/airflow/example_dags/example_params_ui_tutorial.py for tasks to queue
[2023-09-07T16:02:38.065+0000] {logging_mixin.py:151} INFO - [2023-09-07T16:02:38.064+0000] {dagbag.py:539} INFO - Filling up the DagBag from /home/airflow/.local/lib/python3.8/site-packages/airflow/example_dags/example_params_ui_tutorial.py
[2023-09-07T16:02:38.093+0000] {processor.py:839} INFO - DAG(s) dict_keys(['example_params_ui_tutorial']) retrieved from /home/airflow/.local/lib/python3.8/site-packages/airflow/example_dags/example_params_ui_tutorial.py
[2023-09-07T16:02:38.143+0000] {logging_mixin.py:151} INFO - [2023-09-07T16:02:38.143+0000] {dag.py:2907} INFO - Sync 1 DAGs
[2023-09-07T16:02:38.153+0000] {logging_mixin.py:151} INFO - [2023-09-07T16:02:38.153+0000] {dag.py:3677} INFO - Setting next_dagrun for example_params_ui_tutorial to None, run_after=None
[2023-09-07T16:02:38.165+0000] {processor.py:179} INFO - Processing /home/airflow/.local/lib/python3.8/site-packages/airflow/example_dags/example_params_ui_tutorial.py took 0.112 seconds
[2023-09-07T16:03:08.610+0000] {processor.py:157} INFO - Started process (PID=2474) to work on /home/airflow/.local/lib/python3.8/site-packages/airflow/example_dags/example_params_ui_tutorial.py
[2023-09-07T16:03:08.612+0000] {processor.py:829} INFO - Processing file /home/airflow/.local/lib/python3.8/site-packages/airflow/example_dags/example_params_ui_tutorial.py for tasks to queue
[2023-09-07T16:03:08.613+0000] {logging_mixin.py:151} INFO - [2023-09-07T16:03:08.612+0000] {dagbag.py:539} INFO - Filling up the DagBag from /home/airflow/.local/lib/python3.8/site-packages/airflow/example_dags/example_params_ui_tutorial.py
[2023-09-07T16:03:08.641+0000] {processor.py:839} INFO - DAG(s) dict_keys(['example_params_ui_tutorial']) retrieved from /home/airflow/.local/lib/python3.8/site-packages/airflow/example_dags/example_params_ui_tutorial.py
[2023-09-07T16:03:08.673+0000] {logging_mixin.py:151} INFO - [2023-09-07T16:03:08.672+0000] {dag.py:2907} INFO - Sync 1 DAGs
[2023-09-07T16:03:08.681+0000] {logging_mixin.py:151} INFO - [2023-09-07T16:03:08.681+0000] {dag.py:3677} INFO - Setting next_dagrun for example_params_ui_tutorial to None, run_after=None
[2023-09-07T16:03:08.692+0000] {processor.py:179} INFO - Processing /home/airflow/.local/lib/python3.8/site-packages/airflow/example_dags/example_params_ui_tutorial.py took 0.086 seconds
[2023-09-07T16:03:39.329+0000] {processor.py:157} INFO - Started process (PID=2710) to work on /home/airflow/.local/lib/python3.8/site-packages/airflow/example_dags/example_params_ui_tutorial.py
[2023-09-07T16:03:39.331+0000] {processor.py:829} INFO - Processing file /home/airflow/.local/lib/python3.8/site-packages/airflow/example_dags/example_params_ui_tutorial.py for tasks to queue
[2023-09-07T16:03:39.332+0000] {logging_mixin.py:151} INFO - [2023-09-07T16:03:39.332+0000] {dagbag.py:539} INFO - Filling up the DagBag from /home/airflow/.local/lib/python3.8/site-packages/airflow/example_dags/example_params_ui_tutorial.py
[2023-09-07T16:03:39.360+0000] {processor.py:839} INFO - DAG(s) dict_keys(['example_params_ui_tutorial']) retrieved from /home/airflow/.local/lib/python3.8/site-packages/airflow/example_dags/example_params_ui_tutorial.py
[2023-09-07T16:03:39.416+0000] {logging_mixin.py:151} INFO - [2023-09-07T16:03:39.415+0000] {dag.py:2907} INFO - Sync 1 DAGs
[2023-09-07T16:03:39.427+0000] {logging_mixin.py:151} INFO - [2023-09-07T16:03:39.426+0000] {dag.py:3677} INFO - Setting next_dagrun for example_params_ui_tutorial to None, run_after=None
[2023-09-07T16:03:39.440+0000] {processor.py:179} INFO - Processing /home/airflow/.local/lib/python3.8/site-packages/airflow/example_dags/example_params_ui_tutorial.py took 0.114 seconds
[2023-09-07T16:04:10.289+0000] {processor.py:157} INFO - Started process (PID=2948) to work on /home/airflow/.local/lib/python3.8/site-packages/airflow/example_dags/example_params_ui_tutorial.py
[2023-09-07T16:04:10.291+0000] {processor.py:829} INFO - Processing file /home/airflow/.local/lib/python3.8/site-packages/airflow/example_dags/example_params_ui_tutorial.py for tasks to queue
[2023-09-07T16:04:10.293+0000] {logging_mixin.py:151} INFO - [2023-09-07T16:04:10.293+0000] {dagbag.py:539} INFO - Filling up the DagBag from /home/airflow/.local/lib/python3.8/site-packages/airflow/example_dags/example_params_ui_tutorial.py
[2023-09-07T16:04:10.319+0000] {processor.py:839} INFO - DAG(s) dict_keys(['example_params_ui_tutorial']) retrieved from /home/airflow/.local/lib/python3.8/site-packages/airflow/example_dags/example_params_ui_tutorial.py
[2023-09-07T16:04:10.360+0000] {logging_mixin.py:151} INFO - [2023-09-07T16:04:10.360+0000] {dag.py:2907} INFO - Sync 1 DAGs
[2023-09-07T16:04:10.370+0000] {logging_mixin.py:151} INFO - [2023-09-07T16:04:10.370+0000] {dag.py:3677} INFO - Setting next_dagrun for example_params_ui_tutorial to None, run_after=None
[2023-09-07T16:04:10.382+0000] {processor.py:179} INFO - Processing /home/airflow/.local/lib/python3.8/site-packages/airflow/example_dags/example_params_ui_tutorial.py took 0.099 seconds
[2023-09-07T16:04:40.558+0000] {processor.py:157} INFO - Started process (PID=3186) to work on /home/airflow/.local/lib/python3.8/site-packages/airflow/example_dags/example_params_ui_tutorial.py
[2023-09-07T16:04:40.560+0000] {processor.py:829} INFO - Processing file /home/airflow/.local/lib/python3.8/site-packages/airflow/example_dags/example_params_ui_tutorial.py for tasks to queue
[2023-09-07T16:04:40.561+0000] {logging_mixin.py:151} INFO - [2023-09-07T16:04:40.561+0000] {dagbag.py:539} INFO - Filling up the DagBag from /home/airflow/.local/lib/python3.8/site-packages/airflow/example_dags/example_params_ui_tutorial.py
[2023-09-07T16:04:40.618+0000] {processor.py:839} INFO - DAG(s) dict_keys(['example_params_ui_tutorial']) retrieved from /home/airflow/.local/lib/python3.8/site-packages/airflow/example_dags/example_params_ui_tutorial.py
[2023-09-07T16:04:40.662+0000] {logging_mixin.py:151} INFO - [2023-09-07T16:04:40.662+0000] {dag.py:2907} INFO - Sync 1 DAGs
[2023-09-07T16:04:40.675+0000] {logging_mixin.py:151} INFO - [2023-09-07T16:04:40.675+0000] {dag.py:3677} INFO - Setting next_dagrun for example_params_ui_tutorial to None, run_after=None
[2023-09-07T16:04:40.701+0000] {processor.py:179} INFO - Processing /home/airflow/.local/lib/python3.8/site-packages/airflow/example_dags/example_params_ui_tutorial.py took 0.146 seconds
[2023-09-07T16:05:10.765+0000] {processor.py:157} INFO - Started process (PID=3421) to work on /home/airflow/.local/lib/python3.8/site-packages/airflow/example_dags/example_params_ui_tutorial.py
[2023-09-07T16:05:10.767+0000] {processor.py:829} INFO - Processing file /home/airflow/.local/lib/python3.8/site-packages/airflow/example_dags/example_params_ui_tutorial.py for tasks to queue
[2023-09-07T16:05:10.768+0000] {logging_mixin.py:151} INFO - [2023-09-07T16:05:10.767+0000] {dagbag.py:539} INFO - Filling up the DagBag from /home/airflow/.local/lib/python3.8/site-packages/airflow/example_dags/example_params_ui_tutorial.py
[2023-09-07T16:05:10.792+0000] {processor.py:839} INFO - DAG(s) dict_keys(['example_params_ui_tutorial']) retrieved from /home/airflow/.local/lib/python3.8/site-packages/airflow/example_dags/example_params_ui_tutorial.py
[2023-09-07T16:05:10.821+0000] {logging_mixin.py:151} INFO - [2023-09-07T16:05:10.821+0000] {dag.py:2907} INFO - Sync 1 DAGs
[2023-09-07T16:05:10.837+0000] {logging_mixin.py:151} INFO - [2023-09-07T16:05:10.837+0000] {dag.py:3677} INFO - Setting next_dagrun for example_params_ui_tutorial to None, run_after=None
[2023-09-07T16:05:10.856+0000] {processor.py:179} INFO - Processing /home/airflow/.local/lib/python3.8/site-packages/airflow/example_dags/example_params_ui_tutorial.py took 0.094 seconds
[2023-09-07T16:05:41.263+0000] {processor.py:157} INFO - Started process (PID=3660) to work on /home/airflow/.local/lib/python3.8/site-packages/airflow/example_dags/example_params_ui_tutorial.py
[2023-09-07T16:05:41.264+0000] {processor.py:829} INFO - Processing file /home/airflow/.local/lib/python3.8/site-packages/airflow/example_dags/example_params_ui_tutorial.py for tasks to queue
[2023-09-07T16:05:41.266+0000] {logging_mixin.py:151} INFO - [2023-09-07T16:05:41.265+0000] {dagbag.py:539} INFO - Filling up the DagBag from /home/airflow/.local/lib/python3.8/site-packages/airflow/example_dags/example_params_ui_tutorial.py
[2023-09-07T16:05:41.293+0000] {processor.py:839} INFO - DAG(s) dict_keys(['example_params_ui_tutorial']) retrieved from /home/airflow/.local/lib/python3.8/site-packages/airflow/example_dags/example_params_ui_tutorial.py
[2023-09-07T16:05:41.323+0000] {logging_mixin.py:151} INFO - [2023-09-07T16:05:41.323+0000] {dag.py:2907} INFO - Sync 1 DAGs
[2023-09-07T16:05:41.331+0000] {logging_mixin.py:151} INFO - [2023-09-07T16:05:41.331+0000] {dag.py:3677} INFO - Setting next_dagrun for example_params_ui_tutorial to None, run_after=None
[2023-09-07T16:05:41.347+0000] {processor.py:179} INFO - Processing /home/airflow/.local/lib/python3.8/site-packages/airflow/example_dags/example_params_ui_tutorial.py took 0.087 seconds
[2023-09-07T16:06:11.602+0000] {processor.py:157} INFO - Started process (PID=3898) to work on /home/airflow/.local/lib/python3.8/site-packages/airflow/example_dags/example_params_ui_tutorial.py
[2023-09-07T16:06:11.603+0000] {processor.py:829} INFO - Processing file /home/airflow/.local/lib/python3.8/site-packages/airflow/example_dags/example_params_ui_tutorial.py for tasks to queue
[2023-09-07T16:06:11.604+0000] {logging_mixin.py:151} INFO - [2023-09-07T16:06:11.604+0000] {dagbag.py:539} INFO - Filling up the DagBag from /home/airflow/.local/lib/python3.8/site-packages/airflow/example_dags/example_params_ui_tutorial.py
[2023-09-07T16:06:11.644+0000] {processor.py:839} INFO - DAG(s) dict_keys(['example_params_ui_tutorial']) retrieved from /home/airflow/.local/lib/python3.8/site-packages/airflow/example_dags/example_params_ui_tutorial.py
[2023-09-07T16:06:11.690+0000] {logging_mixin.py:151} INFO - [2023-09-07T16:06:11.689+0000] {dag.py:2907} INFO - Sync 1 DAGs
[2023-09-07T16:06:11.701+0000] {logging_mixin.py:151} INFO - [2023-09-07T16:06:11.701+0000] {dag.py:3677} INFO - Setting next_dagrun for example_params_ui_tutorial to None, run_after=None
[2023-09-07T16:06:11.714+0000] {processor.py:179} INFO - Processing /home/airflow/.local/lib/python3.8/site-packages/airflow/example_dags/example_params_ui_tutorial.py took 0.116 seconds
[2023-09-07T16:06:42.690+0000] {processor.py:157} INFO - Started process (PID=4139) to work on /home/airflow/.local/lib/python3.8/site-packages/airflow/example_dags/example_params_ui_tutorial.py
[2023-09-07T16:06:42.692+0000] {processor.py:829} INFO - Processing file /home/airflow/.local/lib/python3.8/site-packages/airflow/example_dags/example_params_ui_tutorial.py for tasks to queue
[2023-09-07T16:06:42.695+0000] {logging_mixin.py:151} INFO - [2023-09-07T16:06:42.694+0000] {dagbag.py:539} INFO - Filling up the DagBag from /home/airflow/.local/lib/python3.8/site-packages/airflow/example_dags/example_params_ui_tutorial.py
[2023-09-07T16:06:42.738+0000] {processor.py:839} INFO - DAG(s) dict_keys(['example_params_ui_tutorial']) retrieved from /home/airflow/.local/lib/python3.8/site-packages/airflow/example_dags/example_params_ui_tutorial.py
[2023-09-07T16:06:42.805+0000] {logging_mixin.py:151} INFO - [2023-09-07T16:06:42.805+0000] {dag.py:2907} INFO - Sync 1 DAGs
[2023-09-07T16:06:42.818+0000] {logging_mixin.py:151} INFO - [2023-09-07T16:06:42.817+0000] {dag.py:3677} INFO - Setting next_dagrun for example_params_ui_tutorial to None, run_after=None
[2023-09-07T16:06:42.834+0000] {processor.py:179} INFO - Processing /home/airflow/.local/lib/python3.8/site-packages/airflow/example_dags/example_params_ui_tutorial.py took 0.148 seconds
[2023-09-07T16:07:13.645+0000] {processor.py:157} INFO - Started process (PID=4379) to work on /home/airflow/.local/lib/python3.8/site-packages/airflow/example_dags/example_params_ui_tutorial.py
[2023-09-07T16:07:13.647+0000] {processor.py:829} INFO - Processing file /home/airflow/.local/lib/python3.8/site-packages/airflow/example_dags/example_params_ui_tutorial.py for tasks to queue
[2023-09-07T16:07:13.648+0000] {logging_mixin.py:151} INFO - [2023-09-07T16:07:13.647+0000] {dagbag.py:539} INFO - Filling up the DagBag from /home/airflow/.local/lib/python3.8/site-packages/airflow/example_dags/example_params_ui_tutorial.py
[2023-09-07T16:07:13.679+0000] {processor.py:839} INFO - DAG(s) dict_keys(['example_params_ui_tutorial']) retrieved from /home/airflow/.local/lib/python3.8/site-packages/airflow/example_dags/example_params_ui_tutorial.py
[2023-09-07T16:07:13.713+0000] {logging_mixin.py:151} INFO - [2023-09-07T16:07:13.713+0000] {dag.py:2907} INFO - Sync 1 DAGs
[2023-09-07T16:07:13.721+0000] {logging_mixin.py:151} INFO - [2023-09-07T16:07:13.721+0000] {dag.py:3677} INFO - Setting next_dagrun for example_params_ui_tutorial to None, run_after=None
[2023-09-07T16:07:13.731+0000] {processor.py:179} INFO - Processing /home/airflow/.local/lib/python3.8/site-packages/airflow/example_dags/example_params_ui_tutorial.py took 0.090 seconds
[2023-09-07T16:07:44.316+0000] {processor.py:157} INFO - Started process (PID=4615) to work on /home/airflow/.local/lib/python3.8/site-packages/airflow/example_dags/example_params_ui_tutorial.py
[2023-09-07T16:07:44.319+0000] {processor.py:829} INFO - Processing file /home/airflow/.local/lib/python3.8/site-packages/airflow/example_dags/example_params_ui_tutorial.py for tasks to queue
[2023-09-07T16:07:44.321+0000] {logging_mixin.py:151} INFO - [2023-09-07T16:07:44.320+0000] {dagbag.py:539} INFO - Filling up the DagBag from /home/airflow/.local/lib/python3.8/site-packages/airflow/example_dags/example_params_ui_tutorial.py
[2023-09-07T16:07:44.370+0000] {processor.py:839} INFO - DAG(s) dict_keys(['example_params_ui_tutorial']) retrieved from /home/airflow/.local/lib/python3.8/site-packages/airflow/example_dags/example_params_ui_tutorial.py
[2023-09-07T16:07:44.438+0000] {logging_mixin.py:151} INFO - [2023-09-07T16:07:44.438+0000] {dag.py:2907} INFO - Sync 1 DAGs
[2023-09-07T16:07:44.449+0000] {logging_mixin.py:151} INFO - [2023-09-07T16:07:44.449+0000] {dag.py:3677} INFO - Setting next_dagrun for example_params_ui_tutorial to None, run_after=None
[2023-09-07T16:07:44.465+0000] {processor.py:179} INFO - Processing /home/airflow/.local/lib/python3.8/site-packages/airflow/example_dags/example_params_ui_tutorial.py took 0.154 seconds
[2023-09-07T16:08:15.727+0000] {processor.py:157} INFO - Started process (PID=4853) to work on /home/airflow/.local/lib/python3.8/site-packages/airflow/example_dags/example_params_ui_tutorial.py
[2023-09-07T16:08:15.729+0000] {processor.py:829} INFO - Processing file /home/airflow/.local/lib/python3.8/site-packages/airflow/example_dags/example_params_ui_tutorial.py for tasks to queue
[2023-09-07T16:08:15.730+0000] {logging_mixin.py:151} INFO - [2023-09-07T16:08:15.730+0000] {dagbag.py:539} INFO - Filling up the DagBag from /home/airflow/.local/lib/python3.8/site-packages/airflow/example_dags/example_params_ui_tutorial.py
[2023-09-07T16:08:15.867+0000] {processor.py:839} INFO - DAG(s) dict_keys(['example_params_ui_tutorial']) retrieved from /home/airflow/.local/lib/python3.8/site-packages/airflow/example_dags/example_params_ui_tutorial.py
[2023-09-07T16:08:15.940+0000] {logging_mixin.py:151} INFO - [2023-09-07T16:08:15.939+0000] {dag.py:2907} INFO - Sync 1 DAGs
[2023-09-07T16:08:15.973+0000] {logging_mixin.py:151} INFO - [2023-09-07T16:08:15.972+0000] {dag.py:3677} INFO - Setting next_dagrun for example_params_ui_tutorial to None, run_after=None
[2023-09-07T16:08:15.990+0000] {processor.py:179} INFO - Processing /home/airflow/.local/lib/python3.8/site-packages/airflow/example_dags/example_params_ui_tutorial.py took 0.266 seconds
[2023-09-07T16:08:46.778+0000] {processor.py:157} INFO - Started process (PID=5091) to work on /home/airflow/.local/lib/python3.8/site-packages/airflow/example_dags/example_params_ui_tutorial.py
[2023-09-07T16:08:46.790+0000] {processor.py:829} INFO - Processing file /home/airflow/.local/lib/python3.8/site-packages/airflow/example_dags/example_params_ui_tutorial.py for tasks to queue
[2023-09-07T16:08:46.794+0000] {logging_mixin.py:151} INFO - [2023-09-07T16:08:46.793+0000] {dagbag.py:539} INFO - Filling up the DagBag from /home/airflow/.local/lib/python3.8/site-packages/airflow/example_dags/example_params_ui_tutorial.py
[2023-09-07T16:08:46.874+0000] {processor.py:839} INFO - DAG(s) dict_keys(['example_params_ui_tutorial']) retrieved from /home/airflow/.local/lib/python3.8/site-packages/airflow/example_dags/example_params_ui_tutorial.py
[2023-09-07T16:08:46.949+0000] {logging_mixin.py:151} INFO - [2023-09-07T16:08:46.948+0000] {dag.py:2907} INFO - Sync 1 DAGs
[2023-09-07T16:08:46.966+0000] {logging_mixin.py:151} INFO - [2023-09-07T16:08:46.966+0000] {dag.py:3677} INFO - Setting next_dagrun for example_params_ui_tutorial to None, run_after=None
[2023-09-07T16:08:46.997+0000] {processor.py:179} INFO - Processing /home/airflow/.local/lib/python3.8/site-packages/airflow/example_dags/example_params_ui_tutorial.py took 0.225 seconds
[2023-09-07T16:09:17.400+0000] {processor.py:157} INFO - Started process (PID=5326) to work on /home/airflow/.local/lib/python3.8/site-packages/airflow/example_dags/example_params_ui_tutorial.py
[2023-09-07T16:09:17.405+0000] {processor.py:829} INFO - Processing file /home/airflow/.local/lib/python3.8/site-packages/airflow/example_dags/example_params_ui_tutorial.py for tasks to queue
[2023-09-07T16:09:17.408+0000] {logging_mixin.py:151} INFO - [2023-09-07T16:09:17.408+0000] {dagbag.py:539} INFO - Filling up the DagBag from /home/airflow/.local/lib/python3.8/site-packages/airflow/example_dags/example_params_ui_tutorial.py
[2023-09-07T16:09:17.518+0000] {processor.py:839} INFO - DAG(s) dict_keys(['example_params_ui_tutorial']) retrieved from /home/airflow/.local/lib/python3.8/site-packages/airflow/example_dags/example_params_ui_tutorial.py
[2023-09-07T16:09:17.874+0000] {logging_mixin.py:151} INFO - [2023-09-07T16:09:17.870+0000] {dag.py:2907} INFO - Sync 1 DAGs
[2023-09-07T16:09:17.899+0000] {logging_mixin.py:151} INFO - [2023-09-07T16:09:17.899+0000] {dag.py:3677} INFO - Setting next_dagrun for example_params_ui_tutorial to None, run_after=None
[2023-09-07T16:09:18.076+0000] {processor.py:179} INFO - Processing /home/airflow/.local/lib/python3.8/site-packages/airflow/example_dags/example_params_ui_tutorial.py took 0.705 seconds
[2023-09-07T16:09:48.409+0000] {processor.py:157} INFO - Started process (PID=5571) to work on /home/airflow/.local/lib/python3.8/site-packages/airflow/example_dags/example_params_ui_tutorial.py
[2023-09-07T16:09:48.411+0000] {processor.py:829} INFO - Processing file /home/airflow/.local/lib/python3.8/site-packages/airflow/example_dags/example_params_ui_tutorial.py for tasks to queue
[2023-09-07T16:09:48.414+0000] {logging_mixin.py:151} INFO - [2023-09-07T16:09:48.413+0000] {dagbag.py:539} INFO - Filling up the DagBag from /home/airflow/.local/lib/python3.8/site-packages/airflow/example_dags/example_params_ui_tutorial.py
[2023-09-07T16:09:48.476+0000] {processor.py:839} INFO - DAG(s) dict_keys(['example_params_ui_tutorial']) retrieved from /home/airflow/.local/lib/python3.8/site-packages/airflow/example_dags/example_params_ui_tutorial.py
[2023-09-07T16:09:48.530+0000] {logging_mixin.py:151} INFO - [2023-09-07T16:09:48.530+0000] {dag.py:2907} INFO - Sync 1 DAGs
[2023-09-07T16:09:48.544+0000] {logging_mixin.py:151} INFO - [2023-09-07T16:09:48.544+0000] {dag.py:3677} INFO - Setting next_dagrun for example_params_ui_tutorial to None, run_after=None
[2023-09-07T16:09:48.558+0000] {processor.py:179} INFO - Processing /home/airflow/.local/lib/python3.8/site-packages/airflow/example_dags/example_params_ui_tutorial.py took 0.154 seconds
[2023-09-07T16:10:19.316+0000] {processor.py:157} INFO - Started process (PID=5811) to work on /home/airflow/.local/lib/python3.8/site-packages/airflow/example_dags/example_params_ui_tutorial.py
[2023-09-07T16:10:19.318+0000] {processor.py:829} INFO - Processing file /home/airflow/.local/lib/python3.8/site-packages/airflow/example_dags/example_params_ui_tutorial.py for tasks to queue
[2023-09-07T16:10:19.319+0000] {logging_mixin.py:151} INFO - [2023-09-07T16:10:19.318+0000] {dagbag.py:539} INFO - Filling up the DagBag from /home/airflow/.local/lib/python3.8/site-packages/airflow/example_dags/example_params_ui_tutorial.py
[2023-09-07T16:10:19.350+0000] {processor.py:839} INFO - DAG(s) dict_keys(['example_params_ui_tutorial']) retrieved from /home/airflow/.local/lib/python3.8/site-packages/airflow/example_dags/example_params_ui_tutorial.py
[2023-09-07T16:10:19.398+0000] {logging_mixin.py:151} INFO - [2023-09-07T16:10:19.398+0000] {dag.py:2907} INFO - Sync 1 DAGs
[2023-09-07T16:10:19.410+0000] {logging_mixin.py:151} INFO - [2023-09-07T16:10:19.410+0000] {dag.py:3677} INFO - Setting next_dagrun for example_params_ui_tutorial to None, run_after=None
[2023-09-07T16:10:19.425+0000] {processor.py:179} INFO - Processing /home/airflow/.local/lib/python3.8/site-packages/airflow/example_dags/example_params_ui_tutorial.py took 0.114 seconds
[2023-09-07T16:10:49.860+0000] {processor.py:157} INFO - Started process (PID=6049) to work on /home/airflow/.local/lib/python3.8/site-packages/airflow/example_dags/example_params_ui_tutorial.py
[2023-09-07T16:10:49.864+0000] {processor.py:829} INFO - Processing file /home/airflow/.local/lib/python3.8/site-packages/airflow/example_dags/example_params_ui_tutorial.py for tasks to queue
[2023-09-07T16:10:49.868+0000] {logging_mixin.py:151} INFO - [2023-09-07T16:10:49.867+0000] {dagbag.py:539} INFO - Filling up the DagBag from /home/airflow/.local/lib/python3.8/site-packages/airflow/example_dags/example_params_ui_tutorial.py
[2023-09-07T16:10:49.927+0000] {processor.py:839} INFO - DAG(s) dict_keys(['example_params_ui_tutorial']) retrieved from /home/airflow/.local/lib/python3.8/site-packages/airflow/example_dags/example_params_ui_tutorial.py
[2023-09-07T16:10:49.980+0000] {logging_mixin.py:151} INFO - [2023-09-07T16:10:49.979+0000] {dag.py:2907} INFO - Sync 1 DAGs
[2023-09-07T16:10:49.993+0000] {logging_mixin.py:151} INFO - [2023-09-07T16:10:49.993+0000] {dag.py:3677} INFO - Setting next_dagrun for example_params_ui_tutorial to None, run_after=None
[2023-09-07T16:10:50.010+0000] {processor.py:179} INFO - Processing /home/airflow/.local/lib/python3.8/site-packages/airflow/example_dags/example_params_ui_tutorial.py took 0.160 seconds
[2023-09-07T16:11:20.275+0000] {processor.py:157} INFO - Started process (PID=6284) to work on /home/airflow/.local/lib/python3.8/site-packages/airflow/example_dags/example_params_ui_tutorial.py
[2023-09-07T16:11:20.278+0000] {processor.py:829} INFO - Processing file /home/airflow/.local/lib/python3.8/site-packages/airflow/example_dags/example_params_ui_tutorial.py for tasks to queue
[2023-09-07T16:11:20.281+0000] {logging_mixin.py:151} INFO - [2023-09-07T16:11:20.280+0000] {dagbag.py:539} INFO - Filling up the DagBag from /home/airflow/.local/lib/python3.8/site-packages/airflow/example_dags/example_params_ui_tutorial.py
[2023-09-07T16:11:20.344+0000] {processor.py:839} INFO - DAG(s) dict_keys(['example_params_ui_tutorial']) retrieved from /home/airflow/.local/lib/python3.8/site-packages/airflow/example_dags/example_params_ui_tutorial.py
[2023-09-07T16:11:20.401+0000] {logging_mixin.py:151} INFO - [2023-09-07T16:11:20.401+0000] {dag.py:2907} INFO - Sync 1 DAGs
[2023-09-07T16:11:20.430+0000] {logging_mixin.py:151} INFO - [2023-09-07T16:11:20.430+0000] {dag.py:3677} INFO - Setting next_dagrun for example_params_ui_tutorial to None, run_after=None
[2023-09-07T16:11:20.447+0000] {processor.py:179} INFO - Processing /home/airflow/.local/lib/python3.8/site-packages/airflow/example_dags/example_params_ui_tutorial.py took 0.197 seconds
[2023-09-07T16:11:51.153+0000] {processor.py:157} INFO - Started process (PID=6525) to work on /home/airflow/.local/lib/python3.8/site-packages/airflow/example_dags/example_params_ui_tutorial.py
[2023-09-07T16:11:51.154+0000] {processor.py:829} INFO - Processing file /home/airflow/.local/lib/python3.8/site-packages/airflow/example_dags/example_params_ui_tutorial.py for tasks to queue
[2023-09-07T16:11:51.156+0000] {logging_mixin.py:151} INFO - [2023-09-07T16:11:51.156+0000] {dagbag.py:539} INFO - Filling up the DagBag from /home/airflow/.local/lib/python3.8/site-packages/airflow/example_dags/example_params_ui_tutorial.py
[2023-09-07T16:11:51.204+0000] {processor.py:839} INFO - DAG(s) dict_keys(['example_params_ui_tutorial']) retrieved from /home/airflow/.local/lib/python3.8/site-packages/airflow/example_dags/example_params_ui_tutorial.py
[2023-09-07T16:11:51.245+0000] {logging_mixin.py:151} INFO - [2023-09-07T16:11:51.245+0000] {dag.py:2907} INFO - Sync 1 DAGs
[2023-09-07T16:11:51.255+0000] {logging_mixin.py:151} INFO - [2023-09-07T16:11:51.255+0000] {dag.py:3677} INFO - Setting next_dagrun for example_params_ui_tutorial to None, run_after=None
[2023-09-07T16:11:51.269+0000] {processor.py:179} INFO - Processing /home/airflow/.local/lib/python3.8/site-packages/airflow/example_dags/example_params_ui_tutorial.py took 0.121 seconds
[2023-09-07T16:12:21.793+0000] {processor.py:157} INFO - Started process (PID=6764) to work on /home/airflow/.local/lib/python3.8/site-packages/airflow/example_dags/example_params_ui_tutorial.py
[2023-09-07T16:12:21.796+0000] {processor.py:829} INFO - Processing file /home/airflow/.local/lib/python3.8/site-packages/airflow/example_dags/example_params_ui_tutorial.py for tasks to queue
[2023-09-07T16:12:21.800+0000] {logging_mixin.py:151} INFO - [2023-09-07T16:12:21.798+0000] {dagbag.py:539} INFO - Filling up the DagBag from /home/airflow/.local/lib/python3.8/site-packages/airflow/example_dags/example_params_ui_tutorial.py
[2023-09-07T16:12:21.901+0000] {processor.py:839} INFO - DAG(s) dict_keys(['example_params_ui_tutorial']) retrieved from /home/airflow/.local/lib/python3.8/site-packages/airflow/example_dags/example_params_ui_tutorial.py
[2023-09-07T16:12:21.986+0000] {logging_mixin.py:151} INFO - [2023-09-07T16:12:21.986+0000] {dag.py:2907} INFO - Sync 1 DAGs
[2023-09-07T16:12:22.001+0000] {logging_mixin.py:151} INFO - [2023-09-07T16:12:22.001+0000] {dag.py:3677} INFO - Setting next_dagrun for example_params_ui_tutorial to None, run_after=None
[2023-09-07T16:12:22.018+0000] {processor.py:179} INFO - Processing /home/airflow/.local/lib/python3.8/site-packages/airflow/example_dags/example_params_ui_tutorial.py took 0.234 seconds
[2023-09-07T16:12:52.910+0000] {processor.py:157} INFO - Started process (PID=7003) to work on /home/airflow/.local/lib/python3.8/site-packages/airflow/example_dags/example_params_ui_tutorial.py
[2023-09-07T16:12:52.914+0000] {processor.py:829} INFO - Processing file /home/airflow/.local/lib/python3.8/site-packages/airflow/example_dags/example_params_ui_tutorial.py for tasks to queue
[2023-09-07T16:12:52.918+0000] {logging_mixin.py:151} INFO - [2023-09-07T16:12:52.917+0000] {dagbag.py:539} INFO - Filling up the DagBag from /home/airflow/.local/lib/python3.8/site-packages/airflow/example_dags/example_params_ui_tutorial.py
[2023-09-07T16:12:53.019+0000] {processor.py:839} INFO - DAG(s) dict_keys(['example_params_ui_tutorial']) retrieved from /home/airflow/.local/lib/python3.8/site-packages/airflow/example_dags/example_params_ui_tutorial.py
[2023-09-07T16:12:53.099+0000] {logging_mixin.py:151} INFO - [2023-09-07T16:12:53.099+0000] {dag.py:2907} INFO - Sync 1 DAGs
[2023-09-07T16:12:53.115+0000] {logging_mixin.py:151} INFO - [2023-09-07T16:12:53.115+0000] {dag.py:3677} INFO - Setting next_dagrun for example_params_ui_tutorial to None, run_after=None
[2023-09-07T16:12:53.148+0000] {processor.py:179} INFO - Processing /home/airflow/.local/lib/python3.8/site-packages/airflow/example_dags/example_params_ui_tutorial.py took 0.253 seconds
[2023-09-07T16:13:23.691+0000] {processor.py:157} INFO - Started process (PID=7241) to work on /home/airflow/.local/lib/python3.8/site-packages/airflow/example_dags/example_params_ui_tutorial.py
[2023-09-07T16:13:23.693+0000] {processor.py:829} INFO - Processing file /home/airflow/.local/lib/python3.8/site-packages/airflow/example_dags/example_params_ui_tutorial.py for tasks to queue
[2023-09-07T16:13:23.695+0000] {logging_mixin.py:151} INFO - [2023-09-07T16:13:23.695+0000] {dagbag.py:539} INFO - Filling up the DagBag from /home/airflow/.local/lib/python3.8/site-packages/airflow/example_dags/example_params_ui_tutorial.py
[2023-09-07T16:13:23.727+0000] {processor.py:839} INFO - DAG(s) dict_keys(['example_params_ui_tutorial']) retrieved from /home/airflow/.local/lib/python3.8/site-packages/airflow/example_dags/example_params_ui_tutorial.py
[2023-09-07T16:13:23.767+0000] {logging_mixin.py:151} INFO - [2023-09-07T16:13:23.767+0000] {dag.py:2907} INFO - Sync 1 DAGs
[2023-09-07T16:13:23.776+0000] {logging_mixin.py:151} INFO - [2023-09-07T16:13:23.776+0000] {dag.py:3677} INFO - Setting next_dagrun for example_params_ui_tutorial to None, run_after=None
[2023-09-07T16:13:23.793+0000] {processor.py:179} INFO - Processing /home/airflow/.local/lib/python3.8/site-packages/airflow/example_dags/example_params_ui_tutorial.py took 0.105 seconds
[2023-09-07T16:13:54.547+0000] {processor.py:157} INFO - Started process (PID=7479) to work on /home/airflow/.local/lib/python3.8/site-packages/airflow/example_dags/example_params_ui_tutorial.py
[2023-09-07T16:13:54.550+0000] {processor.py:829} INFO - Processing file /home/airflow/.local/lib/python3.8/site-packages/airflow/example_dags/example_params_ui_tutorial.py for tasks to queue
[2023-09-07T16:13:54.551+0000] {logging_mixin.py:151} INFO - [2023-09-07T16:13:54.551+0000] {dagbag.py:539} INFO - Filling up the DagBag from /home/airflow/.local/lib/python3.8/site-packages/airflow/example_dags/example_params_ui_tutorial.py
[2023-09-07T16:13:54.582+0000] {processor.py:839} INFO - DAG(s) dict_keys(['example_params_ui_tutorial']) retrieved from /home/airflow/.local/lib/python3.8/site-packages/airflow/example_dags/example_params_ui_tutorial.py
[2023-09-07T16:13:54.618+0000] {logging_mixin.py:151} INFO - [2023-09-07T16:13:54.618+0000] {dag.py:2907} INFO - Sync 1 DAGs
[2023-09-07T16:13:54.627+0000] {logging_mixin.py:151} INFO - [2023-09-07T16:13:54.627+0000] {dag.py:3677} INFO - Setting next_dagrun for example_params_ui_tutorial to None, run_after=None
[2023-09-07T16:13:54.641+0000] {processor.py:179} INFO - Processing /home/airflow/.local/lib/python3.8/site-packages/airflow/example_dags/example_params_ui_tutorial.py took 0.098 seconds
[2023-09-07T16:14:25.560+0000] {processor.py:157} INFO - Started process (PID=7718) to work on /home/airflow/.local/lib/python3.8/site-packages/airflow/example_dags/example_params_ui_tutorial.py
[2023-09-07T16:14:25.562+0000] {processor.py:829} INFO - Processing file /home/airflow/.local/lib/python3.8/site-packages/airflow/example_dags/example_params_ui_tutorial.py for tasks to queue
[2023-09-07T16:14:25.564+0000] {logging_mixin.py:151} INFO - [2023-09-07T16:14:25.563+0000] {dagbag.py:539} INFO - Filling up the DagBag from /home/airflow/.local/lib/python3.8/site-packages/airflow/example_dags/example_params_ui_tutorial.py
[2023-09-07T16:14:25.606+0000] {processor.py:839} INFO - DAG(s) dict_keys(['example_params_ui_tutorial']) retrieved from /home/airflow/.local/lib/python3.8/site-packages/airflow/example_dags/example_params_ui_tutorial.py
[2023-09-07T16:14:25.652+0000] {logging_mixin.py:151} INFO - [2023-09-07T16:14:25.652+0000] {dag.py:2907} INFO - Sync 1 DAGs
[2023-09-07T16:14:25.675+0000] {logging_mixin.py:151} INFO - [2023-09-07T16:14:25.675+0000] {dag.py:3677} INFO - Setting next_dagrun for example_params_ui_tutorial to None, run_after=None
[2023-09-07T16:14:25.700+0000] {processor.py:179} INFO - Processing /home/airflow/.local/lib/python3.8/site-packages/airflow/example_dags/example_params_ui_tutorial.py took 0.145 seconds
[2023-09-07T16:14:56.262+0000] {processor.py:157} INFO - Started process (PID=7956) to work on /home/airflow/.local/lib/python3.8/site-packages/airflow/example_dags/example_params_ui_tutorial.py
[2023-09-07T16:14:56.264+0000] {processor.py:829} INFO - Processing file /home/airflow/.local/lib/python3.8/site-packages/airflow/example_dags/example_params_ui_tutorial.py for tasks to queue
[2023-09-07T16:14:56.265+0000] {logging_mixin.py:151} INFO - [2023-09-07T16:14:56.265+0000] {dagbag.py:539} INFO - Filling up the DagBag from /home/airflow/.local/lib/python3.8/site-packages/airflow/example_dags/example_params_ui_tutorial.py
[2023-09-07T16:14:56.354+0000] {processor.py:839} INFO - DAG(s) dict_keys(['example_params_ui_tutorial']) retrieved from /home/airflow/.local/lib/python3.8/site-packages/airflow/example_dags/example_params_ui_tutorial.py
[2023-09-07T16:14:56.435+0000] {logging_mixin.py:151} INFO - [2023-09-07T16:14:56.434+0000] {dag.py:2907} INFO - Sync 1 DAGs
[2023-09-07T16:14:56.453+0000] {logging_mixin.py:151} INFO - [2023-09-07T16:14:56.453+0000] {dag.py:3677} INFO - Setting next_dagrun for example_params_ui_tutorial to None, run_after=None
[2023-09-07T16:14:56.483+0000] {processor.py:179} INFO - Processing /home/airflow/.local/lib/python3.8/site-packages/airflow/example_dags/example_params_ui_tutorial.py took 0.228 seconds
[2023-09-07T16:15:27.244+0000] {processor.py:157} INFO - Started process (PID=8193) to work on /home/airflow/.local/lib/python3.8/site-packages/airflow/example_dags/example_params_ui_tutorial.py
[2023-09-07T16:15:27.247+0000] {processor.py:829} INFO - Processing file /home/airflow/.local/lib/python3.8/site-packages/airflow/example_dags/example_params_ui_tutorial.py for tasks to queue
[2023-09-07T16:15:27.249+0000] {logging_mixin.py:151} INFO - [2023-09-07T16:15:27.248+0000] {dagbag.py:539} INFO - Filling up the DagBag from /home/airflow/.local/lib/python3.8/site-packages/airflow/example_dags/example_params_ui_tutorial.py
[2023-09-07T16:15:27.321+0000] {processor.py:839} INFO - DAG(s) dict_keys(['example_params_ui_tutorial']) retrieved from /home/airflow/.local/lib/python3.8/site-packages/airflow/example_dags/example_params_ui_tutorial.py
[2023-09-07T16:15:27.395+0000] {logging_mixin.py:151} INFO - [2023-09-07T16:15:27.395+0000] {dag.py:2907} INFO - Sync 1 DAGs
[2023-09-07T16:15:27.439+0000] {logging_mixin.py:151} INFO - [2023-09-07T16:15:27.439+0000] {dag.py:3677} INFO - Setting next_dagrun for example_params_ui_tutorial to None, run_after=None
[2023-09-07T16:15:27.466+0000] {processor.py:179} INFO - Processing /home/airflow/.local/lib/python3.8/site-packages/airflow/example_dags/example_params_ui_tutorial.py took 0.244 seconds
[2023-09-07T16:15:57.988+0000] {processor.py:157} INFO - Started process (PID=8431) to work on /home/airflow/.local/lib/python3.8/site-packages/airflow/example_dags/example_params_ui_tutorial.py
[2023-09-07T16:15:57.991+0000] {processor.py:829} INFO - Processing file /home/airflow/.local/lib/python3.8/site-packages/airflow/example_dags/example_params_ui_tutorial.py for tasks to queue
[2023-09-07T16:15:57.993+0000] {logging_mixin.py:151} INFO - [2023-09-07T16:15:57.992+0000] {dagbag.py:539} INFO - Filling up the DagBag from /home/airflow/.local/lib/python3.8/site-packages/airflow/example_dags/example_params_ui_tutorial.py
[2023-09-07T16:15:58.038+0000] {processor.py:839} INFO - DAG(s) dict_keys(['example_params_ui_tutorial']) retrieved from /home/airflow/.local/lib/python3.8/site-packages/airflow/example_dags/example_params_ui_tutorial.py
[2023-09-07T16:15:58.093+0000] {logging_mixin.py:151} INFO - [2023-09-07T16:15:58.093+0000] {dag.py:2907} INFO - Sync 1 DAGs
[2023-09-07T16:15:58.114+0000] {logging_mixin.py:151} INFO - [2023-09-07T16:15:58.113+0000] {dag.py:3677} INFO - Setting next_dagrun for example_params_ui_tutorial to None, run_after=None
[2023-09-07T16:15:58.133+0000] {processor.py:179} INFO - Processing /home/airflow/.local/lib/python3.8/site-packages/airflow/example_dags/example_params_ui_tutorial.py took 0.151 seconds
[2023-09-07T16:16:28.701+0000] {processor.py:157} INFO - Started process (PID=8669) to work on /home/airflow/.local/lib/python3.8/site-packages/airflow/example_dags/example_params_ui_tutorial.py
[2023-09-07T16:16:28.703+0000] {processor.py:829} INFO - Processing file /home/airflow/.local/lib/python3.8/site-packages/airflow/example_dags/example_params_ui_tutorial.py for tasks to queue
[2023-09-07T16:16:28.704+0000] {logging_mixin.py:151} INFO - [2023-09-07T16:16:28.704+0000] {dagbag.py:539} INFO - Filling up the DagBag from /home/airflow/.local/lib/python3.8/site-packages/airflow/example_dags/example_params_ui_tutorial.py
[2023-09-07T16:16:28.755+0000] {processor.py:839} INFO - DAG(s) dict_keys(['example_params_ui_tutorial']) retrieved from /home/airflow/.local/lib/python3.8/site-packages/airflow/example_dags/example_params_ui_tutorial.py
[2023-09-07T16:16:28.802+0000] {logging_mixin.py:151} INFO - [2023-09-07T16:16:28.802+0000] {dag.py:2907} INFO - Sync 1 DAGs
[2023-09-07T16:16:28.815+0000] {logging_mixin.py:151} INFO - [2023-09-07T16:16:28.815+0000] {dag.py:3677} INFO - Setting next_dagrun for example_params_ui_tutorial to None, run_after=None
[2023-09-07T16:16:28.831+0000] {processor.py:179} INFO - Processing /home/airflow/.local/lib/python3.8/site-packages/airflow/example_dags/example_params_ui_tutorial.py took 0.135 seconds
[2023-09-07T16:16:59.276+0000] {processor.py:157} INFO - Started process (PID=8907) to work on /home/airflow/.local/lib/python3.8/site-packages/airflow/example_dags/example_params_ui_tutorial.py
[2023-09-07T16:16:59.278+0000] {processor.py:829} INFO - Processing file /home/airflow/.local/lib/python3.8/site-packages/airflow/example_dags/example_params_ui_tutorial.py for tasks to queue
[2023-09-07T16:16:59.279+0000] {logging_mixin.py:151} INFO - [2023-09-07T16:16:59.279+0000] {dagbag.py:539} INFO - Filling up the DagBag from /home/airflow/.local/lib/python3.8/site-packages/airflow/example_dags/example_params_ui_tutorial.py
[2023-09-07T16:16:59.313+0000] {processor.py:839} INFO - DAG(s) dict_keys(['example_params_ui_tutorial']) retrieved from /home/airflow/.local/lib/python3.8/site-packages/airflow/example_dags/example_params_ui_tutorial.py
[2023-09-07T16:16:59.349+0000] {logging_mixin.py:151} INFO - [2023-09-07T16:16:59.349+0000] {dag.py:2907} INFO - Sync 1 DAGs
[2023-09-07T16:16:59.366+0000] {logging_mixin.py:151} INFO - [2023-09-07T16:16:59.366+0000] {dag.py:3677} INFO - Setting next_dagrun for example_params_ui_tutorial to None, run_after=None
[2023-09-07T16:16:59.381+0000] {processor.py:179} INFO - Processing /home/airflow/.local/lib/python3.8/site-packages/airflow/example_dags/example_params_ui_tutorial.py took 0.109 seconds
[2023-09-07T16:17:29.806+0000] {processor.py:157} INFO - Started process (PID=9145) to work on /home/airflow/.local/lib/python3.8/site-packages/airflow/example_dags/example_params_ui_tutorial.py
[2023-09-07T16:17:29.812+0000] {processor.py:829} INFO - Processing file /home/airflow/.local/lib/python3.8/site-packages/airflow/example_dags/example_params_ui_tutorial.py for tasks to queue
[2023-09-07T16:17:29.816+0000] {logging_mixin.py:151} INFO - [2023-09-07T16:17:29.814+0000] {dagbag.py:539} INFO - Filling up the DagBag from /home/airflow/.local/lib/python3.8/site-packages/airflow/example_dags/example_params_ui_tutorial.py
[2023-09-07T16:17:29.948+0000] {processor.py:839} INFO - DAG(s) dict_keys(['example_params_ui_tutorial']) retrieved from /home/airflow/.local/lib/python3.8/site-packages/airflow/example_dags/example_params_ui_tutorial.py
[2023-09-07T16:17:30.021+0000] {logging_mixin.py:151} INFO - [2023-09-07T16:17:30.021+0000] {dag.py:2907} INFO - Sync 1 DAGs
[2023-09-07T16:17:30.036+0000] {logging_mixin.py:151} INFO - [2023-09-07T16:17:30.036+0000] {dag.py:3677} INFO - Setting next_dagrun for example_params_ui_tutorial to None, run_after=None
[2023-09-07T16:17:30.056+0000] {processor.py:179} INFO - Processing /home/airflow/.local/lib/python3.8/site-packages/airflow/example_dags/example_params_ui_tutorial.py took 0.276 seconds
[2023-09-07T16:18:00.364+0000] {processor.py:157} INFO - Started process (PID=9383) to work on /home/airflow/.local/lib/python3.8/site-packages/airflow/example_dags/example_params_ui_tutorial.py
[2023-09-07T16:18:00.367+0000] {processor.py:829} INFO - Processing file /home/airflow/.local/lib/python3.8/site-packages/airflow/example_dags/example_params_ui_tutorial.py for tasks to queue
[2023-09-07T16:18:00.370+0000] {logging_mixin.py:151} INFO - [2023-09-07T16:18:00.369+0000] {dagbag.py:539} INFO - Filling up the DagBag from /home/airflow/.local/lib/python3.8/site-packages/airflow/example_dags/example_params_ui_tutorial.py
[2023-09-07T16:18:00.425+0000] {processor.py:839} INFO - DAG(s) dict_keys(['example_params_ui_tutorial']) retrieved from /home/airflow/.local/lib/python3.8/site-packages/airflow/example_dags/example_params_ui_tutorial.py
[2023-09-07T16:18:00.479+0000] {logging_mixin.py:151} INFO - [2023-09-07T16:18:00.479+0000] {dag.py:2907} INFO - Sync 1 DAGs
[2023-09-07T16:18:00.492+0000] {logging_mixin.py:151} INFO - [2023-09-07T16:18:00.492+0000] {dag.py:3677} INFO - Setting next_dagrun for example_params_ui_tutorial to None, run_after=None
[2023-09-07T16:18:00.510+0000] {processor.py:179} INFO - Processing /home/airflow/.local/lib/python3.8/site-packages/airflow/example_dags/example_params_ui_tutorial.py took 0.154 seconds
[2023-09-07T16:18:30.634+0000] {processor.py:157} INFO - Started process (PID=9619) to work on /home/airflow/.local/lib/python3.8/site-packages/airflow/example_dags/example_params_ui_tutorial.py
[2023-09-07T16:18:30.637+0000] {processor.py:829} INFO - Processing file /home/airflow/.local/lib/python3.8/site-packages/airflow/example_dags/example_params_ui_tutorial.py for tasks to queue
[2023-09-07T16:18:30.639+0000] {logging_mixin.py:151} INFO - [2023-09-07T16:18:30.638+0000] {dagbag.py:539} INFO - Filling up the DagBag from /home/airflow/.local/lib/python3.8/site-packages/airflow/example_dags/example_params_ui_tutorial.py
[2023-09-07T16:18:30.678+0000] {processor.py:839} INFO - DAG(s) dict_keys(['example_params_ui_tutorial']) retrieved from /home/airflow/.local/lib/python3.8/site-packages/airflow/example_dags/example_params_ui_tutorial.py
[2023-09-07T16:18:30.711+0000] {logging_mixin.py:151} INFO - [2023-09-07T16:18:30.711+0000] {dag.py:2907} INFO - Sync 1 DAGs
[2023-09-07T16:18:30.722+0000] {logging_mixin.py:151} INFO - [2023-09-07T16:18:30.722+0000] {dag.py:3677} INFO - Setting next_dagrun for example_params_ui_tutorial to None, run_after=None
[2023-09-07T16:18:30.734+0000] {processor.py:179} INFO - Processing /home/airflow/.local/lib/python3.8/site-packages/airflow/example_dags/example_params_ui_tutorial.py took 0.106 seconds
[2023-09-07T16:19:00.992+0000] {processor.py:157} INFO - Started process (PID=9857) to work on /home/airflow/.local/lib/python3.8/site-packages/airflow/example_dags/example_params_ui_tutorial.py
[2023-09-07T16:19:00.995+0000] {processor.py:829} INFO - Processing file /home/airflow/.local/lib/python3.8/site-packages/airflow/example_dags/example_params_ui_tutorial.py for tasks to queue
[2023-09-07T16:19:00.997+0000] {logging_mixin.py:151} INFO - [2023-09-07T16:19:00.996+0000] {dagbag.py:539} INFO - Filling up the DagBag from /home/airflow/.local/lib/python3.8/site-packages/airflow/example_dags/example_params_ui_tutorial.py
[2023-09-07T16:19:01.036+0000] {processor.py:839} INFO - DAG(s) dict_keys(['example_params_ui_tutorial']) retrieved from /home/airflow/.local/lib/python3.8/site-packages/airflow/example_dags/example_params_ui_tutorial.py
[2023-09-07T16:19:01.085+0000] {logging_mixin.py:151} INFO - [2023-09-07T16:19:01.085+0000] {dag.py:2907} INFO - Sync 1 DAGs
[2023-09-07T16:19:01.102+0000] {logging_mixin.py:151} INFO - [2023-09-07T16:19:01.101+0000] {dag.py:3677} INFO - Setting next_dagrun for example_params_ui_tutorial to None, run_after=None
[2023-09-07T16:19:01.116+0000] {processor.py:179} INFO - Processing /home/airflow/.local/lib/python3.8/site-packages/airflow/example_dags/example_params_ui_tutorial.py took 0.132 seconds
[2023-09-07T16:19:31.332+0000] {processor.py:157} INFO - Started process (PID=10095) to work on /home/airflow/.local/lib/python3.8/site-packages/airflow/example_dags/example_params_ui_tutorial.py
[2023-09-07T16:19:31.335+0000] {processor.py:829} INFO - Processing file /home/airflow/.local/lib/python3.8/site-packages/airflow/example_dags/example_params_ui_tutorial.py for tasks to queue
[2023-09-07T16:19:31.337+0000] {logging_mixin.py:151} INFO - [2023-09-07T16:19:31.337+0000] {dagbag.py:539} INFO - Filling up the DagBag from /home/airflow/.local/lib/python3.8/site-packages/airflow/example_dags/example_params_ui_tutorial.py
[2023-09-07T16:19:31.374+0000] {processor.py:839} INFO - DAG(s) dict_keys(['example_params_ui_tutorial']) retrieved from /home/airflow/.local/lib/python3.8/site-packages/airflow/example_dags/example_params_ui_tutorial.py
[2023-09-07T16:19:31.416+0000] {logging_mixin.py:151} INFO - [2023-09-07T16:19:31.416+0000] {dag.py:2907} INFO - Sync 1 DAGs
[2023-09-07T16:19:31.434+0000] {logging_mixin.py:151} INFO - [2023-09-07T16:19:31.433+0000] {dag.py:3677} INFO - Setting next_dagrun for example_params_ui_tutorial to None, run_after=None
[2023-09-07T16:19:31.447+0000] {processor.py:179} INFO - Processing /home/airflow/.local/lib/python3.8/site-packages/airflow/example_dags/example_params_ui_tutorial.py took 0.123 seconds
[2023-09-07T16:20:01.908+0000] {processor.py:157} INFO - Started process (PID=10333) to work on /home/airflow/.local/lib/python3.8/site-packages/airflow/example_dags/example_params_ui_tutorial.py
[2023-09-07T16:20:01.911+0000] {processor.py:829} INFO - Processing file /home/airflow/.local/lib/python3.8/site-packages/airflow/example_dags/example_params_ui_tutorial.py for tasks to queue
[2023-09-07T16:20:01.913+0000] {logging_mixin.py:151} INFO - [2023-09-07T16:20:01.912+0000] {dagbag.py:539} INFO - Filling up the DagBag from /home/airflow/.local/lib/python3.8/site-packages/airflow/example_dags/example_params_ui_tutorial.py
[2023-09-07T16:20:01.951+0000] {processor.py:839} INFO - DAG(s) dict_keys(['example_params_ui_tutorial']) retrieved from /home/airflow/.local/lib/python3.8/site-packages/airflow/example_dags/example_params_ui_tutorial.py
[2023-09-07T16:20:01.998+0000] {logging_mixin.py:151} INFO - [2023-09-07T16:20:01.998+0000] {dag.py:2907} INFO - Sync 1 DAGs
[2023-09-07T16:20:02.008+0000] {logging_mixin.py:151} INFO - [2023-09-07T16:20:02.008+0000] {dag.py:3677} INFO - Setting next_dagrun for example_params_ui_tutorial to None, run_after=None
[2023-09-07T16:20:02.019+0000] {processor.py:179} INFO - Processing /home/airflow/.local/lib/python3.8/site-packages/airflow/example_dags/example_params_ui_tutorial.py took 0.119 seconds
[2023-09-07T16:20:32.234+0000] {processor.py:157} INFO - Started process (PID=10571) to work on /home/airflow/.local/lib/python3.8/site-packages/airflow/example_dags/example_params_ui_tutorial.py
[2023-09-07T16:20:32.237+0000] {processor.py:829} INFO - Processing file /home/airflow/.local/lib/python3.8/site-packages/airflow/example_dags/example_params_ui_tutorial.py for tasks to queue
[2023-09-07T16:20:32.238+0000] {logging_mixin.py:151} INFO - [2023-09-07T16:20:32.238+0000] {dagbag.py:539} INFO - Filling up the DagBag from /home/airflow/.local/lib/python3.8/site-packages/airflow/example_dags/example_params_ui_tutorial.py
[2023-09-07T16:20:32.267+0000] {processor.py:839} INFO - DAG(s) dict_keys(['example_params_ui_tutorial']) retrieved from /home/airflow/.local/lib/python3.8/site-packages/airflow/example_dags/example_params_ui_tutorial.py
[2023-09-07T16:20:32.305+0000] {logging_mixin.py:151} INFO - [2023-09-07T16:20:32.305+0000] {dag.py:2907} INFO - Sync 1 DAGs
[2023-09-07T16:20:32.315+0000] {logging_mixin.py:151} INFO - [2023-09-07T16:20:32.315+0000] {dag.py:3677} INFO - Setting next_dagrun for example_params_ui_tutorial to None, run_after=None
[2023-09-07T16:20:32.329+0000] {processor.py:179} INFO - Processing /home/airflow/.local/lib/python3.8/site-packages/airflow/example_dags/example_params_ui_tutorial.py took 0.101 seconds
[2023-09-07T16:21:02.812+0000] {processor.py:157} INFO - Started process (PID=10808) to work on /home/airflow/.local/lib/python3.8/site-packages/airflow/example_dags/example_params_ui_tutorial.py
[2023-09-07T16:21:02.815+0000] {processor.py:829} INFO - Processing file /home/airflow/.local/lib/python3.8/site-packages/airflow/example_dags/example_params_ui_tutorial.py for tasks to queue
[2023-09-07T16:21:02.817+0000] {logging_mixin.py:151} INFO - [2023-09-07T16:21:02.816+0000] {dagbag.py:539} INFO - Filling up the DagBag from /home/airflow/.local/lib/python3.8/site-packages/airflow/example_dags/example_params_ui_tutorial.py
[2023-09-07T16:21:02.873+0000] {processor.py:839} INFO - DAG(s) dict_keys(['example_params_ui_tutorial']) retrieved from /home/airflow/.local/lib/python3.8/site-packages/airflow/example_dags/example_params_ui_tutorial.py
[2023-09-07T16:21:02.930+0000] {logging_mixin.py:151} INFO - [2023-09-07T16:21:02.930+0000] {dag.py:2907} INFO - Sync 1 DAGs
[2023-09-07T16:21:02.945+0000] {logging_mixin.py:151} INFO - [2023-09-07T16:21:02.945+0000] {dag.py:3677} INFO - Setting next_dagrun for example_params_ui_tutorial to None, run_after=None
[2023-09-07T16:21:02.960+0000] {processor.py:179} INFO - Processing /home/airflow/.local/lib/python3.8/site-packages/airflow/example_dags/example_params_ui_tutorial.py took 0.157 seconds
[2023-09-07T16:21:33.162+0000] {processor.py:157} INFO - Started process (PID=11046) to work on /home/airflow/.local/lib/python3.8/site-packages/airflow/example_dags/example_params_ui_tutorial.py
[2023-09-07T16:21:33.164+0000] {processor.py:829} INFO - Processing file /home/airflow/.local/lib/python3.8/site-packages/airflow/example_dags/example_params_ui_tutorial.py for tasks to queue
[2023-09-07T16:21:33.165+0000] {logging_mixin.py:151} INFO - [2023-09-07T16:21:33.165+0000] {dagbag.py:539} INFO - Filling up the DagBag from /home/airflow/.local/lib/python3.8/site-packages/airflow/example_dags/example_params_ui_tutorial.py
[2023-09-07T16:21:33.221+0000] {processor.py:839} INFO - DAG(s) dict_keys(['example_params_ui_tutorial']) retrieved from /home/airflow/.local/lib/python3.8/site-packages/airflow/example_dags/example_params_ui_tutorial.py
[2023-09-07T16:21:33.291+0000] {logging_mixin.py:151} INFO - [2023-09-07T16:21:33.291+0000] {dag.py:2907} INFO - Sync 1 DAGs
[2023-09-07T16:21:33.305+0000] {logging_mixin.py:151} INFO - [2023-09-07T16:21:33.305+0000] {dag.py:3677} INFO - Setting next_dagrun for example_params_ui_tutorial to None, run_after=None
[2023-09-07T16:21:33.319+0000] {processor.py:179} INFO - Processing /home/airflow/.local/lib/python3.8/site-packages/airflow/example_dags/example_params_ui_tutorial.py took 0.163 seconds
[2023-09-07T16:22:03.732+0000] {processor.py:157} INFO - Started process (PID=11284) to work on /home/airflow/.local/lib/python3.8/site-packages/airflow/example_dags/example_params_ui_tutorial.py
[2023-09-07T16:22:03.736+0000] {processor.py:829} INFO - Processing file /home/airflow/.local/lib/python3.8/site-packages/airflow/example_dags/example_params_ui_tutorial.py for tasks to queue
[2023-09-07T16:22:03.739+0000] {logging_mixin.py:151} INFO - [2023-09-07T16:22:03.738+0000] {dagbag.py:539} INFO - Filling up the DagBag from /home/airflow/.local/lib/python3.8/site-packages/airflow/example_dags/example_params_ui_tutorial.py
[2023-09-07T16:22:03.802+0000] {processor.py:839} INFO - DAG(s) dict_keys(['example_params_ui_tutorial']) retrieved from /home/airflow/.local/lib/python3.8/site-packages/airflow/example_dags/example_params_ui_tutorial.py
[2023-09-07T16:22:03.858+0000] {logging_mixin.py:151} INFO - [2023-09-07T16:22:03.858+0000] {dag.py:2907} INFO - Sync 1 DAGs
[2023-09-07T16:22:03.872+0000] {logging_mixin.py:151} INFO - [2023-09-07T16:22:03.872+0000] {dag.py:3677} INFO - Setting next_dagrun for example_params_ui_tutorial to None, run_after=None
[2023-09-07T16:22:03.888+0000] {processor.py:179} INFO - Processing /home/airflow/.local/lib/python3.8/site-packages/airflow/example_dags/example_params_ui_tutorial.py took 0.179 seconds
[2023-09-07T16:22:34.267+0000] {processor.py:157} INFO - Started process (PID=11521) to work on /home/airflow/.local/lib/python3.8/site-packages/airflow/example_dags/example_params_ui_tutorial.py
[2023-09-07T16:22:34.270+0000] {processor.py:829} INFO - Processing file /home/airflow/.local/lib/python3.8/site-packages/airflow/example_dags/example_params_ui_tutorial.py for tasks to queue
[2023-09-07T16:22:34.272+0000] {logging_mixin.py:151} INFO - [2023-09-07T16:22:34.271+0000] {dagbag.py:539} INFO - Filling up the DagBag from /home/airflow/.local/lib/python3.8/site-packages/airflow/example_dags/example_params_ui_tutorial.py
[2023-09-07T16:22:34.307+0000] {processor.py:839} INFO - DAG(s) dict_keys(['example_params_ui_tutorial']) retrieved from /home/airflow/.local/lib/python3.8/site-packages/airflow/example_dags/example_params_ui_tutorial.py
[2023-09-07T16:22:34.344+0000] {logging_mixin.py:151} INFO - [2023-09-07T16:22:34.344+0000] {dag.py:2907} INFO - Sync 1 DAGs
[2023-09-07T16:22:34.358+0000] {logging_mixin.py:151} INFO - [2023-09-07T16:22:34.358+0000] {dag.py:3677} INFO - Setting next_dagrun for example_params_ui_tutorial to None, run_after=None
[2023-09-07T16:22:34.379+0000] {processor.py:179} INFO - Processing /home/airflow/.local/lib/python3.8/site-packages/airflow/example_dags/example_params_ui_tutorial.py took 0.117 seconds
[2023-09-07T16:23:04.838+0000] {processor.py:157} INFO - Started process (PID=11759) to work on /home/airflow/.local/lib/python3.8/site-packages/airflow/example_dags/example_params_ui_tutorial.py
[2023-09-07T16:23:04.840+0000] {processor.py:829} INFO - Processing file /home/airflow/.local/lib/python3.8/site-packages/airflow/example_dags/example_params_ui_tutorial.py for tasks to queue
[2023-09-07T16:23:04.841+0000] {logging_mixin.py:151} INFO - [2023-09-07T16:23:04.841+0000] {dagbag.py:539} INFO - Filling up the DagBag from /home/airflow/.local/lib/python3.8/site-packages/airflow/example_dags/example_params_ui_tutorial.py
[2023-09-07T16:23:04.872+0000] {processor.py:839} INFO - DAG(s) dict_keys(['example_params_ui_tutorial']) retrieved from /home/airflow/.local/lib/python3.8/site-packages/airflow/example_dags/example_params_ui_tutorial.py
[2023-09-07T16:23:04.905+0000] {logging_mixin.py:151} INFO - [2023-09-07T16:23:04.904+0000] {dag.py:2907} INFO - Sync 1 DAGs
[2023-09-07T16:23:04.914+0000] {logging_mixin.py:151} INFO - [2023-09-07T16:23:04.914+0000] {dag.py:3677} INFO - Setting next_dagrun for example_params_ui_tutorial to None, run_after=None
[2023-09-07T16:23:04.925+0000] {processor.py:179} INFO - Processing /home/airflow/.local/lib/python3.8/site-packages/airflow/example_dags/example_params_ui_tutorial.py took 0.094 seconds
[2023-09-07T16:23:35.481+0000] {processor.py:157} INFO - Started process (PID=11997) to work on /home/airflow/.local/lib/python3.8/site-packages/airflow/example_dags/example_params_ui_tutorial.py
[2023-09-07T16:23:35.484+0000] {processor.py:829} INFO - Processing file /home/airflow/.local/lib/python3.8/site-packages/airflow/example_dags/example_params_ui_tutorial.py for tasks to queue
[2023-09-07T16:23:35.486+0000] {logging_mixin.py:151} INFO - [2023-09-07T16:23:35.485+0000] {dagbag.py:539} INFO - Filling up the DagBag from /home/airflow/.local/lib/python3.8/site-packages/airflow/example_dags/example_params_ui_tutorial.py
[2023-09-07T16:23:35.530+0000] {processor.py:839} INFO - DAG(s) dict_keys(['example_params_ui_tutorial']) retrieved from /home/airflow/.local/lib/python3.8/site-packages/airflow/example_dags/example_params_ui_tutorial.py
[2023-09-07T16:23:35.586+0000] {logging_mixin.py:151} INFO - [2023-09-07T16:23:35.586+0000] {dag.py:2907} INFO - Sync 1 DAGs
[2023-09-07T16:23:35.600+0000] {logging_mixin.py:151} INFO - [2023-09-07T16:23:35.600+0000] {dag.py:3677} INFO - Setting next_dagrun for example_params_ui_tutorial to None, run_after=None
[2023-09-07T16:23:35.615+0000] {processor.py:179} INFO - Processing /home/airflow/.local/lib/python3.8/site-packages/airflow/example_dags/example_params_ui_tutorial.py took 0.147 seconds
[2023-09-07T16:24:05.949+0000] {processor.py:157} INFO - Started process (PID=12235) to work on /home/airflow/.local/lib/python3.8/site-packages/airflow/example_dags/example_params_ui_tutorial.py
[2023-09-07T16:24:05.952+0000] {processor.py:829} INFO - Processing file /home/airflow/.local/lib/python3.8/site-packages/airflow/example_dags/example_params_ui_tutorial.py for tasks to queue
[2023-09-07T16:24:05.954+0000] {logging_mixin.py:151} INFO - [2023-09-07T16:24:05.953+0000] {dagbag.py:539} INFO - Filling up the DagBag from /home/airflow/.local/lib/python3.8/site-packages/airflow/example_dags/example_params_ui_tutorial.py
[2023-09-07T16:24:05.993+0000] {processor.py:839} INFO - DAG(s) dict_keys(['example_params_ui_tutorial']) retrieved from /home/airflow/.local/lib/python3.8/site-packages/airflow/example_dags/example_params_ui_tutorial.py
[2023-09-07T16:24:06.028+0000] {logging_mixin.py:151} INFO - [2023-09-07T16:24:06.028+0000] {dag.py:2907} INFO - Sync 1 DAGs
[2023-09-07T16:24:06.039+0000] {logging_mixin.py:151} INFO - [2023-09-07T16:24:06.039+0000] {dag.py:3677} INFO - Setting next_dagrun for example_params_ui_tutorial to None, run_after=None
[2023-09-07T16:24:06.057+0000] {processor.py:179} INFO - Processing /home/airflow/.local/lib/python3.8/site-packages/airflow/example_dags/example_params_ui_tutorial.py took 0.117 seconds
[2023-09-07T16:24:36.366+0000] {processor.py:157} INFO - Started process (PID=12473) to work on /home/airflow/.local/lib/python3.8/site-packages/airflow/example_dags/example_params_ui_tutorial.py
[2023-09-07T16:24:36.368+0000] {processor.py:829} INFO - Processing file /home/airflow/.local/lib/python3.8/site-packages/airflow/example_dags/example_params_ui_tutorial.py for tasks to queue
[2023-09-07T16:24:36.369+0000] {logging_mixin.py:151} INFO - [2023-09-07T16:24:36.369+0000] {dagbag.py:539} INFO - Filling up the DagBag from /home/airflow/.local/lib/python3.8/site-packages/airflow/example_dags/example_params_ui_tutorial.py
[2023-09-07T16:24:36.400+0000] {processor.py:839} INFO - DAG(s) dict_keys(['example_params_ui_tutorial']) retrieved from /home/airflow/.local/lib/python3.8/site-packages/airflow/example_dags/example_params_ui_tutorial.py
[2023-09-07T16:24:36.429+0000] {logging_mixin.py:151} INFO - [2023-09-07T16:24:36.429+0000] {dag.py:2907} INFO - Sync 1 DAGs
[2023-09-07T16:24:36.437+0000] {logging_mixin.py:151} INFO - [2023-09-07T16:24:36.437+0000] {dag.py:3677} INFO - Setting next_dagrun for example_params_ui_tutorial to None, run_after=None
[2023-09-07T16:24:36.447+0000] {processor.py:179} INFO - Processing /home/airflow/.local/lib/python3.8/site-packages/airflow/example_dags/example_params_ui_tutorial.py took 0.086 seconds
[2023-09-07T16:25:06.831+0000] {processor.py:157} INFO - Started process (PID=12712) to work on /home/airflow/.local/lib/python3.8/site-packages/airflow/example_dags/example_params_ui_tutorial.py
[2023-09-07T16:25:06.833+0000] {processor.py:829} INFO - Processing file /home/airflow/.local/lib/python3.8/site-packages/airflow/example_dags/example_params_ui_tutorial.py for tasks to queue
[2023-09-07T16:25:06.834+0000] {logging_mixin.py:151} INFO - [2023-09-07T16:25:06.834+0000] {dagbag.py:539} INFO - Filling up the DagBag from /home/airflow/.local/lib/python3.8/site-packages/airflow/example_dags/example_params_ui_tutorial.py
[2023-09-07T16:25:06.864+0000] {processor.py:839} INFO - DAG(s) dict_keys(['example_params_ui_tutorial']) retrieved from /home/airflow/.local/lib/python3.8/site-packages/airflow/example_dags/example_params_ui_tutorial.py
[2023-09-07T16:25:06.898+0000] {logging_mixin.py:151} INFO - [2023-09-07T16:25:06.898+0000] {dag.py:2907} INFO - Sync 1 DAGs
[2023-09-07T16:25:06.909+0000] {logging_mixin.py:151} INFO - [2023-09-07T16:25:06.909+0000] {dag.py:3677} INFO - Setting next_dagrun for example_params_ui_tutorial to None, run_after=None
[2023-09-07T16:25:06.921+0000] {processor.py:179} INFO - Processing /home/airflow/.local/lib/python3.8/site-packages/airflow/example_dags/example_params_ui_tutorial.py took 0.093 seconds
[2023-09-07T16:25:37.379+0000] {processor.py:157} INFO - Started process (PID=12949) to work on /home/airflow/.local/lib/python3.8/site-packages/airflow/example_dags/example_params_ui_tutorial.py
[2023-09-07T16:25:37.385+0000] {processor.py:829} INFO - Processing file /home/airflow/.local/lib/python3.8/site-packages/airflow/example_dags/example_params_ui_tutorial.py for tasks to queue
[2023-09-07T16:25:37.389+0000] {logging_mixin.py:151} INFO - [2023-09-07T16:25:37.388+0000] {dagbag.py:539} INFO - Filling up the DagBag from /home/airflow/.local/lib/python3.8/site-packages/airflow/example_dags/example_params_ui_tutorial.py
[2023-09-07T16:25:37.444+0000] {processor.py:839} INFO - DAG(s) dict_keys(['example_params_ui_tutorial']) retrieved from /home/airflow/.local/lib/python3.8/site-packages/airflow/example_dags/example_params_ui_tutorial.py
[2023-09-07T16:25:37.489+0000] {logging_mixin.py:151} INFO - [2023-09-07T16:25:37.489+0000] {dag.py:2907} INFO - Sync 1 DAGs
[2023-09-07T16:25:37.503+0000] {logging_mixin.py:151} INFO - [2023-09-07T16:25:37.503+0000] {dag.py:3677} INFO - Setting next_dagrun for example_params_ui_tutorial to None, run_after=None
[2023-09-07T16:25:37.520+0000] {processor.py:179} INFO - Processing /home/airflow/.local/lib/python3.8/site-packages/airflow/example_dags/example_params_ui_tutorial.py took 0.156 seconds
[2023-09-07T16:26:07.973+0000] {processor.py:157} INFO - Started process (PID=13187) to work on /home/airflow/.local/lib/python3.8/site-packages/airflow/example_dags/example_params_ui_tutorial.py
[2023-09-07T16:26:07.976+0000] {processor.py:829} INFO - Processing file /home/airflow/.local/lib/python3.8/site-packages/airflow/example_dags/example_params_ui_tutorial.py for tasks to queue
[2023-09-07T16:26:07.978+0000] {logging_mixin.py:151} INFO - [2023-09-07T16:26:07.977+0000] {dagbag.py:539} INFO - Filling up the DagBag from /home/airflow/.local/lib/python3.8/site-packages/airflow/example_dags/example_params_ui_tutorial.py
[2023-09-07T16:26:08.004+0000] {processor.py:839} INFO - DAG(s) dict_keys(['example_params_ui_tutorial']) retrieved from /home/airflow/.local/lib/python3.8/site-packages/airflow/example_dags/example_params_ui_tutorial.py
[2023-09-07T16:26:08.037+0000] {logging_mixin.py:151} INFO - [2023-09-07T16:26:08.037+0000] {dag.py:2907} INFO - Sync 1 DAGs
[2023-09-07T16:26:08.046+0000] {logging_mixin.py:151} INFO - [2023-09-07T16:26:08.045+0000] {dag.py:3677} INFO - Setting next_dagrun for example_params_ui_tutorial to None, run_after=None
[2023-09-07T16:26:08.056+0000] {processor.py:179} INFO - Processing /home/airflow/.local/lib/python3.8/site-packages/airflow/example_dags/example_params_ui_tutorial.py took 0.088 seconds
[2023-09-07T16:26:38.666+0000] {processor.py:157} INFO - Started process (PID=13426) to work on /home/airflow/.local/lib/python3.8/site-packages/airflow/example_dags/example_params_ui_tutorial.py
[2023-09-07T16:26:38.668+0000] {processor.py:829} INFO - Processing file /home/airflow/.local/lib/python3.8/site-packages/airflow/example_dags/example_params_ui_tutorial.py for tasks to queue
[2023-09-07T16:26:38.670+0000] {logging_mixin.py:151} INFO - [2023-09-07T16:26:38.670+0000] {dagbag.py:539} INFO - Filling up the DagBag from /home/airflow/.local/lib/python3.8/site-packages/airflow/example_dags/example_params_ui_tutorial.py
[2023-09-07T16:26:38.707+0000] {processor.py:839} INFO - DAG(s) dict_keys(['example_params_ui_tutorial']) retrieved from /home/airflow/.local/lib/python3.8/site-packages/airflow/example_dags/example_params_ui_tutorial.py
[2023-09-07T16:26:38.742+0000] {logging_mixin.py:151} INFO - [2023-09-07T16:26:38.742+0000] {dag.py:2907} INFO - Sync 1 DAGs
[2023-09-07T16:26:38.751+0000] {logging_mixin.py:151} INFO - [2023-09-07T16:26:38.751+0000] {dag.py:3677} INFO - Setting next_dagrun for example_params_ui_tutorial to None, run_after=None
[2023-09-07T16:26:38.762+0000] {processor.py:179} INFO - Processing /home/airflow/.local/lib/python3.8/site-packages/airflow/example_dags/example_params_ui_tutorial.py took 0.103 seconds
[2023-09-07T16:27:08.868+0000] {processor.py:157} INFO - Started process (PID=13664) to work on /home/airflow/.local/lib/python3.8/site-packages/airflow/example_dags/example_params_ui_tutorial.py
[2023-09-07T16:27:08.871+0000] {processor.py:829} INFO - Processing file /home/airflow/.local/lib/python3.8/site-packages/airflow/example_dags/example_params_ui_tutorial.py for tasks to queue
[2023-09-07T16:27:08.872+0000] {logging_mixin.py:151} INFO - [2023-09-07T16:27:08.872+0000] {dagbag.py:539} INFO - Filling up the DagBag from /home/airflow/.local/lib/python3.8/site-packages/airflow/example_dags/example_params_ui_tutorial.py
[2023-09-07T16:27:08.904+0000] {processor.py:839} INFO - DAG(s) dict_keys(['example_params_ui_tutorial']) retrieved from /home/airflow/.local/lib/python3.8/site-packages/airflow/example_dags/example_params_ui_tutorial.py
[2023-09-07T16:27:08.934+0000] {logging_mixin.py:151} INFO - [2023-09-07T16:27:08.933+0000] {dag.py:2907} INFO - Sync 1 DAGs
[2023-09-07T16:27:08.942+0000] {logging_mixin.py:151} INFO - [2023-09-07T16:27:08.942+0000] {dag.py:3677} INFO - Setting next_dagrun for example_params_ui_tutorial to None, run_after=None
[2023-09-07T16:27:08.952+0000] {processor.py:179} INFO - Processing /home/airflow/.local/lib/python3.8/site-packages/airflow/example_dags/example_params_ui_tutorial.py took 0.090 seconds
[2023-09-07T16:27:39.342+0000] {processor.py:157} INFO - Started process (PID=13903) to work on /home/airflow/.local/lib/python3.8/site-packages/airflow/example_dags/example_params_ui_tutorial.py
[2023-09-07T16:27:39.345+0000] {processor.py:829} INFO - Processing file /home/airflow/.local/lib/python3.8/site-packages/airflow/example_dags/example_params_ui_tutorial.py for tasks to queue
[2023-09-07T16:27:39.346+0000] {logging_mixin.py:151} INFO - [2023-09-07T16:27:39.346+0000] {dagbag.py:539} INFO - Filling up the DagBag from /home/airflow/.local/lib/python3.8/site-packages/airflow/example_dags/example_params_ui_tutorial.py
[2023-09-07T16:27:39.381+0000] {processor.py:839} INFO - DAG(s) dict_keys(['example_params_ui_tutorial']) retrieved from /home/airflow/.local/lib/python3.8/site-packages/airflow/example_dags/example_params_ui_tutorial.py
[2023-09-07T16:27:39.422+0000] {logging_mixin.py:151} INFO - [2023-09-07T16:27:39.421+0000] {dag.py:2907} INFO - Sync 1 DAGs
[2023-09-07T16:27:39.431+0000] {logging_mixin.py:151} INFO - [2023-09-07T16:27:39.431+0000] {dag.py:3677} INFO - Setting next_dagrun for example_params_ui_tutorial to None, run_after=None
[2023-09-07T16:27:39.441+0000] {processor.py:179} INFO - Processing /home/airflow/.local/lib/python3.8/site-packages/airflow/example_dags/example_params_ui_tutorial.py took 0.103 seconds
[2023-09-07T16:28:09.787+0000] {processor.py:157} INFO - Started process (PID=14141) to work on /home/airflow/.local/lib/python3.8/site-packages/airflow/example_dags/example_params_ui_tutorial.py
[2023-09-07T16:28:09.789+0000] {processor.py:829} INFO - Processing file /home/airflow/.local/lib/python3.8/site-packages/airflow/example_dags/example_params_ui_tutorial.py for tasks to queue
[2023-09-07T16:28:09.790+0000] {logging_mixin.py:151} INFO - [2023-09-07T16:28:09.790+0000] {dagbag.py:539} INFO - Filling up the DagBag from /home/airflow/.local/lib/python3.8/site-packages/airflow/example_dags/example_params_ui_tutorial.py
[2023-09-07T16:28:09.821+0000] {processor.py:839} INFO - DAG(s) dict_keys(['example_params_ui_tutorial']) retrieved from /home/airflow/.local/lib/python3.8/site-packages/airflow/example_dags/example_params_ui_tutorial.py
[2023-09-07T16:28:09.849+0000] {logging_mixin.py:151} INFO - [2023-09-07T16:28:09.849+0000] {dag.py:2907} INFO - Sync 1 DAGs
[2023-09-07T16:28:09.857+0000] {logging_mixin.py:151} INFO - [2023-09-07T16:28:09.857+0000] {dag.py:3677} INFO - Setting next_dagrun for example_params_ui_tutorial to None, run_after=None
[2023-09-07T16:28:09.866+0000] {processor.py:179} INFO - Processing /home/airflow/.local/lib/python3.8/site-packages/airflow/example_dags/example_params_ui_tutorial.py took 0.084 seconds
[2023-09-07T16:28:40.587+0000] {processor.py:157} INFO - Started process (PID=14379) to work on /home/airflow/.local/lib/python3.8/site-packages/airflow/example_dags/example_params_ui_tutorial.py
[2023-09-07T16:28:40.590+0000] {processor.py:829} INFO - Processing file /home/airflow/.local/lib/python3.8/site-packages/airflow/example_dags/example_params_ui_tutorial.py for tasks to queue
[2023-09-07T16:28:40.592+0000] {logging_mixin.py:151} INFO - [2023-09-07T16:28:40.591+0000] {dagbag.py:539} INFO - Filling up the DagBag from /home/airflow/.local/lib/python3.8/site-packages/airflow/example_dags/example_params_ui_tutorial.py
[2023-09-07T16:28:40.649+0000] {processor.py:839} INFO - DAG(s) dict_keys(['example_params_ui_tutorial']) retrieved from /home/airflow/.local/lib/python3.8/site-packages/airflow/example_dags/example_params_ui_tutorial.py
[2023-09-07T16:28:40.693+0000] {logging_mixin.py:151} INFO - [2023-09-07T16:28:40.693+0000] {dag.py:2907} INFO - Sync 1 DAGs
[2023-09-07T16:28:40.707+0000] {logging_mixin.py:151} INFO - [2023-09-07T16:28:40.707+0000] {dag.py:3677} INFO - Setting next_dagrun for example_params_ui_tutorial to None, run_after=None
[2023-09-07T16:28:40.728+0000] {processor.py:179} INFO - Processing /home/airflow/.local/lib/python3.8/site-packages/airflow/example_dags/example_params_ui_tutorial.py took 0.149 seconds
[2023-09-07T16:29:11.378+0000] {processor.py:157} INFO - Started process (PID=14616) to work on /home/airflow/.local/lib/python3.8/site-packages/airflow/example_dags/example_params_ui_tutorial.py
[2023-09-07T16:29:11.381+0000] {processor.py:829} INFO - Processing file /home/airflow/.local/lib/python3.8/site-packages/airflow/example_dags/example_params_ui_tutorial.py for tasks to queue
[2023-09-07T16:29:11.383+0000] {logging_mixin.py:151} INFO - [2023-09-07T16:29:11.382+0000] {dagbag.py:539} INFO - Filling up the DagBag from /home/airflow/.local/lib/python3.8/site-packages/airflow/example_dags/example_params_ui_tutorial.py
[2023-09-07T16:29:11.438+0000] {processor.py:839} INFO - DAG(s) dict_keys(['example_params_ui_tutorial']) retrieved from /home/airflow/.local/lib/python3.8/site-packages/airflow/example_dags/example_params_ui_tutorial.py
[2023-09-07T16:29:11.485+0000] {logging_mixin.py:151} INFO - [2023-09-07T16:29:11.485+0000] {dag.py:2907} INFO - Sync 1 DAGs
[2023-09-07T16:29:11.498+0000] {logging_mixin.py:151} INFO - [2023-09-07T16:29:11.498+0000] {dag.py:3677} INFO - Setting next_dagrun for example_params_ui_tutorial to None, run_after=None
[2023-09-07T16:29:11.513+0000] {processor.py:179} INFO - Processing /home/airflow/.local/lib/python3.8/site-packages/airflow/example_dags/example_params_ui_tutorial.py took 0.141 seconds
[2023-09-07T16:30:59.777+0000] {processor.py:157} INFO - Started process (PID=14855) to work on /home/airflow/.local/lib/python3.8/site-packages/airflow/example_dags/example_params_ui_tutorial.py
[2023-09-07T16:30:59.779+0000] {processor.py:829} INFO - Processing file /home/airflow/.local/lib/python3.8/site-packages/airflow/example_dags/example_params_ui_tutorial.py for tasks to queue
[2023-09-07T16:30:59.781+0000] {logging_mixin.py:151} INFO - [2023-09-07T16:30:59.780+0000] {dagbag.py:539} INFO - Filling up the DagBag from /home/airflow/.local/lib/python3.8/site-packages/airflow/example_dags/example_params_ui_tutorial.py
[2023-09-07T16:30:59.824+0000] {processor.py:839} INFO - DAG(s) dict_keys(['example_params_ui_tutorial']) retrieved from /home/airflow/.local/lib/python3.8/site-packages/airflow/example_dags/example_params_ui_tutorial.py
[2023-09-07T16:30:59.867+0000] {logging_mixin.py:151} INFO - [2023-09-07T16:30:59.867+0000] {dag.py:2907} INFO - Sync 1 DAGs
[2023-09-07T16:30:59.884+0000] {logging_mixin.py:151} INFO - [2023-09-07T16:30:59.883+0000] {dag.py:3677} INFO - Setting next_dagrun for example_params_ui_tutorial to None, run_after=None
[2023-09-07T16:30:59.901+0000] {processor.py:179} INFO - Processing /home/airflow/.local/lib/python3.8/site-packages/airflow/example_dags/example_params_ui_tutorial.py took 0.129 seconds
[2023-09-07T16:31:30.126+0000] {processor.py:157} INFO - Started process (PID=15088) to work on /home/airflow/.local/lib/python3.8/site-packages/airflow/example_dags/example_params_ui_tutorial.py
[2023-09-07T16:31:30.128+0000] {processor.py:829} INFO - Processing file /home/airflow/.local/lib/python3.8/site-packages/airflow/example_dags/example_params_ui_tutorial.py for tasks to queue
[2023-09-07T16:31:30.129+0000] {logging_mixin.py:151} INFO - [2023-09-07T16:31:30.128+0000] {dagbag.py:539} INFO - Filling up the DagBag from /home/airflow/.local/lib/python3.8/site-packages/airflow/example_dags/example_params_ui_tutorial.py
[2023-09-07T16:31:30.151+0000] {processor.py:839} INFO - DAG(s) dict_keys(['example_params_ui_tutorial']) retrieved from /home/airflow/.local/lib/python3.8/site-packages/airflow/example_dags/example_params_ui_tutorial.py
[2023-09-07T16:31:30.183+0000] {logging_mixin.py:151} INFO - [2023-09-07T16:31:30.183+0000] {dag.py:2907} INFO - Sync 1 DAGs
[2023-09-07T16:31:30.191+0000] {logging_mixin.py:151} INFO - [2023-09-07T16:31:30.191+0000] {dag.py:3677} INFO - Setting next_dagrun for example_params_ui_tutorial to None, run_after=None
[2023-09-07T16:31:30.204+0000] {processor.py:179} INFO - Processing /home/airflow/.local/lib/python3.8/site-packages/airflow/example_dags/example_params_ui_tutorial.py took 0.081 seconds
[2023-09-07T16:32:00.968+0000] {processor.py:157} INFO - Started process (PID=15326) to work on /home/airflow/.local/lib/python3.8/site-packages/airflow/example_dags/example_params_ui_tutorial.py
[2023-09-07T16:32:00.969+0000] {processor.py:829} INFO - Processing file /home/airflow/.local/lib/python3.8/site-packages/airflow/example_dags/example_params_ui_tutorial.py for tasks to queue
[2023-09-07T16:32:00.970+0000] {logging_mixin.py:151} INFO - [2023-09-07T16:32:00.970+0000] {dagbag.py:539} INFO - Filling up the DagBag from /home/airflow/.local/lib/python3.8/site-packages/airflow/example_dags/example_params_ui_tutorial.py
[2023-09-07T16:32:00.994+0000] {processor.py:839} INFO - DAG(s) dict_keys(['example_params_ui_tutorial']) retrieved from /home/airflow/.local/lib/python3.8/site-packages/airflow/example_dags/example_params_ui_tutorial.py
[2023-09-07T16:32:01.027+0000] {logging_mixin.py:151} INFO - [2023-09-07T16:32:01.027+0000] {dag.py:2907} INFO - Sync 1 DAGs
[2023-09-07T16:32:01.037+0000] {logging_mixin.py:151} INFO - [2023-09-07T16:32:01.037+0000] {dag.py:3677} INFO - Setting next_dagrun for example_params_ui_tutorial to None, run_after=None
[2023-09-07T16:32:01.048+0000] {processor.py:179} INFO - Processing /home/airflow/.local/lib/python3.8/site-packages/airflow/example_dags/example_params_ui_tutorial.py took 0.083 seconds
[2023-09-07T16:32:34.094+0000] {processor.py:157} INFO - Started process (PID=15564) to work on /home/airflow/.local/lib/python3.8/site-packages/airflow/example_dags/example_params_ui_tutorial.py
[2023-09-07T16:32:34.096+0000] {processor.py:829} INFO - Processing file /home/airflow/.local/lib/python3.8/site-packages/airflow/example_dags/example_params_ui_tutorial.py for tasks to queue
[2023-09-07T16:32:34.097+0000] {logging_mixin.py:151} INFO - [2023-09-07T16:32:34.097+0000] {dagbag.py:539} INFO - Filling up the DagBag from /home/airflow/.local/lib/python3.8/site-packages/airflow/example_dags/example_params_ui_tutorial.py
[2023-09-07T16:32:34.161+0000] {processor.py:839} INFO - DAG(s) dict_keys(['example_params_ui_tutorial']) retrieved from /home/airflow/.local/lib/python3.8/site-packages/airflow/example_dags/example_params_ui_tutorial.py
[2023-09-07T16:32:34.216+0000] {logging_mixin.py:151} INFO - [2023-09-07T16:32:34.216+0000] {dag.py:2907} INFO - Sync 1 DAGs
[2023-09-07T16:32:34.231+0000] {logging_mixin.py:151} INFO - [2023-09-07T16:32:34.231+0000] {dag.py:3677} INFO - Setting next_dagrun for example_params_ui_tutorial to None, run_after=None
[2023-09-07T16:32:34.249+0000] {processor.py:179} INFO - Processing /home/airflow/.local/lib/python3.8/site-packages/airflow/example_dags/example_params_ui_tutorial.py took 0.160 seconds
[2023-09-07T16:33:08.012+0000] {processor.py:157} INFO - Started process (PID=15802) to work on /home/airflow/.local/lib/python3.8/site-packages/airflow/example_dags/example_params_ui_tutorial.py
[2023-09-07T16:33:08.014+0000] {processor.py:829} INFO - Processing file /home/airflow/.local/lib/python3.8/site-packages/airflow/example_dags/example_params_ui_tutorial.py for tasks to queue
[2023-09-07T16:33:08.016+0000] {logging_mixin.py:151} INFO - [2023-09-07T16:33:08.015+0000] {dagbag.py:539} INFO - Filling up the DagBag from /home/airflow/.local/lib/python3.8/site-packages/airflow/example_dags/example_params_ui_tutorial.py
[2023-09-07T16:33:08.072+0000] {processor.py:839} INFO - DAG(s) dict_keys(['example_params_ui_tutorial']) retrieved from /home/airflow/.local/lib/python3.8/site-packages/airflow/example_dags/example_params_ui_tutorial.py
[2023-09-07T16:33:08.154+0000] {logging_mixin.py:151} INFO - [2023-09-07T16:33:08.154+0000] {dag.py:2907} INFO - Sync 1 DAGs
[2023-09-07T16:33:08.179+0000] {logging_mixin.py:151} INFO - [2023-09-07T16:33:08.178+0000] {dag.py:3677} INFO - Setting next_dagrun for example_params_ui_tutorial to None, run_after=None
[2023-09-07T16:33:08.199+0000] {processor.py:179} INFO - Processing /home/airflow/.local/lib/python3.8/site-packages/airflow/example_dags/example_params_ui_tutorial.py took 0.192 seconds
[2023-09-07T16:33:39.193+0000] {processor.py:157} INFO - Started process (PID=16042) to work on /home/airflow/.local/lib/python3.8/site-packages/airflow/example_dags/example_params_ui_tutorial.py
[2023-09-07T16:33:39.195+0000] {processor.py:829} INFO - Processing file /home/airflow/.local/lib/python3.8/site-packages/airflow/example_dags/example_params_ui_tutorial.py for tasks to queue
[2023-09-07T16:33:39.196+0000] {logging_mixin.py:151} INFO - [2023-09-07T16:33:39.196+0000] {dagbag.py:539} INFO - Filling up the DagBag from /home/airflow/.local/lib/python3.8/site-packages/airflow/example_dags/example_params_ui_tutorial.py
[2023-09-07T16:33:39.249+0000] {processor.py:839} INFO - DAG(s) dict_keys(['example_params_ui_tutorial']) retrieved from /home/airflow/.local/lib/python3.8/site-packages/airflow/example_dags/example_params_ui_tutorial.py
[2023-09-07T16:33:39.310+0000] {logging_mixin.py:151} INFO - [2023-09-07T16:33:39.310+0000] {dag.py:2907} INFO - Sync 1 DAGs
[2023-09-07T16:33:39.320+0000] {logging_mixin.py:151} INFO - [2023-09-07T16:33:39.320+0000] {dag.py:3677} INFO - Setting next_dagrun for example_params_ui_tutorial to None, run_after=None
[2023-09-07T16:33:39.352+0000] {processor.py:179} INFO - Processing /home/airflow/.local/lib/python3.8/site-packages/airflow/example_dags/example_params_ui_tutorial.py took 0.163 seconds
[2023-09-07T16:34:09.724+0000] {processor.py:157} INFO - Started process (PID=16278) to work on /home/airflow/.local/lib/python3.8/site-packages/airflow/example_dags/example_params_ui_tutorial.py
[2023-09-07T16:34:09.726+0000] {processor.py:829} INFO - Processing file /home/airflow/.local/lib/python3.8/site-packages/airflow/example_dags/example_params_ui_tutorial.py for tasks to queue
[2023-09-07T16:34:09.727+0000] {logging_mixin.py:151} INFO - [2023-09-07T16:34:09.726+0000] {dagbag.py:539} INFO - Filling up the DagBag from /home/airflow/.local/lib/python3.8/site-packages/airflow/example_dags/example_params_ui_tutorial.py
[2023-09-07T16:34:09.772+0000] {processor.py:839} INFO - DAG(s) dict_keys(['example_params_ui_tutorial']) retrieved from /home/airflow/.local/lib/python3.8/site-packages/airflow/example_dags/example_params_ui_tutorial.py
[2023-09-07T16:34:09.810+0000] {logging_mixin.py:151} INFO - [2023-09-07T16:34:09.810+0000] {dag.py:2907} INFO - Sync 1 DAGs
[2023-09-07T16:34:09.820+0000] {logging_mixin.py:151} INFO - [2023-09-07T16:34:09.820+0000] {dag.py:3677} INFO - Setting next_dagrun for example_params_ui_tutorial to None, run_after=None
[2023-09-07T16:34:09.834+0000] {processor.py:179} INFO - Processing /home/airflow/.local/lib/python3.8/site-packages/airflow/example_dags/example_params_ui_tutorial.py took 0.113 seconds
