[2023-09-07T15:58:23.885+0000] {processor.py:157} INFO - Started process (PID=182) to work on /home/airflow/.local/lib/python3.8/site-packages/airflow/example_dags/example_task_group.py
[2023-09-07T15:58:23.888+0000] {processor.py:829} INFO - Processing file /home/airflow/.local/lib/python3.8/site-packages/airflow/example_dags/example_task_group.py for tasks to queue
[2023-09-07T15:58:23.892+0000] {logging_mixin.py:151} INFO - [2023-09-07T15:58:23.891+0000] {dagbag.py:539} INFO - Filling up the DagBag from /home/airflow/.local/lib/python3.8/site-packages/airflow/example_dags/example_task_group.py
[2023-09-07T15:58:23.906+0000] {processor.py:839} INFO - DAG(s) dict_keys(['example_task_group']) retrieved from /home/airflow/.local/lib/python3.8/site-packages/airflow/example_dags/example_task_group.py
[2023-09-07T15:58:23.923+0000] {logging_mixin.py:151} INFO - [2023-09-07T15:58:23.923+0000] {dag.py:2907} INFO - Sync 1 DAGs
[2023-09-07T15:58:23.958+0000] {logging_mixin.py:151} INFO - [2023-09-07T15:58:23.958+0000] {dag.py:3677} INFO - Setting next_dagrun for example_task_group to 2023-09-06T15:58:23.956745+00:00, run_after=2023-09-07T15:58:23.956745+00:00
[2023-09-07T15:58:23.983+0000] {processor.py:179} INFO - Processing /home/airflow/.local/lib/python3.8/site-packages/airflow/example_dags/example_task_group.py took 0.101 seconds
[2023-09-07T15:58:54.213+0000] {processor.py:157} INFO - Started process (PID=422) to work on /home/airflow/.local/lib/python3.8/site-packages/airflow/example_dags/example_task_group.py
[2023-09-07T15:58:54.214+0000] {processor.py:829} INFO - Processing file /home/airflow/.local/lib/python3.8/site-packages/airflow/example_dags/example_task_group.py for tasks to queue
[2023-09-07T15:58:54.216+0000] {logging_mixin.py:151} INFO - [2023-09-07T15:58:54.215+0000] {dagbag.py:539} INFO - Filling up the DagBag from /home/airflow/.local/lib/python3.8/site-packages/airflow/example_dags/example_task_group.py
[2023-09-07T15:58:54.222+0000] {processor.py:839} INFO - DAG(s) dict_keys(['example_task_group']) retrieved from /home/airflow/.local/lib/python3.8/site-packages/airflow/example_dags/example_task_group.py
[2023-09-07T15:58:54.239+0000] {logging_mixin.py:151} INFO - [2023-09-07T15:58:54.238+0000] {dag.py:2907} INFO - Sync 1 DAGs
[2023-09-07T15:58:54.252+0000] {logging_mixin.py:151} INFO - [2023-09-07T15:58:54.252+0000] {dag.py:3677} INFO - Setting next_dagrun for example_task_group to 2023-09-06T15:58:54.251924+00:00, run_after=2023-09-07T15:58:54.251924+00:00
[2023-09-07T15:58:54.261+0000] {processor.py:179} INFO - Processing /home/airflow/.local/lib/python3.8/site-packages/airflow/example_dags/example_task_group.py took 0.052 seconds
[2023-09-07T15:59:25.775+0000] {processor.py:157} INFO - Started process (PID=660) to work on /home/airflow/.local/lib/python3.8/site-packages/airflow/example_dags/example_task_group.py
[2023-09-07T15:59:25.777+0000] {processor.py:829} INFO - Processing file /home/airflow/.local/lib/python3.8/site-packages/airflow/example_dags/example_task_group.py for tasks to queue
[2023-09-07T15:59:25.778+0000] {logging_mixin.py:151} INFO - [2023-09-07T15:59:25.778+0000] {dagbag.py:539} INFO - Filling up the DagBag from /home/airflow/.local/lib/python3.8/site-packages/airflow/example_dags/example_task_group.py
[2023-09-07T15:59:25.788+0000] {processor.py:839} INFO - DAG(s) dict_keys(['example_task_group']) retrieved from /home/airflow/.local/lib/python3.8/site-packages/airflow/example_dags/example_task_group.py
[2023-09-07T15:59:25.921+0000] {logging_mixin.py:151} INFO - [2023-09-07T15:59:25.921+0000] {dag.py:2907} INFO - Sync 1 DAGs
[2023-09-07T15:59:25.934+0000] {logging_mixin.py:151} INFO - [2023-09-07T15:59:25.934+0000] {dag.py:3677} INFO - Setting next_dagrun for example_task_group to 2023-09-06T15:59:25.933819+00:00, run_after=2023-09-07T15:59:25.933819+00:00
[2023-09-07T15:59:25.944+0000] {processor.py:179} INFO - Processing /home/airflow/.local/lib/python3.8/site-packages/airflow/example_dags/example_task_group.py took 0.173 seconds
[2023-09-07T15:59:56.783+0000] {processor.py:157} INFO - Started process (PID=896) to work on /home/airflow/.local/lib/python3.8/site-packages/airflow/example_dags/example_task_group.py
[2023-09-07T15:59:56.786+0000] {processor.py:829} INFO - Processing file /home/airflow/.local/lib/python3.8/site-packages/airflow/example_dags/example_task_group.py for tasks to queue
[2023-09-07T15:59:56.787+0000] {logging_mixin.py:151} INFO - [2023-09-07T15:59:56.786+0000] {dagbag.py:539} INFO - Filling up the DagBag from /home/airflow/.local/lib/python3.8/site-packages/airflow/example_dags/example_task_group.py
[2023-09-07T15:59:56.798+0000] {processor.py:839} INFO - DAG(s) dict_keys(['example_task_group']) retrieved from /home/airflow/.local/lib/python3.8/site-packages/airflow/example_dags/example_task_group.py
[2023-09-07T15:59:56.830+0000] {logging_mixin.py:151} INFO - [2023-09-07T15:59:56.830+0000] {dag.py:2907} INFO - Sync 1 DAGs
[2023-09-07T15:59:56.852+0000] {logging_mixin.py:151} INFO - [2023-09-07T15:59:56.852+0000] {dag.py:3677} INFO - Setting next_dagrun for example_task_group to 2023-09-06T15:59:56.851284+00:00, run_after=2023-09-07T15:59:56.851284+00:00
[2023-09-07T15:59:56.891+0000] {processor.py:179} INFO - Processing /home/airflow/.local/lib/python3.8/site-packages/airflow/example_dags/example_task_group.py took 0.111 seconds
[2023-09-07T16:00:27.947+0000] {processor.py:157} INFO - Started process (PID=1133) to work on /home/airflow/.local/lib/python3.8/site-packages/airflow/example_dags/example_task_group.py
[2023-09-07T16:00:27.949+0000] {processor.py:829} INFO - Processing file /home/airflow/.local/lib/python3.8/site-packages/airflow/example_dags/example_task_group.py for tasks to queue
[2023-09-07T16:00:27.950+0000] {logging_mixin.py:151} INFO - [2023-09-07T16:00:27.950+0000] {dagbag.py:539} INFO - Filling up the DagBag from /home/airflow/.local/lib/python3.8/site-packages/airflow/example_dags/example_task_group.py
[2023-09-07T16:00:27.957+0000] {processor.py:839} INFO - DAG(s) dict_keys(['example_task_group']) retrieved from /home/airflow/.local/lib/python3.8/site-packages/airflow/example_dags/example_task_group.py
[2023-09-07T16:00:27.978+0000] {logging_mixin.py:151} INFO - [2023-09-07T16:00:27.978+0000] {dag.py:2907} INFO - Sync 1 DAGs
[2023-09-07T16:00:28.011+0000] {logging_mixin.py:151} INFO - [2023-09-07T16:00:28.011+0000] {dag.py:3677} INFO - Setting next_dagrun for example_task_group to 2023-09-06T16:00:28.010539+00:00, run_after=2023-09-07T16:00:28.010539+00:00
[2023-09-07T16:00:28.028+0000] {processor.py:179} INFO - Processing /home/airflow/.local/lib/python3.8/site-packages/airflow/example_dags/example_task_group.py took 0.084 seconds
[2023-09-07T16:00:58.828+0000] {processor.py:157} INFO - Started process (PID=1397) to work on /home/airflow/.local/lib/python3.8/site-packages/airflow/example_dags/example_task_group.py
[2023-09-07T16:00:58.829+0000] {processor.py:829} INFO - Processing file /home/airflow/.local/lib/python3.8/site-packages/airflow/example_dags/example_task_group.py for tasks to queue
[2023-09-07T16:00:58.830+0000] {logging_mixin.py:151} INFO - [2023-09-07T16:00:58.830+0000] {dagbag.py:539} INFO - Filling up the DagBag from /home/airflow/.local/lib/python3.8/site-packages/airflow/example_dags/example_task_group.py
[2023-09-07T16:00:58.837+0000] {processor.py:839} INFO - DAG(s) dict_keys(['example_task_group']) retrieved from /home/airflow/.local/lib/python3.8/site-packages/airflow/example_dags/example_task_group.py
[2023-09-07T16:00:58.858+0000] {logging_mixin.py:151} INFO - [2023-09-07T16:00:58.858+0000] {dag.py:2907} INFO - Sync 1 DAGs
[2023-09-07T16:00:58.874+0000] {logging_mixin.py:151} INFO - [2023-09-07T16:00:58.874+0000] {dag.py:3677} INFO - Setting next_dagrun for example_task_group to 2023-09-06T16:00:58.873169+00:00, run_after=2023-09-07T16:00:58.873169+00:00
[2023-09-07T16:00:58.894+0000] {processor.py:179} INFO - Processing /home/airflow/.local/lib/python3.8/site-packages/airflow/example_dags/example_task_group.py took 0.069 seconds
[2023-09-07T16:01:29.367+0000] {processor.py:157} INFO - Started process (PID=1633) to work on /home/airflow/.local/lib/python3.8/site-packages/airflow/example_dags/example_task_group.py
[2023-09-07T16:01:29.369+0000] {processor.py:829} INFO - Processing file /home/airflow/.local/lib/python3.8/site-packages/airflow/example_dags/example_task_group.py for tasks to queue
[2023-09-07T16:01:29.371+0000] {logging_mixin.py:151} INFO - [2023-09-07T16:01:29.371+0000] {dagbag.py:539} INFO - Filling up the DagBag from /home/airflow/.local/lib/python3.8/site-packages/airflow/example_dags/example_task_group.py
[2023-09-07T16:01:29.386+0000] {processor.py:839} INFO - DAG(s) dict_keys(['example_task_group']) retrieved from /home/airflow/.local/lib/python3.8/site-packages/airflow/example_dags/example_task_group.py
[2023-09-07T16:01:29.457+0000] {logging_mixin.py:151} INFO - [2023-09-07T16:01:29.457+0000] {dag.py:2907} INFO - Sync 1 DAGs
[2023-09-07T16:01:29.487+0000] {logging_mixin.py:151} INFO - [2023-09-07T16:01:29.487+0000] {dag.py:3677} INFO - Setting next_dagrun for example_task_group to 2023-09-06T16:01:29.486754+00:00, run_after=2023-09-07T16:01:29.486754+00:00
[2023-09-07T16:01:29.505+0000] {processor.py:179} INFO - Processing /home/airflow/.local/lib/python3.8/site-packages/airflow/example_dags/example_task_group.py took 0.143 seconds
[2023-09-07T16:02:00.658+0000] {processor.py:157} INFO - Started process (PID=1872) to work on /home/airflow/.local/lib/python3.8/site-packages/airflow/example_dags/example_task_group.py
[2023-09-07T16:02:00.660+0000] {processor.py:829} INFO - Processing file /home/airflow/.local/lib/python3.8/site-packages/airflow/example_dags/example_task_group.py for tasks to queue
[2023-09-07T16:02:00.661+0000] {logging_mixin.py:151} INFO - [2023-09-07T16:02:00.660+0000] {dagbag.py:539} INFO - Filling up the DagBag from /home/airflow/.local/lib/python3.8/site-packages/airflow/example_dags/example_task_group.py
[2023-09-07T16:02:00.678+0000] {processor.py:839} INFO - DAG(s) dict_keys(['example_task_group']) retrieved from /home/airflow/.local/lib/python3.8/site-packages/airflow/example_dags/example_task_group.py
[2023-09-07T16:02:00.716+0000] {logging_mixin.py:151} INFO - [2023-09-07T16:02:00.716+0000] {dag.py:2907} INFO - Sync 1 DAGs
[2023-09-07T16:02:00.734+0000] {logging_mixin.py:151} INFO - [2023-09-07T16:02:00.734+0000] {dag.py:3677} INFO - Setting next_dagrun for example_task_group to 2023-09-06T16:02:00.733880+00:00, run_after=2023-09-07T16:02:00.733880+00:00
[2023-09-07T16:02:01.011+0000] {processor.py:179} INFO - Processing /home/airflow/.local/lib/python3.8/site-packages/airflow/example_dags/example_task_group.py took 0.356 seconds
[2023-09-07T16:02:31.240+0000] {processor.py:157} INFO - Started process (PID=2111) to work on /home/airflow/.local/lib/python3.8/site-packages/airflow/example_dags/example_task_group.py
[2023-09-07T16:02:31.242+0000] {processor.py:829} INFO - Processing file /home/airflow/.local/lib/python3.8/site-packages/airflow/example_dags/example_task_group.py for tasks to queue
[2023-09-07T16:02:31.243+0000] {logging_mixin.py:151} INFO - [2023-09-07T16:02:31.243+0000] {dagbag.py:539} INFO - Filling up the DagBag from /home/airflow/.local/lib/python3.8/site-packages/airflow/example_dags/example_task_group.py
[2023-09-07T16:02:31.251+0000] {processor.py:839} INFO - DAG(s) dict_keys(['example_task_group']) retrieved from /home/airflow/.local/lib/python3.8/site-packages/airflow/example_dags/example_task_group.py
[2023-09-07T16:02:31.272+0000] {logging_mixin.py:151} INFO - [2023-09-07T16:02:31.272+0000] {dag.py:2907} INFO - Sync 1 DAGs
[2023-09-07T16:02:31.286+0000] {logging_mixin.py:151} INFO - [2023-09-07T16:02:31.286+0000] {dag.py:3677} INFO - Setting next_dagrun for example_task_group to 2023-09-06T16:02:31.285641+00:00, run_after=2023-09-07T16:02:31.285641+00:00
[2023-09-07T16:02:31.297+0000] {processor.py:179} INFO - Processing /home/airflow/.local/lib/python3.8/site-packages/airflow/example_dags/example_task_group.py took 0.060 seconds
[2023-09-07T16:03:02.483+0000] {processor.py:157} INFO - Started process (PID=2348) to work on /home/airflow/.local/lib/python3.8/site-packages/airflow/example_dags/example_task_group.py
[2023-09-07T16:03:02.485+0000] {processor.py:829} INFO - Processing file /home/airflow/.local/lib/python3.8/site-packages/airflow/example_dags/example_task_group.py for tasks to queue
[2023-09-07T16:03:02.486+0000] {logging_mixin.py:151} INFO - [2023-09-07T16:03:02.485+0000] {dagbag.py:539} INFO - Filling up the DagBag from /home/airflow/.local/lib/python3.8/site-packages/airflow/example_dags/example_task_group.py
[2023-09-07T16:03:02.495+0000] {processor.py:839} INFO - DAG(s) dict_keys(['example_task_group']) retrieved from /home/airflow/.local/lib/python3.8/site-packages/airflow/example_dags/example_task_group.py
[2023-09-07T16:03:02.515+0000] {logging_mixin.py:151} INFO - [2023-09-07T16:03:02.515+0000] {dag.py:2907} INFO - Sync 1 DAGs
[2023-09-07T16:03:02.530+0000] {logging_mixin.py:151} INFO - [2023-09-07T16:03:02.530+0000] {dag.py:3677} INFO - Setting next_dagrun for example_task_group to 2023-09-06T16:03:02.530544+00:00, run_after=2023-09-07T16:03:02.530544+00:00
[2023-09-07T16:03:02.542+0000] {processor.py:179} INFO - Processing /home/airflow/.local/lib/python3.8/site-packages/airflow/example_dags/example_task_group.py took 0.062 seconds
[2023-09-07T16:03:32.766+0000] {processor.py:157} INFO - Started process (PID=2587) to work on /home/airflow/.local/lib/python3.8/site-packages/airflow/example_dags/example_task_group.py
[2023-09-07T16:03:32.767+0000] {processor.py:829} INFO - Processing file /home/airflow/.local/lib/python3.8/site-packages/airflow/example_dags/example_task_group.py for tasks to queue
[2023-09-07T16:03:32.768+0000] {logging_mixin.py:151} INFO - [2023-09-07T16:03:32.768+0000] {dagbag.py:539} INFO - Filling up the DagBag from /home/airflow/.local/lib/python3.8/site-packages/airflow/example_dags/example_task_group.py
[2023-09-07T16:03:32.775+0000] {processor.py:839} INFO - DAG(s) dict_keys(['example_task_group']) retrieved from /home/airflow/.local/lib/python3.8/site-packages/airflow/example_dags/example_task_group.py
[2023-09-07T16:03:32.793+0000] {logging_mixin.py:151} INFO - [2023-09-07T16:03:32.793+0000] {dag.py:2907} INFO - Sync 1 DAGs
[2023-09-07T16:03:32.810+0000] {logging_mixin.py:151} INFO - [2023-09-07T16:03:32.810+0000] {dag.py:3677} INFO - Setting next_dagrun for example_task_group to 2023-09-06T16:03:32.809803+00:00, run_after=2023-09-07T16:03:32.809803+00:00
[2023-09-07T16:03:32.823+0000] {processor.py:179} INFO - Processing /home/airflow/.local/lib/python3.8/site-packages/airflow/example_dags/example_task_group.py took 0.059 seconds
[2023-09-07T16:04:03.496+0000] {processor.py:157} INFO - Started process (PID=2823) to work on /home/airflow/.local/lib/python3.8/site-packages/airflow/example_dags/example_task_group.py
[2023-09-07T16:04:03.497+0000] {processor.py:829} INFO - Processing file /home/airflow/.local/lib/python3.8/site-packages/airflow/example_dags/example_task_group.py for tasks to queue
[2023-09-07T16:04:03.498+0000] {logging_mixin.py:151} INFO - [2023-09-07T16:04:03.498+0000] {dagbag.py:539} INFO - Filling up the DagBag from /home/airflow/.local/lib/python3.8/site-packages/airflow/example_dags/example_task_group.py
[2023-09-07T16:04:03.506+0000] {processor.py:839} INFO - DAG(s) dict_keys(['example_task_group']) retrieved from /home/airflow/.local/lib/python3.8/site-packages/airflow/example_dags/example_task_group.py
[2023-09-07T16:04:03.524+0000] {logging_mixin.py:151} INFO - [2023-09-07T16:04:03.524+0000] {dag.py:2907} INFO - Sync 1 DAGs
[2023-09-07T16:04:03.538+0000] {logging_mixin.py:151} INFO - [2023-09-07T16:04:03.538+0000] {dag.py:3677} INFO - Setting next_dagrun for example_task_group to 2023-09-06T16:04:03.537868+00:00, run_after=2023-09-07T16:04:03.537868+00:00
[2023-09-07T16:04:03.548+0000] {processor.py:179} INFO - Processing /home/airflow/.local/lib/python3.8/site-packages/airflow/example_dags/example_task_group.py took 0.056 seconds
[2023-09-07T16:04:34.562+0000] {processor.py:157} INFO - Started process (PID=3063) to work on /home/airflow/.local/lib/python3.8/site-packages/airflow/example_dags/example_task_group.py
[2023-09-07T16:04:34.563+0000] {processor.py:829} INFO - Processing file /home/airflow/.local/lib/python3.8/site-packages/airflow/example_dags/example_task_group.py for tasks to queue
[2023-09-07T16:04:34.565+0000] {logging_mixin.py:151} INFO - [2023-09-07T16:04:34.565+0000] {dagbag.py:539} INFO - Filling up the DagBag from /home/airflow/.local/lib/python3.8/site-packages/airflow/example_dags/example_task_group.py
[2023-09-07T16:04:34.572+0000] {processor.py:839} INFO - DAG(s) dict_keys(['example_task_group']) retrieved from /home/airflow/.local/lib/python3.8/site-packages/airflow/example_dags/example_task_group.py
[2023-09-07T16:04:34.590+0000] {logging_mixin.py:151} INFO - [2023-09-07T16:04:34.590+0000] {dag.py:2907} INFO - Sync 1 DAGs
[2023-09-07T16:04:34.613+0000] {logging_mixin.py:151} INFO - [2023-09-07T16:04:34.613+0000] {dag.py:3677} INFO - Setting next_dagrun for example_task_group to 2023-09-06T16:04:34.613063+00:00, run_after=2023-09-07T16:04:34.613063+00:00
[2023-09-07T16:04:34.630+0000] {processor.py:179} INFO - Processing /home/airflow/.local/lib/python3.8/site-packages/airflow/example_dags/example_task_group.py took 0.070 seconds
[2023-09-07T16:05:05.847+0000] {processor.py:157} INFO - Started process (PID=3301) to work on /home/airflow/.local/lib/python3.8/site-packages/airflow/example_dags/example_task_group.py
[2023-09-07T16:05:05.849+0000] {processor.py:829} INFO - Processing file /home/airflow/.local/lib/python3.8/site-packages/airflow/example_dags/example_task_group.py for tasks to queue
[2023-09-07T16:05:05.850+0000] {logging_mixin.py:151} INFO - [2023-09-07T16:05:05.850+0000] {dagbag.py:539} INFO - Filling up the DagBag from /home/airflow/.local/lib/python3.8/site-packages/airflow/example_dags/example_task_group.py
[2023-09-07T16:05:05.858+0000] {processor.py:839} INFO - DAG(s) dict_keys(['example_task_group']) retrieved from /home/airflow/.local/lib/python3.8/site-packages/airflow/example_dags/example_task_group.py
[2023-09-07T16:05:05.878+0000] {logging_mixin.py:151} INFO - [2023-09-07T16:05:05.878+0000] {dag.py:2907} INFO - Sync 1 DAGs
[2023-09-07T16:05:05.898+0000] {logging_mixin.py:151} INFO - [2023-09-07T16:05:05.898+0000] {dag.py:3677} INFO - Setting next_dagrun for example_task_group to 2023-09-06T16:05:05.897847+00:00, run_after=2023-09-07T16:05:05.897847+00:00
[2023-09-07T16:05:05.912+0000] {processor.py:179} INFO - Processing /home/airflow/.local/lib/python3.8/site-packages/airflow/example_dags/example_task_group.py took 0.068 seconds
[2023-09-07T16:05:36.607+0000] {processor.py:157} INFO - Started process (PID=3540) to work on /home/airflow/.local/lib/python3.8/site-packages/airflow/example_dags/example_task_group.py
[2023-09-07T16:05:36.608+0000] {processor.py:829} INFO - Processing file /home/airflow/.local/lib/python3.8/site-packages/airflow/example_dags/example_task_group.py for tasks to queue
[2023-09-07T16:05:36.610+0000] {logging_mixin.py:151} INFO - [2023-09-07T16:05:36.609+0000] {dagbag.py:539} INFO - Filling up the DagBag from /home/airflow/.local/lib/python3.8/site-packages/airflow/example_dags/example_task_group.py
[2023-09-07T16:05:36.616+0000] {processor.py:839} INFO - DAG(s) dict_keys(['example_task_group']) retrieved from /home/airflow/.local/lib/python3.8/site-packages/airflow/example_dags/example_task_group.py
[2023-09-07T16:05:36.633+0000] {logging_mixin.py:151} INFO - [2023-09-07T16:05:36.633+0000] {dag.py:2907} INFO - Sync 1 DAGs
[2023-09-07T16:05:36.647+0000] {logging_mixin.py:151} INFO - [2023-09-07T16:05:36.647+0000] {dag.py:3677} INFO - Setting next_dagrun for example_task_group to 2023-09-06T16:05:36.646813+00:00, run_after=2023-09-07T16:05:36.646813+00:00
[2023-09-07T16:05:36.657+0000] {processor.py:179} INFO - Processing /home/airflow/.local/lib/python3.8/site-packages/airflow/example_dags/example_task_group.py took 0.053 seconds
[2023-09-07T16:06:07.744+0000] {processor.py:157} INFO - Started process (PID=3778) to work on /home/airflow/.local/lib/python3.8/site-packages/airflow/example_dags/example_task_group.py
[2023-09-07T16:06:07.750+0000] {processor.py:829} INFO - Processing file /home/airflow/.local/lib/python3.8/site-packages/airflow/example_dags/example_task_group.py for tasks to queue
[2023-09-07T16:06:07.761+0000] {logging_mixin.py:151} INFO - [2023-09-07T16:06:07.761+0000] {dagbag.py:539} INFO - Filling up the DagBag from /home/airflow/.local/lib/python3.8/site-packages/airflow/example_dags/example_task_group.py
[2023-09-07T16:06:07.773+0000] {processor.py:839} INFO - DAG(s) dict_keys(['example_task_group']) retrieved from /home/airflow/.local/lib/python3.8/site-packages/airflow/example_dags/example_task_group.py
[2023-09-07T16:06:07.794+0000] {logging_mixin.py:151} INFO - [2023-09-07T16:06:07.793+0000] {dag.py:2907} INFO - Sync 1 DAGs
[2023-09-07T16:06:07.813+0000] {logging_mixin.py:151} INFO - [2023-09-07T16:06:07.812+0000] {dag.py:3677} INFO - Setting next_dagrun for example_task_group to 2023-09-06T16:06:07.812545+00:00, run_after=2023-09-07T16:06:07.812545+00:00
[2023-09-07T16:06:07.827+0000] {processor.py:179} INFO - Processing /home/airflow/.local/lib/python3.8/site-packages/airflow/example_dags/example_task_group.py took 0.088 seconds
[2023-09-07T16:06:38.713+0000] {processor.py:157} INFO - Started process (PID=4014) to work on /home/airflow/.local/lib/python3.8/site-packages/airflow/example_dags/example_task_group.py
[2023-09-07T16:06:38.715+0000] {processor.py:829} INFO - Processing file /home/airflow/.local/lib/python3.8/site-packages/airflow/example_dags/example_task_group.py for tasks to queue
[2023-09-07T16:06:38.716+0000] {logging_mixin.py:151} INFO - [2023-09-07T16:06:38.716+0000] {dagbag.py:539} INFO - Filling up the DagBag from /home/airflow/.local/lib/python3.8/site-packages/airflow/example_dags/example_task_group.py
[2023-09-07T16:06:38.723+0000] {processor.py:839} INFO - DAG(s) dict_keys(['example_task_group']) retrieved from /home/airflow/.local/lib/python3.8/site-packages/airflow/example_dags/example_task_group.py
[2023-09-07T16:06:38.742+0000] {logging_mixin.py:151} INFO - [2023-09-07T16:06:38.742+0000] {dag.py:2907} INFO - Sync 1 DAGs
[2023-09-07T16:06:38.755+0000] {logging_mixin.py:151} INFO - [2023-09-07T16:06:38.755+0000] {dag.py:3677} INFO - Setting next_dagrun for example_task_group to 2023-09-06T16:06:38.755553+00:00, run_after=2023-09-07T16:06:38.755553+00:00
[2023-09-07T16:06:38.767+0000] {processor.py:179} INFO - Processing /home/airflow/.local/lib/python3.8/site-packages/airflow/example_dags/example_task_group.py took 0.056 seconds
[2023-09-07T16:07:09.639+0000] {processor.py:157} INFO - Started process (PID=4254) to work on /home/airflow/.local/lib/python3.8/site-packages/airflow/example_dags/example_task_group.py
[2023-09-07T16:07:09.641+0000] {processor.py:829} INFO - Processing file /home/airflow/.local/lib/python3.8/site-packages/airflow/example_dags/example_task_group.py for tasks to queue
[2023-09-07T16:07:09.643+0000] {logging_mixin.py:151} INFO - [2023-09-07T16:07:09.642+0000] {dagbag.py:539} INFO - Filling up the DagBag from /home/airflow/.local/lib/python3.8/site-packages/airflow/example_dags/example_task_group.py
[2023-09-07T16:07:09.651+0000] {processor.py:839} INFO - DAG(s) dict_keys(['example_task_group']) retrieved from /home/airflow/.local/lib/python3.8/site-packages/airflow/example_dags/example_task_group.py
[2023-09-07T16:07:09.671+0000] {logging_mixin.py:151} INFO - [2023-09-07T16:07:09.671+0000] {dag.py:2907} INFO - Sync 1 DAGs
[2023-09-07T16:07:09.685+0000] {logging_mixin.py:151} INFO - [2023-09-07T16:07:09.685+0000] {dag.py:3677} INFO - Setting next_dagrun for example_task_group to 2023-09-06T16:07:09.684868+00:00, run_after=2023-09-07T16:07:09.684868+00:00
[2023-09-07T16:07:09.696+0000] {processor.py:179} INFO - Processing /home/airflow/.local/lib/python3.8/site-packages/airflow/example_dags/example_task_group.py took 0.060 seconds
[2023-09-07T16:07:40.555+0000] {processor.py:157} INFO - Started process (PID=4490) to work on /home/airflow/.local/lib/python3.8/site-packages/airflow/example_dags/example_task_group.py
[2023-09-07T16:07:40.556+0000] {processor.py:829} INFO - Processing file /home/airflow/.local/lib/python3.8/site-packages/airflow/example_dags/example_task_group.py for tasks to queue
[2023-09-07T16:07:40.558+0000] {logging_mixin.py:151} INFO - [2023-09-07T16:07:40.557+0000] {dagbag.py:539} INFO - Filling up the DagBag from /home/airflow/.local/lib/python3.8/site-packages/airflow/example_dags/example_task_group.py
[2023-09-07T16:07:40.564+0000] {processor.py:839} INFO - DAG(s) dict_keys(['example_task_group']) retrieved from /home/airflow/.local/lib/python3.8/site-packages/airflow/example_dags/example_task_group.py
[2023-09-07T16:07:40.585+0000] {logging_mixin.py:151} INFO - [2023-09-07T16:07:40.585+0000] {dag.py:2907} INFO - Sync 1 DAGs
[2023-09-07T16:07:40.600+0000] {logging_mixin.py:151} INFO - [2023-09-07T16:07:40.600+0000] {dag.py:3677} INFO - Setting next_dagrun for example_task_group to 2023-09-06T16:07:40.600334+00:00, run_after=2023-09-07T16:07:40.600334+00:00
[2023-09-07T16:07:40.611+0000] {processor.py:179} INFO - Processing /home/airflow/.local/lib/python3.8/site-packages/airflow/example_dags/example_task_group.py took 0.059 seconds
[2023-09-07T16:08:11.580+0000] {processor.py:157} INFO - Started process (PID=4728) to work on /home/airflow/.local/lib/python3.8/site-packages/airflow/example_dags/example_task_group.py
[2023-09-07T16:08:11.582+0000] {processor.py:829} INFO - Processing file /home/airflow/.local/lib/python3.8/site-packages/airflow/example_dags/example_task_group.py for tasks to queue
[2023-09-07T16:08:11.583+0000] {logging_mixin.py:151} INFO - [2023-09-07T16:08:11.582+0000] {dagbag.py:539} INFO - Filling up the DagBag from /home/airflow/.local/lib/python3.8/site-packages/airflow/example_dags/example_task_group.py
[2023-09-07T16:08:11.590+0000] {processor.py:839} INFO - DAG(s) dict_keys(['example_task_group']) retrieved from /home/airflow/.local/lib/python3.8/site-packages/airflow/example_dags/example_task_group.py
[2023-09-07T16:08:11.610+0000] {logging_mixin.py:151} INFO - [2023-09-07T16:08:11.610+0000] {dag.py:2907} INFO - Sync 1 DAGs
[2023-09-07T16:08:11.670+0000] {logging_mixin.py:151} INFO - [2023-09-07T16:08:11.670+0000] {dag.py:3677} INFO - Setting next_dagrun for example_task_group to 2023-09-06T16:08:11.670233+00:00, run_after=2023-09-07T16:08:11.670233+00:00
[2023-09-07T16:08:11.700+0000] {processor.py:179} INFO - Processing /home/airflow/.local/lib/python3.8/site-packages/airflow/example_dags/example_task_group.py took 0.123 seconds
[2023-09-07T16:08:42.543+0000] {processor.py:157} INFO - Started process (PID=4966) to work on /home/airflow/.local/lib/python3.8/site-packages/airflow/example_dags/example_task_group.py
[2023-09-07T16:08:42.545+0000] {processor.py:829} INFO - Processing file /home/airflow/.local/lib/python3.8/site-packages/airflow/example_dags/example_task_group.py for tasks to queue
[2023-09-07T16:08:42.547+0000] {logging_mixin.py:151} INFO - [2023-09-07T16:08:42.546+0000] {dagbag.py:539} INFO - Filling up the DagBag from /home/airflow/.local/lib/python3.8/site-packages/airflow/example_dags/example_task_group.py
[2023-09-07T16:08:42.555+0000] {processor.py:839} INFO - DAG(s) dict_keys(['example_task_group']) retrieved from /home/airflow/.local/lib/python3.8/site-packages/airflow/example_dags/example_task_group.py
[2023-09-07T16:08:42.577+0000] {logging_mixin.py:151} INFO - [2023-09-07T16:08:42.577+0000] {dag.py:2907} INFO - Sync 1 DAGs
[2023-09-07T16:08:42.592+0000] {logging_mixin.py:151} INFO - [2023-09-07T16:08:42.591+0000] {dag.py:3677} INFO - Setting next_dagrun for example_task_group to 2023-09-06T16:08:42.591675+00:00, run_after=2023-09-07T16:08:42.591675+00:00
[2023-09-07T16:08:42.602+0000] {processor.py:179} INFO - Processing /home/airflow/.local/lib/python3.8/site-packages/airflow/example_dags/example_task_group.py took 0.064 seconds
[2023-09-07T16:09:12.861+0000] {processor.py:157} INFO - Started process (PID=5206) to work on /home/airflow/.local/lib/python3.8/site-packages/airflow/example_dags/example_task_group.py
[2023-09-07T16:09:12.862+0000] {processor.py:829} INFO - Processing file /home/airflow/.local/lib/python3.8/site-packages/airflow/example_dags/example_task_group.py for tasks to queue
[2023-09-07T16:09:12.863+0000] {logging_mixin.py:151} INFO - [2023-09-07T16:09:12.863+0000] {dagbag.py:539} INFO - Filling up the DagBag from /home/airflow/.local/lib/python3.8/site-packages/airflow/example_dags/example_task_group.py
[2023-09-07T16:09:12.870+0000] {processor.py:839} INFO - DAG(s) dict_keys(['example_task_group']) retrieved from /home/airflow/.local/lib/python3.8/site-packages/airflow/example_dags/example_task_group.py
[2023-09-07T16:09:12.888+0000] {logging_mixin.py:151} INFO - [2023-09-07T16:09:12.887+0000] {dag.py:2907} INFO - Sync 1 DAGs
[2023-09-07T16:09:12.901+0000] {logging_mixin.py:151} INFO - [2023-09-07T16:09:12.901+0000] {dag.py:3677} INFO - Setting next_dagrun for example_task_group to 2023-09-06T16:09:12.900924+00:00, run_after=2023-09-07T16:09:12.900924+00:00
[2023-09-07T16:09:12.911+0000] {processor.py:179} INFO - Processing /home/airflow/.local/lib/python3.8/site-packages/airflow/example_dags/example_task_group.py took 0.053 seconds
[2023-09-07T16:09:43.234+0000] {processor.py:157} INFO - Started process (PID=5442) to work on /home/airflow/.local/lib/python3.8/site-packages/airflow/example_dags/example_task_group.py
[2023-09-07T16:09:43.236+0000] {processor.py:829} INFO - Processing file /home/airflow/.local/lib/python3.8/site-packages/airflow/example_dags/example_task_group.py for tasks to queue
[2023-09-07T16:09:43.237+0000] {logging_mixin.py:151} INFO - [2023-09-07T16:09:43.237+0000] {dagbag.py:539} INFO - Filling up the DagBag from /home/airflow/.local/lib/python3.8/site-packages/airflow/example_dags/example_task_group.py
[2023-09-07T16:09:43.243+0000] {processor.py:839} INFO - DAG(s) dict_keys(['example_task_group']) retrieved from /home/airflow/.local/lib/python3.8/site-packages/airflow/example_dags/example_task_group.py
[2023-09-07T16:09:43.262+0000] {logging_mixin.py:151} INFO - [2023-09-07T16:09:43.262+0000] {dag.py:2907} INFO - Sync 1 DAGs
[2023-09-07T16:09:43.277+0000] {logging_mixin.py:151} INFO - [2023-09-07T16:09:43.277+0000] {dag.py:3677} INFO - Setting next_dagrun for example_task_group to 2023-09-06T16:09:43.277161+00:00, run_after=2023-09-07T16:09:43.277161+00:00
[2023-09-07T16:09:43.293+0000] {processor.py:179} INFO - Processing /home/airflow/.local/lib/python3.8/site-packages/airflow/example_dags/example_task_group.py took 0.061 seconds
[2023-09-07T16:10:14.050+0000] {processor.py:157} INFO - Started process (PID=5682) to work on /home/airflow/.local/lib/python3.8/site-packages/airflow/example_dags/example_task_group.py
[2023-09-07T16:10:14.054+0000] {processor.py:829} INFO - Processing file /home/airflow/.local/lib/python3.8/site-packages/airflow/example_dags/example_task_group.py for tasks to queue
[2023-09-07T16:10:14.056+0000] {logging_mixin.py:151} INFO - [2023-09-07T16:10:14.055+0000] {dagbag.py:539} INFO - Filling up the DagBag from /home/airflow/.local/lib/python3.8/site-packages/airflow/example_dags/example_task_group.py
[2023-09-07T16:10:14.067+0000] {processor.py:839} INFO - DAG(s) dict_keys(['example_task_group']) retrieved from /home/airflow/.local/lib/python3.8/site-packages/airflow/example_dags/example_task_group.py
[2023-09-07T16:10:14.089+0000] {logging_mixin.py:151} INFO - [2023-09-07T16:10:14.089+0000] {dag.py:2907} INFO - Sync 1 DAGs
[2023-09-07T16:10:14.104+0000] {logging_mixin.py:151} INFO - [2023-09-07T16:10:14.104+0000] {dag.py:3677} INFO - Setting next_dagrun for example_task_group to 2023-09-06T16:10:14.103970+00:00, run_after=2023-09-07T16:10:14.103970+00:00
[2023-09-07T16:10:14.115+0000] {processor.py:179} INFO - Processing /home/airflow/.local/lib/python3.8/site-packages/airflow/example_dags/example_task_group.py took 0.068 seconds
[2023-09-07T16:10:44.622+0000] {processor.py:157} INFO - Started process (PID=5919) to work on /home/airflow/.local/lib/python3.8/site-packages/airflow/example_dags/example_task_group.py
[2023-09-07T16:10:44.624+0000] {processor.py:829} INFO - Processing file /home/airflow/.local/lib/python3.8/site-packages/airflow/example_dags/example_task_group.py for tasks to queue
[2023-09-07T16:10:44.625+0000] {logging_mixin.py:151} INFO - [2023-09-07T16:10:44.625+0000] {dagbag.py:539} INFO - Filling up the DagBag from /home/airflow/.local/lib/python3.8/site-packages/airflow/example_dags/example_task_group.py
[2023-09-07T16:10:44.631+0000] {processor.py:839} INFO - DAG(s) dict_keys(['example_task_group']) retrieved from /home/airflow/.local/lib/python3.8/site-packages/airflow/example_dags/example_task_group.py
[2023-09-07T16:10:44.649+0000] {logging_mixin.py:151} INFO - [2023-09-07T16:10:44.649+0000] {dag.py:2907} INFO - Sync 1 DAGs
[2023-09-07T16:10:44.662+0000] {logging_mixin.py:151} INFO - [2023-09-07T16:10:44.662+0000] {dag.py:3677} INFO - Setting next_dagrun for example_task_group to 2023-09-06T16:10:44.662136+00:00, run_after=2023-09-07T16:10:44.662136+00:00
[2023-09-07T16:10:44.672+0000] {processor.py:179} INFO - Processing /home/airflow/.local/lib/python3.8/site-packages/airflow/example_dags/example_task_group.py took 0.053 seconds
[2023-09-07T16:11:16.139+0000] {processor.py:157} INFO - Started process (PID=6157) to work on /home/airflow/.local/lib/python3.8/site-packages/airflow/example_dags/example_task_group.py
[2023-09-07T16:11:16.141+0000] {processor.py:829} INFO - Processing file /home/airflow/.local/lib/python3.8/site-packages/airflow/example_dags/example_task_group.py for tasks to queue
[2023-09-07T16:11:16.143+0000] {logging_mixin.py:151} INFO - [2023-09-07T16:11:16.142+0000] {dagbag.py:539} INFO - Filling up the DagBag from /home/airflow/.local/lib/python3.8/site-packages/airflow/example_dags/example_task_group.py
[2023-09-07T16:11:16.159+0000] {processor.py:839} INFO - DAG(s) dict_keys(['example_task_group']) retrieved from /home/airflow/.local/lib/python3.8/site-packages/airflow/example_dags/example_task_group.py
[2023-09-07T16:11:16.223+0000] {logging_mixin.py:151} INFO - [2023-09-07T16:11:16.222+0000] {dag.py:2907} INFO - Sync 1 DAGs
[2023-09-07T16:11:16.258+0000] {logging_mixin.py:151} INFO - [2023-09-07T16:11:16.257+0000] {dag.py:3677} INFO - Setting next_dagrun for example_task_group to 2023-09-06T16:11:16.257376+00:00, run_after=2023-09-07T16:11:16.257376+00:00
[2023-09-07T16:11:16.275+0000] {processor.py:179} INFO - Processing /home/airflow/.local/lib/python3.8/site-packages/airflow/example_dags/example_task_group.py took 0.143 seconds
[2023-09-07T16:11:46.450+0000] {processor.py:157} INFO - Started process (PID=6395) to work on /home/airflow/.local/lib/python3.8/site-packages/airflow/example_dags/example_task_group.py
[2023-09-07T16:11:46.452+0000] {processor.py:829} INFO - Processing file /home/airflow/.local/lib/python3.8/site-packages/airflow/example_dags/example_task_group.py for tasks to queue
[2023-09-07T16:11:46.453+0000] {logging_mixin.py:151} INFO - [2023-09-07T16:11:46.452+0000] {dagbag.py:539} INFO - Filling up the DagBag from /home/airflow/.local/lib/python3.8/site-packages/airflow/example_dags/example_task_group.py
[2023-09-07T16:11:46.459+0000] {processor.py:839} INFO - DAG(s) dict_keys(['example_task_group']) retrieved from /home/airflow/.local/lib/python3.8/site-packages/airflow/example_dags/example_task_group.py
[2023-09-07T16:11:46.478+0000] {logging_mixin.py:151} INFO - [2023-09-07T16:11:46.478+0000] {dag.py:2907} INFO - Sync 1 DAGs
[2023-09-07T16:11:46.491+0000] {logging_mixin.py:151} INFO - [2023-09-07T16:11:46.491+0000] {dag.py:3677} INFO - Setting next_dagrun for example_task_group to 2023-09-06T16:11:46.490946+00:00, run_after=2023-09-07T16:11:46.490946+00:00
[2023-09-07T16:11:46.503+0000] {processor.py:179} INFO - Processing /home/airflow/.local/lib/python3.8/site-packages/airflow/example_dags/example_task_group.py took 0.055 seconds
[2023-09-07T16:12:16.918+0000] {processor.py:157} INFO - Started process (PID=6631) to work on /home/airflow/.local/lib/python3.8/site-packages/airflow/example_dags/example_task_group.py
[2023-09-07T16:12:16.920+0000] {processor.py:829} INFO - Processing file /home/airflow/.local/lib/python3.8/site-packages/airflow/example_dags/example_task_group.py for tasks to queue
[2023-09-07T16:12:16.921+0000] {logging_mixin.py:151} INFO - [2023-09-07T16:12:16.920+0000] {dagbag.py:539} INFO - Filling up the DagBag from /home/airflow/.local/lib/python3.8/site-packages/airflow/example_dags/example_task_group.py
[2023-09-07T16:12:16.928+0000] {processor.py:839} INFO - DAG(s) dict_keys(['example_task_group']) retrieved from /home/airflow/.local/lib/python3.8/site-packages/airflow/example_dags/example_task_group.py
[2023-09-07T16:12:16.947+0000] {logging_mixin.py:151} INFO - [2023-09-07T16:12:16.947+0000] {dag.py:2907} INFO - Sync 1 DAGs
[2023-09-07T16:12:16.962+0000] {logging_mixin.py:151} INFO - [2023-09-07T16:12:16.962+0000] {dag.py:3677} INFO - Setting next_dagrun for example_task_group to 2023-09-06T16:12:16.961995+00:00, run_after=2023-09-07T16:12:16.961995+00:00
[2023-09-07T16:12:16.973+0000] {processor.py:179} INFO - Processing /home/airflow/.local/lib/python3.8/site-packages/airflow/example_dags/example_task_group.py took 0.058 seconds
[2023-09-07T16:12:47.632+0000] {processor.py:157} INFO - Started process (PID=6872) to work on /home/airflow/.local/lib/python3.8/site-packages/airflow/example_dags/example_task_group.py
[2023-09-07T16:12:47.634+0000] {processor.py:829} INFO - Processing file /home/airflow/.local/lib/python3.8/site-packages/airflow/example_dags/example_task_group.py for tasks to queue
[2023-09-07T16:12:47.635+0000] {logging_mixin.py:151} INFO - [2023-09-07T16:12:47.635+0000] {dagbag.py:539} INFO - Filling up the DagBag from /home/airflow/.local/lib/python3.8/site-packages/airflow/example_dags/example_task_group.py
[2023-09-07T16:12:47.645+0000] {processor.py:839} INFO - DAG(s) dict_keys(['example_task_group']) retrieved from /home/airflow/.local/lib/python3.8/site-packages/airflow/example_dags/example_task_group.py
[2023-09-07T16:12:47.670+0000] {logging_mixin.py:151} INFO - [2023-09-07T16:12:47.670+0000] {dag.py:2907} INFO - Sync 1 DAGs
[2023-09-07T16:12:47.706+0000] {logging_mixin.py:151} INFO - [2023-09-07T16:12:47.706+0000] {dag.py:3677} INFO - Setting next_dagrun for example_task_group to 2023-09-06T16:12:47.706232+00:00, run_after=2023-09-07T16:12:47.706232+00:00
[2023-09-07T16:12:47.723+0000] {processor.py:179} INFO - Processing /home/airflow/.local/lib/python3.8/site-packages/airflow/example_dags/example_task_group.py took 0.093 seconds
[2023-09-07T16:13:18.297+0000] {processor.py:157} INFO - Started process (PID=7111) to work on /home/airflow/.local/lib/python3.8/site-packages/airflow/example_dags/example_task_group.py
[2023-09-07T16:13:18.299+0000] {processor.py:829} INFO - Processing file /home/airflow/.local/lib/python3.8/site-packages/airflow/example_dags/example_task_group.py for tasks to queue
[2023-09-07T16:13:18.300+0000] {logging_mixin.py:151} INFO - [2023-09-07T16:13:18.300+0000] {dagbag.py:539} INFO - Filling up the DagBag from /home/airflow/.local/lib/python3.8/site-packages/airflow/example_dags/example_task_group.py
[2023-09-07T16:13:18.308+0000] {processor.py:839} INFO - DAG(s) dict_keys(['example_task_group']) retrieved from /home/airflow/.local/lib/python3.8/site-packages/airflow/example_dags/example_task_group.py
[2023-09-07T16:13:18.326+0000] {logging_mixin.py:151} INFO - [2023-09-07T16:13:18.325+0000] {dag.py:2907} INFO - Sync 1 DAGs
[2023-09-07T16:13:18.341+0000] {logging_mixin.py:151} INFO - [2023-09-07T16:13:18.341+0000] {dag.py:3677} INFO - Setting next_dagrun for example_task_group to 2023-09-06T16:13:18.340885+00:00, run_after=2023-09-07T16:13:18.340885+00:00
[2023-09-07T16:13:18.352+0000] {processor.py:179} INFO - Processing /home/airflow/.local/lib/python3.8/site-packages/airflow/example_dags/example_task_group.py took 0.058 seconds
[2023-09-07T16:13:48.979+0000] {processor.py:157} INFO - Started process (PID=7349) to work on /home/airflow/.local/lib/python3.8/site-packages/airflow/example_dags/example_task_group.py
[2023-09-07T16:13:48.981+0000] {processor.py:829} INFO - Processing file /home/airflow/.local/lib/python3.8/site-packages/airflow/example_dags/example_task_group.py for tasks to queue
[2023-09-07T16:13:48.983+0000] {logging_mixin.py:151} INFO - [2023-09-07T16:13:48.982+0000] {dagbag.py:539} INFO - Filling up the DagBag from /home/airflow/.local/lib/python3.8/site-packages/airflow/example_dags/example_task_group.py
[2023-09-07T16:13:48.995+0000] {processor.py:839} INFO - DAG(s) dict_keys(['example_task_group']) retrieved from /home/airflow/.local/lib/python3.8/site-packages/airflow/example_dags/example_task_group.py
[2023-09-07T16:13:49.017+0000] {logging_mixin.py:151} INFO - [2023-09-07T16:13:49.017+0000] {dag.py:2907} INFO - Sync 1 DAGs
[2023-09-07T16:13:49.032+0000] {logging_mixin.py:151} INFO - [2023-09-07T16:13:49.032+0000] {dag.py:3677} INFO - Setting next_dagrun for example_task_group to 2023-09-06T16:13:49.031704+00:00, run_after=2023-09-07T16:13:49.031704+00:00
[2023-09-07T16:13:49.045+0000] {processor.py:179} INFO - Processing /home/airflow/.local/lib/python3.8/site-packages/airflow/example_dags/example_task_group.py took 0.071 seconds
[2023-09-07T16:14:20.278+0000] {processor.py:157} INFO - Started process (PID=7595) to work on /home/airflow/.local/lib/python3.8/site-packages/airflow/example_dags/example_task_group.py
[2023-09-07T16:14:20.280+0000] {processor.py:829} INFO - Processing file /home/airflow/.local/lib/python3.8/site-packages/airflow/example_dags/example_task_group.py for tasks to queue
[2023-09-07T16:14:20.281+0000] {logging_mixin.py:151} INFO - [2023-09-07T16:14:20.281+0000] {dagbag.py:539} INFO - Filling up the DagBag from /home/airflow/.local/lib/python3.8/site-packages/airflow/example_dags/example_task_group.py
[2023-09-07T16:14:20.288+0000] {processor.py:839} INFO - DAG(s) dict_keys(['example_task_group']) retrieved from /home/airflow/.local/lib/python3.8/site-packages/airflow/example_dags/example_task_group.py
[2023-09-07T16:14:20.305+0000] {logging_mixin.py:151} INFO - [2023-09-07T16:14:20.305+0000] {dag.py:2907} INFO - Sync 1 DAGs
[2023-09-07T16:14:20.321+0000] {logging_mixin.py:151} INFO - [2023-09-07T16:14:20.320+0000] {dag.py:3677} INFO - Setting next_dagrun for example_task_group to 2023-09-06T16:14:20.320095+00:00, run_after=2023-09-07T16:14:20.320095+00:00
[2023-09-07T16:14:20.336+0000] {processor.py:179} INFO - Processing /home/airflow/.local/lib/python3.8/site-packages/airflow/example_dags/example_task_group.py took 0.060 seconds
[2023-09-07T16:14:50.636+0000] {processor.py:157} INFO - Started process (PID=7833) to work on /home/airflow/.local/lib/python3.8/site-packages/airflow/example_dags/example_task_group.py
[2023-09-07T16:14:50.637+0000] {processor.py:829} INFO - Processing file /home/airflow/.local/lib/python3.8/site-packages/airflow/example_dags/example_task_group.py for tasks to queue
[2023-09-07T16:14:50.638+0000] {logging_mixin.py:151} INFO - [2023-09-07T16:14:50.638+0000] {dagbag.py:539} INFO - Filling up the DagBag from /home/airflow/.local/lib/python3.8/site-packages/airflow/example_dags/example_task_group.py
[2023-09-07T16:14:50.644+0000] {processor.py:839} INFO - DAG(s) dict_keys(['example_task_group']) retrieved from /home/airflow/.local/lib/python3.8/site-packages/airflow/example_dags/example_task_group.py
[2023-09-07T16:14:50.661+0000] {logging_mixin.py:151} INFO - [2023-09-07T16:14:50.661+0000] {dag.py:2907} INFO - Sync 1 DAGs
[2023-09-07T16:14:50.675+0000] {logging_mixin.py:151} INFO - [2023-09-07T16:14:50.675+0000] {dag.py:3677} INFO - Setting next_dagrun for example_task_group to 2023-09-06T16:14:50.675358+00:00, run_after=2023-09-07T16:14:50.675358+00:00
[2023-09-07T16:14:50.708+0000] {processor.py:179} INFO - Processing /home/airflow/.local/lib/python3.8/site-packages/airflow/example_dags/example_task_group.py took 0.074 seconds
[2023-09-07T16:15:21.059+0000] {processor.py:157} INFO - Started process (PID=8070) to work on /home/airflow/.local/lib/python3.8/site-packages/airflow/example_dags/example_task_group.py
[2023-09-07T16:15:21.060+0000] {processor.py:829} INFO - Processing file /home/airflow/.local/lib/python3.8/site-packages/airflow/example_dags/example_task_group.py for tasks to queue
[2023-09-07T16:15:21.061+0000] {logging_mixin.py:151} INFO - [2023-09-07T16:15:21.061+0000] {dagbag.py:539} INFO - Filling up the DagBag from /home/airflow/.local/lib/python3.8/site-packages/airflow/example_dags/example_task_group.py
[2023-09-07T16:15:21.069+0000] {processor.py:839} INFO - DAG(s) dict_keys(['example_task_group']) retrieved from /home/airflow/.local/lib/python3.8/site-packages/airflow/example_dags/example_task_group.py
[2023-09-07T16:15:21.088+0000] {logging_mixin.py:151} INFO - [2023-09-07T16:15:21.088+0000] {dag.py:2907} INFO - Sync 1 DAGs
[2023-09-07T16:15:21.101+0000] {logging_mixin.py:151} INFO - [2023-09-07T16:15:21.101+0000] {dag.py:3677} INFO - Setting next_dagrun for example_task_group to 2023-09-06T16:15:21.101247+00:00, run_after=2023-09-07T16:15:21.101247+00:00
[2023-09-07T16:15:21.111+0000] {processor.py:179} INFO - Processing /home/airflow/.local/lib/python3.8/site-packages/airflow/example_dags/example_task_group.py took 0.055 seconds
[2023-09-07T16:15:51.479+0000] {processor.py:157} INFO - Started process (PID=8308) to work on /home/airflow/.local/lib/python3.8/site-packages/airflow/example_dags/example_task_group.py
[2023-09-07T16:15:51.481+0000] {processor.py:829} INFO - Processing file /home/airflow/.local/lib/python3.8/site-packages/airflow/example_dags/example_task_group.py for tasks to queue
[2023-09-07T16:15:51.483+0000] {logging_mixin.py:151} INFO - [2023-09-07T16:15:51.482+0000] {dagbag.py:539} INFO - Filling up the DagBag from /home/airflow/.local/lib/python3.8/site-packages/airflow/example_dags/example_task_group.py
[2023-09-07T16:15:51.492+0000] {processor.py:839} INFO - DAG(s) dict_keys(['example_task_group']) retrieved from /home/airflow/.local/lib/python3.8/site-packages/airflow/example_dags/example_task_group.py
[2023-09-07T16:15:51.513+0000] {logging_mixin.py:151} INFO - [2023-09-07T16:15:51.513+0000] {dag.py:2907} INFO - Sync 1 DAGs
[2023-09-07T16:15:51.528+0000] {logging_mixin.py:151} INFO - [2023-09-07T16:15:51.528+0000] {dag.py:3677} INFO - Setting next_dagrun for example_task_group to 2023-09-06T16:15:51.527838+00:00, run_after=2023-09-07T16:15:51.527838+00:00
[2023-09-07T16:15:51.539+0000] {processor.py:179} INFO - Processing /home/airflow/.local/lib/python3.8/site-packages/airflow/example_dags/example_task_group.py took 0.063 seconds
[2023-09-07T16:16:22.362+0000] {processor.py:157} INFO - Started process (PID=8546) to work on /home/airflow/.local/lib/python3.8/site-packages/airflow/example_dags/example_task_group.py
[2023-09-07T16:16:22.365+0000] {processor.py:829} INFO - Processing file /home/airflow/.local/lib/python3.8/site-packages/airflow/example_dags/example_task_group.py for tasks to queue
[2023-09-07T16:16:22.367+0000] {logging_mixin.py:151} INFO - [2023-09-07T16:16:22.366+0000] {dagbag.py:539} INFO - Filling up the DagBag from /home/airflow/.local/lib/python3.8/site-packages/airflow/example_dags/example_task_group.py
[2023-09-07T16:16:22.375+0000] {processor.py:839} INFO - DAG(s) dict_keys(['example_task_group']) retrieved from /home/airflow/.local/lib/python3.8/site-packages/airflow/example_dags/example_task_group.py
[2023-09-07T16:16:22.394+0000] {logging_mixin.py:151} INFO - [2023-09-07T16:16:22.394+0000] {dag.py:2907} INFO - Sync 1 DAGs
[2023-09-07T16:16:22.407+0000] {logging_mixin.py:151} INFO - [2023-09-07T16:16:22.407+0000] {dag.py:3677} INFO - Setting next_dagrun for example_task_group to 2023-09-06T16:16:22.407411+00:00, run_after=2023-09-07T16:16:22.407411+00:00
[2023-09-07T16:16:22.418+0000] {processor.py:179} INFO - Processing /home/airflow/.local/lib/python3.8/site-packages/airflow/example_dags/example_task_group.py took 0.061 seconds
[2023-09-07T16:16:52.754+0000] {processor.py:157} INFO - Started process (PID=8784) to work on /home/airflow/.local/lib/python3.8/site-packages/airflow/example_dags/example_task_group.py
[2023-09-07T16:16:52.756+0000] {processor.py:829} INFO - Processing file /home/airflow/.local/lib/python3.8/site-packages/airflow/example_dags/example_task_group.py for tasks to queue
[2023-09-07T16:16:52.758+0000] {logging_mixin.py:151} INFO - [2023-09-07T16:16:52.757+0000] {dagbag.py:539} INFO - Filling up the DagBag from /home/airflow/.local/lib/python3.8/site-packages/airflow/example_dags/example_task_group.py
[2023-09-07T16:16:52.769+0000] {processor.py:839} INFO - DAG(s) dict_keys(['example_task_group']) retrieved from /home/airflow/.local/lib/python3.8/site-packages/airflow/example_dags/example_task_group.py
[2023-09-07T16:16:52.795+0000] {logging_mixin.py:151} INFO - [2023-09-07T16:16:52.795+0000] {dag.py:2907} INFO - Sync 1 DAGs
[2023-09-07T16:16:52.809+0000] {logging_mixin.py:151} INFO - [2023-09-07T16:16:52.809+0000] {dag.py:3677} INFO - Setting next_dagrun for example_task_group to 2023-09-06T16:16:52.809248+00:00, run_after=2023-09-07T16:16:52.809248+00:00
[2023-09-07T16:16:52.822+0000] {processor.py:179} INFO - Processing /home/airflow/.local/lib/python3.8/site-packages/airflow/example_dags/example_task_group.py took 0.072 seconds
[2023-09-07T16:17:23.568+0000] {processor.py:157} INFO - Started process (PID=9020) to work on /home/airflow/.local/lib/python3.8/site-packages/airflow/example_dags/example_task_group.py
[2023-09-07T16:17:23.572+0000] {processor.py:829} INFO - Processing file /home/airflow/.local/lib/python3.8/site-packages/airflow/example_dags/example_task_group.py for tasks to queue
[2023-09-07T16:17:23.620+0000] {logging_mixin.py:151} INFO - [2023-09-07T16:17:23.595+0000] {dagbag.py:539} INFO - Filling up the DagBag from /home/airflow/.local/lib/python3.8/site-packages/airflow/example_dags/example_task_group.py
[2023-09-07T16:17:23.639+0000] {processor.py:839} INFO - DAG(s) dict_keys(['example_task_group']) retrieved from /home/airflow/.local/lib/python3.8/site-packages/airflow/example_dags/example_task_group.py
[2023-09-07T16:17:23.665+0000] {logging_mixin.py:151} INFO - [2023-09-07T16:17:23.665+0000] {dag.py:2907} INFO - Sync 1 DAGs
[2023-09-07T16:17:23.680+0000] {logging_mixin.py:151} INFO - [2023-09-07T16:17:23.680+0000] {dag.py:3677} INFO - Setting next_dagrun for example_task_group to 2023-09-06T16:17:23.680004+00:00, run_after=2023-09-07T16:17:23.680004+00:00
[2023-09-07T16:17:23.694+0000] {processor.py:179} INFO - Processing /home/airflow/.local/lib/python3.8/site-packages/airflow/example_dags/example_task_group.py took 0.151 seconds
[2023-09-07T16:17:55.090+0000] {processor.py:157} INFO - Started process (PID=9260) to work on /home/airflow/.local/lib/python3.8/site-packages/airflow/example_dags/example_task_group.py
[2023-09-07T16:17:55.091+0000] {processor.py:829} INFO - Processing file /home/airflow/.local/lib/python3.8/site-packages/airflow/example_dags/example_task_group.py for tasks to queue
[2023-09-07T16:17:55.093+0000] {logging_mixin.py:151} INFO - [2023-09-07T16:17:55.092+0000] {dagbag.py:539} INFO - Filling up the DagBag from /home/airflow/.local/lib/python3.8/site-packages/airflow/example_dags/example_task_group.py
[2023-09-07T16:17:55.100+0000] {processor.py:839} INFO - DAG(s) dict_keys(['example_task_group']) retrieved from /home/airflow/.local/lib/python3.8/site-packages/airflow/example_dags/example_task_group.py
[2023-09-07T16:17:55.118+0000] {logging_mixin.py:151} INFO - [2023-09-07T16:17:55.118+0000] {dag.py:2907} INFO - Sync 1 DAGs
[2023-09-07T16:17:55.132+0000] {logging_mixin.py:151} INFO - [2023-09-07T16:17:55.132+0000] {dag.py:3677} INFO - Setting next_dagrun for example_task_group to 2023-09-06T16:17:55.132537+00:00, run_after=2023-09-07T16:17:55.132537+00:00
[2023-09-07T16:17:55.143+0000] {processor.py:179} INFO - Processing /home/airflow/.local/lib/python3.8/site-packages/airflow/example_dags/example_task_group.py took 0.057 seconds
[2023-09-07T16:18:25.299+0000] {processor.py:157} INFO - Started process (PID=9499) to work on /home/airflow/.local/lib/python3.8/site-packages/airflow/example_dags/example_task_group.py
[2023-09-07T16:18:25.301+0000] {processor.py:829} INFO - Processing file /home/airflow/.local/lib/python3.8/site-packages/airflow/example_dags/example_task_group.py for tasks to queue
[2023-09-07T16:18:25.301+0000] {logging_mixin.py:151} INFO - [2023-09-07T16:18:25.301+0000] {dagbag.py:539} INFO - Filling up the DagBag from /home/airflow/.local/lib/python3.8/site-packages/airflow/example_dags/example_task_group.py
[2023-09-07T16:18:25.308+0000] {processor.py:839} INFO - DAG(s) dict_keys(['example_task_group']) retrieved from /home/airflow/.local/lib/python3.8/site-packages/airflow/example_dags/example_task_group.py
[2023-09-07T16:18:25.324+0000] {logging_mixin.py:151} INFO - [2023-09-07T16:18:25.324+0000] {dag.py:2907} INFO - Sync 1 DAGs
[2023-09-07T16:18:25.337+0000] {logging_mixin.py:151} INFO - [2023-09-07T16:18:25.336+0000] {dag.py:3677} INFO - Setting next_dagrun for example_task_group to 2023-09-06T16:18:25.336668+00:00, run_after=2023-09-07T16:18:25.336668+00:00
[2023-09-07T16:18:25.346+0000] {processor.py:179} INFO - Processing /home/airflow/.local/lib/python3.8/site-packages/airflow/example_dags/example_task_group.py took 0.050 seconds
[2023-09-07T16:18:55.498+0000] {processor.py:157} INFO - Started process (PID=9735) to work on /home/airflow/.local/lib/python3.8/site-packages/airflow/example_dags/example_task_group.py
[2023-09-07T16:18:55.499+0000] {processor.py:829} INFO - Processing file /home/airflow/.local/lib/python3.8/site-packages/airflow/example_dags/example_task_group.py for tasks to queue
[2023-09-07T16:18:55.500+0000] {logging_mixin.py:151} INFO - [2023-09-07T16:18:55.500+0000] {dagbag.py:539} INFO - Filling up the DagBag from /home/airflow/.local/lib/python3.8/site-packages/airflow/example_dags/example_task_group.py
[2023-09-07T16:18:55.507+0000] {processor.py:839} INFO - DAG(s) dict_keys(['example_task_group']) retrieved from /home/airflow/.local/lib/python3.8/site-packages/airflow/example_dags/example_task_group.py
[2023-09-07T16:18:55.526+0000] {logging_mixin.py:151} INFO - [2023-09-07T16:18:55.526+0000] {dag.py:2907} INFO - Sync 1 DAGs
[2023-09-07T16:18:55.543+0000] {logging_mixin.py:151} INFO - [2023-09-07T16:18:55.542+0000] {dag.py:3677} INFO - Setting next_dagrun for example_task_group to 2023-09-06T16:18:55.542611+00:00, run_after=2023-09-07T16:18:55.542611+00:00
[2023-09-07T16:18:55.562+0000] {processor.py:179} INFO - Processing /home/airflow/.local/lib/python3.8/site-packages/airflow/example_dags/example_task_group.py took 0.067 seconds
[2023-09-07T16:19:25.926+0000] {processor.py:157} INFO - Started process (PID=9975) to work on /home/airflow/.local/lib/python3.8/site-packages/airflow/example_dags/example_task_group.py
[2023-09-07T16:19:25.927+0000] {processor.py:829} INFO - Processing file /home/airflow/.local/lib/python3.8/site-packages/airflow/example_dags/example_task_group.py for tasks to queue
[2023-09-07T16:19:25.928+0000] {logging_mixin.py:151} INFO - [2023-09-07T16:19:25.928+0000] {dagbag.py:539} INFO - Filling up the DagBag from /home/airflow/.local/lib/python3.8/site-packages/airflow/example_dags/example_task_group.py
[2023-09-07T16:19:25.939+0000] {processor.py:839} INFO - DAG(s) dict_keys(['example_task_group']) retrieved from /home/airflow/.local/lib/python3.8/site-packages/airflow/example_dags/example_task_group.py
[2023-09-07T16:19:25.964+0000] {logging_mixin.py:151} INFO - [2023-09-07T16:19:25.964+0000] {dag.py:2907} INFO - Sync 1 DAGs
[2023-09-07T16:19:25.978+0000] {logging_mixin.py:151} INFO - [2023-09-07T16:19:25.978+0000] {dag.py:3677} INFO - Setting next_dagrun for example_task_group to 2023-09-06T16:19:25.978289+00:00, run_after=2023-09-07T16:19:25.978289+00:00
[2023-09-07T16:19:25.988+0000] {processor.py:179} INFO - Processing /home/airflow/.local/lib/python3.8/site-packages/airflow/example_dags/example_task_group.py took 0.065 seconds
[2023-09-07T16:19:56.411+0000] {processor.py:157} INFO - Started process (PID=10211) to work on /home/airflow/.local/lib/python3.8/site-packages/airflow/example_dags/example_task_group.py
[2023-09-07T16:19:56.413+0000] {processor.py:829} INFO - Processing file /home/airflow/.local/lib/python3.8/site-packages/airflow/example_dags/example_task_group.py for tasks to queue
[2023-09-07T16:19:56.414+0000] {logging_mixin.py:151} INFO - [2023-09-07T16:19:56.414+0000] {dagbag.py:539} INFO - Filling up the DagBag from /home/airflow/.local/lib/python3.8/site-packages/airflow/example_dags/example_task_group.py
[2023-09-07T16:19:56.421+0000] {processor.py:839} INFO - DAG(s) dict_keys(['example_task_group']) retrieved from /home/airflow/.local/lib/python3.8/site-packages/airflow/example_dags/example_task_group.py
[2023-09-07T16:19:56.446+0000] {logging_mixin.py:151} INFO - [2023-09-07T16:19:56.446+0000] {dag.py:2907} INFO - Sync 1 DAGs
[2023-09-07T16:19:56.461+0000] {logging_mixin.py:151} INFO - [2023-09-07T16:19:56.461+0000] {dag.py:3677} INFO - Setting next_dagrun for example_task_group to 2023-09-06T16:19:56.460741+00:00, run_after=2023-09-07T16:19:56.460741+00:00
[2023-09-07T16:19:56.471+0000] {processor.py:179} INFO - Processing /home/airflow/.local/lib/python3.8/site-packages/airflow/example_dags/example_task_group.py took 0.063 seconds
[2023-09-07T16:20:26.836+0000] {processor.py:157} INFO - Started process (PID=10449) to work on /home/airflow/.local/lib/python3.8/site-packages/airflow/example_dags/example_task_group.py
[2023-09-07T16:20:26.838+0000] {processor.py:829} INFO - Processing file /home/airflow/.local/lib/python3.8/site-packages/airflow/example_dags/example_task_group.py for tasks to queue
[2023-09-07T16:20:26.839+0000] {logging_mixin.py:151} INFO - [2023-09-07T16:20:26.838+0000] {dagbag.py:539} INFO - Filling up the DagBag from /home/airflow/.local/lib/python3.8/site-packages/airflow/example_dags/example_task_group.py
[2023-09-07T16:20:26.845+0000] {processor.py:839} INFO - DAG(s) dict_keys(['example_task_group']) retrieved from /home/airflow/.local/lib/python3.8/site-packages/airflow/example_dags/example_task_group.py
[2023-09-07T16:20:26.864+0000] {logging_mixin.py:151} INFO - [2023-09-07T16:20:26.864+0000] {dag.py:2907} INFO - Sync 1 DAGs
[2023-09-07T16:20:26.883+0000] {logging_mixin.py:151} INFO - [2023-09-07T16:20:26.883+0000] {dag.py:3677} INFO - Setting next_dagrun for example_task_group to 2023-09-06T16:20:26.882917+00:00, run_after=2023-09-07T16:20:26.882917+00:00
[2023-09-07T16:20:26.895+0000] {processor.py:179} INFO - Processing /home/airflow/.local/lib/python3.8/site-packages/airflow/example_dags/example_task_group.py took 0.062 seconds
[2023-09-07T16:20:57.417+0000] {processor.py:157} INFO - Started process (PID=10686) to work on /home/airflow/.local/lib/python3.8/site-packages/airflow/example_dags/example_task_group.py
[2023-09-07T16:20:57.422+0000] {processor.py:829} INFO - Processing file /home/airflow/.local/lib/python3.8/site-packages/airflow/example_dags/example_task_group.py for tasks to queue
[2023-09-07T16:20:57.423+0000] {logging_mixin.py:151} INFO - [2023-09-07T16:20:57.423+0000] {dagbag.py:539} INFO - Filling up the DagBag from /home/airflow/.local/lib/python3.8/site-packages/airflow/example_dags/example_task_group.py
[2023-09-07T16:20:57.430+0000] {processor.py:839} INFO - DAG(s) dict_keys(['example_task_group']) retrieved from /home/airflow/.local/lib/python3.8/site-packages/airflow/example_dags/example_task_group.py
[2023-09-07T16:20:57.454+0000] {logging_mixin.py:151} INFO - [2023-09-07T16:20:57.454+0000] {dag.py:2907} INFO - Sync 1 DAGs
[2023-09-07T16:20:57.475+0000] {logging_mixin.py:151} INFO - [2023-09-07T16:20:57.475+0000] {dag.py:3677} INFO - Setting next_dagrun for example_task_group to 2023-09-06T16:20:57.475086+00:00, run_after=2023-09-07T16:20:57.475086+00:00
[2023-09-07T16:20:57.489+0000] {processor.py:179} INFO - Processing /home/airflow/.local/lib/python3.8/site-packages/airflow/example_dags/example_task_group.py took 0.076 seconds
[2023-09-07T16:21:27.778+0000] {processor.py:157} INFO - Started process (PID=10924) to work on /home/airflow/.local/lib/python3.8/site-packages/airflow/example_dags/example_task_group.py
[2023-09-07T16:21:27.781+0000] {processor.py:829} INFO - Processing file /home/airflow/.local/lib/python3.8/site-packages/airflow/example_dags/example_task_group.py for tasks to queue
[2023-09-07T16:21:27.782+0000] {logging_mixin.py:151} INFO - [2023-09-07T16:21:27.781+0000] {dagbag.py:539} INFO - Filling up the DagBag from /home/airflow/.local/lib/python3.8/site-packages/airflow/example_dags/example_task_group.py
[2023-09-07T16:21:27.791+0000] {processor.py:839} INFO - DAG(s) dict_keys(['example_task_group']) retrieved from /home/airflow/.local/lib/python3.8/site-packages/airflow/example_dags/example_task_group.py
[2023-09-07T16:21:27.812+0000] {logging_mixin.py:151} INFO - [2023-09-07T16:21:27.812+0000] {dag.py:2907} INFO - Sync 1 DAGs
[2023-09-07T16:21:27.827+0000] {logging_mixin.py:151} INFO - [2023-09-07T16:21:27.827+0000] {dag.py:3677} INFO - Setting next_dagrun for example_task_group to 2023-09-06T16:21:27.826851+00:00, run_after=2023-09-07T16:21:27.826851+00:00
[2023-09-07T16:21:27.838+0000] {processor.py:179} INFO - Processing /home/airflow/.local/lib/python3.8/site-packages/airflow/example_dags/example_task_group.py took 0.063 seconds
[2023-09-07T16:21:58.363+0000] {processor.py:157} INFO - Started process (PID=11164) to work on /home/airflow/.local/lib/python3.8/site-packages/airflow/example_dags/example_task_group.py
[2023-09-07T16:21:58.364+0000] {processor.py:829} INFO - Processing file /home/airflow/.local/lib/python3.8/site-packages/airflow/example_dags/example_task_group.py for tasks to queue
[2023-09-07T16:21:58.365+0000] {logging_mixin.py:151} INFO - [2023-09-07T16:21:58.365+0000] {dagbag.py:539} INFO - Filling up the DagBag from /home/airflow/.local/lib/python3.8/site-packages/airflow/example_dags/example_task_group.py
[2023-09-07T16:21:58.372+0000] {processor.py:839} INFO - DAG(s) dict_keys(['example_task_group']) retrieved from /home/airflow/.local/lib/python3.8/site-packages/airflow/example_dags/example_task_group.py
[2023-09-07T16:21:58.393+0000] {logging_mixin.py:151} INFO - [2023-09-07T16:21:58.393+0000] {dag.py:2907} INFO - Sync 1 DAGs
[2023-09-07T16:21:58.421+0000] {logging_mixin.py:151} INFO - [2023-09-07T16:21:58.421+0000] {dag.py:3677} INFO - Setting next_dagrun for example_task_group to 2023-09-06T16:21:58.421149+00:00, run_after=2023-09-07T16:21:58.421149+00:00
[2023-09-07T16:21:58.437+0000] {processor.py:179} INFO - Processing /home/airflow/.local/lib/python3.8/site-packages/airflow/example_dags/example_task_group.py took 0.077 seconds
[2023-09-07T16:22:29.013+0000] {processor.py:157} INFO - Started process (PID=11401) to work on /home/airflow/.local/lib/python3.8/site-packages/airflow/example_dags/example_task_group.py
[2023-09-07T16:22:29.015+0000] {processor.py:829} INFO - Processing file /home/airflow/.local/lib/python3.8/site-packages/airflow/example_dags/example_task_group.py for tasks to queue
[2023-09-07T16:22:29.016+0000] {logging_mixin.py:151} INFO - [2023-09-07T16:22:29.016+0000] {dagbag.py:539} INFO - Filling up the DagBag from /home/airflow/.local/lib/python3.8/site-packages/airflow/example_dags/example_task_group.py
[2023-09-07T16:22:29.023+0000] {processor.py:839} INFO - DAG(s) dict_keys(['example_task_group']) retrieved from /home/airflow/.local/lib/python3.8/site-packages/airflow/example_dags/example_task_group.py
[2023-09-07T16:22:29.041+0000] {logging_mixin.py:151} INFO - [2023-09-07T16:22:29.041+0000] {dag.py:2907} INFO - Sync 1 DAGs
[2023-09-07T16:22:29.055+0000] {logging_mixin.py:151} INFO - [2023-09-07T16:22:29.055+0000] {dag.py:3677} INFO - Setting next_dagrun for example_task_group to 2023-09-06T16:22:29.054202+00:00, run_after=2023-09-07T16:22:29.054202+00:00
[2023-09-07T16:22:29.072+0000] {processor.py:179} INFO - Processing /home/airflow/.local/lib/python3.8/site-packages/airflow/example_dags/example_task_group.py took 0.063 seconds
[2023-09-07T16:22:59.430+0000] {processor.py:157} INFO - Started process (PID=11639) to work on /home/airflow/.local/lib/python3.8/site-packages/airflow/example_dags/example_task_group.py
[2023-09-07T16:22:59.433+0000] {processor.py:829} INFO - Processing file /home/airflow/.local/lib/python3.8/site-packages/airflow/example_dags/example_task_group.py for tasks to queue
[2023-09-07T16:22:59.435+0000] {logging_mixin.py:151} INFO - [2023-09-07T16:22:59.434+0000] {dagbag.py:539} INFO - Filling up the DagBag from /home/airflow/.local/lib/python3.8/site-packages/airflow/example_dags/example_task_group.py
[2023-09-07T16:22:59.444+0000] {processor.py:839} INFO - DAG(s) dict_keys(['example_task_group']) retrieved from /home/airflow/.local/lib/python3.8/site-packages/airflow/example_dags/example_task_group.py
[2023-09-07T16:22:59.464+0000] {logging_mixin.py:151} INFO - [2023-09-07T16:22:59.464+0000] {dag.py:2907} INFO - Sync 1 DAGs
[2023-09-07T16:22:59.478+0000] {logging_mixin.py:151} INFO - [2023-09-07T16:22:59.478+0000] {dag.py:3677} INFO - Setting next_dagrun for example_task_group to 2023-09-06T16:22:59.477716+00:00, run_after=2023-09-07T16:22:59.477716+00:00
[2023-09-07T16:22:59.489+0000] {processor.py:179} INFO - Processing /home/airflow/.local/lib/python3.8/site-packages/airflow/example_dags/example_task_group.py took 0.061 seconds
[2023-09-07T16:23:30.055+0000] {processor.py:157} INFO - Started process (PID=11877) to work on /home/airflow/.local/lib/python3.8/site-packages/airflow/example_dags/example_task_group.py
[2023-09-07T16:23:30.057+0000] {processor.py:829} INFO - Processing file /home/airflow/.local/lib/python3.8/site-packages/airflow/example_dags/example_task_group.py for tasks to queue
[2023-09-07T16:23:30.058+0000] {logging_mixin.py:151} INFO - [2023-09-07T16:23:30.057+0000] {dagbag.py:539} INFO - Filling up the DagBag from /home/airflow/.local/lib/python3.8/site-packages/airflow/example_dags/example_task_group.py
[2023-09-07T16:23:30.064+0000] {processor.py:839} INFO - DAG(s) dict_keys(['example_task_group']) retrieved from /home/airflow/.local/lib/python3.8/site-packages/airflow/example_dags/example_task_group.py
[2023-09-07T16:23:30.082+0000] {logging_mixin.py:151} INFO - [2023-09-07T16:23:30.082+0000] {dag.py:2907} INFO - Sync 1 DAGs
[2023-09-07T16:23:30.096+0000] {logging_mixin.py:151} INFO - [2023-09-07T16:23:30.095+0000] {dag.py:3677} INFO - Setting next_dagrun for example_task_group to 2023-09-06T16:23:30.095631+00:00, run_after=2023-09-07T16:23:30.095631+00:00
[2023-09-07T16:23:30.107+0000] {processor.py:179} INFO - Processing /home/airflow/.local/lib/python3.8/site-packages/airflow/example_dags/example_task_group.py took 0.055 seconds
[2023-09-07T16:24:00.631+0000] {processor.py:157} INFO - Started process (PID=12115) to work on /home/airflow/.local/lib/python3.8/site-packages/airflow/example_dags/example_task_group.py
[2023-09-07T16:24:00.632+0000] {processor.py:829} INFO - Processing file /home/airflow/.local/lib/python3.8/site-packages/airflow/example_dags/example_task_group.py for tasks to queue
[2023-09-07T16:24:00.633+0000] {logging_mixin.py:151} INFO - [2023-09-07T16:24:00.633+0000] {dagbag.py:539} INFO - Filling up the DagBag from /home/airflow/.local/lib/python3.8/site-packages/airflow/example_dags/example_task_group.py
[2023-09-07T16:24:00.642+0000] {processor.py:839} INFO - DAG(s) dict_keys(['example_task_group']) retrieved from /home/airflow/.local/lib/python3.8/site-packages/airflow/example_dags/example_task_group.py
[2023-09-07T16:24:00.660+0000] {logging_mixin.py:151} INFO - [2023-09-07T16:24:00.660+0000] {dag.py:2907} INFO - Sync 1 DAGs
[2023-09-07T16:24:00.674+0000] {logging_mixin.py:151} INFO - [2023-09-07T16:24:00.674+0000] {dag.py:3677} INFO - Setting next_dagrun for example_task_group to 2023-09-06T16:24:00.673891+00:00, run_after=2023-09-07T16:24:00.673891+00:00
[2023-09-07T16:24:00.685+0000] {processor.py:179} INFO - Processing /home/airflow/.local/lib/python3.8/site-packages/airflow/example_dags/example_task_group.py took 0.057 seconds
[2023-09-07T16:24:31.126+0000] {processor.py:157} INFO - Started process (PID=12353) to work on /home/airflow/.local/lib/python3.8/site-packages/airflow/example_dags/example_task_group.py
[2023-09-07T16:24:31.127+0000] {processor.py:829} INFO - Processing file /home/airflow/.local/lib/python3.8/site-packages/airflow/example_dags/example_task_group.py for tasks to queue
[2023-09-07T16:24:31.129+0000] {logging_mixin.py:151} INFO - [2023-09-07T16:24:31.128+0000] {dagbag.py:539} INFO - Filling up the DagBag from /home/airflow/.local/lib/python3.8/site-packages/airflow/example_dags/example_task_group.py
[2023-09-07T16:24:31.137+0000] {processor.py:839} INFO - DAG(s) dict_keys(['example_task_group']) retrieved from /home/airflow/.local/lib/python3.8/site-packages/airflow/example_dags/example_task_group.py
[2023-09-07T16:24:31.156+0000] {logging_mixin.py:151} INFO - [2023-09-07T16:24:31.156+0000] {dag.py:2907} INFO - Sync 1 DAGs
[2023-09-07T16:24:31.169+0000] {logging_mixin.py:151} INFO - [2023-09-07T16:24:31.169+0000] {dag.py:3677} INFO - Setting next_dagrun for example_task_group to 2023-09-06T16:24:31.169310+00:00, run_after=2023-09-07T16:24:31.169310+00:00
[2023-09-07T16:24:31.180+0000] {processor.py:179} INFO - Processing /home/airflow/.local/lib/python3.8/site-packages/airflow/example_dags/example_task_group.py took 0.057 seconds
[2023-09-07T16:25:01.468+0000] {processor.py:157} INFO - Started process (PID=12590) to work on /home/airflow/.local/lib/python3.8/site-packages/airflow/example_dags/example_task_group.py
[2023-09-07T16:25:01.469+0000] {processor.py:829} INFO - Processing file /home/airflow/.local/lib/python3.8/site-packages/airflow/example_dags/example_task_group.py for tasks to queue
[2023-09-07T16:25:01.471+0000] {logging_mixin.py:151} INFO - [2023-09-07T16:25:01.471+0000] {dagbag.py:539} INFO - Filling up the DagBag from /home/airflow/.local/lib/python3.8/site-packages/airflow/example_dags/example_task_group.py
[2023-09-07T16:25:01.482+0000] {processor.py:839} INFO - DAG(s) dict_keys(['example_task_group']) retrieved from /home/airflow/.local/lib/python3.8/site-packages/airflow/example_dags/example_task_group.py
[2023-09-07T16:25:01.503+0000] {logging_mixin.py:151} INFO - [2023-09-07T16:25:01.503+0000] {dag.py:2907} INFO - Sync 1 DAGs
[2023-09-07T16:25:01.518+0000] {logging_mixin.py:151} INFO - [2023-09-07T16:25:01.518+0000] {dag.py:3677} INFO - Setting next_dagrun for example_task_group to 2023-09-06T16:25:01.517929+00:00, run_after=2023-09-07T16:25:01.517929+00:00
[2023-09-07T16:25:01.529+0000] {processor.py:179} INFO - Processing /home/airflow/.local/lib/python3.8/site-packages/airflow/example_dags/example_task_group.py took 0.064 seconds
[2023-09-07T16:25:31.985+0000] {processor.py:157} INFO - Started process (PID=12827) to work on /home/airflow/.local/lib/python3.8/site-packages/airflow/example_dags/example_task_group.py
[2023-09-07T16:25:31.987+0000] {processor.py:829} INFO - Processing file /home/airflow/.local/lib/python3.8/site-packages/airflow/example_dags/example_task_group.py for tasks to queue
[2023-09-07T16:25:31.988+0000] {logging_mixin.py:151} INFO - [2023-09-07T16:25:31.987+0000] {dagbag.py:539} INFO - Filling up the DagBag from /home/airflow/.local/lib/python3.8/site-packages/airflow/example_dags/example_task_group.py
[2023-09-07T16:25:31.994+0000] {processor.py:839} INFO - DAG(s) dict_keys(['example_task_group']) retrieved from /home/airflow/.local/lib/python3.8/site-packages/airflow/example_dags/example_task_group.py
[2023-09-07T16:25:32.012+0000] {logging_mixin.py:151} INFO - [2023-09-07T16:25:32.012+0000] {dag.py:2907} INFO - Sync 1 DAGs
[2023-09-07T16:25:32.025+0000] {logging_mixin.py:151} INFO - [2023-09-07T16:25:32.025+0000] {dag.py:3677} INFO - Setting next_dagrun for example_task_group to 2023-09-06T16:25:32.025422+00:00, run_after=2023-09-07T16:25:32.025422+00:00
[2023-09-07T16:25:32.035+0000] {processor.py:179} INFO - Processing /home/airflow/.local/lib/python3.8/site-packages/airflow/example_dags/example_task_group.py took 0.053 seconds
[2023-09-07T16:26:02.521+0000] {processor.py:157} INFO - Started process (PID=13067) to work on /home/airflow/.local/lib/python3.8/site-packages/airflow/example_dags/example_task_group.py
[2023-09-07T16:26:02.523+0000] {processor.py:829} INFO - Processing file /home/airflow/.local/lib/python3.8/site-packages/airflow/example_dags/example_task_group.py for tasks to queue
[2023-09-07T16:26:02.525+0000] {logging_mixin.py:151} INFO - [2023-09-07T16:26:02.524+0000] {dagbag.py:539} INFO - Filling up the DagBag from /home/airflow/.local/lib/python3.8/site-packages/airflow/example_dags/example_task_group.py
[2023-09-07T16:26:02.532+0000] {processor.py:839} INFO - DAG(s) dict_keys(['example_task_group']) retrieved from /home/airflow/.local/lib/python3.8/site-packages/airflow/example_dags/example_task_group.py
[2023-09-07T16:26:02.549+0000] {logging_mixin.py:151} INFO - [2023-09-07T16:26:02.549+0000] {dag.py:2907} INFO - Sync 1 DAGs
[2023-09-07T16:26:02.562+0000] {logging_mixin.py:151} INFO - [2023-09-07T16:26:02.562+0000] {dag.py:3677} INFO - Setting next_dagrun for example_task_group to 2023-09-06T16:26:02.562207+00:00, run_after=2023-09-07T16:26:02.562207+00:00
[2023-09-07T16:26:02.572+0000] {processor.py:179} INFO - Processing /home/airflow/.local/lib/python3.8/site-packages/airflow/example_dags/example_task_group.py took 0.055 seconds
[2023-09-07T16:26:33.491+0000] {processor.py:157} INFO - Started process (PID=13304) to work on /home/airflow/.local/lib/python3.8/site-packages/airflow/example_dags/example_task_group.py
[2023-09-07T16:26:33.493+0000] {processor.py:829} INFO - Processing file /home/airflow/.local/lib/python3.8/site-packages/airflow/example_dags/example_task_group.py for tasks to queue
[2023-09-07T16:26:33.494+0000] {logging_mixin.py:151} INFO - [2023-09-07T16:26:33.494+0000] {dagbag.py:539} INFO - Filling up the DagBag from /home/airflow/.local/lib/python3.8/site-packages/airflow/example_dags/example_task_group.py
[2023-09-07T16:26:33.502+0000] {processor.py:839} INFO - DAG(s) dict_keys(['example_task_group']) retrieved from /home/airflow/.local/lib/python3.8/site-packages/airflow/example_dags/example_task_group.py
[2023-09-07T16:26:33.520+0000] {logging_mixin.py:151} INFO - [2023-09-07T16:26:33.520+0000] {dag.py:2907} INFO - Sync 1 DAGs
[2023-09-07T16:26:33.534+0000] {logging_mixin.py:151} INFO - [2023-09-07T16:26:33.534+0000] {dag.py:3677} INFO - Setting next_dagrun for example_task_group to 2023-09-06T16:26:33.534338+00:00, run_after=2023-09-07T16:26:33.534338+00:00
[2023-09-07T16:26:33.544+0000] {processor.py:179} INFO - Processing /home/airflow/.local/lib/python3.8/site-packages/airflow/example_dags/example_task_group.py took 0.056 seconds
[2023-09-07T16:27:03.783+0000] {processor.py:157} INFO - Started process (PID=13542) to work on /home/airflow/.local/lib/python3.8/site-packages/airflow/example_dags/example_task_group.py
[2023-09-07T16:27:03.785+0000] {processor.py:829} INFO - Processing file /home/airflow/.local/lib/python3.8/site-packages/airflow/example_dags/example_task_group.py for tasks to queue
[2023-09-07T16:27:03.786+0000] {logging_mixin.py:151} INFO - [2023-09-07T16:27:03.785+0000] {dagbag.py:539} INFO - Filling up the DagBag from /home/airflow/.local/lib/python3.8/site-packages/airflow/example_dags/example_task_group.py
[2023-09-07T16:27:03.794+0000] {processor.py:839} INFO - DAG(s) dict_keys(['example_task_group']) retrieved from /home/airflow/.local/lib/python3.8/site-packages/airflow/example_dags/example_task_group.py
[2023-09-07T16:27:03.829+0000] {logging_mixin.py:151} INFO - [2023-09-07T16:27:03.828+0000] {dag.py:2907} INFO - Sync 1 DAGs
[2023-09-07T16:27:03.846+0000] {logging_mixin.py:151} INFO - [2023-09-07T16:27:03.846+0000] {dag.py:3677} INFO - Setting next_dagrun for example_task_group to 2023-09-06T16:27:03.846454+00:00, run_after=2023-09-07T16:27:03.846454+00:00
[2023-09-07T16:27:03.859+0000] {processor.py:179} INFO - Processing /home/airflow/.local/lib/python3.8/site-packages/airflow/example_dags/example_task_group.py took 0.080 seconds
[2023-09-07T16:27:34.212+0000] {processor.py:157} INFO - Started process (PID=13783) to work on /home/airflow/.local/lib/python3.8/site-packages/airflow/example_dags/example_task_group.py
[2023-09-07T16:27:34.213+0000] {processor.py:829} INFO - Processing file /home/airflow/.local/lib/python3.8/site-packages/airflow/example_dags/example_task_group.py for tasks to queue
[2023-09-07T16:27:34.214+0000] {logging_mixin.py:151} INFO - [2023-09-07T16:27:34.214+0000] {dagbag.py:539} INFO - Filling up the DagBag from /home/airflow/.local/lib/python3.8/site-packages/airflow/example_dags/example_task_group.py
[2023-09-07T16:27:34.220+0000] {processor.py:839} INFO - DAG(s) dict_keys(['example_task_group']) retrieved from /home/airflow/.local/lib/python3.8/site-packages/airflow/example_dags/example_task_group.py
[2023-09-07T16:27:34.238+0000] {logging_mixin.py:151} INFO - [2023-09-07T16:27:34.238+0000] {dag.py:2907} INFO - Sync 1 DAGs
[2023-09-07T16:27:34.251+0000] {logging_mixin.py:151} INFO - [2023-09-07T16:27:34.251+0000] {dag.py:3677} INFO - Setting next_dagrun for example_task_group to 2023-09-06T16:27:34.251270+00:00, run_after=2023-09-07T16:27:34.251270+00:00
[2023-09-07T16:27:34.262+0000] {processor.py:179} INFO - Processing /home/airflow/.local/lib/python3.8/site-packages/airflow/example_dags/example_task_group.py took 0.053 seconds
[2023-09-07T16:28:04.670+0000] {processor.py:157} INFO - Started process (PID=14021) to work on /home/airflow/.local/lib/python3.8/site-packages/airflow/example_dags/example_task_group.py
[2023-09-07T16:28:04.672+0000] {processor.py:829} INFO - Processing file /home/airflow/.local/lib/python3.8/site-packages/airflow/example_dags/example_task_group.py for tasks to queue
[2023-09-07T16:28:04.673+0000] {logging_mixin.py:151} INFO - [2023-09-07T16:28:04.672+0000] {dagbag.py:539} INFO - Filling up the DagBag from /home/airflow/.local/lib/python3.8/site-packages/airflow/example_dags/example_task_group.py
[2023-09-07T16:28:04.679+0000] {processor.py:839} INFO - DAG(s) dict_keys(['example_task_group']) retrieved from /home/airflow/.local/lib/python3.8/site-packages/airflow/example_dags/example_task_group.py
[2023-09-07T16:28:04.695+0000] {logging_mixin.py:151} INFO - [2023-09-07T16:28:04.695+0000] {dag.py:2907} INFO - Sync 1 DAGs
[2023-09-07T16:28:04.708+0000] {logging_mixin.py:151} INFO - [2023-09-07T16:28:04.708+0000] {dag.py:3677} INFO - Setting next_dagrun for example_task_group to 2023-09-06T16:28:04.708587+00:00, run_after=2023-09-07T16:28:04.708587+00:00
[2023-09-07T16:28:04.719+0000] {processor.py:179} INFO - Processing /home/airflow/.local/lib/python3.8/site-packages/airflow/example_dags/example_task_group.py took 0.051 seconds
[2023-09-07T16:28:35.067+0000] {processor.py:157} INFO - Started process (PID=14259) to work on /home/airflow/.local/lib/python3.8/site-packages/airflow/example_dags/example_task_group.py
[2023-09-07T16:28:35.069+0000] {processor.py:829} INFO - Processing file /home/airflow/.local/lib/python3.8/site-packages/airflow/example_dags/example_task_group.py for tasks to queue
[2023-09-07T16:28:35.070+0000] {logging_mixin.py:151} INFO - [2023-09-07T16:28:35.070+0000] {dagbag.py:539} INFO - Filling up the DagBag from /home/airflow/.local/lib/python3.8/site-packages/airflow/example_dags/example_task_group.py
[2023-09-07T16:28:35.081+0000] {processor.py:839} INFO - DAG(s) dict_keys(['example_task_group']) retrieved from /home/airflow/.local/lib/python3.8/site-packages/airflow/example_dags/example_task_group.py
[2023-09-07T16:28:35.103+0000] {logging_mixin.py:151} INFO - [2023-09-07T16:28:35.102+0000] {dag.py:2907} INFO - Sync 1 DAGs
[2023-09-07T16:28:35.120+0000] {logging_mixin.py:151} INFO - [2023-09-07T16:28:35.120+0000] {dag.py:3677} INFO - Setting next_dagrun for example_task_group to 2023-09-06T16:28:35.119300+00:00, run_after=2023-09-07T16:28:35.119300+00:00
[2023-09-07T16:28:35.140+0000] {processor.py:179} INFO - Processing /home/airflow/.local/lib/python3.8/site-packages/airflow/example_dags/example_task_group.py took 0.077 seconds
[2023-09-07T16:29:06.929+0000] {processor.py:157} INFO - Started process (PID=14496) to work on /home/airflow/.local/lib/python3.8/site-packages/airflow/example_dags/example_task_group.py
[2023-09-07T16:29:06.930+0000] {processor.py:829} INFO - Processing file /home/airflow/.local/lib/python3.8/site-packages/airflow/example_dags/example_task_group.py for tasks to queue
[2023-09-07T16:29:06.931+0000] {logging_mixin.py:151} INFO - [2023-09-07T16:29:06.931+0000] {dagbag.py:539} INFO - Filling up the DagBag from /home/airflow/.local/lib/python3.8/site-packages/airflow/example_dags/example_task_group.py
[2023-09-07T16:29:06.937+0000] {processor.py:839} INFO - DAG(s) dict_keys(['example_task_group']) retrieved from /home/airflow/.local/lib/python3.8/site-packages/airflow/example_dags/example_task_group.py
[2023-09-07T16:29:06.954+0000] {logging_mixin.py:151} INFO - [2023-09-07T16:29:06.954+0000] {dag.py:2907} INFO - Sync 1 DAGs
[2023-09-07T16:29:06.966+0000] {logging_mixin.py:151} INFO - [2023-09-07T16:29:06.966+0000] {dag.py:3677} INFO - Setting next_dagrun for example_task_group to 2023-09-06T16:29:06.966565+00:00, run_after=2023-09-07T16:29:06.966565+00:00
[2023-09-07T16:29:06.976+0000] {processor.py:179} INFO - Processing /home/airflow/.local/lib/python3.8/site-packages/airflow/example_dags/example_task_group.py took 0.049 seconds
[2023-09-07T16:30:57.743+0000] {processor.py:157} INFO - Started process (PID=14730) to work on /home/airflow/.local/lib/python3.8/site-packages/airflow/example_dags/example_task_group.py
[2023-09-07T16:30:57.745+0000] {processor.py:829} INFO - Processing file /home/airflow/.local/lib/python3.8/site-packages/airflow/example_dags/example_task_group.py for tasks to queue
[2023-09-07T16:30:57.747+0000] {logging_mixin.py:151} INFO - [2023-09-07T16:30:57.746+0000] {dagbag.py:539} INFO - Filling up the DagBag from /home/airflow/.local/lib/python3.8/site-packages/airflow/example_dags/example_task_group.py
[2023-09-07T16:30:57.764+0000] {processor.py:839} INFO - DAG(s) dict_keys(['example_task_group']) retrieved from /home/airflow/.local/lib/python3.8/site-packages/airflow/example_dags/example_task_group.py
[2023-09-07T16:30:57.813+0000] {logging_mixin.py:151} INFO - [2023-09-07T16:30:57.813+0000] {dag.py:2907} INFO - Sync 1 DAGs
[2023-09-07T16:30:57.838+0000] {logging_mixin.py:151} INFO - [2023-09-07T16:30:57.838+0000] {dag.py:3677} INFO - Setting next_dagrun for example_task_group to 2023-09-06T16:30:57.838211+00:00, run_after=2023-09-07T16:30:57.838211+00:00
[2023-09-07T16:30:57.862+0000] {processor.py:179} INFO - Processing /home/airflow/.local/lib/python3.8/site-packages/airflow/example_dags/example_task_group.py took 0.123 seconds
[2023-09-07T16:31:28.041+0000] {processor.py:157} INFO - Started process (PID=14970) to work on /home/airflow/.local/lib/python3.8/site-packages/airflow/example_dags/example_task_group.py
[2023-09-07T16:31:28.042+0000] {processor.py:829} INFO - Processing file /home/airflow/.local/lib/python3.8/site-packages/airflow/example_dags/example_task_group.py for tasks to queue
[2023-09-07T16:31:28.043+0000] {logging_mixin.py:151} INFO - [2023-09-07T16:31:28.043+0000] {dagbag.py:539} INFO - Filling up the DagBag from /home/airflow/.local/lib/python3.8/site-packages/airflow/example_dags/example_task_group.py
[2023-09-07T16:31:28.050+0000] {processor.py:839} INFO - DAG(s) dict_keys(['example_task_group']) retrieved from /home/airflow/.local/lib/python3.8/site-packages/airflow/example_dags/example_task_group.py
[2023-09-07T16:31:28.067+0000] {logging_mixin.py:151} INFO - [2023-09-07T16:31:28.066+0000] {dag.py:2907} INFO - Sync 1 DAGs
[2023-09-07T16:31:28.083+0000] {logging_mixin.py:151} INFO - [2023-09-07T16:31:28.083+0000] {dag.py:3677} INFO - Setting next_dagrun for example_task_group to 2023-09-06T16:31:28.082514+00:00, run_after=2023-09-07T16:31:28.082514+00:00
[2023-09-07T16:31:28.097+0000] {processor.py:179} INFO - Processing /home/airflow/.local/lib/python3.8/site-packages/airflow/example_dags/example_task_group.py took 0.058 seconds
[2023-09-07T16:31:58.853+0000] {processor.py:157} INFO - Started process (PID=15208) to work on /home/airflow/.local/lib/python3.8/site-packages/airflow/example_dags/example_task_group.py
[2023-09-07T16:31:58.854+0000] {processor.py:829} INFO - Processing file /home/airflow/.local/lib/python3.8/site-packages/airflow/example_dags/example_task_group.py for tasks to queue
[2023-09-07T16:31:58.855+0000] {logging_mixin.py:151} INFO - [2023-09-07T16:31:58.855+0000] {dagbag.py:539} INFO - Filling up the DagBag from /home/airflow/.local/lib/python3.8/site-packages/airflow/example_dags/example_task_group.py
[2023-09-07T16:31:58.862+0000] {processor.py:839} INFO - DAG(s) dict_keys(['example_task_group']) retrieved from /home/airflow/.local/lib/python3.8/site-packages/airflow/example_dags/example_task_group.py
[2023-09-07T16:31:58.879+0000] {logging_mixin.py:151} INFO - [2023-09-07T16:31:58.879+0000] {dag.py:2907} INFO - Sync 1 DAGs
[2023-09-07T16:31:58.893+0000] {logging_mixin.py:151} INFO - [2023-09-07T16:31:58.893+0000] {dag.py:3677} INFO - Setting next_dagrun for example_task_group to 2023-09-06T16:31:58.893144+00:00, run_after=2023-09-07T16:31:58.893144+00:00
[2023-09-07T16:31:58.904+0000] {processor.py:179} INFO - Processing /home/airflow/.local/lib/python3.8/site-packages/airflow/example_dags/example_task_group.py took 0.054 seconds
[2023-09-07T16:32:30.991+0000] {processor.py:157} INFO - Started process (PID=15444) to work on /home/airflow/.local/lib/python3.8/site-packages/airflow/example_dags/example_task_group.py
[2023-09-07T16:32:30.994+0000] {processor.py:829} INFO - Processing file /home/airflow/.local/lib/python3.8/site-packages/airflow/example_dags/example_task_group.py for tasks to queue
[2023-09-07T16:32:30.997+0000] {logging_mixin.py:151} INFO - [2023-09-07T16:32:30.997+0000] {dagbag.py:539} INFO - Filling up the DagBag from /home/airflow/.local/lib/python3.8/site-packages/airflow/example_dags/example_task_group.py
[2023-09-07T16:32:31.087+0000] {processor.py:839} INFO - DAG(s) dict_keys(['example_task_group']) retrieved from /home/airflow/.local/lib/python3.8/site-packages/airflow/example_dags/example_task_group.py
[2023-09-07T16:32:31.141+0000] {logging_mixin.py:151} INFO - [2023-09-07T16:32:31.141+0000] {dag.py:2907} INFO - Sync 1 DAGs
[2023-09-07T16:32:31.212+0000] {logging_mixin.py:151} INFO - [2023-09-07T16:32:31.212+0000] {dag.py:3677} INFO - Setting next_dagrun for example_task_group to 2023-09-06T16:32:31.211722+00:00, run_after=2023-09-07T16:32:31.211722+00:00
[2023-09-07T16:32:31.232+0000] {processor.py:179} INFO - Processing /home/airflow/.local/lib/python3.8/site-packages/airflow/example_dags/example_task_group.py took 0.246 seconds
[2023-09-07T16:33:01.663+0000] {processor.py:157} INFO - Started process (PID=15684) to work on /home/airflow/.local/lib/python3.8/site-packages/airflow/example_dags/example_task_group.py
[2023-09-07T16:33:01.664+0000] {processor.py:829} INFO - Processing file /home/airflow/.local/lib/python3.8/site-packages/airflow/example_dags/example_task_group.py for tasks to queue
[2023-09-07T16:33:01.665+0000] {logging_mixin.py:151} INFO - [2023-09-07T16:33:01.665+0000] {dagbag.py:539} INFO - Filling up the DagBag from /home/airflow/.local/lib/python3.8/site-packages/airflow/example_dags/example_task_group.py
[2023-09-07T16:33:01.672+0000] {processor.py:839} INFO - DAG(s) dict_keys(['example_task_group']) retrieved from /home/airflow/.local/lib/python3.8/site-packages/airflow/example_dags/example_task_group.py
[2023-09-07T16:33:01.692+0000] {logging_mixin.py:151} INFO - [2023-09-07T16:33:01.691+0000] {dag.py:2907} INFO - Sync 1 DAGs
[2023-09-07T16:33:01.706+0000] {logging_mixin.py:151} INFO - [2023-09-07T16:33:01.706+0000] {dag.py:3677} INFO - Setting next_dagrun for example_task_group to 2023-09-06T16:33:01.705777+00:00, run_after=2023-09-07T16:33:01.705777+00:00
[2023-09-07T16:33:01.716+0000] {processor.py:179} INFO - Processing /home/airflow/.local/lib/python3.8/site-packages/airflow/example_dags/example_task_group.py took 0.056 seconds
[2023-09-07T16:33:32.242+0000] {processor.py:157} INFO - Started process (PID=15922) to work on /home/airflow/.local/lib/python3.8/site-packages/airflow/example_dags/example_task_group.py
[2023-09-07T16:33:32.244+0000] {processor.py:829} INFO - Processing file /home/airflow/.local/lib/python3.8/site-packages/airflow/example_dags/example_task_group.py for tasks to queue
[2023-09-07T16:33:32.246+0000] {logging_mixin.py:151} INFO - [2023-09-07T16:33:32.246+0000] {dagbag.py:539} INFO - Filling up the DagBag from /home/airflow/.local/lib/python3.8/site-packages/airflow/example_dags/example_task_group.py
[2023-09-07T16:33:32.256+0000] {processor.py:839} INFO - DAG(s) dict_keys(['example_task_group']) retrieved from /home/airflow/.local/lib/python3.8/site-packages/airflow/example_dags/example_task_group.py
[2023-09-07T16:33:32.530+0000] {logging_mixin.py:151} INFO - [2023-09-07T16:33:32.525+0000] {dag.py:2907} INFO - Sync 1 DAGs
[2023-09-07T16:33:32.644+0000] {logging_mixin.py:151} INFO - [2023-09-07T16:33:32.644+0000] {dag.py:3677} INFO - Setting next_dagrun for example_task_group to 2023-09-06T16:33:32.643838+00:00, run_after=2023-09-07T16:33:32.643838+00:00
[2023-09-07T16:33:32.673+0000] {processor.py:179} INFO - Processing /home/airflow/.local/lib/python3.8/site-packages/airflow/example_dags/example_task_group.py took 0.433 seconds
[2023-09-07T16:34:02.896+0000] {processor.py:157} INFO - Started process (PID=16160) to work on /home/airflow/.local/lib/python3.8/site-packages/airflow/example_dags/example_task_group.py
[2023-09-07T16:34:02.898+0000] {processor.py:829} INFO - Processing file /home/airflow/.local/lib/python3.8/site-packages/airflow/example_dags/example_task_group.py for tasks to queue
[2023-09-07T16:34:02.899+0000] {logging_mixin.py:151} INFO - [2023-09-07T16:34:02.899+0000] {dagbag.py:539} INFO - Filling up the DagBag from /home/airflow/.local/lib/python3.8/site-packages/airflow/example_dags/example_task_group.py
[2023-09-07T16:34:02.905+0000] {processor.py:839} INFO - DAG(s) dict_keys(['example_task_group']) retrieved from /home/airflow/.local/lib/python3.8/site-packages/airflow/example_dags/example_task_group.py
[2023-09-07T16:34:02.927+0000] {logging_mixin.py:151} INFO - [2023-09-07T16:34:02.926+0000] {dag.py:2907} INFO - Sync 1 DAGs
[2023-09-07T16:34:02.941+0000] {logging_mixin.py:151} INFO - [2023-09-07T16:34:02.940+0000] {dag.py:3677} INFO - Setting next_dagrun for example_task_group to 2023-09-06T16:34:02.940702+00:00, run_after=2023-09-07T16:34:02.940702+00:00
[2023-09-07T16:34:02.952+0000] {processor.py:179} INFO - Processing /home/airflow/.local/lib/python3.8/site-packages/airflow/example_dags/example_task_group.py took 0.059 seconds
[2023-09-07T16:34:33.516+0000] {processor.py:157} INFO - Started process (PID=16398) to work on /home/airflow/.local/lib/python3.8/site-packages/airflow/example_dags/example_task_group.py
[2023-09-07T16:34:33.517+0000] {processor.py:829} INFO - Processing file /home/airflow/.local/lib/python3.8/site-packages/airflow/example_dags/example_task_group.py for tasks to queue
[2023-09-07T16:34:33.518+0000] {logging_mixin.py:151} INFO - [2023-09-07T16:34:33.518+0000] {dagbag.py:539} INFO - Filling up the DagBag from /home/airflow/.local/lib/python3.8/site-packages/airflow/example_dags/example_task_group.py
[2023-09-07T16:34:33.525+0000] {processor.py:839} INFO - DAG(s) dict_keys(['example_task_group']) retrieved from /home/airflow/.local/lib/python3.8/site-packages/airflow/example_dags/example_task_group.py
[2023-09-07T16:34:33.543+0000] {logging_mixin.py:151} INFO - [2023-09-07T16:34:33.542+0000] {dag.py:2907} INFO - Sync 1 DAGs
[2023-09-07T16:34:33.555+0000] {logging_mixin.py:151} INFO - [2023-09-07T16:34:33.555+0000] {dag.py:3677} INFO - Setting next_dagrun for example_task_group to 2023-09-06T16:34:33.555301+00:00, run_after=2023-09-07T16:34:33.555301+00:00
[2023-09-07T16:34:33.565+0000] {processor.py:179} INFO - Processing /home/airflow/.local/lib/python3.8/site-packages/airflow/example_dags/example_task_group.py took 0.053 seconds
[2023-09-07T16:35:04.424+0000] {processor.py:157} INFO - Started process (PID=16636) to work on /home/airflow/.local/lib/python3.8/site-packages/airflow/example_dags/example_task_group.py
[2023-09-07T16:35:04.425+0000] {processor.py:829} INFO - Processing file /home/airflow/.local/lib/python3.8/site-packages/airflow/example_dags/example_task_group.py for tasks to queue
[2023-09-07T16:35:04.426+0000] {logging_mixin.py:151} INFO - [2023-09-07T16:35:04.426+0000] {dagbag.py:539} INFO - Filling up the DagBag from /home/airflow/.local/lib/python3.8/site-packages/airflow/example_dags/example_task_group.py
[2023-09-07T16:35:04.435+0000] {processor.py:839} INFO - DAG(s) dict_keys(['example_task_group']) retrieved from /home/airflow/.local/lib/python3.8/site-packages/airflow/example_dags/example_task_group.py
[2023-09-07T16:35:04.471+0000] {logging_mixin.py:151} INFO - [2023-09-07T16:35:04.471+0000] {dag.py:2907} INFO - Sync 1 DAGs
[2023-09-07T16:35:04.493+0000] {logging_mixin.py:151} INFO - [2023-09-07T16:35:04.493+0000] {dag.py:3677} INFO - Setting next_dagrun for example_task_group to 2023-09-06T16:35:04.492911+00:00, run_after=2023-09-07T16:35:04.492911+00:00
[2023-09-07T16:35:04.511+0000] {processor.py:179} INFO - Processing /home/airflow/.local/lib/python3.8/site-packages/airflow/example_dags/example_task_group.py took 0.091 seconds
