[2023-09-07T15:58:23.770+0000] {processor.py:157} INFO - Started process (PID=172) to work on /home/airflow/.local/lib/python3.8/site-packages/airflow/example_dags/example_bash_operator.py
[2023-09-07T15:58:23.771+0000] {processor.py:829} INFO - Processing file /home/airflow/.local/lib/python3.8/site-packages/airflow/example_dags/example_bash_operator.py for tasks to queue
[2023-09-07T15:58:23.772+0000] {logging_mixin.py:151} INFO - [2023-09-07T15:58:23.772+0000] {dagbag.py:539} INFO - Filling up the DagBag from /home/airflow/.local/lib/python3.8/site-packages/airflow/example_dags/example_bash_operator.py
[2023-09-07T15:58:23.786+0000] {processor.py:839} INFO - DAG(s) dict_keys(['example_bash_operator']) retrieved from /home/airflow/.local/lib/python3.8/site-packages/airflow/example_dags/example_bash_operator.py
[2023-09-07T15:58:23.803+0000] {logging_mixin.py:151} INFO - [2023-09-07T15:58:23.802+0000] {dag.py:2907} INFO - Sync 1 DAGs
[2023-09-07T15:58:23.833+0000] {logging_mixin.py:151} INFO - [2023-09-07T15:58:23.833+0000] {dag.py:3677} INFO - Setting next_dagrun for example_bash_operator to 2023-09-06T00:00:00+00:00, run_after=2023-09-07T00:00:00+00:00
[2023-09-07T15:58:23.849+0000] {processor.py:179} INFO - Processing /home/airflow/.local/lib/python3.8/site-packages/airflow/example_dags/example_bash_operator.py took 0.083 seconds
[2023-09-07T15:58:54.124+0000] {processor.py:157} INFO - Started process (PID=410) to work on /home/airflow/.local/lib/python3.8/site-packages/airflow/example_dags/example_bash_operator.py
[2023-09-07T15:58:54.125+0000] {processor.py:829} INFO - Processing file /home/airflow/.local/lib/python3.8/site-packages/airflow/example_dags/example_bash_operator.py for tasks to queue
[2023-09-07T15:58:54.126+0000] {logging_mixin.py:151} INFO - [2023-09-07T15:58:54.126+0000] {dagbag.py:539} INFO - Filling up the DagBag from /home/airflow/.local/lib/python3.8/site-packages/airflow/example_dags/example_bash_operator.py
[2023-09-07T15:58:54.135+0000] {processor.py:839} INFO - DAG(s) dict_keys(['example_bash_operator']) retrieved from /home/airflow/.local/lib/python3.8/site-packages/airflow/example_dags/example_bash_operator.py
[2023-09-07T15:58:54.157+0000] {logging_mixin.py:151} INFO - [2023-09-07T15:58:54.156+0000] {dag.py:2907} INFO - Sync 1 DAGs
[2023-09-07T15:58:54.170+0000] {logging_mixin.py:151} INFO - [2023-09-07T15:58:54.170+0000] {dag.py:3677} INFO - Setting next_dagrun for example_bash_operator to 2023-09-06T00:00:00+00:00, run_after=2023-09-07T00:00:00+00:00
[2023-09-07T15:58:54.180+0000] {processor.py:179} INFO - Processing /home/airflow/.local/lib/python3.8/site-packages/airflow/example_dags/example_bash_operator.py took 0.059 seconds
[2023-09-07T15:59:25.525+0000] {processor.py:157} INFO - Started process (PID=650) to work on /home/airflow/.local/lib/python3.8/site-packages/airflow/example_dags/example_bash_operator.py
[2023-09-07T15:59:25.526+0000] {processor.py:829} INFO - Processing file /home/airflow/.local/lib/python3.8/site-packages/airflow/example_dags/example_bash_operator.py for tasks to queue
[2023-09-07T15:59:25.527+0000] {logging_mixin.py:151} INFO - [2023-09-07T15:59:25.527+0000] {dagbag.py:539} INFO - Filling up the DagBag from /home/airflow/.local/lib/python3.8/site-packages/airflow/example_dags/example_bash_operator.py
[2023-09-07T15:59:25.536+0000] {processor.py:839} INFO - DAG(s) dict_keys(['example_bash_operator']) retrieved from /home/airflow/.local/lib/python3.8/site-packages/airflow/example_dags/example_bash_operator.py
[2023-09-07T15:59:25.688+0000] {logging_mixin.py:151} INFO - [2023-09-07T15:59:25.688+0000] {dag.py:2907} INFO - Sync 1 DAGs
[2023-09-07T15:59:25.705+0000] {logging_mixin.py:151} INFO - [2023-09-07T15:59:25.705+0000] {dag.py:3677} INFO - Setting next_dagrun for example_bash_operator to 2023-09-06T00:00:00+00:00, run_after=2023-09-07T00:00:00+00:00
[2023-09-07T15:59:25.724+0000] {processor.py:179} INFO - Processing /home/airflow/.local/lib/python3.8/site-packages/airflow/example_dags/example_bash_operator.py took 0.202 seconds
[2023-09-07T15:59:56.598+0000] {processor.py:157} INFO - Started process (PID=888) to work on /home/airflow/.local/lib/python3.8/site-packages/airflow/example_dags/example_bash_operator.py
[2023-09-07T15:59:56.600+0000] {processor.py:829} INFO - Processing file /home/airflow/.local/lib/python3.8/site-packages/airflow/example_dags/example_bash_operator.py for tasks to queue
[2023-09-07T15:59:56.602+0000] {logging_mixin.py:151} INFO - [2023-09-07T15:59:56.602+0000] {dagbag.py:539} INFO - Filling up the DagBag from /home/airflow/.local/lib/python3.8/site-packages/airflow/example_dags/example_bash_operator.py
[2023-09-07T15:59:56.617+0000] {processor.py:839} INFO - DAG(s) dict_keys(['example_bash_operator']) retrieved from /home/airflow/.local/lib/python3.8/site-packages/airflow/example_dags/example_bash_operator.py
[2023-09-07T15:59:56.652+0000] {logging_mixin.py:151} INFO - [2023-09-07T15:59:56.652+0000] {dag.py:2907} INFO - Sync 1 DAGs
[2023-09-07T15:59:56.692+0000] {logging_mixin.py:151} INFO - [2023-09-07T15:59:56.691+0000] {dag.py:3677} INFO - Setting next_dagrun for example_bash_operator to 2023-09-06T00:00:00+00:00, run_after=2023-09-07T00:00:00+00:00
[2023-09-07T15:59:56.713+0000] {processor.py:179} INFO - Processing /home/airflow/.local/lib/python3.8/site-packages/airflow/example_dags/example_bash_operator.py took 0.120 seconds
[2023-09-07T16:00:27.774+0000] {processor.py:157} INFO - Started process (PID=1123) to work on /home/airflow/.local/lib/python3.8/site-packages/airflow/example_dags/example_bash_operator.py
[2023-09-07T16:00:27.779+0000] {processor.py:829} INFO - Processing file /home/airflow/.local/lib/python3.8/site-packages/airflow/example_dags/example_bash_operator.py for tasks to queue
[2023-09-07T16:00:27.785+0000] {logging_mixin.py:151} INFO - [2023-09-07T16:00:27.784+0000] {dagbag.py:539} INFO - Filling up the DagBag from /home/airflow/.local/lib/python3.8/site-packages/airflow/example_dags/example_bash_operator.py
[2023-09-07T16:00:27.801+0000] {processor.py:839} INFO - DAG(s) dict_keys(['example_bash_operator']) retrieved from /home/airflow/.local/lib/python3.8/site-packages/airflow/example_dags/example_bash_operator.py
[2023-09-07T16:00:27.846+0000] {logging_mixin.py:151} INFO - [2023-09-07T16:00:27.846+0000] {dag.py:2907} INFO - Sync 1 DAGs
[2023-09-07T16:00:27.877+0000] {logging_mixin.py:151} INFO - [2023-09-07T16:00:27.877+0000] {dag.py:3677} INFO - Setting next_dagrun for example_bash_operator to 2023-09-06T00:00:00+00:00, run_after=2023-09-07T00:00:00+00:00
[2023-09-07T16:00:27.900+0000] {processor.py:179} INFO - Processing /home/airflow/.local/lib/python3.8/site-packages/airflow/example_dags/example_bash_operator.py took 0.145 seconds
[2023-09-07T16:00:58.679+0000] {processor.py:157} INFO - Started process (PID=1387) to work on /home/airflow/.local/lib/python3.8/site-packages/airflow/example_dags/example_bash_operator.py
[2023-09-07T16:00:58.680+0000] {processor.py:829} INFO - Processing file /home/airflow/.local/lib/python3.8/site-packages/airflow/example_dags/example_bash_operator.py for tasks to queue
[2023-09-07T16:00:58.681+0000] {logging_mixin.py:151} INFO - [2023-09-07T16:00:58.681+0000] {dagbag.py:539} INFO - Filling up the DagBag from /home/airflow/.local/lib/python3.8/site-packages/airflow/example_dags/example_bash_operator.py
[2023-09-07T16:00:58.696+0000] {processor.py:839} INFO - DAG(s) dict_keys(['example_bash_operator']) retrieved from /home/airflow/.local/lib/python3.8/site-packages/airflow/example_dags/example_bash_operator.py
[2023-09-07T16:00:58.732+0000] {logging_mixin.py:151} INFO - [2023-09-07T16:00:58.732+0000] {dag.py:2907} INFO - Sync 1 DAGs
[2023-09-07T16:00:58.753+0000] {logging_mixin.py:151} INFO - [2023-09-07T16:00:58.752+0000] {dag.py:3677} INFO - Setting next_dagrun for example_bash_operator to 2023-09-07T00:00:00+00:00, run_after=2023-09-08T00:00:00+00:00
[2023-09-07T16:00:58.767+0000] {processor.py:179} INFO - Processing /home/airflow/.local/lib/python3.8/site-packages/airflow/example_dags/example_bash_operator.py took 0.091 seconds
[2023-09-07T16:01:29.174+0000] {processor.py:157} INFO - Started process (PID=1623) to work on /home/airflow/.local/lib/python3.8/site-packages/airflow/example_dags/example_bash_operator.py
[2023-09-07T16:01:29.176+0000] {processor.py:829} INFO - Processing file /home/airflow/.local/lib/python3.8/site-packages/airflow/example_dags/example_bash_operator.py for tasks to queue
[2023-09-07T16:01:29.177+0000] {logging_mixin.py:151} INFO - [2023-09-07T16:01:29.177+0000] {dagbag.py:539} INFO - Filling up the DagBag from /home/airflow/.local/lib/python3.8/site-packages/airflow/example_dags/example_bash_operator.py
[2023-09-07T16:01:29.191+0000] {processor.py:839} INFO - DAG(s) dict_keys(['example_bash_operator']) retrieved from /home/airflow/.local/lib/python3.8/site-packages/airflow/example_dags/example_bash_operator.py
[2023-09-07T16:01:29.242+0000] {logging_mixin.py:151} INFO - [2023-09-07T16:01:29.242+0000] {dag.py:2907} INFO - Sync 1 DAGs
[2023-09-07T16:01:29.263+0000] {logging_mixin.py:151} INFO - [2023-09-07T16:01:29.263+0000] {dag.py:3677} INFO - Setting next_dagrun for example_bash_operator to 2023-09-07T00:00:00+00:00, run_after=2023-09-08T00:00:00+00:00
[2023-09-07T16:01:29.277+0000] {processor.py:179} INFO - Processing /home/airflow/.local/lib/python3.8/site-packages/airflow/example_dags/example_bash_operator.py took 0.108 seconds
[2023-09-07T16:02:00.542+0000] {processor.py:157} INFO - Started process (PID=1862) to work on /home/airflow/.local/lib/python3.8/site-packages/airflow/example_dags/example_bash_operator.py
[2023-09-07T16:02:00.544+0000] {processor.py:829} INFO - Processing file /home/airflow/.local/lib/python3.8/site-packages/airflow/example_dags/example_bash_operator.py for tasks to queue
[2023-09-07T16:02:00.545+0000] {logging_mixin.py:151} INFO - [2023-09-07T16:02:00.545+0000] {dagbag.py:539} INFO - Filling up the DagBag from /home/airflow/.local/lib/python3.8/site-packages/airflow/example_dags/example_bash_operator.py
[2023-09-07T16:02:00.558+0000] {processor.py:839} INFO - DAG(s) dict_keys(['example_bash_operator']) retrieved from /home/airflow/.local/lib/python3.8/site-packages/airflow/example_dags/example_bash_operator.py
[2023-09-07T16:02:00.584+0000] {logging_mixin.py:151} INFO - [2023-09-07T16:02:00.584+0000] {dag.py:2907} INFO - Sync 1 DAGs
[2023-09-07T16:02:00.608+0000] {logging_mixin.py:151} INFO - [2023-09-07T16:02:00.608+0000] {dag.py:3677} INFO - Setting next_dagrun for example_bash_operator to 2023-09-07T00:00:00+00:00, run_after=2023-09-08T00:00:00+00:00
[2023-09-07T16:02:00.624+0000] {processor.py:179} INFO - Processing /home/airflow/.local/lib/python3.8/site-packages/airflow/example_dags/example_bash_operator.py took 0.086 seconds
[2023-09-07T16:02:31.140+0000] {processor.py:157} INFO - Started process (PID=2099) to work on /home/airflow/.local/lib/python3.8/site-packages/airflow/example_dags/example_bash_operator.py
[2023-09-07T16:02:31.141+0000] {processor.py:829} INFO - Processing file /home/airflow/.local/lib/python3.8/site-packages/airflow/example_dags/example_bash_operator.py for tasks to queue
[2023-09-07T16:02:31.142+0000] {logging_mixin.py:151} INFO - [2023-09-07T16:02:31.142+0000] {dagbag.py:539} INFO - Filling up the DagBag from /home/airflow/.local/lib/python3.8/site-packages/airflow/example_dags/example_bash_operator.py
[2023-09-07T16:02:31.152+0000] {processor.py:839} INFO - DAG(s) dict_keys(['example_bash_operator']) retrieved from /home/airflow/.local/lib/python3.8/site-packages/airflow/example_dags/example_bash_operator.py
[2023-09-07T16:02:31.176+0000] {logging_mixin.py:151} INFO - [2023-09-07T16:02:31.176+0000] {dag.py:2907} INFO - Sync 1 DAGs
[2023-09-07T16:02:31.191+0000] {logging_mixin.py:151} INFO - [2023-09-07T16:02:31.191+0000] {dag.py:3677} INFO - Setting next_dagrun for example_bash_operator to 2023-09-07T00:00:00+00:00, run_after=2023-09-08T00:00:00+00:00
[2023-09-07T16:02:31.202+0000] {processor.py:179} INFO - Processing /home/airflow/.local/lib/python3.8/site-packages/airflow/example_dags/example_bash_operator.py took 0.065 seconds
[2023-09-07T16:03:02.346+0000] {processor.py:157} INFO - Started process (PID=2337) to work on /home/airflow/.local/lib/python3.8/site-packages/airflow/example_dags/example_bash_operator.py
[2023-09-07T16:03:02.348+0000] {processor.py:829} INFO - Processing file /home/airflow/.local/lib/python3.8/site-packages/airflow/example_dags/example_bash_operator.py for tasks to queue
[2023-09-07T16:03:02.350+0000] {logging_mixin.py:151} INFO - [2023-09-07T16:03:02.349+0000] {dagbag.py:539} INFO - Filling up the DagBag from /home/airflow/.local/lib/python3.8/site-packages/airflow/example_dags/example_bash_operator.py
[2023-09-07T16:03:02.364+0000] {processor.py:839} INFO - DAG(s) dict_keys(['example_bash_operator']) retrieved from /home/airflow/.local/lib/python3.8/site-packages/airflow/example_dags/example_bash_operator.py
[2023-09-07T16:03:02.404+0000] {logging_mixin.py:151} INFO - [2023-09-07T16:03:02.404+0000] {dag.py:2907} INFO - Sync 1 DAGs
[2023-09-07T16:03:02.432+0000] {logging_mixin.py:151} INFO - [2023-09-07T16:03:02.432+0000] {dag.py:3677} INFO - Setting next_dagrun for example_bash_operator to 2023-09-07T00:00:00+00:00, run_after=2023-09-08T00:00:00+00:00
[2023-09-07T16:03:02.448+0000] {processor.py:179} INFO - Processing /home/airflow/.local/lib/python3.8/site-packages/airflow/example_dags/example_bash_operator.py took 0.105 seconds
[2023-09-07T16:03:32.668+0000] {processor.py:157} INFO - Started process (PID=2575) to work on /home/airflow/.local/lib/python3.8/site-packages/airflow/example_dags/example_bash_operator.py
[2023-09-07T16:03:32.669+0000] {processor.py:829} INFO - Processing file /home/airflow/.local/lib/python3.8/site-packages/airflow/example_dags/example_bash_operator.py for tasks to queue
[2023-09-07T16:03:32.670+0000] {logging_mixin.py:151} INFO - [2023-09-07T16:03:32.670+0000] {dagbag.py:539} INFO - Filling up the DagBag from /home/airflow/.local/lib/python3.8/site-packages/airflow/example_dags/example_bash_operator.py
[2023-09-07T16:03:32.680+0000] {processor.py:839} INFO - DAG(s) dict_keys(['example_bash_operator']) retrieved from /home/airflow/.local/lib/python3.8/site-packages/airflow/example_dags/example_bash_operator.py
[2023-09-07T16:03:32.704+0000] {logging_mixin.py:151} INFO - [2023-09-07T16:03:32.703+0000] {dag.py:2907} INFO - Sync 1 DAGs
[2023-09-07T16:03:32.721+0000] {logging_mixin.py:151} INFO - [2023-09-07T16:03:32.721+0000] {dag.py:3677} INFO - Setting next_dagrun for example_bash_operator to 2023-09-07T00:00:00+00:00, run_after=2023-09-08T00:00:00+00:00
[2023-09-07T16:03:32.731+0000] {processor.py:179} INFO - Processing /home/airflow/.local/lib/python3.8/site-packages/airflow/example_dags/example_bash_operator.py took 0.067 seconds
[2023-09-07T16:04:03.391+0000] {processor.py:157} INFO - Started process (PID=2813) to work on /home/airflow/.local/lib/python3.8/site-packages/airflow/example_dags/example_bash_operator.py
[2023-09-07T16:04:03.392+0000] {processor.py:829} INFO - Processing file /home/airflow/.local/lib/python3.8/site-packages/airflow/example_dags/example_bash_operator.py for tasks to queue
[2023-09-07T16:04:03.394+0000] {logging_mixin.py:151} INFO - [2023-09-07T16:04:03.394+0000] {dagbag.py:539} INFO - Filling up the DagBag from /home/airflow/.local/lib/python3.8/site-packages/airflow/example_dags/example_bash_operator.py
[2023-09-07T16:04:03.407+0000] {processor.py:839} INFO - DAG(s) dict_keys(['example_bash_operator']) retrieved from /home/airflow/.local/lib/python3.8/site-packages/airflow/example_dags/example_bash_operator.py
[2023-09-07T16:04:03.431+0000] {logging_mixin.py:151} INFO - [2023-09-07T16:04:03.431+0000] {dag.py:2907} INFO - Sync 1 DAGs
[2023-09-07T16:04:03.451+0000] {logging_mixin.py:151} INFO - [2023-09-07T16:04:03.451+0000] {dag.py:3677} INFO - Setting next_dagrun for example_bash_operator to 2023-09-07T00:00:00+00:00, run_after=2023-09-08T00:00:00+00:00
[2023-09-07T16:04:03.463+0000] {processor.py:179} INFO - Processing /home/airflow/.local/lib/python3.8/site-packages/airflow/example_dags/example_bash_operator.py took 0.078 seconds
[2023-09-07T16:04:34.461+0000] {processor.py:157} INFO - Started process (PID=3051) to work on /home/airflow/.local/lib/python3.8/site-packages/airflow/example_dags/example_bash_operator.py
[2023-09-07T16:04:34.463+0000] {processor.py:829} INFO - Processing file /home/airflow/.local/lib/python3.8/site-packages/airflow/example_dags/example_bash_operator.py for tasks to queue
[2023-09-07T16:04:34.464+0000] {logging_mixin.py:151} INFO - [2023-09-07T16:04:34.464+0000] {dagbag.py:539} INFO - Filling up the DagBag from /home/airflow/.local/lib/python3.8/site-packages/airflow/example_dags/example_bash_operator.py
[2023-09-07T16:04:34.474+0000] {processor.py:839} INFO - DAG(s) dict_keys(['example_bash_operator']) retrieved from /home/airflow/.local/lib/python3.8/site-packages/airflow/example_dags/example_bash_operator.py
[2023-09-07T16:04:34.497+0000] {logging_mixin.py:151} INFO - [2023-09-07T16:04:34.497+0000] {dag.py:2907} INFO - Sync 1 DAGs
[2023-09-07T16:04:34.512+0000] {logging_mixin.py:151} INFO - [2023-09-07T16:04:34.512+0000] {dag.py:3677} INFO - Setting next_dagrun for example_bash_operator to 2023-09-07T00:00:00+00:00, run_after=2023-09-08T00:00:00+00:00
[2023-09-07T16:04:34.528+0000] {processor.py:179} INFO - Processing /home/airflow/.local/lib/python3.8/site-packages/airflow/example_dags/example_bash_operator.py took 0.071 seconds
[2023-09-07T16:05:05.747+0000] {processor.py:157} INFO - Started process (PID=3289) to work on /home/airflow/.local/lib/python3.8/site-packages/airflow/example_dags/example_bash_operator.py
[2023-09-07T16:05:05.748+0000] {processor.py:829} INFO - Processing file /home/airflow/.local/lib/python3.8/site-packages/airflow/example_dags/example_bash_operator.py for tasks to queue
[2023-09-07T16:05:05.750+0000] {logging_mixin.py:151} INFO - [2023-09-07T16:05:05.749+0000] {dagbag.py:539} INFO - Filling up the DagBag from /home/airflow/.local/lib/python3.8/site-packages/airflow/example_dags/example_bash_operator.py
[2023-09-07T16:05:05.759+0000] {processor.py:839} INFO - DAG(s) dict_keys(['example_bash_operator']) retrieved from /home/airflow/.local/lib/python3.8/site-packages/airflow/example_dags/example_bash_operator.py
[2023-09-07T16:05:05.783+0000] {logging_mixin.py:151} INFO - [2023-09-07T16:05:05.783+0000] {dag.py:2907} INFO - Sync 1 DAGs
[2023-09-07T16:05:05.797+0000] {logging_mixin.py:151} INFO - [2023-09-07T16:05:05.797+0000] {dag.py:3677} INFO - Setting next_dagrun for example_bash_operator to 2023-09-07T00:00:00+00:00, run_after=2023-09-08T00:00:00+00:00
[2023-09-07T16:05:05.809+0000] {processor.py:179} INFO - Processing /home/airflow/.local/lib/python3.8/site-packages/airflow/example_dags/example_bash_operator.py took 0.065 seconds
[2023-09-07T16:05:36.487+0000] {processor.py:157} INFO - Started process (PID=3528) to work on /home/airflow/.local/lib/python3.8/site-packages/airflow/example_dags/example_bash_operator.py
[2023-09-07T16:05:36.493+0000] {processor.py:829} INFO - Processing file /home/airflow/.local/lib/python3.8/site-packages/airflow/example_dags/example_bash_operator.py for tasks to queue
[2023-09-07T16:05:36.494+0000] {logging_mixin.py:151} INFO - [2023-09-07T16:05:36.494+0000] {dagbag.py:539} INFO - Filling up the DagBag from /home/airflow/.local/lib/python3.8/site-packages/airflow/example_dags/example_bash_operator.py
[2023-09-07T16:05:36.506+0000] {processor.py:839} INFO - DAG(s) dict_keys(['example_bash_operator']) retrieved from /home/airflow/.local/lib/python3.8/site-packages/airflow/example_dags/example_bash_operator.py
[2023-09-07T16:05:36.535+0000] {logging_mixin.py:151} INFO - [2023-09-07T16:05:36.535+0000] {dag.py:2907} INFO - Sync 1 DAGs
[2023-09-07T16:05:36.551+0000] {logging_mixin.py:151} INFO - [2023-09-07T16:05:36.551+0000] {dag.py:3677} INFO - Setting next_dagrun for example_bash_operator to 2023-09-07T00:00:00+00:00, run_after=2023-09-08T00:00:00+00:00
[2023-09-07T16:05:36.567+0000] {processor.py:179} INFO - Processing /home/airflow/.local/lib/python3.8/site-packages/airflow/example_dags/example_bash_operator.py took 0.087 seconds
[2023-09-07T16:06:07.643+0000] {processor.py:157} INFO - Started process (PID=3766) to work on /home/airflow/.local/lib/python3.8/site-packages/airflow/example_dags/example_bash_operator.py
[2023-09-07T16:06:07.645+0000] {processor.py:829} INFO - Processing file /home/airflow/.local/lib/python3.8/site-packages/airflow/example_dags/example_bash_operator.py for tasks to queue
[2023-09-07T16:06:07.646+0000] {logging_mixin.py:151} INFO - [2023-09-07T16:06:07.646+0000] {dagbag.py:539} INFO - Filling up the DagBag from /home/airflow/.local/lib/python3.8/site-packages/airflow/example_dags/example_bash_operator.py
[2023-09-07T16:06:07.658+0000] {processor.py:839} INFO - DAG(s) dict_keys(['example_bash_operator']) retrieved from /home/airflow/.local/lib/python3.8/site-packages/airflow/example_dags/example_bash_operator.py
[2023-09-07T16:06:07.690+0000] {logging_mixin.py:151} INFO - [2023-09-07T16:06:07.690+0000] {dag.py:2907} INFO - Sync 1 DAGs
[2023-09-07T16:06:07.705+0000] {logging_mixin.py:151} INFO - [2023-09-07T16:06:07.705+0000] {dag.py:3677} INFO - Setting next_dagrun for example_bash_operator to 2023-09-07T00:00:00+00:00, run_after=2023-09-08T00:00:00+00:00
[2023-09-07T16:06:07.715+0000] {processor.py:179} INFO - Processing /home/airflow/.local/lib/python3.8/site-packages/airflow/example_dags/example_bash_operator.py took 0.075 seconds
[2023-09-07T16:06:38.617+0000] {processor.py:157} INFO - Started process (PID=4004) to work on /home/airflow/.local/lib/python3.8/site-packages/airflow/example_dags/example_bash_operator.py
[2023-09-07T16:06:38.619+0000] {processor.py:829} INFO - Processing file /home/airflow/.local/lib/python3.8/site-packages/airflow/example_dags/example_bash_operator.py for tasks to queue
[2023-09-07T16:06:38.620+0000] {logging_mixin.py:151} INFO - [2023-09-07T16:06:38.620+0000] {dagbag.py:539} INFO - Filling up the DagBag from /home/airflow/.local/lib/python3.8/site-packages/airflow/example_dags/example_bash_operator.py
[2023-09-07T16:06:38.630+0000] {processor.py:839} INFO - DAG(s) dict_keys(['example_bash_operator']) retrieved from /home/airflow/.local/lib/python3.8/site-packages/airflow/example_dags/example_bash_operator.py
[2023-09-07T16:06:38.652+0000] {logging_mixin.py:151} INFO - [2023-09-07T16:06:38.652+0000] {dag.py:2907} INFO - Sync 1 DAGs
[2023-09-07T16:06:38.668+0000] {logging_mixin.py:151} INFO - [2023-09-07T16:06:38.667+0000] {dag.py:3677} INFO - Setting next_dagrun for example_bash_operator to 2023-09-07T00:00:00+00:00, run_after=2023-09-08T00:00:00+00:00
[2023-09-07T16:06:38.685+0000] {processor.py:179} INFO - Processing /home/airflow/.local/lib/python3.8/site-packages/airflow/example_dags/example_bash_operator.py took 0.071 seconds
[2023-09-07T16:07:09.544+0000] {processor.py:157} INFO - Started process (PID=4242) to work on /home/airflow/.local/lib/python3.8/site-packages/airflow/example_dags/example_bash_operator.py
[2023-09-07T16:07:09.547+0000] {processor.py:829} INFO - Processing file /home/airflow/.local/lib/python3.8/site-packages/airflow/example_dags/example_bash_operator.py for tasks to queue
[2023-09-07T16:07:09.549+0000] {logging_mixin.py:151} INFO - [2023-09-07T16:07:09.548+0000] {dagbag.py:539} INFO - Filling up the DagBag from /home/airflow/.local/lib/python3.8/site-packages/airflow/example_dags/example_bash_operator.py
[2023-09-07T16:07:09.559+0000] {processor.py:839} INFO - DAG(s) dict_keys(['example_bash_operator']) retrieved from /home/airflow/.local/lib/python3.8/site-packages/airflow/example_dags/example_bash_operator.py
[2023-09-07T16:07:09.581+0000] {logging_mixin.py:151} INFO - [2023-09-07T16:07:09.581+0000] {dag.py:2907} INFO - Sync 1 DAGs
[2023-09-07T16:07:09.595+0000] {logging_mixin.py:151} INFO - [2023-09-07T16:07:09.595+0000] {dag.py:3677} INFO - Setting next_dagrun for example_bash_operator to 2023-09-07T00:00:00+00:00, run_after=2023-09-08T00:00:00+00:00
[2023-09-07T16:07:09.607+0000] {processor.py:179} INFO - Processing /home/airflow/.local/lib/python3.8/site-packages/airflow/example_dags/example_bash_operator.py took 0.066 seconds
[2023-09-07T16:07:40.449+0000] {processor.py:157} INFO - Started process (PID=4480) to work on /home/airflow/.local/lib/python3.8/site-packages/airflow/example_dags/example_bash_operator.py
[2023-09-07T16:07:40.453+0000] {processor.py:829} INFO - Processing file /home/airflow/.local/lib/python3.8/site-packages/airflow/example_dags/example_bash_operator.py for tasks to queue
[2023-09-07T16:07:40.454+0000] {logging_mixin.py:151} INFO - [2023-09-07T16:07:40.454+0000] {dagbag.py:539} INFO - Filling up the DagBag from /home/airflow/.local/lib/python3.8/site-packages/airflow/example_dags/example_bash_operator.py
[2023-09-07T16:07:40.466+0000] {processor.py:839} INFO - DAG(s) dict_keys(['example_bash_operator']) retrieved from /home/airflow/.local/lib/python3.8/site-packages/airflow/example_dags/example_bash_operator.py
[2023-09-07T16:07:40.489+0000] {logging_mixin.py:151} INFO - [2023-09-07T16:07:40.489+0000] {dag.py:2907} INFO - Sync 1 DAGs
[2023-09-07T16:07:40.505+0000] {logging_mixin.py:151} INFO - [2023-09-07T16:07:40.505+0000] {dag.py:3677} INFO - Setting next_dagrun for example_bash_operator to 2023-09-07T00:00:00+00:00, run_after=2023-09-08T00:00:00+00:00
[2023-09-07T16:07:40.523+0000] {processor.py:179} INFO - Processing /home/airflow/.local/lib/python3.8/site-packages/airflow/example_dags/example_bash_operator.py took 0.079 seconds
[2023-09-07T16:08:11.489+0000] {processor.py:157} INFO - Started process (PID=4718) to work on /home/airflow/.local/lib/python3.8/site-packages/airflow/example_dags/example_bash_operator.py
[2023-09-07T16:08:11.491+0000] {processor.py:829} INFO - Processing file /home/airflow/.local/lib/python3.8/site-packages/airflow/example_dags/example_bash_operator.py for tasks to queue
[2023-09-07T16:08:11.492+0000] {logging_mixin.py:151} INFO - [2023-09-07T16:08:11.491+0000] {dagbag.py:539} INFO - Filling up the DagBag from /home/airflow/.local/lib/python3.8/site-packages/airflow/example_dags/example_bash_operator.py
[2023-09-07T16:08:11.501+0000] {processor.py:839} INFO - DAG(s) dict_keys(['example_bash_operator']) retrieved from /home/airflow/.local/lib/python3.8/site-packages/airflow/example_dags/example_bash_operator.py
[2023-09-07T16:08:11.523+0000] {logging_mixin.py:151} INFO - [2023-09-07T16:08:11.523+0000] {dag.py:2907} INFO - Sync 1 DAGs
[2023-09-07T16:08:11.539+0000] {logging_mixin.py:151} INFO - [2023-09-07T16:08:11.539+0000] {dag.py:3677} INFO - Setting next_dagrun for example_bash_operator to 2023-09-07T00:00:00+00:00, run_after=2023-09-08T00:00:00+00:00
[2023-09-07T16:08:11.550+0000] {processor.py:179} INFO - Processing /home/airflow/.local/lib/python3.8/site-packages/airflow/example_dags/example_bash_operator.py took 0.064 seconds
[2023-09-07T16:08:42.390+0000] {processor.py:157} INFO - Started process (PID=4956) to work on /home/airflow/.local/lib/python3.8/site-packages/airflow/example_dags/example_bash_operator.py
[2023-09-07T16:08:42.393+0000] {processor.py:829} INFO - Processing file /home/airflow/.local/lib/python3.8/site-packages/airflow/example_dags/example_bash_operator.py for tasks to queue
[2023-09-07T16:08:42.395+0000] {logging_mixin.py:151} INFO - [2023-09-07T16:08:42.394+0000] {dagbag.py:539} INFO - Filling up the DagBag from /home/airflow/.local/lib/python3.8/site-packages/airflow/example_dags/example_bash_operator.py
[2023-09-07T16:08:42.406+0000] {processor.py:839} INFO - DAG(s) dict_keys(['example_bash_operator']) retrieved from /home/airflow/.local/lib/python3.8/site-packages/airflow/example_dags/example_bash_operator.py
[2023-09-07T16:08:42.467+0000] {logging_mixin.py:151} INFO - [2023-09-07T16:08:42.466+0000] {dag.py:2907} INFO - Sync 1 DAGs
[2023-09-07T16:08:42.484+0000] {logging_mixin.py:151} INFO - [2023-09-07T16:08:42.484+0000] {dag.py:3677} INFO - Setting next_dagrun for example_bash_operator to 2023-09-07T00:00:00+00:00, run_after=2023-09-08T00:00:00+00:00
[2023-09-07T16:08:42.495+0000] {processor.py:179} INFO - Processing /home/airflow/.local/lib/python3.8/site-packages/airflow/example_dags/example_bash_operator.py took 0.109 seconds
[2023-09-07T16:09:12.774+0000] {processor.py:157} INFO - Started process (PID=5194) to work on /home/airflow/.local/lib/python3.8/site-packages/airflow/example_dags/example_bash_operator.py
[2023-09-07T16:09:12.776+0000] {processor.py:829} INFO - Processing file /home/airflow/.local/lib/python3.8/site-packages/airflow/example_dags/example_bash_operator.py for tasks to queue
[2023-09-07T16:09:12.777+0000] {logging_mixin.py:151} INFO - [2023-09-07T16:09:12.777+0000] {dagbag.py:539} INFO - Filling up the DagBag from /home/airflow/.local/lib/python3.8/site-packages/airflow/example_dags/example_bash_operator.py
[2023-09-07T16:09:12.787+0000] {processor.py:839} INFO - DAG(s) dict_keys(['example_bash_operator']) retrieved from /home/airflow/.local/lib/python3.8/site-packages/airflow/example_dags/example_bash_operator.py
[2023-09-07T16:09:12.809+0000] {logging_mixin.py:151} INFO - [2023-09-07T16:09:12.809+0000] {dag.py:2907} INFO - Sync 1 DAGs
[2023-09-07T16:09:12.823+0000] {logging_mixin.py:151} INFO - [2023-09-07T16:09:12.823+0000] {dag.py:3677} INFO - Setting next_dagrun for example_bash_operator to 2023-09-07T00:00:00+00:00, run_after=2023-09-08T00:00:00+00:00
[2023-09-07T16:09:12.833+0000] {processor.py:179} INFO - Processing /home/airflow/.local/lib/python3.8/site-packages/airflow/example_dags/example_bash_operator.py took 0.063 seconds
[2023-09-07T16:09:43.140+0000] {processor.py:157} INFO - Started process (PID=5432) to work on /home/airflow/.local/lib/python3.8/site-packages/airflow/example_dags/example_bash_operator.py
[2023-09-07T16:09:43.141+0000] {processor.py:829} INFO - Processing file /home/airflow/.local/lib/python3.8/site-packages/airflow/example_dags/example_bash_operator.py for tasks to queue
[2023-09-07T16:09:43.142+0000] {logging_mixin.py:151} INFO - [2023-09-07T16:09:43.142+0000] {dagbag.py:539} INFO - Filling up the DagBag from /home/airflow/.local/lib/python3.8/site-packages/airflow/example_dags/example_bash_operator.py
[2023-09-07T16:09:43.152+0000] {processor.py:839} INFO - DAG(s) dict_keys(['example_bash_operator']) retrieved from /home/airflow/.local/lib/python3.8/site-packages/airflow/example_dags/example_bash_operator.py
[2023-09-07T16:09:43.179+0000] {logging_mixin.py:151} INFO - [2023-09-07T16:09:43.179+0000] {dag.py:2907} INFO - Sync 1 DAGs
[2023-09-07T16:09:43.195+0000] {logging_mixin.py:151} INFO - [2023-09-07T16:09:43.195+0000] {dag.py:3677} INFO - Setting next_dagrun for example_bash_operator to 2023-09-07T00:00:00+00:00, run_after=2023-09-08T00:00:00+00:00
[2023-09-07T16:09:43.206+0000] {processor.py:179} INFO - Processing /home/airflow/.local/lib/python3.8/site-packages/airflow/example_dags/example_bash_operator.py took 0.069 seconds
[2023-09-07T16:10:13.956+0000] {processor.py:157} INFO - Started process (PID=5670) to work on /home/airflow/.local/lib/python3.8/site-packages/airflow/example_dags/example_bash_operator.py
[2023-09-07T16:10:13.959+0000] {processor.py:829} INFO - Processing file /home/airflow/.local/lib/python3.8/site-packages/airflow/example_dags/example_bash_operator.py for tasks to queue
[2023-09-07T16:10:13.960+0000] {logging_mixin.py:151} INFO - [2023-09-07T16:10:13.959+0000] {dagbag.py:539} INFO - Filling up the DagBag from /home/airflow/.local/lib/python3.8/site-packages/airflow/example_dags/example_bash_operator.py
[2023-09-07T16:10:13.969+0000] {processor.py:839} INFO - DAG(s) dict_keys(['example_bash_operator']) retrieved from /home/airflow/.local/lib/python3.8/site-packages/airflow/example_dags/example_bash_operator.py
[2023-09-07T16:10:13.991+0000] {logging_mixin.py:151} INFO - [2023-09-07T16:10:13.990+0000] {dag.py:2907} INFO - Sync 1 DAGs
[2023-09-07T16:10:14.005+0000] {logging_mixin.py:151} INFO - [2023-09-07T16:10:14.005+0000] {dag.py:3677} INFO - Setting next_dagrun for example_bash_operator to 2023-09-07T00:00:00+00:00, run_after=2023-09-08T00:00:00+00:00
[2023-09-07T16:10:14.016+0000] {processor.py:179} INFO - Processing /home/airflow/.local/lib/python3.8/site-packages/airflow/example_dags/example_bash_operator.py took 0.062 seconds
[2023-09-07T16:10:44.505+0000] {processor.py:157} INFO - Started process (PID=5909) to work on /home/airflow/.local/lib/python3.8/site-packages/airflow/example_dags/example_bash_operator.py
[2023-09-07T16:10:44.507+0000] {processor.py:829} INFO - Processing file /home/airflow/.local/lib/python3.8/site-packages/airflow/example_dags/example_bash_operator.py for tasks to queue
[2023-09-07T16:10:44.508+0000] {logging_mixin.py:151} INFO - [2023-09-07T16:10:44.508+0000] {dagbag.py:539} INFO - Filling up the DagBag from /home/airflow/.local/lib/python3.8/site-packages/airflow/example_dags/example_bash_operator.py
[2023-09-07T16:10:44.518+0000] {processor.py:839} INFO - DAG(s) dict_keys(['example_bash_operator']) retrieved from /home/airflow/.local/lib/python3.8/site-packages/airflow/example_dags/example_bash_operator.py
[2023-09-07T16:10:44.542+0000] {logging_mixin.py:151} INFO - [2023-09-07T16:10:44.542+0000] {dag.py:2907} INFO - Sync 1 DAGs
[2023-09-07T16:10:44.567+0000] {logging_mixin.py:151} INFO - [2023-09-07T16:10:44.566+0000] {dag.py:3677} INFO - Setting next_dagrun for example_bash_operator to 2023-09-07T00:00:00+00:00, run_after=2023-09-08T00:00:00+00:00
[2023-09-07T16:10:44.586+0000] {processor.py:179} INFO - Processing /home/airflow/.local/lib/python3.8/site-packages/airflow/example_dags/example_bash_operator.py took 0.083 seconds
[2023-09-07T16:11:15.731+0000] {processor.py:157} INFO - Started process (PID=6145) to work on /home/airflow/.local/lib/python3.8/site-packages/airflow/example_dags/example_bash_operator.py
[2023-09-07T16:11:15.733+0000] {processor.py:829} INFO - Processing file /home/airflow/.local/lib/python3.8/site-packages/airflow/example_dags/example_bash_operator.py for tasks to queue
[2023-09-07T16:11:15.734+0000] {logging_mixin.py:151} INFO - [2023-09-07T16:11:15.733+0000] {dagbag.py:539} INFO - Filling up the DagBag from /home/airflow/.local/lib/python3.8/site-packages/airflow/example_dags/example_bash_operator.py
[2023-09-07T16:11:15.790+0000] {processor.py:839} INFO - DAG(s) dict_keys(['example_bash_operator']) retrieved from /home/airflow/.local/lib/python3.8/site-packages/airflow/example_dags/example_bash_operator.py
[2023-09-07T16:11:15.817+0000] {logging_mixin.py:151} INFO - [2023-09-07T16:11:15.817+0000] {dag.py:2907} INFO - Sync 1 DAGs
[2023-09-07T16:11:15.858+0000] {logging_mixin.py:151} INFO - [2023-09-07T16:11:15.858+0000] {dag.py:3677} INFO - Setting next_dagrun for example_bash_operator to 2023-09-07T00:00:00+00:00, run_after=2023-09-08T00:00:00+00:00
[2023-09-07T16:11:15.886+0000] {processor.py:179} INFO - Processing /home/airflow/.local/lib/python3.8/site-packages/airflow/example_dags/example_bash_operator.py took 0.158 seconds
[2023-09-07T16:11:46.334+0000] {processor.py:157} INFO - Started process (PID=6385) to work on /home/airflow/.local/lib/python3.8/site-packages/airflow/example_dags/example_bash_operator.py
[2023-09-07T16:11:46.337+0000] {processor.py:829} INFO - Processing file /home/airflow/.local/lib/python3.8/site-packages/airflow/example_dags/example_bash_operator.py for tasks to queue
[2023-09-07T16:11:46.340+0000] {logging_mixin.py:151} INFO - [2023-09-07T16:11:46.338+0000] {dagbag.py:539} INFO - Filling up the DagBag from /home/airflow/.local/lib/python3.8/site-packages/airflow/example_dags/example_bash_operator.py
[2023-09-07T16:11:46.355+0000] {processor.py:839} INFO - DAG(s) dict_keys(['example_bash_operator']) retrieved from /home/airflow/.local/lib/python3.8/site-packages/airflow/example_dags/example_bash_operator.py
[2023-09-07T16:11:46.381+0000] {logging_mixin.py:151} INFO - [2023-09-07T16:11:46.380+0000] {dag.py:2907} INFO - Sync 1 DAGs
[2023-09-07T16:11:46.396+0000] {logging_mixin.py:151} INFO - [2023-09-07T16:11:46.396+0000] {dag.py:3677} INFO - Setting next_dagrun for example_bash_operator to 2023-09-07T00:00:00+00:00, run_after=2023-09-08T00:00:00+00:00
[2023-09-07T16:11:46.414+0000] {processor.py:179} INFO - Processing /home/airflow/.local/lib/python3.8/site-packages/airflow/example_dags/example_bash_operator.py took 0.083 seconds
[2023-09-07T16:12:16.820+0000] {processor.py:157} INFO - Started process (PID=6621) to work on /home/airflow/.local/lib/python3.8/site-packages/airflow/example_dags/example_bash_operator.py
[2023-09-07T16:12:16.822+0000] {processor.py:829} INFO - Processing file /home/airflow/.local/lib/python3.8/site-packages/airflow/example_dags/example_bash_operator.py for tasks to queue
[2023-09-07T16:12:16.823+0000] {logging_mixin.py:151} INFO - [2023-09-07T16:12:16.823+0000] {dagbag.py:539} INFO - Filling up the DagBag from /home/airflow/.local/lib/python3.8/site-packages/airflow/example_dags/example_bash_operator.py
[2023-09-07T16:12:16.833+0000] {processor.py:839} INFO - DAG(s) dict_keys(['example_bash_operator']) retrieved from /home/airflow/.local/lib/python3.8/site-packages/airflow/example_dags/example_bash_operator.py
[2023-09-07T16:12:16.864+0000] {logging_mixin.py:151} INFO - [2023-09-07T16:12:16.864+0000] {dag.py:2907} INFO - Sync 1 DAGs
[2023-09-07T16:12:16.880+0000] {logging_mixin.py:151} INFO - [2023-09-07T16:12:16.880+0000] {dag.py:3677} INFO - Setting next_dagrun for example_bash_operator to 2023-09-07T00:00:00+00:00, run_after=2023-09-08T00:00:00+00:00
[2023-09-07T16:12:16.891+0000] {processor.py:179} INFO - Processing /home/airflow/.local/lib/python3.8/site-packages/airflow/example_dags/example_bash_operator.py took 0.074 seconds
[2023-09-07T16:12:47.533+0000] {processor.py:157} INFO - Started process (PID=6860) to work on /home/airflow/.local/lib/python3.8/site-packages/airflow/example_dags/example_bash_operator.py
[2023-09-07T16:12:47.535+0000] {processor.py:829} INFO - Processing file /home/airflow/.local/lib/python3.8/site-packages/airflow/example_dags/example_bash_operator.py for tasks to queue
[2023-09-07T16:12:47.536+0000] {logging_mixin.py:151} INFO - [2023-09-07T16:12:47.536+0000] {dagbag.py:539} INFO - Filling up the DagBag from /home/airflow/.local/lib/python3.8/site-packages/airflow/example_dags/example_bash_operator.py
[2023-09-07T16:12:47.546+0000] {processor.py:839} INFO - DAG(s) dict_keys(['example_bash_operator']) retrieved from /home/airflow/.local/lib/python3.8/site-packages/airflow/example_dags/example_bash_operator.py
[2023-09-07T16:12:47.568+0000] {logging_mixin.py:151} INFO - [2023-09-07T16:12:47.568+0000] {dag.py:2907} INFO - Sync 1 DAGs
[2023-09-07T16:12:47.583+0000] {logging_mixin.py:151} INFO - [2023-09-07T16:12:47.583+0000] {dag.py:3677} INFO - Setting next_dagrun for example_bash_operator to 2023-09-07T00:00:00+00:00, run_after=2023-09-08T00:00:00+00:00
[2023-09-07T16:12:47.597+0000] {processor.py:179} INFO - Processing /home/airflow/.local/lib/python3.8/site-packages/airflow/example_dags/example_bash_operator.py took 0.068 seconds
[2023-09-07T16:13:18.178+0000] {processor.py:157} INFO - Started process (PID=7099) to work on /home/airflow/.local/lib/python3.8/site-packages/airflow/example_dags/example_bash_operator.py
[2023-09-07T16:13:18.180+0000] {processor.py:829} INFO - Processing file /home/airflow/.local/lib/python3.8/site-packages/airflow/example_dags/example_bash_operator.py for tasks to queue
[2023-09-07T16:13:18.181+0000] {logging_mixin.py:151} INFO - [2023-09-07T16:13:18.181+0000] {dagbag.py:539} INFO - Filling up the DagBag from /home/airflow/.local/lib/python3.8/site-packages/airflow/example_dags/example_bash_operator.py
[2023-09-07T16:13:18.193+0000] {processor.py:839} INFO - DAG(s) dict_keys(['example_bash_operator']) retrieved from /home/airflow/.local/lib/python3.8/site-packages/airflow/example_dags/example_bash_operator.py
[2023-09-07T16:13:18.233+0000] {logging_mixin.py:151} INFO - [2023-09-07T16:13:18.232+0000] {dag.py:2907} INFO - Sync 1 DAGs
[2023-09-07T16:13:18.254+0000] {logging_mixin.py:151} INFO - [2023-09-07T16:13:18.254+0000] {dag.py:3677} INFO - Setting next_dagrun for example_bash_operator to 2023-09-07T00:00:00+00:00, run_after=2023-09-08T00:00:00+00:00
[2023-09-07T16:13:18.266+0000] {processor.py:179} INFO - Processing /home/airflow/.local/lib/python3.8/site-packages/airflow/example_dags/example_bash_operator.py took 0.091 seconds
[2023-09-07T16:13:48.782+0000] {processor.py:157} INFO - Started process (PID=7339) to work on /home/airflow/.local/lib/python3.8/site-packages/airflow/example_dags/example_bash_operator.py
[2023-09-07T16:13:48.785+0000] {processor.py:829} INFO - Processing file /home/airflow/.local/lib/python3.8/site-packages/airflow/example_dags/example_bash_operator.py for tasks to queue
[2023-09-07T16:13:48.794+0000] {logging_mixin.py:151} INFO - [2023-09-07T16:13:48.793+0000] {dagbag.py:539} INFO - Filling up the DagBag from /home/airflow/.local/lib/python3.8/site-packages/airflow/example_dags/example_bash_operator.py
[2023-09-07T16:13:48.812+0000] {processor.py:839} INFO - DAG(s) dict_keys(['example_bash_operator']) retrieved from /home/airflow/.local/lib/python3.8/site-packages/airflow/example_dags/example_bash_operator.py
[2023-09-07T16:13:48.865+0000] {logging_mixin.py:151} INFO - [2023-09-07T16:13:48.865+0000] {dag.py:2907} INFO - Sync 1 DAGs
[2023-09-07T16:13:48.901+0000] {logging_mixin.py:151} INFO - [2023-09-07T16:13:48.901+0000] {dag.py:3677} INFO - Setting next_dagrun for example_bash_operator to 2023-09-07T00:00:00+00:00, run_after=2023-09-08T00:00:00+00:00
[2023-09-07T16:13:48.921+0000] {processor.py:179} INFO - Processing /home/airflow/.local/lib/python3.8/site-packages/airflow/example_dags/example_bash_operator.py took 0.142 seconds
[2023-09-07T16:14:20.118+0000] {processor.py:157} INFO - Started process (PID=7585) to work on /home/airflow/.local/lib/python3.8/site-packages/airflow/example_dags/example_bash_operator.py
[2023-09-07T16:14:20.121+0000] {processor.py:829} INFO - Processing file /home/airflow/.local/lib/python3.8/site-packages/airflow/example_dags/example_bash_operator.py for tasks to queue
[2023-09-07T16:14:20.122+0000] {logging_mixin.py:151} INFO - [2023-09-07T16:14:20.122+0000] {dagbag.py:539} INFO - Filling up the DagBag from /home/airflow/.local/lib/python3.8/site-packages/airflow/example_dags/example_bash_operator.py
[2023-09-07T16:14:20.160+0000] {processor.py:839} INFO - DAG(s) dict_keys(['example_bash_operator']) retrieved from /home/airflow/.local/lib/python3.8/site-packages/airflow/example_dags/example_bash_operator.py
[2023-09-07T16:14:20.218+0000] {logging_mixin.py:151} INFO - [2023-09-07T16:14:20.217+0000] {dag.py:2907} INFO - Sync 1 DAGs
[2023-09-07T16:14:20.239+0000] {logging_mixin.py:151} INFO - [2023-09-07T16:14:20.239+0000] {dag.py:3677} INFO - Setting next_dagrun for example_bash_operator to 2023-09-07T00:00:00+00:00, run_after=2023-09-08T00:00:00+00:00
[2023-09-07T16:14:20.252+0000] {processor.py:179} INFO - Processing /home/airflow/.local/lib/python3.8/site-packages/airflow/example_dags/example_bash_operator.py took 0.139 seconds
[2023-09-07T16:14:50.520+0000] {processor.py:157} INFO - Started process (PID=7821) to work on /home/airflow/.local/lib/python3.8/site-packages/airflow/example_dags/example_bash_operator.py
[2023-09-07T16:14:50.523+0000] {processor.py:829} INFO - Processing file /home/airflow/.local/lib/python3.8/site-packages/airflow/example_dags/example_bash_operator.py for tasks to queue
[2023-09-07T16:14:50.524+0000] {logging_mixin.py:151} INFO - [2023-09-07T16:14:50.524+0000] {dagbag.py:539} INFO - Filling up the DagBag from /home/airflow/.local/lib/python3.8/site-packages/airflow/example_dags/example_bash_operator.py
[2023-09-07T16:14:50.534+0000] {processor.py:839} INFO - DAG(s) dict_keys(['example_bash_operator']) retrieved from /home/airflow/.local/lib/python3.8/site-packages/airflow/example_dags/example_bash_operator.py
[2023-09-07T16:14:50.559+0000] {logging_mixin.py:151} INFO - [2023-09-07T16:14:50.559+0000] {dag.py:2907} INFO - Sync 1 DAGs
[2023-09-07T16:14:50.577+0000] {logging_mixin.py:151} INFO - [2023-09-07T16:14:50.577+0000] {dag.py:3677} INFO - Setting next_dagrun for example_bash_operator to 2023-09-07T00:00:00+00:00, run_after=2023-09-08T00:00:00+00:00
[2023-09-07T16:14:50.601+0000] {processor.py:179} INFO - Processing /home/airflow/.local/lib/python3.8/site-packages/airflow/example_dags/example_bash_operator.py took 0.084 seconds
[2023-09-07T16:15:20.955+0000] {processor.py:157} INFO - Started process (PID=8059) to work on /home/airflow/.local/lib/python3.8/site-packages/airflow/example_dags/example_bash_operator.py
[2023-09-07T16:15:20.957+0000] {processor.py:829} INFO - Processing file /home/airflow/.local/lib/python3.8/site-packages/airflow/example_dags/example_bash_operator.py for tasks to queue
[2023-09-07T16:15:20.959+0000] {logging_mixin.py:151} INFO - [2023-09-07T16:15:20.959+0000] {dagbag.py:539} INFO - Filling up the DagBag from /home/airflow/.local/lib/python3.8/site-packages/airflow/example_dags/example_bash_operator.py
[2023-09-07T16:15:20.972+0000] {processor.py:839} INFO - DAG(s) dict_keys(['example_bash_operator']) retrieved from /home/airflow/.local/lib/python3.8/site-packages/airflow/example_dags/example_bash_operator.py
[2023-09-07T16:15:20.997+0000] {logging_mixin.py:151} INFO - [2023-09-07T16:15:20.997+0000] {dag.py:2907} INFO - Sync 1 DAGs
[2023-09-07T16:15:21.012+0000] {logging_mixin.py:151} INFO - [2023-09-07T16:15:21.011+0000] {dag.py:3677} INFO - Setting next_dagrun for example_bash_operator to 2023-09-07T00:00:00+00:00, run_after=2023-09-08T00:00:00+00:00
[2023-09-07T16:15:21.024+0000] {processor.py:179} INFO - Processing /home/airflow/.local/lib/python3.8/site-packages/airflow/example_dags/example_bash_operator.py took 0.073 seconds
[2023-09-07T16:15:51.254+0000] {processor.py:157} INFO - Started process (PID=8296) to work on /home/airflow/.local/lib/python3.8/site-packages/airflow/example_dags/example_bash_operator.py
[2023-09-07T16:15:51.258+0000] {processor.py:829} INFO - Processing file /home/airflow/.local/lib/python3.8/site-packages/airflow/example_dags/example_bash_operator.py for tasks to queue
[2023-09-07T16:15:51.263+0000] {logging_mixin.py:151} INFO - [2023-09-07T16:15:51.261+0000] {dagbag.py:539} INFO - Filling up the DagBag from /home/airflow/.local/lib/python3.8/site-packages/airflow/example_dags/example_bash_operator.py
[2023-09-07T16:15:51.287+0000] {processor.py:839} INFO - DAG(s) dict_keys(['example_bash_operator']) retrieved from /home/airflow/.local/lib/python3.8/site-packages/airflow/example_dags/example_bash_operator.py
[2023-09-07T16:15:51.336+0000] {logging_mixin.py:151} INFO - [2023-09-07T16:15:51.335+0000] {dag.py:2907} INFO - Sync 1 DAGs
[2023-09-07T16:15:51.403+0000] {logging_mixin.py:151} INFO - [2023-09-07T16:15:51.402+0000] {dag.py:3677} INFO - Setting next_dagrun for example_bash_operator to 2023-09-07T00:00:00+00:00, run_after=2023-09-08T00:00:00+00:00
[2023-09-07T16:15:51.424+0000] {processor.py:179} INFO - Processing /home/airflow/.local/lib/python3.8/site-packages/airflow/example_dags/example_bash_operator.py took 0.173 seconds
[2023-09-07T16:16:22.264+0000] {processor.py:157} INFO - Started process (PID=8534) to work on /home/airflow/.local/lib/python3.8/site-packages/airflow/example_dags/example_bash_operator.py
[2023-09-07T16:16:22.265+0000] {processor.py:829} INFO - Processing file /home/airflow/.local/lib/python3.8/site-packages/airflow/example_dags/example_bash_operator.py for tasks to queue
[2023-09-07T16:16:22.267+0000] {logging_mixin.py:151} INFO - [2023-09-07T16:16:22.266+0000] {dagbag.py:539} INFO - Filling up the DagBag from /home/airflow/.local/lib/python3.8/site-packages/airflow/example_dags/example_bash_operator.py
[2023-09-07T16:16:22.276+0000] {processor.py:839} INFO - DAG(s) dict_keys(['example_bash_operator']) retrieved from /home/airflow/.local/lib/python3.8/site-packages/airflow/example_dags/example_bash_operator.py
[2023-09-07T16:16:22.299+0000] {logging_mixin.py:151} INFO - [2023-09-07T16:16:22.299+0000] {dag.py:2907} INFO - Sync 1 DAGs
[2023-09-07T16:16:22.313+0000] {logging_mixin.py:151} INFO - [2023-09-07T16:16:22.313+0000] {dag.py:3677} INFO - Setting next_dagrun for example_bash_operator to 2023-09-07T00:00:00+00:00, run_after=2023-09-08T00:00:00+00:00
[2023-09-07T16:16:22.327+0000] {processor.py:179} INFO - Processing /home/airflow/.local/lib/python3.8/site-packages/airflow/example_dags/example_bash_operator.py took 0.066 seconds
[2023-09-07T16:16:52.651+0000] {processor.py:157} INFO - Started process (PID=8772) to work on /home/airflow/.local/lib/python3.8/site-packages/airflow/example_dags/example_bash_operator.py
[2023-09-07T16:16:52.653+0000] {processor.py:829} INFO - Processing file /home/airflow/.local/lib/python3.8/site-packages/airflow/example_dags/example_bash_operator.py for tasks to queue
[2023-09-07T16:16:52.654+0000] {logging_mixin.py:151} INFO - [2023-09-07T16:16:52.654+0000] {dagbag.py:539} INFO - Filling up the DagBag from /home/airflow/.local/lib/python3.8/site-packages/airflow/example_dags/example_bash_operator.py
[2023-09-07T16:16:52.665+0000] {processor.py:839} INFO - DAG(s) dict_keys(['example_bash_operator']) retrieved from /home/airflow/.local/lib/python3.8/site-packages/airflow/example_dags/example_bash_operator.py
[2023-09-07T16:16:52.695+0000] {logging_mixin.py:151} INFO - [2023-09-07T16:16:52.695+0000] {dag.py:2907} INFO - Sync 1 DAGs
[2023-09-07T16:16:52.711+0000] {logging_mixin.py:151} INFO - [2023-09-07T16:16:52.711+0000] {dag.py:3677} INFO - Setting next_dagrun for example_bash_operator to 2023-09-07T00:00:00+00:00, run_after=2023-09-08T00:00:00+00:00
[2023-09-07T16:16:52.724+0000] {processor.py:179} INFO - Processing /home/airflow/.local/lib/python3.8/site-packages/airflow/example_dags/example_bash_operator.py took 0.076 seconds
[2023-09-07T16:17:23.426+0000] {processor.py:157} INFO - Started process (PID=9010) to work on /home/airflow/.local/lib/python3.8/site-packages/airflow/example_dags/example_bash_operator.py
[2023-09-07T16:17:23.428+0000] {processor.py:829} INFO - Processing file /home/airflow/.local/lib/python3.8/site-packages/airflow/example_dags/example_bash_operator.py for tasks to queue
[2023-09-07T16:17:23.429+0000] {logging_mixin.py:151} INFO - [2023-09-07T16:17:23.429+0000] {dagbag.py:539} INFO - Filling up the DagBag from /home/airflow/.local/lib/python3.8/site-packages/airflow/example_dags/example_bash_operator.py
[2023-09-07T16:17:23.442+0000] {processor.py:839} INFO - DAG(s) dict_keys(['example_bash_operator']) retrieved from /home/airflow/.local/lib/python3.8/site-packages/airflow/example_dags/example_bash_operator.py
[2023-09-07T16:17:23.465+0000] {logging_mixin.py:151} INFO - [2023-09-07T16:17:23.465+0000] {dag.py:2907} INFO - Sync 1 DAGs
[2023-09-07T16:17:23.480+0000] {logging_mixin.py:151} INFO - [2023-09-07T16:17:23.480+0000] {dag.py:3677} INFO - Setting next_dagrun for example_bash_operator to 2023-09-07T00:00:00+00:00, run_after=2023-09-08T00:00:00+00:00
[2023-09-07T16:17:23.492+0000] {processor.py:179} INFO - Processing /home/airflow/.local/lib/python3.8/site-packages/airflow/example_dags/example_bash_operator.py took 0.069 seconds
[2023-09-07T16:17:54.905+0000] {processor.py:157} INFO - Started process (PID=9248) to work on /home/airflow/.local/lib/python3.8/site-packages/airflow/example_dags/example_bash_operator.py
[2023-09-07T16:17:54.913+0000] {processor.py:829} INFO - Processing file /home/airflow/.local/lib/python3.8/site-packages/airflow/example_dags/example_bash_operator.py for tasks to queue
[2023-09-07T16:17:54.916+0000] {logging_mixin.py:151} INFO - [2023-09-07T16:17:54.915+0000] {dagbag.py:539} INFO - Filling up the DagBag from /home/airflow/.local/lib/python3.8/site-packages/airflow/example_dags/example_bash_operator.py
[2023-09-07T16:17:54.971+0000] {processor.py:839} INFO - DAG(s) dict_keys(['example_bash_operator']) retrieved from /home/airflow/.local/lib/python3.8/site-packages/airflow/example_dags/example_bash_operator.py
[2023-09-07T16:17:55.002+0000] {logging_mixin.py:151} INFO - [2023-09-07T16:17:55.002+0000] {dag.py:2907} INFO - Sync 1 DAGs
[2023-09-07T16:17:55.020+0000] {logging_mixin.py:151} INFO - [2023-09-07T16:17:55.019+0000] {dag.py:3677} INFO - Setting next_dagrun for example_bash_operator to 2023-09-07T00:00:00+00:00, run_after=2023-09-08T00:00:00+00:00
[2023-09-07T16:17:55.039+0000] {processor.py:179} INFO - Processing /home/airflow/.local/lib/python3.8/site-packages/airflow/example_dags/example_bash_operator.py took 0.139 seconds
[2023-09-07T16:18:25.191+0000] {processor.py:157} INFO - Started process (PID=9489) to work on /home/airflow/.local/lib/python3.8/site-packages/airflow/example_dags/example_bash_operator.py
[2023-09-07T16:18:25.195+0000] {processor.py:829} INFO - Processing file /home/airflow/.local/lib/python3.8/site-packages/airflow/example_dags/example_bash_operator.py for tasks to queue
[2023-09-07T16:18:25.196+0000] {logging_mixin.py:151} INFO - [2023-09-07T16:18:25.196+0000] {dagbag.py:539} INFO - Filling up the DagBag from /home/airflow/.local/lib/python3.8/site-packages/airflow/example_dags/example_bash_operator.py
[2023-09-07T16:18:25.211+0000] {processor.py:839} INFO - DAG(s) dict_keys(['example_bash_operator']) retrieved from /home/airflow/.local/lib/python3.8/site-packages/airflow/example_dags/example_bash_operator.py
[2023-09-07T16:18:25.240+0000] {logging_mixin.py:151} INFO - [2023-09-07T16:18:25.240+0000] {dag.py:2907} INFO - Sync 1 DAGs
[2023-09-07T16:18:25.261+0000] {logging_mixin.py:151} INFO - [2023-09-07T16:18:25.261+0000] {dag.py:3677} INFO - Setting next_dagrun for example_bash_operator to 2023-09-07T00:00:00+00:00, run_after=2023-09-08T00:00:00+00:00
[2023-09-07T16:18:25.273+0000] {processor.py:179} INFO - Processing /home/airflow/.local/lib/python3.8/site-packages/airflow/example_dags/example_bash_operator.py took 0.086 seconds
[2023-09-07T16:18:55.351+0000] {processor.py:157} INFO - Started process (PID=9725) to work on /home/airflow/.local/lib/python3.8/site-packages/airflow/example_dags/example_bash_operator.py
[2023-09-07T16:18:55.354+0000] {processor.py:829} INFO - Processing file /home/airflow/.local/lib/python3.8/site-packages/airflow/example_dags/example_bash_operator.py for tasks to queue
[2023-09-07T16:18:55.355+0000] {logging_mixin.py:151} INFO - [2023-09-07T16:18:55.355+0000] {dagbag.py:539} INFO - Filling up the DagBag from /home/airflow/.local/lib/python3.8/site-packages/airflow/example_dags/example_bash_operator.py
[2023-09-07T16:18:55.370+0000] {processor.py:839} INFO - DAG(s) dict_keys(['example_bash_operator']) retrieved from /home/airflow/.local/lib/python3.8/site-packages/airflow/example_dags/example_bash_operator.py
[2023-09-07T16:18:55.402+0000] {logging_mixin.py:151} INFO - [2023-09-07T16:18:55.402+0000] {dag.py:2907} INFO - Sync 1 DAGs
[2023-09-07T16:18:55.426+0000] {logging_mixin.py:151} INFO - [2023-09-07T16:18:55.425+0000] {dag.py:3677} INFO - Setting next_dagrun for example_bash_operator to 2023-09-07T00:00:00+00:00, run_after=2023-09-08T00:00:00+00:00
[2023-09-07T16:18:55.451+0000] {processor.py:179} INFO - Processing /home/airflow/.local/lib/python3.8/site-packages/airflow/example_dags/example_bash_operator.py took 0.106 seconds
[2023-09-07T16:19:25.830+0000] {processor.py:157} INFO - Started process (PID=9965) to work on /home/airflow/.local/lib/python3.8/site-packages/airflow/example_dags/example_bash_operator.py
[2023-09-07T16:19:25.831+0000] {processor.py:829} INFO - Processing file /home/airflow/.local/lib/python3.8/site-packages/airflow/example_dags/example_bash_operator.py for tasks to queue
[2023-09-07T16:19:25.833+0000] {logging_mixin.py:151} INFO - [2023-09-07T16:19:25.832+0000] {dagbag.py:539} INFO - Filling up the DagBag from /home/airflow/.local/lib/python3.8/site-packages/airflow/example_dags/example_bash_operator.py
[2023-09-07T16:19:25.843+0000] {processor.py:839} INFO - DAG(s) dict_keys(['example_bash_operator']) retrieved from /home/airflow/.local/lib/python3.8/site-packages/airflow/example_dags/example_bash_operator.py
[2023-09-07T16:19:25.865+0000] {logging_mixin.py:151} INFO - [2023-09-07T16:19:25.865+0000] {dag.py:2907} INFO - Sync 1 DAGs
[2023-09-07T16:19:25.887+0000] {logging_mixin.py:151} INFO - [2023-09-07T16:19:25.887+0000] {dag.py:3677} INFO - Setting next_dagrun for example_bash_operator to 2023-09-07T00:00:00+00:00, run_after=2023-09-08T00:00:00+00:00
[2023-09-07T16:19:25.898+0000] {processor.py:179} INFO - Processing /home/airflow/.local/lib/python3.8/site-packages/airflow/example_dags/example_bash_operator.py took 0.071 seconds
[2023-09-07T16:19:56.317+0000] {processor.py:157} INFO - Started process (PID=10201) to work on /home/airflow/.local/lib/python3.8/site-packages/airflow/example_dags/example_bash_operator.py
[2023-09-07T16:19:56.318+0000] {processor.py:829} INFO - Processing file /home/airflow/.local/lib/python3.8/site-packages/airflow/example_dags/example_bash_operator.py for tasks to queue
[2023-09-07T16:19:56.320+0000] {logging_mixin.py:151} INFO - [2023-09-07T16:19:56.319+0000] {dagbag.py:539} INFO - Filling up the DagBag from /home/airflow/.local/lib/python3.8/site-packages/airflow/example_dags/example_bash_operator.py
[2023-09-07T16:19:56.329+0000] {processor.py:839} INFO - DAG(s) dict_keys(['example_bash_operator']) retrieved from /home/airflow/.local/lib/python3.8/site-packages/airflow/example_dags/example_bash_operator.py
[2023-09-07T16:19:56.356+0000] {logging_mixin.py:151} INFO - [2023-09-07T16:19:56.356+0000] {dag.py:2907} INFO - Sync 1 DAGs
[2023-09-07T16:19:56.371+0000] {logging_mixin.py:151} INFO - [2023-09-07T16:19:56.371+0000] {dag.py:3677} INFO - Setting next_dagrun for example_bash_operator to 2023-09-07T00:00:00+00:00, run_after=2023-09-08T00:00:00+00:00
[2023-09-07T16:19:56.383+0000] {processor.py:179} INFO - Processing /home/airflow/.local/lib/python3.8/site-packages/airflow/example_dags/example_bash_operator.py took 0.069 seconds
[2023-09-07T16:20:26.739+0000] {processor.py:157} INFO - Started process (PID=10439) to work on /home/airflow/.local/lib/python3.8/site-packages/airflow/example_dags/example_bash_operator.py
[2023-09-07T16:20:26.741+0000] {processor.py:829} INFO - Processing file /home/airflow/.local/lib/python3.8/site-packages/airflow/example_dags/example_bash_operator.py for tasks to queue
[2023-09-07T16:20:26.742+0000] {logging_mixin.py:151} INFO - [2023-09-07T16:20:26.741+0000] {dagbag.py:539} INFO - Filling up the DagBag from /home/airflow/.local/lib/python3.8/site-packages/airflow/example_dags/example_bash_operator.py
[2023-09-07T16:20:26.752+0000] {processor.py:839} INFO - DAG(s) dict_keys(['example_bash_operator']) retrieved from /home/airflow/.local/lib/python3.8/site-packages/airflow/example_dags/example_bash_operator.py
[2023-09-07T16:20:26.781+0000] {logging_mixin.py:151} INFO - [2023-09-07T16:20:26.780+0000] {dag.py:2907} INFO - Sync 1 DAGs
[2023-09-07T16:20:26.798+0000] {logging_mixin.py:151} INFO - [2023-09-07T16:20:26.798+0000] {dag.py:3677} INFO - Setting next_dagrun for example_bash_operator to 2023-09-07T00:00:00+00:00, run_after=2023-09-08T00:00:00+00:00
[2023-09-07T16:20:26.808+0000] {processor.py:179} INFO - Processing /home/airflow/.local/lib/python3.8/site-packages/airflow/example_dags/example_bash_operator.py took 0.072 seconds
[2023-09-07T16:20:57.297+0000] {processor.py:157} INFO - Started process (PID=10676) to work on /home/airflow/.local/lib/python3.8/site-packages/airflow/example_dags/example_bash_operator.py
[2023-09-07T16:20:57.298+0000] {processor.py:829} INFO - Processing file /home/airflow/.local/lib/python3.8/site-packages/airflow/example_dags/example_bash_operator.py for tasks to queue
[2023-09-07T16:20:57.299+0000] {logging_mixin.py:151} INFO - [2023-09-07T16:20:57.299+0000] {dagbag.py:539} INFO - Filling up the DagBag from /home/airflow/.local/lib/python3.8/site-packages/airflow/example_dags/example_bash_operator.py
[2023-09-07T16:20:57.309+0000] {processor.py:839} INFO - DAG(s) dict_keys(['example_bash_operator']) retrieved from /home/airflow/.local/lib/python3.8/site-packages/airflow/example_dags/example_bash_operator.py
[2023-09-07T16:20:57.333+0000] {logging_mixin.py:151} INFO - [2023-09-07T16:20:57.332+0000] {dag.py:2907} INFO - Sync 1 DAGs
[2023-09-07T16:20:57.351+0000] {logging_mixin.py:151} INFO - [2023-09-07T16:20:57.351+0000] {dag.py:3677} INFO - Setting next_dagrun for example_bash_operator to 2023-09-07T00:00:00+00:00, run_after=2023-09-08T00:00:00+00:00
[2023-09-07T16:20:57.367+0000] {processor.py:179} INFO - Processing /home/airflow/.local/lib/python3.8/site-packages/airflow/example_dags/example_bash_operator.py took 0.073 seconds
[2023-09-07T16:21:27.688+0000] {processor.py:157} INFO - Started process (PID=10914) to work on /home/airflow/.local/lib/python3.8/site-packages/airflow/example_dags/example_bash_operator.py
[2023-09-07T16:21:27.690+0000] {processor.py:829} INFO - Processing file /home/airflow/.local/lib/python3.8/site-packages/airflow/example_dags/example_bash_operator.py for tasks to queue
[2023-09-07T16:21:27.692+0000] {logging_mixin.py:151} INFO - [2023-09-07T16:21:27.691+0000] {dagbag.py:539} INFO - Filling up the DagBag from /home/airflow/.local/lib/python3.8/site-packages/airflow/example_dags/example_bash_operator.py
[2023-09-07T16:21:27.701+0000] {processor.py:839} INFO - DAG(s) dict_keys(['example_bash_operator']) retrieved from /home/airflow/.local/lib/python3.8/site-packages/airflow/example_dags/example_bash_operator.py
[2023-09-07T16:21:27.723+0000] {logging_mixin.py:151} INFO - [2023-09-07T16:21:27.723+0000] {dag.py:2907} INFO - Sync 1 DAGs
[2023-09-07T16:21:27.737+0000] {logging_mixin.py:151} INFO - [2023-09-07T16:21:27.737+0000] {dag.py:3677} INFO - Setting next_dagrun for example_bash_operator to 2023-09-07T00:00:00+00:00, run_after=2023-09-08T00:00:00+00:00
[2023-09-07T16:21:27.746+0000] {processor.py:179} INFO - Processing /home/airflow/.local/lib/python3.8/site-packages/airflow/example_dags/example_bash_operator.py took 0.061 seconds
[2023-09-07T16:21:58.272+0000] {processor.py:157} INFO - Started process (PID=11153) to work on /home/airflow/.local/lib/python3.8/site-packages/airflow/example_dags/example_bash_operator.py
[2023-09-07T16:21:58.273+0000] {processor.py:829} INFO - Processing file /home/airflow/.local/lib/python3.8/site-packages/airflow/example_dags/example_bash_operator.py for tasks to queue
[2023-09-07T16:21:58.275+0000] {logging_mixin.py:151} INFO - [2023-09-07T16:21:58.274+0000] {dagbag.py:539} INFO - Filling up the DagBag from /home/airflow/.local/lib/python3.8/site-packages/airflow/example_dags/example_bash_operator.py
[2023-09-07T16:21:58.283+0000] {processor.py:839} INFO - DAG(s) dict_keys(['example_bash_operator']) retrieved from /home/airflow/.local/lib/python3.8/site-packages/airflow/example_dags/example_bash_operator.py
[2023-09-07T16:21:58.308+0000] {logging_mixin.py:151} INFO - [2023-09-07T16:21:58.308+0000] {dag.py:2907} INFO - Sync 1 DAGs
[2023-09-07T16:21:58.323+0000] {logging_mixin.py:151} INFO - [2023-09-07T16:21:58.323+0000] {dag.py:3677} INFO - Setting next_dagrun for example_bash_operator to 2023-09-07T00:00:00+00:00, run_after=2023-09-08T00:00:00+00:00
[2023-09-07T16:21:58.334+0000] {processor.py:179} INFO - Processing /home/airflow/.local/lib/python3.8/site-packages/airflow/example_dags/example_bash_operator.py took 0.065 seconds
[2023-09-07T16:22:28.910+0000] {processor.py:157} INFO - Started process (PID=11391) to work on /home/airflow/.local/lib/python3.8/site-packages/airflow/example_dags/example_bash_operator.py
[2023-09-07T16:22:28.912+0000] {processor.py:829} INFO - Processing file /home/airflow/.local/lib/python3.8/site-packages/airflow/example_dags/example_bash_operator.py for tasks to queue
[2023-09-07T16:22:28.914+0000] {logging_mixin.py:151} INFO - [2023-09-07T16:22:28.914+0000] {dagbag.py:539} INFO - Filling up the DagBag from /home/airflow/.local/lib/python3.8/site-packages/airflow/example_dags/example_bash_operator.py
[2023-09-07T16:22:28.926+0000] {processor.py:839} INFO - DAG(s) dict_keys(['example_bash_operator']) retrieved from /home/airflow/.local/lib/python3.8/site-packages/airflow/example_dags/example_bash_operator.py
[2023-09-07T16:22:28.952+0000] {logging_mixin.py:151} INFO - [2023-09-07T16:22:28.952+0000] {dag.py:2907} INFO - Sync 1 DAGs
[2023-09-07T16:22:28.966+0000] {logging_mixin.py:151} INFO - [2023-09-07T16:22:28.966+0000] {dag.py:3677} INFO - Setting next_dagrun for example_bash_operator to 2023-09-07T00:00:00+00:00, run_after=2023-09-08T00:00:00+00:00
[2023-09-07T16:22:28.977+0000] {processor.py:179} INFO - Processing /home/airflow/.local/lib/python3.8/site-packages/airflow/example_dags/example_bash_operator.py took 0.070 seconds
[2023-09-07T16:22:59.297+0000] {processor.py:157} INFO - Started process (PID=11628) to work on /home/airflow/.local/lib/python3.8/site-packages/airflow/example_dags/example_bash_operator.py
[2023-09-07T16:22:59.299+0000] {processor.py:829} INFO - Processing file /home/airflow/.local/lib/python3.8/site-packages/airflow/example_dags/example_bash_operator.py for tasks to queue
[2023-09-07T16:22:59.303+0000] {logging_mixin.py:151} INFO - [2023-09-07T16:22:59.303+0000] {dagbag.py:539} INFO - Filling up the DagBag from /home/airflow/.local/lib/python3.8/site-packages/airflow/example_dags/example_bash_operator.py
[2023-09-07T16:22:59.329+0000] {processor.py:839} INFO - DAG(s) dict_keys(['example_bash_operator']) retrieved from /home/airflow/.local/lib/python3.8/site-packages/airflow/example_dags/example_bash_operator.py
[2023-09-07T16:22:59.355+0000] {logging_mixin.py:151} INFO - [2023-09-07T16:22:59.355+0000] {dag.py:2907} INFO - Sync 1 DAGs
[2023-09-07T16:22:59.373+0000] {logging_mixin.py:151} INFO - [2023-09-07T16:22:59.373+0000] {dag.py:3677} INFO - Setting next_dagrun for example_bash_operator to 2023-09-07T00:00:00+00:00, run_after=2023-09-08T00:00:00+00:00
[2023-09-07T16:22:59.388+0000] {processor.py:179} INFO - Processing /home/airflow/.local/lib/python3.8/site-packages/airflow/example_dags/example_bash_operator.py took 0.094 seconds
[2023-09-07T16:23:29.964+0000] {processor.py:157} INFO - Started process (PID=11865) to work on /home/airflow/.local/lib/python3.8/site-packages/airflow/example_dags/example_bash_operator.py
[2023-09-07T16:23:29.965+0000] {processor.py:829} INFO - Processing file /home/airflow/.local/lib/python3.8/site-packages/airflow/example_dags/example_bash_operator.py for tasks to queue
[2023-09-07T16:23:29.967+0000] {logging_mixin.py:151} INFO - [2023-09-07T16:23:29.966+0000] {dagbag.py:539} INFO - Filling up the DagBag from /home/airflow/.local/lib/python3.8/site-packages/airflow/example_dags/example_bash_operator.py
[2023-09-07T16:23:29.976+0000] {processor.py:839} INFO - DAG(s) dict_keys(['example_bash_operator']) retrieved from /home/airflow/.local/lib/python3.8/site-packages/airflow/example_dags/example_bash_operator.py
[2023-09-07T16:23:29.998+0000] {logging_mixin.py:151} INFO - [2023-09-07T16:23:29.998+0000] {dag.py:2907} INFO - Sync 1 DAGs
[2023-09-07T16:23:30.013+0000] {logging_mixin.py:151} INFO - [2023-09-07T16:23:30.013+0000] {dag.py:3677} INFO - Setting next_dagrun for example_bash_operator to 2023-09-07T00:00:00+00:00, run_after=2023-09-08T00:00:00+00:00
[2023-09-07T16:23:30.025+0000] {processor.py:179} INFO - Processing /home/airflow/.local/lib/python3.8/site-packages/airflow/example_dags/example_bash_operator.py took 0.064 seconds
[2023-09-07T16:24:00.545+0000] {processor.py:157} INFO - Started process (PID=12105) to work on /home/airflow/.local/lib/python3.8/site-packages/airflow/example_dags/example_bash_operator.py
[2023-09-07T16:24:00.546+0000] {processor.py:829} INFO - Processing file /home/airflow/.local/lib/python3.8/site-packages/airflow/example_dags/example_bash_operator.py for tasks to queue
[2023-09-07T16:24:00.547+0000] {logging_mixin.py:151} INFO - [2023-09-07T16:24:00.547+0000] {dagbag.py:539} INFO - Filling up the DagBag from /home/airflow/.local/lib/python3.8/site-packages/airflow/example_dags/example_bash_operator.py
[2023-09-07T16:24:00.557+0000] {processor.py:839} INFO - DAG(s) dict_keys(['example_bash_operator']) retrieved from /home/airflow/.local/lib/python3.8/site-packages/airflow/example_dags/example_bash_operator.py
[2023-09-07T16:24:00.578+0000] {logging_mixin.py:151} INFO - [2023-09-07T16:24:00.578+0000] {dag.py:2907} INFO - Sync 1 DAGs
[2023-09-07T16:24:00.592+0000] {logging_mixin.py:151} INFO - [2023-09-07T16:24:00.592+0000] {dag.py:3677} INFO - Setting next_dagrun for example_bash_operator to 2023-09-07T00:00:00+00:00, run_after=2023-09-08T00:00:00+00:00
[2023-09-07T16:24:00.603+0000] {processor.py:179} INFO - Processing /home/airflow/.local/lib/python3.8/site-packages/airflow/example_dags/example_bash_operator.py took 0.062 seconds
[2023-09-07T16:24:31.033+0000] {processor.py:157} INFO - Started process (PID=12341) to work on /home/airflow/.local/lib/python3.8/site-packages/airflow/example_dags/example_bash_operator.py
[2023-09-07T16:24:31.037+0000] {processor.py:829} INFO - Processing file /home/airflow/.local/lib/python3.8/site-packages/airflow/example_dags/example_bash_operator.py for tasks to queue
[2023-09-07T16:24:31.038+0000] {logging_mixin.py:151} INFO - [2023-09-07T16:24:31.038+0000] {dagbag.py:539} INFO - Filling up the DagBag from /home/airflow/.local/lib/python3.8/site-packages/airflow/example_dags/example_bash_operator.py
[2023-09-07T16:24:31.050+0000] {processor.py:839} INFO - DAG(s) dict_keys(['example_bash_operator']) retrieved from /home/airflow/.local/lib/python3.8/site-packages/airflow/example_dags/example_bash_operator.py
[2023-09-07T16:24:31.073+0000] {logging_mixin.py:151} INFO - [2023-09-07T16:24:31.073+0000] {dag.py:2907} INFO - Sync 1 DAGs
[2023-09-07T16:24:31.088+0000] {logging_mixin.py:151} INFO - [2023-09-07T16:24:31.087+0000] {dag.py:3677} INFO - Setting next_dagrun for example_bash_operator to 2023-09-07T00:00:00+00:00, run_after=2023-09-08T00:00:00+00:00
[2023-09-07T16:24:31.098+0000] {processor.py:179} INFO - Processing /home/airflow/.local/lib/python3.8/site-packages/airflow/example_dags/example_bash_operator.py took 0.069 seconds
[2023-09-07T16:25:01.380+0000] {processor.py:157} INFO - Started process (PID=12580) to work on /home/airflow/.local/lib/python3.8/site-packages/airflow/example_dags/example_bash_operator.py
[2023-09-07T16:25:01.382+0000] {processor.py:829} INFO - Processing file /home/airflow/.local/lib/python3.8/site-packages/airflow/example_dags/example_bash_operator.py for tasks to queue
[2023-09-07T16:25:01.383+0000] {logging_mixin.py:151} INFO - [2023-09-07T16:25:01.383+0000] {dagbag.py:539} INFO - Filling up the DagBag from /home/airflow/.local/lib/python3.8/site-packages/airflow/example_dags/example_bash_operator.py
[2023-09-07T16:25:01.393+0000] {processor.py:839} INFO - DAG(s) dict_keys(['example_bash_operator']) retrieved from /home/airflow/.local/lib/python3.8/site-packages/airflow/example_dags/example_bash_operator.py
[2023-09-07T16:25:01.414+0000] {logging_mixin.py:151} INFO - [2023-09-07T16:25:01.414+0000] {dag.py:2907} INFO - Sync 1 DAGs
[2023-09-07T16:25:01.428+0000] {logging_mixin.py:151} INFO - [2023-09-07T16:25:01.428+0000] {dag.py:3677} INFO - Setting next_dagrun for example_bash_operator to 2023-09-07T00:00:00+00:00, run_after=2023-09-08T00:00:00+00:00
[2023-09-07T16:25:01.439+0000] {processor.py:179} INFO - Processing /home/airflow/.local/lib/python3.8/site-packages/airflow/example_dags/example_bash_operator.py took 0.062 seconds
[2023-09-07T16:25:31.900+0000] {processor.py:157} INFO - Started process (PID=12817) to work on /home/airflow/.local/lib/python3.8/site-packages/airflow/example_dags/example_bash_operator.py
[2023-09-07T16:25:31.902+0000] {processor.py:829} INFO - Processing file /home/airflow/.local/lib/python3.8/site-packages/airflow/example_dags/example_bash_operator.py for tasks to queue
[2023-09-07T16:25:31.903+0000] {logging_mixin.py:151} INFO - [2023-09-07T16:25:31.903+0000] {dagbag.py:539} INFO - Filling up the DagBag from /home/airflow/.local/lib/python3.8/site-packages/airflow/example_dags/example_bash_operator.py
[2023-09-07T16:25:31.913+0000] {processor.py:839} INFO - DAG(s) dict_keys(['example_bash_operator']) retrieved from /home/airflow/.local/lib/python3.8/site-packages/airflow/example_dags/example_bash_operator.py
[2023-09-07T16:25:31.934+0000] {logging_mixin.py:151} INFO - [2023-09-07T16:25:31.934+0000] {dag.py:2907} INFO - Sync 1 DAGs
[2023-09-07T16:25:31.948+0000] {logging_mixin.py:151} INFO - [2023-09-07T16:25:31.948+0000] {dag.py:3677} INFO - Setting next_dagrun for example_bash_operator to 2023-09-07T00:00:00+00:00, run_after=2023-09-08T00:00:00+00:00
[2023-09-07T16:25:31.958+0000] {processor.py:179} INFO - Processing /home/airflow/.local/lib/python3.8/site-packages/airflow/example_dags/example_bash_operator.py took 0.061 seconds
[2023-09-07T16:26:02.417+0000] {processor.py:157} INFO - Started process (PID=13057) to work on /home/airflow/.local/lib/python3.8/site-packages/airflow/example_dags/example_bash_operator.py
[2023-09-07T16:26:02.421+0000] {processor.py:829} INFO - Processing file /home/airflow/.local/lib/python3.8/site-packages/airflow/example_dags/example_bash_operator.py for tasks to queue
[2023-09-07T16:26:02.423+0000] {logging_mixin.py:151} INFO - [2023-09-07T16:26:02.423+0000] {dagbag.py:539} INFO - Filling up the DagBag from /home/airflow/.local/lib/python3.8/site-packages/airflow/example_dags/example_bash_operator.py
[2023-09-07T16:26:02.436+0000] {processor.py:839} INFO - DAG(s) dict_keys(['example_bash_operator']) retrieved from /home/airflow/.local/lib/python3.8/site-packages/airflow/example_dags/example_bash_operator.py
[2023-09-07T16:26:02.464+0000] {logging_mixin.py:151} INFO - [2023-09-07T16:26:02.464+0000] {dag.py:2907} INFO - Sync 1 DAGs
[2023-09-07T16:26:02.480+0000] {logging_mixin.py:151} INFO - [2023-09-07T16:26:02.480+0000] {dag.py:3677} INFO - Setting next_dagrun for example_bash_operator to 2023-09-07T00:00:00+00:00, run_after=2023-09-08T00:00:00+00:00
[2023-09-07T16:26:02.491+0000] {processor.py:179} INFO - Processing /home/airflow/.local/lib/python3.8/site-packages/airflow/example_dags/example_bash_operator.py took 0.078 seconds
[2023-09-07T16:26:33.409+0000] {processor.py:157} INFO - Started process (PID=13294) to work on /home/airflow/.local/lib/python3.8/site-packages/airflow/example_dags/example_bash_operator.py
[2023-09-07T16:26:33.410+0000] {processor.py:829} INFO - Processing file /home/airflow/.local/lib/python3.8/site-packages/airflow/example_dags/example_bash_operator.py for tasks to queue
[2023-09-07T16:26:33.411+0000] {logging_mixin.py:151} INFO - [2023-09-07T16:26:33.411+0000] {dagbag.py:539} INFO - Filling up the DagBag from /home/airflow/.local/lib/python3.8/site-packages/airflow/example_dags/example_bash_operator.py
[2023-09-07T16:26:33.421+0000] {processor.py:839} INFO - DAG(s) dict_keys(['example_bash_operator']) retrieved from /home/airflow/.local/lib/python3.8/site-packages/airflow/example_dags/example_bash_operator.py
[2023-09-07T16:26:33.442+0000] {logging_mixin.py:151} INFO - [2023-09-07T16:26:33.441+0000] {dag.py:2907} INFO - Sync 1 DAGs
[2023-09-07T16:26:33.456+0000] {logging_mixin.py:151} INFO - [2023-09-07T16:26:33.456+0000] {dag.py:3677} INFO - Setting next_dagrun for example_bash_operator to 2023-09-07T00:00:00+00:00, run_after=2023-09-08T00:00:00+00:00
[2023-09-07T16:26:33.466+0000] {processor.py:179} INFO - Processing /home/airflow/.local/lib/python3.8/site-packages/airflow/example_dags/example_bash_operator.py took 0.059 seconds
[2023-09-07T16:27:03.695+0000] {processor.py:157} INFO - Started process (PID=13532) to work on /home/airflow/.local/lib/python3.8/site-packages/airflow/example_dags/example_bash_operator.py
[2023-09-07T16:27:03.697+0000] {processor.py:829} INFO - Processing file /home/airflow/.local/lib/python3.8/site-packages/airflow/example_dags/example_bash_operator.py for tasks to queue
[2023-09-07T16:27:03.698+0000] {logging_mixin.py:151} INFO - [2023-09-07T16:27:03.697+0000] {dagbag.py:539} INFO - Filling up the DagBag from /home/airflow/.local/lib/python3.8/site-packages/airflow/example_dags/example_bash_operator.py
[2023-09-07T16:27:03.707+0000] {processor.py:839} INFO - DAG(s) dict_keys(['example_bash_operator']) retrieved from /home/airflow/.local/lib/python3.8/site-packages/airflow/example_dags/example_bash_operator.py
[2023-09-07T16:27:03.728+0000] {logging_mixin.py:151} INFO - [2023-09-07T16:27:03.728+0000] {dag.py:2907} INFO - Sync 1 DAGs
[2023-09-07T16:27:03.742+0000] {logging_mixin.py:151} INFO - [2023-09-07T16:27:03.742+0000] {dag.py:3677} INFO - Setting next_dagrun for example_bash_operator to 2023-09-07T00:00:00+00:00, run_after=2023-09-08T00:00:00+00:00
[2023-09-07T16:27:03.753+0000] {processor.py:179} INFO - Processing /home/airflow/.local/lib/python3.8/site-packages/airflow/example_dags/example_bash_operator.py took 0.061 seconds
[2023-09-07T16:27:34.124+0000] {processor.py:157} INFO - Started process (PID=13771) to work on /home/airflow/.local/lib/python3.8/site-packages/airflow/example_dags/example_bash_operator.py
[2023-09-07T16:27:34.126+0000] {processor.py:829} INFO - Processing file /home/airflow/.local/lib/python3.8/site-packages/airflow/example_dags/example_bash_operator.py for tasks to queue
[2023-09-07T16:27:34.127+0000] {logging_mixin.py:151} INFO - [2023-09-07T16:27:34.127+0000] {dagbag.py:539} INFO - Filling up the DagBag from /home/airflow/.local/lib/python3.8/site-packages/airflow/example_dags/example_bash_operator.py
[2023-09-07T16:27:34.137+0000] {processor.py:839} INFO - DAG(s) dict_keys(['example_bash_operator']) retrieved from /home/airflow/.local/lib/python3.8/site-packages/airflow/example_dags/example_bash_operator.py
[2023-09-07T16:27:34.159+0000] {logging_mixin.py:151} INFO - [2023-09-07T16:27:34.159+0000] {dag.py:2907} INFO - Sync 1 DAGs
[2023-09-07T16:27:34.172+0000] {logging_mixin.py:151} INFO - [2023-09-07T16:27:34.172+0000] {dag.py:3677} INFO - Setting next_dagrun for example_bash_operator to 2023-09-07T00:00:00+00:00, run_after=2023-09-08T00:00:00+00:00
[2023-09-07T16:27:34.184+0000] {processor.py:179} INFO - Processing /home/airflow/.local/lib/python3.8/site-packages/airflow/example_dags/example_bash_operator.py took 0.062 seconds
[2023-09-07T16:28:04.586+0000] {processor.py:157} INFO - Started process (PID=14009) to work on /home/airflow/.local/lib/python3.8/site-packages/airflow/example_dags/example_bash_operator.py
[2023-09-07T16:28:04.588+0000] {processor.py:829} INFO - Processing file /home/airflow/.local/lib/python3.8/site-packages/airflow/example_dags/example_bash_operator.py for tasks to queue
[2023-09-07T16:28:04.589+0000] {logging_mixin.py:151} INFO - [2023-09-07T16:28:04.588+0000] {dagbag.py:539} INFO - Filling up the DagBag from /home/airflow/.local/lib/python3.8/site-packages/airflow/example_dags/example_bash_operator.py
[2023-09-07T16:28:04.598+0000] {processor.py:839} INFO - DAG(s) dict_keys(['example_bash_operator']) retrieved from /home/airflow/.local/lib/python3.8/site-packages/airflow/example_dags/example_bash_operator.py
[2023-09-07T16:28:04.619+0000] {logging_mixin.py:151} INFO - [2023-09-07T16:28:04.619+0000] {dag.py:2907} INFO - Sync 1 DAGs
[2023-09-07T16:28:04.633+0000] {logging_mixin.py:151} INFO - [2023-09-07T16:28:04.633+0000] {dag.py:3677} INFO - Setting next_dagrun for example_bash_operator to 2023-09-07T00:00:00+00:00, run_after=2023-09-08T00:00:00+00:00
[2023-09-07T16:28:04.643+0000] {processor.py:179} INFO - Processing /home/airflow/.local/lib/python3.8/site-packages/airflow/example_dags/example_bash_operator.py took 0.060 seconds
[2023-09-07T16:28:34.938+0000] {processor.py:157} INFO - Started process (PID=14247) to work on /home/airflow/.local/lib/python3.8/site-packages/airflow/example_dags/example_bash_operator.py
[2023-09-07T16:28:34.940+0000] {processor.py:829} INFO - Processing file /home/airflow/.local/lib/python3.8/site-packages/airflow/example_dags/example_bash_operator.py for tasks to queue
[2023-09-07T16:28:34.941+0000] {logging_mixin.py:151} INFO - [2023-09-07T16:28:34.940+0000] {dagbag.py:539} INFO - Filling up the DagBag from /home/airflow/.local/lib/python3.8/site-packages/airflow/example_dags/example_bash_operator.py
[2023-09-07T16:28:34.956+0000] {processor.py:839} INFO - DAG(s) dict_keys(['example_bash_operator']) retrieved from /home/airflow/.local/lib/python3.8/site-packages/airflow/example_dags/example_bash_operator.py
[2023-09-07T16:28:34.979+0000] {logging_mixin.py:151} INFO - [2023-09-07T16:28:34.979+0000] {dag.py:2907} INFO - Sync 1 DAGs
[2023-09-07T16:28:34.994+0000] {logging_mixin.py:151} INFO - [2023-09-07T16:28:34.994+0000] {dag.py:3677} INFO - Setting next_dagrun for example_bash_operator to 2023-09-07T00:00:00+00:00, run_after=2023-09-08T00:00:00+00:00
[2023-09-07T16:28:35.004+0000] {processor.py:179} INFO - Processing /home/airflow/.local/lib/python3.8/site-packages/airflow/example_dags/example_bash_operator.py took 0.068 seconds
[2023-09-07T16:29:06.845+0000] {processor.py:157} INFO - Started process (PID=14486) to work on /home/airflow/.local/lib/python3.8/site-packages/airflow/example_dags/example_bash_operator.py
[2023-09-07T16:29:06.846+0000] {processor.py:829} INFO - Processing file /home/airflow/.local/lib/python3.8/site-packages/airflow/example_dags/example_bash_operator.py for tasks to queue
[2023-09-07T16:29:06.847+0000] {logging_mixin.py:151} INFO - [2023-09-07T16:29:06.847+0000] {dagbag.py:539} INFO - Filling up the DagBag from /home/airflow/.local/lib/python3.8/site-packages/airflow/example_dags/example_bash_operator.py
[2023-09-07T16:29:06.856+0000] {processor.py:839} INFO - DAG(s) dict_keys(['example_bash_operator']) retrieved from /home/airflow/.local/lib/python3.8/site-packages/airflow/example_dags/example_bash_operator.py
[2023-09-07T16:29:06.877+0000] {logging_mixin.py:151} INFO - [2023-09-07T16:29:06.877+0000] {dag.py:2907} INFO - Sync 1 DAGs
[2023-09-07T16:29:06.893+0000] {logging_mixin.py:151} INFO - [2023-09-07T16:29:06.892+0000] {dag.py:3677} INFO - Setting next_dagrun for example_bash_operator to 2023-09-07T00:00:00+00:00, run_after=2023-09-08T00:00:00+00:00
[2023-09-07T16:29:06.902+0000] {processor.py:179} INFO - Processing /home/airflow/.local/lib/python3.8/site-packages/airflow/example_dags/example_bash_operator.py took 0.060 seconds
[2023-09-07T16:30:57.509+0000] {processor.py:157} INFO - Started process (PID=14722) to work on /home/airflow/.local/lib/python3.8/site-packages/airflow/example_dags/example_bash_operator.py
[2023-09-07T16:30:57.514+0000] {processor.py:829} INFO - Processing file /home/airflow/.local/lib/python3.8/site-packages/airflow/example_dags/example_bash_operator.py for tasks to queue
[2023-09-07T16:30:57.522+0000] {logging_mixin.py:151} INFO - [2023-09-07T16:30:57.520+0000] {dagbag.py:539} INFO - Filling up the DagBag from /home/airflow/.local/lib/python3.8/site-packages/airflow/example_dags/example_bash_operator.py
[2023-09-07T16:30:57.559+0000] {processor.py:839} INFO - DAG(s) dict_keys(['example_bash_operator']) retrieved from /home/airflow/.local/lib/python3.8/site-packages/airflow/example_dags/example_bash_operator.py
[2023-09-07T16:30:57.652+0000] {logging_mixin.py:151} INFO - [2023-09-07T16:30:57.652+0000] {dag.py:2907} INFO - Sync 1 DAGs
[2023-09-07T16:30:57.674+0000] {logging_mixin.py:151} INFO - [2023-09-07T16:30:57.674+0000] {dag.py:3677} INFO - Setting next_dagrun for example_bash_operator to 2023-09-07T00:00:00+00:00, run_after=2023-09-08T00:00:00+00:00
[2023-09-07T16:30:57.687+0000] {processor.py:179} INFO - Processing /home/airflow/.local/lib/python3.8/site-packages/airflow/example_dags/example_bash_operator.py took 0.186 seconds
[2023-09-07T16:31:27.955+0000] {processor.py:157} INFO - Started process (PID=14959) to work on /home/airflow/.local/lib/python3.8/site-packages/airflow/example_dags/example_bash_operator.py
[2023-09-07T16:31:27.958+0000] {processor.py:829} INFO - Processing file /home/airflow/.local/lib/python3.8/site-packages/airflow/example_dags/example_bash_operator.py for tasks to queue
[2023-09-07T16:31:27.959+0000] {logging_mixin.py:151} INFO - [2023-09-07T16:31:27.959+0000] {dagbag.py:539} INFO - Filling up the DagBag from /home/airflow/.local/lib/python3.8/site-packages/airflow/example_dags/example_bash_operator.py
[2023-09-07T16:31:27.969+0000] {processor.py:839} INFO - DAG(s) dict_keys(['example_bash_operator']) retrieved from /home/airflow/.local/lib/python3.8/site-packages/airflow/example_dags/example_bash_operator.py
[2023-09-07T16:31:27.990+0000] {logging_mixin.py:151} INFO - [2023-09-07T16:31:27.990+0000] {dag.py:2907} INFO - Sync 1 DAGs
[2023-09-07T16:31:28.004+0000] {logging_mixin.py:151} INFO - [2023-09-07T16:31:28.004+0000] {dag.py:3677} INFO - Setting next_dagrun for example_bash_operator to 2023-09-07T00:00:00+00:00, run_after=2023-09-08T00:00:00+00:00
[2023-09-07T16:31:28.015+0000] {processor.py:179} INFO - Processing /home/airflow/.local/lib/python3.8/site-packages/airflow/example_dags/example_bash_operator.py took 0.063 seconds
[2023-09-07T16:31:58.702+0000] {processor.py:157} INFO - Started process (PID=15198) to work on /home/airflow/.local/lib/python3.8/site-packages/airflow/example_dags/example_bash_operator.py
[2023-09-07T16:31:58.704+0000] {processor.py:829} INFO - Processing file /home/airflow/.local/lib/python3.8/site-packages/airflow/example_dags/example_bash_operator.py for tasks to queue
[2023-09-07T16:31:58.706+0000] {logging_mixin.py:151} INFO - [2023-09-07T16:31:58.705+0000] {dagbag.py:539} INFO - Filling up the DagBag from /home/airflow/.local/lib/python3.8/site-packages/airflow/example_dags/example_bash_operator.py
[2023-09-07T16:31:58.717+0000] {processor.py:839} INFO - DAG(s) dict_keys(['example_bash_operator']) retrieved from /home/airflow/.local/lib/python3.8/site-packages/airflow/example_dags/example_bash_operator.py
[2023-09-07T16:31:58.766+0000] {logging_mixin.py:151} INFO - [2023-09-07T16:31:58.765+0000] {dag.py:2907} INFO - Sync 1 DAGs
[2023-09-07T16:31:58.798+0000] {logging_mixin.py:151} INFO - [2023-09-07T16:31:58.798+0000] {dag.py:3677} INFO - Setting next_dagrun for example_bash_operator to 2023-09-07T00:00:00+00:00, run_after=2023-09-08T00:00:00+00:00
[2023-09-07T16:31:58.817+0000] {processor.py:179} INFO - Processing /home/airflow/.local/lib/python3.8/site-packages/airflow/example_dags/example_bash_operator.py took 0.121 seconds
[2023-09-07T16:32:29.914+0000] {processor.py:157} INFO - Started process (PID=15434) to work on /home/airflow/.local/lib/python3.8/site-packages/airflow/example_dags/example_bash_operator.py
[2023-09-07T16:32:29.921+0000] {processor.py:829} INFO - Processing file /home/airflow/.local/lib/python3.8/site-packages/airflow/example_dags/example_bash_operator.py for tasks to queue
[2023-09-07T16:32:29.925+0000] {logging_mixin.py:151} INFO - [2023-09-07T16:32:29.924+0000] {dagbag.py:539} INFO - Filling up the DagBag from /home/airflow/.local/lib/python3.8/site-packages/airflow/example_dags/example_bash_operator.py
[2023-09-07T16:32:29.964+0000] {processor.py:839} INFO - DAG(s) dict_keys(['example_bash_operator']) retrieved from /home/airflow/.local/lib/python3.8/site-packages/airflow/example_dags/example_bash_operator.py
[2023-09-07T16:32:30.037+0000] {logging_mixin.py:151} INFO - [2023-09-07T16:32:30.036+0000] {dag.py:2907} INFO - Sync 1 DAGs
[2023-09-07T16:32:30.087+0000] {logging_mixin.py:151} INFO - [2023-09-07T16:32:30.087+0000] {dag.py:3677} INFO - Setting next_dagrun for example_bash_operator to 2023-09-07T00:00:00+00:00, run_after=2023-09-08T00:00:00+00:00
[2023-09-07T16:32:30.112+0000] {processor.py:179} INFO - Processing /home/airflow/.local/lib/python3.8/site-packages/airflow/example_dags/example_bash_operator.py took 0.222 seconds
