[2023-09-07T15:58:26.926+0000] {processor.py:157} INFO - Started process (PID=327) to work on /home/airflow/.local/lib/python3.8/site-packages/airflow/example_dags/example_dynamic_task_mapping.py
[2023-09-07T15:58:26.928+0000] {processor.py:829} INFO - Processing file /home/airflow/.local/lib/python3.8/site-packages/airflow/example_dags/example_dynamic_task_mapping.py for tasks to queue
[2023-09-07T15:58:26.929+0000] {logging_mixin.py:151} INFO - [2023-09-07T15:58:26.929+0000] {dagbag.py:539} INFO - Filling up the DagBag from /home/airflow/.local/lib/python3.8/site-packages/airflow/example_dags/example_dynamic_task_mapping.py
[2023-09-07T15:58:26.948+0000] {processor.py:839} INFO - DAG(s) dict_keys(['example_dynamic_task_mapping']) retrieved from /home/airflow/.local/lib/python3.8/site-packages/airflow/example_dags/example_dynamic_task_mapping.py
[2023-09-07T15:58:26.966+0000] {logging_mixin.py:151} INFO - [2023-09-07T15:58:26.966+0000] {dag.py:2907} INFO - Sync 1 DAGs
[2023-09-07T15:58:26.986+0000] {logging_mixin.py:151} INFO - [2023-09-07T15:58:26.986+0000] {dag.py:3677} INFO - Setting next_dagrun for example_dynamic_task_mapping to 2022-03-04T00:00:00+00:00, run_after=2022-03-05T00:00:00+00:00
[2023-09-07T15:58:26.998+0000] {processor.py:179} INFO - Processing /home/airflow/.local/lib/python3.8/site-packages/airflow/example_dags/example_dynamic_task_mapping.py took 0.076 seconds
[2023-09-07T15:58:57.605+0000] {processor.py:157} INFO - Started process (PID=560) to work on /home/airflow/.local/lib/python3.8/site-packages/airflow/example_dags/example_dynamic_task_mapping.py
[2023-09-07T15:58:57.607+0000] {processor.py:829} INFO - Processing file /home/airflow/.local/lib/python3.8/site-packages/airflow/example_dags/example_dynamic_task_mapping.py for tasks to queue
[2023-09-07T15:58:57.608+0000] {logging_mixin.py:151} INFO - [2023-09-07T15:58:57.608+0000] {dagbag.py:539} INFO - Filling up the DagBag from /home/airflow/.local/lib/python3.8/site-packages/airflow/example_dags/example_dynamic_task_mapping.py
[2023-09-07T15:58:57.620+0000] {processor.py:839} INFO - DAG(s) dict_keys(['example_dynamic_task_mapping']) retrieved from /home/airflow/.local/lib/python3.8/site-packages/airflow/example_dags/example_dynamic_task_mapping.py
[2023-09-07T15:58:57.645+0000] {logging_mixin.py:151} INFO - [2023-09-07T15:58:57.644+0000] {dag.py:2907} INFO - Sync 1 DAGs
[2023-09-07T15:58:57.749+0000] {logging_mixin.py:151} INFO - [2023-09-07T15:58:57.749+0000] {dag.py:3677} INFO - Setting next_dagrun for example_dynamic_task_mapping to 2022-03-04T00:00:00+00:00, run_after=2022-03-05T00:00:00+00:00
[2023-09-07T15:58:57.757+0000] {processor.py:179} INFO - Processing /home/airflow/.local/lib/python3.8/site-packages/airflow/example_dags/example_dynamic_task_mapping.py took 0.155 seconds
[2023-09-07T15:59:30.568+0000] {processor.py:157} INFO - Started process (PID=803) to work on /home/airflow/.local/lib/python3.8/site-packages/airflow/example_dags/example_dynamic_task_mapping.py
[2023-09-07T15:59:30.570+0000] {processor.py:829} INFO - Processing file /home/airflow/.local/lib/python3.8/site-packages/airflow/example_dags/example_dynamic_task_mapping.py for tasks to queue
[2023-09-07T15:59:30.570+0000] {logging_mixin.py:151} INFO - [2023-09-07T15:59:30.570+0000] {dagbag.py:539} INFO - Filling up the DagBag from /home/airflow/.local/lib/python3.8/site-packages/airflow/example_dags/example_dynamic_task_mapping.py
[2023-09-07T15:59:30.576+0000] {processor.py:839} INFO - DAG(s) dict_keys(['example_dynamic_task_mapping']) retrieved from /home/airflow/.local/lib/python3.8/site-packages/airflow/example_dags/example_dynamic_task_mapping.py
[2023-09-07T15:59:30.592+0000] {logging_mixin.py:151} INFO - [2023-09-07T15:59:30.592+0000] {dag.py:2907} INFO - Sync 1 DAGs
[2023-09-07T15:59:30.612+0000] {logging_mixin.py:151} INFO - [2023-09-07T15:59:30.612+0000] {dag.py:3677} INFO - Setting next_dagrun for example_dynamic_task_mapping to 2022-03-04T00:00:00+00:00, run_after=2022-03-05T00:00:00+00:00
[2023-09-07T15:59:30.626+0000] {processor.py:179} INFO - Processing /home/airflow/.local/lib/python3.8/site-packages/airflow/example_dags/example_dynamic_task_mapping.py took 0.061 seconds
[2023-09-07T16:00:01.688+0000] {processor.py:157} INFO - Started process (PID=1043) to work on /home/airflow/.local/lib/python3.8/site-packages/airflow/example_dags/example_dynamic_task_mapping.py
[2023-09-07T16:00:01.690+0000] {processor.py:829} INFO - Processing file /home/airflow/.local/lib/python3.8/site-packages/airflow/example_dags/example_dynamic_task_mapping.py for tasks to queue
[2023-09-07T16:00:01.693+0000] {logging_mixin.py:151} INFO - [2023-09-07T16:00:01.692+0000] {dagbag.py:539} INFO - Filling up the DagBag from /home/airflow/.local/lib/python3.8/site-packages/airflow/example_dags/example_dynamic_task_mapping.py
[2023-09-07T16:00:01.701+0000] {processor.py:839} INFO - DAG(s) dict_keys(['example_dynamic_task_mapping']) retrieved from /home/airflow/.local/lib/python3.8/site-packages/airflow/example_dags/example_dynamic_task_mapping.py
[2023-09-07T16:00:01.724+0000] {logging_mixin.py:151} INFO - [2023-09-07T16:00:01.724+0000] {dag.py:2907} INFO - Sync 1 DAGs
[2023-09-07T16:00:01.740+0000] {logging_mixin.py:151} INFO - [2023-09-07T16:00:01.739+0000] {dag.py:3677} INFO - Setting next_dagrun for example_dynamic_task_mapping to 2022-03-04T00:00:00+00:00, run_after=2022-03-05T00:00:00+00:00
[2023-09-07T16:00:01.752+0000] {processor.py:179} INFO - Processing /home/airflow/.local/lib/python3.8/site-packages/airflow/example_dags/example_dynamic_task_mapping.py took 0.067 seconds
[2023-09-07T16:00:36.725+0000] {processor.py:157} INFO - Started process (PID=1278) to work on /home/airflow/.local/lib/python3.8/site-packages/airflow/example_dags/example_dynamic_task_mapping.py
[2023-09-07T16:00:36.728+0000] {processor.py:829} INFO - Processing file /home/airflow/.local/lib/python3.8/site-packages/airflow/example_dags/example_dynamic_task_mapping.py for tasks to queue
[2023-09-07T16:00:36.730+0000] {logging_mixin.py:151} INFO - [2023-09-07T16:00:36.730+0000] {dagbag.py:539} INFO - Filling up the DagBag from /home/airflow/.local/lib/python3.8/site-packages/airflow/example_dags/example_dynamic_task_mapping.py
[2023-09-07T16:00:36.749+0000] {processor.py:839} INFO - DAG(s) dict_keys(['example_dynamic_task_mapping']) retrieved from /home/airflow/.local/lib/python3.8/site-packages/airflow/example_dags/example_dynamic_task_mapping.py
[2023-09-07T16:00:36.878+0000] {logging_mixin.py:151} INFO - [2023-09-07T16:00:36.877+0000] {dag.py:2907} INFO - Sync 1 DAGs
[2023-09-07T16:00:36.929+0000] {logging_mixin.py:151} INFO - [2023-09-07T16:00:36.929+0000] {dag.py:3677} INFO - Setting next_dagrun for example_dynamic_task_mapping to 2022-03-04T00:00:00+00:00, run_after=2022-03-05T00:00:00+00:00
[2023-09-07T16:00:36.997+0000] {processor.py:179} INFO - Processing /home/airflow/.local/lib/python3.8/site-packages/airflow/example_dags/example_dynamic_task_mapping.py took 0.278 seconds
[2023-09-07T16:01:07.969+0000] {processor.py:157} INFO - Started process (PID=1540) to work on /home/airflow/.local/lib/python3.8/site-packages/airflow/example_dags/example_dynamic_task_mapping.py
[2023-09-07T16:01:08.017+0000] {processor.py:829} INFO - Processing file /home/airflow/.local/lib/python3.8/site-packages/airflow/example_dags/example_dynamic_task_mapping.py for tasks to queue
[2023-09-07T16:01:08.052+0000] {logging_mixin.py:151} INFO - [2023-09-07T16:01:08.034+0000] {dagbag.py:539} INFO - Filling up the DagBag from /home/airflow/.local/lib/python3.8/site-packages/airflow/example_dags/example_dynamic_task_mapping.py
[2023-09-07T16:01:08.150+0000] {processor.py:839} INFO - DAG(s) dict_keys(['example_dynamic_task_mapping']) retrieved from /home/airflow/.local/lib/python3.8/site-packages/airflow/example_dags/example_dynamic_task_mapping.py
[2023-09-07T16:01:08.246+0000] {logging_mixin.py:151} INFO - [2023-09-07T16:01:08.246+0000] {dag.py:2907} INFO - Sync 1 DAGs
[2023-09-07T16:01:08.281+0000] {logging_mixin.py:151} INFO - [2023-09-07T16:01:08.281+0000] {dag.py:3677} INFO - Setting next_dagrun for example_dynamic_task_mapping to 2022-03-04T00:00:00+00:00, run_after=2022-03-05T00:00:00+00:00
[2023-09-07T16:01:08.314+0000] {processor.py:179} INFO - Processing /home/airflow/.local/lib/python3.8/site-packages/airflow/example_dags/example_dynamic_task_mapping.py took 0.489 seconds
[2023-09-07T16:01:39.065+0000] {processor.py:157} INFO - Started process (PID=1777) to work on /home/airflow/.local/lib/python3.8/site-packages/airflow/example_dags/example_dynamic_task_mapping.py
[2023-09-07T16:01:39.070+0000] {processor.py:829} INFO - Processing file /home/airflow/.local/lib/python3.8/site-packages/airflow/example_dags/example_dynamic_task_mapping.py for tasks to queue
[2023-09-07T16:01:39.074+0000] {logging_mixin.py:151} INFO - [2023-09-07T16:01:39.072+0000] {dagbag.py:539} INFO - Filling up the DagBag from /home/airflow/.local/lib/python3.8/site-packages/airflow/example_dags/example_dynamic_task_mapping.py
[2023-09-07T16:01:39.111+0000] {processor.py:839} INFO - DAG(s) dict_keys(['example_dynamic_task_mapping']) retrieved from /home/airflow/.local/lib/python3.8/site-packages/airflow/example_dags/example_dynamic_task_mapping.py
[2023-09-07T16:01:39.213+0000] {logging_mixin.py:151} INFO - [2023-09-07T16:01:39.213+0000] {dag.py:2907} INFO - Sync 1 DAGs
[2023-09-07T16:01:39.257+0000] {logging_mixin.py:151} INFO - [2023-09-07T16:01:39.257+0000] {dag.py:3677} INFO - Setting next_dagrun for example_dynamic_task_mapping to 2022-03-04T00:00:00+00:00, run_after=2022-03-05T00:00:00+00:00
[2023-09-07T16:01:39.273+0000] {processor.py:179} INFO - Processing /home/airflow/.local/lib/python3.8/site-packages/airflow/example_dags/example_dynamic_task_mapping.py took 0.229 seconds
[2023-09-07T16:02:10.400+0000] {processor.py:157} INFO - Started process (PID=2016) to work on /home/airflow/.local/lib/python3.8/site-packages/airflow/example_dags/example_dynamic_task_mapping.py
[2023-09-07T16:02:10.404+0000] {processor.py:829} INFO - Processing file /home/airflow/.local/lib/python3.8/site-packages/airflow/example_dags/example_dynamic_task_mapping.py for tasks to queue
[2023-09-07T16:02:10.406+0000] {logging_mixin.py:151} INFO - [2023-09-07T16:02:10.405+0000] {dagbag.py:539} INFO - Filling up the DagBag from /home/airflow/.local/lib/python3.8/site-packages/airflow/example_dags/example_dynamic_task_mapping.py
[2023-09-07T16:02:10.443+0000] {processor.py:839} INFO - DAG(s) dict_keys(['example_dynamic_task_mapping']) retrieved from /home/airflow/.local/lib/python3.8/site-packages/airflow/example_dags/example_dynamic_task_mapping.py
[2023-09-07T16:02:10.499+0000] {logging_mixin.py:151} INFO - [2023-09-07T16:02:10.499+0000] {dag.py:2907} INFO - Sync 1 DAGs
[2023-09-07T16:02:10.530+0000] {logging_mixin.py:151} INFO - [2023-09-07T16:02:10.530+0000] {dag.py:3677} INFO - Setting next_dagrun for example_dynamic_task_mapping to 2022-03-04T00:00:00+00:00, run_after=2022-03-05T00:00:00+00:00
[2023-09-07T16:02:10.545+0000] {processor.py:179} INFO - Processing /home/airflow/.local/lib/python3.8/site-packages/airflow/example_dags/example_dynamic_task_mapping.py took 0.153 seconds
[2023-09-07T16:02:41.402+0000] {processor.py:157} INFO - Started process (PID=2254) to work on /home/airflow/.local/lib/python3.8/site-packages/airflow/example_dags/example_dynamic_task_mapping.py
[2023-09-07T16:02:41.404+0000] {processor.py:829} INFO - Processing file /home/airflow/.local/lib/python3.8/site-packages/airflow/example_dags/example_dynamic_task_mapping.py for tasks to queue
[2023-09-07T16:02:41.406+0000] {logging_mixin.py:151} INFO - [2023-09-07T16:02:41.405+0000] {dagbag.py:539} INFO - Filling up the DagBag from /home/airflow/.local/lib/python3.8/site-packages/airflow/example_dags/example_dynamic_task_mapping.py
[2023-09-07T16:02:41.443+0000] {processor.py:839} INFO - DAG(s) dict_keys(['example_dynamic_task_mapping']) retrieved from /home/airflow/.local/lib/python3.8/site-packages/airflow/example_dags/example_dynamic_task_mapping.py
[2023-09-07T16:02:41.503+0000] {logging_mixin.py:151} INFO - [2023-09-07T16:02:41.503+0000] {dag.py:2907} INFO - Sync 1 DAGs
[2023-09-07T16:02:41.535+0000] {logging_mixin.py:151} INFO - [2023-09-07T16:02:41.535+0000] {dag.py:3677} INFO - Setting next_dagrun for example_dynamic_task_mapping to 2022-03-04T00:00:00+00:00, run_after=2022-03-05T00:00:00+00:00
[2023-09-07T16:02:41.567+0000] {processor.py:179} INFO - Processing /home/airflow/.local/lib/python3.8/site-packages/airflow/example_dags/example_dynamic_task_mapping.py took 0.172 seconds
[2023-09-07T16:03:11.848+0000] {processor.py:157} INFO - Started process (PID=2492) to work on /home/airflow/.local/lib/python3.8/site-packages/airflow/example_dags/example_dynamic_task_mapping.py
[2023-09-07T16:03:11.852+0000] {processor.py:829} INFO - Processing file /home/airflow/.local/lib/python3.8/site-packages/airflow/example_dags/example_dynamic_task_mapping.py for tasks to queue
[2023-09-07T16:03:11.854+0000] {logging_mixin.py:151} INFO - [2023-09-07T16:03:11.853+0000] {dagbag.py:539} INFO - Filling up the DagBag from /home/airflow/.local/lib/python3.8/site-packages/airflow/example_dags/example_dynamic_task_mapping.py
[2023-09-07T16:03:11.876+0000] {processor.py:839} INFO - DAG(s) dict_keys(['example_dynamic_task_mapping']) retrieved from /home/airflow/.local/lib/python3.8/site-packages/airflow/example_dags/example_dynamic_task_mapping.py
[2023-09-07T16:03:11.934+0000] {logging_mixin.py:151} INFO - [2023-09-07T16:03:11.934+0000] {dag.py:2907} INFO - Sync 1 DAGs
[2023-09-07T16:03:11.960+0000] {logging_mixin.py:151} INFO - [2023-09-07T16:03:11.960+0000] {dag.py:3677} INFO - Setting next_dagrun for example_dynamic_task_mapping to 2022-03-04T00:00:00+00:00, run_after=2022-03-05T00:00:00+00:00
[2023-09-07T16:03:11.983+0000] {processor.py:179} INFO - Processing /home/airflow/.local/lib/python3.8/site-packages/airflow/example_dags/example_dynamic_task_mapping.py took 0.144 seconds
[2023-09-07T16:03:42.650+0000] {processor.py:157} INFO - Started process (PID=2729) to work on /home/airflow/.local/lib/python3.8/site-packages/airflow/example_dags/example_dynamic_task_mapping.py
[2023-09-07T16:03:42.653+0000] {processor.py:829} INFO - Processing file /home/airflow/.local/lib/python3.8/site-packages/airflow/example_dags/example_dynamic_task_mapping.py for tasks to queue
[2023-09-07T16:03:42.655+0000] {logging_mixin.py:151} INFO - [2023-09-07T16:03:42.654+0000] {dagbag.py:539} INFO - Filling up the DagBag from /home/airflow/.local/lib/python3.8/site-packages/airflow/example_dags/example_dynamic_task_mapping.py
[2023-09-07T16:03:42.691+0000] {processor.py:839} INFO - DAG(s) dict_keys(['example_dynamic_task_mapping']) retrieved from /home/airflow/.local/lib/python3.8/site-packages/airflow/example_dags/example_dynamic_task_mapping.py
[2023-09-07T16:03:42.746+0000] {logging_mixin.py:151} INFO - [2023-09-07T16:03:42.746+0000] {dag.py:2907} INFO - Sync 1 DAGs
[2023-09-07T16:03:42.785+0000] {logging_mixin.py:151} INFO - [2023-09-07T16:03:42.785+0000] {dag.py:3677} INFO - Setting next_dagrun for example_dynamic_task_mapping to 2022-03-04T00:00:00+00:00, run_after=2022-03-05T00:00:00+00:00
[2023-09-07T16:03:42.806+0000] {processor.py:179} INFO - Processing /home/airflow/.local/lib/python3.8/site-packages/airflow/example_dags/example_dynamic_task_mapping.py took 0.166 seconds
[2023-09-07T16:04:13.659+0000] {processor.py:157} INFO - Started process (PID=2968) to work on /home/airflow/.local/lib/python3.8/site-packages/airflow/example_dags/example_dynamic_task_mapping.py
[2023-09-07T16:04:13.664+0000] {processor.py:829} INFO - Processing file /home/airflow/.local/lib/python3.8/site-packages/airflow/example_dags/example_dynamic_task_mapping.py for tasks to queue
[2023-09-07T16:04:13.667+0000] {logging_mixin.py:151} INFO - [2023-09-07T16:04:13.666+0000] {dagbag.py:539} INFO - Filling up the DagBag from /home/airflow/.local/lib/python3.8/site-packages/airflow/example_dags/example_dynamic_task_mapping.py
[2023-09-07T16:04:13.693+0000] {processor.py:839} INFO - DAG(s) dict_keys(['example_dynamic_task_mapping']) retrieved from /home/airflow/.local/lib/python3.8/site-packages/airflow/example_dags/example_dynamic_task_mapping.py
[2023-09-07T16:04:13.747+0000] {logging_mixin.py:151} INFO - [2023-09-07T16:04:13.747+0000] {dag.py:2907} INFO - Sync 1 DAGs
[2023-09-07T16:04:13.774+0000] {logging_mixin.py:151} INFO - [2023-09-07T16:04:13.773+0000] {dag.py:3677} INFO - Setting next_dagrun for example_dynamic_task_mapping to 2022-03-04T00:00:00+00:00, run_after=2022-03-05T00:00:00+00:00
[2023-09-07T16:04:13.790+0000] {processor.py:179} INFO - Processing /home/airflow/.local/lib/python3.8/site-packages/airflow/example_dags/example_dynamic_task_mapping.py took 0.139 seconds
[2023-09-07T16:04:44.028+0000] {processor.py:157} INFO - Started process (PID=3206) to work on /home/airflow/.local/lib/python3.8/site-packages/airflow/example_dags/example_dynamic_task_mapping.py
[2023-09-07T16:04:44.030+0000] {processor.py:829} INFO - Processing file /home/airflow/.local/lib/python3.8/site-packages/airflow/example_dags/example_dynamic_task_mapping.py for tasks to queue
[2023-09-07T16:04:44.033+0000] {logging_mixin.py:151} INFO - [2023-09-07T16:04:44.032+0000] {dagbag.py:539} INFO - Filling up the DagBag from /home/airflow/.local/lib/python3.8/site-packages/airflow/example_dags/example_dynamic_task_mapping.py
[2023-09-07T16:04:44.056+0000] {processor.py:839} INFO - DAG(s) dict_keys(['example_dynamic_task_mapping']) retrieved from /home/airflow/.local/lib/python3.8/site-packages/airflow/example_dags/example_dynamic_task_mapping.py
[2023-09-07T16:04:44.112+0000] {logging_mixin.py:151} INFO - [2023-09-07T16:04:44.112+0000] {dag.py:2907} INFO - Sync 1 DAGs
[2023-09-07T16:04:44.153+0000] {logging_mixin.py:151} INFO - [2023-09-07T16:04:44.152+0000] {dag.py:3677} INFO - Setting next_dagrun for example_dynamic_task_mapping to 2022-03-04T00:00:00+00:00, run_after=2022-03-05T00:00:00+00:00
[2023-09-07T16:04:44.168+0000] {processor.py:179} INFO - Processing /home/airflow/.local/lib/python3.8/site-packages/airflow/example_dags/example_dynamic_task_mapping.py took 0.146 seconds
[2023-09-07T16:05:14.409+0000] {processor.py:157} INFO - Started process (PID=3444) to work on /home/airflow/.local/lib/python3.8/site-packages/airflow/example_dags/example_dynamic_task_mapping.py
[2023-09-07T16:05:14.413+0000] {processor.py:829} INFO - Processing file /home/airflow/.local/lib/python3.8/site-packages/airflow/example_dags/example_dynamic_task_mapping.py for tasks to queue
[2023-09-07T16:05:14.415+0000] {logging_mixin.py:151} INFO - [2023-09-07T16:05:14.414+0000] {dagbag.py:539} INFO - Filling up the DagBag from /home/airflow/.local/lib/python3.8/site-packages/airflow/example_dags/example_dynamic_task_mapping.py
[2023-09-07T16:05:14.436+0000] {processor.py:839} INFO - DAG(s) dict_keys(['example_dynamic_task_mapping']) retrieved from /home/airflow/.local/lib/python3.8/site-packages/airflow/example_dags/example_dynamic_task_mapping.py
[2023-09-07T16:05:14.500+0000] {logging_mixin.py:151} INFO - [2023-09-07T16:05:14.500+0000] {dag.py:2907} INFO - Sync 1 DAGs
[2023-09-07T16:05:14.540+0000] {logging_mixin.py:151} INFO - [2023-09-07T16:05:14.539+0000] {dag.py:3677} INFO - Setting next_dagrun for example_dynamic_task_mapping to 2022-03-04T00:00:00+00:00, run_after=2022-03-05T00:00:00+00:00
[2023-09-07T16:05:14.555+0000] {processor.py:179} INFO - Processing /home/airflow/.local/lib/python3.8/site-packages/airflow/example_dags/example_dynamic_task_mapping.py took 0.159 seconds
[2023-09-07T16:05:44.883+0000] {processor.py:157} INFO - Started process (PID=3682) to work on /home/airflow/.local/lib/python3.8/site-packages/airflow/example_dags/example_dynamic_task_mapping.py
[2023-09-07T16:05:44.885+0000] {processor.py:829} INFO - Processing file /home/airflow/.local/lib/python3.8/site-packages/airflow/example_dags/example_dynamic_task_mapping.py for tasks to queue
[2023-09-07T16:05:44.887+0000] {logging_mixin.py:151} INFO - [2023-09-07T16:05:44.886+0000] {dagbag.py:539} INFO - Filling up the DagBag from /home/airflow/.local/lib/python3.8/site-packages/airflow/example_dags/example_dynamic_task_mapping.py
[2023-09-07T16:05:44.899+0000] {processor.py:839} INFO - DAG(s) dict_keys(['example_dynamic_task_mapping']) retrieved from /home/airflow/.local/lib/python3.8/site-packages/airflow/example_dags/example_dynamic_task_mapping.py
[2023-09-07T16:05:44.951+0000] {logging_mixin.py:151} INFO - [2023-09-07T16:05:44.951+0000] {dag.py:2907} INFO - Sync 1 DAGs
[2023-09-07T16:05:44.973+0000] {logging_mixin.py:151} INFO - [2023-09-07T16:05:44.972+0000] {dag.py:3677} INFO - Setting next_dagrun for example_dynamic_task_mapping to 2022-03-04T00:00:00+00:00, run_after=2022-03-05T00:00:00+00:00
[2023-09-07T16:05:44.988+0000] {processor.py:179} INFO - Processing /home/airflow/.local/lib/python3.8/site-packages/airflow/example_dags/example_dynamic_task_mapping.py took 0.110 seconds
[2023-09-07T16:06:15.212+0000] {processor.py:157} INFO - Started process (PID=3921) to work on /home/airflow/.local/lib/python3.8/site-packages/airflow/example_dags/example_dynamic_task_mapping.py
[2023-09-07T16:06:15.214+0000] {processor.py:829} INFO - Processing file /home/airflow/.local/lib/python3.8/site-packages/airflow/example_dags/example_dynamic_task_mapping.py for tasks to queue
[2023-09-07T16:06:15.215+0000] {logging_mixin.py:151} INFO - [2023-09-07T16:06:15.215+0000] {dagbag.py:539} INFO - Filling up the DagBag from /home/airflow/.local/lib/python3.8/site-packages/airflow/example_dags/example_dynamic_task_mapping.py
[2023-09-07T16:06:15.229+0000] {processor.py:839} INFO - DAG(s) dict_keys(['example_dynamic_task_mapping']) retrieved from /home/airflow/.local/lib/python3.8/site-packages/airflow/example_dags/example_dynamic_task_mapping.py
[2023-09-07T16:06:15.277+0000] {logging_mixin.py:151} INFO - [2023-09-07T16:06:15.277+0000] {dag.py:2907} INFO - Sync 1 DAGs
[2023-09-07T16:06:15.307+0000] {logging_mixin.py:151} INFO - [2023-09-07T16:06:15.307+0000] {dag.py:3677} INFO - Setting next_dagrun for example_dynamic_task_mapping to 2022-03-04T00:00:00+00:00, run_after=2022-03-05T00:00:00+00:00
[2023-09-07T16:06:15.323+0000] {processor.py:179} INFO - Processing /home/airflow/.local/lib/python3.8/site-packages/airflow/example_dags/example_dynamic_task_mapping.py took 0.116 seconds
[2023-09-07T16:06:46.077+0000] {processor.py:157} INFO - Started process (PID=4159) to work on /home/airflow/.local/lib/python3.8/site-packages/airflow/example_dags/example_dynamic_task_mapping.py
[2023-09-07T16:06:46.083+0000] {processor.py:829} INFO - Processing file /home/airflow/.local/lib/python3.8/site-packages/airflow/example_dags/example_dynamic_task_mapping.py for tasks to queue
[2023-09-07T16:06:46.086+0000] {logging_mixin.py:151} INFO - [2023-09-07T16:06:46.085+0000] {dagbag.py:539} INFO - Filling up the DagBag from /home/airflow/.local/lib/python3.8/site-packages/airflow/example_dags/example_dynamic_task_mapping.py
[2023-09-07T16:06:46.128+0000] {processor.py:839} INFO - DAG(s) dict_keys(['example_dynamic_task_mapping']) retrieved from /home/airflow/.local/lib/python3.8/site-packages/airflow/example_dags/example_dynamic_task_mapping.py
[2023-09-07T16:06:46.265+0000] {logging_mixin.py:151} INFO - [2023-09-07T16:06:46.263+0000] {dag.py:2907} INFO - Sync 1 DAGs
[2023-09-07T16:06:46.335+0000] {logging_mixin.py:151} INFO - [2023-09-07T16:06:46.335+0000] {dag.py:3677} INFO - Setting next_dagrun for example_dynamic_task_mapping to 2022-03-04T00:00:00+00:00, run_after=2022-03-05T00:00:00+00:00
[2023-09-07T16:06:46.367+0000] {processor.py:179} INFO - Processing /home/airflow/.local/lib/python3.8/site-packages/airflow/example_dags/example_dynamic_task_mapping.py took 0.317 seconds
[2023-09-07T16:07:17.162+0000] {processor.py:157} INFO - Started process (PID=4404) to work on /home/airflow/.local/lib/python3.8/site-packages/airflow/example_dags/example_dynamic_task_mapping.py
[2023-09-07T16:07:17.166+0000] {processor.py:829} INFO - Processing file /home/airflow/.local/lib/python3.8/site-packages/airflow/example_dags/example_dynamic_task_mapping.py for tasks to queue
[2023-09-07T16:07:17.168+0000] {logging_mixin.py:151} INFO - [2023-09-07T16:07:17.167+0000] {dagbag.py:539} INFO - Filling up the DagBag from /home/airflow/.local/lib/python3.8/site-packages/airflow/example_dags/example_dynamic_task_mapping.py
[2023-09-07T16:07:17.196+0000] {processor.py:839} INFO - DAG(s) dict_keys(['example_dynamic_task_mapping']) retrieved from /home/airflow/.local/lib/python3.8/site-packages/airflow/example_dags/example_dynamic_task_mapping.py
[2023-09-07T16:07:17.262+0000] {logging_mixin.py:151} INFO - [2023-09-07T16:07:17.262+0000] {dag.py:2907} INFO - Sync 1 DAGs
[2023-09-07T16:07:17.299+0000] {logging_mixin.py:151} INFO - [2023-09-07T16:07:17.298+0000] {dag.py:3677} INFO - Setting next_dagrun for example_dynamic_task_mapping to 2022-03-04T00:00:00+00:00, run_after=2022-03-05T00:00:00+00:00
[2023-09-07T16:07:17.316+0000] {processor.py:179} INFO - Processing /home/airflow/.local/lib/python3.8/site-packages/airflow/example_dags/example_dynamic_task_mapping.py took 0.165 seconds
[2023-09-07T16:07:47.725+0000] {processor.py:157} INFO - Started process (PID=4640) to work on /home/airflow/.local/lib/python3.8/site-packages/airflow/example_dags/example_dynamic_task_mapping.py
[2023-09-07T16:07:47.730+0000] {processor.py:829} INFO - Processing file /home/airflow/.local/lib/python3.8/site-packages/airflow/example_dags/example_dynamic_task_mapping.py for tasks to queue
[2023-09-07T16:07:47.732+0000] {logging_mixin.py:151} INFO - [2023-09-07T16:07:47.731+0000] {dagbag.py:539} INFO - Filling up the DagBag from /home/airflow/.local/lib/python3.8/site-packages/airflow/example_dags/example_dynamic_task_mapping.py
[2023-09-07T16:07:47.764+0000] {processor.py:839} INFO - DAG(s) dict_keys(['example_dynamic_task_mapping']) retrieved from /home/airflow/.local/lib/python3.8/site-packages/airflow/example_dags/example_dynamic_task_mapping.py
[2023-09-07T16:07:47.807+0000] {logging_mixin.py:151} INFO - [2023-09-07T16:07:47.807+0000] {dag.py:2907} INFO - Sync 1 DAGs
[2023-09-07T16:07:47.846+0000] {logging_mixin.py:151} INFO - [2023-09-07T16:07:47.845+0000] {dag.py:3677} INFO - Setting next_dagrun for example_dynamic_task_mapping to 2022-03-04T00:00:00+00:00, run_after=2022-03-05T00:00:00+00:00
[2023-09-07T16:07:47.860+0000] {processor.py:179} INFO - Processing /home/airflow/.local/lib/python3.8/site-packages/airflow/example_dags/example_dynamic_task_mapping.py took 0.141 seconds
[2023-09-07T16:08:18.238+0000] {processor.py:157} INFO - Started process (PID=4878) to work on /home/airflow/.local/lib/python3.8/site-packages/airflow/example_dags/example_dynamic_task_mapping.py
[2023-09-07T16:08:18.242+0000] {processor.py:829} INFO - Processing file /home/airflow/.local/lib/python3.8/site-packages/airflow/example_dags/example_dynamic_task_mapping.py for tasks to queue
[2023-09-07T16:08:18.244+0000] {logging_mixin.py:151} INFO - [2023-09-07T16:08:18.243+0000] {dagbag.py:539} INFO - Filling up the DagBag from /home/airflow/.local/lib/python3.8/site-packages/airflow/example_dags/example_dynamic_task_mapping.py
[2023-09-07T16:08:18.284+0000] {processor.py:839} INFO - DAG(s) dict_keys(['example_dynamic_task_mapping']) retrieved from /home/airflow/.local/lib/python3.8/site-packages/airflow/example_dags/example_dynamic_task_mapping.py
[2023-09-07T16:08:18.337+0000] {logging_mixin.py:151} INFO - [2023-09-07T16:08:18.337+0000] {dag.py:2907} INFO - Sync 1 DAGs
[2023-09-07T16:08:18.372+0000] {logging_mixin.py:151} INFO - [2023-09-07T16:08:18.372+0000] {dag.py:3677} INFO - Setting next_dagrun for example_dynamic_task_mapping to 2022-03-04T00:00:00+00:00, run_after=2022-03-05T00:00:00+00:00
[2023-09-07T16:08:18.387+0000] {processor.py:179} INFO - Processing /home/airflow/.local/lib/python3.8/site-packages/airflow/example_dags/example_dynamic_task_mapping.py took 0.157 seconds
[2023-09-07T16:08:49.422+0000] {processor.py:157} INFO - Started process (PID=5118) to work on /home/airflow/.local/lib/python3.8/site-packages/airflow/example_dags/example_dynamic_task_mapping.py
[2023-09-07T16:08:49.428+0000] {processor.py:829} INFO - Processing file /home/airflow/.local/lib/python3.8/site-packages/airflow/example_dags/example_dynamic_task_mapping.py for tasks to queue
[2023-09-07T16:08:49.433+0000] {logging_mixin.py:151} INFO - [2023-09-07T16:08:49.430+0000] {dagbag.py:539} INFO - Filling up the DagBag from /home/airflow/.local/lib/python3.8/site-packages/airflow/example_dags/example_dynamic_task_mapping.py
[2023-09-07T16:08:49.459+0000] {processor.py:839} INFO - DAG(s) dict_keys(['example_dynamic_task_mapping']) retrieved from /home/airflow/.local/lib/python3.8/site-packages/airflow/example_dags/example_dynamic_task_mapping.py
[2023-09-07T16:08:49.515+0000] {logging_mixin.py:151} INFO - [2023-09-07T16:08:49.515+0000] {dag.py:2907} INFO - Sync 1 DAGs
[2023-09-07T16:08:49.541+0000] {logging_mixin.py:151} INFO - [2023-09-07T16:08:49.541+0000] {dag.py:3677} INFO - Setting next_dagrun for example_dynamic_task_mapping to 2022-03-04T00:00:00+00:00, run_after=2022-03-05T00:00:00+00:00
[2023-09-07T16:08:49.555+0000] {processor.py:179} INFO - Processing /home/airflow/.local/lib/python3.8/site-packages/airflow/example_dags/example_dynamic_task_mapping.py took 0.145 seconds
[2023-09-07T16:09:20.366+0000] {processor.py:157} INFO - Started process (PID=5356) to work on /home/airflow/.local/lib/python3.8/site-packages/airflow/example_dags/example_dynamic_task_mapping.py
[2023-09-07T16:09:20.370+0000] {processor.py:829} INFO - Processing file /home/airflow/.local/lib/python3.8/site-packages/airflow/example_dags/example_dynamic_task_mapping.py for tasks to queue
[2023-09-07T16:09:20.373+0000] {logging_mixin.py:151} INFO - [2023-09-07T16:09:20.372+0000] {dagbag.py:539} INFO - Filling up the DagBag from /home/airflow/.local/lib/python3.8/site-packages/airflow/example_dags/example_dynamic_task_mapping.py
[2023-09-07T16:09:20.400+0000] {processor.py:839} INFO - DAG(s) dict_keys(['example_dynamic_task_mapping']) retrieved from /home/airflow/.local/lib/python3.8/site-packages/airflow/example_dags/example_dynamic_task_mapping.py
[2023-09-07T16:09:20.440+0000] {logging_mixin.py:151} INFO - [2023-09-07T16:09:20.439+0000] {dag.py:2907} INFO - Sync 1 DAGs
[2023-09-07T16:09:20.475+0000] {logging_mixin.py:151} INFO - [2023-09-07T16:09:20.475+0000] {dag.py:3677} INFO - Setting next_dagrun for example_dynamic_task_mapping to 2022-03-04T00:00:00+00:00, run_after=2022-03-05T00:00:00+00:00
[2023-09-07T16:09:20.491+0000] {processor.py:179} INFO - Processing /home/airflow/.local/lib/python3.8/site-packages/airflow/example_dags/example_dynamic_task_mapping.py took 0.138 seconds
[2023-09-07T16:09:50.804+0000] {processor.py:157} INFO - Started process (PID=5593) to work on /home/airflow/.local/lib/python3.8/site-packages/airflow/example_dags/example_dynamic_task_mapping.py
[2023-09-07T16:09:50.808+0000] {processor.py:829} INFO - Processing file /home/airflow/.local/lib/python3.8/site-packages/airflow/example_dags/example_dynamic_task_mapping.py for tasks to queue
[2023-09-07T16:09:50.811+0000] {logging_mixin.py:151} INFO - [2023-09-07T16:09:50.810+0000] {dagbag.py:539} INFO - Filling up the DagBag from /home/airflow/.local/lib/python3.8/site-packages/airflow/example_dags/example_dynamic_task_mapping.py
[2023-09-07T16:09:50.832+0000] {processor.py:839} INFO - DAG(s) dict_keys(['example_dynamic_task_mapping']) retrieved from /home/airflow/.local/lib/python3.8/site-packages/airflow/example_dags/example_dynamic_task_mapping.py
[2023-09-07T16:09:50.886+0000] {logging_mixin.py:151} INFO - [2023-09-07T16:09:50.886+0000] {dag.py:2907} INFO - Sync 1 DAGs
[2023-09-07T16:09:50.907+0000] {logging_mixin.py:151} INFO - [2023-09-07T16:09:50.907+0000] {dag.py:3677} INFO - Setting next_dagrun for example_dynamic_task_mapping to 2022-03-04T00:00:00+00:00, run_after=2022-03-05T00:00:00+00:00
[2023-09-07T16:09:50.921+0000] {processor.py:179} INFO - Processing /home/airflow/.local/lib/python3.8/site-packages/airflow/example_dags/example_dynamic_task_mapping.py took 0.127 seconds
[2023-09-07T16:10:21.824+0000] {processor.py:157} INFO - Started process (PID=5831) to work on /home/airflow/.local/lib/python3.8/site-packages/airflow/example_dags/example_dynamic_task_mapping.py
[2023-09-07T16:10:21.828+0000] {processor.py:829} INFO - Processing file /home/airflow/.local/lib/python3.8/site-packages/airflow/example_dags/example_dynamic_task_mapping.py for tasks to queue
[2023-09-07T16:10:21.830+0000] {logging_mixin.py:151} INFO - [2023-09-07T16:10:21.829+0000] {dagbag.py:539} INFO - Filling up the DagBag from /home/airflow/.local/lib/python3.8/site-packages/airflow/example_dags/example_dynamic_task_mapping.py
[2023-09-07T16:10:21.864+0000] {processor.py:839} INFO - DAG(s) dict_keys(['example_dynamic_task_mapping']) retrieved from /home/airflow/.local/lib/python3.8/site-packages/airflow/example_dags/example_dynamic_task_mapping.py
[2023-09-07T16:10:21.916+0000] {logging_mixin.py:151} INFO - [2023-09-07T16:10:21.916+0000] {dag.py:2907} INFO - Sync 1 DAGs
[2023-09-07T16:10:21.946+0000] {logging_mixin.py:151} INFO - [2023-09-07T16:10:21.946+0000] {dag.py:3677} INFO - Setting next_dagrun for example_dynamic_task_mapping to 2022-03-04T00:00:00+00:00, run_after=2022-03-05T00:00:00+00:00
[2023-09-07T16:10:21.968+0000] {processor.py:179} INFO - Processing /home/airflow/.local/lib/python3.8/site-packages/airflow/example_dags/example_dynamic_task_mapping.py took 0.149 seconds
[2023-09-07T16:10:52.755+0000] {processor.py:157} INFO - Started process (PID=6069) to work on /home/airflow/.local/lib/python3.8/site-packages/airflow/example_dags/example_dynamic_task_mapping.py
[2023-09-07T16:10:52.758+0000] {processor.py:829} INFO - Processing file /home/airflow/.local/lib/python3.8/site-packages/airflow/example_dags/example_dynamic_task_mapping.py for tasks to queue
[2023-09-07T16:10:52.762+0000] {logging_mixin.py:151} INFO - [2023-09-07T16:10:52.761+0000] {dagbag.py:539} INFO - Filling up the DagBag from /home/airflow/.local/lib/python3.8/site-packages/airflow/example_dags/example_dynamic_task_mapping.py
[2023-09-07T16:10:52.793+0000] {processor.py:839} INFO - DAG(s) dict_keys(['example_dynamic_task_mapping']) retrieved from /home/airflow/.local/lib/python3.8/site-packages/airflow/example_dags/example_dynamic_task_mapping.py
[2023-09-07T16:10:52.859+0000] {logging_mixin.py:151} INFO - [2023-09-07T16:10:52.859+0000] {dag.py:2907} INFO - Sync 1 DAGs
[2023-09-07T16:10:52.900+0000] {logging_mixin.py:151} INFO - [2023-09-07T16:10:52.900+0000] {dag.py:3677} INFO - Setting next_dagrun for example_dynamic_task_mapping to 2022-03-04T00:00:00+00:00, run_after=2022-03-05T00:00:00+00:00
[2023-09-07T16:10:52.929+0000] {processor.py:179} INFO - Processing /home/airflow/.local/lib/python3.8/site-packages/airflow/example_dags/example_dynamic_task_mapping.py took 0.195 seconds
[2023-09-07T16:11:23.108+0000] {processor.py:157} INFO - Started process (PID=6307) to work on /home/airflow/.local/lib/python3.8/site-packages/airflow/example_dags/example_dynamic_task_mapping.py
[2023-09-07T16:11:23.111+0000] {processor.py:829} INFO - Processing file /home/airflow/.local/lib/python3.8/site-packages/airflow/example_dags/example_dynamic_task_mapping.py for tasks to queue
[2023-09-07T16:11:23.113+0000] {logging_mixin.py:151} INFO - [2023-09-07T16:11:23.112+0000] {dagbag.py:539} INFO - Filling up the DagBag from /home/airflow/.local/lib/python3.8/site-packages/airflow/example_dags/example_dynamic_task_mapping.py
[2023-09-07T16:11:23.149+0000] {processor.py:839} INFO - DAG(s) dict_keys(['example_dynamic_task_mapping']) retrieved from /home/airflow/.local/lib/python3.8/site-packages/airflow/example_dags/example_dynamic_task_mapping.py
[2023-09-07T16:11:23.203+0000] {logging_mixin.py:151} INFO - [2023-09-07T16:11:23.203+0000] {dag.py:2907} INFO - Sync 1 DAGs
[2023-09-07T16:11:23.225+0000] {logging_mixin.py:151} INFO - [2023-09-07T16:11:23.225+0000] {dag.py:3677} INFO - Setting next_dagrun for example_dynamic_task_mapping to 2022-03-04T00:00:00+00:00, run_after=2022-03-05T00:00:00+00:00
[2023-09-07T16:11:23.240+0000] {processor.py:179} INFO - Processing /home/airflow/.local/lib/python3.8/site-packages/airflow/example_dags/example_dynamic_task_mapping.py took 0.141 seconds
[2023-09-07T16:11:53.883+0000] {processor.py:157} INFO - Started process (PID=6545) to work on /home/airflow/.local/lib/python3.8/site-packages/airflow/example_dags/example_dynamic_task_mapping.py
[2023-09-07T16:11:53.888+0000] {processor.py:829} INFO - Processing file /home/airflow/.local/lib/python3.8/site-packages/airflow/example_dags/example_dynamic_task_mapping.py for tasks to queue
[2023-09-07T16:11:53.899+0000] {logging_mixin.py:151} INFO - [2023-09-07T16:11:53.898+0000] {dagbag.py:539} INFO - Filling up the DagBag from /home/airflow/.local/lib/python3.8/site-packages/airflow/example_dags/example_dynamic_task_mapping.py
[2023-09-07T16:11:53.936+0000] {processor.py:839} INFO - DAG(s) dict_keys(['example_dynamic_task_mapping']) retrieved from /home/airflow/.local/lib/python3.8/site-packages/airflow/example_dags/example_dynamic_task_mapping.py
[2023-09-07T16:11:54.015+0000] {logging_mixin.py:151} INFO - [2023-09-07T16:11:54.015+0000] {dag.py:2907} INFO - Sync 1 DAGs
[2023-09-07T16:11:54.047+0000] {logging_mixin.py:151} INFO - [2023-09-07T16:11:54.047+0000] {dag.py:3677} INFO - Setting next_dagrun for example_dynamic_task_mapping to 2022-03-04T00:00:00+00:00, run_after=2022-03-05T00:00:00+00:00
[2023-09-07T16:11:54.117+0000] {processor.py:179} INFO - Processing /home/airflow/.local/lib/python3.8/site-packages/airflow/example_dags/example_dynamic_task_mapping.py took 0.249 seconds
[2023-09-07T16:12:24.408+0000] {processor.py:157} INFO - Started process (PID=6783) to work on /home/airflow/.local/lib/python3.8/site-packages/airflow/example_dags/example_dynamic_task_mapping.py
[2023-09-07T16:12:24.412+0000] {processor.py:829} INFO - Processing file /home/airflow/.local/lib/python3.8/site-packages/airflow/example_dags/example_dynamic_task_mapping.py for tasks to queue
[2023-09-07T16:12:24.415+0000] {logging_mixin.py:151} INFO - [2023-09-07T16:12:24.414+0000] {dagbag.py:539} INFO - Filling up the DagBag from /home/airflow/.local/lib/python3.8/site-packages/airflow/example_dags/example_dynamic_task_mapping.py
[2023-09-07T16:12:24.435+0000] {processor.py:839} INFO - DAG(s) dict_keys(['example_dynamic_task_mapping']) retrieved from /home/airflow/.local/lib/python3.8/site-packages/airflow/example_dags/example_dynamic_task_mapping.py
[2023-09-07T16:12:24.495+0000] {logging_mixin.py:151} INFO - [2023-09-07T16:12:24.495+0000] {dag.py:2907} INFO - Sync 1 DAGs
[2023-09-07T16:12:24.538+0000] {logging_mixin.py:151} INFO - [2023-09-07T16:12:24.538+0000] {dag.py:3677} INFO - Setting next_dagrun for example_dynamic_task_mapping to 2022-03-04T00:00:00+00:00, run_after=2022-03-05T00:00:00+00:00
[2023-09-07T16:12:24.553+0000] {processor.py:179} INFO - Processing /home/airflow/.local/lib/python3.8/site-packages/airflow/example_dags/example_dynamic_task_mapping.py took 0.158 seconds
[2023-09-07T16:12:55.491+0000] {processor.py:157} INFO - Started process (PID=7023) to work on /home/airflow/.local/lib/python3.8/site-packages/airflow/example_dags/example_dynamic_task_mapping.py
[2023-09-07T16:12:55.494+0000] {processor.py:829} INFO - Processing file /home/airflow/.local/lib/python3.8/site-packages/airflow/example_dags/example_dynamic_task_mapping.py for tasks to queue
[2023-09-07T16:12:55.496+0000] {logging_mixin.py:151} INFO - [2023-09-07T16:12:55.495+0000] {dagbag.py:539} INFO - Filling up the DagBag from /home/airflow/.local/lib/python3.8/site-packages/airflow/example_dags/example_dynamic_task_mapping.py
[2023-09-07T16:12:55.533+0000] {processor.py:839} INFO - DAG(s) dict_keys(['example_dynamic_task_mapping']) retrieved from /home/airflow/.local/lib/python3.8/site-packages/airflow/example_dags/example_dynamic_task_mapping.py
[2023-09-07T16:12:55.585+0000] {logging_mixin.py:151} INFO - [2023-09-07T16:12:55.585+0000] {dag.py:2907} INFO - Sync 1 DAGs
[2023-09-07T16:12:55.617+0000] {logging_mixin.py:151} INFO - [2023-09-07T16:12:55.617+0000] {dag.py:3677} INFO - Setting next_dagrun for example_dynamic_task_mapping to 2022-03-04T00:00:00+00:00, run_after=2022-03-05T00:00:00+00:00
[2023-09-07T16:12:55.631+0000] {processor.py:179} INFO - Processing /home/airflow/.local/lib/python3.8/site-packages/airflow/example_dags/example_dynamic_task_mapping.py took 0.148 seconds
[2023-09-07T16:13:26.086+0000] {processor.py:157} INFO - Started process (PID=7261) to work on /home/airflow/.local/lib/python3.8/site-packages/airflow/example_dags/example_dynamic_task_mapping.py
[2023-09-07T16:13:26.089+0000] {processor.py:829} INFO - Processing file /home/airflow/.local/lib/python3.8/site-packages/airflow/example_dags/example_dynamic_task_mapping.py for tasks to queue
[2023-09-07T16:13:26.092+0000] {logging_mixin.py:151} INFO - [2023-09-07T16:13:26.091+0000] {dagbag.py:539} INFO - Filling up the DagBag from /home/airflow/.local/lib/python3.8/site-packages/airflow/example_dags/example_dynamic_task_mapping.py
[2023-09-07T16:13:26.115+0000] {processor.py:839} INFO - DAG(s) dict_keys(['example_dynamic_task_mapping']) retrieved from /home/airflow/.local/lib/python3.8/site-packages/airflow/example_dags/example_dynamic_task_mapping.py
[2023-09-07T16:13:26.166+0000] {logging_mixin.py:151} INFO - [2023-09-07T16:13:26.166+0000] {dag.py:2907} INFO - Sync 1 DAGs
[2023-09-07T16:13:26.192+0000] {logging_mixin.py:151} INFO - [2023-09-07T16:13:26.191+0000] {dag.py:3677} INFO - Setting next_dagrun for example_dynamic_task_mapping to 2022-03-04T00:00:00+00:00, run_after=2022-03-05T00:00:00+00:00
[2023-09-07T16:13:26.207+0000] {processor.py:179} INFO - Processing /home/airflow/.local/lib/python3.8/site-packages/airflow/example_dags/example_dynamic_task_mapping.py took 0.128 seconds
[2023-09-07T16:13:57.084+0000] {processor.py:157} INFO - Started process (PID=7499) to work on /home/airflow/.local/lib/python3.8/site-packages/airflow/example_dags/example_dynamic_task_mapping.py
[2023-09-07T16:13:57.088+0000] {processor.py:829} INFO - Processing file /home/airflow/.local/lib/python3.8/site-packages/airflow/example_dags/example_dynamic_task_mapping.py for tasks to queue
[2023-09-07T16:13:57.090+0000] {logging_mixin.py:151} INFO - [2023-09-07T16:13:57.089+0000] {dagbag.py:539} INFO - Filling up the DagBag from /home/airflow/.local/lib/python3.8/site-packages/airflow/example_dags/example_dynamic_task_mapping.py
[2023-09-07T16:13:57.131+0000] {processor.py:839} INFO - DAG(s) dict_keys(['example_dynamic_task_mapping']) retrieved from /home/airflow/.local/lib/python3.8/site-packages/airflow/example_dags/example_dynamic_task_mapping.py
[2023-09-07T16:13:57.208+0000] {logging_mixin.py:151} INFO - [2023-09-07T16:13:57.208+0000] {dag.py:2907} INFO - Sync 1 DAGs
[2023-09-07T16:13:57.235+0000] {logging_mixin.py:151} INFO - [2023-09-07T16:13:57.235+0000] {dag.py:3677} INFO - Setting next_dagrun for example_dynamic_task_mapping to 2022-03-04T00:00:00+00:00, run_after=2022-03-05T00:00:00+00:00
[2023-09-07T16:13:57.262+0000] {processor.py:179} INFO - Processing /home/airflow/.local/lib/python3.8/site-packages/airflow/example_dags/example_dynamic_task_mapping.py took 0.186 seconds
[2023-09-07T16:14:28.144+0000] {processor.py:157} INFO - Started process (PID=7738) to work on /home/airflow/.local/lib/python3.8/site-packages/airflow/example_dags/example_dynamic_task_mapping.py
[2023-09-07T16:14:28.154+0000] {processor.py:829} INFO - Processing file /home/airflow/.local/lib/python3.8/site-packages/airflow/example_dags/example_dynamic_task_mapping.py for tasks to queue
[2023-09-07T16:14:28.160+0000] {logging_mixin.py:151} INFO - [2023-09-07T16:14:28.159+0000] {dagbag.py:539} INFO - Filling up the DagBag from /home/airflow/.local/lib/python3.8/site-packages/airflow/example_dags/example_dynamic_task_mapping.py
[2023-09-07T16:14:28.197+0000] {processor.py:839} INFO - DAG(s) dict_keys(['example_dynamic_task_mapping']) retrieved from /home/airflow/.local/lib/python3.8/site-packages/airflow/example_dags/example_dynamic_task_mapping.py
[2023-09-07T16:14:28.292+0000] {logging_mixin.py:151} INFO - [2023-09-07T16:14:28.292+0000] {dag.py:2907} INFO - Sync 1 DAGs
[2023-09-07T16:14:28.346+0000] {logging_mixin.py:151} INFO - [2023-09-07T16:14:28.345+0000] {dag.py:3677} INFO - Setting next_dagrun for example_dynamic_task_mapping to 2022-03-04T00:00:00+00:00, run_after=2022-03-05T00:00:00+00:00
[2023-09-07T16:14:28.459+0000] {processor.py:179} INFO - Processing /home/airflow/.local/lib/python3.8/site-packages/airflow/example_dags/example_dynamic_task_mapping.py took 0.328 seconds
[2023-09-07T16:14:59.085+0000] {processor.py:157} INFO - Started process (PID=7976) to work on /home/airflow/.local/lib/python3.8/site-packages/airflow/example_dags/example_dynamic_task_mapping.py
[2023-09-07T16:14:59.120+0000] {processor.py:829} INFO - Processing file /home/airflow/.local/lib/python3.8/site-packages/airflow/example_dags/example_dynamic_task_mapping.py for tasks to queue
[2023-09-07T16:14:59.123+0000] {logging_mixin.py:151} INFO - [2023-09-07T16:14:59.122+0000] {dagbag.py:539} INFO - Filling up the DagBag from /home/airflow/.local/lib/python3.8/site-packages/airflow/example_dags/example_dynamic_task_mapping.py
[2023-09-07T16:14:59.169+0000] {processor.py:839} INFO - DAG(s) dict_keys(['example_dynamic_task_mapping']) retrieved from /home/airflow/.local/lib/python3.8/site-packages/airflow/example_dags/example_dynamic_task_mapping.py
[2023-09-07T16:14:59.369+0000] {logging_mixin.py:151} INFO - [2023-09-07T16:14:59.369+0000] {dag.py:2907} INFO - Sync 1 DAGs
[2023-09-07T16:14:59.415+0000] {logging_mixin.py:151} INFO - [2023-09-07T16:14:59.415+0000] {dag.py:3677} INFO - Setting next_dagrun for example_dynamic_task_mapping to 2022-03-04T00:00:00+00:00, run_after=2022-03-05T00:00:00+00:00
[2023-09-07T16:14:59.473+0000] {processor.py:179} INFO - Processing /home/airflow/.local/lib/python3.8/site-packages/airflow/example_dags/example_dynamic_task_mapping.py took 0.413 seconds
[2023-09-07T16:15:29.895+0000] {processor.py:157} INFO - Started process (PID=8213) to work on /home/airflow/.local/lib/python3.8/site-packages/airflow/example_dags/example_dynamic_task_mapping.py
[2023-09-07T16:15:29.899+0000] {processor.py:829} INFO - Processing file /home/airflow/.local/lib/python3.8/site-packages/airflow/example_dags/example_dynamic_task_mapping.py for tasks to queue
[2023-09-07T16:15:29.901+0000] {logging_mixin.py:151} INFO - [2023-09-07T16:15:29.900+0000] {dagbag.py:539} INFO - Filling up the DagBag from /home/airflow/.local/lib/python3.8/site-packages/airflow/example_dags/example_dynamic_task_mapping.py
[2023-09-07T16:15:29.935+0000] {processor.py:839} INFO - DAG(s) dict_keys(['example_dynamic_task_mapping']) retrieved from /home/airflow/.local/lib/python3.8/site-packages/airflow/example_dags/example_dynamic_task_mapping.py
[2023-09-07T16:15:30.021+0000] {logging_mixin.py:151} INFO - [2023-09-07T16:15:30.021+0000] {dag.py:2907} INFO - Sync 1 DAGs
[2023-09-07T16:15:30.059+0000] {logging_mixin.py:151} INFO - [2023-09-07T16:15:30.058+0000] {dag.py:3677} INFO - Setting next_dagrun for example_dynamic_task_mapping to 2022-03-04T00:00:00+00:00, run_after=2022-03-05T00:00:00+00:00
[2023-09-07T16:15:30.073+0000] {processor.py:179} INFO - Processing /home/airflow/.local/lib/python3.8/site-packages/airflow/example_dags/example_dynamic_task_mapping.py took 0.188 seconds
[2023-09-07T16:16:00.515+0000] {processor.py:157} INFO - Started process (PID=8451) to work on /home/airflow/.local/lib/python3.8/site-packages/airflow/example_dags/example_dynamic_task_mapping.py
[2023-09-07T16:16:00.519+0000] {processor.py:829} INFO - Processing file /home/airflow/.local/lib/python3.8/site-packages/airflow/example_dags/example_dynamic_task_mapping.py for tasks to queue
[2023-09-07T16:16:00.521+0000] {logging_mixin.py:151} INFO - [2023-09-07T16:16:00.520+0000] {dagbag.py:539} INFO - Filling up the DagBag from /home/airflow/.local/lib/python3.8/site-packages/airflow/example_dags/example_dynamic_task_mapping.py
[2023-09-07T16:16:00.537+0000] {processor.py:839} INFO - DAG(s) dict_keys(['example_dynamic_task_mapping']) retrieved from /home/airflow/.local/lib/python3.8/site-packages/airflow/example_dags/example_dynamic_task_mapping.py
[2023-09-07T16:16:00.589+0000] {logging_mixin.py:151} INFO - [2023-09-07T16:16:00.589+0000] {dag.py:2907} INFO - Sync 1 DAGs
[2023-09-07T16:16:00.624+0000] {logging_mixin.py:151} INFO - [2023-09-07T16:16:00.624+0000] {dag.py:3677} INFO - Setting next_dagrun for example_dynamic_task_mapping to 2022-03-04T00:00:00+00:00, run_after=2022-03-05T00:00:00+00:00
[2023-09-07T16:16:00.638+0000] {processor.py:179} INFO - Processing /home/airflow/.local/lib/python3.8/site-packages/airflow/example_dags/example_dynamic_task_mapping.py took 0.139 seconds
[2023-09-07T16:16:31.061+0000] {processor.py:157} INFO - Started process (PID=8689) to work on /home/airflow/.local/lib/python3.8/site-packages/airflow/example_dags/example_dynamic_task_mapping.py
[2023-09-07T16:16:31.063+0000] {processor.py:829} INFO - Processing file /home/airflow/.local/lib/python3.8/site-packages/airflow/example_dags/example_dynamic_task_mapping.py for tasks to queue
[2023-09-07T16:16:31.065+0000] {logging_mixin.py:151} INFO - [2023-09-07T16:16:31.064+0000] {dagbag.py:539} INFO - Filling up the DagBag from /home/airflow/.local/lib/python3.8/site-packages/airflow/example_dags/example_dynamic_task_mapping.py
[2023-09-07T16:16:31.077+0000] {processor.py:839} INFO - DAG(s) dict_keys(['example_dynamic_task_mapping']) retrieved from /home/airflow/.local/lib/python3.8/site-packages/airflow/example_dags/example_dynamic_task_mapping.py
[2023-09-07T16:16:31.102+0000] {logging_mixin.py:151} INFO - [2023-09-07T16:16:31.102+0000] {dag.py:2907} INFO - Sync 1 DAGs
[2023-09-07T16:16:31.122+0000] {logging_mixin.py:151} INFO - [2023-09-07T16:16:31.122+0000] {dag.py:3677} INFO - Setting next_dagrun for example_dynamic_task_mapping to 2022-03-04T00:00:00+00:00, run_after=2022-03-05T00:00:00+00:00
[2023-09-07T16:16:31.140+0000] {processor.py:179} INFO - Processing /home/airflow/.local/lib/python3.8/site-packages/airflow/example_dags/example_dynamic_task_mapping.py took 0.086 seconds
[2023-09-07T16:17:01.719+0000] {processor.py:157} INFO - Started process (PID=8927) to work on /home/airflow/.local/lib/python3.8/site-packages/airflow/example_dags/example_dynamic_task_mapping.py
[2023-09-07T16:17:01.722+0000] {processor.py:829} INFO - Processing file /home/airflow/.local/lib/python3.8/site-packages/airflow/example_dags/example_dynamic_task_mapping.py for tasks to queue
[2023-09-07T16:17:01.724+0000] {logging_mixin.py:151} INFO - [2023-09-07T16:17:01.723+0000] {dagbag.py:539} INFO - Filling up the DagBag from /home/airflow/.local/lib/python3.8/site-packages/airflow/example_dags/example_dynamic_task_mapping.py
[2023-09-07T16:17:01.739+0000] {processor.py:839} INFO - DAG(s) dict_keys(['example_dynamic_task_mapping']) retrieved from /home/airflow/.local/lib/python3.8/site-packages/airflow/example_dags/example_dynamic_task_mapping.py
[2023-09-07T16:17:01.782+0000] {logging_mixin.py:151} INFO - [2023-09-07T16:17:01.782+0000] {dag.py:2907} INFO - Sync 1 DAGs
[2023-09-07T16:17:01.807+0000] {logging_mixin.py:151} INFO - [2023-09-07T16:17:01.807+0000] {dag.py:3677} INFO - Setting next_dagrun for example_dynamic_task_mapping to 2022-03-04T00:00:00+00:00, run_after=2022-03-05T00:00:00+00:00
[2023-09-07T16:17:01.821+0000] {processor.py:179} INFO - Processing /home/airflow/.local/lib/python3.8/site-packages/airflow/example_dags/example_dynamic_task_mapping.py took 0.109 seconds
[2023-09-07T16:17:32.571+0000] {processor.py:157} INFO - Started process (PID=9164) to work on /home/airflow/.local/lib/python3.8/site-packages/airflow/example_dags/example_dynamic_task_mapping.py
[2023-09-07T16:17:32.580+0000] {processor.py:829} INFO - Processing file /home/airflow/.local/lib/python3.8/site-packages/airflow/example_dags/example_dynamic_task_mapping.py for tasks to queue
[2023-09-07T16:17:32.586+0000] {logging_mixin.py:151} INFO - [2023-09-07T16:17:32.584+0000] {dagbag.py:539} INFO - Filling up the DagBag from /home/airflow/.local/lib/python3.8/site-packages/airflow/example_dags/example_dynamic_task_mapping.py
[2023-09-07T16:17:32.645+0000] {processor.py:839} INFO - DAG(s) dict_keys(['example_dynamic_task_mapping']) retrieved from /home/airflow/.local/lib/python3.8/site-packages/airflow/example_dags/example_dynamic_task_mapping.py
[2023-09-07T16:17:32.712+0000] {logging_mixin.py:151} INFO - [2023-09-07T16:17:32.712+0000] {dag.py:2907} INFO - Sync 1 DAGs
[2023-09-07T16:17:32.735+0000] {logging_mixin.py:151} INFO - [2023-09-07T16:17:32.735+0000] {dag.py:3677} INFO - Setting next_dagrun for example_dynamic_task_mapping to 2022-03-04T00:00:00+00:00, run_after=2022-03-05T00:00:00+00:00
[2023-09-07T16:17:32.752+0000] {processor.py:179} INFO - Processing /home/airflow/.local/lib/python3.8/site-packages/airflow/example_dags/example_dynamic_task_mapping.py took 0.224 seconds
[2023-09-07T16:18:03.035+0000] {processor.py:157} INFO - Started process (PID=9403) to work on /home/airflow/.local/lib/python3.8/site-packages/airflow/example_dags/example_dynamic_task_mapping.py
[2023-09-07T16:18:03.038+0000] {processor.py:829} INFO - Processing file /home/airflow/.local/lib/python3.8/site-packages/airflow/example_dags/example_dynamic_task_mapping.py for tasks to queue
[2023-09-07T16:18:03.041+0000] {logging_mixin.py:151} INFO - [2023-09-07T16:18:03.040+0000] {dagbag.py:539} INFO - Filling up the DagBag from /home/airflow/.local/lib/python3.8/site-packages/airflow/example_dags/example_dynamic_task_mapping.py
[2023-09-07T16:18:03.081+0000] {processor.py:839} INFO - DAG(s) dict_keys(['example_dynamic_task_mapping']) retrieved from /home/airflow/.local/lib/python3.8/site-packages/airflow/example_dags/example_dynamic_task_mapping.py
[2023-09-07T16:18:03.140+0000] {logging_mixin.py:151} INFO - [2023-09-07T16:18:03.140+0000] {dag.py:2907} INFO - Sync 1 DAGs
[2023-09-07T16:18:03.183+0000] {logging_mixin.py:151} INFO - [2023-09-07T16:18:03.183+0000] {dag.py:3677} INFO - Setting next_dagrun for example_dynamic_task_mapping to 2022-03-04T00:00:00+00:00, run_after=2022-03-05T00:00:00+00:00
[2023-09-07T16:18:03.203+0000] {processor.py:179} INFO - Processing /home/airflow/.local/lib/python3.8/site-packages/airflow/example_dags/example_dynamic_task_mapping.py took 0.175 seconds
[2023-09-07T16:18:34.035+0000] {processor.py:157} INFO - Started process (PID=9642) to work on /home/airflow/.local/lib/python3.8/site-packages/airflow/example_dags/example_dynamic_task_mapping.py
[2023-09-07T16:18:34.037+0000] {processor.py:829} INFO - Processing file /home/airflow/.local/lib/python3.8/site-packages/airflow/example_dags/example_dynamic_task_mapping.py for tasks to queue
[2023-09-07T16:18:34.039+0000] {logging_mixin.py:151} INFO - [2023-09-07T16:18:34.038+0000] {dagbag.py:539} INFO - Filling up the DagBag from /home/airflow/.local/lib/python3.8/site-packages/airflow/example_dags/example_dynamic_task_mapping.py
[2023-09-07T16:18:34.066+0000] {processor.py:839} INFO - DAG(s) dict_keys(['example_dynamic_task_mapping']) retrieved from /home/airflow/.local/lib/python3.8/site-packages/airflow/example_dags/example_dynamic_task_mapping.py
[2023-09-07T16:18:34.107+0000] {logging_mixin.py:151} INFO - [2023-09-07T16:18:34.107+0000] {dag.py:2907} INFO - Sync 1 DAGs
[2023-09-07T16:18:34.127+0000] {logging_mixin.py:151} INFO - [2023-09-07T16:18:34.127+0000] {dag.py:3677} INFO - Setting next_dagrun for example_dynamic_task_mapping to 2022-03-04T00:00:00+00:00, run_after=2022-03-05T00:00:00+00:00
[2023-09-07T16:18:34.140+0000] {processor.py:179} INFO - Processing /home/airflow/.local/lib/python3.8/site-packages/airflow/example_dags/example_dynamic_task_mapping.py took 0.111 seconds
[2023-09-07T16:19:04.408+0000] {processor.py:157} INFO - Started process (PID=9879) to work on /home/airflow/.local/lib/python3.8/site-packages/airflow/example_dags/example_dynamic_task_mapping.py
[2023-09-07T16:19:04.410+0000] {processor.py:829} INFO - Processing file /home/airflow/.local/lib/python3.8/site-packages/airflow/example_dags/example_dynamic_task_mapping.py for tasks to queue
[2023-09-07T16:19:04.411+0000] {logging_mixin.py:151} INFO - [2023-09-07T16:19:04.411+0000] {dagbag.py:539} INFO - Filling up the DagBag from /home/airflow/.local/lib/python3.8/site-packages/airflow/example_dags/example_dynamic_task_mapping.py
[2023-09-07T16:19:04.425+0000] {processor.py:839} INFO - DAG(s) dict_keys(['example_dynamic_task_mapping']) retrieved from /home/airflow/.local/lib/python3.8/site-packages/airflow/example_dags/example_dynamic_task_mapping.py
[2023-09-07T16:19:04.464+0000] {logging_mixin.py:151} INFO - [2023-09-07T16:19:04.463+0000] {dag.py:2907} INFO - Sync 1 DAGs
[2023-09-07T16:19:04.492+0000] {logging_mixin.py:151} INFO - [2023-09-07T16:19:04.491+0000] {dag.py:3677} INFO - Setting next_dagrun for example_dynamic_task_mapping to 2022-03-04T00:00:00+00:00, run_after=2022-03-05T00:00:00+00:00
[2023-09-07T16:19:04.505+0000] {processor.py:179} INFO - Processing /home/airflow/.local/lib/python3.8/site-packages/airflow/example_dags/example_dynamic_task_mapping.py took 0.103 seconds
[2023-09-07T16:19:34.632+0000] {processor.py:157} INFO - Started process (PID=10118) to work on /home/airflow/.local/lib/python3.8/site-packages/airflow/example_dags/example_dynamic_task_mapping.py
[2023-09-07T16:19:34.634+0000] {processor.py:829} INFO - Processing file /home/airflow/.local/lib/python3.8/site-packages/airflow/example_dags/example_dynamic_task_mapping.py for tasks to queue
[2023-09-07T16:19:34.635+0000] {logging_mixin.py:151} INFO - [2023-09-07T16:19:34.635+0000] {dagbag.py:539} INFO - Filling up the DagBag from /home/airflow/.local/lib/python3.8/site-packages/airflow/example_dags/example_dynamic_task_mapping.py
[2023-09-07T16:19:34.647+0000] {processor.py:839} INFO - DAG(s) dict_keys(['example_dynamic_task_mapping']) retrieved from /home/airflow/.local/lib/python3.8/site-packages/airflow/example_dags/example_dynamic_task_mapping.py
[2023-09-07T16:19:34.700+0000] {logging_mixin.py:151} INFO - [2023-09-07T16:19:34.700+0000] {dag.py:2907} INFO - Sync 1 DAGs
[2023-09-07T16:19:34.723+0000] {logging_mixin.py:151} INFO - [2023-09-07T16:19:34.722+0000] {dag.py:3677} INFO - Setting next_dagrun for example_dynamic_task_mapping to 2022-03-04T00:00:00+00:00, run_after=2022-03-05T00:00:00+00:00
[2023-09-07T16:19:34.736+0000] {processor.py:179} INFO - Processing /home/airflow/.local/lib/python3.8/site-packages/airflow/example_dags/example_dynamic_task_mapping.py took 0.110 seconds
[2023-09-07T16:20:05.361+0000] {processor.py:157} INFO - Started process (PID=10356) to work on /home/airflow/.local/lib/python3.8/site-packages/airflow/example_dags/example_dynamic_task_mapping.py
[2023-09-07T16:20:05.366+0000] {processor.py:829} INFO - Processing file /home/airflow/.local/lib/python3.8/site-packages/airflow/example_dags/example_dynamic_task_mapping.py for tasks to queue
[2023-09-07T16:20:05.373+0000] {logging_mixin.py:151} INFO - [2023-09-07T16:20:05.369+0000] {dagbag.py:539} INFO - Filling up the DagBag from /home/airflow/.local/lib/python3.8/site-packages/airflow/example_dags/example_dynamic_task_mapping.py
[2023-09-07T16:20:05.388+0000] {processor.py:839} INFO - DAG(s) dict_keys(['example_dynamic_task_mapping']) retrieved from /home/airflow/.local/lib/python3.8/site-packages/airflow/example_dags/example_dynamic_task_mapping.py
[2023-09-07T16:20:05.416+0000] {logging_mixin.py:151} INFO - [2023-09-07T16:20:05.416+0000] {dag.py:2907} INFO - Sync 1 DAGs
[2023-09-07T16:20:05.431+0000] {logging_mixin.py:151} INFO - [2023-09-07T16:20:05.431+0000] {dag.py:3677} INFO - Setting next_dagrun for example_dynamic_task_mapping to 2022-03-04T00:00:00+00:00, run_after=2022-03-05T00:00:00+00:00
[2023-09-07T16:20:05.443+0000] {processor.py:179} INFO - Processing /home/airflow/.local/lib/python3.8/site-packages/airflow/example_dags/example_dynamic_task_mapping.py took 0.094 seconds
[2023-09-07T16:20:35.647+0000] {processor.py:157} INFO - Started process (PID=10594) to work on /home/airflow/.local/lib/python3.8/site-packages/airflow/example_dags/example_dynamic_task_mapping.py
[2023-09-07T16:20:35.650+0000] {processor.py:829} INFO - Processing file /home/airflow/.local/lib/python3.8/site-packages/airflow/example_dags/example_dynamic_task_mapping.py for tasks to queue
[2023-09-07T16:20:35.652+0000] {logging_mixin.py:151} INFO - [2023-09-07T16:20:35.651+0000] {dagbag.py:539} INFO - Filling up the DagBag from /home/airflow/.local/lib/python3.8/site-packages/airflow/example_dags/example_dynamic_task_mapping.py
[2023-09-07T16:20:35.671+0000] {processor.py:839} INFO - DAG(s) dict_keys(['example_dynamic_task_mapping']) retrieved from /home/airflow/.local/lib/python3.8/site-packages/airflow/example_dags/example_dynamic_task_mapping.py
[2023-09-07T16:20:35.737+0000] {logging_mixin.py:151} INFO - [2023-09-07T16:20:35.737+0000] {dag.py:2907} INFO - Sync 1 DAGs
[2023-09-07T16:20:35.772+0000] {logging_mixin.py:151} INFO - [2023-09-07T16:20:35.772+0000] {dag.py:3677} INFO - Setting next_dagrun for example_dynamic_task_mapping to 2022-03-04T00:00:00+00:00, run_after=2022-03-05T00:00:00+00:00
[2023-09-07T16:20:35.787+0000] {processor.py:179} INFO - Processing /home/airflow/.local/lib/python3.8/site-packages/airflow/example_dags/example_dynamic_task_mapping.py took 0.149 seconds
[2023-09-07T16:21:06.244+0000] {processor.py:157} INFO - Started process (PID=10830) to work on /home/airflow/.local/lib/python3.8/site-packages/airflow/example_dags/example_dynamic_task_mapping.py
[2023-09-07T16:21:06.247+0000] {processor.py:829} INFO - Processing file /home/airflow/.local/lib/python3.8/site-packages/airflow/example_dags/example_dynamic_task_mapping.py for tasks to queue
[2023-09-07T16:21:06.249+0000] {logging_mixin.py:151} INFO - [2023-09-07T16:21:06.248+0000] {dagbag.py:539} INFO - Filling up the DagBag from /home/airflow/.local/lib/python3.8/site-packages/airflow/example_dags/example_dynamic_task_mapping.py
[2023-09-07T16:21:06.266+0000] {processor.py:839} INFO - DAG(s) dict_keys(['example_dynamic_task_mapping']) retrieved from /home/airflow/.local/lib/python3.8/site-packages/airflow/example_dags/example_dynamic_task_mapping.py
[2023-09-07T16:21:06.315+0000] {logging_mixin.py:151} INFO - [2023-09-07T16:21:06.315+0000] {dag.py:2907} INFO - Sync 1 DAGs
[2023-09-07T16:21:06.335+0000] {logging_mixin.py:151} INFO - [2023-09-07T16:21:06.335+0000] {dag.py:3677} INFO - Setting next_dagrun for example_dynamic_task_mapping to 2022-03-04T00:00:00+00:00, run_after=2022-03-05T00:00:00+00:00
[2023-09-07T16:21:06.349+0000] {processor.py:179} INFO - Processing /home/airflow/.local/lib/python3.8/site-packages/airflow/example_dags/example_dynamic_task_mapping.py took 0.115 seconds
[2023-09-07T16:21:36.683+0000] {processor.py:157} INFO - Started process (PID=11069) to work on /home/airflow/.local/lib/python3.8/site-packages/airflow/example_dags/example_dynamic_task_mapping.py
[2023-09-07T16:21:36.685+0000] {processor.py:829} INFO - Processing file /home/airflow/.local/lib/python3.8/site-packages/airflow/example_dags/example_dynamic_task_mapping.py for tasks to queue
[2023-09-07T16:21:36.687+0000] {logging_mixin.py:151} INFO - [2023-09-07T16:21:36.686+0000] {dagbag.py:539} INFO - Filling up the DagBag from /home/airflow/.local/lib/python3.8/site-packages/airflow/example_dags/example_dynamic_task_mapping.py
[2023-09-07T16:21:36.701+0000] {processor.py:839} INFO - DAG(s) dict_keys(['example_dynamic_task_mapping']) retrieved from /home/airflow/.local/lib/python3.8/site-packages/airflow/example_dags/example_dynamic_task_mapping.py
[2023-09-07T16:21:36.748+0000] {logging_mixin.py:151} INFO - [2023-09-07T16:21:36.747+0000] {dag.py:2907} INFO - Sync 1 DAGs
[2023-09-07T16:21:36.769+0000] {logging_mixin.py:151} INFO - [2023-09-07T16:21:36.769+0000] {dag.py:3677} INFO - Setting next_dagrun for example_dynamic_task_mapping to 2022-03-04T00:00:00+00:00, run_after=2022-03-05T00:00:00+00:00
[2023-09-07T16:21:36.781+0000] {processor.py:179} INFO - Processing /home/airflow/.local/lib/python3.8/site-packages/airflow/example_dags/example_dynamic_task_mapping.py took 0.107 seconds
[2023-09-07T16:22:07.225+0000] {processor.py:157} INFO - Started process (PID=11307) to work on /home/airflow/.local/lib/python3.8/site-packages/airflow/example_dags/example_dynamic_task_mapping.py
[2023-09-07T16:22:07.231+0000] {processor.py:829} INFO - Processing file /home/airflow/.local/lib/python3.8/site-packages/airflow/example_dags/example_dynamic_task_mapping.py for tasks to queue
[2023-09-07T16:22:07.236+0000] {logging_mixin.py:151} INFO - [2023-09-07T16:22:07.235+0000] {dagbag.py:539} INFO - Filling up the DagBag from /home/airflow/.local/lib/python3.8/site-packages/airflow/example_dags/example_dynamic_task_mapping.py
[2023-09-07T16:22:07.260+0000] {processor.py:839} INFO - DAG(s) dict_keys(['example_dynamic_task_mapping']) retrieved from /home/airflow/.local/lib/python3.8/site-packages/airflow/example_dags/example_dynamic_task_mapping.py
[2023-09-07T16:22:07.321+0000] {logging_mixin.py:151} INFO - [2023-09-07T16:22:07.321+0000] {dag.py:2907} INFO - Sync 1 DAGs
[2023-09-07T16:22:07.350+0000] {logging_mixin.py:151} INFO - [2023-09-07T16:22:07.350+0000] {dag.py:3677} INFO - Setting next_dagrun for example_dynamic_task_mapping to 2022-03-04T00:00:00+00:00, run_after=2022-03-05T00:00:00+00:00
[2023-09-07T16:22:07.375+0000] {processor.py:179} INFO - Processing /home/airflow/.local/lib/python3.8/site-packages/airflow/example_dags/example_dynamic_task_mapping.py took 0.156 seconds
[2023-09-07T16:22:37.744+0000] {processor.py:157} INFO - Started process (PID=11544) to work on /home/airflow/.local/lib/python3.8/site-packages/airflow/example_dags/example_dynamic_task_mapping.py
[2023-09-07T16:22:37.746+0000] {processor.py:829} INFO - Processing file /home/airflow/.local/lib/python3.8/site-packages/airflow/example_dags/example_dynamic_task_mapping.py for tasks to queue
[2023-09-07T16:22:37.748+0000] {logging_mixin.py:151} INFO - [2023-09-07T16:22:37.747+0000] {dagbag.py:539} INFO - Filling up the DagBag from /home/airflow/.local/lib/python3.8/site-packages/airflow/example_dags/example_dynamic_task_mapping.py
[2023-09-07T16:22:37.761+0000] {processor.py:839} INFO - DAG(s) dict_keys(['example_dynamic_task_mapping']) retrieved from /home/airflow/.local/lib/python3.8/site-packages/airflow/example_dags/example_dynamic_task_mapping.py
[2023-09-07T16:22:37.787+0000] {logging_mixin.py:151} INFO - [2023-09-07T16:22:37.787+0000] {dag.py:2907} INFO - Sync 1 DAGs
[2023-09-07T16:22:37.822+0000] {logging_mixin.py:151} INFO - [2023-09-07T16:22:37.821+0000] {dag.py:3677} INFO - Setting next_dagrun for example_dynamic_task_mapping to 2022-03-04T00:00:00+00:00, run_after=2022-03-05T00:00:00+00:00
[2023-09-07T16:22:37.838+0000] {processor.py:179} INFO - Processing /home/airflow/.local/lib/python3.8/site-packages/airflow/example_dags/example_dynamic_task_mapping.py took 0.100 seconds
[2023-09-07T16:23:08.208+0000] {processor.py:157} INFO - Started process (PID=11780) to work on /home/airflow/.local/lib/python3.8/site-packages/airflow/example_dags/example_dynamic_task_mapping.py
[2023-09-07T16:23:08.210+0000] {processor.py:829} INFO - Processing file /home/airflow/.local/lib/python3.8/site-packages/airflow/example_dags/example_dynamic_task_mapping.py for tasks to queue
[2023-09-07T16:23:08.212+0000] {logging_mixin.py:151} INFO - [2023-09-07T16:23:08.211+0000] {dagbag.py:539} INFO - Filling up the DagBag from /home/airflow/.local/lib/python3.8/site-packages/airflow/example_dags/example_dynamic_task_mapping.py
[2023-09-07T16:23:08.227+0000] {processor.py:839} INFO - DAG(s) dict_keys(['example_dynamic_task_mapping']) retrieved from /home/airflow/.local/lib/python3.8/site-packages/airflow/example_dags/example_dynamic_task_mapping.py
[2023-09-07T16:23:08.271+0000] {logging_mixin.py:151} INFO - [2023-09-07T16:23:08.270+0000] {dag.py:2907} INFO - Sync 1 DAGs
[2023-09-07T16:23:08.291+0000] {logging_mixin.py:151} INFO - [2023-09-07T16:23:08.290+0000] {dag.py:3677} INFO - Setting next_dagrun for example_dynamic_task_mapping to 2022-03-04T00:00:00+00:00, run_after=2022-03-05T00:00:00+00:00
[2023-09-07T16:23:08.304+0000] {processor.py:179} INFO - Processing /home/airflow/.local/lib/python3.8/site-packages/airflow/example_dags/example_dynamic_task_mapping.py took 0.104 seconds
[2023-09-07T16:23:38.832+0000] {processor.py:157} INFO - Started process (PID=12020) to work on /home/airflow/.local/lib/python3.8/site-packages/airflow/example_dags/example_dynamic_task_mapping.py
[2023-09-07T16:23:38.834+0000] {processor.py:829} INFO - Processing file /home/airflow/.local/lib/python3.8/site-packages/airflow/example_dags/example_dynamic_task_mapping.py for tasks to queue
[2023-09-07T16:23:38.835+0000] {logging_mixin.py:151} INFO - [2023-09-07T16:23:38.835+0000] {dagbag.py:539} INFO - Filling up the DagBag from /home/airflow/.local/lib/python3.8/site-packages/airflow/example_dags/example_dynamic_task_mapping.py
[2023-09-07T16:23:38.847+0000] {processor.py:839} INFO - DAG(s) dict_keys(['example_dynamic_task_mapping']) retrieved from /home/airflow/.local/lib/python3.8/site-packages/airflow/example_dags/example_dynamic_task_mapping.py
[2023-09-07T16:23:38.893+0000] {logging_mixin.py:151} INFO - [2023-09-07T16:23:38.892+0000] {dag.py:2907} INFO - Sync 1 DAGs
[2023-09-07T16:23:38.914+0000] {logging_mixin.py:151} INFO - [2023-09-07T16:23:38.914+0000] {dag.py:3677} INFO - Setting next_dagrun for example_dynamic_task_mapping to 2022-03-04T00:00:00+00:00, run_after=2022-03-05T00:00:00+00:00
[2023-09-07T16:23:38.928+0000] {processor.py:179} INFO - Processing /home/airflow/.local/lib/python3.8/site-packages/airflow/example_dags/example_dynamic_task_mapping.py took 0.100 seconds
[2023-09-07T16:24:09.293+0000] {processor.py:157} INFO - Started process (PID=12258) to work on /home/airflow/.local/lib/python3.8/site-packages/airflow/example_dags/example_dynamic_task_mapping.py
[2023-09-07T16:24:09.296+0000] {processor.py:829} INFO - Processing file /home/airflow/.local/lib/python3.8/site-packages/airflow/example_dags/example_dynamic_task_mapping.py for tasks to queue
[2023-09-07T16:24:09.297+0000] {logging_mixin.py:151} INFO - [2023-09-07T16:24:09.297+0000] {dagbag.py:539} INFO - Filling up the DagBag from /home/airflow/.local/lib/python3.8/site-packages/airflow/example_dags/example_dynamic_task_mapping.py
[2023-09-07T16:24:09.315+0000] {processor.py:839} INFO - DAG(s) dict_keys(['example_dynamic_task_mapping']) retrieved from /home/airflow/.local/lib/python3.8/site-packages/airflow/example_dags/example_dynamic_task_mapping.py
[2023-09-07T16:24:09.345+0000] {logging_mixin.py:151} INFO - [2023-09-07T16:24:09.345+0000] {dag.py:2907} INFO - Sync 1 DAGs
[2023-09-07T16:24:09.366+0000] {logging_mixin.py:151} INFO - [2023-09-07T16:24:09.366+0000] {dag.py:3677} INFO - Setting next_dagrun for example_dynamic_task_mapping to 2022-03-04T00:00:00+00:00, run_after=2022-03-05T00:00:00+00:00
[2023-09-07T16:24:09.380+0000] {processor.py:179} INFO - Processing /home/airflow/.local/lib/python3.8/site-packages/airflow/example_dags/example_dynamic_task_mapping.py took 0.094 seconds
[2023-09-07T16:24:39.855+0000] {processor.py:157} INFO - Started process (PID=12496) to work on /home/airflow/.local/lib/python3.8/site-packages/airflow/example_dags/example_dynamic_task_mapping.py
[2023-09-07T16:24:39.857+0000] {processor.py:829} INFO - Processing file /home/airflow/.local/lib/python3.8/site-packages/airflow/example_dags/example_dynamic_task_mapping.py for tasks to queue
[2023-09-07T16:24:39.859+0000] {logging_mixin.py:151} INFO - [2023-09-07T16:24:39.858+0000] {dagbag.py:539} INFO - Filling up the DagBag from /home/airflow/.local/lib/python3.8/site-packages/airflow/example_dags/example_dynamic_task_mapping.py
[2023-09-07T16:24:39.881+0000] {processor.py:839} INFO - DAG(s) dict_keys(['example_dynamic_task_mapping']) retrieved from /home/airflow/.local/lib/python3.8/site-packages/airflow/example_dags/example_dynamic_task_mapping.py
[2023-09-07T16:24:39.913+0000] {logging_mixin.py:151} INFO - [2023-09-07T16:24:39.913+0000] {dag.py:2907} INFO - Sync 1 DAGs
[2023-09-07T16:24:39.932+0000] {logging_mixin.py:151} INFO - [2023-09-07T16:24:39.932+0000] {dag.py:3677} INFO - Setting next_dagrun for example_dynamic_task_mapping to 2022-03-04T00:00:00+00:00, run_after=2022-03-05T00:00:00+00:00
[2023-09-07T16:24:39.946+0000] {processor.py:179} INFO - Processing /home/airflow/.local/lib/python3.8/site-packages/airflow/example_dags/example_dynamic_task_mapping.py took 0.095 seconds
[2023-09-07T16:25:10.250+0000] {processor.py:157} INFO - Started process (PID=12735) to work on /home/airflow/.local/lib/python3.8/site-packages/airflow/example_dags/example_dynamic_task_mapping.py
[2023-09-07T16:25:10.252+0000] {processor.py:829} INFO - Processing file /home/airflow/.local/lib/python3.8/site-packages/airflow/example_dags/example_dynamic_task_mapping.py for tasks to queue
[2023-09-07T16:25:10.254+0000] {logging_mixin.py:151} INFO - [2023-09-07T16:25:10.254+0000] {dagbag.py:539} INFO - Filling up the DagBag from /home/airflow/.local/lib/python3.8/site-packages/airflow/example_dags/example_dynamic_task_mapping.py
[2023-09-07T16:25:10.267+0000] {processor.py:839} INFO - DAG(s) dict_keys(['example_dynamic_task_mapping']) retrieved from /home/airflow/.local/lib/python3.8/site-packages/airflow/example_dags/example_dynamic_task_mapping.py
[2023-09-07T16:25:10.288+0000] {logging_mixin.py:151} INFO - [2023-09-07T16:25:10.288+0000] {dag.py:2907} INFO - Sync 1 DAGs
[2023-09-07T16:25:10.306+0000] {logging_mixin.py:151} INFO - [2023-09-07T16:25:10.306+0000] {dag.py:3677} INFO - Setting next_dagrun for example_dynamic_task_mapping to 2022-03-04T00:00:00+00:00, run_after=2022-03-05T00:00:00+00:00
[2023-09-07T16:25:10.318+0000] {processor.py:179} INFO - Processing /home/airflow/.local/lib/python3.8/site-packages/airflow/example_dags/example_dynamic_task_mapping.py took 0.073 seconds
[2023-09-07T16:25:40.767+0000] {processor.py:157} INFO - Started process (PID=12972) to work on /home/airflow/.local/lib/python3.8/site-packages/airflow/example_dags/example_dynamic_task_mapping.py
[2023-09-07T16:25:40.772+0000] {processor.py:829} INFO - Processing file /home/airflow/.local/lib/python3.8/site-packages/airflow/example_dags/example_dynamic_task_mapping.py for tasks to queue
[2023-09-07T16:25:40.775+0000] {logging_mixin.py:151} INFO - [2023-09-07T16:25:40.775+0000] {dagbag.py:539} INFO - Filling up the DagBag from /home/airflow/.local/lib/python3.8/site-packages/airflow/example_dags/example_dynamic_task_mapping.py
[2023-09-07T16:25:40.793+0000] {processor.py:839} INFO - DAG(s) dict_keys(['example_dynamic_task_mapping']) retrieved from /home/airflow/.local/lib/python3.8/site-packages/airflow/example_dags/example_dynamic_task_mapping.py
[2023-09-07T16:25:40.835+0000] {logging_mixin.py:151} INFO - [2023-09-07T16:25:40.835+0000] {dag.py:2907} INFO - Sync 1 DAGs
[2023-09-07T16:25:40.855+0000] {logging_mixin.py:151} INFO - [2023-09-07T16:25:40.855+0000] {dag.py:3677} INFO - Setting next_dagrun for example_dynamic_task_mapping to 2022-03-04T00:00:00+00:00, run_after=2022-03-05T00:00:00+00:00
[2023-09-07T16:25:40.868+0000] {processor.py:179} INFO - Processing /home/airflow/.local/lib/python3.8/site-packages/airflow/example_dags/example_dynamic_task_mapping.py took 0.121 seconds
[2023-09-07T16:26:11.254+0000] {processor.py:157} INFO - Started process (PID=13210) to work on /home/airflow/.local/lib/python3.8/site-packages/airflow/example_dags/example_dynamic_task_mapping.py
[2023-09-07T16:26:11.257+0000] {processor.py:829} INFO - Processing file /home/airflow/.local/lib/python3.8/site-packages/airflow/example_dags/example_dynamic_task_mapping.py for tasks to queue
[2023-09-07T16:26:11.259+0000] {logging_mixin.py:151} INFO - [2023-09-07T16:26:11.258+0000] {dagbag.py:539} INFO - Filling up the DagBag from /home/airflow/.local/lib/python3.8/site-packages/airflow/example_dags/example_dynamic_task_mapping.py
[2023-09-07T16:26:11.272+0000] {processor.py:839} INFO - DAG(s) dict_keys(['example_dynamic_task_mapping']) retrieved from /home/airflow/.local/lib/python3.8/site-packages/airflow/example_dags/example_dynamic_task_mapping.py
[2023-09-07T16:26:11.295+0000] {logging_mixin.py:151} INFO - [2023-09-07T16:26:11.295+0000] {dag.py:2907} INFO - Sync 1 DAGs
[2023-09-07T16:26:11.310+0000] {logging_mixin.py:151} INFO - [2023-09-07T16:26:11.310+0000] {dag.py:3677} INFO - Setting next_dagrun for example_dynamic_task_mapping to 2022-03-04T00:00:00+00:00, run_after=2022-03-05T00:00:00+00:00
[2023-09-07T16:26:11.321+0000] {processor.py:179} INFO - Processing /home/airflow/.local/lib/python3.8/site-packages/airflow/example_dags/example_dynamic_task_mapping.py took 0.073 seconds
[2023-09-07T16:26:41.993+0000] {processor.py:157} INFO - Started process (PID=13449) to work on /home/airflow/.local/lib/python3.8/site-packages/airflow/example_dags/example_dynamic_task_mapping.py
[2023-09-07T16:26:41.996+0000] {processor.py:829} INFO - Processing file /home/airflow/.local/lib/python3.8/site-packages/airflow/example_dags/example_dynamic_task_mapping.py for tasks to queue
[2023-09-07T16:26:41.998+0000] {logging_mixin.py:151} INFO - [2023-09-07T16:26:41.997+0000] {dagbag.py:539} INFO - Filling up the DagBag from /home/airflow/.local/lib/python3.8/site-packages/airflow/example_dags/example_dynamic_task_mapping.py
[2023-09-07T16:26:42.009+0000] {processor.py:839} INFO - DAG(s) dict_keys(['example_dynamic_task_mapping']) retrieved from /home/airflow/.local/lib/python3.8/site-packages/airflow/example_dags/example_dynamic_task_mapping.py
[2023-09-07T16:26:42.029+0000] {logging_mixin.py:151} INFO - [2023-09-07T16:26:42.029+0000] {dag.py:2907} INFO - Sync 1 DAGs
[2023-09-07T16:26:42.043+0000] {logging_mixin.py:151} INFO - [2023-09-07T16:26:42.043+0000] {dag.py:3677} INFO - Setting next_dagrun for example_dynamic_task_mapping to 2022-03-04T00:00:00+00:00, run_after=2022-03-05T00:00:00+00:00
[2023-09-07T16:26:42.053+0000] {processor.py:179} INFO - Processing /home/airflow/.local/lib/python3.8/site-packages/airflow/example_dags/example_dynamic_task_mapping.py took 0.065 seconds
[2023-09-07T16:27:12.137+0000] {processor.py:157} INFO - Started process (PID=13687) to work on /home/airflow/.local/lib/python3.8/site-packages/airflow/example_dags/example_dynamic_task_mapping.py
[2023-09-07T16:27:12.139+0000] {processor.py:829} INFO - Processing file /home/airflow/.local/lib/python3.8/site-packages/airflow/example_dags/example_dynamic_task_mapping.py for tasks to queue
[2023-09-07T16:27:12.141+0000] {logging_mixin.py:151} INFO - [2023-09-07T16:27:12.140+0000] {dagbag.py:539} INFO - Filling up the DagBag from /home/airflow/.local/lib/python3.8/site-packages/airflow/example_dags/example_dynamic_task_mapping.py
[2023-09-07T16:27:12.152+0000] {processor.py:839} INFO - DAG(s) dict_keys(['example_dynamic_task_mapping']) retrieved from /home/airflow/.local/lib/python3.8/site-packages/airflow/example_dags/example_dynamic_task_mapping.py
[2023-09-07T16:27:12.172+0000] {logging_mixin.py:151} INFO - [2023-09-07T16:27:12.172+0000] {dag.py:2907} INFO - Sync 1 DAGs
[2023-09-07T16:27:12.186+0000] {logging_mixin.py:151} INFO - [2023-09-07T16:27:12.185+0000] {dag.py:3677} INFO - Setting next_dagrun for example_dynamic_task_mapping to 2022-03-04T00:00:00+00:00, run_after=2022-03-05T00:00:00+00:00
[2023-09-07T16:27:12.196+0000] {processor.py:179} INFO - Processing /home/airflow/.local/lib/python3.8/site-packages/airflow/example_dags/example_dynamic_task_mapping.py took 0.066 seconds
[2023-09-07T16:27:42.816+0000] {processor.py:157} INFO - Started process (PID=13926) to work on /home/airflow/.local/lib/python3.8/site-packages/airflow/example_dags/example_dynamic_task_mapping.py
[2023-09-07T16:27:42.821+0000] {processor.py:829} INFO - Processing file /home/airflow/.local/lib/python3.8/site-packages/airflow/example_dags/example_dynamic_task_mapping.py for tasks to queue
[2023-09-07T16:27:42.824+0000] {logging_mixin.py:151} INFO - [2023-09-07T16:27:42.823+0000] {dagbag.py:539} INFO - Filling up the DagBag from /home/airflow/.local/lib/python3.8/site-packages/airflow/example_dags/example_dynamic_task_mapping.py
[2023-09-07T16:27:42.838+0000] {processor.py:839} INFO - DAG(s) dict_keys(['example_dynamic_task_mapping']) retrieved from /home/airflow/.local/lib/python3.8/site-packages/airflow/example_dags/example_dynamic_task_mapping.py
[2023-09-07T16:27:42.902+0000] {logging_mixin.py:151} INFO - [2023-09-07T16:27:42.901+0000] {dag.py:2907} INFO - Sync 1 DAGs
[2023-09-07T16:27:42.934+0000] {logging_mixin.py:151} INFO - [2023-09-07T16:27:42.934+0000] {dag.py:3677} INFO - Setting next_dagrun for example_dynamic_task_mapping to 2022-03-04T00:00:00+00:00, run_after=2022-03-05T00:00:00+00:00
[2023-09-07T16:27:42.956+0000] {processor.py:179} INFO - Processing /home/airflow/.local/lib/python3.8/site-packages/airflow/example_dags/example_dynamic_task_mapping.py took 0.152 seconds
[2023-09-07T16:28:13.211+0000] {processor.py:157} INFO - Started process (PID=14164) to work on /home/airflow/.local/lib/python3.8/site-packages/airflow/example_dags/example_dynamic_task_mapping.py
[2023-09-07T16:28:13.213+0000] {processor.py:829} INFO - Processing file /home/airflow/.local/lib/python3.8/site-packages/airflow/example_dags/example_dynamic_task_mapping.py for tasks to queue
[2023-09-07T16:28:13.215+0000] {logging_mixin.py:151} INFO - [2023-09-07T16:28:13.214+0000] {dagbag.py:539} INFO - Filling up the DagBag from /home/airflow/.local/lib/python3.8/site-packages/airflow/example_dags/example_dynamic_task_mapping.py
[2023-09-07T16:28:13.224+0000] {processor.py:839} INFO - DAG(s) dict_keys(['example_dynamic_task_mapping']) retrieved from /home/airflow/.local/lib/python3.8/site-packages/airflow/example_dags/example_dynamic_task_mapping.py
[2023-09-07T16:28:13.243+0000] {logging_mixin.py:151} INFO - [2023-09-07T16:28:13.243+0000] {dag.py:2907} INFO - Sync 1 DAGs
[2023-09-07T16:28:13.256+0000] {logging_mixin.py:151} INFO - [2023-09-07T16:28:13.255+0000] {dag.py:3677} INFO - Setting next_dagrun for example_dynamic_task_mapping to 2022-03-04T00:00:00+00:00, run_after=2022-03-05T00:00:00+00:00
[2023-09-07T16:28:13.265+0000] {processor.py:179} INFO - Processing /home/airflow/.local/lib/python3.8/site-packages/airflow/example_dags/example_dynamic_task_mapping.py took 0.060 seconds
[2023-09-07T16:28:44.030+0000] {processor.py:157} INFO - Started process (PID=14402) to work on /home/airflow/.local/lib/python3.8/site-packages/airflow/example_dags/example_dynamic_task_mapping.py
[2023-09-07T16:28:44.034+0000] {processor.py:829} INFO - Processing file /home/airflow/.local/lib/python3.8/site-packages/airflow/example_dags/example_dynamic_task_mapping.py for tasks to queue
[2023-09-07T16:28:44.036+0000] {logging_mixin.py:151} INFO - [2023-09-07T16:28:44.036+0000] {dagbag.py:539} INFO - Filling up the DagBag from /home/airflow/.local/lib/python3.8/site-packages/airflow/example_dags/example_dynamic_task_mapping.py
[2023-09-07T16:28:44.062+0000] {processor.py:839} INFO - DAG(s) dict_keys(['example_dynamic_task_mapping']) retrieved from /home/airflow/.local/lib/python3.8/site-packages/airflow/example_dags/example_dynamic_task_mapping.py
[2023-09-07T16:28:44.125+0000] {logging_mixin.py:151} INFO - [2023-09-07T16:28:44.124+0000] {dag.py:2907} INFO - Sync 1 DAGs
[2023-09-07T16:28:44.148+0000] {logging_mixin.py:151} INFO - [2023-09-07T16:28:44.148+0000] {dag.py:3677} INFO - Setting next_dagrun for example_dynamic_task_mapping to 2022-03-04T00:00:00+00:00, run_after=2022-03-05T00:00:00+00:00
[2023-09-07T16:28:44.162+0000] {processor.py:179} INFO - Processing /home/airflow/.local/lib/python3.8/site-packages/airflow/example_dags/example_dynamic_task_mapping.py took 0.155 seconds
[2023-09-07T16:29:14.782+0000] {processor.py:157} INFO - Started process (PID=14639) to work on /home/airflow/.local/lib/python3.8/site-packages/airflow/example_dags/example_dynamic_task_mapping.py
[2023-09-07T16:29:14.784+0000] {processor.py:829} INFO - Processing file /home/airflow/.local/lib/python3.8/site-packages/airflow/example_dags/example_dynamic_task_mapping.py for tasks to queue
[2023-09-07T16:29:14.786+0000] {logging_mixin.py:151} INFO - [2023-09-07T16:29:14.785+0000] {dagbag.py:539} INFO - Filling up the DagBag from /home/airflow/.local/lib/python3.8/site-packages/airflow/example_dags/example_dynamic_task_mapping.py
[2023-09-07T16:29:14.798+0000] {processor.py:839} INFO - DAG(s) dict_keys(['example_dynamic_task_mapping']) retrieved from /home/airflow/.local/lib/python3.8/site-packages/airflow/example_dags/example_dynamic_task_mapping.py
[2023-09-07T16:29:14.841+0000] {logging_mixin.py:151} INFO - [2023-09-07T16:29:14.841+0000] {dag.py:2907} INFO - Sync 1 DAGs
[2023-09-07T16:29:14.862+0000] {logging_mixin.py:151} INFO - [2023-09-07T16:29:14.861+0000] {dag.py:3677} INFO - Setting next_dagrun for example_dynamic_task_mapping to 2022-03-04T00:00:00+00:00, run_after=2022-03-05T00:00:00+00:00
[2023-09-07T16:29:14.877+0000] {processor.py:179} INFO - Processing /home/airflow/.local/lib/python3.8/site-packages/airflow/example_dags/example_dynamic_task_mapping.py took 0.111 seconds
[2023-09-07T16:31:00.300+0000] {processor.py:157} INFO - Started process (PID=14875) to work on /home/airflow/.local/lib/python3.8/site-packages/airflow/example_dags/example_dynamic_task_mapping.py
[2023-09-07T16:31:00.302+0000] {processor.py:829} INFO - Processing file /home/airflow/.local/lib/python3.8/site-packages/airflow/example_dags/example_dynamic_task_mapping.py for tasks to queue
[2023-09-07T16:31:00.304+0000] {logging_mixin.py:151} INFO - [2023-09-07T16:31:00.304+0000] {dagbag.py:539} INFO - Filling up the DagBag from /home/airflow/.local/lib/python3.8/site-packages/airflow/example_dags/example_dynamic_task_mapping.py
[2023-09-07T16:31:00.312+0000] {processor.py:839} INFO - DAG(s) dict_keys(['example_dynamic_task_mapping']) retrieved from /home/airflow/.local/lib/python3.8/site-packages/airflow/example_dags/example_dynamic_task_mapping.py
[2023-09-07T16:31:00.331+0000] {logging_mixin.py:151} INFO - [2023-09-07T16:31:00.331+0000] {dag.py:2907} INFO - Sync 1 DAGs
[2023-09-07T16:31:00.348+0000] {logging_mixin.py:151} INFO - [2023-09-07T16:31:00.348+0000] {dag.py:3677} INFO - Setting next_dagrun for example_dynamic_task_mapping to 2022-03-04T00:00:00+00:00, run_after=2022-03-05T00:00:00+00:00
[2023-09-07T16:31:00.380+0000] {processor.py:179} INFO - Processing /home/airflow/.local/lib/python3.8/site-packages/airflow/example_dags/example_dynamic_task_mapping.py took 0.084 seconds
[2023-09-07T16:31:31.525+0000] {processor.py:157} INFO - Started process (PID=15113) to work on /home/airflow/.local/lib/python3.8/site-packages/airflow/example_dags/example_dynamic_task_mapping.py
[2023-09-07T16:31:31.527+0000] {processor.py:829} INFO - Processing file /home/airflow/.local/lib/python3.8/site-packages/airflow/example_dags/example_dynamic_task_mapping.py for tasks to queue
[2023-09-07T16:31:31.528+0000] {logging_mixin.py:151} INFO - [2023-09-07T16:31:31.528+0000] {dagbag.py:539} INFO - Filling up the DagBag from /home/airflow/.local/lib/python3.8/site-packages/airflow/example_dags/example_dynamic_task_mapping.py
[2023-09-07T16:31:31.535+0000] {processor.py:839} INFO - DAG(s) dict_keys(['example_dynamic_task_mapping']) retrieved from /home/airflow/.local/lib/python3.8/site-packages/airflow/example_dags/example_dynamic_task_mapping.py
[2023-09-07T16:31:31.561+0000] {logging_mixin.py:151} INFO - [2023-09-07T16:31:31.560+0000] {dag.py:2907} INFO - Sync 1 DAGs
[2023-09-07T16:31:31.583+0000] {logging_mixin.py:151} INFO - [2023-09-07T16:31:31.582+0000] {dag.py:3677} INFO - Setting next_dagrun for example_dynamic_task_mapping to 2022-03-04T00:00:00+00:00, run_after=2022-03-05T00:00:00+00:00
[2023-09-07T16:31:31.595+0000] {processor.py:179} INFO - Processing /home/airflow/.local/lib/python3.8/site-packages/airflow/example_dags/example_dynamic_task_mapping.py took 0.073 seconds
[2023-09-07T16:32:02.345+0000] {processor.py:157} INFO - Started process (PID=15351) to work on /home/airflow/.local/lib/python3.8/site-packages/airflow/example_dags/example_dynamic_task_mapping.py
[2023-09-07T16:32:02.347+0000] {processor.py:829} INFO - Processing file /home/airflow/.local/lib/python3.8/site-packages/airflow/example_dags/example_dynamic_task_mapping.py for tasks to queue
[2023-09-07T16:32:02.348+0000] {logging_mixin.py:151} INFO - [2023-09-07T16:32:02.348+0000] {dagbag.py:539} INFO - Filling up the DagBag from /home/airflow/.local/lib/python3.8/site-packages/airflow/example_dags/example_dynamic_task_mapping.py
[2023-09-07T16:32:02.355+0000] {processor.py:839} INFO - DAG(s) dict_keys(['example_dynamic_task_mapping']) retrieved from /home/airflow/.local/lib/python3.8/site-packages/airflow/example_dags/example_dynamic_task_mapping.py
[2023-09-07T16:32:02.378+0000] {logging_mixin.py:151} INFO - [2023-09-07T16:32:02.378+0000] {dag.py:2907} INFO - Sync 1 DAGs
[2023-09-07T16:32:02.403+0000] {logging_mixin.py:151} INFO - [2023-09-07T16:32:02.403+0000] {dag.py:3677} INFO - Setting next_dagrun for example_dynamic_task_mapping to 2022-03-04T00:00:00+00:00, run_after=2022-03-05T00:00:00+00:00
[2023-09-07T16:32:02.416+0000] {processor.py:179} INFO - Processing /home/airflow/.local/lib/python3.8/site-packages/airflow/example_dags/example_dynamic_task_mapping.py took 0.074 seconds
[2023-09-07T16:32:34.773+0000] {processor.py:157} INFO - Started process (PID=15589) to work on /home/airflow/.local/lib/python3.8/site-packages/airflow/example_dags/example_dynamic_task_mapping.py
[2023-09-07T16:32:34.777+0000] {processor.py:829} INFO - Processing file /home/airflow/.local/lib/python3.8/site-packages/airflow/example_dags/example_dynamic_task_mapping.py for tasks to queue
[2023-09-07T16:32:34.778+0000] {logging_mixin.py:151} INFO - [2023-09-07T16:32:34.778+0000] {dagbag.py:539} INFO - Filling up the DagBag from /home/airflow/.local/lib/python3.8/site-packages/airflow/example_dags/example_dynamic_task_mapping.py
[2023-09-07T16:32:34.790+0000] {processor.py:839} INFO - DAG(s) dict_keys(['example_dynamic_task_mapping']) retrieved from /home/airflow/.local/lib/python3.8/site-packages/airflow/example_dags/example_dynamic_task_mapping.py
[2023-09-07T16:32:34.820+0000] {logging_mixin.py:151} INFO - [2023-09-07T16:32:34.820+0000] {dag.py:2907} INFO - Sync 1 DAGs
[2023-09-07T16:32:34.844+0000] {logging_mixin.py:151} INFO - [2023-09-07T16:32:34.844+0000] {dag.py:3677} INFO - Setting next_dagrun for example_dynamic_task_mapping to 2022-03-04T00:00:00+00:00, run_after=2022-03-05T00:00:00+00:00
[2023-09-07T16:32:34.866+0000] {processor.py:179} INFO - Processing /home/airflow/.local/lib/python3.8/site-packages/airflow/example_dags/example_dynamic_task_mapping.py took 0.111 seconds
[2023-09-07T16:33:08.605+0000] {processor.py:157} INFO - Started process (PID=15827) to work on /home/airflow/.local/lib/python3.8/site-packages/airflow/example_dags/example_dynamic_task_mapping.py
[2023-09-07T16:33:08.607+0000] {processor.py:829} INFO - Processing file /home/airflow/.local/lib/python3.8/site-packages/airflow/example_dags/example_dynamic_task_mapping.py for tasks to queue
[2023-09-07T16:33:08.608+0000] {logging_mixin.py:151} INFO - [2023-09-07T16:33:08.607+0000] {dagbag.py:539} INFO - Filling up the DagBag from /home/airflow/.local/lib/python3.8/site-packages/airflow/example_dags/example_dynamic_task_mapping.py
[2023-09-07T16:33:08.615+0000] {processor.py:839} INFO - DAG(s) dict_keys(['example_dynamic_task_mapping']) retrieved from /home/airflow/.local/lib/python3.8/site-packages/airflow/example_dags/example_dynamic_task_mapping.py
[2023-09-07T16:33:08.632+0000] {logging_mixin.py:151} INFO - [2023-09-07T16:33:08.632+0000] {dag.py:2907} INFO - Sync 1 DAGs
[2023-09-07T16:33:08.646+0000] {logging_mixin.py:151} INFO - [2023-09-07T16:33:08.646+0000] {dag.py:3677} INFO - Setting next_dagrun for example_dynamic_task_mapping to 2022-03-04T00:00:00+00:00, run_after=2022-03-05T00:00:00+00:00
[2023-09-07T16:33:08.659+0000] {processor.py:179} INFO - Processing /home/airflow/.local/lib/python3.8/site-packages/airflow/example_dags/example_dynamic_task_mapping.py took 0.059 seconds
[2023-09-07T16:33:40.399+0000] {processor.py:157} INFO - Started process (PID=16065) to work on /home/airflow/.local/lib/python3.8/site-packages/airflow/example_dags/example_dynamic_task_mapping.py
[2023-09-07T16:33:40.403+0000] {processor.py:829} INFO - Processing file /home/airflow/.local/lib/python3.8/site-packages/airflow/example_dags/example_dynamic_task_mapping.py for tasks to queue
[2023-09-07T16:33:40.405+0000] {logging_mixin.py:151} INFO - [2023-09-07T16:33:40.405+0000] {dagbag.py:539} INFO - Filling up the DagBag from /home/airflow/.local/lib/python3.8/site-packages/airflow/example_dags/example_dynamic_task_mapping.py
[2023-09-07T16:33:40.435+0000] {processor.py:839} INFO - DAG(s) dict_keys(['example_dynamic_task_mapping']) retrieved from /home/airflow/.local/lib/python3.8/site-packages/airflow/example_dags/example_dynamic_task_mapping.py
[2023-09-07T16:33:40.478+0000] {logging_mixin.py:151} INFO - [2023-09-07T16:33:40.477+0000] {dag.py:2907} INFO - Sync 1 DAGs
[2023-09-07T16:33:40.516+0000] {logging_mixin.py:151} INFO - [2023-09-07T16:33:40.516+0000] {dag.py:3677} INFO - Setting next_dagrun for example_dynamic_task_mapping to 2022-03-04T00:00:00+00:00, run_after=2022-03-05T00:00:00+00:00
[2023-09-07T16:33:40.536+0000] {processor.py:179} INFO - Processing /home/airflow/.local/lib/python3.8/site-packages/airflow/example_dags/example_dynamic_task_mapping.py took 0.151 seconds
[2023-09-07T16:34:11.176+0000] {processor.py:157} INFO - Started process (PID=16303) to work on /home/airflow/.local/lib/python3.8/site-packages/airflow/example_dags/example_dynamic_task_mapping.py
[2023-09-07T16:34:11.178+0000] {processor.py:829} INFO - Processing file /home/airflow/.local/lib/python3.8/site-packages/airflow/example_dags/example_dynamic_task_mapping.py for tasks to queue
[2023-09-07T16:34:11.180+0000] {logging_mixin.py:151} INFO - [2023-09-07T16:34:11.179+0000] {dagbag.py:539} INFO - Filling up the DagBag from /home/airflow/.local/lib/python3.8/site-packages/airflow/example_dags/example_dynamic_task_mapping.py
[2023-09-07T16:34:11.194+0000] {processor.py:839} INFO - DAG(s) dict_keys(['example_dynamic_task_mapping']) retrieved from /home/airflow/.local/lib/python3.8/site-packages/airflow/example_dags/example_dynamic_task_mapping.py
[2023-09-07T16:34:11.226+0000] {logging_mixin.py:151} INFO - [2023-09-07T16:34:11.226+0000] {dag.py:2907} INFO - Sync 1 DAGs
[2023-09-07T16:34:11.251+0000] {logging_mixin.py:151} INFO - [2023-09-07T16:34:11.250+0000] {dag.py:3677} INFO - Setting next_dagrun for example_dynamic_task_mapping to 2022-03-04T00:00:00+00:00, run_after=2022-03-05T00:00:00+00:00
[2023-09-07T16:34:11.266+0000] {processor.py:179} INFO - Processing /home/airflow/.local/lib/python3.8/site-packages/airflow/example_dags/example_dynamic_task_mapping.py took 0.094 seconds
