[2023-09-07T15:58:24.984+0000] {processor.py:157} INFO - Started process (PID=252) to work on /home/airflow/.local/lib/python3.8/site-packages/airflow/example_dags/example_sensors.py
[2023-09-07T15:58:24.985+0000] {processor.py:829} INFO - Processing file /home/airflow/.local/lib/python3.8/site-packages/airflow/example_dags/example_sensors.py for tasks to queue
[2023-09-07T15:58:24.988+0000] {logging_mixin.py:151} INFO - [2023-09-07T15:58:24.987+0000] {dagbag.py:539} INFO - Filling up the DagBag from /home/airflow/.local/lib/python3.8/site-packages/airflow/example_dags/example_sensors.py
[2023-09-07T15:58:25.003+0000] {processor.py:839} INFO - DAG(s) dict_keys(['example_sensors']) retrieved from /home/airflow/.local/lib/python3.8/site-packages/airflow/example_dags/example_sensors.py
[2023-09-07T15:58:25.022+0000] {logging_mixin.py:151} INFO - [2023-09-07T15:58:25.022+0000] {dag.py:2907} INFO - Sync 1 DAGs
[2023-09-07T15:58:25.046+0000] {logging_mixin.py:151} INFO - [2023-09-07T15:58:25.045+0000] {dag.py:3677} INFO - Setting next_dagrun for example_sensors to None, run_after=None
[2023-09-07T15:58:25.061+0000] {processor.py:179} INFO - Processing /home/airflow/.local/lib/python3.8/site-packages/airflow/example_dags/example_sensors.py took 0.080 seconds
[2023-09-07T15:58:56.240+0000] {processor.py:157} INFO - Started process (PID=490) to work on /home/airflow/.local/lib/python3.8/site-packages/airflow/example_dags/example_sensors.py
[2023-09-07T15:58:56.243+0000] {processor.py:829} INFO - Processing file /home/airflow/.local/lib/python3.8/site-packages/airflow/example_dags/example_sensors.py for tasks to queue
[2023-09-07T15:58:56.244+0000] {logging_mixin.py:151} INFO - [2023-09-07T15:58:56.244+0000] {dagbag.py:539} INFO - Filling up the DagBag from /home/airflow/.local/lib/python3.8/site-packages/airflow/example_dags/example_sensors.py
[2023-09-07T15:58:56.253+0000] {processor.py:839} INFO - DAG(s) dict_keys(['example_sensors']) retrieved from /home/airflow/.local/lib/python3.8/site-packages/airflow/example_dags/example_sensors.py
[2023-09-07T15:58:56.275+0000] {logging_mixin.py:151} INFO - [2023-09-07T15:58:56.275+0000] {dag.py:2907} INFO - Sync 1 DAGs
[2023-09-07T15:58:56.285+0000] {logging_mixin.py:151} INFO - [2023-09-07T15:58:56.285+0000] {dag.py:3677} INFO - Setting next_dagrun for example_sensors to None, run_after=None
[2023-09-07T15:58:56.297+0000] {processor.py:179} INFO - Processing /home/airflow/.local/lib/python3.8/site-packages/airflow/example_dags/example_sensors.py took 0.062 seconds
[2023-09-07T15:59:28.351+0000] {processor.py:157} INFO - Started process (PID=728) to work on /home/airflow/.local/lib/python3.8/site-packages/airflow/example_dags/example_sensors.py
[2023-09-07T15:59:28.353+0000] {processor.py:829} INFO - Processing file /home/airflow/.local/lib/python3.8/site-packages/airflow/example_dags/example_sensors.py for tasks to queue
[2023-09-07T15:59:28.354+0000] {logging_mixin.py:151} INFO - [2023-09-07T15:59:28.354+0000] {dagbag.py:539} INFO - Filling up the DagBag from /home/airflow/.local/lib/python3.8/site-packages/airflow/example_dags/example_sensors.py
[2023-09-07T15:59:28.463+0000] {processor.py:839} INFO - DAG(s) dict_keys(['example_sensors']) retrieved from /home/airflow/.local/lib/python3.8/site-packages/airflow/example_dags/example_sensors.py
[2023-09-07T15:59:28.502+0000] {logging_mixin.py:151} INFO - [2023-09-07T15:59:28.502+0000] {dag.py:2907} INFO - Sync 1 DAGs
[2023-09-07T15:59:28.521+0000] {logging_mixin.py:151} INFO - [2023-09-07T15:59:28.521+0000] {dag.py:3677} INFO - Setting next_dagrun for example_sensors to None, run_after=None
[2023-09-07T15:59:28.536+0000] {processor.py:179} INFO - Processing /home/airflow/.local/lib/python3.8/site-packages/airflow/example_dags/example_sensors.py took 0.188 seconds
[2023-09-07T15:59:59.434+0000] {processor.py:157} INFO - Started process (PID=966) to work on /home/airflow/.local/lib/python3.8/site-packages/airflow/example_dags/example_sensors.py
[2023-09-07T15:59:59.437+0000] {processor.py:829} INFO - Processing file /home/airflow/.local/lib/python3.8/site-packages/airflow/example_dags/example_sensors.py for tasks to queue
[2023-09-07T15:59:59.456+0000] {logging_mixin.py:151} INFO - [2023-09-07T15:59:59.455+0000] {dagbag.py:539} INFO - Filling up the DagBag from /home/airflow/.local/lib/python3.8/site-packages/airflow/example_dags/example_sensors.py
[2023-09-07T15:59:59.469+0000] {processor.py:839} INFO - DAG(s) dict_keys(['example_sensors']) retrieved from /home/airflow/.local/lib/python3.8/site-packages/airflow/example_dags/example_sensors.py
[2023-09-07T15:59:59.506+0000] {logging_mixin.py:151} INFO - [2023-09-07T15:59:59.506+0000] {dag.py:2907} INFO - Sync 1 DAGs
[2023-09-07T15:59:59.536+0000] {logging_mixin.py:151} INFO - [2023-09-07T15:59:59.536+0000] {dag.py:3677} INFO - Setting next_dagrun for example_sensors to None, run_after=None
[2023-09-07T15:59:59.574+0000] {processor.py:179} INFO - Processing /home/airflow/.local/lib/python3.8/site-packages/airflow/example_dags/example_sensors.py took 0.143 seconds
[2023-09-07T16:00:29.698+0000] {processor.py:157} INFO - Started process (PID=1203) to work on /home/airflow/.local/lib/python3.8/site-packages/airflow/example_dags/example_sensors.py
[2023-09-07T16:00:29.699+0000] {processor.py:829} INFO - Processing file /home/airflow/.local/lib/python3.8/site-packages/airflow/example_dags/example_sensors.py for tasks to queue
[2023-09-07T16:00:29.700+0000] {logging_mixin.py:151} INFO - [2023-09-07T16:00:29.700+0000] {dagbag.py:539} INFO - Filling up the DagBag from /home/airflow/.local/lib/python3.8/site-packages/airflow/example_dags/example_sensors.py
[2023-09-07T16:00:29.708+0000] {processor.py:839} INFO - DAG(s) dict_keys(['example_sensors']) retrieved from /home/airflow/.local/lib/python3.8/site-packages/airflow/example_dags/example_sensors.py
[2023-09-07T16:00:29.731+0000] {logging_mixin.py:151} INFO - [2023-09-07T16:00:29.731+0000] {dag.py:2907} INFO - Sync 1 DAGs
[2023-09-07T16:00:29.739+0000] {logging_mixin.py:151} INFO - [2023-09-07T16:00:29.739+0000] {dag.py:3677} INFO - Setting next_dagrun for example_sensors to None, run_after=None
[2023-09-07T16:00:29.753+0000] {processor.py:179} INFO - Processing /home/airflow/.local/lib/python3.8/site-packages/airflow/example_dags/example_sensors.py took 0.058 seconds
[2023-09-07T16:01:00.696+0000] {processor.py:157} INFO - Started process (PID=1465) to work on /home/airflow/.local/lib/python3.8/site-packages/airflow/example_dags/example_sensors.py
[2023-09-07T16:01:00.697+0000] {processor.py:829} INFO - Processing file /home/airflow/.local/lib/python3.8/site-packages/airflow/example_dags/example_sensors.py for tasks to queue
[2023-09-07T16:01:00.698+0000] {logging_mixin.py:151} INFO - [2023-09-07T16:01:00.698+0000] {dagbag.py:539} INFO - Filling up the DagBag from /home/airflow/.local/lib/python3.8/site-packages/airflow/example_dags/example_sensors.py
[2023-09-07T16:01:00.706+0000] {processor.py:839} INFO - DAG(s) dict_keys(['example_sensors']) retrieved from /home/airflow/.local/lib/python3.8/site-packages/airflow/example_dags/example_sensors.py
[2023-09-07T16:01:00.727+0000] {logging_mixin.py:151} INFO - [2023-09-07T16:01:00.727+0000] {dag.py:2907} INFO - Sync 1 DAGs
[2023-09-07T16:01:00.736+0000] {logging_mixin.py:151} INFO - [2023-09-07T16:01:00.736+0000] {dag.py:3677} INFO - Setting next_dagrun for example_sensors to None, run_after=None
[2023-09-07T16:01:00.750+0000] {processor.py:179} INFO - Processing /home/airflow/.local/lib/python3.8/site-packages/airflow/example_dags/example_sensors.py took 0.057 seconds
[2023-09-07T16:01:31.301+0000] {processor.py:157} INFO - Started process (PID=1703) to work on /home/airflow/.local/lib/python3.8/site-packages/airflow/example_dags/example_sensors.py
[2023-09-07T16:01:31.303+0000] {processor.py:829} INFO - Processing file /home/airflow/.local/lib/python3.8/site-packages/airflow/example_dags/example_sensors.py for tasks to queue
[2023-09-07T16:01:31.305+0000] {logging_mixin.py:151} INFO - [2023-09-07T16:01:31.304+0000] {dagbag.py:539} INFO - Filling up the DagBag from /home/airflow/.local/lib/python3.8/site-packages/airflow/example_dags/example_sensors.py
[2023-09-07T16:01:31.317+0000] {processor.py:839} INFO - DAG(s) dict_keys(['example_sensors']) retrieved from /home/airflow/.local/lib/python3.8/site-packages/airflow/example_dags/example_sensors.py
[2023-09-07T16:01:31.344+0000] {logging_mixin.py:151} INFO - [2023-09-07T16:01:31.344+0000] {dag.py:2907} INFO - Sync 1 DAGs
[2023-09-07T16:01:31.353+0000] {logging_mixin.py:151} INFO - [2023-09-07T16:01:31.353+0000] {dag.py:3677} INFO - Setting next_dagrun for example_sensors to None, run_after=None
[2023-09-07T16:01:31.365+0000] {processor.py:179} INFO - Processing /home/airflow/.local/lib/python3.8/site-packages/airflow/example_dags/example_sensors.py took 0.068 seconds
[2023-09-07T16:02:02.831+0000] {processor.py:157} INFO - Started process (PID=1941) to work on /home/airflow/.local/lib/python3.8/site-packages/airflow/example_dags/example_sensors.py
[2023-09-07T16:02:02.833+0000] {processor.py:829} INFO - Processing file /home/airflow/.local/lib/python3.8/site-packages/airflow/example_dags/example_sensors.py for tasks to queue
[2023-09-07T16:02:02.834+0000] {logging_mixin.py:151} INFO - [2023-09-07T16:02:02.833+0000] {dagbag.py:539} INFO - Filling up the DagBag from /home/airflow/.local/lib/python3.8/site-packages/airflow/example_dags/example_sensors.py
[2023-09-07T16:02:02.849+0000] {processor.py:839} INFO - DAG(s) dict_keys(['example_sensors']) retrieved from /home/airflow/.local/lib/python3.8/site-packages/airflow/example_dags/example_sensors.py
[2023-09-07T16:02:02.892+0000] {logging_mixin.py:151} INFO - [2023-09-07T16:02:02.892+0000] {dag.py:2907} INFO - Sync 1 DAGs
[2023-09-07T16:02:02.904+0000] {logging_mixin.py:151} INFO - [2023-09-07T16:02:02.904+0000] {dag.py:3677} INFO - Setting next_dagrun for example_sensors to None, run_after=None
[2023-09-07T16:02:02.940+0000] {processor.py:179} INFO - Processing /home/airflow/.local/lib/python3.8/site-packages/airflow/example_dags/example_sensors.py took 0.113 seconds
[2023-09-07T16:02:33.044+0000] {processor.py:157} INFO - Started process (PID=2179) to work on /home/airflow/.local/lib/python3.8/site-packages/airflow/example_dags/example_sensors.py
[2023-09-07T16:02:33.045+0000] {processor.py:829} INFO - Processing file /home/airflow/.local/lib/python3.8/site-packages/airflow/example_dags/example_sensors.py for tasks to queue
[2023-09-07T16:02:33.046+0000] {logging_mixin.py:151} INFO - [2023-09-07T16:02:33.046+0000] {dagbag.py:539} INFO - Filling up the DagBag from /home/airflow/.local/lib/python3.8/site-packages/airflow/example_dags/example_sensors.py
[2023-09-07T16:02:33.054+0000] {processor.py:839} INFO - DAG(s) dict_keys(['example_sensors']) retrieved from /home/airflow/.local/lib/python3.8/site-packages/airflow/example_dags/example_sensors.py
[2023-09-07T16:02:33.074+0000] {logging_mixin.py:151} INFO - [2023-09-07T16:02:33.074+0000] {dag.py:2907} INFO - Sync 1 DAGs
[2023-09-07T16:02:33.083+0000] {logging_mixin.py:151} INFO - [2023-09-07T16:02:33.083+0000] {dag.py:3677} INFO - Setting next_dagrun for example_sensors to None, run_after=None
[2023-09-07T16:02:33.094+0000] {processor.py:179} INFO - Processing /home/airflow/.local/lib/python3.8/site-packages/airflow/example_dags/example_sensors.py took 0.053 seconds
[2023-09-07T16:03:03.262+0000] {processor.py:157} INFO - Started process (PID=2417) to work on /home/airflow/.local/lib/python3.8/site-packages/airflow/example_dags/example_sensors.py
[2023-09-07T16:03:03.264+0000] {processor.py:829} INFO - Processing file /home/airflow/.local/lib/python3.8/site-packages/airflow/example_dags/example_sensors.py for tasks to queue
[2023-09-07T16:03:03.265+0000] {logging_mixin.py:151} INFO - [2023-09-07T16:03:03.265+0000] {dagbag.py:539} INFO - Filling up the DagBag from /home/airflow/.local/lib/python3.8/site-packages/airflow/example_dags/example_sensors.py
[2023-09-07T16:03:03.276+0000] {processor.py:839} INFO - DAG(s) dict_keys(['example_sensors']) retrieved from /home/airflow/.local/lib/python3.8/site-packages/airflow/example_dags/example_sensors.py
[2023-09-07T16:03:03.303+0000] {logging_mixin.py:151} INFO - [2023-09-07T16:03:03.303+0000] {dag.py:2907} INFO - Sync 1 DAGs
[2023-09-07T16:03:03.314+0000] {logging_mixin.py:151} INFO - [2023-09-07T16:03:03.313+0000] {dag.py:3677} INFO - Setting next_dagrun for example_sensors to None, run_after=None
[2023-09-07T16:03:03.326+0000] {processor.py:179} INFO - Processing /home/airflow/.local/lib/python3.8/site-packages/airflow/example_dags/example_sensors.py took 0.068 seconds
[2023-09-07T16:03:33.429+0000] {processor.py:157} INFO - Started process (PID=2657) to work on /home/airflow/.local/lib/python3.8/site-packages/airflow/example_dags/example_sensors.py
[2023-09-07T16:03:33.430+0000] {processor.py:829} INFO - Processing file /home/airflow/.local/lib/python3.8/site-packages/airflow/example_dags/example_sensors.py for tasks to queue
[2023-09-07T16:03:33.431+0000] {logging_mixin.py:151} INFO - [2023-09-07T16:03:33.430+0000] {dagbag.py:539} INFO - Filling up the DagBag from /home/airflow/.local/lib/python3.8/site-packages/airflow/example_dags/example_sensors.py
[2023-09-07T16:03:33.439+0000] {processor.py:839} INFO - DAG(s) dict_keys(['example_sensors']) retrieved from /home/airflow/.local/lib/python3.8/site-packages/airflow/example_dags/example_sensors.py
[2023-09-07T16:03:33.458+0000] {logging_mixin.py:151} INFO - [2023-09-07T16:03:33.457+0000] {dag.py:2907} INFO - Sync 1 DAGs
[2023-09-07T16:03:33.465+0000] {logging_mixin.py:151} INFO - [2023-09-07T16:03:33.465+0000] {dag.py:3677} INFO - Setting next_dagrun for example_sensors to None, run_after=None
[2023-09-07T16:03:33.475+0000] {processor.py:179} INFO - Processing /home/airflow/.local/lib/python3.8/site-packages/airflow/example_dags/example_sensors.py took 0.049 seconds
[2023-09-07T16:04:04.059+0000] {processor.py:157} INFO - Started process (PID=2893) to work on /home/airflow/.local/lib/python3.8/site-packages/airflow/example_dags/example_sensors.py
[2023-09-07T16:04:04.060+0000] {processor.py:829} INFO - Processing file /home/airflow/.local/lib/python3.8/site-packages/airflow/example_dags/example_sensors.py for tasks to queue
[2023-09-07T16:04:04.061+0000] {logging_mixin.py:151} INFO - [2023-09-07T16:04:04.061+0000] {dagbag.py:539} INFO - Filling up the DagBag from /home/airflow/.local/lib/python3.8/site-packages/airflow/example_dags/example_sensors.py
[2023-09-07T16:04:04.069+0000] {processor.py:839} INFO - DAG(s) dict_keys(['example_sensors']) retrieved from /home/airflow/.local/lib/python3.8/site-packages/airflow/example_dags/example_sensors.py
[2023-09-07T16:04:04.088+0000] {logging_mixin.py:151} INFO - [2023-09-07T16:04:04.088+0000] {dag.py:2907} INFO - Sync 1 DAGs
[2023-09-07T16:04:04.096+0000] {logging_mixin.py:151} INFO - [2023-09-07T16:04:04.096+0000] {dag.py:3677} INFO - Setting next_dagrun for example_sensors to None, run_after=None
[2023-09-07T16:04:04.108+0000] {processor.py:179} INFO - Processing /home/airflow/.local/lib/python3.8/site-packages/airflow/example_dags/example_sensors.py took 0.051 seconds
[2023-09-07T16:04:35.555+0000] {processor.py:157} INFO - Started process (PID=3131) to work on /home/airflow/.local/lib/python3.8/site-packages/airflow/example_dags/example_sensors.py
[2023-09-07T16:04:35.557+0000] {processor.py:829} INFO - Processing file /home/airflow/.local/lib/python3.8/site-packages/airflow/example_dags/example_sensors.py for tasks to queue
[2023-09-07T16:04:35.560+0000] {logging_mixin.py:151} INFO - [2023-09-07T16:04:35.560+0000] {dagbag.py:539} INFO - Filling up the DagBag from /home/airflow/.local/lib/python3.8/site-packages/airflow/example_dags/example_sensors.py
[2023-09-07T16:04:35.572+0000] {processor.py:839} INFO - DAG(s) dict_keys(['example_sensors']) retrieved from /home/airflow/.local/lib/python3.8/site-packages/airflow/example_dags/example_sensors.py
[2023-09-07T16:04:35.604+0000] {logging_mixin.py:151} INFO - [2023-09-07T16:04:35.604+0000] {dag.py:2907} INFO - Sync 1 DAGs
[2023-09-07T16:04:35.616+0000] {logging_mixin.py:151} INFO - [2023-09-07T16:04:35.615+0000] {dag.py:3677} INFO - Setting next_dagrun for example_sensors to None, run_after=None
[2023-09-07T16:04:35.631+0000] {processor.py:179} INFO - Processing /home/airflow/.local/lib/python3.8/site-packages/airflow/example_dags/example_sensors.py took 0.080 seconds
[2023-09-07T16:05:06.610+0000] {processor.py:157} INFO - Started process (PID=3369) to work on /home/airflow/.local/lib/python3.8/site-packages/airflow/example_dags/example_sensors.py
[2023-09-07T16:05:06.613+0000] {processor.py:829} INFO - Processing file /home/airflow/.local/lib/python3.8/site-packages/airflow/example_dags/example_sensors.py for tasks to queue
[2023-09-07T16:05:06.614+0000] {logging_mixin.py:151} INFO - [2023-09-07T16:05:06.614+0000] {dagbag.py:539} INFO - Filling up the DagBag from /home/airflow/.local/lib/python3.8/site-packages/airflow/example_dags/example_sensors.py
[2023-09-07T16:05:06.627+0000] {processor.py:839} INFO - DAG(s) dict_keys(['example_sensors']) retrieved from /home/airflow/.local/lib/python3.8/site-packages/airflow/example_dags/example_sensors.py
[2023-09-07T16:05:06.670+0000] {logging_mixin.py:151} INFO - [2023-09-07T16:05:06.669+0000] {dag.py:2907} INFO - Sync 1 DAGs
[2023-09-07T16:05:06.698+0000] {logging_mixin.py:151} INFO - [2023-09-07T16:05:06.698+0000] {dag.py:3677} INFO - Setting next_dagrun for example_sensors to None, run_after=None
[2023-09-07T16:05:06.738+0000] {processor.py:179} INFO - Processing /home/airflow/.local/lib/python3.8/site-packages/airflow/example_dags/example_sensors.py took 0.139 seconds
[2023-09-07T16:05:37.313+0000] {processor.py:157} INFO - Started process (PID=3608) to work on /home/airflow/.local/lib/python3.8/site-packages/airflow/example_dags/example_sensors.py
[2023-09-07T16:05:37.317+0000] {processor.py:829} INFO - Processing file /home/airflow/.local/lib/python3.8/site-packages/airflow/example_dags/example_sensors.py for tasks to queue
[2023-09-07T16:05:37.319+0000] {logging_mixin.py:151} INFO - [2023-09-07T16:05:37.318+0000] {dagbag.py:539} INFO - Filling up the DagBag from /home/airflow/.local/lib/python3.8/site-packages/airflow/example_dags/example_sensors.py
[2023-09-07T16:05:37.348+0000] {processor.py:839} INFO - DAG(s) dict_keys(['example_sensors']) retrieved from /home/airflow/.local/lib/python3.8/site-packages/airflow/example_dags/example_sensors.py
[2023-09-07T16:05:37.404+0000] {logging_mixin.py:151} INFO - [2023-09-07T16:05:37.403+0000] {dag.py:2907} INFO - Sync 1 DAGs
[2023-09-07T16:05:37.420+0000] {logging_mixin.py:151} INFO - [2023-09-07T16:05:37.420+0000] {dag.py:3677} INFO - Setting next_dagrun for example_sensors to None, run_after=None
[2023-09-07T16:05:37.451+0000] {processor.py:179} INFO - Processing /home/airflow/.local/lib/python3.8/site-packages/airflow/example_dags/example_sensors.py took 0.149 seconds
[2023-09-07T16:06:08.471+0000] {processor.py:157} INFO - Started process (PID=3846) to work on /home/airflow/.local/lib/python3.8/site-packages/airflow/example_dags/example_sensors.py
[2023-09-07T16:06:08.474+0000] {processor.py:829} INFO - Processing file /home/airflow/.local/lib/python3.8/site-packages/airflow/example_dags/example_sensors.py for tasks to queue
[2023-09-07T16:06:08.475+0000] {logging_mixin.py:151} INFO - [2023-09-07T16:06:08.475+0000] {dagbag.py:539} INFO - Filling up the DagBag from /home/airflow/.local/lib/python3.8/site-packages/airflow/example_dags/example_sensors.py
[2023-09-07T16:06:08.492+0000] {processor.py:839} INFO - DAG(s) dict_keys(['example_sensors']) retrieved from /home/airflow/.local/lib/python3.8/site-packages/airflow/example_dags/example_sensors.py
[2023-09-07T16:06:08.524+0000] {logging_mixin.py:151} INFO - [2023-09-07T16:06:08.524+0000] {dag.py:2907} INFO - Sync 1 DAGs
[2023-09-07T16:06:08.543+0000] {logging_mixin.py:151} INFO - [2023-09-07T16:06:08.543+0000] {dag.py:3677} INFO - Setting next_dagrun for example_sensors to None, run_after=None
[2023-09-07T16:06:08.567+0000] {processor.py:179} INFO - Processing /home/airflow/.local/lib/python3.8/site-packages/airflow/example_dags/example_sensors.py took 0.101 seconds
[2023-09-07T16:06:39.503+0000] {processor.py:157} INFO - Started process (PID=4086) to work on /home/airflow/.local/lib/python3.8/site-packages/airflow/example_dags/example_sensors.py
[2023-09-07T16:06:39.505+0000] {processor.py:829} INFO - Processing file /home/airflow/.local/lib/python3.8/site-packages/airflow/example_dags/example_sensors.py for tasks to queue
[2023-09-07T16:06:39.507+0000] {logging_mixin.py:151} INFO - [2023-09-07T16:06:39.507+0000] {dagbag.py:539} INFO - Filling up the DagBag from /home/airflow/.local/lib/python3.8/site-packages/airflow/example_dags/example_sensors.py
[2023-09-07T16:06:39.515+0000] {processor.py:839} INFO - DAG(s) dict_keys(['example_sensors']) retrieved from /home/airflow/.local/lib/python3.8/site-packages/airflow/example_dags/example_sensors.py
[2023-09-07T16:06:39.535+0000] {logging_mixin.py:151} INFO - [2023-09-07T16:06:39.535+0000] {dag.py:2907} INFO - Sync 1 DAGs
[2023-09-07T16:06:39.543+0000] {logging_mixin.py:151} INFO - [2023-09-07T16:06:39.542+0000] {dag.py:3677} INFO - Setting next_dagrun for example_sensors to None, run_after=None
[2023-09-07T16:06:39.554+0000] {processor.py:179} INFO - Processing /home/airflow/.local/lib/python3.8/site-packages/airflow/example_dags/example_sensors.py took 0.054 seconds
[2023-09-07T16:07:10.212+0000] {processor.py:157} INFO - Started process (PID=4322) to work on /home/airflow/.local/lib/python3.8/site-packages/airflow/example_dags/example_sensors.py
[2023-09-07T16:07:10.214+0000] {processor.py:829} INFO - Processing file /home/airflow/.local/lib/python3.8/site-packages/airflow/example_dags/example_sensors.py for tasks to queue
[2023-09-07T16:07:10.215+0000] {logging_mixin.py:151} INFO - [2023-09-07T16:07:10.215+0000] {dagbag.py:539} INFO - Filling up the DagBag from /home/airflow/.local/lib/python3.8/site-packages/airflow/example_dags/example_sensors.py
[2023-09-07T16:07:10.224+0000] {processor.py:839} INFO - DAG(s) dict_keys(['example_sensors']) retrieved from /home/airflow/.local/lib/python3.8/site-packages/airflow/example_dags/example_sensors.py
[2023-09-07T16:07:10.247+0000] {logging_mixin.py:151} INFO - [2023-09-07T16:07:10.247+0000] {dag.py:2907} INFO - Sync 1 DAGs
[2023-09-07T16:07:10.257+0000] {logging_mixin.py:151} INFO - [2023-09-07T16:07:10.257+0000] {dag.py:3677} INFO - Setting next_dagrun for example_sensors to None, run_after=None
[2023-09-07T16:07:10.267+0000] {processor.py:179} INFO - Processing /home/airflow/.local/lib/python3.8/site-packages/airflow/example_dags/example_sensors.py took 0.058 seconds
[2023-09-07T16:07:41.432+0000] {processor.py:157} INFO - Started process (PID=4560) to work on /home/airflow/.local/lib/python3.8/site-packages/airflow/example_dags/example_sensors.py
[2023-09-07T16:07:41.434+0000] {processor.py:829} INFO - Processing file /home/airflow/.local/lib/python3.8/site-packages/airflow/example_dags/example_sensors.py for tasks to queue
[2023-09-07T16:07:41.435+0000] {logging_mixin.py:151} INFO - [2023-09-07T16:07:41.435+0000] {dagbag.py:539} INFO - Filling up the DagBag from /home/airflow/.local/lib/python3.8/site-packages/airflow/example_dags/example_sensors.py
[2023-09-07T16:07:41.446+0000] {processor.py:839} INFO - DAG(s) dict_keys(['example_sensors']) retrieved from /home/airflow/.local/lib/python3.8/site-packages/airflow/example_dags/example_sensors.py
[2023-09-07T16:07:41.484+0000] {logging_mixin.py:151} INFO - [2023-09-07T16:07:41.484+0000] {dag.py:2907} INFO - Sync 1 DAGs
[2023-09-07T16:07:41.500+0000] {logging_mixin.py:151} INFO - [2023-09-07T16:07:41.500+0000] {dag.py:3677} INFO - Setting next_dagrun for example_sensors to None, run_after=None
[2023-09-07T16:07:41.517+0000] {processor.py:179} INFO - Processing /home/airflow/.local/lib/python3.8/site-packages/airflow/example_dags/example_sensors.py took 0.089 seconds
[2023-09-07T16:08:12.390+0000] {processor.py:157} INFO - Started process (PID=4798) to work on /home/airflow/.local/lib/python3.8/site-packages/airflow/example_dags/example_sensors.py
[2023-09-07T16:08:12.395+0000] {processor.py:829} INFO - Processing file /home/airflow/.local/lib/python3.8/site-packages/airflow/example_dags/example_sensors.py for tasks to queue
[2023-09-07T16:08:12.401+0000] {logging_mixin.py:151} INFO - [2023-09-07T16:08:12.400+0000] {dagbag.py:539} INFO - Filling up the DagBag from /home/airflow/.local/lib/python3.8/site-packages/airflow/example_dags/example_sensors.py
[2023-09-07T16:08:12.432+0000] {processor.py:839} INFO - DAG(s) dict_keys(['example_sensors']) retrieved from /home/airflow/.local/lib/python3.8/site-packages/airflow/example_dags/example_sensors.py
[2023-09-07T16:08:12.489+0000] {logging_mixin.py:151} INFO - [2023-09-07T16:08:12.489+0000] {dag.py:2907} INFO - Sync 1 DAGs
[2023-09-07T16:08:12.501+0000] {logging_mixin.py:151} INFO - [2023-09-07T16:08:12.500+0000] {dag.py:3677} INFO - Setting next_dagrun for example_sensors to None, run_after=None
[2023-09-07T16:08:12.512+0000] {processor.py:179} INFO - Processing /home/airflow/.local/lib/python3.8/site-packages/airflow/example_dags/example_sensors.py took 0.127 seconds
[2023-09-07T16:08:43.130+0000] {processor.py:157} INFO - Started process (PID=5036) to work on /home/airflow/.local/lib/python3.8/site-packages/airflow/example_dags/example_sensors.py
[2023-09-07T16:08:43.131+0000] {processor.py:829} INFO - Processing file /home/airflow/.local/lib/python3.8/site-packages/airflow/example_dags/example_sensors.py for tasks to queue
[2023-09-07T16:08:43.136+0000] {logging_mixin.py:151} INFO - [2023-09-07T16:08:43.135+0000] {dagbag.py:539} INFO - Filling up the DagBag from /home/airflow/.local/lib/python3.8/site-packages/airflow/example_dags/example_sensors.py
[2023-09-07T16:08:43.143+0000] {processor.py:839} INFO - DAG(s) dict_keys(['example_sensors']) retrieved from /home/airflow/.local/lib/python3.8/site-packages/airflow/example_dags/example_sensors.py
[2023-09-07T16:08:43.164+0000] {logging_mixin.py:151} INFO - [2023-09-07T16:08:43.164+0000] {dag.py:2907} INFO - Sync 1 DAGs
[2023-09-07T16:08:43.173+0000] {logging_mixin.py:151} INFO - [2023-09-07T16:08:43.173+0000] {dag.py:3677} INFO - Setting next_dagrun for example_sensors to None, run_after=None
[2023-09-07T16:08:43.186+0000] {processor.py:179} INFO - Processing /home/airflow/.local/lib/python3.8/site-packages/airflow/example_dags/example_sensors.py took 0.059 seconds
[2023-09-07T16:09:13.705+0000] {processor.py:157} INFO - Started process (PID=5276) to work on /home/airflow/.local/lib/python3.8/site-packages/airflow/example_dags/example_sensors.py
[2023-09-07T16:09:13.706+0000] {processor.py:829} INFO - Processing file /home/airflow/.local/lib/python3.8/site-packages/airflow/example_dags/example_sensors.py for tasks to queue
[2023-09-07T16:09:13.707+0000] {logging_mixin.py:151} INFO - [2023-09-07T16:09:13.706+0000] {dagbag.py:539} INFO - Filling up the DagBag from /home/airflow/.local/lib/python3.8/site-packages/airflow/example_dags/example_sensors.py
[2023-09-07T16:09:13.714+0000] {processor.py:839} INFO - DAG(s) dict_keys(['example_sensors']) retrieved from /home/airflow/.local/lib/python3.8/site-packages/airflow/example_dags/example_sensors.py
[2023-09-07T16:09:13.732+0000] {logging_mixin.py:151} INFO - [2023-09-07T16:09:13.732+0000] {dag.py:2907} INFO - Sync 1 DAGs
[2023-09-07T16:09:13.740+0000] {logging_mixin.py:151} INFO - [2023-09-07T16:09:13.740+0000] {dag.py:3677} INFO - Setting next_dagrun for example_sensors to None, run_after=None
[2023-09-07T16:09:13.749+0000] {processor.py:179} INFO - Processing /home/airflow/.local/lib/python3.8/site-packages/airflow/example_dags/example_sensors.py took 0.047 seconds
[2023-09-07T16:09:43.853+0000] {processor.py:157} INFO - Started process (PID=5512) to work on /home/airflow/.local/lib/python3.8/site-packages/airflow/example_dags/example_sensors.py
[2023-09-07T16:09:43.855+0000] {processor.py:829} INFO - Processing file /home/airflow/.local/lib/python3.8/site-packages/airflow/example_dags/example_sensors.py for tasks to queue
[2023-09-07T16:09:43.857+0000] {logging_mixin.py:151} INFO - [2023-09-07T16:09:43.856+0000] {dagbag.py:539} INFO - Filling up the DagBag from /home/airflow/.local/lib/python3.8/site-packages/airflow/example_dags/example_sensors.py
[2023-09-07T16:09:43.866+0000] {processor.py:839} INFO - DAG(s) dict_keys(['example_sensors']) retrieved from /home/airflow/.local/lib/python3.8/site-packages/airflow/example_dags/example_sensors.py
[2023-09-07T16:09:43.895+0000] {logging_mixin.py:151} INFO - [2023-09-07T16:09:43.895+0000] {dag.py:2907} INFO - Sync 1 DAGs
[2023-09-07T16:09:43.904+0000] {logging_mixin.py:151} INFO - [2023-09-07T16:09:43.904+0000] {dag.py:3677} INFO - Setting next_dagrun for example_sensors to None, run_after=None
[2023-09-07T16:09:43.915+0000] {processor.py:179} INFO - Processing /home/airflow/.local/lib/python3.8/site-packages/airflow/example_dags/example_sensors.py took 0.066 seconds
[2023-09-07T16:10:14.720+0000] {processor.py:157} INFO - Started process (PID=5750) to work on /home/airflow/.local/lib/python3.8/site-packages/airflow/example_dags/example_sensors.py
[2023-09-07T16:10:14.721+0000] {processor.py:829} INFO - Processing file /home/airflow/.local/lib/python3.8/site-packages/airflow/example_dags/example_sensors.py for tasks to queue
[2023-09-07T16:10:14.722+0000] {logging_mixin.py:151} INFO - [2023-09-07T16:10:14.722+0000] {dagbag.py:539} INFO - Filling up the DagBag from /home/airflow/.local/lib/python3.8/site-packages/airflow/example_dags/example_sensors.py
[2023-09-07T16:10:14.730+0000] {processor.py:839} INFO - DAG(s) dict_keys(['example_sensors']) retrieved from /home/airflow/.local/lib/python3.8/site-packages/airflow/example_dags/example_sensors.py
[2023-09-07T16:10:14.755+0000] {logging_mixin.py:151} INFO - [2023-09-07T16:10:14.755+0000] {dag.py:2907} INFO - Sync 1 DAGs
[2023-09-07T16:10:14.766+0000] {logging_mixin.py:151} INFO - [2023-09-07T16:10:14.766+0000] {dag.py:3677} INFO - Setting next_dagrun for example_sensors to None, run_after=None
[2023-09-07T16:10:14.781+0000] {processor.py:179} INFO - Processing /home/airflow/.local/lib/python3.8/site-packages/airflow/example_dags/example_sensors.py took 0.064 seconds
[2023-09-07T16:10:45.315+0000] {processor.py:157} INFO - Started process (PID=5987) to work on /home/airflow/.local/lib/python3.8/site-packages/airflow/example_dags/example_sensors.py
[2023-09-07T16:10:45.316+0000] {processor.py:829} INFO - Processing file /home/airflow/.local/lib/python3.8/site-packages/airflow/example_dags/example_sensors.py for tasks to queue
[2023-09-07T16:10:45.317+0000] {logging_mixin.py:151} INFO - [2023-09-07T16:10:45.317+0000] {dagbag.py:539} INFO - Filling up the DagBag from /home/airflow/.local/lib/python3.8/site-packages/airflow/example_dags/example_sensors.py
[2023-09-07T16:10:45.326+0000] {processor.py:839} INFO - DAG(s) dict_keys(['example_sensors']) retrieved from /home/airflow/.local/lib/python3.8/site-packages/airflow/example_dags/example_sensors.py
[2023-09-07T16:10:45.345+0000] {logging_mixin.py:151} INFO - [2023-09-07T16:10:45.345+0000] {dag.py:2907} INFO - Sync 1 DAGs
[2023-09-07T16:10:45.355+0000] {logging_mixin.py:151} INFO - [2023-09-07T16:10:45.354+0000] {dag.py:3677} INFO - Setting next_dagrun for example_sensors to None, run_after=None
[2023-09-07T16:10:45.368+0000] {processor.py:179} INFO - Processing /home/airflow/.local/lib/python3.8/site-packages/airflow/example_dags/example_sensors.py took 0.056 seconds
[2023-09-07T16:11:17.193+0000] {processor.py:157} INFO - Started process (PID=6225) to work on /home/airflow/.local/lib/python3.8/site-packages/airflow/example_dags/example_sensors.py
[2023-09-07T16:11:17.194+0000] {processor.py:829} INFO - Processing file /home/airflow/.local/lib/python3.8/site-packages/airflow/example_dags/example_sensors.py for tasks to queue
[2023-09-07T16:11:17.196+0000] {logging_mixin.py:151} INFO - [2023-09-07T16:11:17.195+0000] {dagbag.py:539} INFO - Filling up the DagBag from /home/airflow/.local/lib/python3.8/site-packages/airflow/example_dags/example_sensors.py
[2023-09-07T16:11:17.206+0000] {processor.py:839} INFO - DAG(s) dict_keys(['example_sensors']) retrieved from /home/airflow/.local/lib/python3.8/site-packages/airflow/example_dags/example_sensors.py
[2023-09-07T16:11:17.239+0000] {logging_mixin.py:151} INFO - [2023-09-07T16:11:17.238+0000] {dag.py:2907} INFO - Sync 1 DAGs
[2023-09-07T16:11:17.251+0000] {logging_mixin.py:151} INFO - [2023-09-07T16:11:17.251+0000] {dag.py:3677} INFO - Setting next_dagrun for example_sensors to None, run_after=None
[2023-09-07T16:11:17.265+0000] {processor.py:179} INFO - Processing /home/airflow/.local/lib/python3.8/site-packages/airflow/example_dags/example_sensors.py took 0.075 seconds
[2023-09-07T16:11:48.342+0000] {processor.py:157} INFO - Started process (PID=6465) to work on /home/airflow/.local/lib/python3.8/site-packages/airflow/example_dags/example_sensors.py
[2023-09-07T16:11:48.344+0000] {processor.py:829} INFO - Processing file /home/airflow/.local/lib/python3.8/site-packages/airflow/example_dags/example_sensors.py for tasks to queue
[2023-09-07T16:11:48.345+0000] {logging_mixin.py:151} INFO - [2023-09-07T16:11:48.344+0000] {dagbag.py:539} INFO - Filling up the DagBag from /home/airflow/.local/lib/python3.8/site-packages/airflow/example_dags/example_sensors.py
[2023-09-07T16:11:48.352+0000] {processor.py:839} INFO - DAG(s) dict_keys(['example_sensors']) retrieved from /home/airflow/.local/lib/python3.8/site-packages/airflow/example_dags/example_sensors.py
[2023-09-07T16:11:48.396+0000] {logging_mixin.py:151} INFO - [2023-09-07T16:11:48.396+0000] {dag.py:2907} INFO - Sync 1 DAGs
[2023-09-07T16:11:48.410+0000] {logging_mixin.py:151} INFO - [2023-09-07T16:11:48.410+0000] {dag.py:3677} INFO - Setting next_dagrun for example_sensors to None, run_after=None
[2023-09-07T16:11:48.423+0000] {processor.py:179} INFO - Processing /home/airflow/.local/lib/python3.8/site-packages/airflow/example_dags/example_sensors.py took 0.084 seconds
[2023-09-07T16:12:18.847+0000] {processor.py:157} INFO - Started process (PID=6703) to work on /home/airflow/.local/lib/python3.8/site-packages/airflow/example_dags/example_sensors.py
[2023-09-07T16:12:18.848+0000] {processor.py:829} INFO - Processing file /home/airflow/.local/lib/python3.8/site-packages/airflow/example_dags/example_sensors.py for tasks to queue
[2023-09-07T16:12:18.849+0000] {logging_mixin.py:151} INFO - [2023-09-07T16:12:18.848+0000] {dagbag.py:539} INFO - Filling up the DagBag from /home/airflow/.local/lib/python3.8/site-packages/airflow/example_dags/example_sensors.py
[2023-09-07T16:12:18.857+0000] {processor.py:839} INFO - DAG(s) dict_keys(['example_sensors']) retrieved from /home/airflow/.local/lib/python3.8/site-packages/airflow/example_dags/example_sensors.py
[2023-09-07T16:12:18.879+0000] {logging_mixin.py:151} INFO - [2023-09-07T16:12:18.879+0000] {dag.py:2907} INFO - Sync 1 DAGs
[2023-09-07T16:12:18.887+0000] {logging_mixin.py:151} INFO - [2023-09-07T16:12:18.887+0000] {dag.py:3677} INFO - Setting next_dagrun for example_sensors to None, run_after=None
[2023-09-07T16:12:18.898+0000] {processor.py:179} INFO - Processing /home/airflow/.local/lib/python3.8/site-packages/airflow/example_dags/example_sensors.py took 0.054 seconds
[2023-09-07T16:12:49.060+0000] {processor.py:157} INFO - Started process (PID=6940) to work on /home/airflow/.local/lib/python3.8/site-packages/airflow/example_dags/example_sensors.py
[2023-09-07T16:12:49.061+0000] {processor.py:829} INFO - Processing file /home/airflow/.local/lib/python3.8/site-packages/airflow/example_dags/example_sensors.py for tasks to queue
[2023-09-07T16:12:49.070+0000] {logging_mixin.py:151} INFO - [2023-09-07T16:12:49.069+0000] {dagbag.py:539} INFO - Filling up the DagBag from /home/airflow/.local/lib/python3.8/site-packages/airflow/example_dags/example_sensors.py
[2023-09-07T16:12:49.089+0000] {processor.py:839} INFO - DAG(s) dict_keys(['example_sensors']) retrieved from /home/airflow/.local/lib/python3.8/site-packages/airflow/example_dags/example_sensors.py
[2023-09-07T16:12:49.121+0000] {logging_mixin.py:151} INFO - [2023-09-07T16:12:49.121+0000] {dag.py:2907} INFO - Sync 1 DAGs
[2023-09-07T16:12:49.130+0000] {logging_mixin.py:151} INFO - [2023-09-07T16:12:49.130+0000] {dag.py:3677} INFO - Setting next_dagrun for example_sensors to None, run_after=None
[2023-09-07T16:12:49.142+0000] {processor.py:179} INFO - Processing /home/airflow/.local/lib/python3.8/site-packages/airflow/example_dags/example_sensors.py took 0.086 seconds
[2023-09-07T16:13:20.098+0000] {processor.py:157} INFO - Started process (PID=7186) to work on /home/airflow/.local/lib/python3.8/site-packages/airflow/example_dags/example_sensors.py
[2023-09-07T16:13:20.099+0000] {processor.py:829} INFO - Processing file /home/airflow/.local/lib/python3.8/site-packages/airflow/example_dags/example_sensors.py for tasks to queue
[2023-09-07T16:13:20.100+0000] {logging_mixin.py:151} INFO - [2023-09-07T16:13:20.100+0000] {dagbag.py:539} INFO - Filling up the DagBag from /home/airflow/.local/lib/python3.8/site-packages/airflow/example_dags/example_sensors.py
[2023-09-07T16:13:20.108+0000] {processor.py:839} INFO - DAG(s) dict_keys(['example_sensors']) retrieved from /home/airflow/.local/lib/python3.8/site-packages/airflow/example_dags/example_sensors.py
[2023-09-07T16:13:20.129+0000] {logging_mixin.py:151} INFO - [2023-09-07T16:13:20.129+0000] {dag.py:2907} INFO - Sync 1 DAGs
[2023-09-07T16:13:20.142+0000] {logging_mixin.py:151} INFO - [2023-09-07T16:13:20.142+0000] {dag.py:3677} INFO - Setting next_dagrun for example_sensors to None, run_after=None
[2023-09-07T16:13:20.155+0000] {processor.py:179} INFO - Processing /home/airflow/.local/lib/python3.8/site-packages/airflow/example_dags/example_sensors.py took 0.060 seconds
[2023-09-07T16:13:50.975+0000] {processor.py:157} INFO - Started process (PID=7424) to work on /home/airflow/.local/lib/python3.8/site-packages/airflow/example_dags/example_sensors.py
[2023-09-07T16:13:50.977+0000] {processor.py:829} INFO - Processing file /home/airflow/.local/lib/python3.8/site-packages/airflow/example_dags/example_sensors.py for tasks to queue
[2023-09-07T16:13:50.978+0000] {logging_mixin.py:151} INFO - [2023-09-07T16:13:50.978+0000] {dagbag.py:539} INFO - Filling up the DagBag from /home/airflow/.local/lib/python3.8/site-packages/airflow/example_dags/example_sensors.py
[2023-09-07T16:13:50.989+0000] {processor.py:839} INFO - DAG(s) dict_keys(['example_sensors']) retrieved from /home/airflow/.local/lib/python3.8/site-packages/airflow/example_dags/example_sensors.py
[2023-09-07T16:13:51.018+0000] {logging_mixin.py:151} INFO - [2023-09-07T16:13:51.018+0000] {dag.py:2907} INFO - Sync 1 DAGs
[2023-09-07T16:13:51.028+0000] {logging_mixin.py:151} INFO - [2023-09-07T16:13:51.028+0000] {dag.py:3677} INFO - Setting next_dagrun for example_sensors to None, run_after=None
[2023-09-07T16:13:51.040+0000] {processor.py:179} INFO - Processing /home/airflow/.local/lib/python3.8/site-packages/airflow/example_dags/example_sensors.py took 0.076 seconds
[2023-09-07T16:14:21.318+0000] {processor.py:157} INFO - Started process (PID=7663) to work on /home/airflow/.local/lib/python3.8/site-packages/airflow/example_dags/example_sensors.py
[2023-09-07T16:14:21.320+0000] {processor.py:829} INFO - Processing file /home/airflow/.local/lib/python3.8/site-packages/airflow/example_dags/example_sensors.py for tasks to queue
[2023-09-07T16:14:21.321+0000] {logging_mixin.py:151} INFO - [2023-09-07T16:14:21.320+0000] {dagbag.py:539} INFO - Filling up the DagBag from /home/airflow/.local/lib/python3.8/site-packages/airflow/example_dags/example_sensors.py
[2023-09-07T16:14:21.331+0000] {processor.py:839} INFO - DAG(s) dict_keys(['example_sensors']) retrieved from /home/airflow/.local/lib/python3.8/site-packages/airflow/example_dags/example_sensors.py
[2023-09-07T16:14:21.356+0000] {logging_mixin.py:151} INFO - [2023-09-07T16:14:21.355+0000] {dag.py:2907} INFO - Sync 1 DAGs
[2023-09-07T16:14:21.390+0000] {logging_mixin.py:151} INFO - [2023-09-07T16:14:21.390+0000] {dag.py:3677} INFO - Setting next_dagrun for example_sensors to None, run_after=None
[2023-09-07T16:14:21.417+0000] {processor.py:179} INFO - Processing /home/airflow/.local/lib/python3.8/site-packages/airflow/example_dags/example_sensors.py took 0.103 seconds
[2023-09-07T16:14:52.571+0000] {processor.py:157} INFO - Started process (PID=7903) to work on /home/airflow/.local/lib/python3.8/site-packages/airflow/example_dags/example_sensors.py
[2023-09-07T16:14:52.574+0000] {processor.py:829} INFO - Processing file /home/airflow/.local/lib/python3.8/site-packages/airflow/example_dags/example_sensors.py for tasks to queue
[2023-09-07T16:14:52.576+0000] {logging_mixin.py:151} INFO - [2023-09-07T16:14:52.575+0000] {dagbag.py:539} INFO - Filling up the DagBag from /home/airflow/.local/lib/python3.8/site-packages/airflow/example_dags/example_sensors.py
[2023-09-07T16:14:52.605+0000] {processor.py:839} INFO - DAG(s) dict_keys(['example_sensors']) retrieved from /home/airflow/.local/lib/python3.8/site-packages/airflow/example_dags/example_sensors.py
[2023-09-07T16:14:52.661+0000] {logging_mixin.py:151} INFO - [2023-09-07T16:14:52.661+0000] {dag.py:2907} INFO - Sync 1 DAGs
[2023-09-07T16:14:52.675+0000] {logging_mixin.py:151} INFO - [2023-09-07T16:14:52.675+0000] {dag.py:3677} INFO - Setting next_dagrun for example_sensors to None, run_after=None
[2023-09-07T16:14:52.701+0000] {processor.py:179} INFO - Processing /home/airflow/.local/lib/python3.8/site-packages/airflow/example_dags/example_sensors.py took 0.139 seconds
[2023-09-07T16:15:23.410+0000] {processor.py:157} INFO - Started process (PID=8140) to work on /home/airflow/.local/lib/python3.8/site-packages/airflow/example_dags/example_sensors.py
[2023-09-07T16:15:23.413+0000] {processor.py:829} INFO - Processing file /home/airflow/.local/lib/python3.8/site-packages/airflow/example_dags/example_sensors.py for tasks to queue
[2023-09-07T16:15:23.415+0000] {logging_mixin.py:151} INFO - [2023-09-07T16:15:23.414+0000] {dagbag.py:539} INFO - Filling up the DagBag from /home/airflow/.local/lib/python3.8/site-packages/airflow/example_dags/example_sensors.py
[2023-09-07T16:15:23.445+0000] {processor.py:839} INFO - DAG(s) dict_keys(['example_sensors']) retrieved from /home/airflow/.local/lib/python3.8/site-packages/airflow/example_dags/example_sensors.py
[2023-09-07T16:15:23.499+0000] {logging_mixin.py:151} INFO - [2023-09-07T16:15:23.499+0000] {dag.py:2907} INFO - Sync 1 DAGs
[2023-09-07T16:15:23.530+0000] {logging_mixin.py:151} INFO - [2023-09-07T16:15:23.529+0000] {dag.py:3677} INFO - Setting next_dagrun for example_sensors to None, run_after=None
[2023-09-07T16:15:23.547+0000] {processor.py:179} INFO - Processing /home/airflow/.local/lib/python3.8/site-packages/airflow/example_dags/example_sensors.py took 0.149 seconds
[2023-09-07T16:15:54.437+0000] {processor.py:157} INFO - Started process (PID=8378) to work on /home/airflow/.local/lib/python3.8/site-packages/airflow/example_dags/example_sensors.py
[2023-09-07T16:15:54.439+0000] {processor.py:829} INFO - Processing file /home/airflow/.local/lib/python3.8/site-packages/airflow/example_dags/example_sensors.py for tasks to queue
[2023-09-07T16:15:54.440+0000] {logging_mixin.py:151} INFO - [2023-09-07T16:15:54.440+0000] {dagbag.py:539} INFO - Filling up the DagBag from /home/airflow/.local/lib/python3.8/site-packages/airflow/example_dags/example_sensors.py
[2023-09-07T16:15:54.452+0000] {processor.py:839} INFO - DAG(s) dict_keys(['example_sensors']) retrieved from /home/airflow/.local/lib/python3.8/site-packages/airflow/example_dags/example_sensors.py
[2023-09-07T16:15:54.477+0000] {logging_mixin.py:151} INFO - [2023-09-07T16:15:54.477+0000] {dag.py:2907} INFO - Sync 1 DAGs
[2023-09-07T16:15:54.484+0000] {logging_mixin.py:151} INFO - [2023-09-07T16:15:54.484+0000] {dag.py:3677} INFO - Setting next_dagrun for example_sensors to None, run_after=None
[2023-09-07T16:15:54.496+0000] {processor.py:179} INFO - Processing /home/airflow/.local/lib/python3.8/site-packages/airflow/example_dags/example_sensors.py took 0.065 seconds
[2023-09-07T16:16:25.162+0000] {processor.py:157} INFO - Started process (PID=8616) to work on /home/airflow/.local/lib/python3.8/site-packages/airflow/example_dags/example_sensors.py
[2023-09-07T16:16:25.164+0000] {processor.py:829} INFO - Processing file /home/airflow/.local/lib/python3.8/site-packages/airflow/example_dags/example_sensors.py for tasks to queue
[2023-09-07T16:16:25.166+0000] {logging_mixin.py:151} INFO - [2023-09-07T16:16:25.166+0000] {dagbag.py:539} INFO - Filling up the DagBag from /home/airflow/.local/lib/python3.8/site-packages/airflow/example_dags/example_sensors.py
[2023-09-07T16:16:25.190+0000] {processor.py:839} INFO - DAG(s) dict_keys(['example_sensors']) retrieved from /home/airflow/.local/lib/python3.8/site-packages/airflow/example_dags/example_sensors.py
[2023-09-07T16:16:25.214+0000] {logging_mixin.py:151} INFO - [2023-09-07T16:16:25.214+0000] {dag.py:2907} INFO - Sync 1 DAGs
[2023-09-07T16:16:25.222+0000] {logging_mixin.py:151} INFO - [2023-09-07T16:16:25.221+0000] {dag.py:3677} INFO - Setting next_dagrun for example_sensors to None, run_after=None
[2023-09-07T16:16:25.232+0000] {processor.py:179} INFO - Processing /home/airflow/.local/lib/python3.8/site-packages/airflow/example_dags/example_sensors.py took 0.076 seconds
[2023-09-07T16:16:55.527+0000] {processor.py:157} INFO - Started process (PID=8854) to work on /home/airflow/.local/lib/python3.8/site-packages/airflow/example_dags/example_sensors.py
[2023-09-07T16:16:55.530+0000] {processor.py:829} INFO - Processing file /home/airflow/.local/lib/python3.8/site-packages/airflow/example_dags/example_sensors.py for tasks to queue
[2023-09-07T16:16:55.532+0000] {logging_mixin.py:151} INFO - [2023-09-07T16:16:55.531+0000] {dagbag.py:539} INFO - Filling up the DagBag from /home/airflow/.local/lib/python3.8/site-packages/airflow/example_dags/example_sensors.py
[2023-09-07T16:16:55.546+0000] {processor.py:839} INFO - DAG(s) dict_keys(['example_sensors']) retrieved from /home/airflow/.local/lib/python3.8/site-packages/airflow/example_dags/example_sensors.py
[2023-09-07T16:16:55.571+0000] {logging_mixin.py:151} INFO - [2023-09-07T16:16:55.571+0000] {dag.py:2907} INFO - Sync 1 DAGs
[2023-09-07T16:16:55.585+0000] {logging_mixin.py:151} INFO - [2023-09-07T16:16:55.585+0000] {dag.py:3677} INFO - Setting next_dagrun for example_sensors to None, run_after=None
[2023-09-07T16:16:55.598+0000] {processor.py:179} INFO - Processing /home/airflow/.local/lib/python3.8/site-packages/airflow/example_dags/example_sensors.py took 0.076 seconds
[2023-09-07T16:17:25.854+0000] {processor.py:157} INFO - Started process (PID=9092) to work on /home/airflow/.local/lib/python3.8/site-packages/airflow/example_dags/example_sensors.py
[2023-09-07T16:17:25.855+0000] {processor.py:829} INFO - Processing file /home/airflow/.local/lib/python3.8/site-packages/airflow/example_dags/example_sensors.py for tasks to queue
[2023-09-07T16:17:25.856+0000] {logging_mixin.py:151} INFO - [2023-09-07T16:17:25.856+0000] {dagbag.py:539} INFO - Filling up the DagBag from /home/airflow/.local/lib/python3.8/site-packages/airflow/example_dags/example_sensors.py
[2023-09-07T16:17:25.865+0000] {processor.py:839} INFO - DAG(s) dict_keys(['example_sensors']) retrieved from /home/airflow/.local/lib/python3.8/site-packages/airflow/example_dags/example_sensors.py
[2023-09-07T16:17:25.886+0000] {logging_mixin.py:151} INFO - [2023-09-07T16:17:25.886+0000] {dag.py:2907} INFO - Sync 1 DAGs
[2023-09-07T16:17:25.895+0000] {logging_mixin.py:151} INFO - [2023-09-07T16:17:25.895+0000] {dag.py:3677} INFO - Setting next_dagrun for example_sensors to None, run_after=None
[2023-09-07T16:17:25.906+0000] {processor.py:179} INFO - Processing /home/airflow/.local/lib/python3.8/site-packages/airflow/example_dags/example_sensors.py took 0.055 seconds
[2023-09-07T16:17:56.893+0000] {processor.py:157} INFO - Started process (PID=9328) to work on /home/airflow/.local/lib/python3.8/site-packages/airflow/example_dags/example_sensors.py
[2023-09-07T16:17:56.896+0000] {processor.py:829} INFO - Processing file /home/airflow/.local/lib/python3.8/site-packages/airflow/example_dags/example_sensors.py for tasks to queue
[2023-09-07T16:17:56.899+0000] {logging_mixin.py:151} INFO - [2023-09-07T16:17:56.898+0000] {dagbag.py:539} INFO - Filling up the DagBag from /home/airflow/.local/lib/python3.8/site-packages/airflow/example_dags/example_sensors.py
[2023-09-07T16:17:56.919+0000] {processor.py:839} INFO - DAG(s) dict_keys(['example_sensors']) retrieved from /home/airflow/.local/lib/python3.8/site-packages/airflow/example_dags/example_sensors.py
[2023-09-07T16:17:56.945+0000] {logging_mixin.py:151} INFO - [2023-09-07T16:17:56.945+0000] {dag.py:2907} INFO - Sync 1 DAGs
[2023-09-07T16:17:56.963+0000] {logging_mixin.py:151} INFO - [2023-09-07T16:17:56.963+0000] {dag.py:3677} INFO - Setting next_dagrun for example_sensors to None, run_after=None
[2023-09-07T16:17:56.991+0000] {processor.py:179} INFO - Processing /home/airflow/.local/lib/python3.8/site-packages/airflow/example_dags/example_sensors.py took 0.114 seconds
[2023-09-07T16:18:28.055+0000] {processor.py:157} INFO - Started process (PID=9567) to work on /home/airflow/.local/lib/python3.8/site-packages/airflow/example_dags/example_sensors.py
[2023-09-07T16:18:28.062+0000] {processor.py:829} INFO - Processing file /home/airflow/.local/lib/python3.8/site-packages/airflow/example_dags/example_sensors.py for tasks to queue
[2023-09-07T16:18:28.066+0000] {logging_mixin.py:151} INFO - [2023-09-07T16:18:28.064+0000] {dagbag.py:539} INFO - Filling up the DagBag from /home/airflow/.local/lib/python3.8/site-packages/airflow/example_dags/example_sensors.py
[2023-09-07T16:18:28.086+0000] {processor.py:839} INFO - DAG(s) dict_keys(['example_sensors']) retrieved from /home/airflow/.local/lib/python3.8/site-packages/airflow/example_dags/example_sensors.py
[2023-09-07T16:18:28.116+0000] {logging_mixin.py:151} INFO - [2023-09-07T16:18:28.116+0000] {dag.py:2907} INFO - Sync 1 DAGs
[2023-09-07T16:18:28.127+0000] {logging_mixin.py:151} INFO - [2023-09-07T16:18:28.127+0000] {dag.py:3677} INFO - Setting next_dagrun for example_sensors to None, run_after=None
[2023-09-07T16:18:28.146+0000] {processor.py:179} INFO - Processing /home/airflow/.local/lib/python3.8/site-packages/airflow/example_dags/example_sensors.py took 0.104 seconds
[2023-09-07T16:18:58.331+0000] {processor.py:157} INFO - Started process (PID=9805) to work on /home/airflow/.local/lib/python3.8/site-packages/airflow/example_dags/example_sensors.py
[2023-09-07T16:18:58.334+0000] {processor.py:829} INFO - Processing file /home/airflow/.local/lib/python3.8/site-packages/airflow/example_dags/example_sensors.py for tasks to queue
[2023-09-07T16:18:58.335+0000] {logging_mixin.py:151} INFO - [2023-09-07T16:18:58.335+0000] {dagbag.py:539} INFO - Filling up the DagBag from /home/airflow/.local/lib/python3.8/site-packages/airflow/example_dags/example_sensors.py
[2023-09-07T16:18:58.352+0000] {processor.py:839} INFO - DAG(s) dict_keys(['example_sensors']) retrieved from /home/airflow/.local/lib/python3.8/site-packages/airflow/example_dags/example_sensors.py
[2023-09-07T16:18:58.411+0000] {logging_mixin.py:151} INFO - [2023-09-07T16:18:58.410+0000] {dag.py:2907} INFO - Sync 1 DAGs
[2023-09-07T16:18:58.443+0000] {logging_mixin.py:151} INFO - [2023-09-07T16:18:58.443+0000] {dag.py:3677} INFO - Setting next_dagrun for example_sensors to None, run_after=None
[2023-09-07T16:18:58.465+0000] {processor.py:179} INFO - Processing /home/airflow/.local/lib/python3.8/site-packages/airflow/example_dags/example_sensors.py took 0.140 seconds
[2023-09-07T16:19:28.734+0000] {processor.py:157} INFO - Started process (PID=10043) to work on /home/airflow/.local/lib/python3.8/site-packages/airflow/example_dags/example_sensors.py
[2023-09-07T16:19:28.740+0000] {processor.py:829} INFO - Processing file /home/airflow/.local/lib/python3.8/site-packages/airflow/example_dags/example_sensors.py for tasks to queue
[2023-09-07T16:19:28.744+0000] {logging_mixin.py:151} INFO - [2023-09-07T16:19:28.742+0000] {dagbag.py:539} INFO - Filling up the DagBag from /home/airflow/.local/lib/python3.8/site-packages/airflow/example_dags/example_sensors.py
[2023-09-07T16:19:28.765+0000] {processor.py:839} INFO - DAG(s) dict_keys(['example_sensors']) retrieved from /home/airflow/.local/lib/python3.8/site-packages/airflow/example_dags/example_sensors.py
[2023-09-07T16:19:28.810+0000] {logging_mixin.py:151} INFO - [2023-09-07T16:19:28.810+0000] {dag.py:2907} INFO - Sync 1 DAGs
[2023-09-07T16:19:28.823+0000] {logging_mixin.py:151} INFO - [2023-09-07T16:19:28.823+0000] {dag.py:3677} INFO - Setting next_dagrun for example_sensors to None, run_after=None
[2023-09-07T16:19:28.839+0000] {processor.py:179} INFO - Processing /home/airflow/.local/lib/python3.8/site-packages/airflow/example_dags/example_sensors.py took 0.116 seconds
[2023-09-07T16:19:59.108+0000] {processor.py:157} INFO - Started process (PID=10281) to work on /home/airflow/.local/lib/python3.8/site-packages/airflow/example_dags/example_sensors.py
[2023-09-07T16:19:59.110+0000] {processor.py:829} INFO - Processing file /home/airflow/.local/lib/python3.8/site-packages/airflow/example_dags/example_sensors.py for tasks to queue
[2023-09-07T16:19:59.113+0000] {logging_mixin.py:151} INFO - [2023-09-07T16:19:59.112+0000] {dagbag.py:539} INFO - Filling up the DagBag from /home/airflow/.local/lib/python3.8/site-packages/airflow/example_dags/example_sensors.py
[2023-09-07T16:19:59.142+0000] {processor.py:839} INFO - DAG(s) dict_keys(['example_sensors']) retrieved from /home/airflow/.local/lib/python3.8/site-packages/airflow/example_dags/example_sensors.py
[2023-09-07T16:19:59.186+0000] {logging_mixin.py:151} INFO - [2023-09-07T16:19:59.186+0000] {dag.py:2907} INFO - Sync 1 DAGs
[2023-09-07T16:19:59.197+0000] {logging_mixin.py:151} INFO - [2023-09-07T16:19:59.197+0000] {dag.py:3677} INFO - Setting next_dagrun for example_sensors to None, run_after=None
[2023-09-07T16:19:59.237+0000] {processor.py:179} INFO - Processing /home/airflow/.local/lib/python3.8/site-packages/airflow/example_dags/example_sensors.py took 0.145 seconds
[2023-09-07T16:20:29.618+0000] {processor.py:157} INFO - Started process (PID=10519) to work on /home/airflow/.local/lib/python3.8/site-packages/airflow/example_dags/example_sensors.py
[2023-09-07T16:20:29.621+0000] {processor.py:829} INFO - Processing file /home/airflow/.local/lib/python3.8/site-packages/airflow/example_dags/example_sensors.py for tasks to queue
[2023-09-07T16:20:29.623+0000] {logging_mixin.py:151} INFO - [2023-09-07T16:20:29.622+0000] {dagbag.py:539} INFO - Filling up the DagBag from /home/airflow/.local/lib/python3.8/site-packages/airflow/example_dags/example_sensors.py
[2023-09-07T16:20:29.643+0000] {processor.py:839} INFO - DAG(s) dict_keys(['example_sensors']) retrieved from /home/airflow/.local/lib/python3.8/site-packages/airflow/example_dags/example_sensors.py
[2023-09-07T16:20:29.690+0000] {logging_mixin.py:151} INFO - [2023-09-07T16:20:29.690+0000] {dag.py:2907} INFO - Sync 1 DAGs
[2023-09-07T16:20:29.706+0000] {logging_mixin.py:151} INFO - [2023-09-07T16:20:29.706+0000] {dag.py:3677} INFO - Setting next_dagrun for example_sensors to None, run_after=None
[2023-09-07T16:20:29.736+0000] {processor.py:179} INFO - Processing /home/airflow/.local/lib/python3.8/site-packages/airflow/example_dags/example_sensors.py took 0.124 seconds
[2023-09-07T16:21:00.155+0000] {processor.py:157} INFO - Started process (PID=10756) to work on /home/airflow/.local/lib/python3.8/site-packages/airflow/example_dags/example_sensors.py
[2023-09-07T16:21:00.158+0000] {processor.py:829} INFO - Processing file /home/airflow/.local/lib/python3.8/site-packages/airflow/example_dags/example_sensors.py for tasks to queue
[2023-09-07T16:21:00.160+0000] {logging_mixin.py:151} INFO - [2023-09-07T16:21:00.160+0000] {dagbag.py:539} INFO - Filling up the DagBag from /home/airflow/.local/lib/python3.8/site-packages/airflow/example_dags/example_sensors.py
[2023-09-07T16:21:00.186+0000] {processor.py:839} INFO - DAG(s) dict_keys(['example_sensors']) retrieved from /home/airflow/.local/lib/python3.8/site-packages/airflow/example_dags/example_sensors.py
[2023-09-07T16:21:00.231+0000] {logging_mixin.py:151} INFO - [2023-09-07T16:21:00.231+0000] {dag.py:2907} INFO - Sync 1 DAGs
[2023-09-07T16:21:00.250+0000] {logging_mixin.py:151} INFO - [2023-09-07T16:21:00.249+0000] {dag.py:3677} INFO - Setting next_dagrun for example_sensors to None, run_after=None
[2023-09-07T16:21:00.267+0000] {processor.py:179} INFO - Processing /home/airflow/.local/lib/python3.8/site-packages/airflow/example_dags/example_sensors.py took 0.123 seconds
[2023-09-07T16:21:30.514+0000] {processor.py:157} INFO - Started process (PID=10994) to work on /home/airflow/.local/lib/python3.8/site-packages/airflow/example_dags/example_sensors.py
[2023-09-07T16:21:30.518+0000] {processor.py:829} INFO - Processing file /home/airflow/.local/lib/python3.8/site-packages/airflow/example_dags/example_sensors.py for tasks to queue
[2023-09-07T16:21:30.520+0000] {logging_mixin.py:151} INFO - [2023-09-07T16:21:30.519+0000] {dagbag.py:539} INFO - Filling up the DagBag from /home/airflow/.local/lib/python3.8/site-packages/airflow/example_dags/example_sensors.py
[2023-09-07T16:21:30.541+0000] {processor.py:839} INFO - DAG(s) dict_keys(['example_sensors']) retrieved from /home/airflow/.local/lib/python3.8/site-packages/airflow/example_dags/example_sensors.py
[2023-09-07T16:21:30.585+0000] {logging_mixin.py:151} INFO - [2023-09-07T16:21:30.585+0000] {dag.py:2907} INFO - Sync 1 DAGs
[2023-09-07T16:21:30.598+0000] {logging_mixin.py:151} INFO - [2023-09-07T16:21:30.598+0000] {dag.py:3677} INFO - Setting next_dagrun for example_sensors to None, run_after=None
[2023-09-07T16:21:30.615+0000] {processor.py:179} INFO - Processing /home/airflow/.local/lib/python3.8/site-packages/airflow/example_dags/example_sensors.py took 0.108 seconds
[2023-09-07T16:22:01.131+0000] {processor.py:157} INFO - Started process (PID=11232) to work on /home/airflow/.local/lib/python3.8/site-packages/airflow/example_dags/example_sensors.py
[2023-09-07T16:22:01.133+0000] {processor.py:829} INFO - Processing file /home/airflow/.local/lib/python3.8/site-packages/airflow/example_dags/example_sensors.py for tasks to queue
[2023-09-07T16:22:01.135+0000] {logging_mixin.py:151} INFO - [2023-09-07T16:22:01.134+0000] {dagbag.py:539} INFO - Filling up the DagBag from /home/airflow/.local/lib/python3.8/site-packages/airflow/example_dags/example_sensors.py
[2023-09-07T16:22:01.160+0000] {processor.py:839} INFO - DAG(s) dict_keys(['example_sensors']) retrieved from /home/airflow/.local/lib/python3.8/site-packages/airflow/example_dags/example_sensors.py
[2023-09-07T16:22:01.203+0000] {logging_mixin.py:151} INFO - [2023-09-07T16:22:01.203+0000] {dag.py:2907} INFO - Sync 1 DAGs
[2023-09-07T16:22:01.223+0000] {logging_mixin.py:151} INFO - [2023-09-07T16:22:01.223+0000] {dag.py:3677} INFO - Setting next_dagrun for example_sensors to None, run_after=None
[2023-09-07T16:22:01.239+0000] {processor.py:179} INFO - Processing /home/airflow/.local/lib/python3.8/site-packages/airflow/example_dags/example_sensors.py took 0.115 seconds
[2023-09-07T16:22:31.710+0000] {processor.py:157} INFO - Started process (PID=11469) to work on /home/airflow/.local/lib/python3.8/site-packages/airflow/example_dags/example_sensors.py
[2023-09-07T16:22:31.713+0000] {processor.py:829} INFO - Processing file /home/airflow/.local/lib/python3.8/site-packages/airflow/example_dags/example_sensors.py for tasks to queue
[2023-09-07T16:22:31.715+0000] {logging_mixin.py:151} INFO - [2023-09-07T16:22:31.714+0000] {dagbag.py:539} INFO - Filling up the DagBag from /home/airflow/.local/lib/python3.8/site-packages/airflow/example_dags/example_sensors.py
[2023-09-07T16:22:31.735+0000] {processor.py:839} INFO - DAG(s) dict_keys(['example_sensors']) retrieved from /home/airflow/.local/lib/python3.8/site-packages/airflow/example_dags/example_sensors.py
[2023-09-07T16:22:31.784+0000] {logging_mixin.py:151} INFO - [2023-09-07T16:22:31.784+0000] {dag.py:2907} INFO - Sync 1 DAGs
[2023-09-07T16:22:31.798+0000] {logging_mixin.py:151} INFO - [2023-09-07T16:22:31.798+0000] {dag.py:3677} INFO - Setting next_dagrun for example_sensors to None, run_after=None
[2023-09-07T16:22:31.813+0000] {processor.py:179} INFO - Processing /home/airflow/.local/lib/python3.8/site-packages/airflow/example_dags/example_sensors.py took 0.122 seconds
[2023-09-07T16:23:02.140+0000] {processor.py:157} INFO - Started process (PID=11707) to work on /home/airflow/.local/lib/python3.8/site-packages/airflow/example_dags/example_sensors.py
[2023-09-07T16:23:02.143+0000] {processor.py:829} INFO - Processing file /home/airflow/.local/lib/python3.8/site-packages/airflow/example_dags/example_sensors.py for tasks to queue
[2023-09-07T16:23:02.145+0000] {logging_mixin.py:151} INFO - [2023-09-07T16:23:02.144+0000] {dagbag.py:539} INFO - Filling up the DagBag from /home/airflow/.local/lib/python3.8/site-packages/airflow/example_dags/example_sensors.py
[2023-09-07T16:23:02.161+0000] {processor.py:839} INFO - DAG(s) dict_keys(['example_sensors']) retrieved from /home/airflow/.local/lib/python3.8/site-packages/airflow/example_dags/example_sensors.py
[2023-09-07T16:23:02.198+0000] {logging_mixin.py:151} INFO - [2023-09-07T16:23:02.198+0000] {dag.py:2907} INFO - Sync 1 DAGs
[2023-09-07T16:23:02.212+0000] {logging_mixin.py:151} INFO - [2023-09-07T16:23:02.212+0000] {dag.py:3677} INFO - Setting next_dagrun for example_sensors to None, run_after=None
[2023-09-07T16:23:02.228+0000] {processor.py:179} INFO - Processing /home/airflow/.local/lib/python3.8/site-packages/airflow/example_dags/example_sensors.py took 0.094 seconds
[2023-09-07T16:23:32.742+0000] {processor.py:157} INFO - Started process (PID=11945) to work on /home/airflow/.local/lib/python3.8/site-packages/airflow/example_dags/example_sensors.py
[2023-09-07T16:23:32.745+0000] {processor.py:829} INFO - Processing file /home/airflow/.local/lib/python3.8/site-packages/airflow/example_dags/example_sensors.py for tasks to queue
[2023-09-07T16:23:32.747+0000] {logging_mixin.py:151} INFO - [2023-09-07T16:23:32.747+0000] {dagbag.py:539} INFO - Filling up the DagBag from /home/airflow/.local/lib/python3.8/site-packages/airflow/example_dags/example_sensors.py
[2023-09-07T16:23:32.778+0000] {processor.py:839} INFO - DAG(s) dict_keys(['example_sensors']) retrieved from /home/airflow/.local/lib/python3.8/site-packages/airflow/example_dags/example_sensors.py
[2023-09-07T16:23:32.831+0000] {logging_mixin.py:151} INFO - [2023-09-07T16:23:32.831+0000] {dag.py:2907} INFO - Sync 1 DAGs
[2023-09-07T16:23:32.856+0000] {logging_mixin.py:151} INFO - [2023-09-07T16:23:32.856+0000] {dag.py:3677} INFO - Setting next_dagrun for example_sensors to None, run_after=None
[2023-09-07T16:23:32.885+0000] {processor.py:179} INFO - Processing /home/airflow/.local/lib/python3.8/site-packages/airflow/example_dags/example_sensors.py took 0.159 seconds
[2023-09-07T16:24:03.357+0000] {processor.py:157} INFO - Started process (PID=12183) to work on /home/airflow/.local/lib/python3.8/site-packages/airflow/example_dags/example_sensors.py
[2023-09-07T16:24:03.360+0000] {processor.py:829} INFO - Processing file /home/airflow/.local/lib/python3.8/site-packages/airflow/example_dags/example_sensors.py for tasks to queue
[2023-09-07T16:24:03.362+0000] {logging_mixin.py:151} INFO - [2023-09-07T16:24:03.361+0000] {dagbag.py:539} INFO - Filling up the DagBag from /home/airflow/.local/lib/python3.8/site-packages/airflow/example_dags/example_sensors.py
[2023-09-07T16:24:03.394+0000] {processor.py:839} INFO - DAG(s) dict_keys(['example_sensors']) retrieved from /home/airflow/.local/lib/python3.8/site-packages/airflow/example_dags/example_sensors.py
[2023-09-07T16:24:03.440+0000] {logging_mixin.py:151} INFO - [2023-09-07T16:24:03.440+0000] {dag.py:2907} INFO - Sync 1 DAGs
[2023-09-07T16:24:03.455+0000] {logging_mixin.py:151} INFO - [2023-09-07T16:24:03.455+0000] {dag.py:3677} INFO - Setting next_dagrun for example_sensors to None, run_after=None
[2023-09-07T16:24:03.470+0000] {processor.py:179} INFO - Processing /home/airflow/.local/lib/python3.8/site-packages/airflow/example_dags/example_sensors.py took 0.120 seconds
[2023-09-07T16:24:33.811+0000] {processor.py:157} INFO - Started process (PID=12421) to work on /home/airflow/.local/lib/python3.8/site-packages/airflow/example_dags/example_sensors.py
[2023-09-07T16:24:33.814+0000] {processor.py:829} INFO - Processing file /home/airflow/.local/lib/python3.8/site-packages/airflow/example_dags/example_sensors.py for tasks to queue
[2023-09-07T16:24:33.816+0000] {logging_mixin.py:151} INFO - [2023-09-07T16:24:33.815+0000] {dagbag.py:539} INFO - Filling up the DagBag from /home/airflow/.local/lib/python3.8/site-packages/airflow/example_dags/example_sensors.py
[2023-09-07T16:24:33.843+0000] {processor.py:839} INFO - DAG(s) dict_keys(['example_sensors']) retrieved from /home/airflow/.local/lib/python3.8/site-packages/airflow/example_dags/example_sensors.py
[2023-09-07T16:24:33.877+0000] {logging_mixin.py:151} INFO - [2023-09-07T16:24:33.876+0000] {dag.py:2907} INFO - Sync 1 DAGs
[2023-09-07T16:24:33.894+0000] {logging_mixin.py:151} INFO - [2023-09-07T16:24:33.894+0000] {dag.py:3677} INFO - Setting next_dagrun for example_sensors to None, run_after=None
[2023-09-07T16:24:33.910+0000] {processor.py:179} INFO - Processing /home/airflow/.local/lib/python3.8/site-packages/airflow/example_dags/example_sensors.py took 0.104 seconds
[2023-09-07T16:25:04.155+0000] {processor.py:157} INFO - Started process (PID=12660) to work on /home/airflow/.local/lib/python3.8/site-packages/airflow/example_dags/example_sensors.py
[2023-09-07T16:25:04.157+0000] {processor.py:829} INFO - Processing file /home/airflow/.local/lib/python3.8/site-packages/airflow/example_dags/example_sensors.py for tasks to queue
[2023-09-07T16:25:04.159+0000] {logging_mixin.py:151} INFO - [2023-09-07T16:25:04.158+0000] {dagbag.py:539} INFO - Filling up the DagBag from /home/airflow/.local/lib/python3.8/site-packages/airflow/example_dags/example_sensors.py
[2023-09-07T16:25:04.187+0000] {processor.py:839} INFO - DAG(s) dict_keys(['example_sensors']) retrieved from /home/airflow/.local/lib/python3.8/site-packages/airflow/example_dags/example_sensors.py
[2023-09-07T16:25:04.237+0000] {logging_mixin.py:151} INFO - [2023-09-07T16:25:04.237+0000] {dag.py:2907} INFO - Sync 1 DAGs
[2023-09-07T16:25:04.252+0000] {logging_mixin.py:151} INFO - [2023-09-07T16:25:04.252+0000] {dag.py:3677} INFO - Setting next_dagrun for example_sensors to None, run_after=None
[2023-09-07T16:25:04.268+0000] {processor.py:179} INFO - Processing /home/airflow/.local/lib/python3.8/site-packages/airflow/example_dags/example_sensors.py took 0.125 seconds
[2023-09-07T16:25:34.701+0000] {processor.py:157} INFO - Started process (PID=12897) to work on /home/airflow/.local/lib/python3.8/site-packages/airflow/example_dags/example_sensors.py
[2023-09-07T16:25:34.704+0000] {processor.py:829} INFO - Processing file /home/airflow/.local/lib/python3.8/site-packages/airflow/example_dags/example_sensors.py for tasks to queue
[2023-09-07T16:25:34.706+0000] {logging_mixin.py:151} INFO - [2023-09-07T16:25:34.705+0000] {dagbag.py:539} INFO - Filling up the DagBag from /home/airflow/.local/lib/python3.8/site-packages/airflow/example_dags/example_sensors.py
[2023-09-07T16:25:34.724+0000] {processor.py:839} INFO - DAG(s) dict_keys(['example_sensors']) retrieved from /home/airflow/.local/lib/python3.8/site-packages/airflow/example_dags/example_sensors.py
[2023-09-07T16:25:34.778+0000] {logging_mixin.py:151} INFO - [2023-09-07T16:25:34.777+0000] {dag.py:2907} INFO - Sync 1 DAGs
[2023-09-07T16:25:34.793+0000] {logging_mixin.py:151} INFO - [2023-09-07T16:25:34.792+0000] {dag.py:3677} INFO - Setting next_dagrun for example_sensors to None, run_after=None
[2023-09-07T16:25:34.815+0000] {processor.py:179} INFO - Processing /home/airflow/.local/lib/python3.8/site-packages/airflow/example_dags/example_sensors.py took 0.121 seconds
[2023-09-07T16:26:05.259+0000] {processor.py:157} INFO - Started process (PID=13135) to work on /home/airflow/.local/lib/python3.8/site-packages/airflow/example_dags/example_sensors.py
[2023-09-07T16:26:05.261+0000] {processor.py:829} INFO - Processing file /home/airflow/.local/lib/python3.8/site-packages/airflow/example_dags/example_sensors.py for tasks to queue
[2023-09-07T16:26:05.263+0000] {logging_mixin.py:151} INFO - [2023-09-07T16:26:05.262+0000] {dagbag.py:539} INFO - Filling up the DagBag from /home/airflow/.local/lib/python3.8/site-packages/airflow/example_dags/example_sensors.py
[2023-09-07T16:26:05.286+0000] {processor.py:839} INFO - DAG(s) dict_keys(['example_sensors']) retrieved from /home/airflow/.local/lib/python3.8/site-packages/airflow/example_dags/example_sensors.py
[2023-09-07T16:26:05.327+0000] {logging_mixin.py:151} INFO - [2023-09-07T16:26:05.326+0000] {dag.py:2907} INFO - Sync 1 DAGs
[2023-09-07T16:26:05.342+0000] {logging_mixin.py:151} INFO - [2023-09-07T16:26:05.342+0000] {dag.py:3677} INFO - Setting next_dagrun for example_sensors to None, run_after=None
[2023-09-07T16:26:05.379+0000] {processor.py:179} INFO - Processing /home/airflow/.local/lib/python3.8/site-packages/airflow/example_dags/example_sensors.py took 0.126 seconds
[2023-09-07T16:26:36.102+0000] {processor.py:157} INFO - Started process (PID=13374) to work on /home/airflow/.local/lib/python3.8/site-packages/airflow/example_dags/example_sensors.py
[2023-09-07T16:26:36.104+0000] {processor.py:829} INFO - Processing file /home/airflow/.local/lib/python3.8/site-packages/airflow/example_dags/example_sensors.py for tasks to queue
[2023-09-07T16:26:36.106+0000] {logging_mixin.py:151} INFO - [2023-09-07T16:26:36.105+0000] {dagbag.py:539} INFO - Filling up the DagBag from /home/airflow/.local/lib/python3.8/site-packages/airflow/example_dags/example_sensors.py
[2023-09-07T16:26:36.117+0000] {processor.py:839} INFO - DAG(s) dict_keys(['example_sensors']) retrieved from /home/airflow/.local/lib/python3.8/site-packages/airflow/example_dags/example_sensors.py
[2023-09-07T16:26:36.145+0000] {logging_mixin.py:151} INFO - [2023-09-07T16:26:36.144+0000] {dag.py:2907} INFO - Sync 1 DAGs
[2023-09-07T16:26:36.153+0000] {logging_mixin.py:151} INFO - [2023-09-07T16:26:36.152+0000] {dag.py:3677} INFO - Setting next_dagrun for example_sensors to None, run_after=None
[2023-09-07T16:26:36.163+0000] {processor.py:179} INFO - Processing /home/airflow/.local/lib/python3.8/site-packages/airflow/example_dags/example_sensors.py took 0.066 seconds
[2023-09-07T16:27:06.411+0000] {processor.py:157} INFO - Started process (PID=13612) to work on /home/airflow/.local/lib/python3.8/site-packages/airflow/example_dags/example_sensors.py
[2023-09-07T16:27:06.414+0000] {processor.py:829} INFO - Processing file /home/airflow/.local/lib/python3.8/site-packages/airflow/example_dags/example_sensors.py for tasks to queue
[2023-09-07T16:27:06.415+0000] {logging_mixin.py:151} INFO - [2023-09-07T16:27:06.415+0000] {dagbag.py:539} INFO - Filling up the DagBag from /home/airflow/.local/lib/python3.8/site-packages/airflow/example_dags/example_sensors.py
[2023-09-07T16:27:06.427+0000] {processor.py:839} INFO - DAG(s) dict_keys(['example_sensors']) retrieved from /home/airflow/.local/lib/python3.8/site-packages/airflow/example_dags/example_sensors.py
[2023-09-07T16:27:06.449+0000] {logging_mixin.py:151} INFO - [2023-09-07T16:27:06.448+0000] {dag.py:2907} INFO - Sync 1 DAGs
[2023-09-07T16:27:06.456+0000] {logging_mixin.py:151} INFO - [2023-09-07T16:27:06.456+0000] {dag.py:3677} INFO - Setting next_dagrun for example_sensors to None, run_after=None
[2023-09-07T16:27:06.467+0000] {processor.py:179} INFO - Processing /home/airflow/.local/lib/python3.8/site-packages/airflow/example_dags/example_sensors.py took 0.060 seconds
[2023-09-07T16:27:36.825+0000] {processor.py:157} INFO - Started process (PID=13851) to work on /home/airflow/.local/lib/python3.8/site-packages/airflow/example_dags/example_sensors.py
[2023-09-07T16:27:36.827+0000] {processor.py:829} INFO - Processing file /home/airflow/.local/lib/python3.8/site-packages/airflow/example_dags/example_sensors.py for tasks to queue
[2023-09-07T16:27:36.829+0000] {logging_mixin.py:151} INFO - [2023-09-07T16:27:36.828+0000] {dagbag.py:539} INFO - Filling up the DagBag from /home/airflow/.local/lib/python3.8/site-packages/airflow/example_dags/example_sensors.py
[2023-09-07T16:27:36.844+0000] {processor.py:839} INFO - DAG(s) dict_keys(['example_sensors']) retrieved from /home/airflow/.local/lib/python3.8/site-packages/airflow/example_dags/example_sensors.py
[2023-09-07T16:27:36.868+0000] {logging_mixin.py:151} INFO - [2023-09-07T16:27:36.868+0000] {dag.py:2907} INFO - Sync 1 DAGs
[2023-09-07T16:27:36.876+0000] {logging_mixin.py:151} INFO - [2023-09-07T16:27:36.876+0000] {dag.py:3677} INFO - Setting next_dagrun for example_sensors to None, run_after=None
[2023-09-07T16:27:36.888+0000] {processor.py:179} INFO - Processing /home/airflow/.local/lib/python3.8/site-packages/airflow/example_dags/example_sensors.py took 0.066 seconds
[2023-09-07T16:28:07.249+0000] {processor.py:157} INFO - Started process (PID=14089) to work on /home/airflow/.local/lib/python3.8/site-packages/airflow/example_dags/example_sensors.py
[2023-09-07T16:28:07.251+0000] {processor.py:829} INFO - Processing file /home/airflow/.local/lib/python3.8/site-packages/airflow/example_dags/example_sensors.py for tasks to queue
[2023-09-07T16:28:07.252+0000] {logging_mixin.py:151} INFO - [2023-09-07T16:28:07.252+0000] {dagbag.py:539} INFO - Filling up the DagBag from /home/airflow/.local/lib/python3.8/site-packages/airflow/example_dags/example_sensors.py
[2023-09-07T16:28:07.264+0000] {processor.py:839} INFO - DAG(s) dict_keys(['example_sensors']) retrieved from /home/airflow/.local/lib/python3.8/site-packages/airflow/example_dags/example_sensors.py
[2023-09-07T16:28:07.286+0000] {logging_mixin.py:151} INFO - [2023-09-07T16:28:07.286+0000] {dag.py:2907} INFO - Sync 1 DAGs
[2023-09-07T16:28:07.293+0000] {logging_mixin.py:151} INFO - [2023-09-07T16:28:07.293+0000] {dag.py:3677} INFO - Setting next_dagrun for example_sensors to None, run_after=None
[2023-09-07T16:28:07.305+0000] {processor.py:179} INFO - Processing /home/airflow/.local/lib/python3.8/site-packages/airflow/example_dags/example_sensors.py took 0.060 seconds
[2023-09-07T16:28:37.982+0000] {processor.py:157} INFO - Started process (PID=14326) to work on /home/airflow/.local/lib/python3.8/site-packages/airflow/example_dags/example_sensors.py
[2023-09-07T16:28:37.985+0000] {processor.py:829} INFO - Processing file /home/airflow/.local/lib/python3.8/site-packages/airflow/example_dags/example_sensors.py for tasks to queue
[2023-09-07T16:28:37.988+0000] {logging_mixin.py:151} INFO - [2023-09-07T16:28:37.987+0000] {dagbag.py:539} INFO - Filling up the DagBag from /home/airflow/.local/lib/python3.8/site-packages/airflow/example_dags/example_sensors.py
[2023-09-07T16:28:38.018+0000] {processor.py:839} INFO - DAG(s) dict_keys(['example_sensors']) retrieved from /home/airflow/.local/lib/python3.8/site-packages/airflow/example_dags/example_sensors.py
[2023-09-07T16:28:38.067+0000] {logging_mixin.py:151} INFO - [2023-09-07T16:28:38.067+0000] {dag.py:2907} INFO - Sync 1 DAGs
[2023-09-07T16:28:38.081+0000] {logging_mixin.py:151} INFO - [2023-09-07T16:28:38.081+0000] {dag.py:3677} INFO - Setting next_dagrun for example_sensors to None, run_after=None
[2023-09-07T16:28:38.101+0000] {processor.py:179} INFO - Processing /home/airflow/.local/lib/python3.8/site-packages/airflow/example_dags/example_sensors.py took 0.135 seconds
[2023-09-07T16:29:08.655+0000] {processor.py:157} INFO - Started process (PID=14564) to work on /home/airflow/.local/lib/python3.8/site-packages/airflow/example_dags/example_sensors.py
[2023-09-07T16:29:08.659+0000] {processor.py:829} INFO - Processing file /home/airflow/.local/lib/python3.8/site-packages/airflow/example_dags/example_sensors.py for tasks to queue
[2023-09-07T16:29:08.660+0000] {logging_mixin.py:151} INFO - [2023-09-07T16:29:08.660+0000] {dagbag.py:539} INFO - Filling up the DagBag from /home/airflow/.local/lib/python3.8/site-packages/airflow/example_dags/example_sensors.py
[2023-09-07T16:29:08.700+0000] {processor.py:839} INFO - DAG(s) dict_keys(['example_sensors']) retrieved from /home/airflow/.local/lib/python3.8/site-packages/airflow/example_dags/example_sensors.py
[2023-09-07T16:29:08.738+0000] {logging_mixin.py:151} INFO - [2023-09-07T16:29:08.738+0000] {dag.py:2907} INFO - Sync 1 DAGs
[2023-09-07T16:29:08.754+0000] {logging_mixin.py:151} INFO - [2023-09-07T16:29:08.754+0000] {dag.py:3677} INFO - Setting next_dagrun for example_sensors to None, run_after=None
[2023-09-07T16:29:08.772+0000] {processor.py:179} INFO - Processing /home/airflow/.local/lib/python3.8/site-packages/airflow/example_dags/example_sensors.py took 0.126 seconds
[2023-09-07T16:30:59.016+0000] {processor.py:157} INFO - Started process (PID=14800) to work on /home/airflow/.local/lib/python3.8/site-packages/airflow/example_dags/example_sensors.py
[2023-09-07T16:30:59.018+0000] {processor.py:829} INFO - Processing file /home/airflow/.local/lib/python3.8/site-packages/airflow/example_dags/example_sensors.py for tasks to queue
[2023-09-07T16:30:59.019+0000] {logging_mixin.py:151} INFO - [2023-09-07T16:30:59.019+0000] {dagbag.py:539} INFO - Filling up the DagBag from /home/airflow/.local/lib/python3.8/site-packages/airflow/example_dags/example_sensors.py
[2023-09-07T16:30:59.030+0000] {processor.py:839} INFO - DAG(s) dict_keys(['example_sensors']) retrieved from /home/airflow/.local/lib/python3.8/site-packages/airflow/example_dags/example_sensors.py
[2023-09-07T16:30:59.055+0000] {logging_mixin.py:151} INFO - [2023-09-07T16:30:59.055+0000] {dag.py:2907} INFO - Sync 1 DAGs
[2023-09-07T16:30:59.066+0000] {logging_mixin.py:151} INFO - [2023-09-07T16:30:59.066+0000] {dag.py:3677} INFO - Setting next_dagrun for example_sensors to None, run_after=None
[2023-09-07T16:30:59.079+0000] {processor.py:179} INFO - Processing /home/airflow/.local/lib/python3.8/site-packages/airflow/example_dags/example_sensors.py took 0.067 seconds
[2023-09-07T16:31:29.687+0000] {processor.py:157} INFO - Started process (PID=15038) to work on /home/airflow/.local/lib/python3.8/site-packages/airflow/example_dags/example_sensors.py
[2023-09-07T16:31:29.688+0000] {processor.py:829} INFO - Processing file /home/airflow/.local/lib/python3.8/site-packages/airflow/example_dags/example_sensors.py for tasks to queue
[2023-09-07T16:31:29.689+0000] {logging_mixin.py:151} INFO - [2023-09-07T16:31:29.689+0000] {dagbag.py:539} INFO - Filling up the DagBag from /home/airflow/.local/lib/python3.8/site-packages/airflow/example_dags/example_sensors.py
[2023-09-07T16:31:29.697+0000] {processor.py:839} INFO - DAG(s) dict_keys(['example_sensors']) retrieved from /home/airflow/.local/lib/python3.8/site-packages/airflow/example_dags/example_sensors.py
[2023-09-07T16:31:29.716+0000] {logging_mixin.py:151} INFO - [2023-09-07T16:31:29.715+0000] {dag.py:2907} INFO - Sync 1 DAGs
[2023-09-07T16:31:29.728+0000] {logging_mixin.py:151} INFO - [2023-09-07T16:31:29.728+0000] {dag.py:3677} INFO - Setting next_dagrun for example_sensors to None, run_after=None
[2023-09-07T16:31:29.744+0000] {processor.py:179} INFO - Processing /home/airflow/.local/lib/python3.8/site-packages/airflow/example_dags/example_sensors.py took 0.060 seconds
[2023-09-07T16:32:00.535+0000] {processor.py:157} INFO - Started process (PID=15276) to work on /home/airflow/.local/lib/python3.8/site-packages/airflow/example_dags/example_sensors.py
[2023-09-07T16:32:00.536+0000] {processor.py:829} INFO - Processing file /home/airflow/.local/lib/python3.8/site-packages/airflow/example_dags/example_sensors.py for tasks to queue
[2023-09-07T16:32:00.537+0000] {logging_mixin.py:151} INFO - [2023-09-07T16:32:00.537+0000] {dagbag.py:539} INFO - Filling up the DagBag from /home/airflow/.local/lib/python3.8/site-packages/airflow/example_dags/example_sensors.py
[2023-09-07T16:32:00.545+0000] {processor.py:839} INFO - DAG(s) dict_keys(['example_sensors']) retrieved from /home/airflow/.local/lib/python3.8/site-packages/airflow/example_dags/example_sensors.py
[2023-09-07T16:32:00.566+0000] {logging_mixin.py:151} INFO - [2023-09-07T16:32:00.565+0000] {dag.py:2907} INFO - Sync 1 DAGs
[2023-09-07T16:32:00.574+0000] {logging_mixin.py:151} INFO - [2023-09-07T16:32:00.574+0000] {dag.py:3677} INFO - Setting next_dagrun for example_sensors to None, run_after=None
[2023-09-07T16:32:00.584+0000] {processor.py:179} INFO - Processing /home/airflow/.local/lib/python3.8/site-packages/airflow/example_dags/example_sensors.py took 0.052 seconds
[2023-09-07T16:32:33.462+0000] {processor.py:157} INFO - Started process (PID=15514) to work on /home/airflow/.local/lib/python3.8/site-packages/airflow/example_dags/example_sensors.py
[2023-09-07T16:32:33.466+0000] {processor.py:829} INFO - Processing file /home/airflow/.local/lib/python3.8/site-packages/airflow/example_dags/example_sensors.py for tasks to queue
[2023-09-07T16:32:33.470+0000] {logging_mixin.py:151} INFO - [2023-09-07T16:32:33.468+0000] {dagbag.py:539} INFO - Filling up the DagBag from /home/airflow/.local/lib/python3.8/site-packages/airflow/example_dags/example_sensors.py
[2023-09-07T16:32:33.504+0000] {processor.py:839} INFO - DAG(s) dict_keys(['example_sensors']) retrieved from /home/airflow/.local/lib/python3.8/site-packages/airflow/example_dags/example_sensors.py
[2023-09-07T16:32:33.542+0000] {logging_mixin.py:151} INFO - [2023-09-07T16:32:33.542+0000] {dag.py:2907} INFO - Sync 1 DAGs
[2023-09-07T16:32:33.563+0000] {logging_mixin.py:151} INFO - [2023-09-07T16:32:33.563+0000] {dag.py:3677} INFO - Setting next_dagrun for example_sensors to None, run_after=None
[2023-09-07T16:32:33.582+0000] {processor.py:179} INFO - Processing /home/airflow/.local/lib/python3.8/site-packages/airflow/example_dags/example_sensors.py took 0.130 seconds
