[2023-09-07T15:58:27.049+0000] {processor.py:157} INFO - Started process (PID=332) to work on /home/airflow/.local/lib/python3.8/site-packages/airflow/example_dags/example_kubernetes_executor.py
[2023-09-07T15:58:27.051+0000] {processor.py:829} INFO - Processing file /home/airflow/.local/lib/python3.8/site-packages/airflow/example_dags/example_kubernetes_executor.py for tasks to queue
[2023-09-07T15:58:27.055+0000] {logging_mixin.py:151} INFO - [2023-09-07T15:58:27.054+0000] {dagbag.py:539} INFO - Filling up the DagBag from /home/airflow/.local/lib/python3.8/site-packages/airflow/example_dags/example_kubernetes_executor.py
[2023-09-07T15:58:27.750+0000] {processor.py:839} INFO - DAG(s) dict_keys(['example_kubernetes_executor']) retrieved from /home/airflow/.local/lib/python3.8/site-packages/airflow/example_dags/example_kubernetes_executor.py
[2023-09-07T15:58:27.779+0000] {logging_mixin.py:151} INFO - [2023-09-07T15:58:27.778+0000] {dag.py:2907} INFO - Sync 1 DAGs
[2023-09-07T15:58:27.789+0000] {logging_mixin.py:151} INFO - [2023-09-07T15:58:27.789+0000] {dag.py:3677} INFO - Setting next_dagrun for example_kubernetes_executor to None, run_after=None
[2023-09-07T15:58:27.802+0000] {processor.py:179} INFO - Processing /home/airflow/.local/lib/python3.8/site-packages/airflow/example_dags/example_kubernetes_executor.py took 0.760 seconds
[2023-09-07T15:58:58.161+0000] {processor.py:157} INFO - Started process (PID=572) to work on /home/airflow/.local/lib/python3.8/site-packages/airflow/example_dags/example_kubernetes_executor.py
[2023-09-07T15:58:58.162+0000] {processor.py:829} INFO - Processing file /home/airflow/.local/lib/python3.8/site-packages/airflow/example_dags/example_kubernetes_executor.py for tasks to queue
[2023-09-07T15:58:58.163+0000] {logging_mixin.py:151} INFO - [2023-09-07T15:58:58.163+0000] {dagbag.py:539} INFO - Filling up the DagBag from /home/airflow/.local/lib/python3.8/site-packages/airflow/example_dags/example_kubernetes_executor.py
[2023-09-07T15:58:58.574+0000] {processor.py:839} INFO - DAG(s) dict_keys(['example_kubernetes_executor']) retrieved from /home/airflow/.local/lib/python3.8/site-packages/airflow/example_dags/example_kubernetes_executor.py
[2023-09-07T15:58:58.603+0000] {logging_mixin.py:151} INFO - [2023-09-07T15:58:58.602+0000] {dag.py:2907} INFO - Sync 1 DAGs
[2023-09-07T15:58:58.613+0000] {logging_mixin.py:151} INFO - [2023-09-07T15:58:58.613+0000] {dag.py:3677} INFO - Setting next_dagrun for example_kubernetes_executor to None, run_after=None
[2023-09-07T15:58:58.632+0000] {processor.py:179} INFO - Processing /home/airflow/.local/lib/python3.8/site-packages/airflow/example_dags/example_kubernetes_executor.py took 0.474 seconds
[2023-09-07T15:59:30.649+0000] {processor.py:157} INFO - Started process (PID=810) to work on /home/airflow/.local/lib/python3.8/site-packages/airflow/example_dags/example_kubernetes_executor.py
[2023-09-07T15:59:30.655+0000] {processor.py:829} INFO - Processing file /home/airflow/.local/lib/python3.8/site-packages/airflow/example_dags/example_kubernetes_executor.py for tasks to queue
[2023-09-07T15:59:30.656+0000] {logging_mixin.py:151} INFO - [2023-09-07T15:59:30.656+0000] {dagbag.py:539} INFO - Filling up the DagBag from /home/airflow/.local/lib/python3.8/site-packages/airflow/example_dags/example_kubernetes_executor.py
[2023-09-07T15:59:30.929+0000] {processor.py:839} INFO - DAG(s) dict_keys(['example_kubernetes_executor']) retrieved from /home/airflow/.local/lib/python3.8/site-packages/airflow/example_dags/example_kubernetes_executor.py
[2023-09-07T15:59:30.962+0000] {logging_mixin.py:151} INFO - [2023-09-07T15:59:30.962+0000] {dag.py:2907} INFO - Sync 1 DAGs
[2023-09-07T15:59:30.973+0000] {logging_mixin.py:151} INFO - [2023-09-07T15:59:30.973+0000] {dag.py:3677} INFO - Setting next_dagrun for example_kubernetes_executor to None, run_after=None
[2023-09-07T15:59:30.987+0000] {processor.py:179} INFO - Processing /home/airflow/.local/lib/python3.8/site-packages/airflow/example_dags/example_kubernetes_executor.py took 0.343 seconds
[2023-09-07T16:00:01.712+0000] {processor.py:157} INFO - Started process (PID=1046) to work on /home/airflow/.local/lib/python3.8/site-packages/airflow/example_dags/example_kubernetes_executor.py
[2023-09-07T16:00:01.714+0000] {processor.py:829} INFO - Processing file /home/airflow/.local/lib/python3.8/site-packages/airflow/example_dags/example_kubernetes_executor.py for tasks to queue
[2023-09-07T16:00:01.715+0000] {logging_mixin.py:151} INFO - [2023-09-07T16:00:01.715+0000] {dagbag.py:539} INFO - Filling up the DagBag from /home/airflow/.local/lib/python3.8/site-packages/airflow/example_dags/example_kubernetes_executor.py
[2023-09-07T16:00:01.882+0000] {processor.py:839} INFO - DAG(s) dict_keys(['example_kubernetes_executor']) retrieved from /home/airflow/.local/lib/python3.8/site-packages/airflow/example_dags/example_kubernetes_executor.py
[2023-09-07T16:00:01.906+0000] {logging_mixin.py:151} INFO - [2023-09-07T16:00:01.906+0000] {dag.py:2907} INFO - Sync 1 DAGs
[2023-09-07T16:00:01.919+0000] {logging_mixin.py:151} INFO - [2023-09-07T16:00:01.919+0000] {dag.py:3677} INFO - Setting next_dagrun for example_kubernetes_executor to None, run_after=None
[2023-09-07T16:00:01.939+0000] {processor.py:179} INFO - Processing /home/airflow/.local/lib/python3.8/site-packages/airflow/example_dags/example_kubernetes_executor.py took 0.231 seconds
[2023-09-07T16:00:37.108+0000] {processor.py:157} INFO - Started process (PID=1285) to work on /home/airflow/.local/lib/python3.8/site-packages/airflow/example_dags/example_kubernetes_executor.py
[2023-09-07T16:00:37.109+0000] {processor.py:829} INFO - Processing file /home/airflow/.local/lib/python3.8/site-packages/airflow/example_dags/example_kubernetes_executor.py for tasks to queue
[2023-09-07T16:00:37.111+0000] {logging_mixin.py:151} INFO - [2023-09-07T16:00:37.110+0000] {dagbag.py:539} INFO - Filling up the DagBag from /home/airflow/.local/lib/python3.8/site-packages/airflow/example_dags/example_kubernetes_executor.py
[2023-09-07T16:00:37.526+0000] {processor.py:839} INFO - DAG(s) dict_keys(['example_kubernetes_executor']) retrieved from /home/airflow/.local/lib/python3.8/site-packages/airflow/example_dags/example_kubernetes_executor.py
[2023-09-07T16:00:37.595+0000] {logging_mixin.py:151} INFO - [2023-09-07T16:00:37.594+0000] {dag.py:2907} INFO - Sync 1 DAGs
[2023-09-07T16:00:37.613+0000] {logging_mixin.py:151} INFO - [2023-09-07T16:00:37.613+0000] {dag.py:3677} INFO - Setting next_dagrun for example_kubernetes_executor to None, run_after=None
[2023-09-07T16:00:37.639+0000] {processor.py:179} INFO - Processing /home/airflow/.local/lib/python3.8/site-packages/airflow/example_dags/example_kubernetes_executor.py took 0.536 seconds
[2023-09-07T16:01:08.385+0000] {processor.py:157} INFO - Started process (PID=1547) to work on /home/airflow/.local/lib/python3.8/site-packages/airflow/example_dags/example_kubernetes_executor.py
[2023-09-07T16:01:08.386+0000] {processor.py:829} INFO - Processing file /home/airflow/.local/lib/python3.8/site-packages/airflow/example_dags/example_kubernetes_executor.py for tasks to queue
[2023-09-07T16:01:08.387+0000] {logging_mixin.py:151} INFO - [2023-09-07T16:01:08.387+0000] {dagbag.py:539} INFO - Filling up the DagBag from /home/airflow/.local/lib/python3.8/site-packages/airflow/example_dags/example_kubernetes_executor.py
[2023-09-07T16:01:08.617+0000] {processor.py:839} INFO - DAG(s) dict_keys(['example_kubernetes_executor']) retrieved from /home/airflow/.local/lib/python3.8/site-packages/airflow/example_dags/example_kubernetes_executor.py
[2023-09-07T16:01:08.656+0000] {logging_mixin.py:151} INFO - [2023-09-07T16:01:08.655+0000] {dag.py:2907} INFO - Sync 1 DAGs
[2023-09-07T16:01:08.666+0000] {logging_mixin.py:151} INFO - [2023-09-07T16:01:08.666+0000] {dag.py:3677} INFO - Setting next_dagrun for example_kubernetes_executor to None, run_after=None
[2023-09-07T16:01:08.678+0000] {processor.py:179} INFO - Processing /home/airflow/.local/lib/python3.8/site-packages/airflow/example_dags/example_kubernetes_executor.py took 0.297 seconds
[2023-09-07T16:01:39.318+0000] {processor.py:157} INFO - Started process (PID=1785) to work on /home/airflow/.local/lib/python3.8/site-packages/airflow/example_dags/example_kubernetes_executor.py
[2023-09-07T16:01:39.324+0000] {processor.py:829} INFO - Processing file /home/airflow/.local/lib/python3.8/site-packages/airflow/example_dags/example_kubernetes_executor.py for tasks to queue
[2023-09-07T16:01:39.325+0000] {logging_mixin.py:151} INFO - [2023-09-07T16:01:39.324+0000] {dagbag.py:539} INFO - Filling up the DagBag from /home/airflow/.local/lib/python3.8/site-packages/airflow/example_dags/example_kubernetes_executor.py
[2023-09-07T16:01:39.576+0000] {processor.py:839} INFO - DAG(s) dict_keys(['example_kubernetes_executor']) retrieved from /home/airflow/.local/lib/python3.8/site-packages/airflow/example_dags/example_kubernetes_executor.py
[2023-09-07T16:01:39.611+0000] {logging_mixin.py:151} INFO - [2023-09-07T16:01:39.611+0000] {dag.py:2907} INFO - Sync 1 DAGs
[2023-09-07T16:01:39.626+0000] {logging_mixin.py:151} INFO - [2023-09-07T16:01:39.625+0000] {dag.py:3677} INFO - Setting next_dagrun for example_kubernetes_executor to None, run_after=None
[2023-09-07T16:01:39.654+0000] {processor.py:179} INFO - Processing /home/airflow/.local/lib/python3.8/site-packages/airflow/example_dags/example_kubernetes_executor.py took 0.339 seconds
[2023-09-07T16:02:10.587+0000] {processor.py:157} INFO - Started process (PID=2023) to work on /home/airflow/.local/lib/python3.8/site-packages/airflow/example_dags/example_kubernetes_executor.py
[2023-09-07T16:02:10.589+0000] {processor.py:829} INFO - Processing file /home/airflow/.local/lib/python3.8/site-packages/airflow/example_dags/example_kubernetes_executor.py for tasks to queue
[2023-09-07T16:02:10.590+0000] {logging_mixin.py:151} INFO - [2023-09-07T16:02:10.590+0000] {dagbag.py:539} INFO - Filling up the DagBag from /home/airflow/.local/lib/python3.8/site-packages/airflow/example_dags/example_kubernetes_executor.py
[2023-09-07T16:02:10.825+0000] {processor.py:839} INFO - DAG(s) dict_keys(['example_kubernetes_executor']) retrieved from /home/airflow/.local/lib/python3.8/site-packages/airflow/example_dags/example_kubernetes_executor.py
[2023-09-07T16:02:10.860+0000] {logging_mixin.py:151} INFO - [2023-09-07T16:02:10.860+0000] {dag.py:2907} INFO - Sync 1 DAGs
[2023-09-07T16:02:10.883+0000] {logging_mixin.py:151} INFO - [2023-09-07T16:02:10.883+0000] {dag.py:3677} INFO - Setting next_dagrun for example_kubernetes_executor to None, run_after=None
[2023-09-07T16:02:10.903+0000] {processor.py:179} INFO - Processing /home/airflow/.local/lib/python3.8/site-packages/airflow/example_dags/example_kubernetes_executor.py took 0.320 seconds
[2023-09-07T16:02:41.607+0000] {processor.py:157} INFO - Started process (PID=2261) to work on /home/airflow/.local/lib/python3.8/site-packages/airflow/example_dags/example_kubernetes_executor.py
[2023-09-07T16:02:41.609+0000] {processor.py:829} INFO - Processing file /home/airflow/.local/lib/python3.8/site-packages/airflow/example_dags/example_kubernetes_executor.py for tasks to queue
[2023-09-07T16:02:41.613+0000] {logging_mixin.py:151} INFO - [2023-09-07T16:02:41.612+0000] {dagbag.py:539} INFO - Filling up the DagBag from /home/airflow/.local/lib/python3.8/site-packages/airflow/example_dags/example_kubernetes_executor.py
[2023-09-07T16:02:41.851+0000] {processor.py:839} INFO - DAG(s) dict_keys(['example_kubernetes_executor']) retrieved from /home/airflow/.local/lib/python3.8/site-packages/airflow/example_dags/example_kubernetes_executor.py
[2023-09-07T16:02:41.897+0000] {logging_mixin.py:151} INFO - [2023-09-07T16:02:41.897+0000] {dag.py:2907} INFO - Sync 1 DAGs
[2023-09-07T16:02:41.910+0000] {logging_mixin.py:151} INFO - [2023-09-07T16:02:41.910+0000] {dag.py:3677} INFO - Setting next_dagrun for example_kubernetes_executor to None, run_after=None
[2023-09-07T16:02:41.925+0000] {processor.py:179} INFO - Processing /home/airflow/.local/lib/python3.8/site-packages/airflow/example_dags/example_kubernetes_executor.py took 0.321 seconds
[2023-09-07T16:03:12.089+0000] {processor.py:157} INFO - Started process (PID=2504) to work on /home/airflow/.local/lib/python3.8/site-packages/airflow/example_dags/example_kubernetes_executor.py
[2023-09-07T16:03:12.090+0000] {processor.py:829} INFO - Processing file /home/airflow/.local/lib/python3.8/site-packages/airflow/example_dags/example_kubernetes_executor.py for tasks to queue
[2023-09-07T16:03:12.091+0000] {logging_mixin.py:151} INFO - [2023-09-07T16:03:12.091+0000] {dagbag.py:539} INFO - Filling up the DagBag from /home/airflow/.local/lib/python3.8/site-packages/airflow/example_dags/example_kubernetes_executor.py
[2023-09-07T16:03:12.319+0000] {processor.py:839} INFO - DAG(s) dict_keys(['example_kubernetes_executor']) retrieved from /home/airflow/.local/lib/python3.8/site-packages/airflow/example_dags/example_kubernetes_executor.py
[2023-09-07T16:03:12.375+0000] {logging_mixin.py:151} INFO - [2023-09-07T16:03:12.375+0000] {dag.py:2907} INFO - Sync 1 DAGs
[2023-09-07T16:03:12.389+0000] {logging_mixin.py:151} INFO - [2023-09-07T16:03:12.389+0000] {dag.py:3677} INFO - Setting next_dagrun for example_kubernetes_executor to None, run_after=None
[2023-09-07T16:03:12.415+0000] {processor.py:179} INFO - Processing /home/airflow/.local/lib/python3.8/site-packages/airflow/example_dags/example_kubernetes_executor.py took 0.329 seconds
[2023-09-07T16:03:42.839+0000] {processor.py:157} INFO - Started process (PID=2737) to work on /home/airflow/.local/lib/python3.8/site-packages/airflow/example_dags/example_kubernetes_executor.py
[2023-09-07T16:03:42.840+0000] {processor.py:829} INFO - Processing file /home/airflow/.local/lib/python3.8/site-packages/airflow/example_dags/example_kubernetes_executor.py for tasks to queue
[2023-09-07T16:03:42.841+0000] {logging_mixin.py:151} INFO - [2023-09-07T16:03:42.841+0000] {dagbag.py:539} INFO - Filling up the DagBag from /home/airflow/.local/lib/python3.8/site-packages/airflow/example_dags/example_kubernetes_executor.py
[2023-09-07T16:03:43.029+0000] {processor.py:839} INFO - DAG(s) dict_keys(['example_kubernetes_executor']) retrieved from /home/airflow/.local/lib/python3.8/site-packages/airflow/example_dags/example_kubernetes_executor.py
[2023-09-07T16:03:43.063+0000] {logging_mixin.py:151} INFO - [2023-09-07T16:03:43.062+0000] {dag.py:2907} INFO - Sync 1 DAGs
[2023-09-07T16:03:43.080+0000] {logging_mixin.py:151} INFO - [2023-09-07T16:03:43.080+0000] {dag.py:3677} INFO - Setting next_dagrun for example_kubernetes_executor to None, run_after=None
[2023-09-07T16:03:43.096+0000] {processor.py:179} INFO - Processing /home/airflow/.local/lib/python3.8/site-packages/airflow/example_dags/example_kubernetes_executor.py took 0.259 seconds
[2023-09-07T16:04:13.828+0000] {processor.py:157} INFO - Started process (PID=2975) to work on /home/airflow/.local/lib/python3.8/site-packages/airflow/example_dags/example_kubernetes_executor.py
[2023-09-07T16:04:13.829+0000] {processor.py:829} INFO - Processing file /home/airflow/.local/lib/python3.8/site-packages/airflow/example_dags/example_kubernetes_executor.py for tasks to queue
[2023-09-07T16:04:13.831+0000] {logging_mixin.py:151} INFO - [2023-09-07T16:04:13.830+0000] {dagbag.py:539} INFO - Filling up the DagBag from /home/airflow/.local/lib/python3.8/site-packages/airflow/example_dags/example_kubernetes_executor.py
[2023-09-07T16:04:14.050+0000] {processor.py:839} INFO - DAG(s) dict_keys(['example_kubernetes_executor']) retrieved from /home/airflow/.local/lib/python3.8/site-packages/airflow/example_dags/example_kubernetes_executor.py
[2023-09-07T16:04:14.084+0000] {logging_mixin.py:151} INFO - [2023-09-07T16:04:14.083+0000] {dag.py:2907} INFO - Sync 1 DAGs
[2023-09-07T16:04:14.096+0000] {logging_mixin.py:151} INFO - [2023-09-07T16:04:14.095+0000] {dag.py:3677} INFO - Setting next_dagrun for example_kubernetes_executor to None, run_after=None
[2023-09-07T16:04:14.108+0000] {processor.py:179} INFO - Processing /home/airflow/.local/lib/python3.8/site-packages/airflow/example_dags/example_kubernetes_executor.py took 0.284 seconds
[2023-09-07T16:04:44.321+0000] {processor.py:157} INFO - Started process (PID=3223) to work on /home/airflow/.local/lib/python3.8/site-packages/airflow/example_dags/example_kubernetes_executor.py
[2023-09-07T16:04:44.323+0000] {processor.py:829} INFO - Processing file /home/airflow/.local/lib/python3.8/site-packages/airflow/example_dags/example_kubernetes_executor.py for tasks to queue
[2023-09-07T16:04:44.324+0000] {logging_mixin.py:151} INFO - [2023-09-07T16:04:44.323+0000] {dagbag.py:539} INFO - Filling up the DagBag from /home/airflow/.local/lib/python3.8/site-packages/airflow/example_dags/example_kubernetes_executor.py
[2023-09-07T16:04:44.566+0000] {processor.py:839} INFO - DAG(s) dict_keys(['example_kubernetes_executor']) retrieved from /home/airflow/.local/lib/python3.8/site-packages/airflow/example_dags/example_kubernetes_executor.py
[2023-09-07T16:04:44.605+0000] {logging_mixin.py:151} INFO - [2023-09-07T16:04:44.605+0000] {dag.py:2907} INFO - Sync 1 DAGs
[2023-09-07T16:04:44.619+0000] {logging_mixin.py:151} INFO - [2023-09-07T16:04:44.618+0000] {dag.py:3677} INFO - Setting next_dagrun for example_kubernetes_executor to None, run_after=None
[2023-09-07T16:04:44.637+0000] {processor.py:179} INFO - Processing /home/airflow/.local/lib/python3.8/site-packages/airflow/example_dags/example_kubernetes_executor.py took 0.318 seconds
[2023-09-07T16:05:14.688+0000] {processor.py:157} INFO - Started process (PID=3464) to work on /home/airflow/.local/lib/python3.8/site-packages/airflow/example_dags/example_kubernetes_executor.py
[2023-09-07T16:05:14.689+0000] {processor.py:829} INFO - Processing file /home/airflow/.local/lib/python3.8/site-packages/airflow/example_dags/example_kubernetes_executor.py for tasks to queue
[2023-09-07T16:05:14.691+0000] {logging_mixin.py:151} INFO - [2023-09-07T16:05:14.690+0000] {dagbag.py:539} INFO - Filling up the DagBag from /home/airflow/.local/lib/python3.8/site-packages/airflow/example_dags/example_kubernetes_executor.py
[2023-09-07T16:05:14.910+0000] {processor.py:839} INFO - DAG(s) dict_keys(['example_kubernetes_executor']) retrieved from /home/airflow/.local/lib/python3.8/site-packages/airflow/example_dags/example_kubernetes_executor.py
[2023-09-07T16:05:14.940+0000] {logging_mixin.py:151} INFO - [2023-09-07T16:05:14.940+0000] {dag.py:2907} INFO - Sync 1 DAGs
[2023-09-07T16:05:14.949+0000] {logging_mixin.py:151} INFO - [2023-09-07T16:05:14.949+0000] {dag.py:3677} INFO - Setting next_dagrun for example_kubernetes_executor to None, run_after=None
[2023-09-07T16:05:14.971+0000] {processor.py:179} INFO - Processing /home/airflow/.local/lib/python3.8/site-packages/airflow/example_dags/example_kubernetes_executor.py took 0.287 seconds
[2023-09-07T16:05:45.204+0000] {processor.py:157} INFO - Started process (PID=3705) to work on /home/airflow/.local/lib/python3.8/site-packages/airflow/example_dags/example_kubernetes_executor.py
[2023-09-07T16:05:45.206+0000] {processor.py:829} INFO - Processing file /home/airflow/.local/lib/python3.8/site-packages/airflow/example_dags/example_kubernetes_executor.py for tasks to queue
[2023-09-07T16:05:45.207+0000] {logging_mixin.py:151} INFO - [2023-09-07T16:05:45.206+0000] {dagbag.py:539} INFO - Filling up the DagBag from /home/airflow/.local/lib/python3.8/site-packages/airflow/example_dags/example_kubernetes_executor.py
[2023-09-07T16:05:45.390+0000] {processor.py:839} INFO - DAG(s) dict_keys(['example_kubernetes_executor']) retrieved from /home/airflow/.local/lib/python3.8/site-packages/airflow/example_dags/example_kubernetes_executor.py
[2023-09-07T16:05:45.422+0000] {logging_mixin.py:151} INFO - [2023-09-07T16:05:45.422+0000] {dag.py:2907} INFO - Sync 1 DAGs
[2023-09-07T16:05:45.432+0000] {logging_mixin.py:151} INFO - [2023-09-07T16:05:45.432+0000] {dag.py:3677} INFO - Setting next_dagrun for example_kubernetes_executor to None, run_after=None
[2023-09-07T16:05:45.443+0000] {processor.py:179} INFO - Processing /home/airflow/.local/lib/python3.8/site-packages/airflow/example_dags/example_kubernetes_executor.py took 0.242 seconds
[2023-09-07T16:06:15.683+0000] {processor.py:157} INFO - Started process (PID=3943) to work on /home/airflow/.local/lib/python3.8/site-packages/airflow/example_dags/example_kubernetes_executor.py
[2023-09-07T16:06:15.685+0000] {processor.py:829} INFO - Processing file /home/airflow/.local/lib/python3.8/site-packages/airflow/example_dags/example_kubernetes_executor.py for tasks to queue
[2023-09-07T16:06:15.686+0000] {logging_mixin.py:151} INFO - [2023-09-07T16:06:15.685+0000] {dagbag.py:539} INFO - Filling up the DagBag from /home/airflow/.local/lib/python3.8/site-packages/airflow/example_dags/example_kubernetes_executor.py
[2023-09-07T16:06:16.029+0000] {processor.py:839} INFO - DAG(s) dict_keys(['example_kubernetes_executor']) retrieved from /home/airflow/.local/lib/python3.8/site-packages/airflow/example_dags/example_kubernetes_executor.py
[2023-09-07T16:06:16.083+0000] {logging_mixin.py:151} INFO - [2023-09-07T16:06:16.082+0000] {dag.py:2907} INFO - Sync 1 DAGs
[2023-09-07T16:06:16.103+0000] {logging_mixin.py:151} INFO - [2023-09-07T16:06:16.103+0000] {dag.py:3677} INFO - Setting next_dagrun for example_kubernetes_executor to None, run_after=None
[2023-09-07T16:06:16.128+0000] {processor.py:179} INFO - Processing /home/airflow/.local/lib/python3.8/site-packages/airflow/example_dags/example_kubernetes_executor.py took 0.449 seconds
[2023-09-07T16:06:47.675+0000] {processor.py:157} INFO - Started process (PID=4193) to work on /home/airflow/.local/lib/python3.8/site-packages/airflow/example_dags/example_kubernetes_executor.py
[2023-09-07T16:06:47.681+0000] {processor.py:829} INFO - Processing file /home/airflow/.local/lib/python3.8/site-packages/airflow/example_dags/example_kubernetes_executor.py for tasks to queue
[2023-09-07T16:06:47.682+0000] {logging_mixin.py:151} INFO - [2023-09-07T16:06:47.682+0000] {dagbag.py:539} INFO - Filling up the DagBag from /home/airflow/.local/lib/python3.8/site-packages/airflow/example_dags/example_kubernetes_executor.py
[2023-09-07T16:06:48.194+0000] {processor.py:839} INFO - DAG(s) dict_keys(['example_kubernetes_executor']) retrieved from /home/airflow/.local/lib/python3.8/site-packages/airflow/example_dags/example_kubernetes_executor.py
[2023-09-07T16:06:48.256+0000] {logging_mixin.py:151} INFO - [2023-09-07T16:06:48.255+0000] {dag.py:2907} INFO - Sync 1 DAGs
[2023-09-07T16:06:48.272+0000] {logging_mixin.py:151} INFO - [2023-09-07T16:06:48.272+0000] {dag.py:3677} INFO - Setting next_dagrun for example_kubernetes_executor to None, run_after=None
[2023-09-07T16:06:48.307+0000] {processor.py:179} INFO - Processing /home/airflow/.local/lib/python3.8/site-packages/airflow/example_dags/example_kubernetes_executor.py took 0.637 seconds
[2023-09-07T16:07:19.136+0000] {processor.py:157} INFO - Started process (PID=4436) to work on /home/airflow/.local/lib/python3.8/site-packages/airflow/example_dags/example_kubernetes_executor.py
[2023-09-07T16:07:19.140+0000] {processor.py:829} INFO - Processing file /home/airflow/.local/lib/python3.8/site-packages/airflow/example_dags/example_kubernetes_executor.py for tasks to queue
[2023-09-07T16:07:19.142+0000] {logging_mixin.py:151} INFO - [2023-09-07T16:07:19.141+0000] {dagbag.py:539} INFO - Filling up the DagBag from /home/airflow/.local/lib/python3.8/site-packages/airflow/example_dags/example_kubernetes_executor.py
[2023-09-07T16:07:19.418+0000] {processor.py:839} INFO - DAG(s) dict_keys(['example_kubernetes_executor']) retrieved from /home/airflow/.local/lib/python3.8/site-packages/airflow/example_dags/example_kubernetes_executor.py
[2023-09-07T16:07:19.460+0000] {logging_mixin.py:151} INFO - [2023-09-07T16:07:19.459+0000] {dag.py:2907} INFO - Sync 1 DAGs
[2023-09-07T16:07:19.472+0000] {logging_mixin.py:151} INFO - [2023-09-07T16:07:19.472+0000] {dag.py:3677} INFO - Setting next_dagrun for example_kubernetes_executor to None, run_after=None
[2023-09-07T16:07:19.487+0000] {processor.py:179} INFO - Processing /home/airflow/.local/lib/python3.8/site-packages/airflow/example_dags/example_kubernetes_executor.py took 0.356 seconds
[2023-09-07T16:07:50.271+0000] {processor.py:157} INFO - Started process (PID=4674) to work on /home/airflow/.local/lib/python3.8/site-packages/airflow/example_dags/example_kubernetes_executor.py
[2023-09-07T16:07:50.275+0000] {processor.py:829} INFO - Processing file /home/airflow/.local/lib/python3.8/site-packages/airflow/example_dags/example_kubernetes_executor.py for tasks to queue
[2023-09-07T16:07:50.276+0000] {logging_mixin.py:151} INFO - [2023-09-07T16:07:50.276+0000] {dagbag.py:539} INFO - Filling up the DagBag from /home/airflow/.local/lib/python3.8/site-packages/airflow/example_dags/example_kubernetes_executor.py
[2023-09-07T16:07:50.546+0000] {processor.py:839} INFO - DAG(s) dict_keys(['example_kubernetes_executor']) retrieved from /home/airflow/.local/lib/python3.8/site-packages/airflow/example_dags/example_kubernetes_executor.py
[2023-09-07T16:07:50.594+0000] {logging_mixin.py:151} INFO - [2023-09-07T16:07:50.593+0000] {dag.py:2907} INFO - Sync 1 DAGs
[2023-09-07T16:07:50.605+0000] {logging_mixin.py:151} INFO - [2023-09-07T16:07:50.605+0000] {dag.py:3677} INFO - Setting next_dagrun for example_kubernetes_executor to None, run_after=None
[2023-09-07T16:07:50.618+0000] {processor.py:179} INFO - Processing /home/airflow/.local/lib/python3.8/site-packages/airflow/example_dags/example_kubernetes_executor.py took 0.361 seconds
[2023-09-07T16:08:20.847+0000] {processor.py:157} INFO - Started process (PID=4912) to work on /home/airflow/.local/lib/python3.8/site-packages/airflow/example_dags/example_kubernetes_executor.py
[2023-09-07T16:08:20.850+0000] {processor.py:829} INFO - Processing file /home/airflow/.local/lib/python3.8/site-packages/airflow/example_dags/example_kubernetes_executor.py for tasks to queue
[2023-09-07T16:08:20.852+0000] {logging_mixin.py:151} INFO - [2023-09-07T16:08:20.852+0000] {dagbag.py:539} INFO - Filling up the DagBag from /home/airflow/.local/lib/python3.8/site-packages/airflow/example_dags/example_kubernetes_executor.py
[2023-09-07T16:08:21.154+0000] {processor.py:839} INFO - DAG(s) dict_keys(['example_kubernetes_executor']) retrieved from /home/airflow/.local/lib/python3.8/site-packages/airflow/example_dags/example_kubernetes_executor.py
[2023-09-07T16:08:21.200+0000] {logging_mixin.py:151} INFO - [2023-09-07T16:08:21.200+0000] {dag.py:2907} INFO - Sync 1 DAGs
[2023-09-07T16:08:21.211+0000] {logging_mixin.py:151} INFO - [2023-09-07T16:08:21.211+0000] {dag.py:3677} INFO - Setting next_dagrun for example_kubernetes_executor to None, run_after=None
[2023-09-07T16:08:21.224+0000] {processor.py:179} INFO - Processing /home/airflow/.local/lib/python3.8/site-packages/airflow/example_dags/example_kubernetes_executor.py took 0.389 seconds
[2023-09-07T16:08:51.912+0000] {processor.py:157} INFO - Started process (PID=5150) to work on /home/airflow/.local/lib/python3.8/site-packages/airflow/example_dags/example_kubernetes_executor.py
[2023-09-07T16:08:51.915+0000] {processor.py:829} INFO - Processing file /home/airflow/.local/lib/python3.8/site-packages/airflow/example_dags/example_kubernetes_executor.py for tasks to queue
[2023-09-07T16:08:51.917+0000] {logging_mixin.py:151} INFO - [2023-09-07T16:08:51.916+0000] {dagbag.py:539} INFO - Filling up the DagBag from /home/airflow/.local/lib/python3.8/site-packages/airflow/example_dags/example_kubernetes_executor.py
[2023-09-07T16:08:52.246+0000] {processor.py:839} INFO - DAG(s) dict_keys(['example_kubernetes_executor']) retrieved from /home/airflow/.local/lib/python3.8/site-packages/airflow/example_dags/example_kubernetes_executor.py
[2023-09-07T16:08:52.298+0000] {logging_mixin.py:151} INFO - [2023-09-07T16:08:52.298+0000] {dag.py:2907} INFO - Sync 1 DAGs
[2023-09-07T16:08:52.309+0000] {logging_mixin.py:151} INFO - [2023-09-07T16:08:52.309+0000] {dag.py:3677} INFO - Setting next_dagrun for example_kubernetes_executor to None, run_after=None
[2023-09-07T16:08:52.322+0000] {processor.py:179} INFO - Processing /home/airflow/.local/lib/python3.8/site-packages/airflow/example_dags/example_kubernetes_executor.py took 0.418 seconds
[2023-09-07T16:09:22.931+0000] {processor.py:157} INFO - Started process (PID=5388) to work on /home/airflow/.local/lib/python3.8/site-packages/airflow/example_dags/example_kubernetes_executor.py
[2023-09-07T16:09:22.935+0000] {processor.py:829} INFO - Processing file /home/airflow/.local/lib/python3.8/site-packages/airflow/example_dags/example_kubernetes_executor.py for tasks to queue
[2023-09-07T16:09:22.940+0000] {logging_mixin.py:151} INFO - [2023-09-07T16:09:22.936+0000] {dagbag.py:539} INFO - Filling up the DagBag from /home/airflow/.local/lib/python3.8/site-packages/airflow/example_dags/example_kubernetes_executor.py
[2023-09-07T16:09:23.248+0000] {processor.py:839} INFO - DAG(s) dict_keys(['example_kubernetes_executor']) retrieved from /home/airflow/.local/lib/python3.8/site-packages/airflow/example_dags/example_kubernetes_executor.py
[2023-09-07T16:09:23.293+0000] {logging_mixin.py:151} INFO - [2023-09-07T16:09:23.293+0000] {dag.py:2907} INFO - Sync 1 DAGs
[2023-09-07T16:09:23.303+0000] {logging_mixin.py:151} INFO - [2023-09-07T16:09:23.303+0000] {dag.py:3677} INFO - Setting next_dagrun for example_kubernetes_executor to None, run_after=None
[2023-09-07T16:09:23.316+0000] {processor.py:179} INFO - Processing /home/airflow/.local/lib/python3.8/site-packages/airflow/example_dags/example_kubernetes_executor.py took 0.398 seconds
[2023-09-07T16:09:53.495+0000] {processor.py:157} INFO - Started process (PID=5631) to work on /home/airflow/.local/lib/python3.8/site-packages/airflow/example_dags/example_kubernetes_executor.py
[2023-09-07T16:09:53.498+0000] {processor.py:829} INFO - Processing file /home/airflow/.local/lib/python3.8/site-packages/airflow/example_dags/example_kubernetes_executor.py for tasks to queue
[2023-09-07T16:09:53.500+0000] {logging_mixin.py:151} INFO - [2023-09-07T16:09:53.499+0000] {dagbag.py:539} INFO - Filling up the DagBag from /home/airflow/.local/lib/python3.8/site-packages/airflow/example_dags/example_kubernetes_executor.py
[2023-09-07T16:09:53.810+0000] {processor.py:839} INFO - DAG(s) dict_keys(['example_kubernetes_executor']) retrieved from /home/airflow/.local/lib/python3.8/site-packages/airflow/example_dags/example_kubernetes_executor.py
[2023-09-07T16:09:53.853+0000] {logging_mixin.py:151} INFO - [2023-09-07T16:09:53.851+0000] {dag.py:2907} INFO - Sync 1 DAGs
[2023-09-07T16:09:53.867+0000] {logging_mixin.py:151} INFO - [2023-09-07T16:09:53.867+0000] {dag.py:3677} INFO - Setting next_dagrun for example_kubernetes_executor to None, run_after=None
[2023-09-07T16:09:53.881+0000] {processor.py:179} INFO - Processing /home/airflow/.local/lib/python3.8/site-packages/airflow/example_dags/example_kubernetes_executor.py took 0.392 seconds
[2023-09-07T16:10:24.351+0000] {processor.py:157} INFO - Started process (PID=5863) to work on /home/airflow/.local/lib/python3.8/site-packages/airflow/example_dags/example_kubernetes_executor.py
[2023-09-07T16:10:24.354+0000] {processor.py:829} INFO - Processing file /home/airflow/.local/lib/python3.8/site-packages/airflow/example_dags/example_kubernetes_executor.py for tasks to queue
[2023-09-07T16:10:24.357+0000] {logging_mixin.py:151} INFO - [2023-09-07T16:10:24.356+0000] {dagbag.py:539} INFO - Filling up the DagBag from /home/airflow/.local/lib/python3.8/site-packages/airflow/example_dags/example_kubernetes_executor.py
[2023-09-07T16:10:24.685+0000] {processor.py:839} INFO - DAG(s) dict_keys(['example_kubernetes_executor']) retrieved from /home/airflow/.local/lib/python3.8/site-packages/airflow/example_dags/example_kubernetes_executor.py
[2023-09-07T16:10:24.719+0000] {logging_mixin.py:151} INFO - [2023-09-07T16:10:24.719+0000] {dag.py:2907} INFO - Sync 1 DAGs
[2023-09-07T16:10:24.731+0000] {logging_mixin.py:151} INFO - [2023-09-07T16:10:24.731+0000] {dag.py:3677} INFO - Setting next_dagrun for example_kubernetes_executor to None, run_after=None
[2023-09-07T16:10:24.744+0000] {processor.py:179} INFO - Processing /home/airflow/.local/lib/python3.8/site-packages/airflow/example_dags/example_kubernetes_executor.py took 0.403 seconds
[2023-09-07T16:10:55.381+0000] {processor.py:157} INFO - Started process (PID=6101) to work on /home/airflow/.local/lib/python3.8/site-packages/airflow/example_dags/example_kubernetes_executor.py
[2023-09-07T16:10:55.386+0000] {processor.py:829} INFO - Processing file /home/airflow/.local/lib/python3.8/site-packages/airflow/example_dags/example_kubernetes_executor.py for tasks to queue
[2023-09-07T16:10:55.394+0000] {logging_mixin.py:151} INFO - [2023-09-07T16:10:55.389+0000] {dagbag.py:539} INFO - Filling up the DagBag from /home/airflow/.local/lib/python3.8/site-packages/airflow/example_dags/example_kubernetes_executor.py
[2023-09-07T16:10:55.768+0000] {processor.py:839} INFO - DAG(s) dict_keys(['example_kubernetes_executor']) retrieved from /home/airflow/.local/lib/python3.8/site-packages/airflow/example_dags/example_kubernetes_executor.py
[2023-09-07T16:10:55.803+0000] {logging_mixin.py:151} INFO - [2023-09-07T16:10:55.803+0000] {dag.py:2907} INFO - Sync 1 DAGs
[2023-09-07T16:10:55.816+0000] {logging_mixin.py:151} INFO - [2023-09-07T16:10:55.815+0000] {dag.py:3677} INFO - Setting next_dagrun for example_kubernetes_executor to None, run_after=None
[2023-09-07T16:10:55.841+0000] {processor.py:179} INFO - Processing /home/airflow/.local/lib/python3.8/site-packages/airflow/example_dags/example_kubernetes_executor.py took 0.474 seconds
[2023-09-07T16:11:26.707+0000] {processor.py:157} INFO - Started process (PID=6339) to work on /home/airflow/.local/lib/python3.8/site-packages/airflow/example_dags/example_kubernetes_executor.py
[2023-09-07T16:11:26.716+0000] {processor.py:829} INFO - Processing file /home/airflow/.local/lib/python3.8/site-packages/airflow/example_dags/example_kubernetes_executor.py for tasks to queue
[2023-09-07T16:11:26.718+0000] {logging_mixin.py:151} INFO - [2023-09-07T16:11:26.718+0000] {dagbag.py:539} INFO - Filling up the DagBag from /home/airflow/.local/lib/python3.8/site-packages/airflow/example_dags/example_kubernetes_executor.py
[2023-09-07T16:11:27.059+0000] {processor.py:839} INFO - DAG(s) dict_keys(['example_kubernetes_executor']) retrieved from /home/airflow/.local/lib/python3.8/site-packages/airflow/example_dags/example_kubernetes_executor.py
[2023-09-07T16:11:27.113+0000] {logging_mixin.py:151} INFO - [2023-09-07T16:11:27.112+0000] {dag.py:2907} INFO - Sync 1 DAGs
[2023-09-07T16:11:27.125+0000] {logging_mixin.py:151} INFO - [2023-09-07T16:11:27.125+0000] {dag.py:3677} INFO - Setting next_dagrun for example_kubernetes_executor to None, run_after=None
[2023-09-07T16:11:27.138+0000] {processor.py:179} INFO - Processing /home/airflow/.local/lib/python3.8/site-packages/airflow/example_dags/example_kubernetes_executor.py took 0.453 seconds
[2023-09-07T16:11:57.753+0000] {processor.py:157} INFO - Started process (PID=6577) to work on /home/airflow/.local/lib/python3.8/site-packages/airflow/example_dags/example_kubernetes_executor.py
[2023-09-07T16:11:57.757+0000] {processor.py:829} INFO - Processing file /home/airflow/.local/lib/python3.8/site-packages/airflow/example_dags/example_kubernetes_executor.py for tasks to queue
[2023-09-07T16:11:57.760+0000] {logging_mixin.py:151} INFO - [2023-09-07T16:11:57.760+0000] {dagbag.py:539} INFO - Filling up the DagBag from /home/airflow/.local/lib/python3.8/site-packages/airflow/example_dags/example_kubernetes_executor.py
[2023-09-07T16:11:58.046+0000] {processor.py:839} INFO - DAG(s) dict_keys(['example_kubernetes_executor']) retrieved from /home/airflow/.local/lib/python3.8/site-packages/airflow/example_dags/example_kubernetes_executor.py
[2023-09-07T16:11:58.082+0000] {logging_mixin.py:151} INFO - [2023-09-07T16:11:58.082+0000] {dag.py:2907} INFO - Sync 1 DAGs
[2023-09-07T16:11:58.091+0000] {logging_mixin.py:151} INFO - [2023-09-07T16:11:58.091+0000] {dag.py:3677} INFO - Setting next_dagrun for example_kubernetes_executor to None, run_after=None
[2023-09-07T16:11:58.102+0000] {processor.py:179} INFO - Processing /home/airflow/.local/lib/python3.8/site-packages/airflow/example_dags/example_kubernetes_executor.py took 0.387 seconds
[2023-09-07T16:12:28.311+0000] {processor.py:157} INFO - Started process (PID=6821) to work on /home/airflow/.local/lib/python3.8/site-packages/airflow/example_dags/example_kubernetes_executor.py
[2023-09-07T16:12:28.313+0000] {processor.py:829} INFO - Processing file /home/airflow/.local/lib/python3.8/site-packages/airflow/example_dags/example_kubernetes_executor.py for tasks to queue
[2023-09-07T16:12:28.314+0000] {logging_mixin.py:151} INFO - [2023-09-07T16:12:28.314+0000] {dagbag.py:539} INFO - Filling up the DagBag from /home/airflow/.local/lib/python3.8/site-packages/airflow/example_dags/example_kubernetes_executor.py
[2023-09-07T16:12:28.620+0000] {processor.py:839} INFO - DAG(s) dict_keys(['example_kubernetes_executor']) retrieved from /home/airflow/.local/lib/python3.8/site-packages/airflow/example_dags/example_kubernetes_executor.py
[2023-09-07T16:12:28.654+0000] {logging_mixin.py:151} INFO - [2023-09-07T16:12:28.654+0000] {dag.py:2907} INFO - Sync 1 DAGs
[2023-09-07T16:12:28.664+0000] {logging_mixin.py:151} INFO - [2023-09-07T16:12:28.663+0000] {dag.py:3677} INFO - Setting next_dagrun for example_kubernetes_executor to None, run_after=None
[2023-09-07T16:12:28.676+0000] {processor.py:179} INFO - Processing /home/airflow/.local/lib/python3.8/site-packages/airflow/example_dags/example_kubernetes_executor.py took 0.369 seconds
[2023-09-07T16:12:58.995+0000] {processor.py:157} INFO - Started process (PID=7055) to work on /home/airflow/.local/lib/python3.8/site-packages/airflow/example_dags/example_kubernetes_executor.py
[2023-09-07T16:12:58.998+0000] {processor.py:829} INFO - Processing file /home/airflow/.local/lib/python3.8/site-packages/airflow/example_dags/example_kubernetes_executor.py for tasks to queue
[2023-09-07T16:12:59.001+0000] {logging_mixin.py:151} INFO - [2023-09-07T16:12:59.000+0000] {dagbag.py:539} INFO - Filling up the DagBag from /home/airflow/.local/lib/python3.8/site-packages/airflow/example_dags/example_kubernetes_executor.py
[2023-09-07T16:12:59.310+0000] {processor.py:839} INFO - DAG(s) dict_keys(['example_kubernetes_executor']) retrieved from /home/airflow/.local/lib/python3.8/site-packages/airflow/example_dags/example_kubernetes_executor.py
[2023-09-07T16:12:59.349+0000] {logging_mixin.py:151} INFO - [2023-09-07T16:12:59.346+0000] {dag.py:2907} INFO - Sync 1 DAGs
[2023-09-07T16:12:59.368+0000] {logging_mixin.py:151} INFO - [2023-09-07T16:12:59.368+0000] {dag.py:3677} INFO - Setting next_dagrun for example_kubernetes_executor to None, run_after=None
[2023-09-07T16:12:59.384+0000] {processor.py:179} INFO - Processing /home/airflow/.local/lib/python3.8/site-packages/airflow/example_dags/example_kubernetes_executor.py took 0.408 seconds
[2023-09-07T16:13:29.548+0000] {processor.py:157} INFO - Started process (PID=7293) to work on /home/airflow/.local/lib/python3.8/site-packages/airflow/example_dags/example_kubernetes_executor.py
[2023-09-07T16:13:29.551+0000] {processor.py:829} INFO - Processing file /home/airflow/.local/lib/python3.8/site-packages/airflow/example_dags/example_kubernetes_executor.py for tasks to queue
[2023-09-07T16:13:29.553+0000] {logging_mixin.py:151} INFO - [2023-09-07T16:13:29.552+0000] {dagbag.py:539} INFO - Filling up the DagBag from /home/airflow/.local/lib/python3.8/site-packages/airflow/example_dags/example_kubernetes_executor.py
[2023-09-07T16:13:29.855+0000] {processor.py:839} INFO - DAG(s) dict_keys(['example_kubernetes_executor']) retrieved from /home/airflow/.local/lib/python3.8/site-packages/airflow/example_dags/example_kubernetes_executor.py
[2023-09-07T16:13:29.894+0000] {logging_mixin.py:151} INFO - [2023-09-07T16:13:29.894+0000] {dag.py:2907} INFO - Sync 1 DAGs
[2023-09-07T16:13:29.904+0000] {logging_mixin.py:151} INFO - [2023-09-07T16:13:29.904+0000] {dag.py:3677} INFO - Setting next_dagrun for example_kubernetes_executor to None, run_after=None
[2023-09-07T16:13:29.916+0000] {processor.py:179} INFO - Processing /home/airflow/.local/lib/python3.8/site-packages/airflow/example_dags/example_kubernetes_executor.py took 0.376 seconds
[2023-09-07T16:14:00.076+0000] {processor.py:157} INFO - Started process (PID=7534) to work on /home/airflow/.local/lib/python3.8/site-packages/airflow/example_dags/example_kubernetes_executor.py
[2023-09-07T16:14:00.093+0000] {processor.py:829} INFO - Processing file /home/airflow/.local/lib/python3.8/site-packages/airflow/example_dags/example_kubernetes_executor.py for tasks to queue
[2023-09-07T16:14:00.099+0000] {logging_mixin.py:151} INFO - [2023-09-07T16:14:00.098+0000] {dagbag.py:539} INFO - Filling up the DagBag from /home/airflow/.local/lib/python3.8/site-packages/airflow/example_dags/example_kubernetes_executor.py
[2023-09-07T16:14:00.777+0000] {processor.py:839} INFO - DAG(s) dict_keys(['example_kubernetes_executor']) retrieved from /home/airflow/.local/lib/python3.8/site-packages/airflow/example_dags/example_kubernetes_executor.py
[2023-09-07T16:14:00.829+0000] {logging_mixin.py:151} INFO - [2023-09-07T16:14:00.826+0000] {dag.py:2907} INFO - Sync 1 DAGs
[2023-09-07T16:14:00.857+0000] {logging_mixin.py:151} INFO - [2023-09-07T16:14:00.857+0000] {dag.py:3677} INFO - Setting next_dagrun for example_kubernetes_executor to None, run_after=None
[2023-09-07T16:14:00.874+0000] {processor.py:179} INFO - Processing /home/airflow/.local/lib/python3.8/site-packages/airflow/example_dags/example_kubernetes_executor.py took 0.768 seconds
[2023-09-07T16:14:31.012+0000] {processor.py:157} INFO - Started process (PID=7775) to work on /home/airflow/.local/lib/python3.8/site-packages/airflow/example_dags/example_kubernetes_executor.py
[2023-09-07T16:14:31.013+0000] {processor.py:829} INFO - Processing file /home/airflow/.local/lib/python3.8/site-packages/airflow/example_dags/example_kubernetes_executor.py for tasks to queue
[2023-09-07T16:14:31.014+0000] {logging_mixin.py:151} INFO - [2023-09-07T16:14:31.013+0000] {dagbag.py:539} INFO - Filling up the DagBag from /home/airflow/.local/lib/python3.8/site-packages/airflow/example_dags/example_kubernetes_executor.py
[2023-09-07T16:14:31.273+0000] {processor.py:839} INFO - DAG(s) dict_keys(['example_kubernetes_executor']) retrieved from /home/airflow/.local/lib/python3.8/site-packages/airflow/example_dags/example_kubernetes_executor.py
[2023-09-07T16:14:31.301+0000] {logging_mixin.py:151} INFO - [2023-09-07T16:14:31.301+0000] {dag.py:2907} INFO - Sync 1 DAGs
[2023-09-07T16:14:31.310+0000] {logging_mixin.py:151} INFO - [2023-09-07T16:14:31.310+0000] {dag.py:3677} INFO - Setting next_dagrun for example_kubernetes_executor to None, run_after=None
[2023-09-07T16:14:31.323+0000] {processor.py:179} INFO - Processing /home/airflow/.local/lib/python3.8/site-packages/airflow/example_dags/example_kubernetes_executor.py took 0.316 seconds
[2023-09-07T16:15:01.429+0000] {processor.py:157} INFO - Started process (PID=8021) to work on /home/airflow/.local/lib/python3.8/site-packages/airflow/example_dags/example_kubernetes_executor.py
[2023-09-07T16:15:01.430+0000] {processor.py:829} INFO - Processing file /home/airflow/.local/lib/python3.8/site-packages/airflow/example_dags/example_kubernetes_executor.py for tasks to queue
[2023-09-07T16:15:01.432+0000] {logging_mixin.py:151} INFO - [2023-09-07T16:15:01.431+0000] {dagbag.py:539} INFO - Filling up the DagBag from /home/airflow/.local/lib/python3.8/site-packages/airflow/example_dags/example_kubernetes_executor.py
[2023-09-07T16:15:01.686+0000] {processor.py:839} INFO - DAG(s) dict_keys(['example_kubernetes_executor']) retrieved from /home/airflow/.local/lib/python3.8/site-packages/airflow/example_dags/example_kubernetes_executor.py
[2023-09-07T16:15:01.716+0000] {logging_mixin.py:151} INFO - [2023-09-07T16:15:01.715+0000] {dag.py:2907} INFO - Sync 1 DAGs
[2023-09-07T16:15:01.727+0000] {logging_mixin.py:151} INFO - [2023-09-07T16:15:01.726+0000] {dag.py:3677} INFO - Setting next_dagrun for example_kubernetes_executor to None, run_after=None
[2023-09-07T16:15:01.745+0000] {processor.py:179} INFO - Processing /home/airflow/.local/lib/python3.8/site-packages/airflow/example_dags/example_kubernetes_executor.py took 0.319 seconds
[2023-09-07T16:15:31.884+0000] {processor.py:157} INFO - Started process (PID=8245) to work on /home/airflow/.local/lib/python3.8/site-packages/airflow/example_dags/example_kubernetes_executor.py
[2023-09-07T16:15:31.887+0000] {processor.py:829} INFO - Processing file /home/airflow/.local/lib/python3.8/site-packages/airflow/example_dags/example_kubernetes_executor.py for tasks to queue
[2023-09-07T16:15:31.893+0000] {logging_mixin.py:151} INFO - [2023-09-07T16:15:31.889+0000] {dagbag.py:539} INFO - Filling up the DagBag from /home/airflow/.local/lib/python3.8/site-packages/airflow/example_dags/example_kubernetes_executor.py
[2023-09-07T16:15:32.258+0000] {processor.py:839} INFO - DAG(s) dict_keys(['example_kubernetes_executor']) retrieved from /home/airflow/.local/lib/python3.8/site-packages/airflow/example_dags/example_kubernetes_executor.py
[2023-09-07T16:15:32.305+0000] {logging_mixin.py:151} INFO - [2023-09-07T16:15:32.304+0000] {dag.py:2907} INFO - Sync 1 DAGs
[2023-09-07T16:15:32.323+0000] {logging_mixin.py:151} INFO - [2023-09-07T16:15:32.323+0000] {dag.py:3677} INFO - Setting next_dagrun for example_kubernetes_executor to None, run_after=None
[2023-09-07T16:15:32.348+0000] {processor.py:179} INFO - Processing /home/airflow/.local/lib/python3.8/site-packages/airflow/example_dags/example_kubernetes_executor.py took 0.471 seconds
[2023-09-07T16:16:03.064+0000] {processor.py:157} INFO - Started process (PID=8483) to work on /home/airflow/.local/lib/python3.8/site-packages/airflow/example_dags/example_kubernetes_executor.py
[2023-09-07T16:16:03.069+0000] {processor.py:829} INFO - Processing file /home/airflow/.local/lib/python3.8/site-packages/airflow/example_dags/example_kubernetes_executor.py for tasks to queue
[2023-09-07T16:16:03.071+0000] {logging_mixin.py:151} INFO - [2023-09-07T16:16:03.070+0000] {dagbag.py:539} INFO - Filling up the DagBag from /home/airflow/.local/lib/python3.8/site-packages/airflow/example_dags/example_kubernetes_executor.py
[2023-09-07T16:16:03.362+0000] {processor.py:839} INFO - DAG(s) dict_keys(['example_kubernetes_executor']) retrieved from /home/airflow/.local/lib/python3.8/site-packages/airflow/example_dags/example_kubernetes_executor.py
[2023-09-07T16:16:03.407+0000] {logging_mixin.py:151} INFO - [2023-09-07T16:16:03.406+0000] {dag.py:2907} INFO - Sync 1 DAGs
[2023-09-07T16:16:03.418+0000] {logging_mixin.py:151} INFO - [2023-09-07T16:16:03.418+0000] {dag.py:3677} INFO - Setting next_dagrun for example_kubernetes_executor to None, run_after=None
[2023-09-07T16:16:03.435+0000] {processor.py:179} INFO - Processing /home/airflow/.local/lib/python3.8/site-packages/airflow/example_dags/example_kubernetes_executor.py took 0.390 seconds
[2023-09-07T16:16:33.579+0000] {processor.py:157} INFO - Started process (PID=8721) to work on /home/airflow/.local/lib/python3.8/site-packages/airflow/example_dags/example_kubernetes_executor.py
[2023-09-07T16:16:33.583+0000] {processor.py:829} INFO - Processing file /home/airflow/.local/lib/python3.8/site-packages/airflow/example_dags/example_kubernetes_executor.py for tasks to queue
[2023-09-07T16:16:33.585+0000] {logging_mixin.py:151} INFO - [2023-09-07T16:16:33.584+0000] {dagbag.py:539} INFO - Filling up the DagBag from /home/airflow/.local/lib/python3.8/site-packages/airflow/example_dags/example_kubernetes_executor.py
[2023-09-07T16:16:33.876+0000] {processor.py:839} INFO - DAG(s) dict_keys(['example_kubernetes_executor']) retrieved from /home/airflow/.local/lib/python3.8/site-packages/airflow/example_dags/example_kubernetes_executor.py
[2023-09-07T16:16:33.917+0000] {logging_mixin.py:151} INFO - [2023-09-07T16:16:33.917+0000] {dag.py:2907} INFO - Sync 1 DAGs
[2023-09-07T16:16:33.928+0000] {logging_mixin.py:151} INFO - [2023-09-07T16:16:33.928+0000] {dag.py:3677} INFO - Setting next_dagrun for example_kubernetes_executor to None, run_after=None
[2023-09-07T16:16:33.942+0000] {processor.py:179} INFO - Processing /home/airflow/.local/lib/python3.8/site-packages/airflow/example_dags/example_kubernetes_executor.py took 0.384 seconds
[2023-09-07T16:17:04.185+0000] {processor.py:157} INFO - Started process (PID=8959) to work on /home/airflow/.local/lib/python3.8/site-packages/airflow/example_dags/example_kubernetes_executor.py
[2023-09-07T16:17:04.187+0000] {processor.py:829} INFO - Processing file /home/airflow/.local/lib/python3.8/site-packages/airflow/example_dags/example_kubernetes_executor.py for tasks to queue
[2023-09-07T16:17:04.188+0000] {logging_mixin.py:151} INFO - [2023-09-07T16:17:04.188+0000] {dagbag.py:539} INFO - Filling up the DagBag from /home/airflow/.local/lib/python3.8/site-packages/airflow/example_dags/example_kubernetes_executor.py
[2023-09-07T16:17:04.496+0000] {processor.py:839} INFO - DAG(s) dict_keys(['example_kubernetes_executor']) retrieved from /home/airflow/.local/lib/python3.8/site-packages/airflow/example_dags/example_kubernetes_executor.py
[2023-09-07T16:17:04.531+0000] {logging_mixin.py:151} INFO - [2023-09-07T16:17:04.531+0000] {dag.py:2907} INFO - Sync 1 DAGs
[2023-09-07T16:17:04.549+0000] {logging_mixin.py:151} INFO - [2023-09-07T16:17:04.548+0000] {dag.py:3677} INFO - Setting next_dagrun for example_kubernetes_executor to None, run_after=None
[2023-09-07T16:17:04.606+0000] {processor.py:179} INFO - Processing /home/airflow/.local/lib/python3.8/site-packages/airflow/example_dags/example_kubernetes_executor.py took 0.425 seconds
[2023-09-07T16:17:35.130+0000] {processor.py:157} INFO - Started process (PID=9197) to work on /home/airflow/.local/lib/python3.8/site-packages/airflow/example_dags/example_kubernetes_executor.py
[2023-09-07T16:17:35.133+0000] {processor.py:829} INFO - Processing file /home/airflow/.local/lib/python3.8/site-packages/airflow/example_dags/example_kubernetes_executor.py for tasks to queue
[2023-09-07T16:17:35.139+0000] {logging_mixin.py:151} INFO - [2023-09-07T16:17:35.137+0000] {dagbag.py:539} INFO - Filling up the DagBag from /home/airflow/.local/lib/python3.8/site-packages/airflow/example_dags/example_kubernetes_executor.py
[2023-09-07T16:17:35.437+0000] {processor.py:839} INFO - DAG(s) dict_keys(['example_kubernetes_executor']) retrieved from /home/airflow/.local/lib/python3.8/site-packages/airflow/example_dags/example_kubernetes_executor.py
[2023-09-07T16:17:35.489+0000] {logging_mixin.py:151} INFO - [2023-09-07T16:17:35.489+0000] {dag.py:2907} INFO - Sync 1 DAGs
[2023-09-07T16:17:35.500+0000] {logging_mixin.py:151} INFO - [2023-09-07T16:17:35.500+0000] {dag.py:3677} INFO - Setting next_dagrun for example_kubernetes_executor to None, run_after=None
[2023-09-07T16:17:35.512+0000] {processor.py:179} INFO - Processing /home/airflow/.local/lib/python3.8/site-packages/airflow/example_dags/example_kubernetes_executor.py took 0.390 seconds
[2023-09-07T16:18:05.659+0000] {processor.py:157} INFO - Started process (PID=9435) to work on /home/airflow/.local/lib/python3.8/site-packages/airflow/example_dags/example_kubernetes_executor.py
[2023-09-07T16:18:05.662+0000] {processor.py:829} INFO - Processing file /home/airflow/.local/lib/python3.8/site-packages/airflow/example_dags/example_kubernetes_executor.py for tasks to queue
[2023-09-07T16:18:05.664+0000] {logging_mixin.py:151} INFO - [2023-09-07T16:18:05.663+0000] {dagbag.py:539} INFO - Filling up the DagBag from /home/airflow/.local/lib/python3.8/site-packages/airflow/example_dags/example_kubernetes_executor.py
[2023-09-07T16:18:05.966+0000] {processor.py:839} INFO - DAG(s) dict_keys(['example_kubernetes_executor']) retrieved from /home/airflow/.local/lib/python3.8/site-packages/airflow/example_dags/example_kubernetes_executor.py
[2023-09-07T16:18:06.013+0000] {logging_mixin.py:151} INFO - [2023-09-07T16:18:06.013+0000] {dag.py:2907} INFO - Sync 1 DAGs
[2023-09-07T16:18:06.024+0000] {logging_mixin.py:151} INFO - [2023-09-07T16:18:06.024+0000] {dag.py:3677} INFO - Setting next_dagrun for example_kubernetes_executor to None, run_after=None
[2023-09-07T16:18:06.039+0000] {processor.py:179} INFO - Processing /home/airflow/.local/lib/python3.8/site-packages/airflow/example_dags/example_kubernetes_executor.py took 0.389 seconds
[2023-09-07T16:18:36.424+0000] {processor.py:157} INFO - Started process (PID=9674) to work on /home/airflow/.local/lib/python3.8/site-packages/airflow/example_dags/example_kubernetes_executor.py
[2023-09-07T16:18:36.427+0000] {processor.py:829} INFO - Processing file /home/airflow/.local/lib/python3.8/site-packages/airflow/example_dags/example_kubernetes_executor.py for tasks to queue
[2023-09-07T16:18:36.429+0000] {logging_mixin.py:151} INFO - [2023-09-07T16:18:36.429+0000] {dagbag.py:539} INFO - Filling up the DagBag from /home/airflow/.local/lib/python3.8/site-packages/airflow/example_dags/example_kubernetes_executor.py
[2023-09-07T16:18:36.677+0000] {processor.py:839} INFO - DAG(s) dict_keys(['example_kubernetes_executor']) retrieved from /home/airflow/.local/lib/python3.8/site-packages/airflow/example_dags/example_kubernetes_executor.py
[2023-09-07T16:18:36.709+0000] {logging_mixin.py:151} INFO - [2023-09-07T16:18:36.709+0000] {dag.py:2907} INFO - Sync 1 DAGs
[2023-09-07T16:18:36.718+0000] {logging_mixin.py:151} INFO - [2023-09-07T16:18:36.718+0000] {dag.py:3677} INFO - Setting next_dagrun for example_kubernetes_executor to None, run_after=None
[2023-09-07T16:18:36.729+0000] {processor.py:179} INFO - Processing /home/airflow/.local/lib/python3.8/site-packages/airflow/example_dags/example_kubernetes_executor.py took 0.311 seconds
[2023-09-07T16:19:06.939+0000] {processor.py:157} INFO - Started process (PID=9920) to work on /home/airflow/.local/lib/python3.8/site-packages/airflow/example_dags/example_kubernetes_executor.py
[2023-09-07T16:19:06.940+0000] {processor.py:829} INFO - Processing file /home/airflow/.local/lib/python3.8/site-packages/airflow/example_dags/example_kubernetes_executor.py for tasks to queue
[2023-09-07T16:19:06.941+0000] {logging_mixin.py:151} INFO - [2023-09-07T16:19:06.941+0000] {dagbag.py:539} INFO - Filling up the DagBag from /home/airflow/.local/lib/python3.8/site-packages/airflow/example_dags/example_kubernetes_executor.py
[2023-09-07T16:19:07.168+0000] {processor.py:839} INFO - DAG(s) dict_keys(['example_kubernetes_executor']) retrieved from /home/airflow/.local/lib/python3.8/site-packages/airflow/example_dags/example_kubernetes_executor.py
[2023-09-07T16:19:07.214+0000] {logging_mixin.py:151} INFO - [2023-09-07T16:19:07.213+0000] {dag.py:2907} INFO - Sync 1 DAGs
[2023-09-07T16:19:07.222+0000] {logging_mixin.py:151} INFO - [2023-09-07T16:19:07.222+0000] {dag.py:3677} INFO - Setting next_dagrun for example_kubernetes_executor to None, run_after=None
[2023-09-07T16:19:07.231+0000] {processor.py:179} INFO - Processing /home/airflow/.local/lib/python3.8/site-packages/airflow/example_dags/example_kubernetes_executor.py took 0.297 seconds
[2023-09-07T16:19:37.398+0000] {processor.py:157} INFO - Started process (PID=10173) to work on /home/airflow/.local/lib/python3.8/site-packages/airflow/example_dags/example_kubernetes_executor.py
[2023-09-07T16:19:37.402+0000] {processor.py:829} INFO - Processing file /home/airflow/.local/lib/python3.8/site-packages/airflow/example_dags/example_kubernetes_executor.py for tasks to queue
[2023-09-07T16:19:37.404+0000] {logging_mixin.py:151} INFO - [2023-09-07T16:19:37.403+0000] {dagbag.py:539} INFO - Filling up the DagBag from /home/airflow/.local/lib/python3.8/site-packages/airflow/example_dags/example_kubernetes_executor.py
[2023-09-07T16:19:37.571+0000] {processor.py:839} INFO - DAG(s) dict_keys(['example_kubernetes_executor']) retrieved from /home/airflow/.local/lib/python3.8/site-packages/airflow/example_dags/example_kubernetes_executor.py
[2023-09-07T16:19:37.615+0000] {logging_mixin.py:151} INFO - [2023-09-07T16:19:37.615+0000] {dag.py:2907} INFO - Sync 1 DAGs
[2023-09-07T16:19:37.623+0000] {logging_mixin.py:151} INFO - [2023-09-07T16:19:37.623+0000] {dag.py:3677} INFO - Setting next_dagrun for example_kubernetes_executor to None, run_after=None
[2023-09-07T16:19:37.634+0000] {processor.py:179} INFO - Processing /home/airflow/.local/lib/python3.8/site-packages/airflow/example_dags/example_kubernetes_executor.py took 0.240 seconds
[2023-09-07T16:20:07.740+0000] {processor.py:157} INFO - Started process (PID=10388) to work on /home/airflow/.local/lib/python3.8/site-packages/airflow/example_dags/example_kubernetes_executor.py
[2023-09-07T16:20:07.742+0000] {processor.py:829} INFO - Processing file /home/airflow/.local/lib/python3.8/site-packages/airflow/example_dags/example_kubernetes_executor.py for tasks to queue
[2023-09-07T16:20:07.744+0000] {logging_mixin.py:151} INFO - [2023-09-07T16:20:07.744+0000] {dagbag.py:539} INFO - Filling up the DagBag from /home/airflow/.local/lib/python3.8/site-packages/airflow/example_dags/example_kubernetes_executor.py
[2023-09-07T16:20:08.033+0000] {processor.py:839} INFO - DAG(s) dict_keys(['example_kubernetes_executor']) retrieved from /home/airflow/.local/lib/python3.8/site-packages/airflow/example_dags/example_kubernetes_executor.py
[2023-09-07T16:20:08.075+0000] {logging_mixin.py:151} INFO - [2023-09-07T16:20:08.075+0000] {dag.py:2907} INFO - Sync 1 DAGs
[2023-09-07T16:20:08.094+0000] {logging_mixin.py:151} INFO - [2023-09-07T16:20:08.094+0000] {dag.py:3677} INFO - Setting next_dagrun for example_kubernetes_executor to None, run_after=None
[2023-09-07T16:20:08.108+0000] {processor.py:179} INFO - Processing /home/airflow/.local/lib/python3.8/site-packages/airflow/example_dags/example_kubernetes_executor.py took 0.375 seconds
[2023-09-07T16:20:38.202+0000] {processor.py:157} INFO - Started process (PID=10629) to work on /home/airflow/.local/lib/python3.8/site-packages/airflow/example_dags/example_kubernetes_executor.py
[2023-09-07T16:20:38.205+0000] {processor.py:829} INFO - Processing file /home/airflow/.local/lib/python3.8/site-packages/airflow/example_dags/example_kubernetes_executor.py for tasks to queue
[2023-09-07T16:20:38.207+0000] {logging_mixin.py:151} INFO - [2023-09-07T16:20:38.207+0000] {dagbag.py:539} INFO - Filling up the DagBag from /home/airflow/.local/lib/python3.8/site-packages/airflow/example_dags/example_kubernetes_executor.py
[2023-09-07T16:20:38.468+0000] {processor.py:839} INFO - DAG(s) dict_keys(['example_kubernetes_executor']) retrieved from /home/airflow/.local/lib/python3.8/site-packages/airflow/example_dags/example_kubernetes_executor.py
[2023-09-07T16:20:38.501+0000] {logging_mixin.py:151} INFO - [2023-09-07T16:20:38.501+0000] {dag.py:2907} INFO - Sync 1 DAGs
[2023-09-07T16:20:38.511+0000] {logging_mixin.py:151} INFO - [2023-09-07T16:20:38.511+0000] {dag.py:3677} INFO - Setting next_dagrun for example_kubernetes_executor to None, run_after=None
[2023-09-07T16:20:38.524+0000] {processor.py:179} INFO - Processing /home/airflow/.local/lib/python3.8/site-packages/airflow/example_dags/example_kubernetes_executor.py took 0.332 seconds
[2023-09-07T16:21:08.669+0000] {processor.py:157} INFO - Started process (PID=10863) to work on /home/airflow/.local/lib/python3.8/site-packages/airflow/example_dags/example_kubernetes_executor.py
[2023-09-07T16:21:08.672+0000] {processor.py:829} INFO - Processing file /home/airflow/.local/lib/python3.8/site-packages/airflow/example_dags/example_kubernetes_executor.py for tasks to queue
[2023-09-07T16:21:08.675+0000] {logging_mixin.py:151} INFO - [2023-09-07T16:21:08.674+0000] {dagbag.py:539} INFO - Filling up the DagBag from /home/airflow/.local/lib/python3.8/site-packages/airflow/example_dags/example_kubernetes_executor.py
[2023-09-07T16:21:08.936+0000] {processor.py:839} INFO - DAG(s) dict_keys(['example_kubernetes_executor']) retrieved from /home/airflow/.local/lib/python3.8/site-packages/airflow/example_dags/example_kubernetes_executor.py
[2023-09-07T16:21:08.974+0000] {logging_mixin.py:151} INFO - [2023-09-07T16:21:08.973+0000] {dag.py:2907} INFO - Sync 1 DAGs
[2023-09-07T16:21:08.991+0000] {logging_mixin.py:151} INFO - [2023-09-07T16:21:08.991+0000] {dag.py:3677} INFO - Setting next_dagrun for example_kubernetes_executor to None, run_after=None
[2023-09-07T16:21:09.003+0000] {processor.py:179} INFO - Processing /home/airflow/.local/lib/python3.8/site-packages/airflow/example_dags/example_kubernetes_executor.py took 0.357 seconds
[2023-09-07T16:21:39.154+0000] {processor.py:157} INFO - Started process (PID=11101) to work on /home/airflow/.local/lib/python3.8/site-packages/airflow/example_dags/example_kubernetes_executor.py
[2023-09-07T16:21:39.165+0000] {processor.py:829} INFO - Processing file /home/airflow/.local/lib/python3.8/site-packages/airflow/example_dags/example_kubernetes_executor.py for tasks to queue
[2023-09-07T16:21:39.172+0000] {logging_mixin.py:151} INFO - [2023-09-07T16:21:39.171+0000] {dagbag.py:539} INFO - Filling up the DagBag from /home/airflow/.local/lib/python3.8/site-packages/airflow/example_dags/example_kubernetes_executor.py
[2023-09-07T16:21:39.465+0000] {processor.py:839} INFO - DAG(s) dict_keys(['example_kubernetes_executor']) retrieved from /home/airflow/.local/lib/python3.8/site-packages/airflow/example_dags/example_kubernetes_executor.py
[2023-09-07T16:21:39.512+0000] {logging_mixin.py:151} INFO - [2023-09-07T16:21:39.511+0000] {dag.py:2907} INFO - Sync 1 DAGs
[2023-09-07T16:21:39.521+0000] {logging_mixin.py:151} INFO - [2023-09-07T16:21:39.521+0000] {dag.py:3677} INFO - Setting next_dagrun for example_kubernetes_executor to None, run_after=None
[2023-09-07T16:21:39.546+0000] {processor.py:179} INFO - Processing /home/airflow/.local/lib/python3.8/site-packages/airflow/example_dags/example_kubernetes_executor.py took 0.401 seconds
[2023-09-07T16:22:09.743+0000] {processor.py:157} INFO - Started process (PID=11339) to work on /home/airflow/.local/lib/python3.8/site-packages/airflow/example_dags/example_kubernetes_executor.py
[2023-09-07T16:22:09.746+0000] {processor.py:829} INFO - Processing file /home/airflow/.local/lib/python3.8/site-packages/airflow/example_dags/example_kubernetes_executor.py for tasks to queue
[2023-09-07T16:22:09.748+0000] {logging_mixin.py:151} INFO - [2023-09-07T16:22:09.748+0000] {dagbag.py:539} INFO - Filling up the DagBag from /home/airflow/.local/lib/python3.8/site-packages/airflow/example_dags/example_kubernetes_executor.py
[2023-09-07T16:22:10.019+0000] {processor.py:839} INFO - DAG(s) dict_keys(['example_kubernetes_executor']) retrieved from /home/airflow/.local/lib/python3.8/site-packages/airflow/example_dags/example_kubernetes_executor.py
[2023-09-07T16:22:10.052+0000] {logging_mixin.py:151} INFO - [2023-09-07T16:22:10.052+0000] {dag.py:2907} INFO - Sync 1 DAGs
[2023-09-07T16:22:10.062+0000] {logging_mixin.py:151} INFO - [2023-09-07T16:22:10.062+0000] {dag.py:3677} INFO - Setting next_dagrun for example_kubernetes_executor to None, run_after=None
[2023-09-07T16:22:10.074+0000] {processor.py:179} INFO - Processing /home/airflow/.local/lib/python3.8/site-packages/airflow/example_dags/example_kubernetes_executor.py took 0.342 seconds
[2023-09-07T16:22:40.257+0000] {processor.py:157} INFO - Started process (PID=11576) to work on /home/airflow/.local/lib/python3.8/site-packages/airflow/example_dags/example_kubernetes_executor.py
[2023-09-07T16:22:40.259+0000] {processor.py:829} INFO - Processing file /home/airflow/.local/lib/python3.8/site-packages/airflow/example_dags/example_kubernetes_executor.py for tasks to queue
[2023-09-07T16:22:40.260+0000] {logging_mixin.py:151} INFO - [2023-09-07T16:22:40.260+0000] {dagbag.py:539} INFO - Filling up the DagBag from /home/airflow/.local/lib/python3.8/site-packages/airflow/example_dags/example_kubernetes_executor.py
[2023-09-07T16:22:40.522+0000] {processor.py:839} INFO - DAG(s) dict_keys(['example_kubernetes_executor']) retrieved from /home/airflow/.local/lib/python3.8/site-packages/airflow/example_dags/example_kubernetes_executor.py
[2023-09-07T16:22:40.558+0000] {logging_mixin.py:151} INFO - [2023-09-07T16:22:40.558+0000] {dag.py:2907} INFO - Sync 1 DAGs
[2023-09-07T16:22:40.567+0000] {logging_mixin.py:151} INFO - [2023-09-07T16:22:40.567+0000] {dag.py:3677} INFO - Setting next_dagrun for example_kubernetes_executor to None, run_after=None
[2023-09-07T16:22:40.578+0000] {processor.py:179} INFO - Processing /home/airflow/.local/lib/python3.8/site-packages/airflow/example_dags/example_kubernetes_executor.py took 0.328 seconds
[2023-09-07T16:23:10.857+0000] {processor.py:157} INFO - Started process (PID=11822) to work on /home/airflow/.local/lib/python3.8/site-packages/airflow/example_dags/example_kubernetes_executor.py
[2023-09-07T16:23:10.859+0000] {processor.py:829} INFO - Processing file /home/airflow/.local/lib/python3.8/site-packages/airflow/example_dags/example_kubernetes_executor.py for tasks to queue
[2023-09-07T16:23:10.860+0000] {logging_mixin.py:151} INFO - [2023-09-07T16:23:10.860+0000] {dagbag.py:539} INFO - Filling up the DagBag from /home/airflow/.local/lib/python3.8/site-packages/airflow/example_dags/example_kubernetes_executor.py
[2023-09-07T16:23:11.065+0000] {processor.py:839} INFO - DAG(s) dict_keys(['example_kubernetes_executor']) retrieved from /home/airflow/.local/lib/python3.8/site-packages/airflow/example_dags/example_kubernetes_executor.py
[2023-09-07T16:23:11.099+0000] {logging_mixin.py:151} INFO - [2023-09-07T16:23:11.099+0000] {dag.py:2907} INFO - Sync 1 DAGs
[2023-09-07T16:23:11.107+0000] {logging_mixin.py:151} INFO - [2023-09-07T16:23:11.107+0000] {dag.py:3677} INFO - Setting next_dagrun for example_kubernetes_executor to None, run_after=None
[2023-09-07T16:23:11.117+0000] {processor.py:179} INFO - Processing /home/airflow/.local/lib/python3.8/site-packages/airflow/example_dags/example_kubernetes_executor.py took 0.262 seconds
[2023-09-07T16:23:41.393+0000] {processor.py:157} INFO - Started process (PID=12052) to work on /home/airflow/.local/lib/python3.8/site-packages/airflow/example_dags/example_kubernetes_executor.py
[2023-09-07T16:23:41.396+0000] {processor.py:829} INFO - Processing file /home/airflow/.local/lib/python3.8/site-packages/airflow/example_dags/example_kubernetes_executor.py for tasks to queue
[2023-09-07T16:23:41.398+0000] {logging_mixin.py:151} INFO - [2023-09-07T16:23:41.397+0000] {dagbag.py:539} INFO - Filling up the DagBag from /home/airflow/.local/lib/python3.8/site-packages/airflow/example_dags/example_kubernetes_executor.py
[2023-09-07T16:23:41.670+0000] {processor.py:839} INFO - DAG(s) dict_keys(['example_kubernetes_executor']) retrieved from /home/airflow/.local/lib/python3.8/site-packages/airflow/example_dags/example_kubernetes_executor.py
[2023-09-07T16:23:41.703+0000] {logging_mixin.py:151} INFO - [2023-09-07T16:23:41.703+0000] {dag.py:2907} INFO - Sync 1 DAGs
[2023-09-07T16:23:41.713+0000] {logging_mixin.py:151} INFO - [2023-09-07T16:23:41.713+0000] {dag.py:3677} INFO - Setting next_dagrun for example_kubernetes_executor to None, run_after=None
[2023-09-07T16:23:41.728+0000] {processor.py:179} INFO - Processing /home/airflow/.local/lib/python3.8/site-packages/airflow/example_dags/example_kubernetes_executor.py took 0.355 seconds
[2023-09-07T16:24:11.843+0000] {processor.py:157} INFO - Started process (PID=12295) to work on /home/airflow/.local/lib/python3.8/site-packages/airflow/example_dags/example_kubernetes_executor.py
[2023-09-07T16:24:11.844+0000] {processor.py:829} INFO - Processing file /home/airflow/.local/lib/python3.8/site-packages/airflow/example_dags/example_kubernetes_executor.py for tasks to queue
[2023-09-07T16:24:11.846+0000] {logging_mixin.py:151} INFO - [2023-09-07T16:24:11.846+0000] {dagbag.py:539} INFO - Filling up the DagBag from /home/airflow/.local/lib/python3.8/site-packages/airflow/example_dags/example_kubernetes_executor.py
[2023-09-07T16:24:12.049+0000] {processor.py:839} INFO - DAG(s) dict_keys(['example_kubernetes_executor']) retrieved from /home/airflow/.local/lib/python3.8/site-packages/airflow/example_dags/example_kubernetes_executor.py
[2023-09-07T16:24:12.092+0000] {logging_mixin.py:151} INFO - [2023-09-07T16:24:12.092+0000] {dag.py:2907} INFO - Sync 1 DAGs
[2023-09-07T16:24:12.103+0000] {logging_mixin.py:151} INFO - [2023-09-07T16:24:12.103+0000] {dag.py:3677} INFO - Setting next_dagrun for example_kubernetes_executor to None, run_after=None
[2023-09-07T16:24:12.115+0000] {processor.py:179} INFO - Processing /home/airflow/.local/lib/python3.8/site-packages/airflow/example_dags/example_kubernetes_executor.py took 0.276 seconds
[2023-09-07T16:24:42.233+0000] {processor.py:157} INFO - Started process (PID=12528) to work on /home/airflow/.local/lib/python3.8/site-packages/airflow/example_dags/example_kubernetes_executor.py
[2023-09-07T16:24:42.235+0000] {processor.py:829} INFO - Processing file /home/airflow/.local/lib/python3.8/site-packages/airflow/example_dags/example_kubernetes_executor.py for tasks to queue
[2023-09-07T16:24:42.237+0000] {logging_mixin.py:151} INFO - [2023-09-07T16:24:42.236+0000] {dagbag.py:539} INFO - Filling up the DagBag from /home/airflow/.local/lib/python3.8/site-packages/airflow/example_dags/example_kubernetes_executor.py
[2023-09-07T16:24:42.494+0000] {processor.py:839} INFO - DAG(s) dict_keys(['example_kubernetes_executor']) retrieved from /home/airflow/.local/lib/python3.8/site-packages/airflow/example_dags/example_kubernetes_executor.py
[2023-09-07T16:24:42.532+0000] {logging_mixin.py:151} INFO - [2023-09-07T16:24:42.531+0000] {dag.py:2907} INFO - Sync 1 DAGs
[2023-09-07T16:24:42.543+0000] {logging_mixin.py:151} INFO - [2023-09-07T16:24:42.543+0000] {dag.py:3677} INFO - Setting next_dagrun for example_kubernetes_executor to None, run_after=None
[2023-09-07T16:24:42.555+0000] {processor.py:179} INFO - Processing /home/airflow/.local/lib/python3.8/site-packages/airflow/example_dags/example_kubernetes_executor.py took 0.327 seconds
[2023-09-07T16:25:12.642+0000] {processor.py:157} INFO - Started process (PID=12770) to work on /home/airflow/.local/lib/python3.8/site-packages/airflow/example_dags/example_kubernetes_executor.py
[2023-09-07T16:25:12.644+0000] {processor.py:829} INFO - Processing file /home/airflow/.local/lib/python3.8/site-packages/airflow/example_dags/example_kubernetes_executor.py for tasks to queue
[2023-09-07T16:25:12.645+0000] {logging_mixin.py:151} INFO - [2023-09-07T16:25:12.645+0000] {dagbag.py:539} INFO - Filling up the DagBag from /home/airflow/.local/lib/python3.8/site-packages/airflow/example_dags/example_kubernetes_executor.py
[2023-09-07T16:25:12.947+0000] {processor.py:839} INFO - DAG(s) dict_keys(['example_kubernetes_executor']) retrieved from /home/airflow/.local/lib/python3.8/site-packages/airflow/example_dags/example_kubernetes_executor.py
[2023-09-07T16:25:13.011+0000] {logging_mixin.py:151} INFO - [2023-09-07T16:25:13.010+0000] {dag.py:2907} INFO - Sync 1 DAGs
[2023-09-07T16:25:13.032+0000] {logging_mixin.py:151} INFO - [2023-09-07T16:25:13.032+0000] {dag.py:3677} INFO - Setting next_dagrun for example_kubernetes_executor to None, run_after=None
[2023-09-07T16:25:13.067+0000] {processor.py:179} INFO - Processing /home/airflow/.local/lib/python3.8/site-packages/airflow/example_dags/example_kubernetes_executor.py took 0.430 seconds
[2023-09-07T16:25:43.407+0000] {processor.py:157} INFO - Started process (PID=13012) to work on /home/airflow/.local/lib/python3.8/site-packages/airflow/example_dags/example_kubernetes_executor.py
[2023-09-07T16:25:43.409+0000] {processor.py:829} INFO - Processing file /home/airflow/.local/lib/python3.8/site-packages/airflow/example_dags/example_kubernetes_executor.py for tasks to queue
[2023-09-07T16:25:43.410+0000] {logging_mixin.py:151} INFO - [2023-09-07T16:25:43.409+0000] {dagbag.py:539} INFO - Filling up the DagBag from /home/airflow/.local/lib/python3.8/site-packages/airflow/example_dags/example_kubernetes_executor.py
[2023-09-07T16:25:43.627+0000] {processor.py:839} INFO - DAG(s) dict_keys(['example_kubernetes_executor']) retrieved from /home/airflow/.local/lib/python3.8/site-packages/airflow/example_dags/example_kubernetes_executor.py
[2023-09-07T16:25:43.657+0000] {logging_mixin.py:151} INFO - [2023-09-07T16:25:43.656+0000] {dag.py:2907} INFO - Sync 1 DAGs
[2023-09-07T16:25:43.664+0000] {logging_mixin.py:151} INFO - [2023-09-07T16:25:43.664+0000] {dag.py:3677} INFO - Setting next_dagrun for example_kubernetes_executor to None, run_after=None
[2023-09-07T16:25:43.674+0000] {processor.py:179} INFO - Processing /home/airflow/.local/lib/python3.8/site-packages/airflow/example_dags/example_kubernetes_executor.py took 0.272 seconds
[2023-09-07T16:26:13.718+0000] {processor.py:157} INFO - Started process (PID=13255) to work on /home/airflow/.local/lib/python3.8/site-packages/airflow/example_dags/example_kubernetes_executor.py
[2023-09-07T16:26:13.720+0000] {processor.py:829} INFO - Processing file /home/airflow/.local/lib/python3.8/site-packages/airflow/example_dags/example_kubernetes_executor.py for tasks to queue
[2023-09-07T16:26:13.721+0000] {logging_mixin.py:151} INFO - [2023-09-07T16:26:13.720+0000] {dagbag.py:539} INFO - Filling up the DagBag from /home/airflow/.local/lib/python3.8/site-packages/airflow/example_dags/example_kubernetes_executor.py
[2023-09-07T16:26:13.864+0000] {processor.py:839} INFO - DAG(s) dict_keys(['example_kubernetes_executor']) retrieved from /home/airflow/.local/lib/python3.8/site-packages/airflow/example_dags/example_kubernetes_executor.py
[2023-09-07T16:26:13.887+0000] {logging_mixin.py:151} INFO - [2023-09-07T16:26:13.887+0000] {dag.py:2907} INFO - Sync 1 DAGs
[2023-09-07T16:26:13.895+0000] {logging_mixin.py:151} INFO - [2023-09-07T16:26:13.895+0000] {dag.py:3677} INFO - Setting next_dagrun for example_kubernetes_executor to None, run_after=None
[2023-09-07T16:26:13.905+0000] {processor.py:179} INFO - Processing /home/airflow/.local/lib/python3.8/site-packages/airflow/example_dags/example_kubernetes_executor.py took 0.189 seconds
[2023-09-07T16:26:44.356+0000] {processor.py:157} INFO - Started process (PID=13481) to work on /home/airflow/.local/lib/python3.8/site-packages/airflow/example_dags/example_kubernetes_executor.py
[2023-09-07T16:26:44.359+0000] {processor.py:829} INFO - Processing file /home/airflow/.local/lib/python3.8/site-packages/airflow/example_dags/example_kubernetes_executor.py for tasks to queue
[2023-09-07T16:26:44.362+0000] {logging_mixin.py:151} INFO - [2023-09-07T16:26:44.361+0000] {dagbag.py:539} INFO - Filling up the DagBag from /home/airflow/.local/lib/python3.8/site-packages/airflow/example_dags/example_kubernetes_executor.py
[2023-09-07T16:26:44.518+0000] {processor.py:839} INFO - DAG(s) dict_keys(['example_kubernetes_executor']) retrieved from /home/airflow/.local/lib/python3.8/site-packages/airflow/example_dags/example_kubernetes_executor.py
[2023-09-07T16:26:44.554+0000] {logging_mixin.py:151} INFO - [2023-09-07T16:26:44.554+0000] {dag.py:2907} INFO - Sync 1 DAGs
[2023-09-07T16:26:44.563+0000] {logging_mixin.py:151} INFO - [2023-09-07T16:26:44.563+0000] {dag.py:3677} INFO - Setting next_dagrun for example_kubernetes_executor to None, run_after=None
[2023-09-07T16:26:44.575+0000] {processor.py:179} INFO - Processing /home/airflow/.local/lib/python3.8/site-packages/airflow/example_dags/example_kubernetes_executor.py took 0.225 seconds
[2023-09-07T16:27:14.733+0000] {processor.py:157} INFO - Started process (PID=13724) to work on /home/airflow/.local/lib/python3.8/site-packages/airflow/example_dags/example_kubernetes_executor.py
[2023-09-07T16:27:14.735+0000] {processor.py:829} INFO - Processing file /home/airflow/.local/lib/python3.8/site-packages/airflow/example_dags/example_kubernetes_executor.py for tasks to queue
[2023-09-07T16:27:14.736+0000] {logging_mixin.py:151} INFO - [2023-09-07T16:27:14.736+0000] {dagbag.py:539} INFO - Filling up the DagBag from /home/airflow/.local/lib/python3.8/site-packages/airflow/example_dags/example_kubernetes_executor.py
[2023-09-07T16:27:15.033+0000] {processor.py:839} INFO - DAG(s) dict_keys(['example_kubernetes_executor']) retrieved from /home/airflow/.local/lib/python3.8/site-packages/airflow/example_dags/example_kubernetes_executor.py
[2023-09-07T16:27:15.079+0000] {logging_mixin.py:151} INFO - [2023-09-07T16:27:15.078+0000] {dag.py:2907} INFO - Sync 1 DAGs
[2023-09-07T16:27:15.087+0000] {logging_mixin.py:151} INFO - [2023-09-07T16:27:15.087+0000] {dag.py:3677} INFO - Setting next_dagrun for example_kubernetes_executor to None, run_after=None
[2023-09-07T16:27:15.098+0000] {processor.py:179} INFO - Processing /home/airflow/.local/lib/python3.8/site-packages/airflow/example_dags/example_kubernetes_executor.py took 0.368 seconds
[2023-09-07T16:27:45.429+0000] {processor.py:157} INFO - Started process (PID=13958) to work on /home/airflow/.local/lib/python3.8/site-packages/airflow/example_dags/example_kubernetes_executor.py
[2023-09-07T16:27:45.433+0000] {processor.py:829} INFO - Processing file /home/airflow/.local/lib/python3.8/site-packages/airflow/example_dags/example_kubernetes_executor.py for tasks to queue
[2023-09-07T16:27:45.435+0000] {logging_mixin.py:151} INFO - [2023-09-07T16:27:45.435+0000] {dagbag.py:539} INFO - Filling up the DagBag from /home/airflow/.local/lib/python3.8/site-packages/airflow/example_dags/example_kubernetes_executor.py
[2023-09-07T16:27:45.702+0000] {processor.py:839} INFO - DAG(s) dict_keys(['example_kubernetes_executor']) retrieved from /home/airflow/.local/lib/python3.8/site-packages/airflow/example_dags/example_kubernetes_executor.py
[2023-09-07T16:27:45.751+0000] {logging_mixin.py:151} INFO - [2023-09-07T16:27:45.750+0000] {dag.py:2907} INFO - Sync 1 DAGs
[2023-09-07T16:27:45.761+0000] {logging_mixin.py:151} INFO - [2023-09-07T16:27:45.760+0000] {dag.py:3677} INFO - Setting next_dagrun for example_kubernetes_executor to None, run_after=None
[2023-09-07T16:27:45.777+0000] {processor.py:179} INFO - Processing /home/airflow/.local/lib/python3.8/site-packages/airflow/example_dags/example_kubernetes_executor.py took 0.372 seconds
[2023-09-07T16:28:16.508+0000] {processor.py:157} INFO - Started process (PID=14196) to work on /home/airflow/.local/lib/python3.8/site-packages/airflow/example_dags/example_kubernetes_executor.py
[2023-09-07T16:28:16.510+0000] {processor.py:829} INFO - Processing file /home/airflow/.local/lib/python3.8/site-packages/airflow/example_dags/example_kubernetes_executor.py for tasks to queue
[2023-09-07T16:28:16.511+0000] {logging_mixin.py:151} INFO - [2023-09-07T16:28:16.511+0000] {dagbag.py:539} INFO - Filling up the DagBag from /home/airflow/.local/lib/python3.8/site-packages/airflow/example_dags/example_kubernetes_executor.py
[2023-09-07T16:28:16.655+0000] {processor.py:839} INFO - DAG(s) dict_keys(['example_kubernetes_executor']) retrieved from /home/airflow/.local/lib/python3.8/site-packages/airflow/example_dags/example_kubernetes_executor.py
[2023-09-07T16:28:16.685+0000] {logging_mixin.py:151} INFO - [2023-09-07T16:28:16.685+0000] {dag.py:2907} INFO - Sync 1 DAGs
[2023-09-07T16:28:16.695+0000] {logging_mixin.py:151} INFO - [2023-09-07T16:28:16.695+0000] {dag.py:3677} INFO - Setting next_dagrun for example_kubernetes_executor to None, run_after=None
[2023-09-07T16:28:17.109+0000] {processor.py:179} INFO - Processing /home/airflow/.local/lib/python3.8/site-packages/airflow/example_dags/example_kubernetes_executor.py took 0.606 seconds
[2023-09-07T16:28:47.508+0000] {processor.py:157} INFO - Started process (PID=14434) to work on /home/airflow/.local/lib/python3.8/site-packages/airflow/example_dags/example_kubernetes_executor.py
[2023-09-07T16:28:47.511+0000] {processor.py:829} INFO - Processing file /home/airflow/.local/lib/python3.8/site-packages/airflow/example_dags/example_kubernetes_executor.py for tasks to queue
[2023-09-07T16:28:47.513+0000] {logging_mixin.py:151} INFO - [2023-09-07T16:28:47.512+0000] {dagbag.py:539} INFO - Filling up the DagBag from /home/airflow/.local/lib/python3.8/site-packages/airflow/example_dags/example_kubernetes_executor.py
[2023-09-07T16:28:47.787+0000] {processor.py:839} INFO - DAG(s) dict_keys(['example_kubernetes_executor']) retrieved from /home/airflow/.local/lib/python3.8/site-packages/airflow/example_dags/example_kubernetes_executor.py
[2023-09-07T16:28:47.822+0000] {logging_mixin.py:151} INFO - [2023-09-07T16:28:47.821+0000] {dag.py:2907} INFO - Sync 1 DAGs
[2023-09-07T16:28:47.830+0000] {logging_mixin.py:151} INFO - [2023-09-07T16:28:47.830+0000] {dag.py:3677} INFO - Setting next_dagrun for example_kubernetes_executor to None, run_after=None
[2023-09-07T16:28:47.841+0000] {processor.py:179} INFO - Processing /home/airflow/.local/lib/python3.8/site-packages/airflow/example_dags/example_kubernetes_executor.py took 0.348 seconds
[2023-09-07T16:29:18.216+0000] {processor.py:157} INFO - Started process (PID=14671) to work on /home/airflow/.local/lib/python3.8/site-packages/airflow/example_dags/example_kubernetes_executor.py
[2023-09-07T16:29:18.219+0000] {processor.py:829} INFO - Processing file /home/airflow/.local/lib/python3.8/site-packages/airflow/example_dags/example_kubernetes_executor.py for tasks to queue
[2023-09-07T16:29:18.221+0000] {logging_mixin.py:151} INFO - [2023-09-07T16:29:18.220+0000] {dagbag.py:539} INFO - Filling up the DagBag from /home/airflow/.local/lib/python3.8/site-packages/airflow/example_dags/example_kubernetes_executor.py
[2023-09-07T16:29:18.472+0000] {processor.py:839} INFO - DAG(s) dict_keys(['example_kubernetes_executor']) retrieved from /home/airflow/.local/lib/python3.8/site-packages/airflow/example_dags/example_kubernetes_executor.py
[2023-09-07T16:29:18.504+0000] {logging_mixin.py:151} INFO - [2023-09-07T16:29:18.503+0000] {dag.py:2907} INFO - Sync 1 DAGs
[2023-09-07T16:29:18.512+0000] {logging_mixin.py:151} INFO - [2023-09-07T16:29:18.511+0000] {dag.py:3677} INFO - Setting next_dagrun for example_kubernetes_executor to None, run_after=None
[2023-09-07T16:29:18.522+0000] {processor.py:179} INFO - Processing /home/airflow/.local/lib/python3.8/site-packages/airflow/example_dags/example_kubernetes_executor.py took 0.313 seconds
[2023-09-07T16:31:00.397+0000] {processor.py:157} INFO - Started process (PID=14880) to work on /home/airflow/.local/lib/python3.8/site-packages/airflow/example_dags/example_kubernetes_executor.py
[2023-09-07T16:31:00.399+0000] {processor.py:829} INFO - Processing file /home/airflow/.local/lib/python3.8/site-packages/airflow/example_dags/example_kubernetes_executor.py for tasks to queue
[2023-09-07T16:31:00.400+0000] {logging_mixin.py:151} INFO - [2023-09-07T16:31:00.400+0000] {dagbag.py:539} INFO - Filling up the DagBag from /home/airflow/.local/lib/python3.8/site-packages/airflow/example_dags/example_kubernetes_executor.py
[2023-09-07T16:31:00.622+0000] {processor.py:839} INFO - DAG(s) dict_keys(['example_kubernetes_executor']) retrieved from /home/airflow/.local/lib/python3.8/site-packages/airflow/example_dags/example_kubernetes_executor.py
[2023-09-07T16:31:00.672+0000] {logging_mixin.py:151} INFO - [2023-09-07T16:31:00.671+0000] {dag.py:2907} INFO - Sync 1 DAGs
[2023-09-07T16:31:00.902+0000] {logging_mixin.py:151} INFO - [2023-09-07T16:31:00.902+0000] {dag.py:3677} INFO - Setting next_dagrun for example_kubernetes_executor to None, run_after=None
[2023-09-07T16:31:00.913+0000] {processor.py:179} INFO - Processing /home/airflow/.local/lib/python3.8/site-packages/airflow/example_dags/example_kubernetes_executor.py took 0.520 seconds
[2023-09-07T16:31:31.624+0000] {processor.py:157} INFO - Started process (PID=15118) to work on /home/airflow/.local/lib/python3.8/site-packages/airflow/example_dags/example_kubernetes_executor.py
[2023-09-07T16:31:31.625+0000] {processor.py:829} INFO - Processing file /home/airflow/.local/lib/python3.8/site-packages/airflow/example_dags/example_kubernetes_executor.py for tasks to queue
[2023-09-07T16:31:31.626+0000] {logging_mixin.py:151} INFO - [2023-09-07T16:31:31.626+0000] {dagbag.py:539} INFO - Filling up the DagBag from /home/airflow/.local/lib/python3.8/site-packages/airflow/example_dags/example_kubernetes_executor.py
[2023-09-07T16:31:31.770+0000] {processor.py:839} INFO - DAG(s) dict_keys(['example_kubernetes_executor']) retrieved from /home/airflow/.local/lib/python3.8/site-packages/airflow/example_dags/example_kubernetes_executor.py
[2023-09-07T16:31:31.796+0000] {logging_mixin.py:151} INFO - [2023-09-07T16:31:31.796+0000] {dag.py:2907} INFO - Sync 1 DAGs
[2023-09-07T16:31:31.804+0000] {logging_mixin.py:151} INFO - [2023-09-07T16:31:31.804+0000] {dag.py:3677} INFO - Setting next_dagrun for example_kubernetes_executor to None, run_after=None
[2023-09-07T16:31:32.004+0000] {processor.py:179} INFO - Processing /home/airflow/.local/lib/python3.8/site-packages/airflow/example_dags/example_kubernetes_executor.py took 0.383 seconds
[2023-09-07T16:32:02.446+0000] {processor.py:157} INFO - Started process (PID=15356) to work on /home/airflow/.local/lib/python3.8/site-packages/airflow/example_dags/example_kubernetes_executor.py
[2023-09-07T16:32:02.448+0000] {processor.py:829} INFO - Processing file /home/airflow/.local/lib/python3.8/site-packages/airflow/example_dags/example_kubernetes_executor.py for tasks to queue
[2023-09-07T16:32:02.449+0000] {logging_mixin.py:151} INFO - [2023-09-07T16:32:02.448+0000] {dagbag.py:539} INFO - Filling up the DagBag from /home/airflow/.local/lib/python3.8/site-packages/airflow/example_dags/example_kubernetes_executor.py
[2023-09-07T16:32:02.609+0000] {processor.py:839} INFO - DAG(s) dict_keys(['example_kubernetes_executor']) retrieved from /home/airflow/.local/lib/python3.8/site-packages/airflow/example_dags/example_kubernetes_executor.py
[2023-09-07T16:32:02.636+0000] {logging_mixin.py:151} INFO - [2023-09-07T16:32:02.636+0000] {dag.py:2907} INFO - Sync 1 DAGs
[2023-09-07T16:32:02.645+0000] {logging_mixin.py:151} INFO - [2023-09-07T16:32:02.645+0000] {dag.py:3677} INFO - Setting next_dagrun for example_kubernetes_executor to None, run_after=None
[2023-09-07T16:32:02.656+0000] {processor.py:179} INFO - Processing /home/airflow/.local/lib/python3.8/site-packages/airflow/example_dags/example_kubernetes_executor.py took 0.214 seconds
[2023-09-07T16:32:34.915+0000] {processor.py:157} INFO - Started process (PID=15594) to work on /home/airflow/.local/lib/python3.8/site-packages/airflow/example_dags/example_kubernetes_executor.py
[2023-09-07T16:32:34.918+0000] {processor.py:829} INFO - Processing file /home/airflow/.local/lib/python3.8/site-packages/airflow/example_dags/example_kubernetes_executor.py for tasks to queue
[2023-09-07T16:32:34.921+0000] {logging_mixin.py:151} INFO - [2023-09-07T16:32:34.920+0000] {dagbag.py:539} INFO - Filling up the DagBag from /home/airflow/.local/lib/python3.8/site-packages/airflow/example_dags/example_kubernetes_executor.py
[2023-09-07T16:32:35.796+0000] {processor.py:839} INFO - DAG(s) dict_keys(['example_kubernetes_executor']) retrieved from /home/airflow/.local/lib/python3.8/site-packages/airflow/example_dags/example_kubernetes_executor.py
[2023-09-07T16:32:35.998+0000] {logging_mixin.py:151} INFO - [2023-09-07T16:32:35.997+0000] {dag.py:2907} INFO - Sync 1 DAGs
[2023-09-07T16:32:36.006+0000] {logging_mixin.py:151} INFO - [2023-09-07T16:32:36.006+0000] {dag.py:3677} INFO - Setting next_dagrun for example_kubernetes_executor to None, run_after=None
[2023-09-07T16:32:36.016+0000] {processor.py:179} INFO - Processing /home/airflow/.local/lib/python3.8/site-packages/airflow/example_dags/example_kubernetes_executor.py took 1.116 seconds
[2023-09-07T16:33:08.698+0000] {processor.py:157} INFO - Started process (PID=15832) to work on /home/airflow/.local/lib/python3.8/site-packages/airflow/example_dags/example_kubernetes_executor.py
[2023-09-07T16:33:08.701+0000] {processor.py:829} INFO - Processing file /home/airflow/.local/lib/python3.8/site-packages/airflow/example_dags/example_kubernetes_executor.py for tasks to queue
[2023-09-07T16:33:08.702+0000] {logging_mixin.py:151} INFO - [2023-09-07T16:33:08.701+0000] {dagbag.py:539} INFO - Filling up the DagBag from /home/airflow/.local/lib/python3.8/site-packages/airflow/example_dags/example_kubernetes_executor.py
[2023-09-07T16:33:09.076+0000] {processor.py:839} INFO - DAG(s) dict_keys(['example_kubernetes_executor']) retrieved from /home/airflow/.local/lib/python3.8/site-packages/airflow/example_dags/example_kubernetes_executor.py
[2023-09-07T16:33:09.139+0000] {logging_mixin.py:151} INFO - [2023-09-07T16:33:09.139+0000] {dag.py:2907} INFO - Sync 1 DAGs
[2023-09-07T16:33:09.310+0000] {logging_mixin.py:151} INFO - [2023-09-07T16:33:09.310+0000] {dag.py:3677} INFO - Setting next_dagrun for example_kubernetes_executor to None, run_after=None
[2023-09-07T16:33:09.322+0000] {processor.py:179} INFO - Processing /home/airflow/.local/lib/python3.8/site-packages/airflow/example_dags/example_kubernetes_executor.py took 0.627 seconds
[2023-09-07T16:33:40.615+0000] {processor.py:157} INFO - Started process (PID=16072) to work on /home/airflow/.local/lib/python3.8/site-packages/airflow/example_dags/example_kubernetes_executor.py
[2023-09-07T16:33:40.618+0000] {processor.py:829} INFO - Processing file /home/airflow/.local/lib/python3.8/site-packages/airflow/example_dags/example_kubernetes_executor.py for tasks to queue
[2023-09-07T16:33:40.620+0000] {logging_mixin.py:151} INFO - [2023-09-07T16:33:40.619+0000] {dagbag.py:539} INFO - Filling up the DagBag from /home/airflow/.local/lib/python3.8/site-packages/airflow/example_dags/example_kubernetes_executor.py
[2023-09-07T16:33:40.868+0000] {processor.py:839} INFO - DAG(s) dict_keys(['example_kubernetes_executor']) retrieved from /home/airflow/.local/lib/python3.8/site-packages/airflow/example_dags/example_kubernetes_executor.py
[2023-09-07T16:33:40.935+0000] {logging_mixin.py:151} INFO - [2023-09-07T16:33:40.934+0000] {dag.py:2907} INFO - Sync 1 DAGs
[2023-09-07T16:33:41.358+0000] {logging_mixin.py:151} INFO - [2023-09-07T16:33:41.358+0000] {dag.py:3677} INFO - Setting next_dagrun for example_kubernetes_executor to None, run_after=None
[2023-09-07T16:33:41.431+0000] {processor.py:179} INFO - Processing /home/airflow/.local/lib/python3.8/site-packages/airflow/example_dags/example_kubernetes_executor.py took 0.820 seconds
[2023-09-07T16:34:11.675+0000] {processor.py:157} INFO - Started process (PID=16310) to work on /home/airflow/.local/lib/python3.8/site-packages/airflow/example_dags/example_kubernetes_executor.py
[2023-09-07T16:34:11.678+0000] {processor.py:829} INFO - Processing file /home/airflow/.local/lib/python3.8/site-packages/airflow/example_dags/example_kubernetes_executor.py for tasks to queue
[2023-09-07T16:34:11.681+0000] {logging_mixin.py:151} INFO - [2023-09-07T16:34:11.680+0000] {dagbag.py:539} INFO - Filling up the DagBag from /home/airflow/.local/lib/python3.8/site-packages/airflow/example_dags/example_kubernetes_executor.py
[2023-09-07T16:34:12.079+0000] {processor.py:839} INFO - DAG(s) dict_keys(['example_kubernetes_executor']) retrieved from /home/airflow/.local/lib/python3.8/site-packages/airflow/example_dags/example_kubernetes_executor.py
[2023-09-07T16:34:12.115+0000] {logging_mixin.py:151} INFO - [2023-09-07T16:34:12.115+0000] {dag.py:2907} INFO - Sync 1 DAGs
[2023-09-07T16:34:12.124+0000] {logging_mixin.py:151} INFO - [2023-09-07T16:34:12.124+0000] {dag.py:3677} INFO - Setting next_dagrun for example_kubernetes_executor to None, run_after=None
[2023-09-07T16:34:12.137+0000] {processor.py:179} INFO - Processing /home/airflow/.local/lib/python3.8/site-packages/airflow/example_dags/example_kubernetes_executor.py took 0.469 seconds
[2023-09-07T16:34:42.407+0000] {processor.py:157} INFO - Started process (PID=16546) to work on /home/airflow/.local/lib/python3.8/site-packages/airflow/example_dags/example_kubernetes_executor.py
[2023-09-07T16:34:42.409+0000] {processor.py:829} INFO - Processing file /home/airflow/.local/lib/python3.8/site-packages/airflow/example_dags/example_kubernetes_executor.py for tasks to queue
[2023-09-07T16:34:42.411+0000] {logging_mixin.py:151} INFO - [2023-09-07T16:34:42.411+0000] {dagbag.py:539} INFO - Filling up the DagBag from /home/airflow/.local/lib/python3.8/site-packages/airflow/example_dags/example_kubernetes_executor.py
[2023-09-07T16:34:42.680+0000] {processor.py:839} INFO - DAG(s) dict_keys(['example_kubernetes_executor']) retrieved from /home/airflow/.local/lib/python3.8/site-packages/airflow/example_dags/example_kubernetes_executor.py
[2023-09-07T16:34:43.016+0000] {logging_mixin.py:151} INFO - [2023-09-07T16:34:43.016+0000] {dag.py:2907} INFO - Sync 1 DAGs
[2023-09-07T16:34:43.026+0000] {logging_mixin.py:151} INFO - [2023-09-07T16:34:43.026+0000] {dag.py:3677} INFO - Setting next_dagrun for example_kubernetes_executor to None, run_after=None
[2023-09-07T16:34:43.038+0000] {processor.py:179} INFO - Processing /home/airflow/.local/lib/python3.8/site-packages/airflow/example_dags/example_kubernetes_executor.py took 0.636 seconds
[2023-09-07T16:35:13.864+0000] {processor.py:157} INFO - Started process (PID=16784) to work on /home/airflow/.local/lib/python3.8/site-packages/airflow/example_dags/example_kubernetes_executor.py
[2023-09-07T16:35:13.867+0000] {processor.py:829} INFO - Processing file /home/airflow/.local/lib/python3.8/site-packages/airflow/example_dags/example_kubernetes_executor.py for tasks to queue
[2023-09-07T16:35:13.869+0000] {logging_mixin.py:151} INFO - [2023-09-07T16:35:13.868+0000] {dagbag.py:539} INFO - Filling up the DagBag from /home/airflow/.local/lib/python3.8/site-packages/airflow/example_dags/example_kubernetes_executor.py
[2023-09-07T16:35:14.322+0000] {processor.py:839} INFO - DAG(s) dict_keys(['example_kubernetes_executor']) retrieved from /home/airflow/.local/lib/python3.8/site-packages/airflow/example_dags/example_kubernetes_executor.py
[2023-09-07T16:35:14.816+0000] {logging_mixin.py:151} INFO - [2023-09-07T16:35:14.816+0000] {dag.py:2907} INFO - Sync 1 DAGs
[2023-09-07T16:35:14.828+0000] {logging_mixin.py:151} INFO - [2023-09-07T16:35:14.827+0000] {dag.py:3677} INFO - Setting next_dagrun for example_kubernetes_executor to None, run_after=None
[2023-09-07T16:35:14.858+0000] {processor.py:179} INFO - Processing /home/airflow/.local/lib/python3.8/site-packages/airflow/example_dags/example_kubernetes_executor.py took 1.004 seconds
