[2023-09-07T15:58:25.904+0000] {processor.py:157} INFO - Started process (PID=297) to work on /home/airflow/.local/lib/python3.8/site-packages/airflow/example_dags/example_branch_labels.py
[2023-09-07T15:58:25.908+0000] {processor.py:829} INFO - Processing file /home/airflow/.local/lib/python3.8/site-packages/airflow/example_dags/example_branch_labels.py for tasks to queue
[2023-09-07T15:58:25.913+0000] {logging_mixin.py:151} INFO - [2023-09-07T15:58:25.913+0000] {dagbag.py:539} INFO - Filling up the DagBag from /home/airflow/.local/lib/python3.8/site-packages/airflow/example_dags/example_branch_labels.py
[2023-09-07T15:58:25.929+0000] {processor.py:839} INFO - DAG(s) dict_keys(['example_branch_labels']) retrieved from /home/airflow/.local/lib/python3.8/site-packages/airflow/example_dags/example_branch_labels.py
[2023-09-07T15:58:25.959+0000] {logging_mixin.py:151} INFO - [2023-09-07T15:58:25.959+0000] {dag.py:2907} INFO - Sync 1 DAGs
[2023-09-07T15:58:26.005+0000] {logging_mixin.py:151} INFO - [2023-09-07T15:58:26.005+0000] {dag.py:3677} INFO - Setting next_dagrun for example_branch_labels to 2023-09-06T00:00:00+00:00, run_after=2023-09-07T00:00:00+00:00
[2023-09-07T15:58:26.042+0000] {processor.py:179} INFO - Processing /home/airflow/.local/lib/python3.8/site-packages/airflow/example_dags/example_branch_labels.py took 0.148 seconds
[2023-09-07T15:58:56.982+0000] {processor.py:157} INFO - Started process (PID=530) to work on /home/airflow/.local/lib/python3.8/site-packages/airflow/example_dags/example_branch_labels.py
[2023-09-07T15:58:56.984+0000] {processor.py:829} INFO - Processing file /home/airflow/.local/lib/python3.8/site-packages/airflow/example_dags/example_branch_labels.py for tasks to queue
[2023-09-07T15:58:56.985+0000] {logging_mixin.py:151} INFO - [2023-09-07T15:58:56.985+0000] {dagbag.py:539} INFO - Filling up the DagBag from /home/airflow/.local/lib/python3.8/site-packages/airflow/example_dags/example_branch_labels.py
[2023-09-07T15:58:56.992+0000] {processor.py:839} INFO - DAG(s) dict_keys(['example_branch_labels']) retrieved from /home/airflow/.local/lib/python3.8/site-packages/airflow/example_dags/example_branch_labels.py
[2023-09-07T15:58:57.018+0000] {logging_mixin.py:151} INFO - [2023-09-07T15:58:57.017+0000] {dag.py:2907} INFO - Sync 1 DAGs
[2023-09-07T15:58:57.034+0000] {logging_mixin.py:151} INFO - [2023-09-07T15:58:57.034+0000] {dag.py:3677} INFO - Setting next_dagrun for example_branch_labels to 2023-09-06T00:00:00+00:00, run_after=2023-09-07T00:00:00+00:00
[2023-09-07T15:58:57.137+0000] {processor.py:179} INFO - Processing /home/airflow/.local/lib/python3.8/site-packages/airflow/example_dags/example_branch_labels.py took 0.158 seconds
[2023-09-07T15:59:30.260+0000] {processor.py:157} INFO - Started process (PID=775) to work on /home/airflow/.local/lib/python3.8/site-packages/airflow/example_dags/example_branch_labels.py
[2023-09-07T15:59:30.261+0000] {processor.py:829} INFO - Processing file /home/airflow/.local/lib/python3.8/site-packages/airflow/example_dags/example_branch_labels.py for tasks to queue
[2023-09-07T15:59:30.263+0000] {logging_mixin.py:151} INFO - [2023-09-07T15:59:30.262+0000] {dagbag.py:539} INFO - Filling up the DagBag from /home/airflow/.local/lib/python3.8/site-packages/airflow/example_dags/example_branch_labels.py
[2023-09-07T15:59:30.270+0000] {processor.py:839} INFO - DAG(s) dict_keys(['example_branch_labels']) retrieved from /home/airflow/.local/lib/python3.8/site-packages/airflow/example_dags/example_branch_labels.py
[2023-09-07T15:59:30.289+0000] {logging_mixin.py:151} INFO - [2023-09-07T15:59:30.289+0000] {dag.py:2907} INFO - Sync 1 DAGs
[2023-09-07T15:59:30.305+0000] {logging_mixin.py:151} INFO - [2023-09-07T15:59:30.305+0000] {dag.py:3677} INFO - Setting next_dagrun for example_branch_labels to 2023-09-06T00:00:00+00:00, run_after=2023-09-07T00:00:00+00:00
[2023-09-07T15:59:30.316+0000] {processor.py:179} INFO - Processing /home/airflow/.local/lib/python3.8/site-packages/airflow/example_dags/example_branch_labels.py took 0.060 seconds
[2023-09-07T16:00:01.103+0000] {processor.py:157} INFO - Started process (PID=1011) to work on /home/airflow/.local/lib/python3.8/site-packages/airflow/example_dags/example_branch_labels.py
[2023-09-07T16:00:01.106+0000] {processor.py:829} INFO - Processing file /home/airflow/.local/lib/python3.8/site-packages/airflow/example_dags/example_branch_labels.py for tasks to queue
[2023-09-07T16:00:01.107+0000] {logging_mixin.py:151} INFO - [2023-09-07T16:00:01.107+0000] {dagbag.py:539} INFO - Filling up the DagBag from /home/airflow/.local/lib/python3.8/site-packages/airflow/example_dags/example_branch_labels.py
[2023-09-07T16:00:01.133+0000] {processor.py:839} INFO - DAG(s) dict_keys(['example_branch_labels']) retrieved from /home/airflow/.local/lib/python3.8/site-packages/airflow/example_dags/example_branch_labels.py
[2023-09-07T16:00:01.170+0000] {logging_mixin.py:151} INFO - [2023-09-07T16:00:01.170+0000] {dag.py:2907} INFO - Sync 1 DAGs
[2023-09-07T16:00:01.201+0000] {logging_mixin.py:151} INFO - [2023-09-07T16:00:01.201+0000] {dag.py:3677} INFO - Setting next_dagrun for example_branch_labels to 2023-09-06T00:00:00+00:00, run_after=2023-09-07T00:00:00+00:00
[2023-09-07T16:00:01.218+0000] {processor.py:179} INFO - Processing /home/airflow/.local/lib/python3.8/site-packages/airflow/example_dags/example_branch_labels.py took 0.119 seconds
[2023-09-07T16:00:33.080+0000] {processor.py:157} INFO - Started process (PID=1248) to work on /home/airflow/.local/lib/python3.8/site-packages/airflow/example_dags/example_branch_labels.py
[2023-09-07T16:00:33.088+0000] {processor.py:829} INFO - Processing file /home/airflow/.local/lib/python3.8/site-packages/airflow/example_dags/example_branch_labels.py for tasks to queue
[2023-09-07T16:00:33.095+0000] {logging_mixin.py:151} INFO - [2023-09-07T16:00:33.093+0000] {dagbag.py:539} INFO - Filling up the DagBag from /home/airflow/.local/lib/python3.8/site-packages/airflow/example_dags/example_branch_labels.py
[2023-09-07T16:00:33.192+0000] {processor.py:839} INFO - DAG(s) dict_keys(['example_branch_labels']) retrieved from /home/airflow/.local/lib/python3.8/site-packages/airflow/example_dags/example_branch_labels.py
[2023-09-07T16:00:33.650+0000] {logging_mixin.py:151} INFO - [2023-09-07T16:00:33.648+0000] {dag.py:2907} INFO - Sync 1 DAGs
[2023-09-07T16:00:33.843+0000] {logging_mixin.py:151} INFO - [2023-09-07T16:00:33.841+0000] {dag.py:3677} INFO - Setting next_dagrun for example_branch_labels to 2023-09-06T00:00:00+00:00, run_after=2023-09-07T00:00:00+00:00
[2023-09-07T16:00:34.167+0000] {processor.py:179} INFO - Processing /home/airflow/.local/lib/python3.8/site-packages/airflow/example_dags/example_branch_labels.py took 1.161 seconds
[2023-09-07T16:01:05.198+0000] {processor.py:157} INFO - Started process (PID=1509) to work on /home/airflow/.local/lib/python3.8/site-packages/airflow/example_dags/example_branch_labels.py
[2023-09-07T16:01:05.201+0000] {processor.py:829} INFO - Processing file /home/airflow/.local/lib/python3.8/site-packages/airflow/example_dags/example_branch_labels.py for tasks to queue
[2023-09-07T16:01:05.203+0000] {logging_mixin.py:151} INFO - [2023-09-07T16:01:05.202+0000] {dagbag.py:539} INFO - Filling up the DagBag from /home/airflow/.local/lib/python3.8/site-packages/airflow/example_dags/example_branch_labels.py
[2023-09-07T16:01:05.241+0000] {processor.py:839} INFO - DAG(s) dict_keys(['example_branch_labels']) retrieved from /home/airflow/.local/lib/python3.8/site-packages/airflow/example_dags/example_branch_labels.py
[2023-09-07T16:01:05.289+0000] {logging_mixin.py:151} INFO - [2023-09-07T16:01:05.289+0000] {dag.py:2907} INFO - Sync 1 DAGs
[2023-09-07T16:01:05.330+0000] {logging_mixin.py:151} INFO - [2023-09-07T16:01:05.329+0000] {dag.py:3677} INFO - Setting next_dagrun for example_branch_labels to 2023-09-06T00:00:00+00:00, run_after=2023-09-07T00:00:00+00:00
[2023-09-07T16:01:05.347+0000] {processor.py:179} INFO - Processing /home/airflow/.local/lib/python3.8/site-packages/airflow/example_dags/example_branch_labels.py took 0.157 seconds
[2023-09-07T16:01:35.798+0000] {processor.py:157} INFO - Started process (PID=1746) to work on /home/airflow/.local/lib/python3.8/site-packages/airflow/example_dags/example_branch_labels.py
[2023-09-07T16:01:35.801+0000] {processor.py:829} INFO - Processing file /home/airflow/.local/lib/python3.8/site-packages/airflow/example_dags/example_branch_labels.py for tasks to queue
[2023-09-07T16:01:35.803+0000] {logging_mixin.py:151} INFO - [2023-09-07T16:01:35.802+0000] {dagbag.py:539} INFO - Filling up the DagBag from /home/airflow/.local/lib/python3.8/site-packages/airflow/example_dags/example_branch_labels.py
[2023-09-07T16:01:35.839+0000] {processor.py:839} INFO - DAG(s) dict_keys(['example_branch_labels']) retrieved from /home/airflow/.local/lib/python3.8/site-packages/airflow/example_dags/example_branch_labels.py
[2023-09-07T16:01:35.904+0000] {logging_mixin.py:151} INFO - [2023-09-07T16:01:35.904+0000] {dag.py:2907} INFO - Sync 1 DAGs
[2023-09-07T16:01:35.934+0000] {logging_mixin.py:151} INFO - [2023-09-07T16:01:35.934+0000] {dag.py:3677} INFO - Setting next_dagrun for example_branch_labels to 2023-09-06T00:00:00+00:00, run_after=2023-09-07T00:00:00+00:00
[2023-09-07T16:01:35.960+0000] {processor.py:179} INFO - Processing /home/airflow/.local/lib/python3.8/site-packages/airflow/example_dags/example_branch_labels.py took 0.173 seconds
[2023-09-07T16:02:06.622+0000] {processor.py:157} INFO - Started process (PID=1983) to work on /home/airflow/.local/lib/python3.8/site-packages/airflow/example_dags/example_branch_labels.py
[2023-09-07T16:02:06.625+0000] {processor.py:829} INFO - Processing file /home/airflow/.local/lib/python3.8/site-packages/airflow/example_dags/example_branch_labels.py for tasks to queue
[2023-09-07T16:02:06.627+0000] {logging_mixin.py:151} INFO - [2023-09-07T16:02:06.626+0000] {dagbag.py:539} INFO - Filling up the DagBag from /home/airflow/.local/lib/python3.8/site-packages/airflow/example_dags/example_branch_labels.py
[2023-09-07T16:02:06.647+0000] {processor.py:839} INFO - DAG(s) dict_keys(['example_branch_labels']) retrieved from /home/airflow/.local/lib/python3.8/site-packages/airflow/example_dags/example_branch_labels.py
[2023-09-07T16:02:06.703+0000] {logging_mixin.py:151} INFO - [2023-09-07T16:02:06.703+0000] {dag.py:2907} INFO - Sync 1 DAGs
[2023-09-07T16:02:06.749+0000] {logging_mixin.py:151} INFO - [2023-09-07T16:02:06.748+0000] {dag.py:3677} INFO - Setting next_dagrun for example_branch_labels to 2023-09-06T00:00:00+00:00, run_after=2023-09-07T00:00:00+00:00
[2023-09-07T16:02:06.765+0000] {processor.py:179} INFO - Processing /home/airflow/.local/lib/python3.8/site-packages/airflow/example_dags/example_branch_labels.py took 0.154 seconds
[2023-09-07T16:02:37.702+0000] {processor.py:157} INFO - Started process (PID=2223) to work on /home/airflow/.local/lib/python3.8/site-packages/airflow/example_dags/example_branch_labels.py
[2023-09-07T16:02:37.705+0000] {processor.py:829} INFO - Processing file /home/airflow/.local/lib/python3.8/site-packages/airflow/example_dags/example_branch_labels.py for tasks to queue
[2023-09-07T16:02:37.708+0000] {logging_mixin.py:151} INFO - [2023-09-07T16:02:37.707+0000] {dagbag.py:539} INFO - Filling up the DagBag from /home/airflow/.local/lib/python3.8/site-packages/airflow/example_dags/example_branch_labels.py
[2023-09-07T16:02:37.759+0000] {processor.py:839} INFO - DAG(s) dict_keys(['example_branch_labels']) retrieved from /home/airflow/.local/lib/python3.8/site-packages/airflow/example_dags/example_branch_labels.py
[2023-09-07T16:02:37.824+0000] {logging_mixin.py:151} INFO - [2023-09-07T16:02:37.823+0000] {dag.py:2907} INFO - Sync 1 DAGs
[2023-09-07T16:02:37.861+0000] {logging_mixin.py:151} INFO - [2023-09-07T16:02:37.860+0000] {dag.py:3677} INFO - Setting next_dagrun for example_branch_labels to 2023-09-06T00:00:00+00:00, run_after=2023-09-07T00:00:00+00:00
[2023-09-07T16:02:37.882+0000] {processor.py:179} INFO - Processing /home/airflow/.local/lib/python3.8/site-packages/airflow/example_dags/example_branch_labels.py took 0.190 seconds
[2023-09-07T16:03:08.115+0000] {processor.py:157} INFO - Started process (PID=2459) to work on /home/airflow/.local/lib/python3.8/site-packages/airflow/example_dags/example_branch_labels.py
[2023-09-07T16:03:08.124+0000] {processor.py:829} INFO - Processing file /home/airflow/.local/lib/python3.8/site-packages/airflow/example_dags/example_branch_labels.py for tasks to queue
[2023-09-07T16:03:08.127+0000] {logging_mixin.py:151} INFO - [2023-09-07T16:03:08.126+0000] {dagbag.py:539} INFO - Filling up the DagBag from /home/airflow/.local/lib/python3.8/site-packages/airflow/example_dags/example_branch_labels.py
[2023-09-07T16:03:08.149+0000] {processor.py:839} INFO - DAG(s) dict_keys(['example_branch_labels']) retrieved from /home/airflow/.local/lib/python3.8/site-packages/airflow/example_dags/example_branch_labels.py
[2023-09-07T16:03:08.210+0000] {logging_mixin.py:151} INFO - [2023-09-07T16:03:08.210+0000] {dag.py:2907} INFO - Sync 1 DAGs
[2023-09-07T16:03:08.250+0000] {logging_mixin.py:151} INFO - [2023-09-07T16:03:08.250+0000] {dag.py:3677} INFO - Setting next_dagrun for example_branch_labels to 2023-09-06T00:00:00+00:00, run_after=2023-09-07T00:00:00+00:00
[2023-09-07T16:03:08.265+0000] {processor.py:179} INFO - Processing /home/airflow/.local/lib/python3.8/site-packages/airflow/example_dags/example_branch_labels.py took 0.171 seconds
[2023-09-07T16:03:39.055+0000] {processor.py:157} INFO - Started process (PID=2700) to work on /home/airflow/.local/lib/python3.8/site-packages/airflow/example_dags/example_branch_labels.py
[2023-09-07T16:03:39.056+0000] {processor.py:829} INFO - Processing file /home/airflow/.local/lib/python3.8/site-packages/airflow/example_dags/example_branch_labels.py for tasks to queue
[2023-09-07T16:03:39.058+0000] {logging_mixin.py:151} INFO - [2023-09-07T16:03:39.057+0000] {dagbag.py:539} INFO - Filling up the DagBag from /home/airflow/.local/lib/python3.8/site-packages/airflow/example_dags/example_branch_labels.py
[2023-09-07T16:03:39.086+0000] {processor.py:839} INFO - DAG(s) dict_keys(['example_branch_labels']) retrieved from /home/airflow/.local/lib/python3.8/site-packages/airflow/example_dags/example_branch_labels.py
[2023-09-07T16:03:39.129+0000] {logging_mixin.py:151} INFO - [2023-09-07T16:03:39.129+0000] {dag.py:2907} INFO - Sync 1 DAGs
[2023-09-07T16:03:39.152+0000] {logging_mixin.py:151} INFO - [2023-09-07T16:03:39.152+0000] {dag.py:3677} INFO - Setting next_dagrun for example_branch_labels to 2023-09-06T00:00:00+00:00, run_after=2023-09-07T00:00:00+00:00
[2023-09-07T16:03:39.168+0000] {processor.py:179} INFO - Processing /home/airflow/.local/lib/python3.8/site-packages/airflow/example_dags/example_branch_labels.py took 0.117 seconds
[2023-09-07T16:04:09.942+0000] {processor.py:157} INFO - Started process (PID=2937) to work on /home/airflow/.local/lib/python3.8/site-packages/airflow/example_dags/example_branch_labels.py
[2023-09-07T16:04:09.946+0000] {processor.py:829} INFO - Processing file /home/airflow/.local/lib/python3.8/site-packages/airflow/example_dags/example_branch_labels.py for tasks to queue
[2023-09-07T16:04:09.948+0000] {logging_mixin.py:151} INFO - [2023-09-07T16:04:09.947+0000] {dagbag.py:539} INFO - Filling up the DagBag from /home/airflow/.local/lib/python3.8/site-packages/airflow/example_dags/example_branch_labels.py
[2023-09-07T16:04:09.983+0000] {processor.py:839} INFO - DAG(s) dict_keys(['example_branch_labels']) retrieved from /home/airflow/.local/lib/python3.8/site-packages/airflow/example_dags/example_branch_labels.py
[2023-09-07T16:04:10.053+0000] {logging_mixin.py:151} INFO - [2023-09-07T16:04:10.053+0000] {dag.py:2907} INFO - Sync 1 DAGs
[2023-09-07T16:04:10.085+0000] {logging_mixin.py:151} INFO - [2023-09-07T16:04:10.084+0000] {dag.py:3677} INFO - Setting next_dagrun for example_branch_labels to 2023-09-06T00:00:00+00:00, run_after=2023-09-07T00:00:00+00:00
[2023-09-07T16:04:10.103+0000] {processor.py:179} INFO - Processing /home/airflow/.local/lib/python3.8/site-packages/airflow/example_dags/example_branch_labels.py took 0.188 seconds
[2023-09-07T16:04:40.249+0000] {processor.py:157} INFO - Started process (PID=3173) to work on /home/airflow/.local/lib/python3.8/site-packages/airflow/example_dags/example_branch_labels.py
[2023-09-07T16:04:40.252+0000] {processor.py:829} INFO - Processing file /home/airflow/.local/lib/python3.8/site-packages/airflow/example_dags/example_branch_labels.py for tasks to queue
[2023-09-07T16:04:40.254+0000] {logging_mixin.py:151} INFO - [2023-09-07T16:04:40.254+0000] {dagbag.py:539} INFO - Filling up the DagBag from /home/airflow/.local/lib/python3.8/site-packages/airflow/example_dags/example_branch_labels.py
[2023-09-07T16:04:40.295+0000] {processor.py:839} INFO - DAG(s) dict_keys(['example_branch_labels']) retrieved from /home/airflow/.local/lib/python3.8/site-packages/airflow/example_dags/example_branch_labels.py
[2023-09-07T16:04:40.341+0000] {logging_mixin.py:151} INFO - [2023-09-07T16:04:40.341+0000] {dag.py:2907} INFO - Sync 1 DAGs
[2023-09-07T16:04:40.374+0000] {logging_mixin.py:151} INFO - [2023-09-07T16:04:40.374+0000] {dag.py:3677} INFO - Setting next_dagrun for example_branch_labels to 2023-09-06T00:00:00+00:00, run_after=2023-09-07T00:00:00+00:00
[2023-09-07T16:04:40.389+0000] {processor.py:179} INFO - Processing /home/airflow/.local/lib/python3.8/site-packages/airflow/example_dags/example_branch_labels.py took 0.147 seconds
[2023-09-07T16:05:10.509+0000] {processor.py:157} INFO - Started process (PID=3411) to work on /home/airflow/.local/lib/python3.8/site-packages/airflow/example_dags/example_branch_labels.py
[2023-09-07T16:05:10.512+0000] {processor.py:829} INFO - Processing file /home/airflow/.local/lib/python3.8/site-packages/airflow/example_dags/example_branch_labels.py for tasks to queue
[2023-09-07T16:05:10.514+0000] {logging_mixin.py:151} INFO - [2023-09-07T16:05:10.513+0000] {dagbag.py:539} INFO - Filling up the DagBag from /home/airflow/.local/lib/python3.8/site-packages/airflow/example_dags/example_branch_labels.py
[2023-09-07T16:05:10.534+0000] {processor.py:839} INFO - DAG(s) dict_keys(['example_branch_labels']) retrieved from /home/airflow/.local/lib/python3.8/site-packages/airflow/example_dags/example_branch_labels.py
[2023-09-07T16:05:10.588+0000] {logging_mixin.py:151} INFO - [2023-09-07T16:05:10.587+0000] {dag.py:2907} INFO - Sync 1 DAGs
[2023-09-07T16:05:10.612+0000] {logging_mixin.py:151} INFO - [2023-09-07T16:05:10.612+0000] {dag.py:3677} INFO - Setting next_dagrun for example_branch_labels to 2023-09-06T00:00:00+00:00, run_after=2023-09-07T00:00:00+00:00
[2023-09-07T16:05:10.631+0000] {processor.py:179} INFO - Processing /home/airflow/.local/lib/python3.8/site-packages/airflow/example_dags/example_branch_labels.py took 0.142 seconds
[2023-09-07T16:05:41.100+0000] {processor.py:157} INFO - Started process (PID=3650) to work on /home/airflow/.local/lib/python3.8/site-packages/airflow/example_dags/example_branch_labels.py
[2023-09-07T16:05:41.103+0000] {processor.py:829} INFO - Processing file /home/airflow/.local/lib/python3.8/site-packages/airflow/example_dags/example_branch_labels.py for tasks to queue
[2023-09-07T16:05:41.105+0000] {logging_mixin.py:151} INFO - [2023-09-07T16:05:41.104+0000] {dagbag.py:539} INFO - Filling up the DagBag from /home/airflow/.local/lib/python3.8/site-packages/airflow/example_dags/example_branch_labels.py
[2023-09-07T16:05:41.133+0000] {processor.py:839} INFO - DAG(s) dict_keys(['example_branch_labels']) retrieved from /home/airflow/.local/lib/python3.8/site-packages/airflow/example_dags/example_branch_labels.py
[2023-09-07T16:05:41.191+0000] {logging_mixin.py:151} INFO - [2023-09-07T16:05:41.191+0000] {dag.py:2907} INFO - Sync 1 DAGs
[2023-09-07T16:05:41.215+0000] {logging_mixin.py:151} INFO - [2023-09-07T16:05:41.215+0000] {dag.py:3677} INFO - Setting next_dagrun for example_branch_labels to 2023-09-06T00:00:00+00:00, run_after=2023-09-07T00:00:00+00:00
[2023-09-07T16:05:41.229+0000] {processor.py:179} INFO - Processing /home/airflow/.local/lib/python3.8/site-packages/airflow/example_dags/example_branch_labels.py took 0.135 seconds
[2023-09-07T16:06:11.384+0000] {processor.py:157} INFO - Started process (PID=3888) to work on /home/airflow/.local/lib/python3.8/site-packages/airflow/example_dags/example_branch_labels.py
[2023-09-07T16:06:11.392+0000] {processor.py:829} INFO - Processing file /home/airflow/.local/lib/python3.8/site-packages/airflow/example_dags/example_branch_labels.py for tasks to queue
[2023-09-07T16:06:11.397+0000] {logging_mixin.py:151} INFO - [2023-09-07T16:06:11.396+0000] {dagbag.py:539} INFO - Filling up the DagBag from /home/airflow/.local/lib/python3.8/site-packages/airflow/example_dags/example_branch_labels.py
[2023-09-07T16:06:11.433+0000] {processor.py:839} INFO - DAG(s) dict_keys(['example_branch_labels']) retrieved from /home/airflow/.local/lib/python3.8/site-packages/airflow/example_dags/example_branch_labels.py
[2023-09-07T16:06:11.501+0000] {logging_mixin.py:151} INFO - [2023-09-07T16:06:11.501+0000] {dag.py:2907} INFO - Sync 1 DAGs
[2023-09-07T16:06:11.535+0000] {logging_mixin.py:151} INFO - [2023-09-07T16:06:11.535+0000] {dag.py:3677} INFO - Setting next_dagrun for example_branch_labels to 2023-09-06T00:00:00+00:00, run_after=2023-09-07T00:00:00+00:00
[2023-09-07T16:06:11.550+0000] {processor.py:179} INFO - Processing /home/airflow/.local/lib/python3.8/site-packages/airflow/example_dags/example_branch_labels.py took 0.191 seconds
[2023-09-07T16:06:42.247+0000] {processor.py:157} INFO - Started process (PID=4128) to work on /home/airflow/.local/lib/python3.8/site-packages/airflow/example_dags/example_branch_labels.py
[2023-09-07T16:06:42.252+0000] {processor.py:829} INFO - Processing file /home/airflow/.local/lib/python3.8/site-packages/airflow/example_dags/example_branch_labels.py for tasks to queue
[2023-09-07T16:06:42.254+0000] {logging_mixin.py:151} INFO - [2023-09-07T16:06:42.253+0000] {dagbag.py:539} INFO - Filling up the DagBag from /home/airflow/.local/lib/python3.8/site-packages/airflow/example_dags/example_branch_labels.py
[2023-09-07T16:06:42.272+0000] {processor.py:839} INFO - DAG(s) dict_keys(['example_branch_labels']) retrieved from /home/airflow/.local/lib/python3.8/site-packages/airflow/example_dags/example_branch_labels.py
[2023-09-07T16:06:42.363+0000] {logging_mixin.py:151} INFO - [2023-09-07T16:06:42.363+0000] {dag.py:2907} INFO - Sync 1 DAGs
[2023-09-07T16:06:42.420+0000] {logging_mixin.py:151} INFO - [2023-09-07T16:06:42.420+0000] {dag.py:3677} INFO - Setting next_dagrun for example_branch_labels to 2023-09-06T00:00:00+00:00, run_after=2023-09-07T00:00:00+00:00
[2023-09-07T16:06:42.446+0000] {processor.py:179} INFO - Processing /home/airflow/.local/lib/python3.8/site-packages/airflow/example_dags/example_branch_labels.py took 0.224 seconds
[2023-09-07T16:07:12.865+0000] {processor.py:157} INFO - Started process (PID=4364) to work on /home/airflow/.local/lib/python3.8/site-packages/airflow/example_dags/example_branch_labels.py
[2023-09-07T16:07:12.872+0000] {processor.py:829} INFO - Processing file /home/airflow/.local/lib/python3.8/site-packages/airflow/example_dags/example_branch_labels.py for tasks to queue
[2023-09-07T16:07:12.881+0000] {logging_mixin.py:151} INFO - [2023-09-07T16:07:12.879+0000] {dagbag.py:539} INFO - Filling up the DagBag from /home/airflow/.local/lib/python3.8/site-packages/airflow/example_dags/example_branch_labels.py
[2023-09-07T16:07:12.899+0000] {processor.py:839} INFO - DAG(s) dict_keys(['example_branch_labels']) retrieved from /home/airflow/.local/lib/python3.8/site-packages/airflow/example_dags/example_branch_labels.py
[2023-09-07T16:07:13.018+0000] {logging_mixin.py:151} INFO - [2023-09-07T16:07:13.018+0000] {dag.py:2907} INFO - Sync 1 DAGs
[2023-09-07T16:07:13.079+0000] {logging_mixin.py:151} INFO - [2023-09-07T16:07:13.078+0000] {dag.py:3677} INFO - Setting next_dagrun for example_branch_labels to 2023-09-06T00:00:00+00:00, run_after=2023-09-07T00:00:00+00:00
[2023-09-07T16:07:13.128+0000] {processor.py:179} INFO - Processing /home/airflow/.local/lib/python3.8/site-packages/airflow/example_dags/example_branch_labels.py took 0.273 seconds
[2023-09-07T16:07:44.021+0000] {processor.py:157} INFO - Started process (PID=4605) to work on /home/airflow/.local/lib/python3.8/site-packages/airflow/example_dags/example_branch_labels.py
[2023-09-07T16:07:44.024+0000] {processor.py:829} INFO - Processing file /home/airflow/.local/lib/python3.8/site-packages/airflow/example_dags/example_branch_labels.py for tasks to queue
[2023-09-07T16:07:44.027+0000] {logging_mixin.py:151} INFO - [2023-09-07T16:07:44.026+0000] {dagbag.py:539} INFO - Filling up the DagBag from /home/airflow/.local/lib/python3.8/site-packages/airflow/example_dags/example_branch_labels.py
[2023-09-07T16:07:44.049+0000] {processor.py:839} INFO - DAG(s) dict_keys(['example_branch_labels']) retrieved from /home/airflow/.local/lib/python3.8/site-packages/airflow/example_dags/example_branch_labels.py
[2023-09-07T16:07:44.122+0000] {logging_mixin.py:151} INFO - [2023-09-07T16:07:44.122+0000] {dag.py:2907} INFO - Sync 1 DAGs
[2023-09-07T16:07:44.151+0000] {logging_mixin.py:151} INFO - [2023-09-07T16:07:44.150+0000] {dag.py:3677} INFO - Setting next_dagrun for example_branch_labels to 2023-09-06T00:00:00+00:00, run_after=2023-09-07T00:00:00+00:00
[2023-09-07T16:07:44.166+0000] {processor.py:179} INFO - Processing /home/airflow/.local/lib/python3.8/site-packages/airflow/example_dags/example_branch_labels.py took 0.161 seconds
[2023-09-07T16:08:14.973+0000] {processor.py:157} INFO - Started process (PID=4843) to work on /home/airflow/.local/lib/python3.8/site-packages/airflow/example_dags/example_branch_labels.py
[2023-09-07T16:08:14.979+0000] {processor.py:829} INFO - Processing file /home/airflow/.local/lib/python3.8/site-packages/airflow/example_dags/example_branch_labels.py for tasks to queue
[2023-09-07T16:08:14.999+0000] {logging_mixin.py:151} INFO - [2023-09-07T16:08:14.988+0000] {dagbag.py:539} INFO - Filling up the DagBag from /home/airflow/.local/lib/python3.8/site-packages/airflow/example_dags/example_branch_labels.py
[2023-09-07T16:08:15.067+0000] {processor.py:839} INFO - DAG(s) dict_keys(['example_branch_labels']) retrieved from /home/airflow/.local/lib/python3.8/site-packages/airflow/example_dags/example_branch_labels.py
[2023-09-07T16:08:15.201+0000] {logging_mixin.py:151} INFO - [2023-09-07T16:08:15.201+0000] {dag.py:2907} INFO - Sync 1 DAGs
[2023-09-07T16:08:15.306+0000] {logging_mixin.py:151} INFO - [2023-09-07T16:08:15.305+0000] {dag.py:3677} INFO - Setting next_dagrun for example_branch_labels to 2023-09-06T00:00:00+00:00, run_after=2023-09-07T00:00:00+00:00
[2023-09-07T16:08:15.326+0000] {processor.py:179} INFO - Processing /home/airflow/.local/lib/python3.8/site-packages/airflow/example_dags/example_branch_labels.py took 0.366 seconds
[2023-09-07T16:08:45.565+0000] {processor.py:157} INFO - Started process (PID=5078) to work on /home/airflow/.local/lib/python3.8/site-packages/airflow/example_dags/example_branch_labels.py
[2023-09-07T16:08:45.569+0000] {processor.py:829} INFO - Processing file /home/airflow/.local/lib/python3.8/site-packages/airflow/example_dags/example_branch_labels.py for tasks to queue
[2023-09-07T16:08:45.576+0000] {logging_mixin.py:151} INFO - [2023-09-07T16:08:45.572+0000] {dagbag.py:539} INFO - Filling up the DagBag from /home/airflow/.local/lib/python3.8/site-packages/airflow/example_dags/example_branch_labels.py
[2023-09-07T16:08:45.601+0000] {processor.py:839} INFO - DAG(s) dict_keys(['example_branch_labels']) retrieved from /home/airflow/.local/lib/python3.8/site-packages/airflow/example_dags/example_branch_labels.py
[2023-09-07T16:08:45.641+0000] {logging_mixin.py:151} INFO - [2023-09-07T16:08:45.641+0000] {dag.py:2907} INFO - Sync 1 DAGs
[2023-09-07T16:08:45.677+0000] {logging_mixin.py:151} INFO - [2023-09-07T16:08:45.677+0000] {dag.py:3677} INFO - Setting next_dagrun for example_branch_labels to 2023-09-06T00:00:00+00:00, run_after=2023-09-07T00:00:00+00:00
[2023-09-07T16:08:45.692+0000] {processor.py:179} INFO - Processing /home/airflow/.local/lib/python3.8/site-packages/airflow/example_dags/example_branch_labels.py took 0.136 seconds
[2023-09-07T16:09:16.207+0000] {processor.py:157} INFO - Started process (PID=5316) to work on /home/airflow/.local/lib/python3.8/site-packages/airflow/example_dags/example_branch_labels.py
[2023-09-07T16:09:16.215+0000] {processor.py:829} INFO - Processing file /home/airflow/.local/lib/python3.8/site-packages/airflow/example_dags/example_branch_labels.py for tasks to queue
[2023-09-07T16:09:16.219+0000] {logging_mixin.py:151} INFO - [2023-09-07T16:09:16.217+0000] {dagbag.py:539} INFO - Filling up the DagBag from /home/airflow/.local/lib/python3.8/site-packages/airflow/example_dags/example_branch_labels.py
[2023-09-07T16:09:16.247+0000] {processor.py:839} INFO - DAG(s) dict_keys(['example_branch_labels']) retrieved from /home/airflow/.local/lib/python3.8/site-packages/airflow/example_dags/example_branch_labels.py
[2023-09-07T16:09:16.319+0000] {logging_mixin.py:151} INFO - [2023-09-07T16:09:16.319+0000] {dag.py:2907} INFO - Sync 1 DAGs
[2023-09-07T16:09:16.356+0000] {logging_mixin.py:151} INFO - [2023-09-07T16:09:16.356+0000] {dag.py:3677} INFO - Setting next_dagrun for example_branch_labels to 2023-09-06T00:00:00+00:00, run_after=2023-09-07T00:00:00+00:00
[2023-09-07T16:09:16.371+0000] {processor.py:179} INFO - Processing /home/airflow/.local/lib/python3.8/site-packages/airflow/example_dags/example_branch_labels.py took 0.176 seconds
[2023-09-07T16:09:47.360+0000] {processor.py:157} INFO - Started process (PID=5554) to work on /home/airflow/.local/lib/python3.8/site-packages/airflow/example_dags/example_branch_labels.py
[2023-09-07T16:09:47.363+0000] {processor.py:829} INFO - Processing file /home/airflow/.local/lib/python3.8/site-packages/airflow/example_dags/example_branch_labels.py for tasks to queue
[2023-09-07T16:09:47.366+0000] {logging_mixin.py:151} INFO - [2023-09-07T16:09:47.365+0000] {dagbag.py:539} INFO - Filling up the DagBag from /home/airflow/.local/lib/python3.8/site-packages/airflow/example_dags/example_branch_labels.py
[2023-09-07T16:09:47.389+0000] {processor.py:839} INFO - DAG(s) dict_keys(['example_branch_labels']) retrieved from /home/airflow/.local/lib/python3.8/site-packages/airflow/example_dags/example_branch_labels.py
[2023-09-07T16:09:47.459+0000] {logging_mixin.py:151} INFO - [2023-09-07T16:09:47.459+0000] {dag.py:2907} INFO - Sync 1 DAGs
[2023-09-07T16:09:47.485+0000] {logging_mixin.py:151} INFO - [2023-09-07T16:09:47.485+0000] {dag.py:3677} INFO - Setting next_dagrun for example_branch_labels to 2023-09-06T00:00:00+00:00, run_after=2023-09-07T00:00:00+00:00
[2023-09-07T16:09:47.499+0000] {processor.py:179} INFO - Processing /home/airflow/.local/lib/python3.8/site-packages/airflow/example_dags/example_branch_labels.py took 0.156 seconds
[2023-09-07T16:10:18.245+0000] {processor.py:157} INFO - Started process (PID=5792) to work on /home/airflow/.local/lib/python3.8/site-packages/airflow/example_dags/example_branch_labels.py
[2023-09-07T16:10:18.252+0000] {processor.py:829} INFO - Processing file /home/airflow/.local/lib/python3.8/site-packages/airflow/example_dags/example_branch_labels.py for tasks to queue
[2023-09-07T16:10:18.260+0000] {logging_mixin.py:151} INFO - [2023-09-07T16:10:18.256+0000] {dagbag.py:539} INFO - Filling up the DagBag from /home/airflow/.local/lib/python3.8/site-packages/airflow/example_dags/example_branch_labels.py
[2023-09-07T16:10:18.310+0000] {processor.py:839} INFO - DAG(s) dict_keys(['example_branch_labels']) retrieved from /home/airflow/.local/lib/python3.8/site-packages/airflow/example_dags/example_branch_labels.py
[2023-09-07T16:10:18.380+0000] {logging_mixin.py:151} INFO - [2023-09-07T16:10:18.380+0000] {dag.py:2907} INFO - Sync 1 DAGs
[2023-09-07T16:10:18.427+0000] {logging_mixin.py:151} INFO - [2023-09-07T16:10:18.427+0000] {dag.py:3677} INFO - Setting next_dagrun for example_branch_labels to 2023-09-06T00:00:00+00:00, run_after=2023-09-07T00:00:00+00:00
[2023-09-07T16:10:18.468+0000] {processor.py:179} INFO - Processing /home/airflow/.local/lib/python3.8/site-packages/airflow/example_dags/example_branch_labels.py took 0.235 seconds
[2023-09-07T16:10:48.788+0000] {processor.py:157} INFO - Started process (PID=6036) to work on /home/airflow/.local/lib/python3.8/site-packages/airflow/example_dags/example_branch_labels.py
[2023-09-07T16:10:48.790+0000] {processor.py:829} INFO - Processing file /home/airflow/.local/lib/python3.8/site-packages/airflow/example_dags/example_branch_labels.py for tasks to queue
[2023-09-07T16:10:48.792+0000] {logging_mixin.py:151} INFO - [2023-09-07T16:10:48.792+0000] {dagbag.py:539} INFO - Filling up the DagBag from /home/airflow/.local/lib/python3.8/site-packages/airflow/example_dags/example_branch_labels.py
[2023-09-07T16:10:48.808+0000] {processor.py:839} INFO - DAG(s) dict_keys(['example_branch_labels']) retrieved from /home/airflow/.local/lib/python3.8/site-packages/airflow/example_dags/example_branch_labels.py
[2023-09-07T16:10:48.865+0000] {logging_mixin.py:151} INFO - [2023-09-07T16:10:48.865+0000] {dag.py:2907} INFO - Sync 1 DAGs
[2023-09-07T16:10:48.888+0000] {logging_mixin.py:151} INFO - [2023-09-07T16:10:48.888+0000] {dag.py:3677} INFO - Setting next_dagrun for example_branch_labels to 2023-09-06T00:00:00+00:00, run_after=2023-09-07T00:00:00+00:00
[2023-09-07T16:10:48.902+0000] {processor.py:179} INFO - Processing /home/airflow/.local/lib/python3.8/site-packages/airflow/example_dags/example_branch_labels.py took 0.133 seconds
[2023-09-07T16:11:18.991+0000] {processor.py:157} INFO - Started process (PID=6274) to work on /home/airflow/.local/lib/python3.8/site-packages/airflow/example_dags/example_branch_labels.py
[2023-09-07T16:11:18.994+0000] {processor.py:829} INFO - Processing file /home/airflow/.local/lib/python3.8/site-packages/airflow/example_dags/example_branch_labels.py for tasks to queue
[2023-09-07T16:11:18.996+0000] {logging_mixin.py:151} INFO - [2023-09-07T16:11:18.995+0000] {dagbag.py:539} INFO - Filling up the DagBag from /home/airflow/.local/lib/python3.8/site-packages/airflow/example_dags/example_branch_labels.py
[2023-09-07T16:11:19.011+0000] {processor.py:839} INFO - DAG(s) dict_keys(['example_branch_labels']) retrieved from /home/airflow/.local/lib/python3.8/site-packages/airflow/example_dags/example_branch_labels.py
[2023-09-07T16:11:19.076+0000] {logging_mixin.py:151} INFO - [2023-09-07T16:11:19.076+0000] {dag.py:2907} INFO - Sync 1 DAGs
[2023-09-07T16:11:19.101+0000] {logging_mixin.py:151} INFO - [2023-09-07T16:11:19.101+0000] {dag.py:3677} INFO - Setting next_dagrun for example_branch_labels to 2023-09-06T00:00:00+00:00, run_after=2023-09-07T00:00:00+00:00
[2023-09-07T16:11:19.116+0000] {processor.py:179} INFO - Processing /home/airflow/.local/lib/python3.8/site-packages/airflow/example_dags/example_branch_labels.py took 0.133 seconds
[2023-09-07T16:11:49.949+0000] {processor.py:157} INFO - Started process (PID=6512) to work on /home/airflow/.local/lib/python3.8/site-packages/airflow/example_dags/example_branch_labels.py
[2023-09-07T16:11:49.952+0000] {processor.py:829} INFO - Processing file /home/airflow/.local/lib/python3.8/site-packages/airflow/example_dags/example_branch_labels.py for tasks to queue
[2023-09-07T16:11:49.954+0000] {logging_mixin.py:151} INFO - [2023-09-07T16:11:49.953+0000] {dagbag.py:539} INFO - Filling up the DagBag from /home/airflow/.local/lib/python3.8/site-packages/airflow/example_dags/example_branch_labels.py
[2023-09-07T16:11:49.970+0000] {processor.py:839} INFO - DAG(s) dict_keys(['example_branch_labels']) retrieved from /home/airflow/.local/lib/python3.8/site-packages/airflow/example_dags/example_branch_labels.py
[2023-09-07T16:11:50.020+0000] {logging_mixin.py:151} INFO - [2023-09-07T16:11:50.019+0000] {dag.py:2907} INFO - Sync 1 DAGs
[2023-09-07T16:11:50.046+0000] {logging_mixin.py:151} INFO - [2023-09-07T16:11:50.046+0000] {dag.py:3677} INFO - Setting next_dagrun for example_branch_labels to 2023-09-06T00:00:00+00:00, run_after=2023-09-07T00:00:00+00:00
[2023-09-07T16:11:50.062+0000] {processor.py:179} INFO - Processing /home/airflow/.local/lib/python3.8/site-packages/airflow/example_dags/example_branch_labels.py took 0.121 seconds
[2023-09-07T16:12:20.628+0000] {processor.py:157} INFO - Started process (PID=6751) to work on /home/airflow/.local/lib/python3.8/site-packages/airflow/example_dags/example_branch_labels.py
[2023-09-07T16:12:20.637+0000] {processor.py:829} INFO - Processing file /home/airflow/.local/lib/python3.8/site-packages/airflow/example_dags/example_branch_labels.py for tasks to queue
[2023-09-07T16:12:20.645+0000] {logging_mixin.py:151} INFO - [2023-09-07T16:12:20.644+0000] {dagbag.py:539} INFO - Filling up the DagBag from /home/airflow/.local/lib/python3.8/site-packages/airflow/example_dags/example_branch_labels.py
[2023-09-07T16:12:20.674+0000] {processor.py:839} INFO - DAG(s) dict_keys(['example_branch_labels']) retrieved from /home/airflow/.local/lib/python3.8/site-packages/airflow/example_dags/example_branch_labels.py
[2023-09-07T16:12:20.741+0000] {logging_mixin.py:151} INFO - [2023-09-07T16:12:20.741+0000] {dag.py:2907} INFO - Sync 1 DAGs
[2023-09-07T16:12:20.770+0000] {logging_mixin.py:151} INFO - [2023-09-07T16:12:20.769+0000] {dag.py:3677} INFO - Setting next_dagrun for example_branch_labels to 2023-09-06T00:00:00+00:00, run_after=2023-09-07T00:00:00+00:00
[2023-09-07T16:12:20.786+0000] {processor.py:179} INFO - Processing /home/airflow/.local/lib/python3.8/site-packages/airflow/example_dags/example_branch_labels.py took 0.174 seconds
[2023-09-07T16:12:51.823+0000] {processor.py:157} INFO - Started process (PID=6990) to work on /home/airflow/.local/lib/python3.8/site-packages/airflow/example_dags/example_branch_labels.py
[2023-09-07T16:12:51.827+0000] {processor.py:829} INFO - Processing file /home/airflow/.local/lib/python3.8/site-packages/airflow/example_dags/example_branch_labels.py for tasks to queue
[2023-09-07T16:12:51.829+0000] {logging_mixin.py:151} INFO - [2023-09-07T16:12:51.828+0000] {dagbag.py:539} INFO - Filling up the DagBag from /home/airflow/.local/lib/python3.8/site-packages/airflow/example_dags/example_branch_labels.py
[2023-09-07T16:12:51.850+0000] {processor.py:839} INFO - DAG(s) dict_keys(['example_branch_labels']) retrieved from /home/airflow/.local/lib/python3.8/site-packages/airflow/example_dags/example_branch_labels.py
[2023-09-07T16:12:51.908+0000] {logging_mixin.py:151} INFO - [2023-09-07T16:12:51.908+0000] {dag.py:2907} INFO - Sync 1 DAGs
[2023-09-07T16:12:51.945+0000] {logging_mixin.py:151} INFO - [2023-09-07T16:12:51.945+0000] {dag.py:3677} INFO - Setting next_dagrun for example_branch_labels to 2023-09-06T00:00:00+00:00, run_after=2023-09-07T00:00:00+00:00
[2023-09-07T16:12:51.966+0000] {processor.py:179} INFO - Processing /home/airflow/.local/lib/python3.8/site-packages/airflow/example_dags/example_branch_labels.py took 0.177 seconds
[2023-09-07T16:13:22.623+0000] {processor.py:157} INFO - Started process (PID=7228) to work on /home/airflow/.local/lib/python3.8/site-packages/airflow/example_dags/example_branch_labels.py
[2023-09-07T16:13:22.627+0000] {processor.py:829} INFO - Processing file /home/airflow/.local/lib/python3.8/site-packages/airflow/example_dags/example_branch_labels.py for tasks to queue
[2023-09-07T16:13:22.629+0000] {logging_mixin.py:151} INFO - [2023-09-07T16:13:22.628+0000] {dagbag.py:539} INFO - Filling up the DagBag from /home/airflow/.local/lib/python3.8/site-packages/airflow/example_dags/example_branch_labels.py
[2023-09-07T16:13:22.651+0000] {processor.py:839} INFO - DAG(s) dict_keys(['example_branch_labels']) retrieved from /home/airflow/.local/lib/python3.8/site-packages/airflow/example_dags/example_branch_labels.py
[2023-09-07T16:13:22.714+0000] {logging_mixin.py:151} INFO - [2023-09-07T16:13:22.714+0000] {dag.py:2907} INFO - Sync 1 DAGs
[2023-09-07T16:13:22.750+0000] {logging_mixin.py:151} INFO - [2023-09-07T16:13:22.750+0000] {dag.py:3677} INFO - Setting next_dagrun for example_branch_labels to 2023-09-06T00:00:00+00:00, run_after=2023-09-07T00:00:00+00:00
[2023-09-07T16:13:22.765+0000] {processor.py:179} INFO - Processing /home/airflow/.local/lib/python3.8/site-packages/airflow/example_dags/example_branch_labels.py took 0.166 seconds
[2023-09-07T16:13:53.478+0000] {processor.py:157} INFO - Started process (PID=7466) to work on /home/airflow/.local/lib/python3.8/site-packages/airflow/example_dags/example_branch_labels.py
[2023-09-07T16:13:53.481+0000] {processor.py:829} INFO - Processing file /home/airflow/.local/lib/python3.8/site-packages/airflow/example_dags/example_branch_labels.py for tasks to queue
[2023-09-07T16:13:53.484+0000] {logging_mixin.py:151} INFO - [2023-09-07T16:13:53.483+0000] {dagbag.py:539} INFO - Filling up the DagBag from /home/airflow/.local/lib/python3.8/site-packages/airflow/example_dags/example_branch_labels.py
[2023-09-07T16:13:53.502+0000] {processor.py:839} INFO - DAG(s) dict_keys(['example_branch_labels']) retrieved from /home/airflow/.local/lib/python3.8/site-packages/airflow/example_dags/example_branch_labels.py
[2023-09-07T16:13:53.554+0000] {logging_mixin.py:151} INFO - [2023-09-07T16:13:53.553+0000] {dag.py:2907} INFO - Sync 1 DAGs
[2023-09-07T16:13:53.590+0000] {logging_mixin.py:151} INFO - [2023-09-07T16:13:53.590+0000] {dag.py:3677} INFO - Setting next_dagrun for example_branch_labels to 2023-09-06T00:00:00+00:00, run_after=2023-09-07T00:00:00+00:00
[2023-09-07T16:13:53.605+0000] {processor.py:179} INFO - Processing /home/airflow/.local/lib/python3.8/site-packages/airflow/example_dags/example_branch_labels.py took 0.137 seconds
[2023-09-07T16:14:24.261+0000] {processor.py:157} INFO - Started process (PID=7705) to work on /home/airflow/.local/lib/python3.8/site-packages/airflow/example_dags/example_branch_labels.py
[2023-09-07T16:14:24.266+0000] {processor.py:829} INFO - Processing file /home/airflow/.local/lib/python3.8/site-packages/airflow/example_dags/example_branch_labels.py for tasks to queue
[2023-09-07T16:14:24.269+0000] {logging_mixin.py:151} INFO - [2023-09-07T16:14:24.268+0000] {dagbag.py:539} INFO - Filling up the DagBag from /home/airflow/.local/lib/python3.8/site-packages/airflow/example_dags/example_branch_labels.py
[2023-09-07T16:14:24.315+0000] {processor.py:839} INFO - DAG(s) dict_keys(['example_branch_labels']) retrieved from /home/airflow/.local/lib/python3.8/site-packages/airflow/example_dags/example_branch_labels.py
[2023-09-07T16:14:24.389+0000] {logging_mixin.py:151} INFO - [2023-09-07T16:14:24.389+0000] {dag.py:2907} INFO - Sync 1 DAGs
[2023-09-07T16:14:24.419+0000] {logging_mixin.py:151} INFO - [2023-09-07T16:14:24.419+0000] {dag.py:3677} INFO - Setting next_dagrun for example_branch_labels to 2023-09-06T00:00:00+00:00, run_after=2023-09-07T00:00:00+00:00
[2023-09-07T16:14:24.435+0000] {processor.py:179} INFO - Processing /home/airflow/.local/lib/python3.8/site-packages/airflow/example_dags/example_branch_labels.py took 0.187 seconds
[2023-09-07T16:14:55.145+0000] {processor.py:157} INFO - Started process (PID=7943) to work on /home/airflow/.local/lib/python3.8/site-packages/airflow/example_dags/example_branch_labels.py
[2023-09-07T16:14:55.148+0000] {processor.py:829} INFO - Processing file /home/airflow/.local/lib/python3.8/site-packages/airflow/example_dags/example_branch_labels.py for tasks to queue
[2023-09-07T16:14:55.150+0000] {logging_mixin.py:151} INFO - [2023-09-07T16:14:55.149+0000] {dagbag.py:539} INFO - Filling up the DagBag from /home/airflow/.local/lib/python3.8/site-packages/airflow/example_dags/example_branch_labels.py
[2023-09-07T16:14:55.181+0000] {processor.py:839} INFO - DAG(s) dict_keys(['example_branch_labels']) retrieved from /home/airflow/.local/lib/python3.8/site-packages/airflow/example_dags/example_branch_labels.py
[2023-09-07T16:14:55.237+0000] {logging_mixin.py:151} INFO - [2023-09-07T16:14:55.236+0000] {dag.py:2907} INFO - Sync 1 DAGs
[2023-09-07T16:14:55.267+0000] {logging_mixin.py:151} INFO - [2023-09-07T16:14:55.267+0000] {dag.py:3677} INFO - Setting next_dagrun for example_branch_labels to 2023-09-06T00:00:00+00:00, run_after=2023-09-07T00:00:00+00:00
[2023-09-07T16:14:55.282+0000] {processor.py:179} INFO - Processing /home/airflow/.local/lib/python3.8/site-packages/airflow/example_dags/example_branch_labels.py took 0.152 seconds
[2023-09-07T16:15:26.097+0000] {processor.py:157} INFO - Started process (PID=8180) to work on /home/airflow/.local/lib/python3.8/site-packages/airflow/example_dags/example_branch_labels.py
[2023-09-07T16:15:26.109+0000] {processor.py:829} INFO - Processing file /home/airflow/.local/lib/python3.8/site-packages/airflow/example_dags/example_branch_labels.py for tasks to queue
[2023-09-07T16:15:26.114+0000] {logging_mixin.py:151} INFO - [2023-09-07T16:15:26.114+0000] {dagbag.py:539} INFO - Filling up the DagBag from /home/airflow/.local/lib/python3.8/site-packages/airflow/example_dags/example_branch_labels.py
[2023-09-07T16:15:26.134+0000] {processor.py:839} INFO - DAG(s) dict_keys(['example_branch_labels']) retrieved from /home/airflow/.local/lib/python3.8/site-packages/airflow/example_dags/example_branch_labels.py
[2023-09-07T16:15:26.204+0000] {logging_mixin.py:151} INFO - [2023-09-07T16:15:26.204+0000] {dag.py:2907} INFO - Sync 1 DAGs
[2023-09-07T16:15:26.240+0000] {logging_mixin.py:151} INFO - [2023-09-07T16:15:26.240+0000] {dag.py:3677} INFO - Setting next_dagrun for example_branch_labels to 2023-09-06T00:00:00+00:00, run_after=2023-09-07T00:00:00+00:00
[2023-09-07T16:15:26.257+0000] {processor.py:179} INFO - Processing /home/airflow/.local/lib/python3.8/site-packages/airflow/example_dags/example_branch_labels.py took 0.172 seconds
[2023-09-07T16:15:56.892+0000] {processor.py:157} INFO - Started process (PID=8418) to work on /home/airflow/.local/lib/python3.8/site-packages/airflow/example_dags/example_branch_labels.py
[2023-09-07T16:15:56.895+0000] {processor.py:829} INFO - Processing file /home/airflow/.local/lib/python3.8/site-packages/airflow/example_dags/example_branch_labels.py for tasks to queue
[2023-09-07T16:15:56.897+0000] {logging_mixin.py:151} INFO - [2023-09-07T16:15:56.896+0000] {dagbag.py:539} INFO - Filling up the DagBag from /home/airflow/.local/lib/python3.8/site-packages/airflow/example_dags/example_branch_labels.py
[2023-09-07T16:15:56.930+0000] {processor.py:839} INFO - DAG(s) dict_keys(['example_branch_labels']) retrieved from /home/airflow/.local/lib/python3.8/site-packages/airflow/example_dags/example_branch_labels.py
[2023-09-07T16:15:56.963+0000] {logging_mixin.py:151} INFO - [2023-09-07T16:15:56.963+0000] {dag.py:2907} INFO - Sync 1 DAGs
[2023-09-07T16:15:56.979+0000] {logging_mixin.py:151} INFO - [2023-09-07T16:15:56.979+0000] {dag.py:3677} INFO - Setting next_dagrun for example_branch_labels to 2023-09-06T00:00:00+00:00, run_after=2023-09-07T00:00:00+00:00
[2023-09-07T16:15:56.992+0000] {processor.py:179} INFO - Processing /home/airflow/.local/lib/python3.8/site-packages/airflow/example_dags/example_branch_labels.py took 0.109 seconds
[2023-09-07T16:16:27.629+0000] {processor.py:157} INFO - Started process (PID=8656) to work on /home/airflow/.local/lib/python3.8/site-packages/airflow/example_dags/example_branch_labels.py
[2023-09-07T16:16:27.634+0000] {processor.py:829} INFO - Processing file /home/airflow/.local/lib/python3.8/site-packages/airflow/example_dags/example_branch_labels.py for tasks to queue
[2023-09-07T16:16:27.636+0000] {logging_mixin.py:151} INFO - [2023-09-07T16:16:27.635+0000] {dagbag.py:539} INFO - Filling up the DagBag from /home/airflow/.local/lib/python3.8/site-packages/airflow/example_dags/example_branch_labels.py
[2023-09-07T16:16:27.655+0000] {processor.py:839} INFO - DAG(s) dict_keys(['example_branch_labels']) retrieved from /home/airflow/.local/lib/python3.8/site-packages/airflow/example_dags/example_branch_labels.py
[2023-09-07T16:16:27.722+0000] {logging_mixin.py:151} INFO - [2023-09-07T16:16:27.722+0000] {dag.py:2907} INFO - Sync 1 DAGs
[2023-09-07T16:16:27.751+0000] {logging_mixin.py:151} INFO - [2023-09-07T16:16:27.751+0000] {dag.py:3677} INFO - Setting next_dagrun for example_branch_labels to 2023-09-06T00:00:00+00:00, run_after=2023-09-07T00:00:00+00:00
[2023-09-07T16:16:27.771+0000] {processor.py:179} INFO - Processing /home/airflow/.local/lib/python3.8/site-packages/airflow/example_dags/example_branch_labels.py took 0.154 seconds
[2023-09-07T16:16:58.031+0000] {processor.py:157} INFO - Started process (PID=8894) to work on /home/airflow/.local/lib/python3.8/site-packages/airflow/example_dags/example_branch_labels.py
[2023-09-07T16:16:58.038+0000] {processor.py:829} INFO - Processing file /home/airflow/.local/lib/python3.8/site-packages/airflow/example_dags/example_branch_labels.py for tasks to queue
[2023-09-07T16:16:58.045+0000] {logging_mixin.py:151} INFO - [2023-09-07T16:16:58.043+0000] {dagbag.py:539} INFO - Filling up the DagBag from /home/airflow/.local/lib/python3.8/site-packages/airflow/example_dags/example_branch_labels.py
[2023-09-07T16:16:58.071+0000] {processor.py:839} INFO - DAG(s) dict_keys(['example_branch_labels']) retrieved from /home/airflow/.local/lib/python3.8/site-packages/airflow/example_dags/example_branch_labels.py
[2023-09-07T16:16:58.126+0000] {logging_mixin.py:151} INFO - [2023-09-07T16:16:58.126+0000] {dag.py:2907} INFO - Sync 1 DAGs
[2023-09-07T16:16:58.151+0000] {logging_mixin.py:151} INFO - [2023-09-07T16:16:58.151+0000] {dag.py:3677} INFO - Setting next_dagrun for example_branch_labels to 2023-09-06T00:00:00+00:00, run_after=2023-09-07T00:00:00+00:00
[2023-09-07T16:16:58.167+0000] {processor.py:179} INFO - Processing /home/airflow/.local/lib/python3.8/site-packages/airflow/example_dags/example_branch_labels.py took 0.148 seconds
[2023-09-07T16:17:28.317+0000] {processor.py:157} INFO - Started process (PID=9132) to work on /home/airflow/.local/lib/python3.8/site-packages/airflow/example_dags/example_branch_labels.py
[2023-09-07T16:17:28.324+0000] {processor.py:829} INFO - Processing file /home/airflow/.local/lib/python3.8/site-packages/airflow/example_dags/example_branch_labels.py for tasks to queue
[2023-09-07T16:17:28.333+0000] {logging_mixin.py:151} INFO - [2023-09-07T16:17:28.330+0000] {dagbag.py:539} INFO - Filling up the DagBag from /home/airflow/.local/lib/python3.8/site-packages/airflow/example_dags/example_branch_labels.py
[2023-09-07T16:17:28.355+0000] {processor.py:839} INFO - DAG(s) dict_keys(['example_branch_labels']) retrieved from /home/airflow/.local/lib/python3.8/site-packages/airflow/example_dags/example_branch_labels.py
[2023-09-07T16:17:28.476+0000] {logging_mixin.py:151} INFO - [2023-09-07T16:17:28.475+0000] {dag.py:2907} INFO - Sync 1 DAGs
[2023-09-07T16:17:28.533+0000] {logging_mixin.py:151} INFO - [2023-09-07T16:17:28.532+0000] {dag.py:3677} INFO - Setting next_dagrun for example_branch_labels to 2023-09-06T00:00:00+00:00, run_after=2023-09-07T00:00:00+00:00
[2023-09-07T16:17:28.623+0000] {processor.py:179} INFO - Processing /home/airflow/.local/lib/python3.8/site-packages/airflow/example_dags/example_branch_labels.py took 0.318 seconds
[2023-09-07T16:17:59.039+0000] {processor.py:157} INFO - Started process (PID=9370) to work on /home/airflow/.local/lib/python3.8/site-packages/airflow/example_dags/example_branch_labels.py
[2023-09-07T16:17:59.043+0000] {processor.py:829} INFO - Processing file /home/airflow/.local/lib/python3.8/site-packages/airflow/example_dags/example_branch_labels.py for tasks to queue
[2023-09-07T16:17:59.047+0000] {logging_mixin.py:151} INFO - [2023-09-07T16:17:59.046+0000] {dagbag.py:539} INFO - Filling up the DagBag from /home/airflow/.local/lib/python3.8/site-packages/airflow/example_dags/example_branch_labels.py
[2023-09-07T16:17:59.080+0000] {processor.py:839} INFO - DAG(s) dict_keys(['example_branch_labels']) retrieved from /home/airflow/.local/lib/python3.8/site-packages/airflow/example_dags/example_branch_labels.py
[2023-09-07T16:17:59.144+0000] {logging_mixin.py:151} INFO - [2023-09-07T16:17:59.144+0000] {dag.py:2907} INFO - Sync 1 DAGs
[2023-09-07T16:17:59.185+0000] {logging_mixin.py:151} INFO - [2023-09-07T16:17:59.185+0000] {dag.py:3677} INFO - Setting next_dagrun for example_branch_labels to 2023-09-06T00:00:00+00:00, run_after=2023-09-07T00:00:00+00:00
[2023-09-07T16:17:59.251+0000] {processor.py:179} INFO - Processing /home/airflow/.local/lib/python3.8/site-packages/airflow/example_dags/example_branch_labels.py took 0.229 seconds
[2023-09-07T16:18:29.566+0000] {processor.py:157} INFO - Started process (PID=9609) to work on /home/airflow/.local/lib/python3.8/site-packages/airflow/example_dags/example_branch_labels.py
[2023-09-07T16:18:29.568+0000] {processor.py:829} INFO - Processing file /home/airflow/.local/lib/python3.8/site-packages/airflow/example_dags/example_branch_labels.py for tasks to queue
[2023-09-07T16:18:29.571+0000] {logging_mixin.py:151} INFO - [2023-09-07T16:18:29.570+0000] {dagbag.py:539} INFO - Filling up the DagBag from /home/airflow/.local/lib/python3.8/site-packages/airflow/example_dags/example_branch_labels.py
[2023-09-07T16:18:29.581+0000] {processor.py:839} INFO - DAG(s) dict_keys(['example_branch_labels']) retrieved from /home/airflow/.local/lib/python3.8/site-packages/airflow/example_dags/example_branch_labels.py
[2023-09-07T16:18:29.611+0000] {logging_mixin.py:151} INFO - [2023-09-07T16:18:29.611+0000] {dag.py:2907} INFO - Sync 1 DAGs
[2023-09-07T16:18:29.629+0000] {logging_mixin.py:151} INFO - [2023-09-07T16:18:29.629+0000] {dag.py:3677} INFO - Setting next_dagrun for example_branch_labels to 2023-09-06T00:00:00+00:00, run_after=2023-09-07T00:00:00+00:00
[2023-09-07T16:18:29.641+0000] {processor.py:179} INFO - Processing /home/airflow/.local/lib/python3.8/site-packages/airflow/example_dags/example_branch_labels.py took 0.083 seconds
[2023-09-07T16:18:59.915+0000] {processor.py:157} INFO - Started process (PID=9847) to work on /home/airflow/.local/lib/python3.8/site-packages/airflow/example_dags/example_branch_labels.py
[2023-09-07T16:18:59.918+0000] {processor.py:829} INFO - Processing file /home/airflow/.local/lib/python3.8/site-packages/airflow/example_dags/example_branch_labels.py for tasks to queue
[2023-09-07T16:18:59.919+0000] {logging_mixin.py:151} INFO - [2023-09-07T16:18:59.919+0000] {dagbag.py:539} INFO - Filling up the DagBag from /home/airflow/.local/lib/python3.8/site-packages/airflow/example_dags/example_branch_labels.py
[2023-09-07T16:18:59.930+0000] {processor.py:839} INFO - DAG(s) dict_keys(['example_branch_labels']) retrieved from /home/airflow/.local/lib/python3.8/site-packages/airflow/example_dags/example_branch_labels.py
[2023-09-07T16:18:59.957+0000] {logging_mixin.py:151} INFO - [2023-09-07T16:18:59.957+0000] {dag.py:2907} INFO - Sync 1 DAGs
[2023-09-07T16:18:59.973+0000] {logging_mixin.py:151} INFO - [2023-09-07T16:18:59.973+0000] {dag.py:3677} INFO - Setting next_dagrun for example_branch_labels to 2023-09-06T00:00:00+00:00, run_after=2023-09-07T00:00:00+00:00
[2023-09-07T16:18:59.985+0000] {processor.py:179} INFO - Processing /home/airflow/.local/lib/python3.8/site-packages/airflow/example_dags/example_branch_labels.py took 0.078 seconds
[2023-09-07T16:19:30.248+0000] {processor.py:157} INFO - Started process (PID=10085) to work on /home/airflow/.local/lib/python3.8/site-packages/airflow/example_dags/example_branch_labels.py
[2023-09-07T16:19:30.250+0000] {processor.py:829} INFO - Processing file /home/airflow/.local/lib/python3.8/site-packages/airflow/example_dags/example_branch_labels.py for tasks to queue
[2023-09-07T16:19:30.252+0000] {logging_mixin.py:151} INFO - [2023-09-07T16:19:30.251+0000] {dagbag.py:539} INFO - Filling up the DagBag from /home/airflow/.local/lib/python3.8/site-packages/airflow/example_dags/example_branch_labels.py
[2023-09-07T16:19:30.262+0000] {processor.py:839} INFO - DAG(s) dict_keys(['example_branch_labels']) retrieved from /home/airflow/.local/lib/python3.8/site-packages/airflow/example_dags/example_branch_labels.py
[2023-09-07T16:19:30.288+0000] {logging_mixin.py:151} INFO - [2023-09-07T16:19:30.288+0000] {dag.py:2907} INFO - Sync 1 DAGs
[2023-09-07T16:19:30.303+0000] {logging_mixin.py:151} INFO - [2023-09-07T16:19:30.303+0000] {dag.py:3677} INFO - Setting next_dagrun for example_branch_labels to 2023-09-06T00:00:00+00:00, run_after=2023-09-07T00:00:00+00:00
[2023-09-07T16:19:30.314+0000] {processor.py:179} INFO - Processing /home/airflow/.local/lib/python3.8/site-packages/airflow/example_dags/example_branch_labels.py took 0.073 seconds
[2023-09-07T16:20:00.797+0000] {processor.py:157} INFO - Started process (PID=10323) to work on /home/airflow/.local/lib/python3.8/site-packages/airflow/example_dags/example_branch_labels.py
[2023-09-07T16:20:00.800+0000] {processor.py:829} INFO - Processing file /home/airflow/.local/lib/python3.8/site-packages/airflow/example_dags/example_branch_labels.py for tasks to queue
[2023-09-07T16:20:00.804+0000] {logging_mixin.py:151} INFO - [2023-09-07T16:20:00.802+0000] {dagbag.py:539} INFO - Filling up the DagBag from /home/airflow/.local/lib/python3.8/site-packages/airflow/example_dags/example_branch_labels.py
[2023-09-07T16:20:00.824+0000] {processor.py:839} INFO - DAG(s) dict_keys(['example_branch_labels']) retrieved from /home/airflow/.local/lib/python3.8/site-packages/airflow/example_dags/example_branch_labels.py
[2023-09-07T16:20:00.859+0000] {logging_mixin.py:151} INFO - [2023-09-07T16:20:00.859+0000] {dag.py:2907} INFO - Sync 1 DAGs
[2023-09-07T16:20:00.878+0000] {logging_mixin.py:151} INFO - [2023-09-07T16:20:00.878+0000] {dag.py:3677} INFO - Setting next_dagrun for example_branch_labels to 2023-09-06T00:00:00+00:00, run_after=2023-09-07T00:00:00+00:00
[2023-09-07T16:20:00.890+0000] {processor.py:179} INFO - Processing /home/airflow/.local/lib/python3.8/site-packages/airflow/example_dags/example_branch_labels.py took 0.101 seconds
[2023-09-07T16:20:31.170+0000] {processor.py:157} INFO - Started process (PID=10561) to work on /home/airflow/.local/lib/python3.8/site-packages/airflow/example_dags/example_branch_labels.py
[2023-09-07T16:20:31.174+0000] {processor.py:829} INFO - Processing file /home/airflow/.local/lib/python3.8/site-packages/airflow/example_dags/example_branch_labels.py for tasks to queue
[2023-09-07T16:20:31.177+0000] {logging_mixin.py:151} INFO - [2023-09-07T16:20:31.175+0000] {dagbag.py:539} INFO - Filling up the DagBag from /home/airflow/.local/lib/python3.8/site-packages/airflow/example_dags/example_branch_labels.py
[2023-09-07T16:20:31.199+0000] {processor.py:839} INFO - DAG(s) dict_keys(['example_branch_labels']) retrieved from /home/airflow/.local/lib/python3.8/site-packages/airflow/example_dags/example_branch_labels.py
[2023-09-07T16:20:31.233+0000] {logging_mixin.py:151} INFO - [2023-09-07T16:20:31.233+0000] {dag.py:2907} INFO - Sync 1 DAGs
[2023-09-07T16:20:31.251+0000] {logging_mixin.py:151} INFO - [2023-09-07T16:20:31.251+0000] {dag.py:3677} INFO - Setting next_dagrun for example_branch_labels to 2023-09-06T00:00:00+00:00, run_after=2023-09-07T00:00:00+00:00
[2023-09-07T16:20:31.266+0000] {processor.py:179} INFO - Processing /home/airflow/.local/lib/python3.8/site-packages/airflow/example_dags/example_branch_labels.py took 0.106 seconds
[2023-09-07T16:21:01.683+0000] {processor.py:157} INFO - Started process (PID=10798) to work on /home/airflow/.local/lib/python3.8/site-packages/airflow/example_dags/example_branch_labels.py
[2023-09-07T16:21:01.686+0000] {processor.py:829} INFO - Processing file /home/airflow/.local/lib/python3.8/site-packages/airflow/example_dags/example_branch_labels.py for tasks to queue
[2023-09-07T16:21:01.688+0000] {logging_mixin.py:151} INFO - [2023-09-07T16:21:01.687+0000] {dagbag.py:539} INFO - Filling up the DagBag from /home/airflow/.local/lib/python3.8/site-packages/airflow/example_dags/example_branch_labels.py
[2023-09-07T16:21:01.700+0000] {processor.py:839} INFO - DAG(s) dict_keys(['example_branch_labels']) retrieved from /home/airflow/.local/lib/python3.8/site-packages/airflow/example_dags/example_branch_labels.py
[2023-09-07T16:21:01.739+0000] {logging_mixin.py:151} INFO - [2023-09-07T16:21:01.738+0000] {dag.py:2907} INFO - Sync 1 DAGs
[2023-09-07T16:21:01.768+0000] {logging_mixin.py:151} INFO - [2023-09-07T16:21:01.768+0000] {dag.py:3677} INFO - Setting next_dagrun for example_branch_labels to 2023-09-06T00:00:00+00:00, run_after=2023-09-07T00:00:00+00:00
[2023-09-07T16:21:01.783+0000] {processor.py:179} INFO - Processing /home/airflow/.local/lib/python3.8/site-packages/airflow/example_dags/example_branch_labels.py took 0.108 seconds
[2023-09-07T16:21:32.005+0000] {processor.py:157} INFO - Started process (PID=11036) to work on /home/airflow/.local/lib/python3.8/site-packages/airflow/example_dags/example_branch_labels.py
[2023-09-07T16:21:32.008+0000] {processor.py:829} INFO - Processing file /home/airflow/.local/lib/python3.8/site-packages/airflow/example_dags/example_branch_labels.py for tasks to queue
[2023-09-07T16:21:32.012+0000] {logging_mixin.py:151} INFO - [2023-09-07T16:21:32.011+0000] {dagbag.py:539} INFO - Filling up the DagBag from /home/airflow/.local/lib/python3.8/site-packages/airflow/example_dags/example_branch_labels.py
[2023-09-07T16:21:32.023+0000] {processor.py:839} INFO - DAG(s) dict_keys(['example_branch_labels']) retrieved from /home/airflow/.local/lib/python3.8/site-packages/airflow/example_dags/example_branch_labels.py
[2023-09-07T16:21:32.050+0000] {logging_mixin.py:151} INFO - [2023-09-07T16:21:32.050+0000] {dag.py:2907} INFO - Sync 1 DAGs
[2023-09-07T16:21:32.065+0000] {logging_mixin.py:151} INFO - [2023-09-07T16:21:32.065+0000] {dag.py:3677} INFO - Setting next_dagrun for example_branch_labels to 2023-09-06T00:00:00+00:00, run_after=2023-09-07T00:00:00+00:00
[2023-09-07T16:21:32.076+0000] {processor.py:179} INFO - Processing /home/airflow/.local/lib/python3.8/site-packages/airflow/example_dags/example_branch_labels.py took 0.078 seconds
[2023-09-07T16:22:02.627+0000] {processor.py:157} INFO - Started process (PID=11274) to work on /home/airflow/.local/lib/python3.8/site-packages/airflow/example_dags/example_branch_labels.py
[2023-09-07T16:22:02.629+0000] {processor.py:829} INFO - Processing file /home/airflow/.local/lib/python3.8/site-packages/airflow/example_dags/example_branch_labels.py for tasks to queue
[2023-09-07T16:22:02.631+0000] {logging_mixin.py:151} INFO - [2023-09-07T16:22:02.630+0000] {dagbag.py:539} INFO - Filling up the DagBag from /home/airflow/.local/lib/python3.8/site-packages/airflow/example_dags/example_branch_labels.py
[2023-09-07T16:22:02.638+0000] {processor.py:839} INFO - DAG(s) dict_keys(['example_branch_labels']) retrieved from /home/airflow/.local/lib/python3.8/site-packages/airflow/example_dags/example_branch_labels.py
[2023-09-07T16:22:02.662+0000] {logging_mixin.py:151} INFO - [2023-09-07T16:22:02.662+0000] {dag.py:2907} INFO - Sync 1 DAGs
[2023-09-07T16:22:02.685+0000] {logging_mixin.py:151} INFO - [2023-09-07T16:22:02.685+0000] {dag.py:3677} INFO - Setting next_dagrun for example_branch_labels to 2023-09-06T00:00:00+00:00, run_after=2023-09-07T00:00:00+00:00
[2023-09-07T16:22:02.699+0000] {processor.py:179} INFO - Processing /home/airflow/.local/lib/python3.8/site-packages/airflow/example_dags/example_branch_labels.py took 0.077 seconds
[2023-09-07T16:22:33.218+0000] {processor.py:157} INFO - Started process (PID=11511) to work on /home/airflow/.local/lib/python3.8/site-packages/airflow/example_dags/example_branch_labels.py
[2023-09-07T16:22:33.221+0000] {processor.py:829} INFO - Processing file /home/airflow/.local/lib/python3.8/site-packages/airflow/example_dags/example_branch_labels.py for tasks to queue
[2023-09-07T16:22:33.222+0000] {logging_mixin.py:151} INFO - [2023-09-07T16:22:33.221+0000] {dagbag.py:539} INFO - Filling up the DagBag from /home/airflow/.local/lib/python3.8/site-packages/airflow/example_dags/example_branch_labels.py
[2023-09-07T16:22:33.231+0000] {processor.py:839} INFO - DAG(s) dict_keys(['example_branch_labels']) retrieved from /home/airflow/.local/lib/python3.8/site-packages/airflow/example_dags/example_branch_labels.py
[2023-09-07T16:22:33.277+0000] {logging_mixin.py:151} INFO - [2023-09-07T16:22:33.277+0000] {dag.py:2907} INFO - Sync 1 DAGs
[2023-09-07T16:22:33.294+0000] {logging_mixin.py:151} INFO - [2023-09-07T16:22:33.294+0000] {dag.py:3677} INFO - Setting next_dagrun for example_branch_labels to 2023-09-06T00:00:00+00:00, run_after=2023-09-07T00:00:00+00:00
[2023-09-07T16:22:33.306+0000] {processor.py:179} INFO - Processing /home/airflow/.local/lib/python3.8/site-packages/airflow/example_dags/example_branch_labels.py took 0.095 seconds
[2023-09-07T16:23:03.744+0000] {processor.py:157} INFO - Started process (PID=11749) to work on /home/airflow/.local/lib/python3.8/site-packages/airflow/example_dags/example_branch_labels.py
[2023-09-07T16:23:03.746+0000] {processor.py:829} INFO - Processing file /home/airflow/.local/lib/python3.8/site-packages/airflow/example_dags/example_branch_labels.py for tasks to queue
[2023-09-07T16:23:03.748+0000] {logging_mixin.py:151} INFO - [2023-09-07T16:23:03.748+0000] {dagbag.py:539} INFO - Filling up the DagBag from /home/airflow/.local/lib/python3.8/site-packages/airflow/example_dags/example_branch_labels.py
[2023-09-07T16:23:03.762+0000] {processor.py:839} INFO - DAG(s) dict_keys(['example_branch_labels']) retrieved from /home/airflow/.local/lib/python3.8/site-packages/airflow/example_dags/example_branch_labels.py
[2023-09-07T16:23:03.796+0000] {logging_mixin.py:151} INFO - [2023-09-07T16:23:03.796+0000] {dag.py:2907} INFO - Sync 1 DAGs
[2023-09-07T16:23:03.815+0000] {logging_mixin.py:151} INFO - [2023-09-07T16:23:03.815+0000] {dag.py:3677} INFO - Setting next_dagrun for example_branch_labels to 2023-09-06T00:00:00+00:00, run_after=2023-09-07T00:00:00+00:00
[2023-09-07T16:23:03.828+0000] {processor.py:179} INFO - Processing /home/airflow/.local/lib/python3.8/site-packages/airflow/example_dags/example_branch_labels.py took 0.096 seconds
[2023-09-07T16:23:34.310+0000] {processor.py:157} INFO - Started process (PID=11987) to work on /home/airflow/.local/lib/python3.8/site-packages/airflow/example_dags/example_branch_labels.py
[2023-09-07T16:23:34.312+0000] {processor.py:829} INFO - Processing file /home/airflow/.local/lib/python3.8/site-packages/airflow/example_dags/example_branch_labels.py for tasks to queue
[2023-09-07T16:23:34.313+0000] {logging_mixin.py:151} INFO - [2023-09-07T16:23:34.313+0000] {dagbag.py:539} INFO - Filling up the DagBag from /home/airflow/.local/lib/python3.8/site-packages/airflow/example_dags/example_branch_labels.py
[2023-09-07T16:23:34.322+0000] {processor.py:839} INFO - DAG(s) dict_keys(['example_branch_labels']) retrieved from /home/airflow/.local/lib/python3.8/site-packages/airflow/example_dags/example_branch_labels.py
[2023-09-07T16:23:34.345+0000] {logging_mixin.py:151} INFO - [2023-09-07T16:23:34.344+0000] {dag.py:2907} INFO - Sync 1 DAGs
[2023-09-07T16:23:34.360+0000] {logging_mixin.py:151} INFO - [2023-09-07T16:23:34.360+0000] {dag.py:3677} INFO - Setting next_dagrun for example_branch_labels to 2023-09-06T00:00:00+00:00, run_after=2023-09-07T00:00:00+00:00
[2023-09-07T16:23:34.372+0000] {processor.py:179} INFO - Processing /home/airflow/.local/lib/python3.8/site-packages/airflow/example_dags/example_branch_labels.py took 0.067 seconds
[2023-09-07T16:24:04.885+0000] {processor.py:157} INFO - Started process (PID=12225) to work on /home/airflow/.local/lib/python3.8/site-packages/airflow/example_dags/example_branch_labels.py
[2023-09-07T16:24:04.887+0000] {processor.py:829} INFO - Processing file /home/airflow/.local/lib/python3.8/site-packages/airflow/example_dags/example_branch_labels.py for tasks to queue
[2023-09-07T16:24:04.889+0000] {logging_mixin.py:151} INFO - [2023-09-07T16:24:04.889+0000] {dagbag.py:539} INFO - Filling up the DagBag from /home/airflow/.local/lib/python3.8/site-packages/airflow/example_dags/example_branch_labels.py
[2023-09-07T16:24:04.902+0000] {processor.py:839} INFO - DAG(s) dict_keys(['example_branch_labels']) retrieved from /home/airflow/.local/lib/python3.8/site-packages/airflow/example_dags/example_branch_labels.py
[2023-09-07T16:24:04.927+0000] {logging_mixin.py:151} INFO - [2023-09-07T16:24:04.927+0000] {dag.py:2907} INFO - Sync 1 DAGs
[2023-09-07T16:24:04.942+0000] {logging_mixin.py:151} INFO - [2023-09-07T16:24:04.942+0000] {dag.py:3677} INFO - Setting next_dagrun for example_branch_labels to 2023-09-06T00:00:00+00:00, run_after=2023-09-07T00:00:00+00:00
[2023-09-07T16:24:04.959+0000] {processor.py:179} INFO - Processing /home/airflow/.local/lib/python3.8/site-packages/airflow/example_dags/example_branch_labels.py took 0.085 seconds
[2023-09-07T16:24:35.299+0000] {processor.py:157} INFO - Started process (PID=12463) to work on /home/airflow/.local/lib/python3.8/site-packages/airflow/example_dags/example_branch_labels.py
[2023-09-07T16:24:35.301+0000] {processor.py:829} INFO - Processing file /home/airflow/.local/lib/python3.8/site-packages/airflow/example_dags/example_branch_labels.py for tasks to queue
[2023-09-07T16:24:35.303+0000] {logging_mixin.py:151} INFO - [2023-09-07T16:24:35.303+0000] {dagbag.py:539} INFO - Filling up the DagBag from /home/airflow/.local/lib/python3.8/site-packages/airflow/example_dags/example_branch_labels.py
[2023-09-07T16:24:35.315+0000] {processor.py:839} INFO - DAG(s) dict_keys(['example_branch_labels']) retrieved from /home/airflow/.local/lib/python3.8/site-packages/airflow/example_dags/example_branch_labels.py
[2023-09-07T16:24:35.339+0000] {logging_mixin.py:151} INFO - [2023-09-07T16:24:35.339+0000] {dag.py:2907} INFO - Sync 1 DAGs
[2023-09-07T16:24:35.353+0000] {logging_mixin.py:151} INFO - [2023-09-07T16:24:35.353+0000] {dag.py:3677} INFO - Setting next_dagrun for example_branch_labels to 2023-09-06T00:00:00+00:00, run_after=2023-09-07T00:00:00+00:00
[2023-09-07T16:24:35.363+0000] {processor.py:179} INFO - Processing /home/airflow/.local/lib/python3.8/site-packages/airflow/example_dags/example_branch_labels.py took 0.071 seconds
[2023-09-07T16:25:05.695+0000] {processor.py:157} INFO - Started process (PID=12702) to work on /home/airflow/.local/lib/python3.8/site-packages/airflow/example_dags/example_branch_labels.py
[2023-09-07T16:25:05.699+0000] {processor.py:829} INFO - Processing file /home/airflow/.local/lib/python3.8/site-packages/airflow/example_dags/example_branch_labels.py for tasks to queue
[2023-09-07T16:25:05.703+0000] {logging_mixin.py:151} INFO - [2023-09-07T16:25:05.702+0000] {dagbag.py:539} INFO - Filling up the DagBag from /home/airflow/.local/lib/python3.8/site-packages/airflow/example_dags/example_branch_labels.py
[2023-09-07T16:25:05.720+0000] {processor.py:839} INFO - DAG(s) dict_keys(['example_branch_labels']) retrieved from /home/airflow/.local/lib/python3.8/site-packages/airflow/example_dags/example_branch_labels.py
[2023-09-07T16:25:05.750+0000] {logging_mixin.py:151} INFO - [2023-09-07T16:25:05.750+0000] {dag.py:2907} INFO - Sync 1 DAGs
[2023-09-07T16:25:05.767+0000] {logging_mixin.py:151} INFO - [2023-09-07T16:25:05.767+0000] {dag.py:3677} INFO - Setting next_dagrun for example_branch_labels to 2023-09-06T00:00:00+00:00, run_after=2023-09-07T00:00:00+00:00
[2023-09-07T16:25:05.778+0000] {processor.py:179} INFO - Processing /home/airflow/.local/lib/python3.8/site-packages/airflow/example_dags/example_branch_labels.py took 0.096 seconds
[2023-09-07T16:25:36.257+0000] {processor.py:157} INFO - Started process (PID=12939) to work on /home/airflow/.local/lib/python3.8/site-packages/airflow/example_dags/example_branch_labels.py
[2023-09-07T16:25:36.259+0000] {processor.py:829} INFO - Processing file /home/airflow/.local/lib/python3.8/site-packages/airflow/example_dags/example_branch_labels.py for tasks to queue
[2023-09-07T16:25:36.261+0000] {logging_mixin.py:151} INFO - [2023-09-07T16:25:36.260+0000] {dagbag.py:539} INFO - Filling up the DagBag from /home/airflow/.local/lib/python3.8/site-packages/airflow/example_dags/example_branch_labels.py
[2023-09-07T16:25:36.270+0000] {processor.py:839} INFO - DAG(s) dict_keys(['example_branch_labels']) retrieved from /home/airflow/.local/lib/python3.8/site-packages/airflow/example_dags/example_branch_labels.py
[2023-09-07T16:25:36.296+0000] {logging_mixin.py:151} INFO - [2023-09-07T16:25:36.296+0000] {dag.py:2907} INFO - Sync 1 DAGs
[2023-09-07T16:25:36.312+0000] {logging_mixin.py:151} INFO - [2023-09-07T16:25:36.312+0000] {dag.py:3677} INFO - Setting next_dagrun for example_branch_labels to 2023-09-06T00:00:00+00:00, run_after=2023-09-07T00:00:00+00:00
[2023-09-07T16:25:36.322+0000] {processor.py:179} INFO - Processing /home/airflow/.local/lib/python3.8/site-packages/airflow/example_dags/example_branch_labels.py took 0.072 seconds
[2023-09-07T16:26:06.916+0000] {processor.py:157} INFO - Started process (PID=13177) to work on /home/airflow/.local/lib/python3.8/site-packages/airflow/example_dags/example_branch_labels.py
[2023-09-07T16:26:06.919+0000] {processor.py:829} INFO - Processing file /home/airflow/.local/lib/python3.8/site-packages/airflow/example_dags/example_branch_labels.py for tasks to queue
[2023-09-07T16:26:06.920+0000] {logging_mixin.py:151} INFO - [2023-09-07T16:26:06.920+0000] {dagbag.py:539} INFO - Filling up the DagBag from /home/airflow/.local/lib/python3.8/site-packages/airflow/example_dags/example_branch_labels.py
[2023-09-07T16:26:06.942+0000] {processor.py:839} INFO - DAG(s) dict_keys(['example_branch_labels']) retrieved from /home/airflow/.local/lib/python3.8/site-packages/airflow/example_dags/example_branch_labels.py
[2023-09-07T16:26:06.998+0000] {logging_mixin.py:151} INFO - [2023-09-07T16:26:06.998+0000] {dag.py:2907} INFO - Sync 1 DAGs
[2023-09-07T16:26:07.022+0000] {logging_mixin.py:151} INFO - [2023-09-07T16:26:07.022+0000] {dag.py:3677} INFO - Setting next_dagrun for example_branch_labels to 2023-09-06T00:00:00+00:00, run_after=2023-09-07T00:00:00+00:00
[2023-09-07T16:26:07.046+0000] {processor.py:179} INFO - Processing /home/airflow/.local/lib/python3.8/site-packages/airflow/example_dags/example_branch_labels.py took 0.137 seconds
[2023-09-07T16:26:37.509+0000] {processor.py:157} INFO - Started process (PID=13416) to work on /home/airflow/.local/lib/python3.8/site-packages/airflow/example_dags/example_branch_labels.py
[2023-09-07T16:26:37.510+0000] {processor.py:829} INFO - Processing file /home/airflow/.local/lib/python3.8/site-packages/airflow/example_dags/example_branch_labels.py for tasks to queue
[2023-09-07T16:26:37.512+0000] {logging_mixin.py:151} INFO - [2023-09-07T16:26:37.511+0000] {dagbag.py:539} INFO - Filling up the DagBag from /home/airflow/.local/lib/python3.8/site-packages/airflow/example_dags/example_branch_labels.py
[2023-09-07T16:26:37.523+0000] {processor.py:839} INFO - DAG(s) dict_keys(['example_branch_labels']) retrieved from /home/airflow/.local/lib/python3.8/site-packages/airflow/example_dags/example_branch_labels.py
[2023-09-07T16:26:37.549+0000] {logging_mixin.py:151} INFO - [2023-09-07T16:26:37.549+0000] {dag.py:2907} INFO - Sync 1 DAGs
[2023-09-07T16:26:37.563+0000] {logging_mixin.py:151} INFO - [2023-09-07T16:26:37.563+0000] {dag.py:3677} INFO - Setting next_dagrun for example_branch_labels to 2023-09-06T00:00:00+00:00, run_after=2023-09-07T00:00:00+00:00
[2023-09-07T16:26:37.576+0000] {processor.py:179} INFO - Processing /home/airflow/.local/lib/python3.8/site-packages/airflow/example_dags/example_branch_labels.py took 0.071 seconds
[2023-09-07T16:27:07.803+0000] {processor.py:157} INFO - Started process (PID=13654) to work on /home/airflow/.local/lib/python3.8/site-packages/airflow/example_dags/example_branch_labels.py
[2023-09-07T16:27:07.805+0000] {processor.py:829} INFO - Processing file /home/airflow/.local/lib/python3.8/site-packages/airflow/example_dags/example_branch_labels.py for tasks to queue
[2023-09-07T16:27:07.807+0000] {logging_mixin.py:151} INFO - [2023-09-07T16:27:07.807+0000] {dagbag.py:539} INFO - Filling up the DagBag from /home/airflow/.local/lib/python3.8/site-packages/airflow/example_dags/example_branch_labels.py
[2023-09-07T16:27:07.822+0000] {processor.py:839} INFO - DAG(s) dict_keys(['example_branch_labels']) retrieved from /home/airflow/.local/lib/python3.8/site-packages/airflow/example_dags/example_branch_labels.py
[2023-09-07T16:27:07.857+0000] {logging_mixin.py:151} INFO - [2023-09-07T16:27:07.857+0000] {dag.py:2907} INFO - Sync 1 DAGs
[2023-09-07T16:27:07.876+0000] {logging_mixin.py:151} INFO - [2023-09-07T16:27:07.876+0000] {dag.py:3677} INFO - Setting next_dagrun for example_branch_labels to 2023-09-06T00:00:00+00:00, run_after=2023-09-07T00:00:00+00:00
[2023-09-07T16:27:07.888+0000] {processor.py:179} INFO - Processing /home/airflow/.local/lib/python3.8/site-packages/airflow/example_dags/example_branch_labels.py took 0.092 seconds
[2023-09-07T16:27:38.302+0000] {processor.py:157} INFO - Started process (PID=13893) to work on /home/airflow/.local/lib/python3.8/site-packages/airflow/example_dags/example_branch_labels.py
[2023-09-07T16:27:38.307+0000] {processor.py:829} INFO - Processing file /home/airflow/.local/lib/python3.8/site-packages/airflow/example_dags/example_branch_labels.py for tasks to queue
[2023-09-07T16:27:38.310+0000] {logging_mixin.py:151} INFO - [2023-09-07T16:27:38.309+0000] {dagbag.py:539} INFO - Filling up the DagBag from /home/airflow/.local/lib/python3.8/site-packages/airflow/example_dags/example_branch_labels.py
[2023-09-07T16:27:38.325+0000] {processor.py:839} INFO - DAG(s) dict_keys(['example_branch_labels']) retrieved from /home/airflow/.local/lib/python3.8/site-packages/airflow/example_dags/example_branch_labels.py
[2023-09-07T16:27:38.359+0000] {logging_mixin.py:151} INFO - [2023-09-07T16:27:38.359+0000] {dag.py:2907} INFO - Sync 1 DAGs
[2023-09-07T16:27:38.378+0000] {logging_mixin.py:151} INFO - [2023-09-07T16:27:38.378+0000] {dag.py:3677} INFO - Setting next_dagrun for example_branch_labels to 2023-09-06T00:00:00+00:00, run_after=2023-09-07T00:00:00+00:00
[2023-09-07T16:27:38.390+0000] {processor.py:179} INFO - Processing /home/airflow/.local/lib/python3.8/site-packages/airflow/example_dags/example_branch_labels.py took 0.105 seconds
[2023-09-07T16:28:08.665+0000] {processor.py:157} INFO - Started process (PID=14131) to work on /home/airflow/.local/lib/python3.8/site-packages/airflow/example_dags/example_branch_labels.py
[2023-09-07T16:28:08.668+0000] {processor.py:829} INFO - Processing file /home/airflow/.local/lib/python3.8/site-packages/airflow/example_dags/example_branch_labels.py for tasks to queue
[2023-09-07T16:28:08.670+0000] {logging_mixin.py:151} INFO - [2023-09-07T16:28:08.669+0000] {dagbag.py:539} INFO - Filling up the DagBag from /home/airflow/.local/lib/python3.8/site-packages/airflow/example_dags/example_branch_labels.py
[2023-09-07T16:28:08.679+0000] {processor.py:839} INFO - DAG(s) dict_keys(['example_branch_labels']) retrieved from /home/airflow/.local/lib/python3.8/site-packages/airflow/example_dags/example_branch_labels.py
[2023-09-07T16:28:08.703+0000] {logging_mixin.py:151} INFO - [2023-09-07T16:28:08.703+0000] {dag.py:2907} INFO - Sync 1 DAGs
[2023-09-07T16:28:08.717+0000] {logging_mixin.py:151} INFO - [2023-09-07T16:28:08.717+0000] {dag.py:3677} INFO - Setting next_dagrun for example_branch_labels to 2023-09-06T00:00:00+00:00, run_after=2023-09-07T00:00:00+00:00
[2023-09-07T16:28:08.727+0000] {processor.py:179} INFO - Processing /home/airflow/.local/lib/python3.8/site-packages/airflow/example_dags/example_branch_labels.py took 0.067 seconds
[2023-09-07T16:28:39.449+0000] {processor.py:157} INFO - Started process (PID=14369) to work on /home/airflow/.local/lib/python3.8/site-packages/airflow/example_dags/example_branch_labels.py
[2023-09-07T16:28:39.451+0000] {processor.py:829} INFO - Processing file /home/airflow/.local/lib/python3.8/site-packages/airflow/example_dags/example_branch_labels.py for tasks to queue
[2023-09-07T16:28:39.453+0000] {logging_mixin.py:151} INFO - [2023-09-07T16:28:39.452+0000] {dagbag.py:539} INFO - Filling up the DagBag from /home/airflow/.local/lib/python3.8/site-packages/airflow/example_dags/example_branch_labels.py
[2023-09-07T16:28:39.464+0000] {processor.py:839} INFO - DAG(s) dict_keys(['example_branch_labels']) retrieved from /home/airflow/.local/lib/python3.8/site-packages/airflow/example_dags/example_branch_labels.py
[2023-09-07T16:28:39.493+0000] {logging_mixin.py:151} INFO - [2023-09-07T16:28:39.493+0000] {dag.py:2907} INFO - Sync 1 DAGs
[2023-09-07T16:28:39.509+0000] {logging_mixin.py:151} INFO - [2023-09-07T16:28:39.508+0000] {dag.py:3677} INFO - Setting next_dagrun for example_branch_labels to 2023-09-06T00:00:00+00:00, run_after=2023-09-07T00:00:00+00:00
[2023-09-07T16:28:39.519+0000] {processor.py:179} INFO - Processing /home/airflow/.local/lib/python3.8/site-packages/airflow/example_dags/example_branch_labels.py took 0.075 seconds
[2023-09-07T16:29:10.188+0000] {processor.py:157} INFO - Started process (PID=14606) to work on /home/airflow/.local/lib/python3.8/site-packages/airflow/example_dags/example_branch_labels.py
[2023-09-07T16:29:10.194+0000] {processor.py:829} INFO - Processing file /home/airflow/.local/lib/python3.8/site-packages/airflow/example_dags/example_branch_labels.py for tasks to queue
[2023-09-07T16:29:10.195+0000] {logging_mixin.py:151} INFO - [2023-09-07T16:29:10.195+0000] {dagbag.py:539} INFO - Filling up the DagBag from /home/airflow/.local/lib/python3.8/site-packages/airflow/example_dags/example_branch_labels.py
[2023-09-07T16:29:10.204+0000] {processor.py:839} INFO - DAG(s) dict_keys(['example_branch_labels']) retrieved from /home/airflow/.local/lib/python3.8/site-packages/airflow/example_dags/example_branch_labels.py
[2023-09-07T16:29:10.227+0000] {logging_mixin.py:151} INFO - [2023-09-07T16:29:10.226+0000] {dag.py:2907} INFO - Sync 1 DAGs
[2023-09-07T16:29:10.245+0000] {logging_mixin.py:151} INFO - [2023-09-07T16:29:10.245+0000] {dag.py:3677} INFO - Setting next_dagrun for example_branch_labels to 2023-09-06T00:00:00+00:00, run_after=2023-09-07T00:00:00+00:00
[2023-09-07T16:29:10.257+0000] {processor.py:179} INFO - Processing /home/airflow/.local/lib/python3.8/site-packages/airflow/example_dags/example_branch_labels.py took 0.074 seconds
[2023-09-07T16:30:59.452+0000] {processor.py:157} INFO - Started process (PID=14845) to work on /home/airflow/.local/lib/python3.8/site-packages/airflow/example_dags/example_branch_labels.py
[2023-09-07T16:30:59.453+0000] {processor.py:829} INFO - Processing file /home/airflow/.local/lib/python3.8/site-packages/airflow/example_dags/example_branch_labels.py for tasks to queue
[2023-09-07T16:30:59.454+0000] {logging_mixin.py:151} INFO - [2023-09-07T16:30:59.454+0000] {dagbag.py:539} INFO - Filling up the DagBag from /home/airflow/.local/lib/python3.8/site-packages/airflow/example_dags/example_branch_labels.py
[2023-09-07T16:30:59.461+0000] {processor.py:839} INFO - DAG(s) dict_keys(['example_branch_labels']) retrieved from /home/airflow/.local/lib/python3.8/site-packages/airflow/example_dags/example_branch_labels.py
[2023-09-07T16:30:59.490+0000] {logging_mixin.py:151} INFO - [2023-09-07T16:30:59.489+0000] {dag.py:2907} INFO - Sync 1 DAGs
[2023-09-07T16:30:59.520+0000] {logging_mixin.py:151} INFO - [2023-09-07T16:30:59.519+0000] {dag.py:3677} INFO - Setting next_dagrun for example_branch_labels to 2023-09-06T00:00:00+00:00, run_after=2023-09-07T00:00:00+00:00
[2023-09-07T16:30:59.534+0000] {processor.py:179} INFO - Processing /home/airflow/.local/lib/python3.8/site-packages/airflow/example_dags/example_branch_labels.py took 0.085 seconds
[2023-09-07T16:31:30.047+0000] {processor.py:157} INFO - Started process (PID=15078) to work on /home/airflow/.local/lib/python3.8/site-packages/airflow/example_dags/example_branch_labels.py
[2023-09-07T16:31:30.048+0000] {processor.py:829} INFO - Processing file /home/airflow/.local/lib/python3.8/site-packages/airflow/example_dags/example_branch_labels.py for tasks to queue
[2023-09-07T16:31:30.049+0000] {logging_mixin.py:151} INFO - [2023-09-07T16:31:30.049+0000] {dagbag.py:539} INFO - Filling up the DagBag from /home/airflow/.local/lib/python3.8/site-packages/airflow/example_dags/example_branch_labels.py
[2023-09-07T16:31:30.055+0000] {processor.py:839} INFO - DAG(s) dict_keys(['example_branch_labels']) retrieved from /home/airflow/.local/lib/python3.8/site-packages/airflow/example_dags/example_branch_labels.py
[2023-09-07T16:31:30.074+0000] {logging_mixin.py:151} INFO - [2023-09-07T16:31:30.074+0000] {dag.py:2907} INFO - Sync 1 DAGs
[2023-09-07T16:31:30.089+0000] {logging_mixin.py:151} INFO - [2023-09-07T16:31:30.088+0000] {dag.py:3677} INFO - Setting next_dagrun for example_branch_labels to 2023-09-06T00:00:00+00:00, run_after=2023-09-07T00:00:00+00:00
[2023-09-07T16:31:30.099+0000] {processor.py:179} INFO - Processing /home/airflow/.local/lib/python3.8/site-packages/airflow/example_dags/example_branch_labels.py took 0.055 seconds
[2023-09-07T16:32:00.885+0000] {processor.py:157} INFO - Started process (PID=15316) to work on /home/airflow/.local/lib/python3.8/site-packages/airflow/example_dags/example_branch_labels.py
[2023-09-07T16:32:00.886+0000] {processor.py:829} INFO - Processing file /home/airflow/.local/lib/python3.8/site-packages/airflow/example_dags/example_branch_labels.py for tasks to queue
[2023-09-07T16:32:00.887+0000] {logging_mixin.py:151} INFO - [2023-09-07T16:32:00.887+0000] {dagbag.py:539} INFO - Filling up the DagBag from /home/airflow/.local/lib/python3.8/site-packages/airflow/example_dags/example_branch_labels.py
[2023-09-07T16:32:00.894+0000] {processor.py:839} INFO - DAG(s) dict_keys(['example_branch_labels']) retrieved from /home/airflow/.local/lib/python3.8/site-packages/airflow/example_dags/example_branch_labels.py
[2023-09-07T16:32:00.914+0000] {logging_mixin.py:151} INFO - [2023-09-07T16:32:00.914+0000] {dag.py:2907} INFO - Sync 1 DAGs
[2023-09-07T16:32:00.929+0000] {logging_mixin.py:151} INFO - [2023-09-07T16:32:00.929+0000] {dag.py:3677} INFO - Setting next_dagrun for example_branch_labels to 2023-09-06T00:00:00+00:00, run_after=2023-09-07T00:00:00+00:00
[2023-09-07T16:32:00.940+0000] {processor.py:179} INFO - Processing /home/airflow/.local/lib/python3.8/site-packages/airflow/example_dags/example_branch_labels.py took 0.059 seconds
[2023-09-07T16:32:33.953+0000] {processor.py:157} INFO - Started process (PID=15554) to work on /home/airflow/.local/lib/python3.8/site-packages/airflow/example_dags/example_branch_labels.py
[2023-09-07T16:32:33.955+0000] {processor.py:829} INFO - Processing file /home/airflow/.local/lib/python3.8/site-packages/airflow/example_dags/example_branch_labels.py for tasks to queue
[2023-09-07T16:32:33.956+0000] {logging_mixin.py:151} INFO - [2023-09-07T16:32:33.956+0000] {dagbag.py:539} INFO - Filling up the DagBag from /home/airflow/.local/lib/python3.8/site-packages/airflow/example_dags/example_branch_labels.py
[2023-09-07T16:32:33.964+0000] {processor.py:839} INFO - DAG(s) dict_keys(['example_branch_labels']) retrieved from /home/airflow/.local/lib/python3.8/site-packages/airflow/example_dags/example_branch_labels.py
[2023-09-07T16:32:33.999+0000] {logging_mixin.py:151} INFO - [2023-09-07T16:32:33.999+0000] {dag.py:2907} INFO - Sync 1 DAGs
[2023-09-07T16:32:34.028+0000] {logging_mixin.py:151} INFO - [2023-09-07T16:32:34.028+0000] {dag.py:3677} INFO - Setting next_dagrun for example_branch_labels to 2023-09-06T00:00:00+00:00, run_after=2023-09-07T00:00:00+00:00
[2023-09-07T16:32:34.045+0000] {processor.py:179} INFO - Processing /home/airflow/.local/lib/python3.8/site-packages/airflow/example_dags/example_branch_labels.py took 0.095 seconds
[2023-09-07T16:33:07.841+0000] {processor.py:157} INFO - Started process (PID=15792) to work on /home/airflow/.local/lib/python3.8/site-packages/airflow/example_dags/example_branch_labels.py
[2023-09-07T16:33:07.843+0000] {processor.py:829} INFO - Processing file /home/airflow/.local/lib/python3.8/site-packages/airflow/example_dags/example_branch_labels.py for tasks to queue
[2023-09-07T16:33:07.844+0000] {logging_mixin.py:151} INFO - [2023-09-07T16:33:07.844+0000] {dagbag.py:539} INFO - Filling up the DagBag from /home/airflow/.local/lib/python3.8/site-packages/airflow/example_dags/example_branch_labels.py
[2023-09-07T16:33:07.850+0000] {processor.py:839} INFO - DAG(s) dict_keys(['example_branch_labels']) retrieved from /home/airflow/.local/lib/python3.8/site-packages/airflow/example_dags/example_branch_labels.py
[2023-09-07T16:33:07.880+0000] {logging_mixin.py:151} INFO - [2023-09-07T16:33:07.880+0000] {dag.py:2907} INFO - Sync 1 DAGs
[2023-09-07T16:33:07.911+0000] {logging_mixin.py:151} INFO - [2023-09-07T16:33:07.911+0000] {dag.py:3677} INFO - Setting next_dagrun for example_branch_labels to 2023-09-06T00:00:00+00:00, run_after=2023-09-07T00:00:00+00:00
[2023-09-07T16:33:07.927+0000] {processor.py:179} INFO - Processing /home/airflow/.local/lib/python3.8/site-packages/airflow/example_dags/example_branch_labels.py took 0.089 seconds
[2023-09-07T16:33:39.049+0000] {processor.py:157} INFO - Started process (PID=16032) to work on /home/airflow/.local/lib/python3.8/site-packages/airflow/example_dags/example_branch_labels.py
[2023-09-07T16:33:39.051+0000] {processor.py:829} INFO - Processing file /home/airflow/.local/lib/python3.8/site-packages/airflow/example_dags/example_branch_labels.py for tasks to queue
[2023-09-07T16:33:39.054+0000] {logging_mixin.py:151} INFO - [2023-09-07T16:33:39.053+0000] {dagbag.py:539} INFO - Filling up the DagBag from /home/airflow/.local/lib/python3.8/site-packages/airflow/example_dags/example_branch_labels.py
[2023-09-07T16:33:39.065+0000] {processor.py:839} INFO - DAG(s) dict_keys(['example_branch_labels']) retrieved from /home/airflow/.local/lib/python3.8/site-packages/airflow/example_dags/example_branch_labels.py
[2023-09-07T16:33:39.090+0000] {logging_mixin.py:151} INFO - [2023-09-07T16:33:39.090+0000] {dag.py:2907} INFO - Sync 1 DAGs
[2023-09-07T16:33:39.120+0000] {logging_mixin.py:151} INFO - [2023-09-07T16:33:39.120+0000] {dag.py:3677} INFO - Setting next_dagrun for example_branch_labels to 2023-09-06T00:00:00+00:00, run_after=2023-09-07T00:00:00+00:00
[2023-09-07T16:33:39.137+0000] {processor.py:179} INFO - Processing /home/airflow/.local/lib/python3.8/site-packages/airflow/example_dags/example_branch_labels.py took 0.094 seconds
[2023-09-07T16:34:09.631+0000] {processor.py:157} INFO - Started process (PID=16268) to work on /home/airflow/.local/lib/python3.8/site-packages/airflow/example_dags/example_branch_labels.py
[2023-09-07T16:34:09.632+0000] {processor.py:829} INFO - Processing file /home/airflow/.local/lib/python3.8/site-packages/airflow/example_dags/example_branch_labels.py for tasks to queue
[2023-09-07T16:34:09.633+0000] {logging_mixin.py:151} INFO - [2023-09-07T16:34:09.633+0000] {dagbag.py:539} INFO - Filling up the DagBag from /home/airflow/.local/lib/python3.8/site-packages/airflow/example_dags/example_branch_labels.py
[2023-09-07T16:34:09.640+0000] {processor.py:839} INFO - DAG(s) dict_keys(['example_branch_labels']) retrieved from /home/airflow/.local/lib/python3.8/site-packages/airflow/example_dags/example_branch_labels.py
[2023-09-07T16:34:09.661+0000] {logging_mixin.py:151} INFO - [2023-09-07T16:34:09.660+0000] {dag.py:2907} INFO - Sync 1 DAGs
[2023-09-07T16:34:09.680+0000] {logging_mixin.py:151} INFO - [2023-09-07T16:34:09.680+0000] {dag.py:3677} INFO - Setting next_dagrun for example_branch_labels to 2023-09-06T00:00:00+00:00, run_after=2023-09-07T00:00:00+00:00
[2023-09-07T16:34:09.694+0000] {processor.py:179} INFO - Processing /home/airflow/.local/lib/python3.8/site-packages/airflow/example_dags/example_branch_labels.py took 0.066 seconds
[2023-09-07T16:34:39.948+0000] {processor.py:157} INFO - Started process (PID=16508) to work on /home/airflow/.local/lib/python3.8/site-packages/airflow/example_dags/example_branch_labels.py
[2023-09-07T16:34:39.950+0000] {processor.py:829} INFO - Processing file /home/airflow/.local/lib/python3.8/site-packages/airflow/example_dags/example_branch_labels.py for tasks to queue
[2023-09-07T16:34:39.951+0000] {logging_mixin.py:151} INFO - [2023-09-07T16:34:39.951+0000] {dagbag.py:539} INFO - Filling up the DagBag from /home/airflow/.local/lib/python3.8/site-packages/airflow/example_dags/example_branch_labels.py
[2023-09-07T16:34:39.961+0000] {processor.py:839} INFO - DAG(s) dict_keys(['example_branch_labels']) retrieved from /home/airflow/.local/lib/python3.8/site-packages/airflow/example_dags/example_branch_labels.py
[2023-09-07T16:34:39.995+0000] {logging_mixin.py:151} INFO - [2023-09-07T16:34:39.995+0000] {dag.py:2907} INFO - Sync 1 DAGs
[2023-09-07T16:34:40.015+0000] {logging_mixin.py:151} INFO - [2023-09-07T16:34:40.015+0000] {dag.py:3677} INFO - Setting next_dagrun for example_branch_labels to 2023-09-06T00:00:00+00:00, run_after=2023-09-07T00:00:00+00:00
[2023-09-07T16:34:40.025+0000] {processor.py:179} INFO - Processing /home/airflow/.local/lib/python3.8/site-packages/airflow/example_dags/example_branch_labels.py took 0.082 seconds
[2023-09-07T16:35:10.258+0000] {processor.py:157} INFO - Started process (PID=16746) to work on /home/airflow/.local/lib/python3.8/site-packages/airflow/example_dags/example_branch_labels.py
[2023-09-07T16:35:10.260+0000] {processor.py:829} INFO - Processing file /home/airflow/.local/lib/python3.8/site-packages/airflow/example_dags/example_branch_labels.py for tasks to queue
[2023-09-07T16:35:10.260+0000] {logging_mixin.py:151} INFO - [2023-09-07T16:35:10.260+0000] {dagbag.py:539} INFO - Filling up the DagBag from /home/airflow/.local/lib/python3.8/site-packages/airflow/example_dags/example_branch_labels.py
[2023-09-07T16:35:10.267+0000] {processor.py:839} INFO - DAG(s) dict_keys(['example_branch_labels']) retrieved from /home/airflow/.local/lib/python3.8/site-packages/airflow/example_dags/example_branch_labels.py
[2023-09-07T16:35:10.285+0000] {logging_mixin.py:151} INFO - [2023-09-07T16:35:10.285+0000] {dag.py:2907} INFO - Sync 1 DAGs
[2023-09-07T16:35:10.298+0000] {logging_mixin.py:151} INFO - [2023-09-07T16:35:10.298+0000] {dag.py:3677} INFO - Setting next_dagrun for example_branch_labels to 2023-09-06T00:00:00+00:00, run_after=2023-09-07T00:00:00+00:00
[2023-09-07T16:35:10.308+0000] {processor.py:179} INFO - Processing /home/airflow/.local/lib/python3.8/site-packages/airflow/example_dags/example_branch_labels.py took 0.053 seconds
