[2023-09-07T15:58:25.049+0000] {processor.py:157} INFO - Started process (PID=257) to work on /home/airflow/.local/lib/python3.8/site-packages/airflow/example_dags/example_branch_python_dop_operator_3.py
[2023-09-07T15:58:25.051+0000] {processor.py:829} INFO - Processing file /home/airflow/.local/lib/python3.8/site-packages/airflow/example_dags/example_branch_python_dop_operator_3.py for tasks to queue
[2023-09-07T15:58:25.052+0000] {logging_mixin.py:151} INFO - [2023-09-07T15:58:25.052+0000] {dagbag.py:539} INFO - Filling up the DagBag from /home/airflow/.local/lib/python3.8/site-packages/airflow/example_dags/example_branch_python_dop_operator_3.py
[2023-09-07T15:58:25.060+0000] {processor.py:839} INFO - DAG(s) dict_keys(['example_branch_dop_operator_v3']) retrieved from /home/airflow/.local/lib/python3.8/site-packages/airflow/example_dags/example_branch_python_dop_operator_3.py
[2023-09-07T15:58:25.075+0000] {logging_mixin.py:151} INFO - [2023-09-07T15:58:25.075+0000] {dag.py:2907} INFO - Sync 1 DAGs
[2023-09-07T15:58:25.096+0000] {logging_mixin.py:151} INFO - [2023-09-07T15:58:25.096+0000] {dag.py:3677} INFO - Setting next_dagrun for example_branch_dop_operator_v3 to 2023-09-07T15:57:00+00:00, run_after=2023-09-07T15:58:00+00:00
[2023-09-07T15:58:25.114+0000] {processor.py:179} INFO - Processing /home/airflow/.local/lib/python3.8/site-packages/airflow/example_dags/example_branch_python_dop_operator_3.py took 0.069 seconds
[2023-09-07T15:58:56.292+0000] {processor.py:157} INFO - Started process (PID=495) to work on /home/airflow/.local/lib/python3.8/site-packages/airflow/example_dags/example_branch_python_dop_operator_3.py
[2023-09-07T15:58:56.293+0000] {processor.py:829} INFO - Processing file /home/airflow/.local/lib/python3.8/site-packages/airflow/example_dags/example_branch_python_dop_operator_3.py for tasks to queue
[2023-09-07T15:58:56.294+0000] {logging_mixin.py:151} INFO - [2023-09-07T15:58:56.294+0000] {dagbag.py:539} INFO - Filling up the DagBag from /home/airflow/.local/lib/python3.8/site-packages/airflow/example_dags/example_branch_python_dop_operator_3.py
[2023-09-07T15:58:56.301+0000] {processor.py:839} INFO - DAG(s) dict_keys(['example_branch_dop_operator_v3']) retrieved from /home/airflow/.local/lib/python3.8/site-packages/airflow/example_dags/example_branch_python_dop_operator_3.py
[2023-09-07T15:58:56.320+0000] {logging_mixin.py:151} INFO - [2023-09-07T15:58:56.320+0000] {dag.py:2907} INFO - Sync 1 DAGs
[2023-09-07T15:58:56.337+0000] {logging_mixin.py:151} INFO - [2023-09-07T15:58:56.337+0000] {dag.py:3677} INFO - Setting next_dagrun for example_branch_dop_operator_v3 to 2023-09-07T15:57:00+00:00, run_after=2023-09-07T15:58:00+00:00
[2023-09-07T15:58:56.353+0000] {processor.py:179} INFO - Processing /home/airflow/.local/lib/python3.8/site-packages/airflow/example_dags/example_branch_python_dop_operator_3.py took 0.063 seconds
[2023-09-07T15:59:28.587+0000] {processor.py:157} INFO - Started process (PID=735) to work on /home/airflow/.local/lib/python3.8/site-packages/airflow/example_dags/example_branch_python_dop_operator_3.py
[2023-09-07T15:59:28.591+0000] {processor.py:829} INFO - Processing file /home/airflow/.local/lib/python3.8/site-packages/airflow/example_dags/example_branch_python_dop_operator_3.py for tasks to queue
[2023-09-07T15:59:28.593+0000] {logging_mixin.py:151} INFO - [2023-09-07T15:59:28.592+0000] {dagbag.py:539} INFO - Filling up the DagBag from /home/airflow/.local/lib/python3.8/site-packages/airflow/example_dags/example_branch_python_dop_operator_3.py
[2023-09-07T15:59:28.767+0000] {processor.py:839} INFO - DAG(s) dict_keys(['example_branch_dop_operator_v3']) retrieved from /home/airflow/.local/lib/python3.8/site-packages/airflow/example_dags/example_branch_python_dop_operator_3.py
[2023-09-07T15:59:28.781+0000] {logging_mixin.py:151} INFO - [2023-09-07T15:59:28.781+0000] {dag.py:2907} INFO - Sync 1 DAGs
[2023-09-07T15:59:28.803+0000] {logging_mixin.py:151} INFO - [2023-09-07T15:59:28.803+0000] {dag.py:3677} INFO - Setting next_dagrun for example_branch_dop_operator_v3 to 2023-09-07T15:58:00+00:00, run_after=2023-09-07T15:59:00+00:00
[2023-09-07T15:59:28.818+0000] {processor.py:179} INFO - Processing /home/airflow/.local/lib/python3.8/site-packages/airflow/example_dags/example_branch_python_dop_operator_3.py took 0.243 seconds
[2023-09-07T15:59:59.625+0000] {processor.py:157} INFO - Started process (PID=973) to work on /home/airflow/.local/lib/python3.8/site-packages/airflow/example_dags/example_branch_python_dop_operator_3.py
[2023-09-07T15:59:59.627+0000] {processor.py:829} INFO - Processing file /home/airflow/.local/lib/python3.8/site-packages/airflow/example_dags/example_branch_python_dop_operator_3.py for tasks to queue
[2023-09-07T15:59:59.628+0000] {logging_mixin.py:151} INFO - [2023-09-07T15:59:59.627+0000] {dagbag.py:539} INFO - Filling up the DagBag from /home/airflow/.local/lib/python3.8/site-packages/airflow/example_dags/example_branch_python_dop_operator_3.py
[2023-09-07T15:59:59.635+0000] {processor.py:839} INFO - DAG(s) dict_keys(['example_branch_dop_operator_v3']) retrieved from /home/airflow/.local/lib/python3.8/site-packages/airflow/example_dags/example_branch_python_dop_operator_3.py
[2023-09-07T15:59:59.653+0000] {logging_mixin.py:151} INFO - [2023-09-07T15:59:59.652+0000] {dag.py:2907} INFO - Sync 1 DAGs
[2023-09-07T15:59:59.668+0000] {logging_mixin.py:151} INFO - [2023-09-07T15:59:59.668+0000] {dag.py:3677} INFO - Setting next_dagrun for example_branch_dop_operator_v3 to 2023-09-07T15:58:00+00:00, run_after=2023-09-07T15:59:00+00:00
[2023-09-07T15:59:59.678+0000] {processor.py:179} INFO - Processing /home/airflow/.local/lib/python3.8/site-packages/airflow/example_dags/example_branch_python_dop_operator_3.py took 0.056 seconds
[2023-09-07T16:00:29.741+0000] {processor.py:157} INFO - Started process (PID=1208) to work on /home/airflow/.local/lib/python3.8/site-packages/airflow/example_dags/example_branch_python_dop_operator_3.py
[2023-09-07T16:00:29.743+0000] {processor.py:829} INFO - Processing file /home/airflow/.local/lib/python3.8/site-packages/airflow/example_dags/example_branch_python_dop_operator_3.py for tasks to queue
[2023-09-07T16:00:29.744+0000] {logging_mixin.py:151} INFO - [2023-09-07T16:00:29.744+0000] {dagbag.py:539} INFO - Filling up the DagBag from /home/airflow/.local/lib/python3.8/site-packages/airflow/example_dags/example_branch_python_dop_operator_3.py
[2023-09-07T16:00:29.751+0000] {processor.py:839} INFO - DAG(s) dict_keys(['example_branch_dop_operator_v3']) retrieved from /home/airflow/.local/lib/python3.8/site-packages/airflow/example_dags/example_branch_python_dop_operator_3.py
[2023-09-07T16:00:29.778+0000] {logging_mixin.py:151} INFO - [2023-09-07T16:00:29.778+0000] {dag.py:2907} INFO - Sync 1 DAGs
[2023-09-07T16:00:29.798+0000] {logging_mixin.py:151} INFO - [2023-09-07T16:00:29.798+0000] {dag.py:3677} INFO - Setting next_dagrun for example_branch_dop_operator_v3 to 2023-09-07T15:59:00+00:00, run_after=2023-09-07T16:00:00+00:00
[2023-09-07T16:00:29.809+0000] {processor.py:179} INFO - Processing /home/airflow/.local/lib/python3.8/site-packages/airflow/example_dags/example_branch_python_dop_operator_3.py took 0.071 seconds
[2023-09-07T16:01:00.736+0000] {processor.py:157} INFO - Started process (PID=1470) to work on /home/airflow/.local/lib/python3.8/site-packages/airflow/example_dags/example_branch_python_dop_operator_3.py
[2023-09-07T16:01:00.738+0000] {processor.py:829} INFO - Processing file /home/airflow/.local/lib/python3.8/site-packages/airflow/example_dags/example_branch_python_dop_operator_3.py for tasks to queue
[2023-09-07T16:01:00.739+0000] {logging_mixin.py:151} INFO - [2023-09-07T16:01:00.739+0000] {dagbag.py:539} INFO - Filling up the DagBag from /home/airflow/.local/lib/python3.8/site-packages/airflow/example_dags/example_branch_python_dop_operator_3.py
[2023-09-07T16:01:00.749+0000] {processor.py:839} INFO - DAG(s) dict_keys(['example_branch_dop_operator_v3']) retrieved from /home/airflow/.local/lib/python3.8/site-packages/airflow/example_dags/example_branch_python_dop_operator_3.py
[2023-09-07T16:01:00.776+0000] {logging_mixin.py:151} INFO - [2023-09-07T16:01:00.776+0000] {dag.py:2907} INFO - Sync 1 DAGs
[2023-09-07T16:01:00.797+0000] {logging_mixin.py:151} INFO - [2023-09-07T16:01:00.797+0000] {dag.py:3677} INFO - Setting next_dagrun for example_branch_dop_operator_v3 to 2023-09-07T16:00:00+00:00, run_after=2023-09-07T16:01:00+00:00
[2023-09-07T16:01:00.808+0000] {processor.py:179} INFO - Processing /home/airflow/.local/lib/python3.8/site-packages/airflow/example_dags/example_branch_python_dop_operator_3.py took 0.075 seconds
[2023-09-07T16:01:31.347+0000] {processor.py:157} INFO - Started process (PID=1708) to work on /home/airflow/.local/lib/python3.8/site-packages/airflow/example_dags/example_branch_python_dop_operator_3.py
[2023-09-07T16:01:31.349+0000] {processor.py:829} INFO - Processing file /home/airflow/.local/lib/python3.8/site-packages/airflow/example_dags/example_branch_python_dop_operator_3.py for tasks to queue
[2023-09-07T16:01:31.350+0000] {logging_mixin.py:151} INFO - [2023-09-07T16:01:31.350+0000] {dagbag.py:539} INFO - Filling up the DagBag from /home/airflow/.local/lib/python3.8/site-packages/airflow/example_dags/example_branch_python_dop_operator_3.py
[2023-09-07T16:01:31.358+0000] {processor.py:839} INFO - DAG(s) dict_keys(['example_branch_dop_operator_v3']) retrieved from /home/airflow/.local/lib/python3.8/site-packages/airflow/example_dags/example_branch_python_dop_operator_3.py
[2023-09-07T16:01:31.378+0000] {logging_mixin.py:151} INFO - [2023-09-07T16:01:31.377+0000] {dag.py:2907} INFO - Sync 1 DAGs
[2023-09-07T16:01:31.395+0000] {logging_mixin.py:151} INFO - [2023-09-07T16:01:31.395+0000] {dag.py:3677} INFO - Setting next_dagrun for example_branch_dop_operator_v3 to 2023-09-07T16:00:00+00:00, run_after=2023-09-07T16:01:00+00:00
[2023-09-07T16:01:31.413+0000] {processor.py:179} INFO - Processing /home/airflow/.local/lib/python3.8/site-packages/airflow/example_dags/example_branch_python_dop_operator_3.py took 0.068 seconds
[2023-09-07T16:02:02.917+0000] {processor.py:157} INFO - Started process (PID=1946) to work on /home/airflow/.local/lib/python3.8/site-packages/airflow/example_dags/example_branch_python_dop_operator_3.py
[2023-09-07T16:02:02.923+0000] {processor.py:829} INFO - Processing file /home/airflow/.local/lib/python3.8/site-packages/airflow/example_dags/example_branch_python_dop_operator_3.py for tasks to queue
[2023-09-07T16:02:02.928+0000] {logging_mixin.py:151} INFO - [2023-09-07T16:02:02.927+0000] {dagbag.py:539} INFO - Filling up the DagBag from /home/airflow/.local/lib/python3.8/site-packages/airflow/example_dags/example_branch_python_dop_operator_3.py
[2023-09-07T16:02:02.947+0000] {processor.py:839} INFO - DAG(s) dict_keys(['example_branch_dop_operator_v3']) retrieved from /home/airflow/.local/lib/python3.8/site-packages/airflow/example_dags/example_branch_python_dop_operator_3.py
[2023-09-07T16:02:02.973+0000] {logging_mixin.py:151} INFO - [2023-09-07T16:02:02.973+0000] {dag.py:2907} INFO - Sync 1 DAGs
[2023-09-07T16:02:02.998+0000] {logging_mixin.py:151} INFO - [2023-09-07T16:02:02.998+0000] {dag.py:3677} INFO - Setting next_dagrun for example_branch_dop_operator_v3 to 2023-09-07T16:01:00+00:00, run_after=2023-09-07T16:02:00+00:00
[2023-09-07T16:02:03.016+0000] {processor.py:179} INFO - Processing /home/airflow/.local/lib/python3.8/site-packages/airflow/example_dags/example_branch_python_dop_operator_3.py took 0.111 seconds
[2023-09-07T16:02:33.082+0000] {processor.py:157} INFO - Started process (PID=2184) to work on /home/airflow/.local/lib/python3.8/site-packages/airflow/example_dags/example_branch_python_dop_operator_3.py
[2023-09-07T16:02:33.084+0000] {processor.py:829} INFO - Processing file /home/airflow/.local/lib/python3.8/site-packages/airflow/example_dags/example_branch_python_dop_operator_3.py for tasks to queue
[2023-09-07T16:02:33.085+0000] {logging_mixin.py:151} INFO - [2023-09-07T16:02:33.085+0000] {dagbag.py:539} INFO - Filling up the DagBag from /home/airflow/.local/lib/python3.8/site-packages/airflow/example_dags/example_branch_python_dop_operator_3.py
[2023-09-07T16:02:33.092+0000] {processor.py:839} INFO - DAG(s) dict_keys(['example_branch_dop_operator_v3']) retrieved from /home/airflow/.local/lib/python3.8/site-packages/airflow/example_dags/example_branch_python_dop_operator_3.py
[2023-09-07T16:02:33.111+0000] {logging_mixin.py:151} INFO - [2023-09-07T16:02:33.111+0000] {dag.py:2907} INFO - Sync 1 DAGs
[2023-09-07T16:02:33.125+0000] {logging_mixin.py:151} INFO - [2023-09-07T16:02:33.125+0000] {dag.py:3677} INFO - Setting next_dagrun for example_branch_dop_operator_v3 to 2023-09-07T16:01:00+00:00, run_after=2023-09-07T16:02:00+00:00
[2023-09-07T16:02:33.140+0000] {processor.py:179} INFO - Processing /home/airflow/.local/lib/python3.8/site-packages/airflow/example_dags/example_branch_python_dop_operator_3.py took 0.060 seconds
[2023-09-07T16:03:03.339+0000] {processor.py:157} INFO - Started process (PID=2422) to work on /home/airflow/.local/lib/python3.8/site-packages/airflow/example_dags/example_branch_python_dop_operator_3.py
[2023-09-07T16:03:03.342+0000] {processor.py:829} INFO - Processing file /home/airflow/.local/lib/python3.8/site-packages/airflow/example_dags/example_branch_python_dop_operator_3.py for tasks to queue
[2023-09-07T16:03:03.345+0000] {logging_mixin.py:151} INFO - [2023-09-07T16:03:03.344+0000] {dagbag.py:539} INFO - Filling up the DagBag from /home/airflow/.local/lib/python3.8/site-packages/airflow/example_dags/example_branch_python_dop_operator_3.py
[2023-09-07T16:03:03.375+0000] {processor.py:839} INFO - DAG(s) dict_keys(['example_branch_dop_operator_v3']) retrieved from /home/airflow/.local/lib/python3.8/site-packages/airflow/example_dags/example_branch_python_dop_operator_3.py
[2023-09-07T16:03:03.395+0000] {logging_mixin.py:151} INFO - [2023-09-07T16:03:03.395+0000] {dag.py:2907} INFO - Sync 1 DAGs
[2023-09-07T16:03:03.411+0000] {logging_mixin.py:151} INFO - [2023-09-07T16:03:03.411+0000] {dag.py:3677} INFO - Setting next_dagrun for example_branch_dop_operator_v3 to 2023-09-07T16:02:00+00:00, run_after=2023-09-07T16:03:00+00:00
[2023-09-07T16:03:03.421+0000] {processor.py:179} INFO - Processing /home/airflow/.local/lib/python3.8/site-packages/airflow/example_dags/example_branch_python_dop_operator_3.py took 0.088 seconds
[2023-09-07T16:03:33.503+0000] {processor.py:157} INFO - Started process (PID=2662) to work on /home/airflow/.local/lib/python3.8/site-packages/airflow/example_dags/example_branch_python_dop_operator_3.py
[2023-09-07T16:03:33.504+0000] {processor.py:829} INFO - Processing file /home/airflow/.local/lib/python3.8/site-packages/airflow/example_dags/example_branch_python_dop_operator_3.py for tasks to queue
[2023-09-07T16:03:33.506+0000] {logging_mixin.py:151} INFO - [2023-09-07T16:03:33.505+0000] {dagbag.py:539} INFO - Filling up the DagBag from /home/airflow/.local/lib/python3.8/site-packages/airflow/example_dags/example_branch_python_dop_operator_3.py
[2023-09-07T16:03:33.517+0000] {processor.py:839} INFO - DAG(s) dict_keys(['example_branch_dop_operator_v3']) retrieved from /home/airflow/.local/lib/python3.8/site-packages/airflow/example_dags/example_branch_python_dop_operator_3.py
[2023-09-07T16:03:33.539+0000] {logging_mixin.py:151} INFO - [2023-09-07T16:03:33.539+0000] {dag.py:2907} INFO - Sync 1 DAGs
[2023-09-07T16:03:33.554+0000] {logging_mixin.py:151} INFO - [2023-09-07T16:03:33.554+0000] {dag.py:3677} INFO - Setting next_dagrun for example_branch_dop_operator_v3 to 2023-09-07T16:02:00+00:00, run_after=2023-09-07T16:03:00+00:00
[2023-09-07T16:03:33.565+0000] {processor.py:179} INFO - Processing /home/airflow/.local/lib/python3.8/site-packages/airflow/example_dags/example_branch_python_dop_operator_3.py took 0.066 seconds
[2023-09-07T16:04:04.105+0000] {processor.py:157} INFO - Started process (PID=2898) to work on /home/airflow/.local/lib/python3.8/site-packages/airflow/example_dags/example_branch_python_dop_operator_3.py
[2023-09-07T16:04:04.106+0000] {processor.py:829} INFO - Processing file /home/airflow/.local/lib/python3.8/site-packages/airflow/example_dags/example_branch_python_dop_operator_3.py for tasks to queue
[2023-09-07T16:04:04.107+0000] {logging_mixin.py:151} INFO - [2023-09-07T16:04:04.106+0000] {dagbag.py:539} INFO - Filling up the DagBag from /home/airflow/.local/lib/python3.8/site-packages/airflow/example_dags/example_branch_python_dop_operator_3.py
[2023-09-07T16:04:04.114+0000] {processor.py:839} INFO - DAG(s) dict_keys(['example_branch_dop_operator_v3']) retrieved from /home/airflow/.local/lib/python3.8/site-packages/airflow/example_dags/example_branch_python_dop_operator_3.py
[2023-09-07T16:04:04.131+0000] {logging_mixin.py:151} INFO - [2023-09-07T16:04:04.131+0000] {dag.py:2907} INFO - Sync 1 DAGs
[2023-09-07T16:04:04.145+0000] {logging_mixin.py:151} INFO - [2023-09-07T16:04:04.145+0000] {dag.py:3677} INFO - Setting next_dagrun for example_branch_dop_operator_v3 to 2023-09-07T16:03:00+00:00, run_after=2023-09-07T16:04:00+00:00
[2023-09-07T16:04:04.155+0000] {processor.py:179} INFO - Processing /home/airflow/.local/lib/python3.8/site-packages/airflow/example_dags/example_branch_python_dop_operator_3.py took 0.053 seconds
[2023-09-07T16:04:35.623+0000] {processor.py:157} INFO - Started process (PID=3136) to work on /home/airflow/.local/lib/python3.8/site-packages/airflow/example_dags/example_branch_python_dop_operator_3.py
[2023-09-07T16:04:35.624+0000] {processor.py:829} INFO - Processing file /home/airflow/.local/lib/python3.8/site-packages/airflow/example_dags/example_branch_python_dop_operator_3.py for tasks to queue
[2023-09-07T16:04:35.626+0000] {logging_mixin.py:151} INFO - [2023-09-07T16:04:35.626+0000] {dagbag.py:539} INFO - Filling up the DagBag from /home/airflow/.local/lib/python3.8/site-packages/airflow/example_dags/example_branch_python_dop_operator_3.py
[2023-09-07T16:04:35.636+0000] {processor.py:839} INFO - DAG(s) dict_keys(['example_branch_dop_operator_v3']) retrieved from /home/airflow/.local/lib/python3.8/site-packages/airflow/example_dags/example_branch_python_dop_operator_3.py
[2023-09-07T16:04:35.654+0000] {logging_mixin.py:151} INFO - [2023-09-07T16:04:35.654+0000] {dag.py:2907} INFO - Sync 1 DAGs
[2023-09-07T16:04:35.669+0000] {logging_mixin.py:151} INFO - [2023-09-07T16:04:35.669+0000] {dag.py:3677} INFO - Setting next_dagrun for example_branch_dop_operator_v3 to 2023-09-07T16:03:00+00:00, run_after=2023-09-07T16:04:00+00:00
[2023-09-07T16:04:35.685+0000] {processor.py:179} INFO - Processing /home/airflow/.local/lib/python3.8/site-packages/airflow/example_dags/example_branch_python_dop_operator_3.py took 0.066 seconds
[2023-09-07T16:05:06.739+0000] {processor.py:157} INFO - Started process (PID=3374) to work on /home/airflow/.local/lib/python3.8/site-packages/airflow/example_dags/example_branch_python_dop_operator_3.py
[2023-09-07T16:05:06.740+0000] {processor.py:829} INFO - Processing file /home/airflow/.local/lib/python3.8/site-packages/airflow/example_dags/example_branch_python_dop_operator_3.py for tasks to queue
[2023-09-07T16:05:06.742+0000] {logging_mixin.py:151} INFO - [2023-09-07T16:05:06.742+0000] {dagbag.py:539} INFO - Filling up the DagBag from /home/airflow/.local/lib/python3.8/site-packages/airflow/example_dags/example_branch_python_dop_operator_3.py
[2023-09-07T16:05:06.758+0000] {processor.py:839} INFO - DAG(s) dict_keys(['example_branch_dop_operator_v3']) retrieved from /home/airflow/.local/lib/python3.8/site-packages/airflow/example_dags/example_branch_python_dop_operator_3.py
[2023-09-07T16:05:06.790+0000] {logging_mixin.py:151} INFO - [2023-09-07T16:05:06.789+0000] {dag.py:2907} INFO - Sync 1 DAGs
[2023-09-07T16:05:06.813+0000] {logging_mixin.py:151} INFO - [2023-09-07T16:05:06.812+0000] {dag.py:3677} INFO - Setting next_dagrun for example_branch_dop_operator_v3 to 2023-09-07T16:04:00+00:00, run_after=2023-09-07T16:05:00+00:00
[2023-09-07T16:05:06.825+0000] {processor.py:179} INFO - Processing /home/airflow/.local/lib/python3.8/site-packages/airflow/example_dags/example_branch_python_dop_operator_3.py took 0.090 seconds
[2023-09-07T16:05:37.471+0000] {processor.py:157} INFO - Started process (PID=3613) to work on /home/airflow/.local/lib/python3.8/site-packages/airflow/example_dags/example_branch_python_dop_operator_3.py
[2023-09-07T16:05:37.474+0000] {processor.py:829} INFO - Processing file /home/airflow/.local/lib/python3.8/site-packages/airflow/example_dags/example_branch_python_dop_operator_3.py for tasks to queue
[2023-09-07T16:05:37.475+0000] {logging_mixin.py:151} INFO - [2023-09-07T16:05:37.475+0000] {dagbag.py:539} INFO - Filling up the DagBag from /home/airflow/.local/lib/python3.8/site-packages/airflow/example_dags/example_branch_python_dop_operator_3.py
[2023-09-07T16:05:37.488+0000] {processor.py:839} INFO - DAG(s) dict_keys(['example_branch_dop_operator_v3']) retrieved from /home/airflow/.local/lib/python3.8/site-packages/airflow/example_dags/example_branch_python_dop_operator_3.py
[2023-09-07T16:05:37.504+0000] {logging_mixin.py:151} INFO - [2023-09-07T16:05:37.504+0000] {dag.py:2907} INFO - Sync 1 DAGs
[2023-09-07T16:05:37.524+0000] {logging_mixin.py:151} INFO - [2023-09-07T16:05:37.524+0000] {dag.py:3677} INFO - Setting next_dagrun for example_branch_dop_operator_v3 to 2023-09-07T16:04:00+00:00, run_after=2023-09-07T16:05:00+00:00
[2023-09-07T16:05:37.537+0000] {processor.py:179} INFO - Processing /home/airflow/.local/lib/python3.8/site-packages/airflow/example_dags/example_branch_python_dop_operator_3.py took 0.070 seconds
[2023-09-07T16:06:08.561+0000] {processor.py:157} INFO - Started process (PID=3851) to work on /home/airflow/.local/lib/python3.8/site-packages/airflow/example_dags/example_branch_python_dop_operator_3.py
[2023-09-07T16:06:08.563+0000] {processor.py:829} INFO - Processing file /home/airflow/.local/lib/python3.8/site-packages/airflow/example_dags/example_branch_python_dop_operator_3.py for tasks to queue
[2023-09-07T16:06:08.564+0000] {logging_mixin.py:151} INFO - [2023-09-07T16:06:08.564+0000] {dagbag.py:539} INFO - Filling up the DagBag from /home/airflow/.local/lib/python3.8/site-packages/airflow/example_dags/example_branch_python_dop_operator_3.py
[2023-09-07T16:06:08.572+0000] {processor.py:839} INFO - DAG(s) dict_keys(['example_branch_dop_operator_v3']) retrieved from /home/airflow/.local/lib/python3.8/site-packages/airflow/example_dags/example_branch_python_dop_operator_3.py
[2023-09-07T16:06:08.591+0000] {logging_mixin.py:151} INFO - [2023-09-07T16:06:08.591+0000] {dag.py:2907} INFO - Sync 1 DAGs
[2023-09-07T16:06:08.606+0000] {logging_mixin.py:151} INFO - [2023-09-07T16:06:08.605+0000] {dag.py:3677} INFO - Setting next_dagrun for example_branch_dop_operator_v3 to 2023-09-07T16:05:00+00:00, run_after=2023-09-07T16:06:00+00:00
[2023-09-07T16:06:08.615+0000] {processor.py:179} INFO - Processing /home/airflow/.local/lib/python3.8/site-packages/airflow/example_dags/example_branch_python_dop_operator_3.py took 0.057 seconds
[2023-09-07T16:06:39.508+0000] {processor.py:157} INFO - Started process (PID=4089) to work on /home/airflow/.local/lib/python3.8/site-packages/airflow/example_dags/example_branch_python_dop_operator_3.py
[2023-09-07T16:06:39.510+0000] {processor.py:829} INFO - Processing file /home/airflow/.local/lib/python3.8/site-packages/airflow/example_dags/example_branch_python_dop_operator_3.py for tasks to queue
[2023-09-07T16:06:39.511+0000] {logging_mixin.py:151} INFO - [2023-09-07T16:06:39.510+0000] {dagbag.py:539} INFO - Filling up the DagBag from /home/airflow/.local/lib/python3.8/site-packages/airflow/example_dags/example_branch_python_dop_operator_3.py
[2023-09-07T16:06:39.518+0000] {processor.py:839} INFO - DAG(s) dict_keys(['example_branch_dop_operator_v3']) retrieved from /home/airflow/.local/lib/python3.8/site-packages/airflow/example_dags/example_branch_python_dop_operator_3.py
[2023-09-07T16:06:39.535+0000] {logging_mixin.py:151} INFO - [2023-09-07T16:06:39.535+0000] {dag.py:2907} INFO - Sync 1 DAGs
[2023-09-07T16:06:39.551+0000] {logging_mixin.py:151} INFO - [2023-09-07T16:06:39.551+0000] {dag.py:3677} INFO - Setting next_dagrun for example_branch_dop_operator_v3 to 2023-09-07T16:05:00+00:00, run_after=2023-09-07T16:06:00+00:00
[2023-09-07T16:06:39.562+0000] {processor.py:179} INFO - Processing /home/airflow/.local/lib/python3.8/site-packages/airflow/example_dags/example_branch_python_dop_operator_3.py took 0.057 seconds
[2023-09-07T16:07:10.261+0000] {processor.py:157} INFO - Started process (PID=4327) to work on /home/airflow/.local/lib/python3.8/site-packages/airflow/example_dags/example_branch_python_dop_operator_3.py
[2023-09-07T16:07:10.262+0000] {processor.py:829} INFO - Processing file /home/airflow/.local/lib/python3.8/site-packages/airflow/example_dags/example_branch_python_dop_operator_3.py for tasks to queue
[2023-09-07T16:07:10.263+0000] {logging_mixin.py:151} INFO - [2023-09-07T16:07:10.263+0000] {dagbag.py:539} INFO - Filling up the DagBag from /home/airflow/.local/lib/python3.8/site-packages/airflow/example_dags/example_branch_python_dop_operator_3.py
[2023-09-07T16:07:10.270+0000] {processor.py:839} INFO - DAG(s) dict_keys(['example_branch_dop_operator_v3']) retrieved from /home/airflow/.local/lib/python3.8/site-packages/airflow/example_dags/example_branch_python_dop_operator_3.py
[2023-09-07T16:07:10.288+0000] {logging_mixin.py:151} INFO - [2023-09-07T16:07:10.288+0000] {dag.py:2907} INFO - Sync 1 DAGs
[2023-09-07T16:07:10.304+0000] {logging_mixin.py:151} INFO - [2023-09-07T16:07:10.304+0000] {dag.py:3677} INFO - Setting next_dagrun for example_branch_dop_operator_v3 to 2023-09-07T16:06:00+00:00, run_after=2023-09-07T16:07:00+00:00
[2023-09-07T16:07:10.313+0000] {processor.py:179} INFO - Processing /home/airflow/.local/lib/python3.8/site-packages/airflow/example_dags/example_branch_python_dop_operator_3.py took 0.056 seconds
[2023-09-07T16:07:41.528+0000] {processor.py:157} INFO - Started process (PID=4565) to work on /home/airflow/.local/lib/python3.8/site-packages/airflow/example_dags/example_branch_python_dop_operator_3.py
[2023-09-07T16:07:41.530+0000] {processor.py:829} INFO - Processing file /home/airflow/.local/lib/python3.8/site-packages/airflow/example_dags/example_branch_python_dop_operator_3.py for tasks to queue
[2023-09-07T16:07:41.531+0000] {logging_mixin.py:151} INFO - [2023-09-07T16:07:41.531+0000] {dagbag.py:539} INFO - Filling up the DagBag from /home/airflow/.local/lib/python3.8/site-packages/airflow/example_dags/example_branch_python_dop_operator_3.py
[2023-09-07T16:07:41.541+0000] {processor.py:839} INFO - DAG(s) dict_keys(['example_branch_dop_operator_v3']) retrieved from /home/airflow/.local/lib/python3.8/site-packages/airflow/example_dags/example_branch_python_dop_operator_3.py
[2023-09-07T16:07:41.566+0000] {logging_mixin.py:151} INFO - [2023-09-07T16:07:41.566+0000] {dag.py:2907} INFO - Sync 1 DAGs
[2023-09-07T16:07:41.582+0000] {logging_mixin.py:151} INFO - [2023-09-07T16:07:41.582+0000] {dag.py:3677} INFO - Setting next_dagrun for example_branch_dop_operator_v3 to 2023-09-07T16:06:00+00:00, run_after=2023-09-07T16:07:00+00:00
[2023-09-07T16:07:41.592+0000] {processor.py:179} INFO - Processing /home/airflow/.local/lib/python3.8/site-packages/airflow/example_dags/example_branch_python_dop_operator_3.py took 0.067 seconds
[2023-09-07T16:08:12.502+0000] {processor.py:157} INFO - Started process (PID=4803) to work on /home/airflow/.local/lib/python3.8/site-packages/airflow/example_dags/example_branch_python_dop_operator_3.py
[2023-09-07T16:08:12.506+0000] {processor.py:829} INFO - Processing file /home/airflow/.local/lib/python3.8/site-packages/airflow/example_dags/example_branch_python_dop_operator_3.py for tasks to queue
[2023-09-07T16:08:12.507+0000] {logging_mixin.py:151} INFO - [2023-09-07T16:08:12.507+0000] {dagbag.py:539} INFO - Filling up the DagBag from /home/airflow/.local/lib/python3.8/site-packages/airflow/example_dags/example_branch_python_dop_operator_3.py
[2023-09-07T16:08:12.517+0000] {processor.py:839} INFO - DAG(s) dict_keys(['example_branch_dop_operator_v3']) retrieved from /home/airflow/.local/lib/python3.8/site-packages/airflow/example_dags/example_branch_python_dop_operator_3.py
[2023-09-07T16:08:12.546+0000] {logging_mixin.py:151} INFO - [2023-09-07T16:08:12.545+0000] {dag.py:2907} INFO - Sync 1 DAGs
[2023-09-07T16:08:12.569+0000] {logging_mixin.py:151} INFO - [2023-09-07T16:08:12.569+0000] {dag.py:3677} INFO - Setting next_dagrun for example_branch_dop_operator_v3 to 2023-09-07T16:07:00+00:00, run_after=2023-09-07T16:08:00+00:00
[2023-09-07T16:08:12.586+0000] {processor.py:179} INFO - Processing /home/airflow/.local/lib/python3.8/site-packages/airflow/example_dags/example_branch_python_dop_operator_3.py took 0.087 seconds
[2023-09-07T16:08:43.181+0000] {processor.py:157} INFO - Started process (PID=5041) to work on /home/airflow/.local/lib/python3.8/site-packages/airflow/example_dags/example_branch_python_dop_operator_3.py
[2023-09-07T16:08:43.183+0000] {processor.py:829} INFO - Processing file /home/airflow/.local/lib/python3.8/site-packages/airflow/example_dags/example_branch_python_dop_operator_3.py for tasks to queue
[2023-09-07T16:08:43.184+0000] {logging_mixin.py:151} INFO - [2023-09-07T16:08:43.183+0000] {dagbag.py:539} INFO - Filling up the DagBag from /home/airflow/.local/lib/python3.8/site-packages/airflow/example_dags/example_branch_python_dop_operator_3.py
[2023-09-07T16:08:43.192+0000] {processor.py:839} INFO - DAG(s) dict_keys(['example_branch_dop_operator_v3']) retrieved from /home/airflow/.local/lib/python3.8/site-packages/airflow/example_dags/example_branch_python_dop_operator_3.py
[2023-09-07T16:08:43.215+0000] {logging_mixin.py:151} INFO - [2023-09-07T16:08:43.214+0000] {dag.py:2907} INFO - Sync 1 DAGs
[2023-09-07T16:08:43.234+0000] {logging_mixin.py:151} INFO - [2023-09-07T16:08:43.233+0000] {dag.py:3677} INFO - Setting next_dagrun for example_branch_dop_operator_v3 to 2023-09-07T16:07:00+00:00, run_after=2023-09-07T16:08:00+00:00
[2023-09-07T16:08:43.244+0000] {processor.py:179} INFO - Processing /home/airflow/.local/lib/python3.8/site-packages/airflow/example_dags/example_branch_python_dop_operator_3.py took 0.065 seconds
[2023-09-07T16:09:13.778+0000] {processor.py:157} INFO - Started process (PID=5281) to work on /home/airflow/.local/lib/python3.8/site-packages/airflow/example_dags/example_branch_python_dop_operator_3.py
[2023-09-07T16:09:13.780+0000] {processor.py:829} INFO - Processing file /home/airflow/.local/lib/python3.8/site-packages/airflow/example_dags/example_branch_python_dop_operator_3.py for tasks to queue
[2023-09-07T16:09:13.781+0000] {logging_mixin.py:151} INFO - [2023-09-07T16:09:13.780+0000] {dagbag.py:539} INFO - Filling up the DagBag from /home/airflow/.local/lib/python3.8/site-packages/airflow/example_dags/example_branch_python_dop_operator_3.py
[2023-09-07T16:09:13.797+0000] {processor.py:839} INFO - DAG(s) dict_keys(['example_branch_dop_operator_v3']) retrieved from /home/airflow/.local/lib/python3.8/site-packages/airflow/example_dags/example_branch_python_dop_operator_3.py
[2023-09-07T16:09:13.819+0000] {logging_mixin.py:151} INFO - [2023-09-07T16:09:13.819+0000] {dag.py:2907} INFO - Sync 1 DAGs
[2023-09-07T16:09:13.838+0000] {logging_mixin.py:151} INFO - [2023-09-07T16:09:13.838+0000] {dag.py:3677} INFO - Setting next_dagrun for example_branch_dop_operator_v3 to 2023-09-07T16:08:00+00:00, run_after=2023-09-07T16:09:00+00:00
[2023-09-07T16:09:13.851+0000] {processor.py:179} INFO - Processing /home/airflow/.local/lib/python3.8/site-packages/airflow/example_dags/example_branch_python_dop_operator_3.py took 0.077 seconds
[2023-09-07T16:09:43.907+0000] {processor.py:157} INFO - Started process (PID=5517) to work on /home/airflow/.local/lib/python3.8/site-packages/airflow/example_dags/example_branch_python_dop_operator_3.py
[2023-09-07T16:09:43.908+0000] {processor.py:829} INFO - Processing file /home/airflow/.local/lib/python3.8/site-packages/airflow/example_dags/example_branch_python_dop_operator_3.py for tasks to queue
[2023-09-07T16:09:43.909+0000] {logging_mixin.py:151} INFO - [2023-09-07T16:09:43.909+0000] {dagbag.py:539} INFO - Filling up the DagBag from /home/airflow/.local/lib/python3.8/site-packages/airflow/example_dags/example_branch_python_dop_operator_3.py
[2023-09-07T16:09:43.917+0000] {processor.py:839} INFO - DAG(s) dict_keys(['example_branch_dop_operator_v3']) retrieved from /home/airflow/.local/lib/python3.8/site-packages/airflow/example_dags/example_branch_python_dop_operator_3.py
[2023-09-07T16:09:43.939+0000] {logging_mixin.py:151} INFO - [2023-09-07T16:09:43.938+0000] {dag.py:2907} INFO - Sync 1 DAGs
[2023-09-07T16:09:43.967+0000] {logging_mixin.py:151} INFO - [2023-09-07T16:09:43.967+0000] {dag.py:3677} INFO - Setting next_dagrun for example_branch_dop_operator_v3 to 2023-09-07T16:08:00+00:00, run_after=2023-09-07T16:09:00+00:00
[2023-09-07T16:09:43.979+0000] {processor.py:179} INFO - Processing /home/airflow/.local/lib/python3.8/site-packages/airflow/example_dags/example_branch_python_dop_operator_3.py took 0.075 seconds
[2023-09-07T16:10:14.776+0000] {processor.py:157} INFO - Started process (PID=5755) to work on /home/airflow/.local/lib/python3.8/site-packages/airflow/example_dags/example_branch_python_dop_operator_3.py
[2023-09-07T16:10:14.778+0000] {processor.py:829} INFO - Processing file /home/airflow/.local/lib/python3.8/site-packages/airflow/example_dags/example_branch_python_dop_operator_3.py for tasks to queue
[2023-09-07T16:10:14.779+0000] {logging_mixin.py:151} INFO - [2023-09-07T16:10:14.779+0000] {dagbag.py:539} INFO - Filling up the DagBag from /home/airflow/.local/lib/python3.8/site-packages/airflow/example_dags/example_branch_python_dop_operator_3.py
[2023-09-07T16:10:14.787+0000] {processor.py:839} INFO - DAG(s) dict_keys(['example_branch_dop_operator_v3']) retrieved from /home/airflow/.local/lib/python3.8/site-packages/airflow/example_dags/example_branch_python_dop_operator_3.py
[2023-09-07T16:10:14.806+0000] {logging_mixin.py:151} INFO - [2023-09-07T16:10:14.806+0000] {dag.py:2907} INFO - Sync 1 DAGs
[2023-09-07T16:10:14.824+0000] {logging_mixin.py:151} INFO - [2023-09-07T16:10:14.824+0000] {dag.py:3677} INFO - Setting next_dagrun for example_branch_dop_operator_v3 to 2023-09-07T16:09:00+00:00, run_after=2023-09-07T16:10:00+00:00
[2023-09-07T16:10:14.835+0000] {processor.py:179} INFO - Processing /home/airflow/.local/lib/python3.8/site-packages/airflow/example_dags/example_branch_python_dop_operator_3.py took 0.062 seconds
[2023-09-07T16:10:45.348+0000] {processor.py:157} INFO - Started process (PID=5992) to work on /home/airflow/.local/lib/python3.8/site-packages/airflow/example_dags/example_branch_python_dop_operator_3.py
[2023-09-07T16:10:45.349+0000] {processor.py:829} INFO - Processing file /home/airflow/.local/lib/python3.8/site-packages/airflow/example_dags/example_branch_python_dop_operator_3.py for tasks to queue
[2023-09-07T16:10:45.350+0000] {logging_mixin.py:151} INFO - [2023-09-07T16:10:45.350+0000] {dagbag.py:539} INFO - Filling up the DagBag from /home/airflow/.local/lib/python3.8/site-packages/airflow/example_dags/example_branch_python_dop_operator_3.py
[2023-09-07T16:10:45.358+0000] {processor.py:839} INFO - DAG(s) dict_keys(['example_branch_dop_operator_v3']) retrieved from /home/airflow/.local/lib/python3.8/site-packages/airflow/example_dags/example_branch_python_dop_operator_3.py
[2023-09-07T16:10:45.384+0000] {logging_mixin.py:151} INFO - [2023-09-07T16:10:45.384+0000] {dag.py:2907} INFO - Sync 1 DAGs
[2023-09-07T16:10:45.408+0000] {logging_mixin.py:151} INFO - [2023-09-07T16:10:45.408+0000] {dag.py:3677} INFO - Setting next_dagrun for example_branch_dop_operator_v3 to 2023-09-07T16:09:00+00:00, run_after=2023-09-07T16:10:00+00:00
[2023-09-07T16:10:45.420+0000] {processor.py:179} INFO - Processing /home/airflow/.local/lib/python3.8/site-packages/airflow/example_dags/example_branch_python_dop_operator_3.py took 0.075 seconds
[2023-09-07T16:11:17.266+0000] {processor.py:157} INFO - Started process (PID=6230) to work on /home/airflow/.local/lib/python3.8/site-packages/airflow/example_dags/example_branch_python_dop_operator_3.py
[2023-09-07T16:11:17.268+0000] {processor.py:829} INFO - Processing file /home/airflow/.local/lib/python3.8/site-packages/airflow/example_dags/example_branch_python_dop_operator_3.py for tasks to queue
[2023-09-07T16:11:17.269+0000] {logging_mixin.py:151} INFO - [2023-09-07T16:11:17.269+0000] {dagbag.py:539} INFO - Filling up the DagBag from /home/airflow/.local/lib/python3.8/site-packages/airflow/example_dags/example_branch_python_dop_operator_3.py
[2023-09-07T16:11:17.278+0000] {processor.py:839} INFO - DAG(s) dict_keys(['example_branch_dop_operator_v3']) retrieved from /home/airflow/.local/lib/python3.8/site-packages/airflow/example_dags/example_branch_python_dop_operator_3.py
[2023-09-07T16:11:17.296+0000] {logging_mixin.py:151} INFO - [2023-09-07T16:11:17.296+0000] {dag.py:2907} INFO - Sync 1 DAGs
[2023-09-07T16:11:17.312+0000] {logging_mixin.py:151} INFO - [2023-09-07T16:11:17.312+0000] {dag.py:3677} INFO - Setting next_dagrun for example_branch_dop_operator_v3 to 2023-09-07T16:10:00+00:00, run_after=2023-09-07T16:11:00+00:00
[2023-09-07T16:11:17.325+0000] {processor.py:179} INFO - Processing /home/airflow/.local/lib/python3.8/site-packages/airflow/example_dags/example_branch_python_dop_operator_3.py took 0.062 seconds
[2023-09-07T16:11:48.454+0000] {processor.py:157} INFO - Started process (PID=6470) to work on /home/airflow/.local/lib/python3.8/site-packages/airflow/example_dags/example_branch_python_dop_operator_3.py
[2023-09-07T16:11:48.458+0000] {processor.py:829} INFO - Processing file /home/airflow/.local/lib/python3.8/site-packages/airflow/example_dags/example_branch_python_dop_operator_3.py for tasks to queue
[2023-09-07T16:11:48.462+0000] {logging_mixin.py:151} INFO - [2023-09-07T16:11:48.461+0000] {dagbag.py:539} INFO - Filling up the DagBag from /home/airflow/.local/lib/python3.8/site-packages/airflow/example_dags/example_branch_python_dop_operator_3.py
[2023-09-07T16:11:48.475+0000] {processor.py:839} INFO - DAG(s) dict_keys(['example_branch_dop_operator_v3']) retrieved from /home/airflow/.local/lib/python3.8/site-packages/airflow/example_dags/example_branch_python_dop_operator_3.py
[2023-09-07T16:11:48.504+0000] {logging_mixin.py:151} INFO - [2023-09-07T16:11:48.504+0000] {dag.py:2907} INFO - Sync 1 DAGs
[2023-09-07T16:11:48.522+0000] {logging_mixin.py:151} INFO - [2023-09-07T16:11:48.522+0000] {dag.py:3677} INFO - Setting next_dagrun for example_branch_dop_operator_v3 to 2023-09-07T16:10:00+00:00, run_after=2023-09-07T16:11:00+00:00
[2023-09-07T16:11:48.533+0000] {processor.py:179} INFO - Processing /home/airflow/.local/lib/python3.8/site-packages/airflow/example_dags/example_branch_python_dop_operator_3.py took 0.085 seconds
[2023-09-07T16:12:18.851+0000] {processor.py:157} INFO - Started process (PID=6706) to work on /home/airflow/.local/lib/python3.8/site-packages/airflow/example_dags/example_branch_python_dop_operator_3.py
[2023-09-07T16:12:18.853+0000] {processor.py:829} INFO - Processing file /home/airflow/.local/lib/python3.8/site-packages/airflow/example_dags/example_branch_python_dop_operator_3.py for tasks to queue
[2023-09-07T16:12:18.854+0000] {logging_mixin.py:151} INFO - [2023-09-07T16:12:18.854+0000] {dagbag.py:539} INFO - Filling up the DagBag from /home/airflow/.local/lib/python3.8/site-packages/airflow/example_dags/example_branch_python_dop_operator_3.py
[2023-09-07T16:12:18.863+0000] {processor.py:839} INFO - DAG(s) dict_keys(['example_branch_dop_operator_v3']) retrieved from /home/airflow/.local/lib/python3.8/site-packages/airflow/example_dags/example_branch_python_dop_operator_3.py
[2023-09-07T16:12:18.881+0000] {logging_mixin.py:151} INFO - [2023-09-07T16:12:18.881+0000] {dag.py:2907} INFO - Sync 1 DAGs
[2023-09-07T16:12:18.896+0000] {logging_mixin.py:151} INFO - [2023-09-07T16:12:18.896+0000] {dag.py:3677} INFO - Setting next_dagrun for example_branch_dop_operator_v3 to 2023-09-07T16:11:00+00:00, run_after=2023-09-07T16:12:00+00:00
[2023-09-07T16:12:18.909+0000] {processor.py:179} INFO - Processing /home/airflow/.local/lib/python3.8/site-packages/airflow/example_dags/example_branch_python_dop_operator_3.py took 0.060 seconds
[2023-09-07T16:12:49.124+0000] {processor.py:157} INFO - Started process (PID=6945) to work on /home/airflow/.local/lib/python3.8/site-packages/airflow/example_dags/example_branch_python_dop_operator_3.py
[2023-09-07T16:12:49.126+0000] {processor.py:829} INFO - Processing file /home/airflow/.local/lib/python3.8/site-packages/airflow/example_dags/example_branch_python_dop_operator_3.py for tasks to queue
[2023-09-07T16:12:49.127+0000] {logging_mixin.py:151} INFO - [2023-09-07T16:12:49.127+0000] {dagbag.py:539} INFO - Filling up the DagBag from /home/airflow/.local/lib/python3.8/site-packages/airflow/example_dags/example_branch_python_dop_operator_3.py
[2023-09-07T16:12:49.135+0000] {processor.py:839} INFO - DAG(s) dict_keys(['example_branch_dop_operator_v3']) retrieved from /home/airflow/.local/lib/python3.8/site-packages/airflow/example_dags/example_branch_python_dop_operator_3.py
[2023-09-07T16:12:49.155+0000] {logging_mixin.py:151} INFO - [2023-09-07T16:12:49.155+0000] {dag.py:2907} INFO - Sync 1 DAGs
[2023-09-07T16:12:49.173+0000] {logging_mixin.py:151} INFO - [2023-09-07T16:12:49.173+0000] {dag.py:3677} INFO - Setting next_dagrun for example_branch_dop_operator_v3 to 2023-09-07T16:11:00+00:00, run_after=2023-09-07T16:12:00+00:00
[2023-09-07T16:12:49.185+0000] {processor.py:179} INFO - Processing /home/airflow/.local/lib/python3.8/site-packages/airflow/example_dags/example_branch_python_dop_operator_3.py took 0.064 seconds
[2023-09-07T16:13:20.164+0000] {processor.py:157} INFO - Started process (PID=7191) to work on /home/airflow/.local/lib/python3.8/site-packages/airflow/example_dags/example_branch_python_dop_operator_3.py
[2023-09-07T16:13:20.166+0000] {processor.py:829} INFO - Processing file /home/airflow/.local/lib/python3.8/site-packages/airflow/example_dags/example_branch_python_dop_operator_3.py for tasks to queue
[2023-09-07T16:13:20.167+0000] {logging_mixin.py:151} INFO - [2023-09-07T16:13:20.166+0000] {dagbag.py:539} INFO - Filling up the DagBag from /home/airflow/.local/lib/python3.8/site-packages/airflow/example_dags/example_branch_python_dop_operator_3.py
[2023-09-07T16:13:20.174+0000] {processor.py:839} INFO - DAG(s) dict_keys(['example_branch_dop_operator_v3']) retrieved from /home/airflow/.local/lib/python3.8/site-packages/airflow/example_dags/example_branch_python_dop_operator_3.py
[2023-09-07T16:13:20.192+0000] {logging_mixin.py:151} INFO - [2023-09-07T16:13:20.191+0000] {dag.py:2907} INFO - Sync 1 DAGs
[2023-09-07T16:13:20.208+0000] {logging_mixin.py:151} INFO - [2023-09-07T16:13:20.208+0000] {dag.py:3677} INFO - Setting next_dagrun for example_branch_dop_operator_v3 to 2023-09-07T16:12:00+00:00, run_after=2023-09-07T16:13:00+00:00
[2023-09-07T16:13:20.219+0000] {processor.py:179} INFO - Processing /home/airflow/.local/lib/python3.8/site-packages/airflow/example_dags/example_branch_python_dop_operator_3.py took 0.057 seconds
[2023-09-07T16:13:51.038+0000] {processor.py:157} INFO - Started process (PID=7429) to work on /home/airflow/.local/lib/python3.8/site-packages/airflow/example_dags/example_branch_python_dop_operator_3.py
[2023-09-07T16:13:51.039+0000] {processor.py:829} INFO - Processing file /home/airflow/.local/lib/python3.8/site-packages/airflow/example_dags/example_branch_python_dop_operator_3.py for tasks to queue
[2023-09-07T16:13:51.040+0000] {logging_mixin.py:151} INFO - [2023-09-07T16:13:51.040+0000] {dagbag.py:539} INFO - Filling up the DagBag from /home/airflow/.local/lib/python3.8/site-packages/airflow/example_dags/example_branch_python_dop_operator_3.py
[2023-09-07T16:13:51.048+0000] {processor.py:839} INFO - DAG(s) dict_keys(['example_branch_dop_operator_v3']) retrieved from /home/airflow/.local/lib/python3.8/site-packages/airflow/example_dags/example_branch_python_dop_operator_3.py
[2023-09-07T16:13:51.066+0000] {logging_mixin.py:151} INFO - [2023-09-07T16:13:51.066+0000] {dag.py:2907} INFO - Sync 1 DAGs
[2023-09-07T16:13:51.083+0000] {logging_mixin.py:151} INFO - [2023-09-07T16:13:51.082+0000] {dag.py:3677} INFO - Setting next_dagrun for example_branch_dop_operator_v3 to 2023-09-07T16:12:00+00:00, run_after=2023-09-07T16:13:00+00:00
[2023-09-07T16:13:51.093+0000] {processor.py:179} INFO - Processing /home/airflow/.local/lib/python3.8/site-packages/airflow/example_dags/example_branch_python_dop_operator_3.py took 0.058 seconds
[2023-09-07T16:14:21.412+0000] {processor.py:157} INFO - Started process (PID=7668) to work on /home/airflow/.local/lib/python3.8/site-packages/airflow/example_dags/example_branch_python_dop_operator_3.py
[2023-09-07T16:14:21.415+0000] {processor.py:829} INFO - Processing file /home/airflow/.local/lib/python3.8/site-packages/airflow/example_dags/example_branch_python_dop_operator_3.py for tasks to queue
[2023-09-07T16:14:21.470+0000] {logging_mixin.py:151} INFO - [2023-09-07T16:14:21.467+0000] {dagbag.py:539} INFO - Filling up the DagBag from /home/airflow/.local/lib/python3.8/site-packages/airflow/example_dags/example_branch_python_dop_operator_3.py
[2023-09-07T16:14:21.521+0000] {processor.py:839} INFO - DAG(s) dict_keys(['example_branch_dop_operator_v3']) retrieved from /home/airflow/.local/lib/python3.8/site-packages/airflow/example_dags/example_branch_python_dop_operator_3.py
[2023-09-07T16:14:21.668+0000] {logging_mixin.py:151} INFO - [2023-09-07T16:14:21.668+0000] {dag.py:2907} INFO - Sync 1 DAGs
[2023-09-07T16:14:21.752+0000] {logging_mixin.py:151} INFO - [2023-09-07T16:14:21.751+0000] {dag.py:3677} INFO - Setting next_dagrun for example_branch_dop_operator_v3 to 2023-09-07T16:13:00+00:00, run_after=2023-09-07T16:14:00+00:00
[2023-09-07T16:14:21.801+0000] {processor.py:179} INFO - Processing /home/airflow/.local/lib/python3.8/site-packages/airflow/example_dags/example_branch_python_dop_operator_3.py took 0.395 seconds
[2023-09-07T16:14:52.573+0000] {processor.py:157} INFO - Started process (PID=7906) to work on /home/airflow/.local/lib/python3.8/site-packages/airflow/example_dags/example_branch_python_dop_operator_3.py
[2023-09-07T16:14:52.575+0000] {processor.py:829} INFO - Processing file /home/airflow/.local/lib/python3.8/site-packages/airflow/example_dags/example_branch_python_dop_operator_3.py for tasks to queue
[2023-09-07T16:14:52.577+0000] {logging_mixin.py:151} INFO - [2023-09-07T16:14:52.576+0000] {dagbag.py:539} INFO - Filling up the DagBag from /home/airflow/.local/lib/python3.8/site-packages/airflow/example_dags/example_branch_python_dop_operator_3.py
[2023-09-07T16:14:52.602+0000] {processor.py:839} INFO - DAG(s) dict_keys(['example_branch_dop_operator_v3']) retrieved from /home/airflow/.local/lib/python3.8/site-packages/airflow/example_dags/example_branch_python_dop_operator_3.py
[2023-09-07T16:14:52.661+0000] {logging_mixin.py:151} INFO - [2023-09-07T16:14:52.661+0000] {dag.py:2907} INFO - Sync 1 DAGs
[2023-09-07T16:14:52.689+0000] {logging_mixin.py:151} INFO - [2023-09-07T16:14:52.689+0000] {dag.py:3677} INFO - Setting next_dagrun for example_branch_dop_operator_v3 to 2023-09-07T16:13:00+00:00, run_after=2023-09-07T16:14:00+00:00
[2023-09-07T16:14:52.725+0000] {processor.py:179} INFO - Processing /home/airflow/.local/lib/python3.8/site-packages/airflow/example_dags/example_branch_python_dop_operator_3.py took 0.158 seconds
[2023-09-07T16:15:23.410+0000] {processor.py:157} INFO - Started process (PID=8143) to work on /home/airflow/.local/lib/python3.8/site-packages/airflow/example_dags/example_branch_python_dop_operator_3.py
[2023-09-07T16:15:23.413+0000] {processor.py:829} INFO - Processing file /home/airflow/.local/lib/python3.8/site-packages/airflow/example_dags/example_branch_python_dop_operator_3.py for tasks to queue
[2023-09-07T16:15:23.415+0000] {logging_mixin.py:151} INFO - [2023-09-07T16:15:23.414+0000] {dagbag.py:539} INFO - Filling up the DagBag from /home/airflow/.local/lib/python3.8/site-packages/airflow/example_dags/example_branch_python_dop_operator_3.py
[2023-09-07T16:15:23.457+0000] {processor.py:839} INFO - DAG(s) dict_keys(['example_branch_dop_operator_v3']) retrieved from /home/airflow/.local/lib/python3.8/site-packages/airflow/example_dags/example_branch_python_dop_operator_3.py
[2023-09-07T16:15:23.499+0000] {logging_mixin.py:151} INFO - [2023-09-07T16:15:23.499+0000] {dag.py:2907} INFO - Sync 1 DAGs
[2023-09-07T16:15:23.541+0000] {logging_mixin.py:151} INFO - [2023-09-07T16:15:23.541+0000] {dag.py:3677} INFO - Setting next_dagrun for example_branch_dop_operator_v3 to 2023-09-07T16:14:00+00:00, run_after=2023-09-07T16:15:00+00:00
[2023-09-07T16:15:23.558+0000] {processor.py:179} INFO - Processing /home/airflow/.local/lib/python3.8/site-packages/airflow/example_dags/example_branch_python_dop_operator_3.py took 0.154 seconds
[2023-09-07T16:15:54.442+0000] {processor.py:157} INFO - Started process (PID=8381) to work on /home/airflow/.local/lib/python3.8/site-packages/airflow/example_dags/example_branch_python_dop_operator_3.py
[2023-09-07T16:15:54.444+0000] {processor.py:829} INFO - Processing file /home/airflow/.local/lib/python3.8/site-packages/airflow/example_dags/example_branch_python_dop_operator_3.py for tasks to queue
[2023-09-07T16:15:54.445+0000] {logging_mixin.py:151} INFO - [2023-09-07T16:15:54.445+0000] {dagbag.py:539} INFO - Filling up the DagBag from /home/airflow/.local/lib/python3.8/site-packages/airflow/example_dags/example_branch_python_dop_operator_3.py
[2023-09-07T16:15:54.455+0000] {processor.py:839} INFO - DAG(s) dict_keys(['example_branch_dop_operator_v3']) retrieved from /home/airflow/.local/lib/python3.8/site-packages/airflow/example_dags/example_branch_python_dop_operator_3.py
[2023-09-07T16:15:54.476+0000] {logging_mixin.py:151} INFO - [2023-09-07T16:15:54.475+0000] {dag.py:2907} INFO - Sync 1 DAGs
[2023-09-07T16:15:54.492+0000] {logging_mixin.py:151} INFO - [2023-09-07T16:15:54.492+0000] {dag.py:3677} INFO - Setting next_dagrun for example_branch_dop_operator_v3 to 2023-09-07T16:14:00+00:00, run_after=2023-09-07T16:15:00+00:00
[2023-09-07T16:15:54.503+0000] {processor.py:179} INFO - Processing /home/airflow/.local/lib/python3.8/site-packages/airflow/example_dags/example_branch_python_dop_operator_3.py took 0.065 seconds
[2023-09-07T16:16:25.172+0000] {processor.py:157} INFO - Started process (PID=8619) to work on /home/airflow/.local/lib/python3.8/site-packages/airflow/example_dags/example_branch_python_dop_operator_3.py
[2023-09-07T16:16:25.175+0000] {processor.py:829} INFO - Processing file /home/airflow/.local/lib/python3.8/site-packages/airflow/example_dags/example_branch_python_dop_operator_3.py for tasks to queue
[2023-09-07T16:16:25.180+0000] {logging_mixin.py:151} INFO - [2023-09-07T16:16:25.179+0000] {dagbag.py:539} INFO - Filling up the DagBag from /home/airflow/.local/lib/python3.8/site-packages/airflow/example_dags/example_branch_python_dop_operator_3.py
[2023-09-07T16:16:25.194+0000] {processor.py:839} INFO - DAG(s) dict_keys(['example_branch_dop_operator_v3']) retrieved from /home/airflow/.local/lib/python3.8/site-packages/airflow/example_dags/example_branch_python_dop_operator_3.py
[2023-09-07T16:16:25.213+0000] {logging_mixin.py:151} INFO - [2023-09-07T16:16:25.213+0000] {dag.py:2907} INFO - Sync 1 DAGs
[2023-09-07T16:16:25.229+0000] {logging_mixin.py:151} INFO - [2023-09-07T16:16:25.229+0000] {dag.py:3677} INFO - Setting next_dagrun for example_branch_dop_operator_v3 to 2023-09-07T16:15:00+00:00, run_after=2023-09-07T16:16:00+00:00
[2023-09-07T16:16:25.240+0000] {processor.py:179} INFO - Processing /home/airflow/.local/lib/python3.8/site-packages/airflow/example_dags/example_branch_python_dop_operator_3.py took 0.076 seconds
[2023-09-07T16:16:55.534+0000] {processor.py:157} INFO - Started process (PID=8857) to work on /home/airflow/.local/lib/python3.8/site-packages/airflow/example_dags/example_branch_python_dop_operator_3.py
[2023-09-07T16:16:55.536+0000] {processor.py:829} INFO - Processing file /home/airflow/.local/lib/python3.8/site-packages/airflow/example_dags/example_branch_python_dop_operator_3.py for tasks to queue
[2023-09-07T16:16:55.538+0000] {logging_mixin.py:151} INFO - [2023-09-07T16:16:55.538+0000] {dagbag.py:539} INFO - Filling up the DagBag from /home/airflow/.local/lib/python3.8/site-packages/airflow/example_dags/example_branch_python_dop_operator_3.py
[2023-09-07T16:16:55.551+0000] {processor.py:839} INFO - DAG(s) dict_keys(['example_branch_dop_operator_v3']) retrieved from /home/airflow/.local/lib/python3.8/site-packages/airflow/example_dags/example_branch_python_dop_operator_3.py
[2023-09-07T16:16:55.571+0000] {logging_mixin.py:151} INFO - [2023-09-07T16:16:55.571+0000] {dag.py:2907} INFO - Sync 1 DAGs
[2023-09-07T16:16:55.588+0000] {logging_mixin.py:151} INFO - [2023-09-07T16:16:55.588+0000] {dag.py:3677} INFO - Setting next_dagrun for example_branch_dop_operator_v3 to 2023-09-07T16:15:00+00:00, run_after=2023-09-07T16:16:00+00:00
[2023-09-07T16:16:55.598+0000] {processor.py:179} INFO - Processing /home/airflow/.local/lib/python3.8/site-packages/airflow/example_dags/example_branch_python_dop_operator_3.py took 0.069 seconds
[2023-09-07T16:17:25.859+0000] {processor.py:157} INFO - Started process (PID=9095) to work on /home/airflow/.local/lib/python3.8/site-packages/airflow/example_dags/example_branch_python_dop_operator_3.py
[2023-09-07T16:17:25.860+0000] {processor.py:829} INFO - Processing file /home/airflow/.local/lib/python3.8/site-packages/airflow/example_dags/example_branch_python_dop_operator_3.py for tasks to queue
[2023-09-07T16:17:25.861+0000] {logging_mixin.py:151} INFO - [2023-09-07T16:17:25.861+0000] {dagbag.py:539} INFO - Filling up the DagBag from /home/airflow/.local/lib/python3.8/site-packages/airflow/example_dags/example_branch_python_dop_operator_3.py
[2023-09-07T16:17:25.869+0000] {processor.py:839} INFO - DAG(s) dict_keys(['example_branch_dop_operator_v3']) retrieved from /home/airflow/.local/lib/python3.8/site-packages/airflow/example_dags/example_branch_python_dop_operator_3.py
[2023-09-07T16:17:25.887+0000] {logging_mixin.py:151} INFO - [2023-09-07T16:17:25.887+0000] {dag.py:2907} INFO - Sync 1 DAGs
[2023-09-07T16:17:25.903+0000] {logging_mixin.py:151} INFO - [2023-09-07T16:17:25.903+0000] {dag.py:3677} INFO - Setting next_dagrun for example_branch_dop_operator_v3 to 2023-09-07T16:16:00+00:00, run_after=2023-09-07T16:17:00+00:00
[2023-09-07T16:17:25.915+0000] {processor.py:179} INFO - Processing /home/airflow/.local/lib/python3.8/site-packages/airflow/example_dags/example_branch_python_dop_operator_3.py took 0.059 seconds
[2023-09-07T16:17:57.087+0000] {processor.py:157} INFO - Started process (PID=9335) to work on /home/airflow/.local/lib/python3.8/site-packages/airflow/example_dags/example_branch_python_dop_operator_3.py
[2023-09-07T16:17:57.253+0000] {processor.py:829} INFO - Processing file /home/airflow/.local/lib/python3.8/site-packages/airflow/example_dags/example_branch_python_dop_operator_3.py for tasks to queue
[2023-09-07T16:17:57.274+0000] {logging_mixin.py:151} INFO - [2023-09-07T16:17:57.271+0000] {dagbag.py:539} INFO - Filling up the DagBag from /home/airflow/.local/lib/python3.8/site-packages/airflow/example_dags/example_branch_python_dop_operator_3.py
[2023-09-07T16:17:57.337+0000] {processor.py:839} INFO - DAG(s) dict_keys(['example_branch_dop_operator_v3']) retrieved from /home/airflow/.local/lib/python3.8/site-packages/airflow/example_dags/example_branch_python_dop_operator_3.py
[2023-09-07T16:17:57.429+0000] {logging_mixin.py:151} INFO - [2023-09-07T16:17:57.428+0000] {dag.py:2907} INFO - Sync 1 DAGs
[2023-09-07T16:17:57.487+0000] {logging_mixin.py:151} INFO - [2023-09-07T16:17:57.486+0000] {dag.py:3677} INFO - Setting next_dagrun for example_branch_dop_operator_v3 to 2023-09-07T16:16:00+00:00, run_after=2023-09-07T16:17:00+00:00
[2023-09-07T16:17:57.506+0000] {processor.py:179} INFO - Processing /home/airflow/.local/lib/python3.8/site-packages/airflow/example_dags/example_branch_python_dop_operator_3.py took 0.449 seconds
[2023-09-07T16:18:28.177+0000] {processor.py:157} INFO - Started process (PID=9574) to work on /home/airflow/.local/lib/python3.8/site-packages/airflow/example_dags/example_branch_python_dop_operator_3.py
[2023-09-07T16:18:28.178+0000] {processor.py:829} INFO - Processing file /home/airflow/.local/lib/python3.8/site-packages/airflow/example_dags/example_branch_python_dop_operator_3.py for tasks to queue
[2023-09-07T16:18:28.179+0000] {logging_mixin.py:151} INFO - [2023-09-07T16:18:28.179+0000] {dagbag.py:539} INFO - Filling up the DagBag from /home/airflow/.local/lib/python3.8/site-packages/airflow/example_dags/example_branch_python_dop_operator_3.py
[2023-09-07T16:18:28.186+0000] {processor.py:839} INFO - DAG(s) dict_keys(['example_branch_dop_operator_v3']) retrieved from /home/airflow/.local/lib/python3.8/site-packages/airflow/example_dags/example_branch_python_dop_operator_3.py
[2023-09-07T16:18:28.205+0000] {logging_mixin.py:151} INFO - [2023-09-07T16:18:28.205+0000] {dag.py:2907} INFO - Sync 1 DAGs
[2023-09-07T16:18:28.219+0000] {logging_mixin.py:151} INFO - [2023-09-07T16:18:28.219+0000] {dag.py:3677} INFO - Setting next_dagrun for example_branch_dop_operator_v3 to 2023-09-07T16:17:00+00:00, run_after=2023-09-07T16:18:00+00:00
[2023-09-07T16:18:28.229+0000] {processor.py:179} INFO - Processing /home/airflow/.local/lib/python3.8/site-packages/airflow/example_dags/example_branch_python_dop_operator_3.py took 0.055 seconds
[2023-09-07T16:18:58.495+0000] {processor.py:157} INFO - Started process (PID=9812) to work on /home/airflow/.local/lib/python3.8/site-packages/airflow/example_dags/example_branch_python_dop_operator_3.py
[2023-09-07T16:18:58.497+0000] {processor.py:829} INFO - Processing file /home/airflow/.local/lib/python3.8/site-packages/airflow/example_dags/example_branch_python_dop_operator_3.py for tasks to queue
[2023-09-07T16:18:58.497+0000] {logging_mixin.py:151} INFO - [2023-09-07T16:18:58.497+0000] {dagbag.py:539} INFO - Filling up the DagBag from /home/airflow/.local/lib/python3.8/site-packages/airflow/example_dags/example_branch_python_dop_operator_3.py
[2023-09-07T16:18:58.507+0000] {processor.py:839} INFO - DAG(s) dict_keys(['example_branch_dop_operator_v3']) retrieved from /home/airflow/.local/lib/python3.8/site-packages/airflow/example_dags/example_branch_python_dop_operator_3.py
[2023-09-07T16:18:58.532+0000] {logging_mixin.py:151} INFO - [2023-09-07T16:18:58.532+0000] {dag.py:2907} INFO - Sync 1 DAGs
[2023-09-07T16:18:58.548+0000] {logging_mixin.py:151} INFO - [2023-09-07T16:18:58.548+0000] {dag.py:3677} INFO - Setting next_dagrun for example_branch_dop_operator_v3 to 2023-09-07T16:17:00+00:00, run_after=2023-09-07T16:18:00+00:00
[2023-09-07T16:18:58.559+0000] {processor.py:179} INFO - Processing /home/airflow/.local/lib/python3.8/site-packages/airflow/example_dags/example_branch_python_dop_operator_3.py took 0.066 seconds
[2023-09-07T16:19:28.873+0000] {processor.py:157} INFO - Started process (PID=10050) to work on /home/airflow/.local/lib/python3.8/site-packages/airflow/example_dags/example_branch_python_dop_operator_3.py
[2023-09-07T16:19:28.875+0000] {processor.py:829} INFO - Processing file /home/airflow/.local/lib/python3.8/site-packages/airflow/example_dags/example_branch_python_dop_operator_3.py for tasks to queue
[2023-09-07T16:19:28.876+0000] {logging_mixin.py:151} INFO - [2023-09-07T16:19:28.876+0000] {dagbag.py:539} INFO - Filling up the DagBag from /home/airflow/.local/lib/python3.8/site-packages/airflow/example_dags/example_branch_python_dop_operator_3.py
[2023-09-07T16:19:28.887+0000] {processor.py:839} INFO - DAG(s) dict_keys(['example_branch_dop_operator_v3']) retrieved from /home/airflow/.local/lib/python3.8/site-packages/airflow/example_dags/example_branch_python_dop_operator_3.py
[2023-09-07T16:19:28.905+0000] {logging_mixin.py:151} INFO - [2023-09-07T16:19:28.905+0000] {dag.py:2907} INFO - Sync 1 DAGs
[2023-09-07T16:19:28.922+0000] {logging_mixin.py:151} INFO - [2023-09-07T16:19:28.922+0000] {dag.py:3677} INFO - Setting next_dagrun for example_branch_dop_operator_v3 to 2023-09-07T16:18:00+00:00, run_after=2023-09-07T16:19:00+00:00
[2023-09-07T16:19:28.932+0000] {processor.py:179} INFO - Processing /home/airflow/.local/lib/python3.8/site-packages/airflow/example_dags/example_branch_python_dop_operator_3.py took 0.062 seconds
[2023-09-07T16:19:59.280+0000] {processor.py:157} INFO - Started process (PID=10288) to work on /home/airflow/.local/lib/python3.8/site-packages/airflow/example_dags/example_branch_python_dop_operator_3.py
[2023-09-07T16:19:59.291+0000] {processor.py:829} INFO - Processing file /home/airflow/.local/lib/python3.8/site-packages/airflow/example_dags/example_branch_python_dop_operator_3.py for tasks to queue
[2023-09-07T16:19:59.294+0000] {logging_mixin.py:151} INFO - [2023-09-07T16:19:59.293+0000] {dagbag.py:539} INFO - Filling up the DagBag from /home/airflow/.local/lib/python3.8/site-packages/airflow/example_dags/example_branch_python_dop_operator_3.py
[2023-09-07T16:19:59.321+0000] {processor.py:839} INFO - DAG(s) dict_keys(['example_branch_dop_operator_v3']) retrieved from /home/airflow/.local/lib/python3.8/site-packages/airflow/example_dags/example_branch_python_dop_operator_3.py
[2023-09-07T16:19:59.347+0000] {logging_mixin.py:151} INFO - [2023-09-07T16:19:59.347+0000] {dag.py:2907} INFO - Sync 1 DAGs
[2023-09-07T16:19:59.372+0000] {logging_mixin.py:151} INFO - [2023-09-07T16:19:59.371+0000] {dag.py:3677} INFO - Setting next_dagrun for example_branch_dop_operator_v3 to 2023-09-07T16:18:00+00:00, run_after=2023-09-07T16:19:00+00:00
[2023-09-07T16:19:59.397+0000] {processor.py:179} INFO - Processing /home/airflow/.local/lib/python3.8/site-packages/airflow/example_dags/example_branch_python_dop_operator_3.py took 0.122 seconds
[2023-09-07T16:20:29.769+0000] {processor.py:157} INFO - Started process (PID=10526) to work on /home/airflow/.local/lib/python3.8/site-packages/airflow/example_dags/example_branch_python_dop_operator_3.py
[2023-09-07T16:20:29.771+0000] {processor.py:829} INFO - Processing file /home/airflow/.local/lib/python3.8/site-packages/airflow/example_dags/example_branch_python_dop_operator_3.py for tasks to queue
[2023-09-07T16:20:29.772+0000] {logging_mixin.py:151} INFO - [2023-09-07T16:20:29.772+0000] {dagbag.py:539} INFO - Filling up the DagBag from /home/airflow/.local/lib/python3.8/site-packages/airflow/example_dags/example_branch_python_dop_operator_3.py
[2023-09-07T16:20:29.782+0000] {processor.py:839} INFO - DAG(s) dict_keys(['example_branch_dop_operator_v3']) retrieved from /home/airflow/.local/lib/python3.8/site-packages/airflow/example_dags/example_branch_python_dop_operator_3.py
[2023-09-07T16:20:29.800+0000] {logging_mixin.py:151} INFO - [2023-09-07T16:20:29.800+0000] {dag.py:2907} INFO - Sync 1 DAGs
[2023-09-07T16:20:29.817+0000] {logging_mixin.py:151} INFO - [2023-09-07T16:20:29.817+0000] {dag.py:3677} INFO - Setting next_dagrun for example_branch_dop_operator_v3 to 2023-09-07T16:19:00+00:00, run_after=2023-09-07T16:20:00+00:00
[2023-09-07T16:20:29.830+0000] {processor.py:179} INFO - Processing /home/airflow/.local/lib/python3.8/site-packages/airflow/example_dags/example_branch_python_dop_operator_3.py took 0.063 seconds
[2023-09-07T16:21:00.299+0000] {processor.py:157} INFO - Started process (PID=10763) to work on /home/airflow/.local/lib/python3.8/site-packages/airflow/example_dags/example_branch_python_dop_operator_3.py
[2023-09-07T16:21:00.303+0000] {processor.py:829} INFO - Processing file /home/airflow/.local/lib/python3.8/site-packages/airflow/example_dags/example_branch_python_dop_operator_3.py for tasks to queue
[2023-09-07T16:21:00.305+0000] {logging_mixin.py:151} INFO - [2023-09-07T16:21:00.304+0000] {dagbag.py:539} INFO - Filling up the DagBag from /home/airflow/.local/lib/python3.8/site-packages/airflow/example_dags/example_branch_python_dop_operator_3.py
[2023-09-07T16:21:00.314+0000] {processor.py:839} INFO - DAG(s) dict_keys(['example_branch_dop_operator_v3']) retrieved from /home/airflow/.local/lib/python3.8/site-packages/airflow/example_dags/example_branch_python_dop_operator_3.py
[2023-09-07T16:21:00.331+0000] {logging_mixin.py:151} INFO - [2023-09-07T16:21:00.331+0000] {dag.py:2907} INFO - Sync 1 DAGs
[2023-09-07T16:21:00.346+0000] {logging_mixin.py:151} INFO - [2023-09-07T16:21:00.346+0000] {dag.py:3677} INFO - Setting next_dagrun for example_branch_dop_operator_v3 to 2023-09-07T16:20:00+00:00, run_after=2023-09-07T16:21:00+00:00
[2023-09-07T16:21:00.358+0000] {processor.py:179} INFO - Processing /home/airflow/.local/lib/python3.8/site-packages/airflow/example_dags/example_branch_python_dop_operator_3.py took 0.063 seconds
[2023-09-07T16:21:30.650+0000] {processor.py:157} INFO - Started process (PID=11001) to work on /home/airflow/.local/lib/python3.8/site-packages/airflow/example_dags/example_branch_python_dop_operator_3.py
[2023-09-07T16:21:30.651+0000] {processor.py:829} INFO - Processing file /home/airflow/.local/lib/python3.8/site-packages/airflow/example_dags/example_branch_python_dop_operator_3.py for tasks to queue
[2023-09-07T16:21:30.652+0000] {logging_mixin.py:151} INFO - [2023-09-07T16:21:30.652+0000] {dagbag.py:539} INFO - Filling up the DagBag from /home/airflow/.local/lib/python3.8/site-packages/airflow/example_dags/example_branch_python_dop_operator_3.py
[2023-09-07T16:21:30.662+0000] {processor.py:839} INFO - DAG(s) dict_keys(['example_branch_dop_operator_v3']) retrieved from /home/airflow/.local/lib/python3.8/site-packages/airflow/example_dags/example_branch_python_dop_operator_3.py
[2023-09-07T16:21:30.680+0000] {logging_mixin.py:151} INFO - [2023-09-07T16:21:30.680+0000] {dag.py:2907} INFO - Sync 1 DAGs
[2023-09-07T16:21:30.696+0000] {logging_mixin.py:151} INFO - [2023-09-07T16:21:30.696+0000] {dag.py:3677} INFO - Setting next_dagrun for example_branch_dop_operator_v3 to 2023-09-07T16:20:00+00:00, run_after=2023-09-07T16:21:00+00:00
[2023-09-07T16:21:30.707+0000] {processor.py:179} INFO - Processing /home/airflow/.local/lib/python3.8/site-packages/airflow/example_dags/example_branch_python_dop_operator_3.py took 0.060 seconds
[2023-09-07T16:22:01.268+0000] {processor.py:157} INFO - Started process (PID=11239) to work on /home/airflow/.local/lib/python3.8/site-packages/airflow/example_dags/example_branch_python_dop_operator_3.py
[2023-09-07T16:22:01.272+0000] {processor.py:829} INFO - Processing file /home/airflow/.local/lib/python3.8/site-packages/airflow/example_dags/example_branch_python_dop_operator_3.py for tasks to queue
[2023-09-07T16:22:01.273+0000] {logging_mixin.py:151} INFO - [2023-09-07T16:22:01.273+0000] {dagbag.py:539} INFO - Filling up the DagBag from /home/airflow/.local/lib/python3.8/site-packages/airflow/example_dags/example_branch_python_dop_operator_3.py
[2023-09-07T16:22:01.286+0000] {processor.py:839} INFO - DAG(s) dict_keys(['example_branch_dop_operator_v3']) retrieved from /home/airflow/.local/lib/python3.8/site-packages/airflow/example_dags/example_branch_python_dop_operator_3.py
[2023-09-07T16:22:01.307+0000] {logging_mixin.py:151} INFO - [2023-09-07T16:22:01.307+0000] {dag.py:2907} INFO - Sync 1 DAGs
[2023-09-07T16:22:01.323+0000] {logging_mixin.py:151} INFO - [2023-09-07T16:22:01.323+0000] {dag.py:3677} INFO - Setting next_dagrun for example_branch_dop_operator_v3 to 2023-09-07T16:21:00+00:00, run_after=2023-09-07T16:22:00+00:00
[2023-09-07T16:22:01.333+0000] {processor.py:179} INFO - Processing /home/airflow/.local/lib/python3.8/site-packages/airflow/example_dags/example_branch_python_dop_operator_3.py took 0.068 seconds
[2023-09-07T16:22:31.842+0000] {processor.py:157} INFO - Started process (PID=11476) to work on /home/airflow/.local/lib/python3.8/site-packages/airflow/example_dags/example_branch_python_dop_operator_3.py
[2023-09-07T16:22:31.843+0000] {processor.py:829} INFO - Processing file /home/airflow/.local/lib/python3.8/site-packages/airflow/example_dags/example_branch_python_dop_operator_3.py for tasks to queue
[2023-09-07T16:22:31.844+0000] {logging_mixin.py:151} INFO - [2023-09-07T16:22:31.844+0000] {dagbag.py:539} INFO - Filling up the DagBag from /home/airflow/.local/lib/python3.8/site-packages/airflow/example_dags/example_branch_python_dop_operator_3.py
[2023-09-07T16:22:31.857+0000] {processor.py:839} INFO - DAG(s) dict_keys(['example_branch_dop_operator_v3']) retrieved from /home/airflow/.local/lib/python3.8/site-packages/airflow/example_dags/example_branch_python_dop_operator_3.py
[2023-09-07T16:22:31.876+0000] {logging_mixin.py:151} INFO - [2023-09-07T16:22:31.876+0000] {dag.py:2907} INFO - Sync 1 DAGs
[2023-09-07T16:22:31.891+0000] {logging_mixin.py:151} INFO - [2023-09-07T16:22:31.891+0000] {dag.py:3677} INFO - Setting next_dagrun for example_branch_dop_operator_v3 to 2023-09-07T16:21:00+00:00, run_after=2023-09-07T16:22:00+00:00
[2023-09-07T16:22:31.900+0000] {processor.py:179} INFO - Processing /home/airflow/.local/lib/python3.8/site-packages/airflow/example_dags/example_branch_python_dop_operator_3.py took 0.062 seconds
[2023-09-07T16:23:02.259+0000] {processor.py:157} INFO - Started process (PID=11714) to work on /home/airflow/.local/lib/python3.8/site-packages/airflow/example_dags/example_branch_python_dop_operator_3.py
[2023-09-07T16:23:02.260+0000] {processor.py:829} INFO - Processing file /home/airflow/.local/lib/python3.8/site-packages/airflow/example_dags/example_branch_python_dop_operator_3.py for tasks to queue
[2023-09-07T16:23:02.261+0000] {logging_mixin.py:151} INFO - [2023-09-07T16:23:02.261+0000] {dagbag.py:539} INFO - Filling up the DagBag from /home/airflow/.local/lib/python3.8/site-packages/airflow/example_dags/example_branch_python_dop_operator_3.py
[2023-09-07T16:23:02.270+0000] {processor.py:839} INFO - DAG(s) dict_keys(['example_branch_dop_operator_v3']) retrieved from /home/airflow/.local/lib/python3.8/site-packages/airflow/example_dags/example_branch_python_dop_operator_3.py
[2023-09-07T16:23:02.288+0000] {logging_mixin.py:151} INFO - [2023-09-07T16:23:02.287+0000] {dag.py:2907} INFO - Sync 1 DAGs
[2023-09-07T16:23:02.302+0000] {logging_mixin.py:151} INFO - [2023-09-07T16:23:02.302+0000] {dag.py:3677} INFO - Setting next_dagrun for example_branch_dop_operator_v3 to 2023-09-07T16:22:00+00:00, run_after=2023-09-07T16:23:00+00:00
[2023-09-07T16:23:02.311+0000] {processor.py:179} INFO - Processing /home/airflow/.local/lib/python3.8/site-packages/airflow/example_dags/example_branch_python_dop_operator_3.py took 0.055 seconds
[2023-09-07T16:23:32.914+0000] {processor.py:157} INFO - Started process (PID=11952) to work on /home/airflow/.local/lib/python3.8/site-packages/airflow/example_dags/example_branch_python_dop_operator_3.py
[2023-09-07T16:23:32.915+0000] {processor.py:829} INFO - Processing file /home/airflow/.local/lib/python3.8/site-packages/airflow/example_dags/example_branch_python_dop_operator_3.py for tasks to queue
[2023-09-07T16:23:32.916+0000] {logging_mixin.py:151} INFO - [2023-09-07T16:23:32.916+0000] {dagbag.py:539} INFO - Filling up the DagBag from /home/airflow/.local/lib/python3.8/site-packages/airflow/example_dags/example_branch_python_dop_operator_3.py
[2023-09-07T16:23:32.925+0000] {processor.py:839} INFO - DAG(s) dict_keys(['example_branch_dop_operator_v3']) retrieved from /home/airflow/.local/lib/python3.8/site-packages/airflow/example_dags/example_branch_python_dop_operator_3.py
[2023-09-07T16:23:32.942+0000] {logging_mixin.py:151} INFO - [2023-09-07T16:23:32.942+0000] {dag.py:2907} INFO - Sync 1 DAGs
[2023-09-07T16:23:32.959+0000] {logging_mixin.py:151} INFO - [2023-09-07T16:23:32.959+0000] {dag.py:3677} INFO - Setting next_dagrun for example_branch_dop_operator_v3 to 2023-09-07T16:22:00+00:00, run_after=2023-09-07T16:23:00+00:00
[2023-09-07T16:23:32.968+0000] {processor.py:179} INFO - Processing /home/airflow/.local/lib/python3.8/site-packages/airflow/example_dags/example_branch_python_dop_operator_3.py took 0.057 seconds
[2023-09-07T16:24:03.501+0000] {processor.py:157} INFO - Started process (PID=12190) to work on /home/airflow/.local/lib/python3.8/site-packages/airflow/example_dags/example_branch_python_dop_operator_3.py
[2023-09-07T16:24:03.502+0000] {processor.py:829} INFO - Processing file /home/airflow/.local/lib/python3.8/site-packages/airflow/example_dags/example_branch_python_dop_operator_3.py for tasks to queue
[2023-09-07T16:24:03.504+0000] {logging_mixin.py:151} INFO - [2023-09-07T16:24:03.503+0000] {dagbag.py:539} INFO - Filling up the DagBag from /home/airflow/.local/lib/python3.8/site-packages/airflow/example_dags/example_branch_python_dop_operator_3.py
[2023-09-07T16:24:03.513+0000] {processor.py:839} INFO - DAG(s) dict_keys(['example_branch_dop_operator_v3']) retrieved from /home/airflow/.local/lib/python3.8/site-packages/airflow/example_dags/example_branch_python_dop_operator_3.py
[2023-09-07T16:24:03.530+0000] {logging_mixin.py:151} INFO - [2023-09-07T16:24:03.530+0000] {dag.py:2907} INFO - Sync 1 DAGs
[2023-09-07T16:24:03.546+0000] {logging_mixin.py:151} INFO - [2023-09-07T16:24:03.546+0000] {dag.py:3677} INFO - Setting next_dagrun for example_branch_dop_operator_v3 to 2023-09-07T16:23:00+00:00, run_after=2023-09-07T16:24:00+00:00
[2023-09-07T16:24:03.557+0000] {processor.py:179} INFO - Processing /home/airflow/.local/lib/python3.8/site-packages/airflow/example_dags/example_branch_python_dop_operator_3.py took 0.059 seconds
[2023-09-07T16:24:33.938+0000] {processor.py:157} INFO - Started process (PID=12428) to work on /home/airflow/.local/lib/python3.8/site-packages/airflow/example_dags/example_branch_python_dop_operator_3.py
[2023-09-07T16:24:33.939+0000] {processor.py:829} INFO - Processing file /home/airflow/.local/lib/python3.8/site-packages/airflow/example_dags/example_branch_python_dop_operator_3.py for tasks to queue
[2023-09-07T16:24:33.940+0000] {logging_mixin.py:151} INFO - [2023-09-07T16:24:33.940+0000] {dagbag.py:539} INFO - Filling up the DagBag from /home/airflow/.local/lib/python3.8/site-packages/airflow/example_dags/example_branch_python_dop_operator_3.py
[2023-09-07T16:24:33.949+0000] {processor.py:839} INFO - DAG(s) dict_keys(['example_branch_dop_operator_v3']) retrieved from /home/airflow/.local/lib/python3.8/site-packages/airflow/example_dags/example_branch_python_dop_operator_3.py
[2023-09-07T16:24:33.967+0000] {logging_mixin.py:151} INFO - [2023-09-07T16:24:33.966+0000] {dag.py:2907} INFO - Sync 1 DAGs
[2023-09-07T16:24:33.991+0000] {logging_mixin.py:151} INFO - [2023-09-07T16:24:33.991+0000] {dag.py:3677} INFO - Setting next_dagrun for example_branch_dop_operator_v3 to 2023-09-07T16:23:00+00:00, run_after=2023-09-07T16:24:00+00:00
[2023-09-07T16:24:34.003+0000] {processor.py:179} INFO - Processing /home/airflow/.local/lib/python3.8/site-packages/airflow/example_dags/example_branch_python_dop_operator_3.py took 0.068 seconds
[2023-09-07T16:25:04.296+0000] {processor.py:157} INFO - Started process (PID=12667) to work on /home/airflow/.local/lib/python3.8/site-packages/airflow/example_dags/example_branch_python_dop_operator_3.py
[2023-09-07T16:25:04.297+0000] {processor.py:829} INFO - Processing file /home/airflow/.local/lib/python3.8/site-packages/airflow/example_dags/example_branch_python_dop_operator_3.py for tasks to queue
[2023-09-07T16:25:04.298+0000] {logging_mixin.py:151} INFO - [2023-09-07T16:25:04.298+0000] {dagbag.py:539} INFO - Filling up the DagBag from /home/airflow/.local/lib/python3.8/site-packages/airflow/example_dags/example_branch_python_dop_operator_3.py
[2023-09-07T16:25:04.307+0000] {processor.py:839} INFO - DAG(s) dict_keys(['example_branch_dop_operator_v3']) retrieved from /home/airflow/.local/lib/python3.8/site-packages/airflow/example_dags/example_branch_python_dop_operator_3.py
[2023-09-07T16:25:04.324+0000] {logging_mixin.py:151} INFO - [2023-09-07T16:25:04.324+0000] {dag.py:2907} INFO - Sync 1 DAGs
[2023-09-07T16:25:04.339+0000] {logging_mixin.py:151} INFO - [2023-09-07T16:25:04.339+0000] {dag.py:3677} INFO - Setting next_dagrun for example_branch_dop_operator_v3 to 2023-09-07T16:24:00+00:00, run_after=2023-09-07T16:25:00+00:00
[2023-09-07T16:25:04.349+0000] {processor.py:179} INFO - Processing /home/airflow/.local/lib/python3.8/site-packages/airflow/example_dags/example_branch_python_dop_operator_3.py took 0.056 seconds
[2023-09-07T16:25:34.851+0000] {processor.py:157} INFO - Started process (PID=12904) to work on /home/airflow/.local/lib/python3.8/site-packages/airflow/example_dags/example_branch_python_dop_operator_3.py
[2023-09-07T16:25:34.852+0000] {processor.py:829} INFO - Processing file /home/airflow/.local/lib/python3.8/site-packages/airflow/example_dags/example_branch_python_dop_operator_3.py for tasks to queue
[2023-09-07T16:25:34.853+0000] {logging_mixin.py:151} INFO - [2023-09-07T16:25:34.853+0000] {dagbag.py:539} INFO - Filling up the DagBag from /home/airflow/.local/lib/python3.8/site-packages/airflow/example_dags/example_branch_python_dop_operator_3.py
[2023-09-07T16:25:34.863+0000] {processor.py:839} INFO - DAG(s) dict_keys(['example_branch_dop_operator_v3']) retrieved from /home/airflow/.local/lib/python3.8/site-packages/airflow/example_dags/example_branch_python_dop_operator_3.py
[2023-09-07T16:25:34.883+0000] {logging_mixin.py:151} INFO - [2023-09-07T16:25:34.883+0000] {dag.py:2907} INFO - Sync 1 DAGs
[2023-09-07T16:25:34.899+0000] {logging_mixin.py:151} INFO - [2023-09-07T16:25:34.899+0000] {dag.py:3677} INFO - Setting next_dagrun for example_branch_dop_operator_v3 to 2023-09-07T16:24:00+00:00, run_after=2023-09-07T16:25:00+00:00
[2023-09-07T16:25:34.909+0000] {processor.py:179} INFO - Processing /home/airflow/.local/lib/python3.8/site-packages/airflow/example_dags/example_branch_python_dop_operator_3.py took 0.061 seconds
[2023-09-07T16:26:05.425+0000] {processor.py:157} INFO - Started process (PID=13142) to work on /home/airflow/.local/lib/python3.8/site-packages/airflow/example_dags/example_branch_python_dop_operator_3.py
[2023-09-07T16:26:05.427+0000] {processor.py:829} INFO - Processing file /home/airflow/.local/lib/python3.8/site-packages/airflow/example_dags/example_branch_python_dop_operator_3.py for tasks to queue
[2023-09-07T16:26:05.429+0000] {logging_mixin.py:151} INFO - [2023-09-07T16:26:05.428+0000] {dagbag.py:539} INFO - Filling up the DagBag from /home/airflow/.local/lib/python3.8/site-packages/airflow/example_dags/example_branch_python_dop_operator_3.py
[2023-09-07T16:26:05.440+0000] {processor.py:839} INFO - DAG(s) dict_keys(['example_branch_dop_operator_v3']) retrieved from /home/airflow/.local/lib/python3.8/site-packages/airflow/example_dags/example_branch_python_dop_operator_3.py
[2023-09-07T16:26:05.458+0000] {logging_mixin.py:151} INFO - [2023-09-07T16:26:05.458+0000] {dag.py:2907} INFO - Sync 1 DAGs
[2023-09-07T16:26:05.473+0000] {logging_mixin.py:151} INFO - [2023-09-07T16:26:05.473+0000] {dag.py:3677} INFO - Setting next_dagrun for example_branch_dop_operator_v3 to 2023-09-07T16:25:00+00:00, run_after=2023-09-07T16:26:00+00:00
[2023-09-07T16:26:05.482+0000] {processor.py:179} INFO - Processing /home/airflow/.local/lib/python3.8/site-packages/airflow/example_dags/example_branch_python_dop_operator_3.py took 0.062 seconds
[2023-09-07T16:26:36.189+0000] {processor.py:157} INFO - Started process (PID=13381) to work on /home/airflow/.local/lib/python3.8/site-packages/airflow/example_dags/example_branch_python_dop_operator_3.py
[2023-09-07T16:26:36.190+0000] {processor.py:829} INFO - Processing file /home/airflow/.local/lib/python3.8/site-packages/airflow/example_dags/example_branch_python_dop_operator_3.py for tasks to queue
[2023-09-07T16:26:36.191+0000] {logging_mixin.py:151} INFO - [2023-09-07T16:26:36.191+0000] {dagbag.py:539} INFO - Filling up the DagBag from /home/airflow/.local/lib/python3.8/site-packages/airflow/example_dags/example_branch_python_dop_operator_3.py
[2023-09-07T16:26:36.197+0000] {processor.py:839} INFO - DAG(s) dict_keys(['example_branch_dop_operator_v3']) retrieved from /home/airflow/.local/lib/python3.8/site-packages/airflow/example_dags/example_branch_python_dop_operator_3.py
[2023-09-07T16:26:36.214+0000] {logging_mixin.py:151} INFO - [2023-09-07T16:26:36.214+0000] {dag.py:2907} INFO - Sync 1 DAGs
[2023-09-07T16:26:36.228+0000] {logging_mixin.py:151} INFO - [2023-09-07T16:26:36.228+0000] {dag.py:3677} INFO - Setting next_dagrun for example_branch_dop_operator_v3 to 2023-09-07T16:25:00+00:00, run_after=2023-09-07T16:26:00+00:00
[2023-09-07T16:26:36.238+0000] {processor.py:179} INFO - Processing /home/airflow/.local/lib/python3.8/site-packages/airflow/example_dags/example_branch_python_dop_operator_3.py took 0.052 seconds
[2023-09-07T16:27:06.495+0000] {processor.py:157} INFO - Started process (PID=13619) to work on /home/airflow/.local/lib/python3.8/site-packages/airflow/example_dags/example_branch_python_dop_operator_3.py
[2023-09-07T16:27:06.496+0000] {processor.py:829} INFO - Processing file /home/airflow/.local/lib/python3.8/site-packages/airflow/example_dags/example_branch_python_dop_operator_3.py for tasks to queue
[2023-09-07T16:27:06.497+0000] {logging_mixin.py:151} INFO - [2023-09-07T16:27:06.497+0000] {dagbag.py:539} INFO - Filling up the DagBag from /home/airflow/.local/lib/python3.8/site-packages/airflow/example_dags/example_branch_python_dop_operator_3.py
[2023-09-07T16:27:06.505+0000] {processor.py:839} INFO - DAG(s) dict_keys(['example_branch_dop_operator_v3']) retrieved from /home/airflow/.local/lib/python3.8/site-packages/airflow/example_dags/example_branch_python_dop_operator_3.py
[2023-09-07T16:27:06.522+0000] {logging_mixin.py:151} INFO - [2023-09-07T16:27:06.522+0000] {dag.py:2907} INFO - Sync 1 DAGs
[2023-09-07T16:27:06.538+0000] {logging_mixin.py:151} INFO - [2023-09-07T16:27:06.538+0000] {dag.py:3677} INFO - Setting next_dagrun for example_branch_dop_operator_v3 to 2023-09-07T16:26:00+00:00, run_after=2023-09-07T16:27:00+00:00
[2023-09-07T16:27:06.548+0000] {processor.py:179} INFO - Processing /home/airflow/.local/lib/python3.8/site-packages/airflow/example_dags/example_branch_python_dop_operator_3.py took 0.056 seconds
[2023-09-07T16:27:36.916+0000] {processor.py:157} INFO - Started process (PID=13858) to work on /home/airflow/.local/lib/python3.8/site-packages/airflow/example_dags/example_branch_python_dop_operator_3.py
[2023-09-07T16:27:36.917+0000] {processor.py:829} INFO - Processing file /home/airflow/.local/lib/python3.8/site-packages/airflow/example_dags/example_branch_python_dop_operator_3.py for tasks to queue
[2023-09-07T16:27:36.918+0000] {logging_mixin.py:151} INFO - [2023-09-07T16:27:36.918+0000] {dagbag.py:539} INFO - Filling up the DagBag from /home/airflow/.local/lib/python3.8/site-packages/airflow/example_dags/example_branch_python_dop_operator_3.py
[2023-09-07T16:27:36.925+0000] {processor.py:839} INFO - DAG(s) dict_keys(['example_branch_dop_operator_v3']) retrieved from /home/airflow/.local/lib/python3.8/site-packages/airflow/example_dags/example_branch_python_dop_operator_3.py
[2023-09-07T16:27:36.942+0000] {logging_mixin.py:151} INFO - [2023-09-07T16:27:36.942+0000] {dag.py:2907} INFO - Sync 1 DAGs
[2023-09-07T16:27:36.957+0000] {logging_mixin.py:151} INFO - [2023-09-07T16:27:36.957+0000] {dag.py:3677} INFO - Setting next_dagrun for example_branch_dop_operator_v3 to 2023-09-07T16:26:00+00:00, run_after=2023-09-07T16:27:00+00:00
[2023-09-07T16:27:36.966+0000] {processor.py:179} INFO - Processing /home/airflow/.local/lib/python3.8/site-packages/airflow/example_dags/example_branch_python_dop_operator_3.py took 0.053 seconds
[2023-09-07T16:28:07.330+0000] {processor.py:157} INFO - Started process (PID=14096) to work on /home/airflow/.local/lib/python3.8/site-packages/airflow/example_dags/example_branch_python_dop_operator_3.py
[2023-09-07T16:28:07.332+0000] {processor.py:829} INFO - Processing file /home/airflow/.local/lib/python3.8/site-packages/airflow/example_dags/example_branch_python_dop_operator_3.py for tasks to queue
[2023-09-07T16:28:07.333+0000] {logging_mixin.py:151} INFO - [2023-09-07T16:28:07.333+0000] {dagbag.py:539} INFO - Filling up the DagBag from /home/airflow/.local/lib/python3.8/site-packages/airflow/example_dags/example_branch_python_dop_operator_3.py
[2023-09-07T16:28:07.340+0000] {processor.py:839} INFO - DAG(s) dict_keys(['example_branch_dop_operator_v3']) retrieved from /home/airflow/.local/lib/python3.8/site-packages/airflow/example_dags/example_branch_python_dop_operator_3.py
[2023-09-07T16:28:07.360+0000] {logging_mixin.py:151} INFO - [2023-09-07T16:28:07.360+0000] {dag.py:2907} INFO - Sync 1 DAGs
[2023-09-07T16:28:07.378+0000] {logging_mixin.py:151} INFO - [2023-09-07T16:28:07.378+0000] {dag.py:3677} INFO - Setting next_dagrun for example_branch_dop_operator_v3 to 2023-09-07T16:27:00+00:00, run_after=2023-09-07T16:28:00+00:00
[2023-09-07T16:28:07.389+0000] {processor.py:179} INFO - Processing /home/airflow/.local/lib/python3.8/site-packages/airflow/example_dags/example_branch_python_dop_operator_3.py took 0.061 seconds
[2023-09-07T16:28:38.130+0000] {processor.py:157} INFO - Started process (PID=14334) to work on /home/airflow/.local/lib/python3.8/site-packages/airflow/example_dags/example_branch_python_dop_operator_3.py
[2023-09-07T16:28:38.132+0000] {processor.py:829} INFO - Processing file /home/airflow/.local/lib/python3.8/site-packages/airflow/example_dags/example_branch_python_dop_operator_3.py for tasks to queue
[2023-09-07T16:28:38.133+0000] {logging_mixin.py:151} INFO - [2023-09-07T16:28:38.133+0000] {dagbag.py:539} INFO - Filling up the DagBag from /home/airflow/.local/lib/python3.8/site-packages/airflow/example_dags/example_branch_python_dop_operator_3.py
[2023-09-07T16:28:38.144+0000] {processor.py:839} INFO - DAG(s) dict_keys(['example_branch_dop_operator_v3']) retrieved from /home/airflow/.local/lib/python3.8/site-packages/airflow/example_dags/example_branch_python_dop_operator_3.py
[2023-09-07T16:28:38.163+0000] {logging_mixin.py:151} INFO - [2023-09-07T16:28:38.162+0000] {dag.py:2907} INFO - Sync 1 DAGs
[2023-09-07T16:28:38.179+0000] {logging_mixin.py:151} INFO - [2023-09-07T16:28:38.179+0000] {dag.py:3677} INFO - Setting next_dagrun for example_branch_dop_operator_v3 to 2023-09-07T16:27:00+00:00, run_after=2023-09-07T16:28:00+00:00
[2023-09-07T16:28:38.192+0000] {processor.py:179} INFO - Processing /home/airflow/.local/lib/python3.8/site-packages/airflow/example_dags/example_branch_python_dop_operator_3.py took 0.065 seconds
[2023-09-07T16:29:08.807+0000] {processor.py:157} INFO - Started process (PID=14571) to work on /home/airflow/.local/lib/python3.8/site-packages/airflow/example_dags/example_branch_python_dop_operator_3.py
[2023-09-07T16:29:08.811+0000] {processor.py:829} INFO - Processing file /home/airflow/.local/lib/python3.8/site-packages/airflow/example_dags/example_branch_python_dop_operator_3.py for tasks to queue
[2023-09-07T16:29:08.813+0000] {logging_mixin.py:151} INFO - [2023-09-07T16:29:08.812+0000] {dagbag.py:539} INFO - Filling up the DagBag from /home/airflow/.local/lib/python3.8/site-packages/airflow/example_dags/example_branch_python_dop_operator_3.py
[2023-09-07T16:29:08.825+0000] {processor.py:839} INFO - DAG(s) dict_keys(['example_branch_dop_operator_v3']) retrieved from /home/airflow/.local/lib/python3.8/site-packages/airflow/example_dags/example_branch_python_dop_operator_3.py
[2023-09-07T16:29:08.850+0000] {logging_mixin.py:151} INFO - [2023-09-07T16:29:08.850+0000] {dag.py:2907} INFO - Sync 1 DAGs
[2023-09-07T16:29:08.871+0000] {logging_mixin.py:151} INFO - [2023-09-07T16:29:08.871+0000] {dag.py:3677} INFO - Setting next_dagrun for example_branch_dop_operator_v3 to 2023-09-07T16:28:00+00:00, run_after=2023-09-07T16:29:00+00:00
[2023-09-07T16:29:08.883+0000] {processor.py:179} INFO - Processing /home/airflow/.local/lib/python3.8/site-packages/airflow/example_dags/example_branch_python_dop_operator_3.py took 0.081 seconds
[2023-09-07T16:30:59.053+0000] {processor.py:157} INFO - Started process (PID=14805) to work on /home/airflow/.local/lib/python3.8/site-packages/airflow/example_dags/example_branch_python_dop_operator_3.py
[2023-09-07T16:30:59.055+0000] {processor.py:829} INFO - Processing file /home/airflow/.local/lib/python3.8/site-packages/airflow/example_dags/example_branch_python_dop_operator_3.py for tasks to queue
[2023-09-07T16:30:59.056+0000] {logging_mixin.py:151} INFO - [2023-09-07T16:30:59.056+0000] {dagbag.py:539} INFO - Filling up the DagBag from /home/airflow/.local/lib/python3.8/site-packages/airflow/example_dags/example_branch_python_dop_operator_3.py
[2023-09-07T16:30:59.066+0000] {processor.py:839} INFO - DAG(s) dict_keys(['example_branch_dop_operator_v3']) retrieved from /home/airflow/.local/lib/python3.8/site-packages/airflow/example_dags/example_branch_python_dop_operator_3.py
[2023-09-07T16:30:59.087+0000] {logging_mixin.py:151} INFO - [2023-09-07T16:30:59.087+0000] {dag.py:2907} INFO - Sync 1 DAGs
[2023-09-07T16:30:59.106+0000] {logging_mixin.py:151} INFO - [2023-09-07T16:30:59.106+0000] {dag.py:3677} INFO - Setting next_dagrun for example_branch_dop_operator_v3 to 2023-09-07T16:29:00+00:00, run_after=2023-09-07T16:30:00+00:00
[2023-09-07T16:30:59.126+0000] {processor.py:179} INFO - Processing /home/airflow/.local/lib/python3.8/site-packages/airflow/example_dags/example_branch_python_dop_operator_3.py took 0.078 seconds
[2023-09-07T16:31:29.715+0000] {processor.py:157} INFO - Started process (PID=15043) to work on /home/airflow/.local/lib/python3.8/site-packages/airflow/example_dags/example_branch_python_dop_operator_3.py
[2023-09-07T16:31:29.717+0000] {processor.py:829} INFO - Processing file /home/airflow/.local/lib/python3.8/site-packages/airflow/example_dags/example_branch_python_dop_operator_3.py for tasks to queue
[2023-09-07T16:31:29.718+0000] {logging_mixin.py:151} INFO - [2023-09-07T16:31:29.718+0000] {dagbag.py:539} INFO - Filling up the DagBag from /home/airflow/.local/lib/python3.8/site-packages/airflow/example_dags/example_branch_python_dop_operator_3.py
[2023-09-07T16:31:29.730+0000] {processor.py:839} INFO - DAG(s) dict_keys(['example_branch_dop_operator_v3']) retrieved from /home/airflow/.local/lib/python3.8/site-packages/airflow/example_dags/example_branch_python_dop_operator_3.py
[2023-09-07T16:31:29.756+0000] {logging_mixin.py:151} INFO - [2023-09-07T16:31:29.756+0000] {dag.py:2907} INFO - Sync 1 DAGs
[2023-09-07T16:31:29.776+0000] {logging_mixin.py:151} INFO - [2023-09-07T16:31:29.776+0000] {dag.py:3677} INFO - Setting next_dagrun for example_branch_dop_operator_v3 to 2023-09-07T16:30:00+00:00, run_after=2023-09-07T16:31:00+00:00
[2023-09-07T16:31:29.786+0000] {processor.py:179} INFO - Processing /home/airflow/.local/lib/python3.8/site-packages/airflow/example_dags/example_branch_python_dop_operator_3.py took 0.074 seconds
[2023-09-07T16:32:00.572+0000] {processor.py:157} INFO - Started process (PID=15281) to work on /home/airflow/.local/lib/python3.8/site-packages/airflow/example_dags/example_branch_python_dop_operator_3.py
[2023-09-07T16:32:00.574+0000] {processor.py:829} INFO - Processing file /home/airflow/.local/lib/python3.8/site-packages/airflow/example_dags/example_branch_python_dop_operator_3.py for tasks to queue
[2023-09-07T16:32:00.576+0000] {logging_mixin.py:151} INFO - [2023-09-07T16:32:00.576+0000] {dagbag.py:539} INFO - Filling up the DagBag from /home/airflow/.local/lib/python3.8/site-packages/airflow/example_dags/example_branch_python_dop_operator_3.py
[2023-09-07T16:32:00.583+0000] {processor.py:839} INFO - DAG(s) dict_keys(['example_branch_dop_operator_v3']) retrieved from /home/airflow/.local/lib/python3.8/site-packages/airflow/example_dags/example_branch_python_dop_operator_3.py
[2023-09-07T16:32:00.602+0000] {logging_mixin.py:151} INFO - [2023-09-07T16:32:00.602+0000] {dag.py:2907} INFO - Sync 1 DAGs
[2023-09-07T16:32:00.624+0000] {logging_mixin.py:151} INFO - [2023-09-07T16:32:00.624+0000] {dag.py:3677} INFO - Setting next_dagrun for example_branch_dop_operator_v3 to 2023-09-07T16:31:00+00:00, run_after=2023-09-07T16:32:00+00:00
[2023-09-07T16:32:00.642+0000] {processor.py:179} INFO - Processing /home/airflow/.local/lib/python3.8/site-packages/airflow/example_dags/example_branch_python_dop_operator_3.py took 0.072 seconds
[2023-09-07T16:32:33.591+0000] {processor.py:157} INFO - Started process (PID=15519) to work on /home/airflow/.local/lib/python3.8/site-packages/airflow/example_dags/example_branch_python_dop_operator_3.py
[2023-09-07T16:32:33.593+0000] {processor.py:829} INFO - Processing file /home/airflow/.local/lib/python3.8/site-packages/airflow/example_dags/example_branch_python_dop_operator_3.py for tasks to queue
[2023-09-07T16:32:33.594+0000] {logging_mixin.py:151} INFO - [2023-09-07T16:32:33.593+0000] {dagbag.py:539} INFO - Filling up the DagBag from /home/airflow/.local/lib/python3.8/site-packages/airflow/example_dags/example_branch_python_dop_operator_3.py
[2023-09-07T16:32:33.605+0000] {processor.py:839} INFO - DAG(s) dict_keys(['example_branch_dop_operator_v3']) retrieved from /home/airflow/.local/lib/python3.8/site-packages/airflow/example_dags/example_branch_python_dop_operator_3.py
[2023-09-07T16:32:33.626+0000] {logging_mixin.py:151} INFO - [2023-09-07T16:32:33.626+0000] {dag.py:2907} INFO - Sync 1 DAGs
[2023-09-07T16:32:33.655+0000] {logging_mixin.py:151} INFO - [2023-09-07T16:32:33.655+0000] {dag.py:3677} INFO - Setting next_dagrun for example_branch_dop_operator_v3 to 2023-09-07T16:31:00+00:00, run_after=2023-09-07T16:32:00+00:00
[2023-09-07T16:32:33.673+0000] {processor.py:179} INFO - Processing /home/airflow/.local/lib/python3.8/site-packages/airflow/example_dags/example_branch_python_dop_operator_3.py took 0.086 seconds
