[2023-09-07T15:58:24.361+0000] {processor.py:157} INFO - Started process (PID=202) to work on /home/airflow/.local/lib/python3.8/site-packages/airflow/example_dags/example_setup_teardown.py
[2023-09-07T15:58:24.364+0000] {processor.py:829} INFO - Processing file /home/airflow/.local/lib/python3.8/site-packages/airflow/example_dags/example_setup_teardown.py for tasks to queue
[2023-09-07T15:58:24.365+0000] {logging_mixin.py:151} INFO - [2023-09-07T15:58:24.365+0000] {dagbag.py:539} INFO - Filling up the DagBag from /home/airflow/.local/lib/python3.8/site-packages/airflow/example_dags/example_setup_teardown.py
[2023-09-07T15:58:24.375+0000] {processor.py:839} INFO - DAG(s) dict_keys(['example_setup_teardown']) retrieved from /home/airflow/.local/lib/python3.8/site-packages/airflow/example_dags/example_setup_teardown.py
[2023-09-07T15:58:24.395+0000] {logging_mixin.py:151} INFO - [2023-09-07T15:58:24.395+0000] {dag.py:2907} INFO - Sync 1 DAGs
[2023-09-07T15:58:24.416+0000] {logging_mixin.py:151} INFO - [2023-09-07T15:58:24.416+0000] {dag.py:3677} INFO - Setting next_dagrun for example_setup_teardown to 2023-09-06T15:58:24.415257+00:00, run_after=2023-09-07T15:58:24.415257+00:00
[2023-09-07T15:58:24.444+0000] {processor.py:179} INFO - Processing /home/airflow/.local/lib/python3.8/site-packages/airflow/example_dags/example_setup_teardown.py took 0.088 seconds
[2023-09-07T15:58:55.418+0000] {processor.py:157} INFO - Started process (PID=440) to work on /home/airflow/.local/lib/python3.8/site-packages/airflow/example_dags/example_setup_teardown.py
[2023-09-07T15:58:55.420+0000] {processor.py:829} INFO - Processing file /home/airflow/.local/lib/python3.8/site-packages/airflow/example_dags/example_setup_teardown.py for tasks to queue
[2023-09-07T15:58:55.422+0000] {logging_mixin.py:151} INFO - [2023-09-07T15:58:55.421+0000] {dagbag.py:539} INFO - Filling up the DagBag from /home/airflow/.local/lib/python3.8/site-packages/airflow/example_dags/example_setup_teardown.py
[2023-09-07T15:58:55.430+0000] {processor.py:839} INFO - DAG(s) dict_keys(['example_setup_teardown']) retrieved from /home/airflow/.local/lib/python3.8/site-packages/airflow/example_dags/example_setup_teardown.py
[2023-09-07T15:58:55.449+0000] {logging_mixin.py:151} INFO - [2023-09-07T15:58:55.449+0000] {dag.py:2907} INFO - Sync 1 DAGs
[2023-09-07T15:58:55.466+0000] {logging_mixin.py:151} INFO - [2023-09-07T15:58:55.465+0000] {dag.py:3677} INFO - Setting next_dagrun for example_setup_teardown to 2023-09-06T15:58:55.465786+00:00, run_after=2023-09-07T15:58:55.465786+00:00
[2023-09-07T15:58:55.476+0000] {processor.py:179} INFO - Processing /home/airflow/.local/lib/python3.8/site-packages/airflow/example_dags/example_setup_teardown.py took 0.063 seconds
[2023-09-07T15:59:26.517+0000] {processor.py:157} INFO - Started process (PID=680) to work on /home/airflow/.local/lib/python3.8/site-packages/airflow/example_dags/example_setup_teardown.py
[2023-09-07T15:59:26.519+0000] {processor.py:829} INFO - Processing file /home/airflow/.local/lib/python3.8/site-packages/airflow/example_dags/example_setup_teardown.py for tasks to queue
[2023-09-07T15:59:26.521+0000] {logging_mixin.py:151} INFO - [2023-09-07T15:59:26.520+0000] {dagbag.py:539} INFO - Filling up the DagBag from /home/airflow/.local/lib/python3.8/site-packages/airflow/example_dags/example_setup_teardown.py
[2023-09-07T15:59:26.531+0000] {processor.py:839} INFO - DAG(s) dict_keys(['example_setup_teardown']) retrieved from /home/airflow/.local/lib/python3.8/site-packages/airflow/example_dags/example_setup_teardown.py
[2023-09-07T15:59:26.969+0000] {logging_mixin.py:151} INFO - [2023-09-07T15:59:26.968+0000] {dag.py:2907} INFO - Sync 1 DAGs
[2023-09-07T15:59:27.000+0000] {logging_mixin.py:151} INFO - [2023-09-07T15:59:27.000+0000] {dag.py:3677} INFO - Setting next_dagrun for example_setup_teardown to 2023-09-06T15:59:26.999743+00:00, run_after=2023-09-07T15:59:26.999743+00:00
[2023-09-07T15:59:27.014+0000] {processor.py:179} INFO - Processing /home/airflow/.local/lib/python3.8/site-packages/airflow/example_dags/example_setup_teardown.py took 0.502 seconds
[2023-09-07T15:59:58.331+0000] {processor.py:157} INFO - Started process (PID=916) to work on /home/airflow/.local/lib/python3.8/site-packages/airflow/example_dags/example_setup_teardown.py
[2023-09-07T15:59:58.333+0000] {processor.py:829} INFO - Processing file /home/airflow/.local/lib/python3.8/site-packages/airflow/example_dags/example_setup_teardown.py for tasks to queue
[2023-09-07T15:59:58.335+0000] {logging_mixin.py:151} INFO - [2023-09-07T15:59:58.334+0000] {dagbag.py:539} INFO - Filling up the DagBag from /home/airflow/.local/lib/python3.8/site-packages/airflow/example_dags/example_setup_teardown.py
[2023-09-07T15:59:58.344+0000] {processor.py:839} INFO - DAG(s) dict_keys(['example_setup_teardown']) retrieved from /home/airflow/.local/lib/python3.8/site-packages/airflow/example_dags/example_setup_teardown.py
[2023-09-07T15:59:58.402+0000] {logging_mixin.py:151} INFO - [2023-09-07T15:59:58.402+0000] {dag.py:2907} INFO - Sync 1 DAGs
[2023-09-07T15:59:58.440+0000] {logging_mixin.py:151} INFO - [2023-09-07T15:59:58.440+0000] {dag.py:3677} INFO - Setting next_dagrun for example_setup_teardown to 2023-09-06T15:59:58.438994+00:00, run_after=2023-09-07T15:59:58.438994+00:00
[2023-09-07T15:59:58.501+0000] {processor.py:179} INFO - Processing /home/airflow/.local/lib/python3.8/site-packages/airflow/example_dags/example_setup_teardown.py took 0.174 seconds
[2023-09-07T16:00:29.273+0000] {processor.py:157} INFO - Started process (PID=1153) to work on /home/airflow/.local/lib/python3.8/site-packages/airflow/example_dags/example_setup_teardown.py
[2023-09-07T16:00:29.274+0000] {processor.py:829} INFO - Processing file /home/airflow/.local/lib/python3.8/site-packages/airflow/example_dags/example_setup_teardown.py for tasks to queue
[2023-09-07T16:00:29.276+0000] {logging_mixin.py:151} INFO - [2023-09-07T16:00:29.275+0000] {dagbag.py:539} INFO - Filling up the DagBag from /home/airflow/.local/lib/python3.8/site-packages/airflow/example_dags/example_setup_teardown.py
[2023-09-07T16:00:29.285+0000] {processor.py:839} INFO - DAG(s) dict_keys(['example_setup_teardown']) retrieved from /home/airflow/.local/lib/python3.8/site-packages/airflow/example_dags/example_setup_teardown.py
[2023-09-07T16:00:29.309+0000] {logging_mixin.py:151} INFO - [2023-09-07T16:00:29.309+0000] {dag.py:2907} INFO - Sync 1 DAGs
[2023-09-07T16:00:29.329+0000] {logging_mixin.py:151} INFO - [2023-09-07T16:00:29.329+0000] {dag.py:3677} INFO - Setting next_dagrun for example_setup_teardown to 2023-09-06T16:00:29.329156+00:00, run_after=2023-09-07T16:00:29.329156+00:00
[2023-09-07T16:00:29.340+0000] {processor.py:179} INFO - Processing /home/airflow/.local/lib/python3.8/site-packages/airflow/example_dags/example_setup_teardown.py took 0.071 seconds
[2023-09-07T16:01:00.187+0000] {processor.py:157} INFO - Started process (PID=1415) to work on /home/airflow/.local/lib/python3.8/site-packages/airflow/example_dags/example_setup_teardown.py
[2023-09-07T16:01:00.189+0000] {processor.py:829} INFO - Processing file /home/airflow/.local/lib/python3.8/site-packages/airflow/example_dags/example_setup_teardown.py for tasks to queue
[2023-09-07T16:01:00.190+0000] {logging_mixin.py:151} INFO - [2023-09-07T16:01:00.190+0000] {dagbag.py:539} INFO - Filling up the DagBag from /home/airflow/.local/lib/python3.8/site-packages/airflow/example_dags/example_setup_teardown.py
[2023-09-07T16:01:00.199+0000] {processor.py:839} INFO - DAG(s) dict_keys(['example_setup_teardown']) retrieved from /home/airflow/.local/lib/python3.8/site-packages/airflow/example_dags/example_setup_teardown.py
[2023-09-07T16:01:00.229+0000] {logging_mixin.py:151} INFO - [2023-09-07T16:01:00.229+0000] {dag.py:2907} INFO - Sync 1 DAGs
[2023-09-07T16:01:00.245+0000] {logging_mixin.py:151} INFO - [2023-09-07T16:01:00.245+0000] {dag.py:3677} INFO - Setting next_dagrun for example_setup_teardown to 2023-09-06T16:01:00.244721+00:00, run_after=2023-09-07T16:01:00.244721+00:00
[2023-09-07T16:01:00.257+0000] {processor.py:179} INFO - Processing /home/airflow/.local/lib/python3.8/site-packages/airflow/example_dags/example_setup_teardown.py took 0.073 seconds
[2023-09-07T16:01:30.789+0000] {processor.py:157} INFO - Started process (PID=1653) to work on /home/airflow/.local/lib/python3.8/site-packages/airflow/example_dags/example_setup_teardown.py
[2023-09-07T16:01:30.792+0000] {processor.py:829} INFO - Processing file /home/airflow/.local/lib/python3.8/site-packages/airflow/example_dags/example_setup_teardown.py for tasks to queue
[2023-09-07T16:01:30.794+0000] {logging_mixin.py:151} INFO - [2023-09-07T16:01:30.793+0000] {dagbag.py:539} INFO - Filling up the DagBag from /home/airflow/.local/lib/python3.8/site-packages/airflow/example_dags/example_setup_teardown.py
[2023-09-07T16:01:30.803+0000] {processor.py:839} INFO - DAG(s) dict_keys(['example_setup_teardown']) retrieved from /home/airflow/.local/lib/python3.8/site-packages/airflow/example_dags/example_setup_teardown.py
[2023-09-07T16:01:30.825+0000] {logging_mixin.py:151} INFO - [2023-09-07T16:01:30.825+0000] {dag.py:2907} INFO - Sync 1 DAGs
[2023-09-07T16:01:30.842+0000] {logging_mixin.py:151} INFO - [2023-09-07T16:01:30.842+0000] {dag.py:3677} INFO - Setting next_dagrun for example_setup_teardown to 2023-09-06T16:01:30.841829+00:00, run_after=2023-09-07T16:01:30.841829+00:00
[2023-09-07T16:01:30.857+0000] {processor.py:179} INFO - Processing /home/airflow/.local/lib/python3.8/site-packages/airflow/example_dags/example_setup_teardown.py took 0.078 seconds
[2023-09-07T16:02:01.586+0000] {processor.py:157} INFO - Started process (PID=1891) to work on /home/airflow/.local/lib/python3.8/site-packages/airflow/example_dags/example_setup_teardown.py
[2023-09-07T16:02:01.589+0000] {processor.py:829} INFO - Processing file /home/airflow/.local/lib/python3.8/site-packages/airflow/example_dags/example_setup_teardown.py for tasks to queue
[2023-09-07T16:02:01.590+0000] {logging_mixin.py:151} INFO - [2023-09-07T16:02:01.590+0000] {dagbag.py:539} INFO - Filling up the DagBag from /home/airflow/.local/lib/python3.8/site-packages/airflow/example_dags/example_setup_teardown.py
[2023-09-07T16:02:01.599+0000] {processor.py:839} INFO - DAG(s) dict_keys(['example_setup_teardown']) retrieved from /home/airflow/.local/lib/python3.8/site-packages/airflow/example_dags/example_setup_teardown.py
[2023-09-07T16:02:01.640+0000] {logging_mixin.py:151} INFO - [2023-09-07T16:02:01.639+0000] {dag.py:2907} INFO - Sync 1 DAGs
[2023-09-07T16:02:01.809+0000] {logging_mixin.py:151} INFO - [2023-09-07T16:02:01.761+0000] {dag.py:3677} INFO - Setting next_dagrun for example_setup_teardown to 2023-09-06T16:02:01.748955+00:00, run_after=2023-09-07T16:02:01.748955+00:00
[2023-09-07T16:02:01.933+0000] {processor.py:179} INFO - Processing /home/airflow/.local/lib/python3.8/site-packages/airflow/example_dags/example_setup_teardown.py took 0.352 seconds
[2023-09-07T16:02:32.586+0000] {processor.py:157} INFO - Started process (PID=2129) to work on /home/airflow/.local/lib/python3.8/site-packages/airflow/example_dags/example_setup_teardown.py
[2023-09-07T16:02:32.588+0000] {processor.py:829} INFO - Processing file /home/airflow/.local/lib/python3.8/site-packages/airflow/example_dags/example_setup_teardown.py for tasks to queue
[2023-09-07T16:02:32.589+0000] {logging_mixin.py:151} INFO - [2023-09-07T16:02:32.588+0000] {dagbag.py:539} INFO - Filling up the DagBag from /home/airflow/.local/lib/python3.8/site-packages/airflow/example_dags/example_setup_teardown.py
[2023-09-07T16:02:32.603+0000] {processor.py:839} INFO - DAG(s) dict_keys(['example_setup_teardown']) retrieved from /home/airflow/.local/lib/python3.8/site-packages/airflow/example_dags/example_setup_teardown.py
[2023-09-07T16:02:32.624+0000] {logging_mixin.py:151} INFO - [2023-09-07T16:02:32.624+0000] {dag.py:2907} INFO - Sync 1 DAGs
[2023-09-07T16:02:32.639+0000] {logging_mixin.py:151} INFO - [2023-09-07T16:02:32.638+0000] {dag.py:3677} INFO - Setting next_dagrun for example_setup_teardown to 2023-09-06T16:02:32.638602+00:00, run_after=2023-09-07T16:02:32.638602+00:00
[2023-09-07T16:02:32.650+0000] {processor.py:179} INFO - Processing /home/airflow/.local/lib/python3.8/site-packages/airflow/example_dags/example_setup_teardown.py took 0.068 seconds
[2023-09-07T16:03:02.688+0000] {processor.py:157} INFO - Started process (PID=2367) to work on /home/airflow/.local/lib/python3.8/site-packages/airflow/example_dags/example_setup_teardown.py
[2023-09-07T16:03:02.689+0000] {processor.py:829} INFO - Processing file /home/airflow/.local/lib/python3.8/site-packages/airflow/example_dags/example_setup_teardown.py for tasks to queue
[2023-09-07T16:03:02.691+0000] {logging_mixin.py:151} INFO - [2023-09-07T16:03:02.690+0000] {dagbag.py:539} INFO - Filling up the DagBag from /home/airflow/.local/lib/python3.8/site-packages/airflow/example_dags/example_setup_teardown.py
[2023-09-07T16:03:02.703+0000] {processor.py:839} INFO - DAG(s) dict_keys(['example_setup_teardown']) retrieved from /home/airflow/.local/lib/python3.8/site-packages/airflow/example_dags/example_setup_teardown.py
[2023-09-07T16:03:02.745+0000] {logging_mixin.py:151} INFO - [2023-09-07T16:03:02.745+0000] {dag.py:2907} INFO - Sync 1 DAGs
[2023-09-07T16:03:02.764+0000] {logging_mixin.py:151} INFO - [2023-09-07T16:03:02.764+0000] {dag.py:3677} INFO - Setting next_dagrun for example_setup_teardown to 2023-09-06T16:03:02.763867+00:00, run_after=2023-09-07T16:03:02.763867+00:00
[2023-09-07T16:03:02.777+0000] {processor.py:179} INFO - Processing /home/airflow/.local/lib/python3.8/site-packages/airflow/example_dags/example_setup_teardown.py took 0.093 seconds
[2023-09-07T16:03:32.923+0000] {processor.py:157} INFO - Started process (PID=2605) to work on /home/airflow/.local/lib/python3.8/site-packages/airflow/example_dags/example_setup_teardown.py
[2023-09-07T16:03:32.924+0000] {processor.py:829} INFO - Processing file /home/airflow/.local/lib/python3.8/site-packages/airflow/example_dags/example_setup_teardown.py for tasks to queue
[2023-09-07T16:03:32.925+0000] {logging_mixin.py:151} INFO - [2023-09-07T16:03:32.925+0000] {dagbag.py:539} INFO - Filling up the DagBag from /home/airflow/.local/lib/python3.8/site-packages/airflow/example_dags/example_setup_teardown.py
[2023-09-07T16:03:32.931+0000] {processor.py:839} INFO - DAG(s) dict_keys(['example_setup_teardown']) retrieved from /home/airflow/.local/lib/python3.8/site-packages/airflow/example_dags/example_setup_teardown.py
[2023-09-07T16:03:32.948+0000] {logging_mixin.py:151} INFO - [2023-09-07T16:03:32.948+0000] {dag.py:2907} INFO - Sync 1 DAGs
[2023-09-07T16:03:32.963+0000] {logging_mixin.py:151} INFO - [2023-09-07T16:03:32.963+0000] {dag.py:3677} INFO - Setting next_dagrun for example_setup_teardown to 2023-09-06T16:03:32.963397+00:00, run_after=2023-09-07T16:03:32.963397+00:00
[2023-09-07T16:03:32.976+0000] {processor.py:179} INFO - Processing /home/airflow/.local/lib/python3.8/site-packages/airflow/example_dags/example_setup_teardown.py took 0.056 seconds
[2023-09-07T16:04:03.652+0000] {processor.py:157} INFO - Started process (PID=2843) to work on /home/airflow/.local/lib/python3.8/site-packages/airflow/example_dags/example_setup_teardown.py
[2023-09-07T16:04:03.653+0000] {processor.py:829} INFO - Processing file /home/airflow/.local/lib/python3.8/site-packages/airflow/example_dags/example_setup_teardown.py for tasks to queue
[2023-09-07T16:04:03.654+0000] {logging_mixin.py:151} INFO - [2023-09-07T16:04:03.654+0000] {dagbag.py:539} INFO - Filling up the DagBag from /home/airflow/.local/lib/python3.8/site-packages/airflow/example_dags/example_setup_teardown.py
[2023-09-07T16:04:03.661+0000] {processor.py:839} INFO - DAG(s) dict_keys(['example_setup_teardown']) retrieved from /home/airflow/.local/lib/python3.8/site-packages/airflow/example_dags/example_setup_teardown.py
[2023-09-07T16:04:03.677+0000] {logging_mixin.py:151} INFO - [2023-09-07T16:04:03.677+0000] {dag.py:2907} INFO - Sync 1 DAGs
[2023-09-07T16:04:03.691+0000] {logging_mixin.py:151} INFO - [2023-09-07T16:04:03.691+0000] {dag.py:3677} INFO - Setting next_dagrun for example_setup_teardown to 2023-09-06T16:04:03.691384+00:00, run_after=2023-09-07T16:04:03.691384+00:00
[2023-09-07T16:04:03.702+0000] {processor.py:179} INFO - Processing /home/airflow/.local/lib/python3.8/site-packages/airflow/example_dags/example_setup_teardown.py took 0.053 seconds
[2023-09-07T16:04:34.740+0000] {processor.py:157} INFO - Started process (PID=3081) to work on /home/airflow/.local/lib/python3.8/site-packages/airflow/example_dags/example_setup_teardown.py
[2023-09-07T16:04:34.741+0000] {processor.py:829} INFO - Processing file /home/airflow/.local/lib/python3.8/site-packages/airflow/example_dags/example_setup_teardown.py for tasks to queue
[2023-09-07T16:04:34.742+0000] {logging_mixin.py:151} INFO - [2023-09-07T16:04:34.742+0000] {dagbag.py:539} INFO - Filling up the DagBag from /home/airflow/.local/lib/python3.8/site-packages/airflow/example_dags/example_setup_teardown.py
[2023-09-07T16:04:34.750+0000] {processor.py:839} INFO - DAG(s) dict_keys(['example_setup_teardown']) retrieved from /home/airflow/.local/lib/python3.8/site-packages/airflow/example_dags/example_setup_teardown.py
[2023-09-07T16:04:34.963+0000] {logging_mixin.py:151} INFO - [2023-09-07T16:04:34.960+0000] {dag.py:2907} INFO - Sync 1 DAGs
[2023-09-07T16:04:35.011+0000] {logging_mixin.py:151} INFO - [2023-09-07T16:04:35.011+0000] {dag.py:3677} INFO - Setting next_dagrun for example_setup_teardown to 2023-09-06T16:04:35.010608+00:00, run_after=2023-09-07T16:04:35.010608+00:00
[2023-09-07T16:04:35.049+0000] {processor.py:179} INFO - Processing /home/airflow/.local/lib/python3.8/site-packages/airflow/example_dags/example_setup_teardown.py took 0.312 seconds
[2023-09-07T16:05:06.040+0000] {processor.py:157} INFO - Started process (PID=3319) to work on /home/airflow/.local/lib/python3.8/site-packages/airflow/example_dags/example_setup_teardown.py
[2023-09-07T16:05:06.041+0000] {processor.py:829} INFO - Processing file /home/airflow/.local/lib/python3.8/site-packages/airflow/example_dags/example_setup_teardown.py for tasks to queue
[2023-09-07T16:05:06.043+0000] {logging_mixin.py:151} INFO - [2023-09-07T16:05:06.042+0000] {dagbag.py:539} INFO - Filling up the DagBag from /home/airflow/.local/lib/python3.8/site-packages/airflow/example_dags/example_setup_teardown.py
[2023-09-07T16:05:06.050+0000] {processor.py:839} INFO - DAG(s) dict_keys(['example_setup_teardown']) retrieved from /home/airflow/.local/lib/python3.8/site-packages/airflow/example_dags/example_setup_teardown.py
[2023-09-07T16:05:06.067+0000] {logging_mixin.py:151} INFO - [2023-09-07T16:05:06.067+0000] {dag.py:2907} INFO - Sync 1 DAGs
[2023-09-07T16:05:06.087+0000] {logging_mixin.py:151} INFO - [2023-09-07T16:05:06.087+0000] {dag.py:3677} INFO - Setting next_dagrun for example_setup_teardown to 2023-09-06T16:05:06.087164+00:00, run_after=2023-09-07T16:05:06.087164+00:00
[2023-09-07T16:05:06.100+0000] {processor.py:179} INFO - Processing /home/airflow/.local/lib/python3.8/site-packages/airflow/example_dags/example_setup_teardown.py took 0.063 seconds
[2023-09-07T16:05:36.779+0000] {processor.py:157} INFO - Started process (PID=3558) to work on /home/airflow/.local/lib/python3.8/site-packages/airflow/example_dags/example_setup_teardown.py
[2023-09-07T16:05:36.781+0000] {processor.py:829} INFO - Processing file /home/airflow/.local/lib/python3.8/site-packages/airflow/example_dags/example_setup_teardown.py for tasks to queue
[2023-09-07T16:05:36.782+0000] {logging_mixin.py:151} INFO - [2023-09-07T16:05:36.782+0000] {dagbag.py:539} INFO - Filling up the DagBag from /home/airflow/.local/lib/python3.8/site-packages/airflow/example_dags/example_setup_teardown.py
[2023-09-07T16:05:36.789+0000] {processor.py:839} INFO - DAG(s) dict_keys(['example_setup_teardown']) retrieved from /home/airflow/.local/lib/python3.8/site-packages/airflow/example_dags/example_setup_teardown.py
[2023-09-07T16:05:36.806+0000] {logging_mixin.py:151} INFO - [2023-09-07T16:05:36.806+0000] {dag.py:2907} INFO - Sync 1 DAGs
[2023-09-07T16:05:36.821+0000] {logging_mixin.py:151} INFO - [2023-09-07T16:05:36.821+0000] {dag.py:3677} INFO - Setting next_dagrun for example_setup_teardown to 2023-09-06T16:05:36.821216+00:00, run_after=2023-09-07T16:05:36.821216+00:00
[2023-09-07T16:05:36.833+0000] {processor.py:179} INFO - Processing /home/airflow/.local/lib/python3.8/site-packages/airflow/example_dags/example_setup_teardown.py took 0.056 seconds
[2023-09-07T16:06:07.963+0000] {processor.py:157} INFO - Started process (PID=3796) to work on /home/airflow/.local/lib/python3.8/site-packages/airflow/example_dags/example_setup_teardown.py
[2023-09-07T16:06:07.964+0000] {processor.py:829} INFO - Processing file /home/airflow/.local/lib/python3.8/site-packages/airflow/example_dags/example_setup_teardown.py for tasks to queue
[2023-09-07T16:06:07.965+0000] {logging_mixin.py:151} INFO - [2023-09-07T16:06:07.965+0000] {dagbag.py:539} INFO - Filling up the DagBag from /home/airflow/.local/lib/python3.8/site-packages/airflow/example_dags/example_setup_teardown.py
[2023-09-07T16:06:07.971+0000] {processor.py:839} INFO - DAG(s) dict_keys(['example_setup_teardown']) retrieved from /home/airflow/.local/lib/python3.8/site-packages/airflow/example_dags/example_setup_teardown.py
[2023-09-07T16:06:07.989+0000] {logging_mixin.py:151} INFO - [2023-09-07T16:06:07.989+0000] {dag.py:2907} INFO - Sync 1 DAGs
[2023-09-07T16:06:08.008+0000] {logging_mixin.py:151} INFO - [2023-09-07T16:06:08.008+0000] {dag.py:3677} INFO - Setting next_dagrun for example_setup_teardown to 2023-09-06T16:06:08.008306+00:00, run_after=2023-09-07T16:06:08.008306+00:00
[2023-09-07T16:06:08.021+0000] {processor.py:179} INFO - Processing /home/airflow/.local/lib/python3.8/site-packages/airflow/example_dags/example_setup_teardown.py took 0.061 seconds
[2023-09-07T16:06:38.875+0000] {processor.py:157} INFO - Started process (PID=4034) to work on /home/airflow/.local/lib/python3.8/site-packages/airflow/example_dags/example_setup_teardown.py
[2023-09-07T16:06:38.877+0000] {processor.py:829} INFO - Processing file /home/airflow/.local/lib/python3.8/site-packages/airflow/example_dags/example_setup_teardown.py for tasks to queue
[2023-09-07T16:06:38.878+0000] {logging_mixin.py:151} INFO - [2023-09-07T16:06:38.877+0000] {dagbag.py:539} INFO - Filling up the DagBag from /home/airflow/.local/lib/python3.8/site-packages/airflow/example_dags/example_setup_teardown.py
[2023-09-07T16:06:38.886+0000] {processor.py:839} INFO - DAG(s) dict_keys(['example_setup_teardown']) retrieved from /home/airflow/.local/lib/python3.8/site-packages/airflow/example_dags/example_setup_teardown.py
[2023-09-07T16:06:38.907+0000] {logging_mixin.py:151} INFO - [2023-09-07T16:06:38.906+0000] {dag.py:2907} INFO - Sync 1 DAGs
[2023-09-07T16:06:38.925+0000] {logging_mixin.py:151} INFO - [2023-09-07T16:06:38.925+0000] {dag.py:3677} INFO - Setting next_dagrun for example_setup_teardown to 2023-09-06T16:06:38.924787+00:00, run_after=2023-09-07T16:06:38.924787+00:00
[2023-09-07T16:06:38.938+0000] {processor.py:179} INFO - Processing /home/airflow/.local/lib/python3.8/site-packages/airflow/example_dags/example_setup_teardown.py took 0.066 seconds
[2023-09-07T16:07:09.795+0000] {processor.py:157} INFO - Started process (PID=4272) to work on /home/airflow/.local/lib/python3.8/site-packages/airflow/example_dags/example_setup_teardown.py
[2023-09-07T16:07:09.796+0000] {processor.py:829} INFO - Processing file /home/airflow/.local/lib/python3.8/site-packages/airflow/example_dags/example_setup_teardown.py for tasks to queue
[2023-09-07T16:07:09.797+0000] {logging_mixin.py:151} INFO - [2023-09-07T16:07:09.797+0000] {dagbag.py:539} INFO - Filling up the DagBag from /home/airflow/.local/lib/python3.8/site-packages/airflow/example_dags/example_setup_teardown.py
[2023-09-07T16:07:09.804+0000] {processor.py:839} INFO - DAG(s) dict_keys(['example_setup_teardown']) retrieved from /home/airflow/.local/lib/python3.8/site-packages/airflow/example_dags/example_setup_teardown.py
[2023-09-07T16:07:09.821+0000] {logging_mixin.py:151} INFO - [2023-09-07T16:07:09.821+0000] {dag.py:2907} INFO - Sync 1 DAGs
[2023-09-07T16:07:09.835+0000] {logging_mixin.py:151} INFO - [2023-09-07T16:07:09.835+0000] {dag.py:3677} INFO - Setting next_dagrun for example_setup_teardown to 2023-09-06T16:07:09.835083+00:00, run_after=2023-09-07T16:07:09.835083+00:00
[2023-09-07T16:07:09.846+0000] {processor.py:179} INFO - Processing /home/airflow/.local/lib/python3.8/site-packages/airflow/example_dags/example_setup_teardown.py took 0.054 seconds
[2023-09-07T16:07:40.723+0000] {processor.py:157} INFO - Started process (PID=4510) to work on /home/airflow/.local/lib/python3.8/site-packages/airflow/example_dags/example_setup_teardown.py
[2023-09-07T16:07:40.725+0000] {processor.py:829} INFO - Processing file /home/airflow/.local/lib/python3.8/site-packages/airflow/example_dags/example_setup_teardown.py for tasks to queue
[2023-09-07T16:07:40.726+0000] {logging_mixin.py:151} INFO - [2023-09-07T16:07:40.726+0000] {dagbag.py:539} INFO - Filling up the DagBag from /home/airflow/.local/lib/python3.8/site-packages/airflow/example_dags/example_setup_teardown.py
[2023-09-07T16:07:40.734+0000] {processor.py:839} INFO - DAG(s) dict_keys(['example_setup_teardown']) retrieved from /home/airflow/.local/lib/python3.8/site-packages/airflow/example_dags/example_setup_teardown.py
[2023-09-07T16:07:40.755+0000] {logging_mixin.py:151} INFO - [2023-09-07T16:07:40.755+0000] {dag.py:2907} INFO - Sync 1 DAGs
[2023-09-07T16:07:40.773+0000] {logging_mixin.py:151} INFO - [2023-09-07T16:07:40.772+0000] {dag.py:3677} INFO - Setting next_dagrun for example_setup_teardown to 2023-09-06T16:07:40.772721+00:00, run_after=2023-09-07T16:07:40.772721+00:00
[2023-09-07T16:07:40.786+0000] {processor.py:179} INFO - Processing /home/airflow/.local/lib/python3.8/site-packages/airflow/example_dags/example_setup_teardown.py took 0.066 seconds
[2023-09-07T16:08:11.872+0000] {processor.py:157} INFO - Started process (PID=4748) to work on /home/airflow/.local/lib/python3.8/site-packages/airflow/example_dags/example_setup_teardown.py
[2023-09-07T16:08:11.874+0000] {processor.py:829} INFO - Processing file /home/airflow/.local/lib/python3.8/site-packages/airflow/example_dags/example_setup_teardown.py for tasks to queue
[2023-09-07T16:08:11.875+0000] {logging_mixin.py:151} INFO - [2023-09-07T16:08:11.875+0000] {dagbag.py:539} INFO - Filling up the DagBag from /home/airflow/.local/lib/python3.8/site-packages/airflow/example_dags/example_setup_teardown.py
[2023-09-07T16:08:11.884+0000] {processor.py:839} INFO - DAG(s) dict_keys(['example_setup_teardown']) retrieved from /home/airflow/.local/lib/python3.8/site-packages/airflow/example_dags/example_setup_teardown.py
[2023-09-07T16:08:11.905+0000] {logging_mixin.py:151} INFO - [2023-09-07T16:08:11.905+0000] {dag.py:2907} INFO - Sync 1 DAGs
[2023-09-07T16:08:11.923+0000] {logging_mixin.py:151} INFO - [2023-09-07T16:08:11.922+0000] {dag.py:3677} INFO - Setting next_dagrun for example_setup_teardown to 2023-09-06T16:08:11.922571+00:00, run_after=2023-09-07T16:08:11.922571+00:00
[2023-09-07T16:08:11.937+0000] {processor.py:179} INFO - Processing /home/airflow/.local/lib/python3.8/site-packages/airflow/example_dags/example_setup_teardown.py took 0.070 seconds
[2023-09-07T16:08:42.707+0000] {processor.py:157} INFO - Started process (PID=4986) to work on /home/airflow/.local/lib/python3.8/site-packages/airflow/example_dags/example_setup_teardown.py
[2023-09-07T16:08:42.709+0000] {processor.py:829} INFO - Processing file /home/airflow/.local/lib/python3.8/site-packages/airflow/example_dags/example_setup_teardown.py for tasks to queue
[2023-09-07T16:08:42.710+0000] {logging_mixin.py:151} INFO - [2023-09-07T16:08:42.710+0000] {dagbag.py:539} INFO - Filling up the DagBag from /home/airflow/.local/lib/python3.8/site-packages/airflow/example_dags/example_setup_teardown.py
[2023-09-07T16:08:42.718+0000] {processor.py:839} INFO - DAG(s) dict_keys(['example_setup_teardown']) retrieved from /home/airflow/.local/lib/python3.8/site-packages/airflow/example_dags/example_setup_teardown.py
[2023-09-07T16:08:42.735+0000] {logging_mixin.py:151} INFO - [2023-09-07T16:08:42.734+0000] {dag.py:2907} INFO - Sync 1 DAGs
[2023-09-07T16:08:42.750+0000] {logging_mixin.py:151} INFO - [2023-09-07T16:08:42.750+0000] {dag.py:3677} INFO - Setting next_dagrun for example_setup_teardown to 2023-09-06T16:08:42.749822+00:00, run_after=2023-09-07T16:08:42.749822+00:00
[2023-09-07T16:08:42.762+0000] {processor.py:179} INFO - Processing /home/airflow/.local/lib/python3.8/site-packages/airflow/example_dags/example_setup_teardown.py took 0.058 seconds
[2023-09-07T16:09:13.059+0000] {processor.py:157} INFO - Started process (PID=5224) to work on /home/airflow/.local/lib/python3.8/site-packages/airflow/example_dags/example_setup_teardown.py
[2023-09-07T16:09:13.060+0000] {processor.py:829} INFO - Processing file /home/airflow/.local/lib/python3.8/site-packages/airflow/example_dags/example_setup_teardown.py for tasks to queue
[2023-09-07T16:09:13.061+0000] {logging_mixin.py:151} INFO - [2023-09-07T16:09:13.061+0000] {dagbag.py:539} INFO - Filling up the DagBag from /home/airflow/.local/lib/python3.8/site-packages/airflow/example_dags/example_setup_teardown.py
[2023-09-07T16:09:13.067+0000] {processor.py:839} INFO - DAG(s) dict_keys(['example_setup_teardown']) retrieved from /home/airflow/.local/lib/python3.8/site-packages/airflow/example_dags/example_setup_teardown.py
[2023-09-07T16:09:13.086+0000] {logging_mixin.py:151} INFO - [2023-09-07T16:09:13.086+0000] {dag.py:2907} INFO - Sync 1 DAGs
[2023-09-07T16:09:13.102+0000] {logging_mixin.py:151} INFO - [2023-09-07T16:09:13.102+0000] {dag.py:3677} INFO - Setting next_dagrun for example_setup_teardown to 2023-09-06T16:09:13.102122+00:00, run_after=2023-09-07T16:09:13.102122+00:00
[2023-09-07T16:09:13.113+0000] {processor.py:179} INFO - Processing /home/airflow/.local/lib/python3.8/site-packages/airflow/example_dags/example_setup_teardown.py took 0.057 seconds
[2023-09-07T16:09:43.399+0000] {processor.py:157} INFO - Started process (PID=5462) to work on /home/airflow/.local/lib/python3.8/site-packages/airflow/example_dags/example_setup_teardown.py
[2023-09-07T16:09:43.401+0000] {processor.py:829} INFO - Processing file /home/airflow/.local/lib/python3.8/site-packages/airflow/example_dags/example_setup_teardown.py for tasks to queue
[2023-09-07T16:09:43.403+0000] {logging_mixin.py:151} INFO - [2023-09-07T16:09:43.402+0000] {dagbag.py:539} INFO - Filling up the DagBag from /home/airflow/.local/lib/python3.8/site-packages/airflow/example_dags/example_setup_teardown.py
[2023-09-07T16:09:43.410+0000] {processor.py:839} INFO - DAG(s) dict_keys(['example_setup_teardown']) retrieved from /home/airflow/.local/lib/python3.8/site-packages/airflow/example_dags/example_setup_teardown.py
[2023-09-07T16:09:43.428+0000] {logging_mixin.py:151} INFO - [2023-09-07T16:09:43.428+0000] {dag.py:2907} INFO - Sync 1 DAGs
[2023-09-07T16:09:43.445+0000] {logging_mixin.py:151} INFO - [2023-09-07T16:09:43.445+0000] {dag.py:3677} INFO - Setting next_dagrun for example_setup_teardown to 2023-09-06T16:09:43.445019+00:00, run_after=2023-09-07T16:09:43.445019+00:00
[2023-09-07T16:09:43.460+0000] {processor.py:179} INFO - Processing /home/airflow/.local/lib/python3.8/site-packages/airflow/example_dags/example_setup_teardown.py took 0.064 seconds
[2023-09-07T16:10:14.242+0000] {processor.py:157} INFO - Started process (PID=5700) to work on /home/airflow/.local/lib/python3.8/site-packages/airflow/example_dags/example_setup_teardown.py
[2023-09-07T16:10:14.243+0000] {processor.py:829} INFO - Processing file /home/airflow/.local/lib/python3.8/site-packages/airflow/example_dags/example_setup_teardown.py for tasks to queue
[2023-09-07T16:10:14.245+0000] {logging_mixin.py:151} INFO - [2023-09-07T16:10:14.244+0000] {dagbag.py:539} INFO - Filling up the DagBag from /home/airflow/.local/lib/python3.8/site-packages/airflow/example_dags/example_setup_teardown.py
[2023-09-07T16:10:14.251+0000] {processor.py:839} INFO - DAG(s) dict_keys(['example_setup_teardown']) retrieved from /home/airflow/.local/lib/python3.8/site-packages/airflow/example_dags/example_setup_teardown.py
[2023-09-07T16:10:14.268+0000] {logging_mixin.py:151} INFO - [2023-09-07T16:10:14.268+0000] {dag.py:2907} INFO - Sync 1 DAGs
[2023-09-07T16:10:14.284+0000] {logging_mixin.py:151} INFO - [2023-09-07T16:10:14.284+0000] {dag.py:3677} INFO - Setting next_dagrun for example_setup_teardown to 2023-09-06T16:10:14.283845+00:00, run_after=2023-09-07T16:10:14.283845+00:00
[2023-09-07T16:10:14.296+0000] {processor.py:179} INFO - Processing /home/airflow/.local/lib/python3.8/site-packages/airflow/example_dags/example_setup_teardown.py took 0.057 seconds
[2023-09-07T16:10:44.845+0000] {processor.py:157} INFO - Started process (PID=5937) to work on /home/airflow/.local/lib/python3.8/site-packages/airflow/example_dags/example_setup_teardown.py
[2023-09-07T16:10:44.847+0000] {processor.py:829} INFO - Processing file /home/airflow/.local/lib/python3.8/site-packages/airflow/example_dags/example_setup_teardown.py for tasks to queue
[2023-09-07T16:10:44.849+0000] {logging_mixin.py:151} INFO - [2023-09-07T16:10:44.848+0000] {dagbag.py:539} INFO - Filling up the DagBag from /home/airflow/.local/lib/python3.8/site-packages/airflow/example_dags/example_setup_teardown.py
[2023-09-07T16:10:44.856+0000] {processor.py:839} INFO - DAG(s) dict_keys(['example_setup_teardown']) retrieved from /home/airflow/.local/lib/python3.8/site-packages/airflow/example_dags/example_setup_teardown.py
[2023-09-07T16:10:44.875+0000] {logging_mixin.py:151} INFO - [2023-09-07T16:10:44.875+0000] {dag.py:2907} INFO - Sync 1 DAGs
[2023-09-07T16:10:44.890+0000] {logging_mixin.py:151} INFO - [2023-09-07T16:10:44.890+0000] {dag.py:3677} INFO - Setting next_dagrun for example_setup_teardown to 2023-09-06T16:10:44.889889+00:00, run_after=2023-09-07T16:10:44.889889+00:00
[2023-09-07T16:10:44.901+0000] {processor.py:179} INFO - Processing /home/airflow/.local/lib/python3.8/site-packages/airflow/example_dags/example_setup_teardown.py took 0.060 seconds
[2023-09-07T16:11:16.466+0000] {processor.py:157} INFO - Started process (PID=6175) to work on /home/airflow/.local/lib/python3.8/site-packages/airflow/example_dags/example_setup_teardown.py
[2023-09-07T16:11:16.468+0000] {processor.py:829} INFO - Processing file /home/airflow/.local/lib/python3.8/site-packages/airflow/example_dags/example_setup_teardown.py for tasks to queue
[2023-09-07T16:11:16.470+0000] {logging_mixin.py:151} INFO - [2023-09-07T16:11:16.469+0000] {dagbag.py:539} INFO - Filling up the DagBag from /home/airflow/.local/lib/python3.8/site-packages/airflow/example_dags/example_setup_teardown.py
[2023-09-07T16:11:16.479+0000] {processor.py:839} INFO - DAG(s) dict_keys(['example_setup_teardown']) retrieved from /home/airflow/.local/lib/python3.8/site-packages/airflow/example_dags/example_setup_teardown.py
[2023-09-07T16:11:16.502+0000] {logging_mixin.py:151} INFO - [2023-09-07T16:11:16.502+0000] {dag.py:2907} INFO - Sync 1 DAGs
[2023-09-07T16:11:16.525+0000] {logging_mixin.py:151} INFO - [2023-09-07T16:11:16.525+0000] {dag.py:3677} INFO - Setting next_dagrun for example_setup_teardown to 2023-09-06T16:11:16.525092+00:00, run_after=2023-09-07T16:11:16.525092+00:00
[2023-09-07T16:11:16.541+0000] {processor.py:179} INFO - Processing /home/airflow/.local/lib/python3.8/site-packages/airflow/example_dags/example_setup_teardown.py took 0.078 seconds
[2023-09-07T16:11:46.680+0000] {processor.py:157} INFO - Started process (PID=6413) to work on /home/airflow/.local/lib/python3.8/site-packages/airflow/example_dags/example_setup_teardown.py
[2023-09-07T16:11:46.681+0000] {processor.py:829} INFO - Processing file /home/airflow/.local/lib/python3.8/site-packages/airflow/example_dags/example_setup_teardown.py for tasks to queue
[2023-09-07T16:11:46.682+0000] {logging_mixin.py:151} INFO - [2023-09-07T16:11:46.682+0000] {dagbag.py:539} INFO - Filling up the DagBag from /home/airflow/.local/lib/python3.8/site-packages/airflow/example_dags/example_setup_teardown.py
[2023-09-07T16:11:46.688+0000] {processor.py:839} INFO - DAG(s) dict_keys(['example_setup_teardown']) retrieved from /home/airflow/.local/lib/python3.8/site-packages/airflow/example_dags/example_setup_teardown.py
[2023-09-07T16:11:46.706+0000] {logging_mixin.py:151} INFO - [2023-09-07T16:11:46.705+0000] {dag.py:2907} INFO - Sync 1 DAGs
[2023-09-07T16:11:46.719+0000] {logging_mixin.py:151} INFO - [2023-09-07T16:11:46.719+0000] {dag.py:3677} INFO - Setting next_dagrun for example_setup_teardown to 2023-09-06T16:11:46.719321+00:00, run_after=2023-09-07T16:11:46.719321+00:00
[2023-09-07T16:11:46.748+0000] {processor.py:179} INFO - Processing /home/airflow/.local/lib/python3.8/site-packages/airflow/example_dags/example_setup_teardown.py took 0.071 seconds
[2023-09-07T16:12:17.085+0000] {processor.py:157} INFO - Started process (PID=6651) to work on /home/airflow/.local/lib/python3.8/site-packages/airflow/example_dags/example_setup_teardown.py
[2023-09-07T16:12:17.086+0000] {processor.py:829} INFO - Processing file /home/airflow/.local/lib/python3.8/site-packages/airflow/example_dags/example_setup_teardown.py for tasks to queue
[2023-09-07T16:12:17.087+0000] {logging_mixin.py:151} INFO - [2023-09-07T16:12:17.087+0000] {dagbag.py:539} INFO - Filling up the DagBag from /home/airflow/.local/lib/python3.8/site-packages/airflow/example_dags/example_setup_teardown.py
[2023-09-07T16:12:17.093+0000] {processor.py:839} INFO - DAG(s) dict_keys(['example_setup_teardown']) retrieved from /home/airflow/.local/lib/python3.8/site-packages/airflow/example_dags/example_setup_teardown.py
[2023-09-07T16:12:17.112+0000] {logging_mixin.py:151} INFO - [2023-09-07T16:12:17.112+0000] {dag.py:2907} INFO - Sync 1 DAGs
[2023-09-07T16:12:17.163+0000] {logging_mixin.py:151} INFO - [2023-09-07T16:12:17.163+0000] {dag.py:3677} INFO - Setting next_dagrun for example_setup_teardown to 2023-09-06T16:12:17.163024+00:00, run_after=2023-09-07T16:12:17.163024+00:00
[2023-09-07T16:12:17.176+0000] {processor.py:179} INFO - Processing /home/airflow/.local/lib/python3.8/site-packages/airflow/example_dags/example_setup_teardown.py took 0.095 seconds
[2023-09-07T16:12:47.891+0000] {processor.py:157} INFO - Started process (PID=6890) to work on /home/airflow/.local/lib/python3.8/site-packages/airflow/example_dags/example_setup_teardown.py
[2023-09-07T16:12:47.894+0000] {processor.py:829} INFO - Processing file /home/airflow/.local/lib/python3.8/site-packages/airflow/example_dags/example_setup_teardown.py for tasks to queue
[2023-09-07T16:12:47.897+0000] {logging_mixin.py:151} INFO - [2023-09-07T16:12:47.896+0000] {dagbag.py:539} INFO - Filling up the DagBag from /home/airflow/.local/lib/python3.8/site-packages/airflow/example_dags/example_setup_teardown.py
[2023-09-07T16:12:47.923+0000] {processor.py:839} INFO - DAG(s) dict_keys(['example_setup_teardown']) retrieved from /home/airflow/.local/lib/python3.8/site-packages/airflow/example_dags/example_setup_teardown.py
[2023-09-07T16:12:47.994+0000] {logging_mixin.py:151} INFO - [2023-09-07T16:12:47.994+0000] {dag.py:2907} INFO - Sync 1 DAGs
[2023-09-07T16:12:48.040+0000] {logging_mixin.py:151} INFO - [2023-09-07T16:12:48.039+0000] {dag.py:3677} INFO - Setting next_dagrun for example_setup_teardown to 2023-09-06T16:12:48.039271+00:00, run_after=2023-09-07T16:12:48.039271+00:00
[2023-09-07T16:12:48.087+0000] {processor.py:179} INFO - Processing /home/airflow/.local/lib/python3.8/site-packages/airflow/example_dags/example_setup_teardown.py took 0.204 seconds
[2023-09-07T16:13:18.479+0000] {processor.py:157} INFO - Started process (PID=7129) to work on /home/airflow/.local/lib/python3.8/site-packages/airflow/example_dags/example_setup_teardown.py
[2023-09-07T16:13:18.480+0000] {processor.py:829} INFO - Processing file /home/airflow/.local/lib/python3.8/site-packages/airflow/example_dags/example_setup_teardown.py for tasks to queue
[2023-09-07T16:13:18.481+0000] {logging_mixin.py:151} INFO - [2023-09-07T16:13:18.481+0000] {dagbag.py:539} INFO - Filling up the DagBag from /home/airflow/.local/lib/python3.8/site-packages/airflow/example_dags/example_setup_teardown.py
[2023-09-07T16:13:18.488+0000] {processor.py:839} INFO - DAG(s) dict_keys(['example_setup_teardown']) retrieved from /home/airflow/.local/lib/python3.8/site-packages/airflow/example_dags/example_setup_teardown.py
[2023-09-07T16:13:18.506+0000] {logging_mixin.py:151} INFO - [2023-09-07T16:13:18.506+0000] {dag.py:2907} INFO - Sync 1 DAGs
[2023-09-07T16:13:18.523+0000] {logging_mixin.py:151} INFO - [2023-09-07T16:13:18.523+0000] {dag.py:3677} INFO - Setting next_dagrun for example_setup_teardown to 2023-09-06T16:13:18.522860+00:00, run_after=2023-09-07T16:13:18.522860+00:00
[2023-09-07T16:13:18.535+0000] {processor.py:179} INFO - Processing /home/airflow/.local/lib/python3.8/site-packages/airflow/example_dags/example_setup_teardown.py took 0.059 seconds
[2023-09-07T16:13:49.213+0000] {processor.py:157} INFO - Started process (PID=7367) to work on /home/airflow/.local/lib/python3.8/site-packages/airflow/example_dags/example_setup_teardown.py
[2023-09-07T16:13:49.215+0000] {processor.py:829} INFO - Processing file /home/airflow/.local/lib/python3.8/site-packages/airflow/example_dags/example_setup_teardown.py for tasks to queue
[2023-09-07T16:13:49.216+0000] {logging_mixin.py:151} INFO - [2023-09-07T16:13:49.216+0000] {dagbag.py:539} INFO - Filling up the DagBag from /home/airflow/.local/lib/python3.8/site-packages/airflow/example_dags/example_setup_teardown.py
[2023-09-07T16:13:49.226+0000] {processor.py:839} INFO - DAG(s) dict_keys(['example_setup_teardown']) retrieved from /home/airflow/.local/lib/python3.8/site-packages/airflow/example_dags/example_setup_teardown.py
[2023-09-07T16:13:49.250+0000] {logging_mixin.py:151} INFO - [2023-09-07T16:13:49.250+0000] {dag.py:2907} INFO - Sync 1 DAGs
[2023-09-07T16:13:49.269+0000] {logging_mixin.py:151} INFO - [2023-09-07T16:13:49.269+0000] {dag.py:3677} INFO - Setting next_dagrun for example_setup_teardown to 2023-09-06T16:13:49.269036+00:00, run_after=2023-09-07T16:13:49.269036+00:00
[2023-09-07T16:13:49.281+0000] {processor.py:179} INFO - Processing /home/airflow/.local/lib/python3.8/site-packages/airflow/example_dags/example_setup_teardown.py took 0.072 seconds
[2023-09-07T16:14:20.567+0000] {processor.py:157} INFO - Started process (PID=7613) to work on /home/airflow/.local/lib/python3.8/site-packages/airflow/example_dags/example_setup_teardown.py
[2023-09-07T16:14:20.568+0000] {processor.py:829} INFO - Processing file /home/airflow/.local/lib/python3.8/site-packages/airflow/example_dags/example_setup_teardown.py for tasks to queue
[2023-09-07T16:14:20.569+0000] {logging_mixin.py:151} INFO - [2023-09-07T16:14:20.569+0000] {dagbag.py:539} INFO - Filling up the DagBag from /home/airflow/.local/lib/python3.8/site-packages/airflow/example_dags/example_setup_teardown.py
[2023-09-07T16:14:20.577+0000] {processor.py:839} INFO - DAG(s) dict_keys(['example_setup_teardown']) retrieved from /home/airflow/.local/lib/python3.8/site-packages/airflow/example_dags/example_setup_teardown.py
[2023-09-07T16:14:20.597+0000] {logging_mixin.py:151} INFO - [2023-09-07T16:14:20.596+0000] {dag.py:2907} INFO - Sync 1 DAGs
[2023-09-07T16:14:20.622+0000] {logging_mixin.py:151} INFO - [2023-09-07T16:14:20.622+0000] {dag.py:3677} INFO - Setting next_dagrun for example_setup_teardown to 2023-09-06T16:14:20.622342+00:00, run_after=2023-09-07T16:14:20.622342+00:00
[2023-09-07T16:14:20.643+0000] {processor.py:179} INFO - Processing /home/airflow/.local/lib/python3.8/site-packages/airflow/example_dags/example_setup_teardown.py took 0.080 seconds
[2023-09-07T16:14:50.846+0000] {processor.py:157} INFO - Started process (PID=7848) to work on /home/airflow/.local/lib/python3.8/site-packages/airflow/example_dags/example_setup_teardown.py
[2023-09-07T16:14:50.847+0000] {processor.py:829} INFO - Processing file /home/airflow/.local/lib/python3.8/site-packages/airflow/example_dags/example_setup_teardown.py for tasks to queue
[2023-09-07T16:14:50.850+0000] {logging_mixin.py:151} INFO - [2023-09-07T16:14:50.849+0000] {dagbag.py:539} INFO - Filling up the DagBag from /home/airflow/.local/lib/python3.8/site-packages/airflow/example_dags/example_setup_teardown.py
[2023-09-07T16:14:50.858+0000] {processor.py:839} INFO - DAG(s) dict_keys(['example_setup_teardown']) retrieved from /home/airflow/.local/lib/python3.8/site-packages/airflow/example_dags/example_setup_teardown.py
[2023-09-07T16:14:50.894+0000] {logging_mixin.py:151} INFO - [2023-09-07T16:14:50.893+0000] {dag.py:2907} INFO - Sync 1 DAGs
[2023-09-07T16:14:50.931+0000] {logging_mixin.py:151} INFO - [2023-09-07T16:14:50.931+0000] {dag.py:3677} INFO - Setting next_dagrun for example_setup_teardown to 2023-09-06T16:14:50.931046+00:00, run_after=2023-09-07T16:14:50.931046+00:00
[2023-09-07T16:14:50.951+0000] {processor.py:179} INFO - Processing /home/airflow/.local/lib/python3.8/site-packages/airflow/example_dags/example_setup_teardown.py took 0.108 seconds
[2023-09-07T16:15:21.221+0000] {processor.py:157} INFO - Started process (PID=8088) to work on /home/airflow/.local/lib/python3.8/site-packages/airflow/example_dags/example_setup_teardown.py
[2023-09-07T16:15:21.223+0000] {processor.py:829} INFO - Processing file /home/airflow/.local/lib/python3.8/site-packages/airflow/example_dags/example_setup_teardown.py for tasks to queue
[2023-09-07T16:15:21.224+0000] {logging_mixin.py:151} INFO - [2023-09-07T16:15:21.223+0000] {dagbag.py:539} INFO - Filling up the DagBag from /home/airflow/.local/lib/python3.8/site-packages/airflow/example_dags/example_setup_teardown.py
[2023-09-07T16:15:21.230+0000] {processor.py:839} INFO - DAG(s) dict_keys(['example_setup_teardown']) retrieved from /home/airflow/.local/lib/python3.8/site-packages/airflow/example_dags/example_setup_teardown.py
[2023-09-07T16:15:21.247+0000] {logging_mixin.py:151} INFO - [2023-09-07T16:15:21.247+0000] {dag.py:2907} INFO - Sync 1 DAGs
[2023-09-07T16:15:21.259+0000] {logging_mixin.py:151} INFO - [2023-09-07T16:15:21.259+0000] {dag.py:3677} INFO - Setting next_dagrun for example_setup_teardown to 2023-09-06T16:15:21.259300+00:00, run_after=2023-09-07T16:15:21.259300+00:00
[2023-09-07T16:15:21.270+0000] {processor.py:179} INFO - Processing /home/airflow/.local/lib/python3.8/site-packages/airflow/example_dags/example_setup_teardown.py took 0.051 seconds
[2023-09-07T16:15:51.662+0000] {processor.py:157} INFO - Started process (PID=8326) to work on /home/airflow/.local/lib/python3.8/site-packages/airflow/example_dags/example_setup_teardown.py
[2023-09-07T16:15:51.664+0000] {processor.py:829} INFO - Processing file /home/airflow/.local/lib/python3.8/site-packages/airflow/example_dags/example_setup_teardown.py for tasks to queue
[2023-09-07T16:15:51.665+0000] {logging_mixin.py:151} INFO - [2023-09-07T16:15:51.665+0000] {dagbag.py:539} INFO - Filling up the DagBag from /home/airflow/.local/lib/python3.8/site-packages/airflow/example_dags/example_setup_teardown.py
[2023-09-07T16:15:51.672+0000] {processor.py:839} INFO - DAG(s) dict_keys(['example_setup_teardown']) retrieved from /home/airflow/.local/lib/python3.8/site-packages/airflow/example_dags/example_setup_teardown.py
[2023-09-07T16:15:51.690+0000] {logging_mixin.py:151} INFO - [2023-09-07T16:15:51.689+0000] {dag.py:2907} INFO - Sync 1 DAGs
[2023-09-07T16:15:51.705+0000] {logging_mixin.py:151} INFO - [2023-09-07T16:15:51.705+0000] {dag.py:3677} INFO - Setting next_dagrun for example_setup_teardown to 2023-09-06T16:15:51.704860+00:00, run_after=2023-09-07T16:15:51.704860+00:00
[2023-09-07T16:15:51.714+0000] {processor.py:179} INFO - Processing /home/airflow/.local/lib/python3.8/site-packages/airflow/example_dags/example_setup_teardown.py took 0.054 seconds
[2023-09-07T16:16:22.517+0000] {processor.py:157} INFO - Started process (PID=8564) to work on /home/airflow/.local/lib/python3.8/site-packages/airflow/example_dags/example_setup_teardown.py
[2023-09-07T16:16:22.518+0000] {processor.py:829} INFO - Processing file /home/airflow/.local/lib/python3.8/site-packages/airflow/example_dags/example_setup_teardown.py for tasks to queue
[2023-09-07T16:16:22.520+0000] {logging_mixin.py:151} INFO - [2023-09-07T16:16:22.519+0000] {dagbag.py:539} INFO - Filling up the DagBag from /home/airflow/.local/lib/python3.8/site-packages/airflow/example_dags/example_setup_teardown.py
[2023-09-07T16:16:22.528+0000] {processor.py:839} INFO - DAG(s) dict_keys(['example_setup_teardown']) retrieved from /home/airflow/.local/lib/python3.8/site-packages/airflow/example_dags/example_setup_teardown.py
[2023-09-07T16:16:22.551+0000] {logging_mixin.py:151} INFO - [2023-09-07T16:16:22.550+0000] {dag.py:2907} INFO - Sync 1 DAGs
[2023-09-07T16:16:22.568+0000] {logging_mixin.py:151} INFO - [2023-09-07T16:16:22.568+0000] {dag.py:3677} INFO - Setting next_dagrun for example_setup_teardown to 2023-09-06T16:16:22.568315+00:00, run_after=2023-09-07T16:16:22.568315+00:00
[2023-09-07T16:16:22.580+0000] {processor.py:179} INFO - Processing /home/airflow/.local/lib/python3.8/site-packages/airflow/example_dags/example_setup_teardown.py took 0.066 seconds
[2023-09-07T16:16:52.928+0000] {processor.py:157} INFO - Started process (PID=8802) to work on /home/airflow/.local/lib/python3.8/site-packages/airflow/example_dags/example_setup_teardown.py
[2023-09-07T16:16:52.929+0000] {processor.py:829} INFO - Processing file /home/airflow/.local/lib/python3.8/site-packages/airflow/example_dags/example_setup_teardown.py for tasks to queue
[2023-09-07T16:16:52.930+0000] {logging_mixin.py:151} INFO - [2023-09-07T16:16:52.930+0000] {dagbag.py:539} INFO - Filling up the DagBag from /home/airflow/.local/lib/python3.8/site-packages/airflow/example_dags/example_setup_teardown.py
[2023-09-07T16:16:52.936+0000] {processor.py:839} INFO - DAG(s) dict_keys(['example_setup_teardown']) retrieved from /home/airflow/.local/lib/python3.8/site-packages/airflow/example_dags/example_setup_teardown.py
[2023-09-07T16:16:52.953+0000] {logging_mixin.py:151} INFO - [2023-09-07T16:16:52.953+0000] {dag.py:2907} INFO - Sync 1 DAGs
[2023-09-07T16:16:52.969+0000] {logging_mixin.py:151} INFO - [2023-09-07T16:16:52.969+0000] {dag.py:3677} INFO - Setting next_dagrun for example_setup_teardown to 2023-09-06T16:16:52.968916+00:00, run_after=2023-09-07T16:16:52.968916+00:00
[2023-09-07T16:16:52.985+0000] {processor.py:179} INFO - Processing /home/airflow/.local/lib/python3.8/site-packages/airflow/example_dags/example_setup_teardown.py took 0.060 seconds
[2023-09-07T16:17:23.814+0000] {processor.py:157} INFO - Started process (PID=9040) to work on /home/airflow/.local/lib/python3.8/site-packages/airflow/example_dags/example_setup_teardown.py
[2023-09-07T16:17:23.818+0000] {processor.py:829} INFO - Processing file /home/airflow/.local/lib/python3.8/site-packages/airflow/example_dags/example_setup_teardown.py for tasks to queue
[2023-09-07T16:17:23.826+0000] {logging_mixin.py:151} INFO - [2023-09-07T16:17:23.826+0000] {dagbag.py:539} INFO - Filling up the DagBag from /home/airflow/.local/lib/python3.8/site-packages/airflow/example_dags/example_setup_teardown.py
[2023-09-07T16:17:23.839+0000] {processor.py:839} INFO - DAG(s) dict_keys(['example_setup_teardown']) retrieved from /home/airflow/.local/lib/python3.8/site-packages/airflow/example_dags/example_setup_teardown.py
[2023-09-07T16:17:23.872+0000] {logging_mixin.py:151} INFO - [2023-09-07T16:17:23.871+0000] {dag.py:2907} INFO - Sync 1 DAGs
[2023-09-07T16:17:23.915+0000] {logging_mixin.py:151} INFO - [2023-09-07T16:17:23.914+0000] {dag.py:3677} INFO - Setting next_dagrun for example_setup_teardown to 2023-09-06T16:17:23.914208+00:00, run_after=2023-09-07T16:17:23.914208+00:00
[2023-09-07T16:17:23.939+0000] {processor.py:179} INFO - Processing /home/airflow/.local/lib/python3.8/site-packages/airflow/example_dags/example_setup_teardown.py took 0.129 seconds
[2023-09-07T16:17:55.370+0000] {processor.py:157} INFO - Started process (PID=9280) to work on /home/airflow/.local/lib/python3.8/site-packages/airflow/example_dags/example_setup_teardown.py
[2023-09-07T16:17:55.371+0000] {processor.py:829} INFO - Processing file /home/airflow/.local/lib/python3.8/site-packages/airflow/example_dags/example_setup_teardown.py for tasks to queue
[2023-09-07T16:17:55.372+0000] {logging_mixin.py:151} INFO - [2023-09-07T16:17:55.372+0000] {dagbag.py:539} INFO - Filling up the DagBag from /home/airflow/.local/lib/python3.8/site-packages/airflow/example_dags/example_setup_teardown.py
[2023-09-07T16:17:55.380+0000] {processor.py:839} INFO - DAG(s) dict_keys(['example_setup_teardown']) retrieved from /home/airflow/.local/lib/python3.8/site-packages/airflow/example_dags/example_setup_teardown.py
[2023-09-07T16:17:55.403+0000] {logging_mixin.py:151} INFO - [2023-09-07T16:17:55.402+0000] {dag.py:2907} INFO - Sync 1 DAGs
[2023-09-07T16:17:55.418+0000] {logging_mixin.py:151} INFO - [2023-09-07T16:17:55.418+0000] {dag.py:3677} INFO - Setting next_dagrun for example_setup_teardown to 2023-09-06T16:17:55.417872+00:00, run_after=2023-09-07T16:17:55.417872+00:00
[2023-09-07T16:17:55.429+0000] {processor.py:179} INFO - Processing /home/airflow/.local/lib/python3.8/site-packages/airflow/example_dags/example_setup_teardown.py took 0.062 seconds
[2023-09-07T16:18:25.562+0000] {processor.py:157} INFO - Started process (PID=9519) to work on /home/airflow/.local/lib/python3.8/site-packages/airflow/example_dags/example_setup_teardown.py
[2023-09-07T16:18:25.564+0000] {processor.py:829} INFO - Processing file /home/airflow/.local/lib/python3.8/site-packages/airflow/example_dags/example_setup_teardown.py for tasks to queue
[2023-09-07T16:18:25.565+0000] {logging_mixin.py:151} INFO - [2023-09-07T16:18:25.565+0000] {dagbag.py:539} INFO - Filling up the DagBag from /home/airflow/.local/lib/python3.8/site-packages/airflow/example_dags/example_setup_teardown.py
[2023-09-07T16:18:25.574+0000] {processor.py:839} INFO - DAG(s) dict_keys(['example_setup_teardown']) retrieved from /home/airflow/.local/lib/python3.8/site-packages/airflow/example_dags/example_setup_teardown.py
[2023-09-07T16:18:25.598+0000] {logging_mixin.py:151} INFO - [2023-09-07T16:18:25.598+0000] {dag.py:2907} INFO - Sync 1 DAGs
[2023-09-07T16:18:25.614+0000] {logging_mixin.py:151} INFO - [2023-09-07T16:18:25.614+0000] {dag.py:3677} INFO - Setting next_dagrun for example_setup_teardown to 2023-09-06T16:18:25.614569+00:00, run_after=2023-09-07T16:18:25.614569+00:00
[2023-09-07T16:18:25.626+0000] {processor.py:179} INFO - Processing /home/airflow/.local/lib/python3.8/site-packages/airflow/example_dags/example_setup_teardown.py took 0.067 seconds
[2023-09-07T16:18:55.721+0000] {processor.py:157} INFO - Started process (PID=9755) to work on /home/airflow/.local/lib/python3.8/site-packages/airflow/example_dags/example_setup_teardown.py
[2023-09-07T16:18:55.723+0000] {processor.py:829} INFO - Processing file /home/airflow/.local/lib/python3.8/site-packages/airflow/example_dags/example_setup_teardown.py for tasks to queue
[2023-09-07T16:18:55.724+0000] {logging_mixin.py:151} INFO - [2023-09-07T16:18:55.724+0000] {dagbag.py:539} INFO - Filling up the DagBag from /home/airflow/.local/lib/python3.8/site-packages/airflow/example_dags/example_setup_teardown.py
[2023-09-07T16:18:55.730+0000] {processor.py:839} INFO - DAG(s) dict_keys(['example_setup_teardown']) retrieved from /home/airflow/.local/lib/python3.8/site-packages/airflow/example_dags/example_setup_teardown.py
[2023-09-07T16:18:55.748+0000] {logging_mixin.py:151} INFO - [2023-09-07T16:18:55.748+0000] {dag.py:2907} INFO - Sync 1 DAGs
[2023-09-07T16:18:55.776+0000] {logging_mixin.py:151} INFO - [2023-09-07T16:18:55.776+0000] {dag.py:3677} INFO - Setting next_dagrun for example_setup_teardown to 2023-09-06T16:18:55.776133+00:00, run_after=2023-09-07T16:18:55.776133+00:00
[2023-09-07T16:18:55.793+0000] {processor.py:179} INFO - Processing /home/airflow/.local/lib/python3.8/site-packages/airflow/example_dags/example_setup_teardown.py took 0.075 seconds
[2023-09-07T16:19:26.211+0000] {processor.py:157} INFO - Started process (PID=9995) to work on /home/airflow/.local/lib/python3.8/site-packages/airflow/example_dags/example_setup_teardown.py
[2023-09-07T16:19:26.212+0000] {processor.py:829} INFO - Processing file /home/airflow/.local/lib/python3.8/site-packages/airflow/example_dags/example_setup_teardown.py for tasks to queue
[2023-09-07T16:19:26.213+0000] {logging_mixin.py:151} INFO - [2023-09-07T16:19:26.213+0000] {dagbag.py:539} INFO - Filling up the DagBag from /home/airflow/.local/lib/python3.8/site-packages/airflow/example_dags/example_setup_teardown.py
[2023-09-07T16:19:26.219+0000] {processor.py:839} INFO - DAG(s) dict_keys(['example_setup_teardown']) retrieved from /home/airflow/.local/lib/python3.8/site-packages/airflow/example_dags/example_setup_teardown.py
[2023-09-07T16:19:26.236+0000] {logging_mixin.py:151} INFO - [2023-09-07T16:19:26.236+0000] {dag.py:2907} INFO - Sync 1 DAGs
[2023-09-07T16:19:26.250+0000] {logging_mixin.py:151} INFO - [2023-09-07T16:19:26.249+0000] {dag.py:3677} INFO - Setting next_dagrun for example_setup_teardown to 2023-09-06T16:19:26.249749+00:00, run_after=2023-09-07T16:19:26.249749+00:00
[2023-09-07T16:19:26.259+0000] {processor.py:179} INFO - Processing /home/airflow/.local/lib/python3.8/site-packages/airflow/example_dags/example_setup_teardown.py took 0.051 seconds
[2023-09-07T16:19:56.631+0000] {processor.py:157} INFO - Started process (PID=10231) to work on /home/airflow/.local/lib/python3.8/site-packages/airflow/example_dags/example_setup_teardown.py
[2023-09-07T16:19:56.633+0000] {processor.py:829} INFO - Processing file /home/airflow/.local/lib/python3.8/site-packages/airflow/example_dags/example_setup_teardown.py for tasks to queue
[2023-09-07T16:19:56.634+0000] {logging_mixin.py:151} INFO - [2023-09-07T16:19:56.634+0000] {dagbag.py:539} INFO - Filling up the DagBag from /home/airflow/.local/lib/python3.8/site-packages/airflow/example_dags/example_setup_teardown.py
[2023-09-07T16:19:56.640+0000] {processor.py:839} INFO - DAG(s) dict_keys(['example_setup_teardown']) retrieved from /home/airflow/.local/lib/python3.8/site-packages/airflow/example_dags/example_setup_teardown.py
[2023-09-07T16:19:56.658+0000] {logging_mixin.py:151} INFO - [2023-09-07T16:19:56.658+0000] {dag.py:2907} INFO - Sync 1 DAGs
[2023-09-07T16:19:56.672+0000] {logging_mixin.py:151} INFO - [2023-09-07T16:19:56.672+0000] {dag.py:3677} INFO - Setting next_dagrun for example_setup_teardown to 2023-09-06T16:19:56.671784+00:00, run_after=2023-09-07T16:19:56.671784+00:00
[2023-09-07T16:19:56.682+0000] {processor.py:179} INFO - Processing /home/airflow/.local/lib/python3.8/site-packages/airflow/example_dags/example_setup_teardown.py took 0.053 seconds
[2023-09-07T16:20:27.030+0000] {processor.py:157} INFO - Started process (PID=10469) to work on /home/airflow/.local/lib/python3.8/site-packages/airflow/example_dags/example_setup_teardown.py
[2023-09-07T16:20:27.032+0000] {processor.py:829} INFO - Processing file /home/airflow/.local/lib/python3.8/site-packages/airflow/example_dags/example_setup_teardown.py for tasks to queue
[2023-09-07T16:20:27.033+0000] {logging_mixin.py:151} INFO - [2023-09-07T16:20:27.033+0000] {dagbag.py:539} INFO - Filling up the DagBag from /home/airflow/.local/lib/python3.8/site-packages/airflow/example_dags/example_setup_teardown.py
[2023-09-07T16:20:27.039+0000] {processor.py:839} INFO - DAG(s) dict_keys(['example_setup_teardown']) retrieved from /home/airflow/.local/lib/python3.8/site-packages/airflow/example_dags/example_setup_teardown.py
[2023-09-07T16:20:27.075+0000] {logging_mixin.py:151} INFO - [2023-09-07T16:20:27.075+0000] {dag.py:2907} INFO - Sync 1 DAGs
[2023-09-07T16:20:27.097+0000] {logging_mixin.py:151} INFO - [2023-09-07T16:20:27.097+0000] {dag.py:3677} INFO - Setting next_dagrun for example_setup_teardown to 2023-09-06T16:20:27.097211+00:00, run_after=2023-09-07T16:20:27.097211+00:00
[2023-09-07T16:20:27.109+0000] {processor.py:179} INFO - Processing /home/airflow/.local/lib/python3.8/site-packages/airflow/example_dags/example_setup_teardown.py took 0.082 seconds
[2023-09-07T16:20:57.606+0000] {processor.py:157} INFO - Started process (PID=10706) to work on /home/airflow/.local/lib/python3.8/site-packages/airflow/example_dags/example_setup_teardown.py
[2023-09-07T16:20:57.608+0000] {processor.py:829} INFO - Processing file /home/airflow/.local/lib/python3.8/site-packages/airflow/example_dags/example_setup_teardown.py for tasks to queue
[2023-09-07T16:20:57.608+0000] {logging_mixin.py:151} INFO - [2023-09-07T16:20:57.608+0000] {dagbag.py:539} INFO - Filling up the DagBag from /home/airflow/.local/lib/python3.8/site-packages/airflow/example_dags/example_setup_teardown.py
[2023-09-07T16:20:57.614+0000] {processor.py:839} INFO - DAG(s) dict_keys(['example_setup_teardown']) retrieved from /home/airflow/.local/lib/python3.8/site-packages/airflow/example_dags/example_setup_teardown.py
[2023-09-07T16:20:57.631+0000] {logging_mixin.py:151} INFO - [2023-09-07T16:20:57.631+0000] {dag.py:2907} INFO - Sync 1 DAGs
[2023-09-07T16:20:57.645+0000] {logging_mixin.py:151} INFO - [2023-09-07T16:20:57.645+0000] {dag.py:3677} INFO - Setting next_dagrun for example_setup_teardown to 2023-09-06T16:20:57.645145+00:00, run_after=2023-09-07T16:20:57.645145+00:00
[2023-09-07T16:20:57.656+0000] {processor.py:179} INFO - Processing /home/airflow/.local/lib/python3.8/site-packages/airflow/example_dags/example_setup_teardown.py took 0.052 seconds
[2023-09-07T16:21:27.973+0000] {processor.py:157} INFO - Started process (PID=10944) to work on /home/airflow/.local/lib/python3.8/site-packages/airflow/example_dags/example_setup_teardown.py
[2023-09-07T16:21:27.975+0000] {processor.py:829} INFO - Processing file /home/airflow/.local/lib/python3.8/site-packages/airflow/example_dags/example_setup_teardown.py for tasks to queue
[2023-09-07T16:21:27.976+0000] {logging_mixin.py:151} INFO - [2023-09-07T16:21:27.975+0000] {dagbag.py:539} INFO - Filling up the DagBag from /home/airflow/.local/lib/python3.8/site-packages/airflow/example_dags/example_setup_teardown.py
[2023-09-07T16:21:27.984+0000] {processor.py:839} INFO - DAG(s) dict_keys(['example_setup_teardown']) retrieved from /home/airflow/.local/lib/python3.8/site-packages/airflow/example_dags/example_setup_teardown.py
[2023-09-07T16:21:28.005+0000] {logging_mixin.py:151} INFO - [2023-09-07T16:21:28.005+0000] {dag.py:2907} INFO - Sync 1 DAGs
[2023-09-07T16:21:28.020+0000] {logging_mixin.py:151} INFO - [2023-09-07T16:21:28.019+0000] {dag.py:3677} INFO - Setting next_dagrun for example_setup_teardown to 2023-09-06T16:21:28.019685+00:00, run_after=2023-09-07T16:21:28.019685+00:00
[2023-09-07T16:21:28.030+0000] {processor.py:179} INFO - Processing /home/airflow/.local/lib/python3.8/site-packages/airflow/example_dags/example_setup_teardown.py took 0.060 seconds
[2023-09-07T16:21:58.557+0000] {processor.py:157} INFO - Started process (PID=11182) to work on /home/airflow/.local/lib/python3.8/site-packages/airflow/example_dags/example_setup_teardown.py
[2023-09-07T16:21:58.559+0000] {processor.py:829} INFO - Processing file /home/airflow/.local/lib/python3.8/site-packages/airflow/example_dags/example_setup_teardown.py for tasks to queue
[2023-09-07T16:21:58.560+0000] {logging_mixin.py:151} INFO - [2023-09-07T16:21:58.559+0000] {dagbag.py:539} INFO - Filling up the DagBag from /home/airflow/.local/lib/python3.8/site-packages/airflow/example_dags/example_setup_teardown.py
[2023-09-07T16:21:58.566+0000] {processor.py:839} INFO - DAG(s) dict_keys(['example_setup_teardown']) retrieved from /home/airflow/.local/lib/python3.8/site-packages/airflow/example_dags/example_setup_teardown.py
[2023-09-07T16:21:58.583+0000] {logging_mixin.py:151} INFO - [2023-09-07T16:21:58.583+0000] {dag.py:2907} INFO - Sync 1 DAGs
[2023-09-07T16:21:58.596+0000] {logging_mixin.py:151} INFO - [2023-09-07T16:21:58.596+0000] {dag.py:3677} INFO - Setting next_dagrun for example_setup_teardown to 2023-09-06T16:21:58.596311+00:00, run_after=2023-09-07T16:21:58.596311+00:00
[2023-09-07T16:21:58.613+0000] {processor.py:179} INFO - Processing /home/airflow/.local/lib/python3.8/site-packages/airflow/example_dags/example_setup_teardown.py took 0.059 seconds
[2023-09-07T16:22:29.186+0000] {processor.py:157} INFO - Started process (PID=11419) to work on /home/airflow/.local/lib/python3.8/site-packages/airflow/example_dags/example_setup_teardown.py
[2023-09-07T16:22:29.187+0000] {processor.py:829} INFO - Processing file /home/airflow/.local/lib/python3.8/site-packages/airflow/example_dags/example_setup_teardown.py for tasks to queue
[2023-09-07T16:22:29.188+0000] {logging_mixin.py:151} INFO - [2023-09-07T16:22:29.188+0000] {dagbag.py:539} INFO - Filling up the DagBag from /home/airflow/.local/lib/python3.8/site-packages/airflow/example_dags/example_setup_teardown.py
[2023-09-07T16:22:29.194+0000] {processor.py:839} INFO - DAG(s) dict_keys(['example_setup_teardown']) retrieved from /home/airflow/.local/lib/python3.8/site-packages/airflow/example_dags/example_setup_teardown.py
[2023-09-07T16:22:29.212+0000] {logging_mixin.py:151} INFO - [2023-09-07T16:22:29.212+0000] {dag.py:2907} INFO - Sync 1 DAGs
[2023-09-07T16:22:29.224+0000] {logging_mixin.py:151} INFO - [2023-09-07T16:22:29.224+0000] {dag.py:3677} INFO - Setting next_dagrun for example_setup_teardown to 2023-09-06T16:22:29.224306+00:00, run_after=2023-09-07T16:22:29.224306+00:00
[2023-09-07T16:22:29.234+0000] {processor.py:179} INFO - Processing /home/airflow/.local/lib/python3.8/site-packages/airflow/example_dags/example_setup_teardown.py took 0.051 seconds
[2023-09-07T16:22:59.591+0000] {processor.py:157} INFO - Started process (PID=11657) to work on /home/airflow/.local/lib/python3.8/site-packages/airflow/example_dags/example_setup_teardown.py
[2023-09-07T16:22:59.593+0000] {processor.py:829} INFO - Processing file /home/airflow/.local/lib/python3.8/site-packages/airflow/example_dags/example_setup_teardown.py for tasks to queue
[2023-09-07T16:22:59.594+0000] {logging_mixin.py:151} INFO - [2023-09-07T16:22:59.593+0000] {dagbag.py:539} INFO - Filling up the DagBag from /home/airflow/.local/lib/python3.8/site-packages/airflow/example_dags/example_setup_teardown.py
[2023-09-07T16:22:59.600+0000] {processor.py:839} INFO - DAG(s) dict_keys(['example_setup_teardown']) retrieved from /home/airflow/.local/lib/python3.8/site-packages/airflow/example_dags/example_setup_teardown.py
[2023-09-07T16:22:59.616+0000] {logging_mixin.py:151} INFO - [2023-09-07T16:22:59.616+0000] {dag.py:2907} INFO - Sync 1 DAGs
[2023-09-07T16:22:59.631+0000] {logging_mixin.py:151} INFO - [2023-09-07T16:22:59.631+0000] {dag.py:3677} INFO - Setting next_dagrun for example_setup_teardown to 2023-09-06T16:22:59.631016+00:00, run_after=2023-09-07T16:22:59.631016+00:00
[2023-09-07T16:22:59.642+0000] {processor.py:179} INFO - Processing /home/airflow/.local/lib/python3.8/site-packages/airflow/example_dags/example_setup_teardown.py took 0.053 seconds
[2023-09-07T16:23:30.204+0000] {processor.py:157} INFO - Started process (PID=11895) to work on /home/airflow/.local/lib/python3.8/site-packages/airflow/example_dags/example_setup_teardown.py
[2023-09-07T16:23:30.205+0000] {processor.py:829} INFO - Processing file /home/airflow/.local/lib/python3.8/site-packages/airflow/example_dags/example_setup_teardown.py for tasks to queue
[2023-09-07T16:23:30.206+0000] {logging_mixin.py:151} INFO - [2023-09-07T16:23:30.206+0000] {dagbag.py:539} INFO - Filling up the DagBag from /home/airflow/.local/lib/python3.8/site-packages/airflow/example_dags/example_setup_teardown.py
[2023-09-07T16:23:30.212+0000] {processor.py:839} INFO - DAG(s) dict_keys(['example_setup_teardown']) retrieved from /home/airflow/.local/lib/python3.8/site-packages/airflow/example_dags/example_setup_teardown.py
[2023-09-07T16:23:30.230+0000] {logging_mixin.py:151} INFO - [2023-09-07T16:23:30.230+0000] {dag.py:2907} INFO - Sync 1 DAGs
[2023-09-07T16:23:30.245+0000] {logging_mixin.py:151} INFO - [2023-09-07T16:23:30.244+0000] {dag.py:3677} INFO - Setting next_dagrun for example_setup_teardown to 2023-09-06T16:23:30.244737+00:00, run_after=2023-09-07T16:23:30.244737+00:00
[2023-09-07T16:23:30.258+0000] {processor.py:179} INFO - Processing /home/airflow/.local/lib/python3.8/site-packages/airflow/example_dags/example_setup_teardown.py took 0.057 seconds
[2023-09-07T16:24:00.782+0000] {processor.py:157} INFO - Started process (PID=12133) to work on /home/airflow/.local/lib/python3.8/site-packages/airflow/example_dags/example_setup_teardown.py
[2023-09-07T16:24:00.783+0000] {processor.py:829} INFO - Processing file /home/airflow/.local/lib/python3.8/site-packages/airflow/example_dags/example_setup_teardown.py for tasks to queue
[2023-09-07T16:24:00.784+0000] {logging_mixin.py:151} INFO - [2023-09-07T16:24:00.784+0000] {dagbag.py:539} INFO - Filling up the DagBag from /home/airflow/.local/lib/python3.8/site-packages/airflow/example_dags/example_setup_teardown.py
[2023-09-07T16:24:00.790+0000] {processor.py:839} INFO - DAG(s) dict_keys(['example_setup_teardown']) retrieved from /home/airflow/.local/lib/python3.8/site-packages/airflow/example_dags/example_setup_teardown.py
[2023-09-07T16:24:00.807+0000] {logging_mixin.py:151} INFO - [2023-09-07T16:24:00.807+0000] {dag.py:2907} INFO - Sync 1 DAGs
[2023-09-07T16:24:00.825+0000] {logging_mixin.py:151} INFO - [2023-09-07T16:24:00.825+0000] {dag.py:3677} INFO - Setting next_dagrun for example_setup_teardown to 2023-09-06T16:24:00.824853+00:00, run_after=2023-09-07T16:24:00.824853+00:00
[2023-09-07T16:24:00.837+0000] {processor.py:179} INFO - Processing /home/airflow/.local/lib/python3.8/site-packages/airflow/example_dags/example_setup_teardown.py took 0.058 seconds
[2023-09-07T16:24:31.275+0000] {processor.py:157} INFO - Started process (PID=12371) to work on /home/airflow/.local/lib/python3.8/site-packages/airflow/example_dags/example_setup_teardown.py
[2023-09-07T16:24:31.276+0000] {processor.py:829} INFO - Processing file /home/airflow/.local/lib/python3.8/site-packages/airflow/example_dags/example_setup_teardown.py for tasks to queue
[2023-09-07T16:24:31.277+0000] {logging_mixin.py:151} INFO - [2023-09-07T16:24:31.277+0000] {dagbag.py:539} INFO - Filling up the DagBag from /home/airflow/.local/lib/python3.8/site-packages/airflow/example_dags/example_setup_teardown.py
[2023-09-07T16:24:31.284+0000] {processor.py:839} INFO - DAG(s) dict_keys(['example_setup_teardown']) retrieved from /home/airflow/.local/lib/python3.8/site-packages/airflow/example_dags/example_setup_teardown.py
[2023-09-07T16:24:31.301+0000] {logging_mixin.py:151} INFO - [2023-09-07T16:24:31.301+0000] {dag.py:2907} INFO - Sync 1 DAGs
[2023-09-07T16:24:31.319+0000] {logging_mixin.py:151} INFO - [2023-09-07T16:24:31.318+0000] {dag.py:3677} INFO - Setting next_dagrun for example_setup_teardown to 2023-09-06T16:24:31.318732+00:00, run_after=2023-09-07T16:24:31.318732+00:00
[2023-09-07T16:24:31.331+0000] {processor.py:179} INFO - Processing /home/airflow/.local/lib/python3.8/site-packages/airflow/example_dags/example_setup_teardown.py took 0.059 seconds
[2023-09-07T16:25:01.632+0000] {processor.py:157} INFO - Started process (PID=12610) to work on /home/airflow/.local/lib/python3.8/site-packages/airflow/example_dags/example_setup_teardown.py
[2023-09-07T16:25:01.633+0000] {processor.py:829} INFO - Processing file /home/airflow/.local/lib/python3.8/site-packages/airflow/example_dags/example_setup_teardown.py for tasks to queue
[2023-09-07T16:25:01.634+0000] {logging_mixin.py:151} INFO - [2023-09-07T16:25:01.634+0000] {dagbag.py:539} INFO - Filling up the DagBag from /home/airflow/.local/lib/python3.8/site-packages/airflow/example_dags/example_setup_teardown.py
[2023-09-07T16:25:01.642+0000] {processor.py:839} INFO - DAG(s) dict_keys(['example_setup_teardown']) retrieved from /home/airflow/.local/lib/python3.8/site-packages/airflow/example_dags/example_setup_teardown.py
[2023-09-07T16:25:01.660+0000] {logging_mixin.py:151} INFO - [2023-09-07T16:25:01.660+0000] {dag.py:2907} INFO - Sync 1 DAGs
[2023-09-07T16:25:01.676+0000] {logging_mixin.py:151} INFO - [2023-09-07T16:25:01.676+0000] {dag.py:3677} INFO - Setting next_dagrun for example_setup_teardown to 2023-09-06T16:25:01.675851+00:00, run_after=2023-09-07T16:25:01.675851+00:00
[2023-09-07T16:25:01.688+0000] {processor.py:179} INFO - Processing /home/airflow/.local/lib/python3.8/site-packages/airflow/example_dags/example_setup_teardown.py took 0.059 seconds
[2023-09-07T16:25:32.137+0000] {processor.py:157} INFO - Started process (PID=12847) to work on /home/airflow/.local/lib/python3.8/site-packages/airflow/example_dags/example_setup_teardown.py
[2023-09-07T16:25:32.138+0000] {processor.py:829} INFO - Processing file /home/airflow/.local/lib/python3.8/site-packages/airflow/example_dags/example_setup_teardown.py for tasks to queue
[2023-09-07T16:25:32.139+0000] {logging_mixin.py:151} INFO - [2023-09-07T16:25:32.139+0000] {dagbag.py:539} INFO - Filling up the DagBag from /home/airflow/.local/lib/python3.8/site-packages/airflow/example_dags/example_setup_teardown.py
[2023-09-07T16:25:32.145+0000] {processor.py:839} INFO - DAG(s) dict_keys(['example_setup_teardown']) retrieved from /home/airflow/.local/lib/python3.8/site-packages/airflow/example_dags/example_setup_teardown.py
[2023-09-07T16:25:32.163+0000] {logging_mixin.py:151} INFO - [2023-09-07T16:25:32.163+0000] {dag.py:2907} INFO - Sync 1 DAGs
[2023-09-07T16:25:32.177+0000] {logging_mixin.py:151} INFO - [2023-09-07T16:25:32.177+0000] {dag.py:3677} INFO - Setting next_dagrun for example_setup_teardown to 2023-09-06T16:25:32.177266+00:00, run_after=2023-09-07T16:25:32.177266+00:00
[2023-09-07T16:25:32.188+0000] {processor.py:179} INFO - Processing /home/airflow/.local/lib/python3.8/site-packages/airflow/example_dags/example_setup_teardown.py took 0.054 seconds
[2023-09-07T16:26:02.689+0000] {processor.py:157} INFO - Started process (PID=13085) to work on /home/airflow/.local/lib/python3.8/site-packages/airflow/example_dags/example_setup_teardown.py
[2023-09-07T16:26:02.692+0000] {processor.py:829} INFO - Processing file /home/airflow/.local/lib/python3.8/site-packages/airflow/example_dags/example_setup_teardown.py for tasks to queue
[2023-09-07T16:26:02.693+0000] {logging_mixin.py:151} INFO - [2023-09-07T16:26:02.692+0000] {dagbag.py:539} INFO - Filling up the DagBag from /home/airflow/.local/lib/python3.8/site-packages/airflow/example_dags/example_setup_teardown.py
[2023-09-07T16:26:02.701+0000] {processor.py:839} INFO - DAG(s) dict_keys(['example_setup_teardown']) retrieved from /home/airflow/.local/lib/python3.8/site-packages/airflow/example_dags/example_setup_teardown.py
[2023-09-07T16:26:02.719+0000] {logging_mixin.py:151} INFO - [2023-09-07T16:26:02.719+0000] {dag.py:2907} INFO - Sync 1 DAGs
[2023-09-07T16:26:02.731+0000] {logging_mixin.py:151} INFO - [2023-09-07T16:26:02.731+0000] {dag.py:3677} INFO - Setting next_dagrun for example_setup_teardown to 2023-09-06T16:26:02.731063+00:00, run_after=2023-09-07T16:26:02.731063+00:00
[2023-09-07T16:26:02.743+0000] {processor.py:179} INFO - Processing /home/airflow/.local/lib/python3.8/site-packages/airflow/example_dags/example_setup_teardown.py took 0.057 seconds
[2023-09-07T16:26:33.640+0000] {processor.py:157} INFO - Started process (PID=13324) to work on /home/airflow/.local/lib/python3.8/site-packages/airflow/example_dags/example_setup_teardown.py
[2023-09-07T16:26:33.641+0000] {processor.py:829} INFO - Processing file /home/airflow/.local/lib/python3.8/site-packages/airflow/example_dags/example_setup_teardown.py for tasks to queue
[2023-09-07T16:26:33.642+0000] {logging_mixin.py:151} INFO - [2023-09-07T16:26:33.642+0000] {dagbag.py:539} INFO - Filling up the DagBag from /home/airflow/.local/lib/python3.8/site-packages/airflow/example_dags/example_setup_teardown.py
[2023-09-07T16:26:33.649+0000] {processor.py:839} INFO - DAG(s) dict_keys(['example_setup_teardown']) retrieved from /home/airflow/.local/lib/python3.8/site-packages/airflow/example_dags/example_setup_teardown.py
[2023-09-07T16:26:33.666+0000] {logging_mixin.py:151} INFO - [2023-09-07T16:26:33.665+0000] {dag.py:2907} INFO - Sync 1 DAGs
[2023-09-07T16:26:33.680+0000] {logging_mixin.py:151} INFO - [2023-09-07T16:26:33.680+0000] {dag.py:3677} INFO - Setting next_dagrun for example_setup_teardown to 2023-09-06T16:26:33.679850+00:00, run_after=2023-09-07T16:26:33.679850+00:00
[2023-09-07T16:26:33.693+0000] {processor.py:179} INFO - Processing /home/airflow/.local/lib/python3.8/site-packages/airflow/example_dags/example_setup_teardown.py took 0.055 seconds
[2023-09-07T16:27:03.962+0000] {processor.py:157} INFO - Started process (PID=13562) to work on /home/airflow/.local/lib/python3.8/site-packages/airflow/example_dags/example_setup_teardown.py
[2023-09-07T16:27:03.964+0000] {processor.py:829} INFO - Processing file /home/airflow/.local/lib/python3.8/site-packages/airflow/example_dags/example_setup_teardown.py for tasks to queue
[2023-09-07T16:27:03.965+0000] {logging_mixin.py:151} INFO - [2023-09-07T16:27:03.964+0000] {dagbag.py:539} INFO - Filling up the DagBag from /home/airflow/.local/lib/python3.8/site-packages/airflow/example_dags/example_setup_teardown.py
[2023-09-07T16:27:03.971+0000] {processor.py:839} INFO - DAG(s) dict_keys(['example_setup_teardown']) retrieved from /home/airflow/.local/lib/python3.8/site-packages/airflow/example_dags/example_setup_teardown.py
[2023-09-07T16:27:03.989+0000] {logging_mixin.py:151} INFO - [2023-09-07T16:27:03.988+0000] {dag.py:2907} INFO - Sync 1 DAGs
[2023-09-07T16:27:04.002+0000] {logging_mixin.py:151} INFO - [2023-09-07T16:27:04.002+0000] {dag.py:3677} INFO - Setting next_dagrun for example_setup_teardown to 2023-09-06T16:27:04.002495+00:00, run_after=2023-09-07T16:27:04.002495+00:00
[2023-09-07T16:27:04.014+0000] {processor.py:179} INFO - Processing /home/airflow/.local/lib/python3.8/site-packages/airflow/example_dags/example_setup_teardown.py took 0.054 seconds
[2023-09-07T16:27:34.357+0000] {processor.py:157} INFO - Started process (PID=13801) to work on /home/airflow/.local/lib/python3.8/site-packages/airflow/example_dags/example_setup_teardown.py
[2023-09-07T16:27:34.358+0000] {processor.py:829} INFO - Processing file /home/airflow/.local/lib/python3.8/site-packages/airflow/example_dags/example_setup_teardown.py for tasks to queue
[2023-09-07T16:27:34.359+0000] {logging_mixin.py:151} INFO - [2023-09-07T16:27:34.359+0000] {dagbag.py:539} INFO - Filling up the DagBag from /home/airflow/.local/lib/python3.8/site-packages/airflow/example_dags/example_setup_teardown.py
[2023-09-07T16:27:34.366+0000] {processor.py:839} INFO - DAG(s) dict_keys(['example_setup_teardown']) retrieved from /home/airflow/.local/lib/python3.8/site-packages/airflow/example_dags/example_setup_teardown.py
[2023-09-07T16:27:34.382+0000] {logging_mixin.py:151} INFO - [2023-09-07T16:27:34.382+0000] {dag.py:2907} INFO - Sync 1 DAGs
[2023-09-07T16:27:34.397+0000] {logging_mixin.py:151} INFO - [2023-09-07T16:27:34.397+0000] {dag.py:3677} INFO - Setting next_dagrun for example_setup_teardown to 2023-09-06T16:27:34.397289+00:00, run_after=2023-09-07T16:27:34.397289+00:00
[2023-09-07T16:27:34.410+0000] {processor.py:179} INFO - Processing /home/airflow/.local/lib/python3.8/site-packages/airflow/example_dags/example_setup_teardown.py took 0.056 seconds
[2023-09-07T16:28:04.817+0000] {processor.py:157} INFO - Started process (PID=14039) to work on /home/airflow/.local/lib/python3.8/site-packages/airflow/example_dags/example_setup_teardown.py
[2023-09-07T16:28:04.819+0000] {processor.py:829} INFO - Processing file /home/airflow/.local/lib/python3.8/site-packages/airflow/example_dags/example_setup_teardown.py for tasks to queue
[2023-09-07T16:28:04.820+0000] {logging_mixin.py:151} INFO - [2023-09-07T16:28:04.820+0000] {dagbag.py:539} INFO - Filling up the DagBag from /home/airflow/.local/lib/python3.8/site-packages/airflow/example_dags/example_setup_teardown.py
[2023-09-07T16:28:04.826+0000] {processor.py:839} INFO - DAG(s) dict_keys(['example_setup_teardown']) retrieved from /home/airflow/.local/lib/python3.8/site-packages/airflow/example_dags/example_setup_teardown.py
[2023-09-07T16:28:04.843+0000] {logging_mixin.py:151} INFO - [2023-09-07T16:28:04.843+0000] {dag.py:2907} INFO - Sync 1 DAGs
[2023-09-07T16:28:04.858+0000] {logging_mixin.py:151} INFO - [2023-09-07T16:28:04.858+0000] {dag.py:3677} INFO - Setting next_dagrun for example_setup_teardown to 2023-09-06T16:28:04.858196+00:00, run_after=2023-09-07T16:28:04.858196+00:00
[2023-09-07T16:28:04.869+0000] {processor.py:179} INFO - Processing /home/airflow/.local/lib/python3.8/site-packages/airflow/example_dags/example_setup_teardown.py took 0.055 seconds
[2023-09-07T16:28:35.338+0000] {processor.py:157} INFO - Started process (PID=14279) to work on /home/airflow/.local/lib/python3.8/site-packages/airflow/example_dags/example_setup_teardown.py
[2023-09-07T16:28:35.339+0000] {processor.py:829} INFO - Processing file /home/airflow/.local/lib/python3.8/site-packages/airflow/example_dags/example_setup_teardown.py for tasks to queue
[2023-09-07T16:28:35.340+0000] {logging_mixin.py:151} INFO - [2023-09-07T16:28:35.340+0000] {dagbag.py:539} INFO - Filling up the DagBag from /home/airflow/.local/lib/python3.8/site-packages/airflow/example_dags/example_setup_teardown.py
[2023-09-07T16:28:35.346+0000] {processor.py:839} INFO - DAG(s) dict_keys(['example_setup_teardown']) retrieved from /home/airflow/.local/lib/python3.8/site-packages/airflow/example_dags/example_setup_teardown.py
[2023-09-07T16:28:35.368+0000] {logging_mixin.py:151} INFO - [2023-09-07T16:28:35.368+0000] {dag.py:2907} INFO - Sync 1 DAGs
[2023-09-07T16:28:35.384+0000] {logging_mixin.py:151} INFO - [2023-09-07T16:28:35.384+0000] {dag.py:3677} INFO - Setting next_dagrun for example_setup_teardown to 2023-09-06T16:28:35.384395+00:00, run_after=2023-09-07T16:28:35.384395+00:00
[2023-09-07T16:28:35.394+0000] {processor.py:179} INFO - Processing /home/airflow/.local/lib/python3.8/site-packages/airflow/example_dags/example_setup_teardown.py took 0.059 seconds
[2023-09-07T16:29:07.179+0000] {processor.py:157} INFO - Started process (PID=14516) to work on /home/airflow/.local/lib/python3.8/site-packages/airflow/example_dags/example_setup_teardown.py
[2023-09-07T16:29:07.180+0000] {processor.py:829} INFO - Processing file /home/airflow/.local/lib/python3.8/site-packages/airflow/example_dags/example_setup_teardown.py for tasks to queue
[2023-09-07T16:29:07.181+0000] {logging_mixin.py:151} INFO - [2023-09-07T16:29:07.181+0000] {dagbag.py:539} INFO - Filling up the DagBag from /home/airflow/.local/lib/python3.8/site-packages/airflow/example_dags/example_setup_teardown.py
[2023-09-07T16:29:07.187+0000] {processor.py:839} INFO - DAG(s) dict_keys(['example_setup_teardown']) retrieved from /home/airflow/.local/lib/python3.8/site-packages/airflow/example_dags/example_setup_teardown.py
[2023-09-07T16:29:07.204+0000] {logging_mixin.py:151} INFO - [2023-09-07T16:29:07.204+0000] {dag.py:2907} INFO - Sync 1 DAGs
[2023-09-07T16:29:07.217+0000] {logging_mixin.py:151} INFO - [2023-09-07T16:29:07.216+0000] {dag.py:3677} INFO - Setting next_dagrun for example_setup_teardown to 2023-09-06T16:29:07.216730+00:00, run_after=2023-09-07T16:29:07.216730+00:00
[2023-09-07T16:29:07.227+0000] {processor.py:179} INFO - Processing /home/airflow/.local/lib/python3.8/site-packages/airflow/example_dags/example_setup_teardown.py took 0.050 seconds
[2023-09-07T16:30:58.232+0000] {processor.py:157} INFO - Started process (PID=14750) to work on /home/airflow/.local/lib/python3.8/site-packages/airflow/example_dags/example_setup_teardown.py
[2023-09-07T16:30:58.238+0000] {processor.py:829} INFO - Processing file /home/airflow/.local/lib/python3.8/site-packages/airflow/example_dags/example_setup_teardown.py for tasks to queue
[2023-09-07T16:30:58.241+0000] {logging_mixin.py:151} INFO - [2023-09-07T16:30:58.241+0000] {dagbag.py:539} INFO - Filling up the DagBag from /home/airflow/.local/lib/python3.8/site-packages/airflow/example_dags/example_setup_teardown.py
[2023-09-07T16:30:58.259+0000] {processor.py:839} INFO - DAG(s) dict_keys(['example_setup_teardown']) retrieved from /home/airflow/.local/lib/python3.8/site-packages/airflow/example_dags/example_setup_teardown.py
[2023-09-07T16:30:58.300+0000] {logging_mixin.py:151} INFO - [2023-09-07T16:30:58.300+0000] {dag.py:2907} INFO - Sync 1 DAGs
[2023-09-07T16:30:58.333+0000] {logging_mixin.py:151} INFO - [2023-09-07T16:30:58.332+0000] {dag.py:3677} INFO - Setting next_dagrun for example_setup_teardown to 2023-09-06T16:30:58.331979+00:00, run_after=2023-09-07T16:30:58.331979+00:00
[2023-09-07T16:30:58.367+0000] {processor.py:179} INFO - Processing /home/airflow/.local/lib/python3.8/site-packages/airflow/example_dags/example_setup_teardown.py took 0.151 seconds
[2023-09-07T16:31:29.266+0000] {processor.py:157} INFO - Started process (PID=14988) to work on /home/airflow/.local/lib/python3.8/site-packages/airflow/example_dags/example_setup_teardown.py
[2023-09-07T16:31:29.267+0000] {processor.py:829} INFO - Processing file /home/airflow/.local/lib/python3.8/site-packages/airflow/example_dags/example_setup_teardown.py for tasks to queue
[2023-09-07T16:31:29.269+0000] {logging_mixin.py:151} INFO - [2023-09-07T16:31:29.268+0000] {dagbag.py:539} INFO - Filling up the DagBag from /home/airflow/.local/lib/python3.8/site-packages/airflow/example_dags/example_setup_teardown.py
[2023-09-07T16:31:29.277+0000] {processor.py:839} INFO - DAG(s) dict_keys(['example_setup_teardown']) retrieved from /home/airflow/.local/lib/python3.8/site-packages/airflow/example_dags/example_setup_teardown.py
[2023-09-07T16:31:29.297+0000] {logging_mixin.py:151} INFO - [2023-09-07T16:31:29.297+0000] {dag.py:2907} INFO - Sync 1 DAGs
[2023-09-07T16:31:29.313+0000] {logging_mixin.py:151} INFO - [2023-09-07T16:31:29.313+0000] {dag.py:3677} INFO - Setting next_dagrun for example_setup_teardown to 2023-09-06T16:31:29.313341+00:00, run_after=2023-09-07T16:31:29.313341+00:00
[2023-09-07T16:31:29.328+0000] {processor.py:179} INFO - Processing /home/airflow/.local/lib/python3.8/site-packages/airflow/example_dags/example_setup_teardown.py took 0.067 seconds
[2023-09-07T16:32:00.119+0000] {processor.py:157} INFO - Started process (PID=15226) to work on /home/airflow/.local/lib/python3.8/site-packages/airflow/example_dags/example_setup_teardown.py
[2023-09-07T16:32:00.121+0000] {processor.py:829} INFO - Processing file /home/airflow/.local/lib/python3.8/site-packages/airflow/example_dags/example_setup_teardown.py for tasks to queue
[2023-09-07T16:32:00.122+0000] {logging_mixin.py:151} INFO - [2023-09-07T16:32:00.121+0000] {dagbag.py:539} INFO - Filling up the DagBag from /home/airflow/.local/lib/python3.8/site-packages/airflow/example_dags/example_setup_teardown.py
[2023-09-07T16:32:00.129+0000] {processor.py:839} INFO - DAG(s) dict_keys(['example_setup_teardown']) retrieved from /home/airflow/.local/lib/python3.8/site-packages/airflow/example_dags/example_setup_teardown.py
[2023-09-07T16:32:00.154+0000] {logging_mixin.py:151} INFO - [2023-09-07T16:32:00.153+0000] {dag.py:2907} INFO - Sync 1 DAGs
[2023-09-07T16:32:00.170+0000] {logging_mixin.py:151} INFO - [2023-09-07T16:32:00.169+0000] {dag.py:3677} INFO - Setting next_dagrun for example_setup_teardown to 2023-09-06T16:32:00.169767+00:00, run_after=2023-09-07T16:32:00.169767+00:00
[2023-09-07T16:32:00.181+0000] {processor.py:179} INFO - Processing /home/airflow/.local/lib/python3.8/site-packages/airflow/example_dags/example_setup_teardown.py took 0.065 seconds
[2023-09-07T16:32:31.622+0000] {processor.py:157} INFO - Started process (PID=15464) to work on /home/airflow/.local/lib/python3.8/site-packages/airflow/example_dags/example_setup_teardown.py
[2023-09-07T16:32:31.624+0000] {processor.py:829} INFO - Processing file /home/airflow/.local/lib/python3.8/site-packages/airflow/example_dags/example_setup_teardown.py for tasks to queue
[2023-09-07T16:32:31.625+0000] {logging_mixin.py:151} INFO - [2023-09-07T16:32:31.625+0000] {dagbag.py:539} INFO - Filling up the DagBag from /home/airflow/.local/lib/python3.8/site-packages/airflow/example_dags/example_setup_teardown.py
[2023-09-07T16:32:31.635+0000] {processor.py:839} INFO - DAG(s) dict_keys(['example_setup_teardown']) retrieved from /home/airflow/.local/lib/python3.8/site-packages/airflow/example_dags/example_setup_teardown.py
[2023-09-07T16:32:31.678+0000] {logging_mixin.py:151} INFO - [2023-09-07T16:32:31.678+0000] {dag.py:2907} INFO - Sync 1 DAGs
[2023-09-07T16:32:31.715+0000] {logging_mixin.py:151} INFO - [2023-09-07T16:32:31.715+0000] {dag.py:3677} INFO - Setting next_dagrun for example_setup_teardown to 2023-09-06T16:32:31.715069+00:00, run_after=2023-09-07T16:32:31.715069+00:00
[2023-09-07T16:32:31.733+0000] {processor.py:179} INFO - Processing /home/airflow/.local/lib/python3.8/site-packages/airflow/example_dags/example_setup_teardown.py took 0.115 seconds
[2023-09-07T16:33:01.857+0000] {processor.py:157} INFO - Started process (PID=15697) to work on /home/airflow/.local/lib/python3.8/site-packages/airflow/example_dags/example_setup_teardown.py
[2023-09-07T16:33:01.858+0000] {processor.py:829} INFO - Processing file /home/airflow/.local/lib/python3.8/site-packages/airflow/example_dags/example_setup_teardown.py for tasks to queue
[2023-09-07T16:33:01.859+0000] {logging_mixin.py:151} INFO - [2023-09-07T16:33:01.859+0000] {dagbag.py:539} INFO - Filling up the DagBag from /home/airflow/.local/lib/python3.8/site-packages/airflow/example_dags/example_setup_teardown.py
[2023-09-07T16:33:01.867+0000] {processor.py:839} INFO - DAG(s) dict_keys(['example_setup_teardown']) retrieved from /home/airflow/.local/lib/python3.8/site-packages/airflow/example_dags/example_setup_teardown.py
[2023-09-07T16:33:01.892+0000] {logging_mixin.py:151} INFO - [2023-09-07T16:33:01.892+0000] {dag.py:2907} INFO - Sync 1 DAGs
[2023-09-07T16:33:01.913+0000] {logging_mixin.py:151} INFO - [2023-09-07T16:33:01.913+0000] {dag.py:3677} INFO - Setting next_dagrun for example_setup_teardown to 2023-09-06T16:33:01.913474+00:00, run_after=2023-09-07T16:33:01.913474+00:00
[2023-09-07T16:33:01.928+0000] {processor.py:179} INFO - Processing /home/airflow/.local/lib/python3.8/site-packages/airflow/example_dags/example_setup_teardown.py took 0.076 seconds
[2023-09-07T16:33:33.174+0000] {processor.py:157} INFO - Started process (PID=15942) to work on /home/airflow/.local/lib/python3.8/site-packages/airflow/example_dags/example_setup_teardown.py
[2023-09-07T16:33:33.176+0000] {processor.py:829} INFO - Processing file /home/airflow/.local/lib/python3.8/site-packages/airflow/example_dags/example_setup_teardown.py for tasks to queue
[2023-09-07T16:33:33.179+0000] {logging_mixin.py:151} INFO - [2023-09-07T16:33:33.178+0000] {dagbag.py:539} INFO - Filling up the DagBag from /home/airflow/.local/lib/python3.8/site-packages/airflow/example_dags/example_setup_teardown.py
[2023-09-07T16:33:33.188+0000] {processor.py:839} INFO - DAG(s) dict_keys(['example_setup_teardown']) retrieved from /home/airflow/.local/lib/python3.8/site-packages/airflow/example_dags/example_setup_teardown.py
[2023-09-07T16:33:33.212+0000] {logging_mixin.py:151} INFO - [2023-09-07T16:33:33.212+0000] {dag.py:2907} INFO - Sync 1 DAGs
[2023-09-07T16:33:33.228+0000] {logging_mixin.py:151} INFO - [2023-09-07T16:33:33.227+0000] {dag.py:3677} INFO - Setting next_dagrun for example_setup_teardown to 2023-09-06T16:33:33.227783+00:00, run_after=2023-09-07T16:33:33.227783+00:00
[2023-09-07T16:33:33.239+0000] {processor.py:179} INFO - Processing /home/airflow/.local/lib/python3.8/site-packages/airflow/example_dags/example_setup_teardown.py took 0.076 seconds
[2023-09-07T16:34:04.407+0000] {processor.py:157} INFO - Started process (PID=16180) to work on /home/airflow/.local/lib/python3.8/site-packages/airflow/example_dags/example_setup_teardown.py
[2023-09-07T16:34:04.409+0000] {processor.py:829} INFO - Processing file /home/airflow/.local/lib/python3.8/site-packages/airflow/example_dags/example_setup_teardown.py for tasks to queue
[2023-09-07T16:34:04.410+0000] {logging_mixin.py:151} INFO - [2023-09-07T16:34:04.409+0000] {dagbag.py:539} INFO - Filling up the DagBag from /home/airflow/.local/lib/python3.8/site-packages/airflow/example_dags/example_setup_teardown.py
[2023-09-07T16:34:04.417+0000] {processor.py:839} INFO - DAG(s) dict_keys(['example_setup_teardown']) retrieved from /home/airflow/.local/lib/python3.8/site-packages/airflow/example_dags/example_setup_teardown.py
[2023-09-07T16:34:04.441+0000] {logging_mixin.py:151} INFO - [2023-09-07T16:34:04.441+0000] {dag.py:2907} INFO - Sync 1 DAGs
[2023-09-07T16:34:04.458+0000] {logging_mixin.py:151} INFO - [2023-09-07T16:34:04.458+0000] {dag.py:3677} INFO - Setting next_dagrun for example_setup_teardown to 2023-09-06T16:34:04.458164+00:00, run_after=2023-09-07T16:34:04.458164+00:00
[2023-09-07T16:34:04.483+0000] {processor.py:179} INFO - Processing /home/airflow/.local/lib/python3.8/site-packages/airflow/example_dags/example_setup_teardown.py took 0.080 seconds
[2023-09-07T16:34:34.742+0000] {processor.py:157} INFO - Started process (PID=16416) to work on /home/airflow/.local/lib/python3.8/site-packages/airflow/example_dags/example_setup_teardown.py
[2023-09-07T16:34:34.743+0000] {processor.py:829} INFO - Processing file /home/airflow/.local/lib/python3.8/site-packages/airflow/example_dags/example_setup_teardown.py for tasks to queue
[2023-09-07T16:34:34.744+0000] {logging_mixin.py:151} INFO - [2023-09-07T16:34:34.744+0000] {dagbag.py:539} INFO - Filling up the DagBag from /home/airflow/.local/lib/python3.8/site-packages/airflow/example_dags/example_setup_teardown.py
[2023-09-07T16:34:34.752+0000] {processor.py:839} INFO - DAG(s) dict_keys(['example_setup_teardown']) retrieved from /home/airflow/.local/lib/python3.8/site-packages/airflow/example_dags/example_setup_teardown.py
[2023-09-07T16:34:34.769+0000] {logging_mixin.py:151} INFO - [2023-09-07T16:34:34.769+0000] {dag.py:2907} INFO - Sync 1 DAGs
[2023-09-07T16:34:34.781+0000] {logging_mixin.py:151} INFO - [2023-09-07T16:34:34.781+0000] {dag.py:3677} INFO - Setting next_dagrun for example_setup_teardown to 2023-09-06T16:34:34.781055+00:00, run_after=2023-09-07T16:34:34.781055+00:00
[2023-09-07T16:34:34.792+0000] {processor.py:179} INFO - Processing /home/airflow/.local/lib/python3.8/site-packages/airflow/example_dags/example_setup_teardown.py took 0.054 seconds
[2023-09-07T16:35:06.062+0000] {processor.py:157} INFO - Started process (PID=16656) to work on /home/airflow/.local/lib/python3.8/site-packages/airflow/example_dags/example_setup_teardown.py
[2023-09-07T16:35:06.064+0000] {processor.py:829} INFO - Processing file /home/airflow/.local/lib/python3.8/site-packages/airflow/example_dags/example_setup_teardown.py for tasks to queue
[2023-09-07T16:35:06.066+0000] {logging_mixin.py:151} INFO - [2023-09-07T16:35:06.065+0000] {dagbag.py:539} INFO - Filling up the DagBag from /home/airflow/.local/lib/python3.8/site-packages/airflow/example_dags/example_setup_teardown.py
[2023-09-07T16:35:06.077+0000] {processor.py:839} INFO - DAG(s) dict_keys(['example_setup_teardown']) retrieved from /home/airflow/.local/lib/python3.8/site-packages/airflow/example_dags/example_setup_teardown.py
[2023-09-07T16:35:06.100+0000] {logging_mixin.py:151} INFO - [2023-09-07T16:35:06.099+0000] {dag.py:2907} INFO - Sync 1 DAGs
[2023-09-07T16:35:06.114+0000] {logging_mixin.py:151} INFO - [2023-09-07T16:35:06.114+0000] {dag.py:3677} INFO - Setting next_dagrun for example_setup_teardown to 2023-09-06T16:35:06.114408+00:00, run_after=2023-09-07T16:35:06.114408+00:00
[2023-09-07T16:35:06.126+0000] {processor.py:179} INFO - Processing /home/airflow/.local/lib/python3.8/site-packages/airflow/example_dags/example_setup_teardown.py took 0.069 seconds
