[2023-09-07T15:58:26.140+0000] {processor.py:157} INFO - Started process (PID=302) to work on /home/airflow/.local/lib/python3.8/site-packages/airflow/example_dags/example_branch_day_of_week_operator.py
[2023-09-07T15:58:26.149+0000] {processor.py:829} INFO - Processing file /home/airflow/.local/lib/python3.8/site-packages/airflow/example_dags/example_branch_day_of_week_operator.py for tasks to queue
[2023-09-07T15:58:26.152+0000] {logging_mixin.py:151} INFO - [2023-09-07T15:58:26.151+0000] {dagbag.py:539} INFO - Filling up the DagBag from /home/airflow/.local/lib/python3.8/site-packages/airflow/example_dags/example_branch_day_of_week_operator.py
[2023-09-07T15:58:26.186+0000] {processor.py:839} INFO - DAG(s) dict_keys(['example_weekday_branch_operator']) retrieved from /home/airflow/.local/lib/python3.8/site-packages/airflow/example_dags/example_branch_day_of_week_operator.py
[2023-09-07T15:58:26.244+0000] {logging_mixin.py:151} INFO - [2023-09-07T15:58:26.244+0000] {dag.py:2907} INFO - Sync 1 DAGs
[2023-09-07T15:58:26.295+0000] {logging_mixin.py:151} INFO - [2023-09-07T15:58:26.294+0000] {dag.py:3677} INFO - Setting next_dagrun for example_weekday_branch_operator to 2023-09-06T00:00:00+00:00, run_after=2023-09-07T00:00:00+00:00
[2023-09-07T15:58:26.325+0000] {processor.py:179} INFO - Processing /home/airflow/.local/lib/python3.8/site-packages/airflow/example_dags/example_branch_day_of_week_operator.py took 0.194 seconds
[2023-09-07T15:58:57.080+0000] {processor.py:157} INFO - Started process (PID=535) to work on /home/airflow/.local/lib/python3.8/site-packages/airflow/example_dags/example_branch_day_of_week_operator.py
[2023-09-07T15:58:57.081+0000] {processor.py:829} INFO - Processing file /home/airflow/.local/lib/python3.8/site-packages/airflow/example_dags/example_branch_day_of_week_operator.py for tasks to queue
[2023-09-07T15:58:57.082+0000] {logging_mixin.py:151} INFO - [2023-09-07T15:58:57.082+0000] {dagbag.py:539} INFO - Filling up the DagBag from /home/airflow/.local/lib/python3.8/site-packages/airflow/example_dags/example_branch_day_of_week_operator.py
[2023-09-07T15:58:57.089+0000] {processor.py:839} INFO - DAG(s) dict_keys(['example_weekday_branch_operator']) retrieved from /home/airflow/.local/lib/python3.8/site-packages/airflow/example_dags/example_branch_day_of_week_operator.py
[2023-09-07T15:58:57.114+0000] {logging_mixin.py:151} INFO - [2023-09-07T15:58:57.113+0000] {dag.py:2907} INFO - Sync 1 DAGs
[2023-09-07T15:58:57.130+0000] {logging_mixin.py:151} INFO - [2023-09-07T15:58:57.130+0000] {dag.py:3677} INFO - Setting next_dagrun for example_weekday_branch_operator to 2023-09-06T00:00:00+00:00, run_after=2023-09-07T00:00:00+00:00
[2023-09-07T15:58:57.226+0000] {processor.py:179} INFO - Processing /home/airflow/.local/lib/python3.8/site-packages/airflow/example_dags/example_branch_day_of_week_operator.py took 0.149 seconds
[2023-09-07T15:59:30.260+0000] {processor.py:157} INFO - Started process (PID=777) to work on /home/airflow/.local/lib/python3.8/site-packages/airflow/example_dags/example_branch_day_of_week_operator.py
[2023-09-07T15:59:30.262+0000] {processor.py:829} INFO - Processing file /home/airflow/.local/lib/python3.8/site-packages/airflow/example_dags/example_branch_day_of_week_operator.py for tasks to queue
[2023-09-07T15:59:30.263+0000] {logging_mixin.py:151} INFO - [2023-09-07T15:59:30.263+0000] {dagbag.py:539} INFO - Filling up the DagBag from /home/airflow/.local/lib/python3.8/site-packages/airflow/example_dags/example_branch_day_of_week_operator.py
[2023-09-07T15:59:30.270+0000] {processor.py:839} INFO - DAG(s) dict_keys(['example_weekday_branch_operator']) retrieved from /home/airflow/.local/lib/python3.8/site-packages/airflow/example_dags/example_branch_day_of_week_operator.py
[2023-09-07T15:59:30.289+0000] {logging_mixin.py:151} INFO - [2023-09-07T15:59:30.289+0000] {dag.py:2907} INFO - Sync 1 DAGs
[2023-09-07T15:59:30.305+0000] {logging_mixin.py:151} INFO - [2023-09-07T15:59:30.305+0000] {dag.py:3677} INFO - Setting next_dagrun for example_weekday_branch_operator to 2023-09-06T00:00:00+00:00, run_after=2023-09-07T00:00:00+00:00
[2023-09-07T15:59:30.316+0000] {processor.py:179} INFO - Processing /home/airflow/.local/lib/python3.8/site-packages/airflow/example_dags/example_branch_day_of_week_operator.py took 0.059 seconds
[2023-09-07T16:00:01.268+0000] {processor.py:157} INFO - Started process (PID=1016) to work on /home/airflow/.local/lib/python3.8/site-packages/airflow/example_dags/example_branch_day_of_week_operator.py
[2023-09-07T16:00:01.270+0000] {processor.py:829} INFO - Processing file /home/airflow/.local/lib/python3.8/site-packages/airflow/example_dags/example_branch_day_of_week_operator.py for tasks to queue
[2023-09-07T16:00:01.273+0000] {logging_mixin.py:151} INFO - [2023-09-07T16:00:01.273+0000] {dagbag.py:539} INFO - Filling up the DagBag from /home/airflow/.local/lib/python3.8/site-packages/airflow/example_dags/example_branch_day_of_week_operator.py
[2023-09-07T16:00:01.283+0000] {processor.py:839} INFO - DAG(s) dict_keys(['example_weekday_branch_operator']) retrieved from /home/airflow/.local/lib/python3.8/site-packages/airflow/example_dags/example_branch_day_of_week_operator.py
[2023-09-07T16:00:01.315+0000] {logging_mixin.py:151} INFO - [2023-09-07T16:00:01.314+0000] {dag.py:2907} INFO - Sync 1 DAGs
[2023-09-07T16:00:01.346+0000] {logging_mixin.py:151} INFO - [2023-09-07T16:00:01.345+0000] {dag.py:3677} INFO - Setting next_dagrun for example_weekday_branch_operator to 2023-09-06T00:00:00+00:00, run_after=2023-09-07T00:00:00+00:00
[2023-09-07T16:00:01.365+0000] {processor.py:179} INFO - Processing /home/airflow/.local/lib/python3.8/site-packages/airflow/example_dags/example_branch_day_of_week_operator.py took 0.102 seconds
[2023-09-07T16:00:34.623+0000] {processor.py:157} INFO - Started process (PID=1253) to work on /home/airflow/.local/lib/python3.8/site-packages/airflow/example_dags/example_branch_day_of_week_operator.py
[2023-09-07T16:00:34.635+0000] {processor.py:829} INFO - Processing file /home/airflow/.local/lib/python3.8/site-packages/airflow/example_dags/example_branch_day_of_week_operator.py for tasks to queue
[2023-09-07T16:00:34.639+0000] {logging_mixin.py:151} INFO - [2023-09-07T16:00:34.638+0000] {dagbag.py:539} INFO - Filling up the DagBag from /home/airflow/.local/lib/python3.8/site-packages/airflow/example_dags/example_branch_day_of_week_operator.py
[2023-09-07T16:00:34.684+0000] {processor.py:839} INFO - DAG(s) dict_keys(['example_weekday_branch_operator']) retrieved from /home/airflow/.local/lib/python3.8/site-packages/airflow/example_dags/example_branch_day_of_week_operator.py
[2023-09-07T16:00:34.947+0000] {logging_mixin.py:151} INFO - [2023-09-07T16:00:34.946+0000] {dag.py:2907} INFO - Sync 1 DAGs
[2023-09-07T16:00:35.008+0000] {logging_mixin.py:151} INFO - [2023-09-07T16:00:35.008+0000] {dag.py:3677} INFO - Setting next_dagrun for example_weekday_branch_operator to 2023-09-06T00:00:00+00:00, run_after=2023-09-07T00:00:00+00:00
[2023-09-07T16:00:35.195+0000] {processor.py:179} INFO - Processing /home/airflow/.local/lib/python3.8/site-packages/airflow/example_dags/example_branch_day_of_week_operator.py took 0.608 seconds
[2023-09-07T16:01:05.379+0000] {processor.py:157} INFO - Started process (PID=1515) to work on /home/airflow/.local/lib/python3.8/site-packages/airflow/example_dags/example_branch_day_of_week_operator.py
[2023-09-07T16:01:05.381+0000] {processor.py:829} INFO - Processing file /home/airflow/.local/lib/python3.8/site-packages/airflow/example_dags/example_branch_day_of_week_operator.py for tasks to queue
[2023-09-07T16:01:05.382+0000] {logging_mixin.py:151} INFO - [2023-09-07T16:01:05.382+0000] {dagbag.py:539} INFO - Filling up the DagBag from /home/airflow/.local/lib/python3.8/site-packages/airflow/example_dags/example_branch_day_of_week_operator.py
[2023-09-07T16:01:05.390+0000] {processor.py:839} INFO - DAG(s) dict_keys(['example_weekday_branch_operator']) retrieved from /home/airflow/.local/lib/python3.8/site-packages/airflow/example_dags/example_branch_day_of_week_operator.py
[2023-09-07T16:01:05.421+0000] {logging_mixin.py:151} INFO - [2023-09-07T16:01:05.421+0000] {dag.py:2907} INFO - Sync 1 DAGs
[2023-09-07T16:01:05.451+0000] {logging_mixin.py:151} INFO - [2023-09-07T16:01:05.451+0000] {dag.py:3677} INFO - Setting next_dagrun for example_weekday_branch_operator to 2023-09-06T00:00:00+00:00, run_after=2023-09-07T00:00:00+00:00
[2023-09-07T16:01:05.464+0000] {processor.py:179} INFO - Processing /home/airflow/.local/lib/python3.8/site-packages/airflow/example_dags/example_branch_day_of_week_operator.py took 0.088 seconds
[2023-09-07T16:01:36.014+0000] {processor.py:157} INFO - Started process (PID=1753) to work on /home/airflow/.local/lib/python3.8/site-packages/airflow/example_dags/example_branch_day_of_week_operator.py
[2023-09-07T16:01:36.016+0000] {processor.py:829} INFO - Processing file /home/airflow/.local/lib/python3.8/site-packages/airflow/example_dags/example_branch_day_of_week_operator.py for tasks to queue
[2023-09-07T16:01:36.017+0000] {logging_mixin.py:151} INFO - [2023-09-07T16:01:36.017+0000] {dagbag.py:539} INFO - Filling up the DagBag from /home/airflow/.local/lib/python3.8/site-packages/airflow/example_dags/example_branch_day_of_week_operator.py
[2023-09-07T16:01:36.026+0000] {processor.py:839} INFO - DAG(s) dict_keys(['example_weekday_branch_operator']) retrieved from /home/airflow/.local/lib/python3.8/site-packages/airflow/example_dags/example_branch_day_of_week_operator.py
[2023-09-07T16:01:36.050+0000] {logging_mixin.py:151} INFO - [2023-09-07T16:01:36.050+0000] {dag.py:2907} INFO - Sync 1 DAGs
[2023-09-07T16:01:36.079+0000] {logging_mixin.py:151} INFO - [2023-09-07T16:01:36.079+0000] {dag.py:3677} INFO - Setting next_dagrun for example_weekday_branch_operator to 2023-09-06T00:00:00+00:00, run_after=2023-09-07T00:00:00+00:00
[2023-09-07T16:01:36.098+0000] {processor.py:179} INFO - Processing /home/airflow/.local/lib/python3.8/site-packages/airflow/example_dags/example_branch_day_of_week_operator.py took 0.088 seconds
[2023-09-07T16:02:06.622+0000] {processor.py:157} INFO - Started process (PID=1985) to work on /home/airflow/.local/lib/python3.8/site-packages/airflow/example_dags/example_branch_day_of_week_operator.py
[2023-09-07T16:02:06.625+0000] {processor.py:829} INFO - Processing file /home/airflow/.local/lib/python3.8/site-packages/airflow/example_dags/example_branch_day_of_week_operator.py for tasks to queue
[2023-09-07T16:02:06.627+0000] {logging_mixin.py:151} INFO - [2023-09-07T16:02:06.626+0000] {dagbag.py:539} INFO - Filling up the DagBag from /home/airflow/.local/lib/python3.8/site-packages/airflow/example_dags/example_branch_day_of_week_operator.py
[2023-09-07T16:02:06.647+0000] {processor.py:839} INFO - DAG(s) dict_keys(['example_weekday_branch_operator']) retrieved from /home/airflow/.local/lib/python3.8/site-packages/airflow/example_dags/example_branch_day_of_week_operator.py
[2023-09-07T16:02:06.703+0000] {logging_mixin.py:151} INFO - [2023-09-07T16:02:06.703+0000] {dag.py:2907} INFO - Sync 1 DAGs
[2023-09-07T16:02:06.749+0000] {logging_mixin.py:151} INFO - [2023-09-07T16:02:06.748+0000] {dag.py:3677} INFO - Setting next_dagrun for example_weekday_branch_operator to 2023-09-06T00:00:00+00:00, run_after=2023-09-07T00:00:00+00:00
[2023-09-07T16:02:06.765+0000] {processor.py:179} INFO - Processing /home/airflow/.local/lib/python3.8/site-packages/airflow/example_dags/example_branch_day_of_week_operator.py took 0.150 seconds
[2023-09-07T16:02:37.923+0000] {processor.py:157} INFO - Started process (PID=2229) to work on /home/airflow/.local/lib/python3.8/site-packages/airflow/example_dags/example_branch_day_of_week_operator.py
[2023-09-07T16:02:37.925+0000] {processor.py:829} INFO - Processing file /home/airflow/.local/lib/python3.8/site-packages/airflow/example_dags/example_branch_day_of_week_operator.py for tasks to queue
[2023-09-07T16:02:37.927+0000] {logging_mixin.py:151} INFO - [2023-09-07T16:02:37.926+0000] {dagbag.py:539} INFO - Filling up the DagBag from /home/airflow/.local/lib/python3.8/site-packages/airflow/example_dags/example_branch_day_of_week_operator.py
[2023-09-07T16:02:37.936+0000] {processor.py:839} INFO - DAG(s) dict_keys(['example_weekday_branch_operator']) retrieved from /home/airflow/.local/lib/python3.8/site-packages/airflow/example_dags/example_branch_day_of_week_operator.py
[2023-09-07T16:02:37.971+0000] {logging_mixin.py:151} INFO - [2023-09-07T16:02:37.971+0000] {dag.py:2907} INFO - Sync 1 DAGs
[2023-09-07T16:02:37.991+0000] {logging_mixin.py:151} INFO - [2023-09-07T16:02:37.991+0000] {dag.py:3677} INFO - Setting next_dagrun for example_weekday_branch_operator to 2023-09-06T00:00:00+00:00, run_after=2023-09-07T00:00:00+00:00
[2023-09-07T16:02:38.012+0000] {processor.py:179} INFO - Processing /home/airflow/.local/lib/python3.8/site-packages/airflow/example_dags/example_branch_day_of_week_operator.py took 0.093 seconds
[2023-09-07T16:03:08.136+0000] {processor.py:157} INFO - Started process (PID=2462) to work on /home/airflow/.local/lib/python3.8/site-packages/airflow/example_dags/example_branch_day_of_week_operator.py
[2023-09-07T16:03:08.138+0000] {processor.py:829} INFO - Processing file /home/airflow/.local/lib/python3.8/site-packages/airflow/example_dags/example_branch_day_of_week_operator.py for tasks to queue
[2023-09-07T16:03:08.140+0000] {logging_mixin.py:151} INFO - [2023-09-07T16:03:08.140+0000] {dagbag.py:539} INFO - Filling up the DagBag from /home/airflow/.local/lib/python3.8/site-packages/airflow/example_dags/example_branch_day_of_week_operator.py
[2023-09-07T16:03:08.156+0000] {processor.py:839} INFO - DAG(s) dict_keys(['example_weekday_branch_operator']) retrieved from /home/airflow/.local/lib/python3.8/site-packages/airflow/example_dags/example_branch_day_of_week_operator.py
[2023-09-07T16:03:08.210+0000] {logging_mixin.py:151} INFO - [2023-09-07T16:03:08.210+0000] {dag.py:2907} INFO - Sync 1 DAGs
[2023-09-07T16:03:08.250+0000] {logging_mixin.py:151} INFO - [2023-09-07T16:03:08.250+0000] {dag.py:3677} INFO - Setting next_dagrun for example_weekday_branch_operator to 2023-09-06T00:00:00+00:00, run_after=2023-09-07T00:00:00+00:00
[2023-09-07T16:03:08.265+0000] {processor.py:179} INFO - Processing /home/airflow/.local/lib/python3.8/site-packages/airflow/example_dags/example_branch_day_of_week_operator.py took 0.138 seconds
[2023-09-07T16:03:39.214+0000] {processor.py:157} INFO - Started process (PID=2705) to work on /home/airflow/.local/lib/python3.8/site-packages/airflow/example_dags/example_branch_day_of_week_operator.py
[2023-09-07T16:03:39.216+0000] {processor.py:829} INFO - Processing file /home/airflow/.local/lib/python3.8/site-packages/airflow/example_dags/example_branch_day_of_week_operator.py for tasks to queue
[2023-09-07T16:03:39.217+0000] {logging_mixin.py:151} INFO - [2023-09-07T16:03:39.217+0000] {dagbag.py:539} INFO - Filling up the DagBag from /home/airflow/.local/lib/python3.8/site-packages/airflow/example_dags/example_branch_day_of_week_operator.py
[2023-09-07T16:03:39.226+0000] {processor.py:839} INFO - DAG(s) dict_keys(['example_weekday_branch_operator']) retrieved from /home/airflow/.local/lib/python3.8/site-packages/airflow/example_dags/example_branch_day_of_week_operator.py
[2023-09-07T16:03:39.252+0000] {logging_mixin.py:151} INFO - [2023-09-07T16:03:39.252+0000] {dag.py:2907} INFO - Sync 1 DAGs
[2023-09-07T16:03:39.273+0000] {logging_mixin.py:151} INFO - [2023-09-07T16:03:39.273+0000] {dag.py:3677} INFO - Setting next_dagrun for example_weekday_branch_operator to 2023-09-06T00:00:00+00:00, run_after=2023-09-07T00:00:00+00:00
[2023-09-07T16:03:39.287+0000] {processor.py:179} INFO - Processing /home/airflow/.local/lib/python3.8/site-packages/airflow/example_dags/example_branch_day_of_week_operator.py took 0.077 seconds
[2023-09-07T16:04:10.137+0000] {processor.py:157} INFO - Started process (PID=2943) to work on /home/airflow/.local/lib/python3.8/site-packages/airflow/example_dags/example_branch_day_of_week_operator.py
[2023-09-07T16:04:10.141+0000] {processor.py:829} INFO - Processing file /home/airflow/.local/lib/python3.8/site-packages/airflow/example_dags/example_branch_day_of_week_operator.py for tasks to queue
[2023-09-07T16:04:10.144+0000] {logging_mixin.py:151} INFO - [2023-09-07T16:04:10.144+0000] {dagbag.py:539} INFO - Filling up the DagBag from /home/airflow/.local/lib/python3.8/site-packages/airflow/example_dags/example_branch_day_of_week_operator.py
[2023-09-07T16:04:10.154+0000] {processor.py:839} INFO - DAG(s) dict_keys(['example_weekday_branch_operator']) retrieved from /home/airflow/.local/lib/python3.8/site-packages/airflow/example_dags/example_branch_day_of_week_operator.py
[2023-09-07T16:04:10.205+0000] {logging_mixin.py:151} INFO - [2023-09-07T16:04:10.204+0000] {dag.py:2907} INFO - Sync 1 DAGs
[2023-09-07T16:04:10.232+0000] {logging_mixin.py:151} INFO - [2023-09-07T16:04:10.231+0000] {dag.py:3677} INFO - Setting next_dagrun for example_weekday_branch_operator to 2023-09-06T00:00:00+00:00, run_after=2023-09-07T00:00:00+00:00
[2023-09-07T16:04:10.247+0000] {processor.py:179} INFO - Processing /home/airflow/.local/lib/python3.8/site-packages/airflow/example_dags/example_branch_day_of_week_operator.py took 0.114 seconds
[2023-09-07T16:04:40.432+0000] {processor.py:157} INFO - Started process (PID=3181) to work on /home/airflow/.local/lib/python3.8/site-packages/airflow/example_dags/example_branch_day_of_week_operator.py
[2023-09-07T16:04:40.433+0000] {processor.py:829} INFO - Processing file /home/airflow/.local/lib/python3.8/site-packages/airflow/example_dags/example_branch_day_of_week_operator.py for tasks to queue
[2023-09-07T16:04:40.434+0000] {logging_mixin.py:151} INFO - [2023-09-07T16:04:40.434+0000] {dagbag.py:539} INFO - Filling up the DagBag from /home/airflow/.local/lib/python3.8/site-packages/airflow/example_dags/example_branch_day_of_week_operator.py
[2023-09-07T16:04:40.442+0000] {processor.py:839} INFO - DAG(s) dict_keys(['example_weekday_branch_operator']) retrieved from /home/airflow/.local/lib/python3.8/site-packages/airflow/example_dags/example_branch_day_of_week_operator.py
[2023-09-07T16:04:40.478+0000] {logging_mixin.py:151} INFO - [2023-09-07T16:04:40.478+0000] {dag.py:2907} INFO - Sync 1 DAGs
[2023-09-07T16:04:40.499+0000] {logging_mixin.py:151} INFO - [2023-09-07T16:04:40.498+0000] {dag.py:3677} INFO - Setting next_dagrun for example_weekday_branch_operator to 2023-09-06T00:00:00+00:00, run_after=2023-09-07T00:00:00+00:00
[2023-09-07T16:04:40.518+0000] {processor.py:179} INFO - Processing /home/airflow/.local/lib/python3.8/site-packages/airflow/example_dags/example_branch_day_of_week_operator.py took 0.089 seconds
[2023-09-07T16:05:10.677+0000] {processor.py:157} INFO - Started process (PID=3416) to work on /home/airflow/.local/lib/python3.8/site-packages/airflow/example_dags/example_branch_day_of_week_operator.py
[2023-09-07T16:05:10.679+0000] {processor.py:829} INFO - Processing file /home/airflow/.local/lib/python3.8/site-packages/airflow/example_dags/example_branch_day_of_week_operator.py for tasks to queue
[2023-09-07T16:05:10.681+0000] {logging_mixin.py:151} INFO - [2023-09-07T16:05:10.680+0000] {dagbag.py:539} INFO - Filling up the DagBag from /home/airflow/.local/lib/python3.8/site-packages/airflow/example_dags/example_branch_day_of_week_operator.py
[2023-09-07T16:05:10.689+0000] {processor.py:839} INFO - DAG(s) dict_keys(['example_weekday_branch_operator']) retrieved from /home/airflow/.local/lib/python3.8/site-packages/airflow/example_dags/example_branch_day_of_week_operator.py
[2023-09-07T16:05:10.710+0000] {logging_mixin.py:151} INFO - [2023-09-07T16:05:10.710+0000] {dag.py:2907} INFO - Sync 1 DAGs
[2023-09-07T16:05:10.725+0000] {logging_mixin.py:151} INFO - [2023-09-07T16:05:10.725+0000] {dag.py:3677} INFO - Setting next_dagrun for example_weekday_branch_operator to 2023-09-06T00:00:00+00:00, run_after=2023-09-07T00:00:00+00:00
[2023-09-07T16:05:10.736+0000] {processor.py:179} INFO - Processing /home/airflow/.local/lib/python3.8/site-packages/airflow/example_dags/example_branch_day_of_week_operator.py took 0.069 seconds
[2023-09-07T16:05:41.100+0000] {processor.py:157} INFO - Started process (PID=3652) to work on /home/airflow/.local/lib/python3.8/site-packages/airflow/example_dags/example_branch_day_of_week_operator.py
[2023-09-07T16:05:41.103+0000] {processor.py:829} INFO - Processing file /home/airflow/.local/lib/python3.8/site-packages/airflow/example_dags/example_branch_day_of_week_operator.py for tasks to queue
[2023-09-07T16:05:41.105+0000] {logging_mixin.py:151} INFO - [2023-09-07T16:05:41.104+0000] {dagbag.py:539} INFO - Filling up the DagBag from /home/airflow/.local/lib/python3.8/site-packages/airflow/example_dags/example_branch_day_of_week_operator.py
[2023-09-07T16:05:41.133+0000] {processor.py:839} INFO - DAG(s) dict_keys(['example_weekday_branch_operator']) retrieved from /home/airflow/.local/lib/python3.8/site-packages/airflow/example_dags/example_branch_day_of_week_operator.py
[2023-09-07T16:05:41.191+0000] {logging_mixin.py:151} INFO - [2023-09-07T16:05:41.191+0000] {dag.py:2907} INFO - Sync 1 DAGs
[2023-09-07T16:05:41.215+0000] {logging_mixin.py:151} INFO - [2023-09-07T16:05:41.215+0000] {dag.py:3677} INFO - Setting next_dagrun for example_weekday_branch_operator to 2023-09-06T00:00:00+00:00, run_after=2023-09-07T00:00:00+00:00
[2023-09-07T16:05:41.229+0000] {processor.py:179} INFO - Processing /home/airflow/.local/lib/python3.8/site-packages/airflow/example_dags/example_branch_day_of_week_operator.py took 0.135 seconds
[2023-09-07T16:06:11.385+0000] {processor.py:157} INFO - Started process (PID=3891) to work on /home/airflow/.local/lib/python3.8/site-packages/airflow/example_dags/example_branch_day_of_week_operator.py
[2023-09-07T16:06:11.392+0000] {processor.py:829} INFO - Processing file /home/airflow/.local/lib/python3.8/site-packages/airflow/example_dags/example_branch_day_of_week_operator.py for tasks to queue
[2023-09-07T16:06:11.397+0000] {logging_mixin.py:151} INFO - [2023-09-07T16:06:11.396+0000] {dagbag.py:539} INFO - Filling up the DagBag from /home/airflow/.local/lib/python3.8/site-packages/airflow/example_dags/example_branch_day_of_week_operator.py
[2023-09-07T16:06:11.433+0000] {processor.py:839} INFO - DAG(s) dict_keys(['example_weekday_branch_operator']) retrieved from /home/airflow/.local/lib/python3.8/site-packages/airflow/example_dags/example_branch_day_of_week_operator.py
[2023-09-07T16:06:11.501+0000] {logging_mixin.py:151} INFO - [2023-09-07T16:06:11.501+0000] {dag.py:2907} INFO - Sync 1 DAGs
[2023-09-07T16:06:11.535+0000] {logging_mixin.py:151} INFO - [2023-09-07T16:06:11.535+0000] {dag.py:3677} INFO - Setting next_dagrun for example_weekday_branch_operator to 2023-09-06T00:00:00+00:00, run_after=2023-09-07T00:00:00+00:00
[2023-09-07T16:06:11.550+0000] {processor.py:179} INFO - Processing /home/airflow/.local/lib/python3.8/site-packages/airflow/example_dags/example_branch_day_of_week_operator.py took 0.177 seconds
[2023-09-07T16:06:42.525+0000] {processor.py:157} INFO - Started process (PID=4134) to work on /home/airflow/.local/lib/python3.8/site-packages/airflow/example_dags/example_branch_day_of_week_operator.py
[2023-09-07T16:06:42.528+0000] {processor.py:829} INFO - Processing file /home/airflow/.local/lib/python3.8/site-packages/airflow/example_dags/example_branch_day_of_week_operator.py for tasks to queue
[2023-09-07T16:06:42.531+0000] {logging_mixin.py:151} INFO - [2023-09-07T16:06:42.530+0000] {dagbag.py:539} INFO - Filling up the DagBag from /home/airflow/.local/lib/python3.8/site-packages/airflow/example_dags/example_branch_day_of_week_operator.py
[2023-09-07T16:06:42.551+0000] {processor.py:839} INFO - DAG(s) dict_keys(['example_weekday_branch_operator']) retrieved from /home/airflow/.local/lib/python3.8/site-packages/airflow/example_dags/example_branch_day_of_week_operator.py
[2023-09-07T16:06:42.587+0000] {logging_mixin.py:151} INFO - [2023-09-07T16:06:42.586+0000] {dag.py:2907} INFO - Sync 1 DAGs
[2023-09-07T16:06:42.629+0000] {logging_mixin.py:151} INFO - [2023-09-07T16:06:42.629+0000] {dag.py:3677} INFO - Setting next_dagrun for example_weekday_branch_operator to 2023-09-06T00:00:00+00:00, run_after=2023-09-07T00:00:00+00:00
[2023-09-07T16:06:42.646+0000] {processor.py:179} INFO - Processing /home/airflow/.local/lib/python3.8/site-packages/airflow/example_dags/example_branch_day_of_week_operator.py took 0.125 seconds
[2023-09-07T16:07:12.865+0000] {processor.py:157} INFO - Started process (PID=4367) to work on /home/airflow/.local/lib/python3.8/site-packages/airflow/example_dags/example_branch_day_of_week_operator.py
[2023-09-07T16:07:12.872+0000] {processor.py:829} INFO - Processing file /home/airflow/.local/lib/python3.8/site-packages/airflow/example_dags/example_branch_day_of_week_operator.py for tasks to queue
[2023-09-07T16:07:12.881+0000] {logging_mixin.py:151} INFO - [2023-09-07T16:07:12.879+0000] {dagbag.py:539} INFO - Filling up the DagBag from /home/airflow/.local/lib/python3.8/site-packages/airflow/example_dags/example_branch_day_of_week_operator.py
[2023-09-07T16:07:12.899+0000] {processor.py:839} INFO - DAG(s) dict_keys(['example_weekday_branch_operator']) retrieved from /home/airflow/.local/lib/python3.8/site-packages/airflow/example_dags/example_branch_day_of_week_operator.py
[2023-09-07T16:07:13.015+0000] {logging_mixin.py:151} INFO - [2023-09-07T16:07:13.014+0000] {dag.py:2907} INFO - Sync 1 DAGs
[2023-09-07T16:07:13.078+0000] {logging_mixin.py:151} INFO - [2023-09-07T16:07:13.078+0000] {dag.py:3677} INFO - Setting next_dagrun for example_weekday_branch_operator to 2023-09-06T00:00:00+00:00, run_after=2023-09-07T00:00:00+00:00
[2023-09-07T16:07:13.128+0000] {processor.py:179} INFO - Processing /home/airflow/.local/lib/python3.8/site-packages/airflow/example_dags/example_branch_day_of_week_operator.py took 0.270 seconds
[2023-09-07T16:07:44.203+0000] {processor.py:157} INFO - Started process (PID=4610) to work on /home/airflow/.local/lib/python3.8/site-packages/airflow/example_dags/example_branch_day_of_week_operator.py
[2023-09-07T16:07:44.205+0000] {processor.py:829} INFO - Processing file /home/airflow/.local/lib/python3.8/site-packages/airflow/example_dags/example_branch_day_of_week_operator.py for tasks to queue
[2023-09-07T16:07:44.207+0000] {logging_mixin.py:151} INFO - [2023-09-07T16:07:44.206+0000] {dagbag.py:539} INFO - Filling up the DagBag from /home/airflow/.local/lib/python3.8/site-packages/airflow/example_dags/example_branch_day_of_week_operator.py
[2023-09-07T16:07:44.214+0000] {processor.py:839} INFO - DAG(s) dict_keys(['example_weekday_branch_operator']) retrieved from /home/airflow/.local/lib/python3.8/site-packages/airflow/example_dags/example_branch_day_of_week_operator.py
[2023-09-07T16:07:44.239+0000] {logging_mixin.py:151} INFO - [2023-09-07T16:07:44.239+0000] {dag.py:2907} INFO - Sync 1 DAGs
[2023-09-07T16:07:44.267+0000] {logging_mixin.py:151} INFO - [2023-09-07T16:07:44.267+0000] {dag.py:3677} INFO - Setting next_dagrun for example_weekday_branch_operator to 2023-09-06T00:00:00+00:00, run_after=2023-09-07T00:00:00+00:00
[2023-09-07T16:07:44.283+0000] {processor.py:179} INFO - Processing /home/airflow/.local/lib/python3.8/site-packages/airflow/example_dags/example_branch_day_of_week_operator.py took 0.085 seconds
[2023-09-07T16:08:15.527+0000] {processor.py:157} INFO - Started process (PID=4848) to work on /home/airflow/.local/lib/python3.8/site-packages/airflow/example_dags/example_branch_day_of_week_operator.py
[2023-09-07T16:08:15.534+0000] {processor.py:829} INFO - Processing file /home/airflow/.local/lib/python3.8/site-packages/airflow/example_dags/example_branch_day_of_week_operator.py for tasks to queue
[2023-09-07T16:08:15.538+0000] {logging_mixin.py:151} INFO - [2023-09-07T16:08:15.537+0000] {dagbag.py:539} INFO - Filling up the DagBag from /home/airflow/.local/lib/python3.8/site-packages/airflow/example_dags/example_branch_day_of_week_operator.py
[2023-09-07T16:08:15.556+0000] {processor.py:839} INFO - DAG(s) dict_keys(['example_weekday_branch_operator']) retrieved from /home/airflow/.local/lib/python3.8/site-packages/airflow/example_dags/example_branch_day_of_week_operator.py
[2023-09-07T16:08:15.621+0000] {logging_mixin.py:151} INFO - [2023-09-07T16:08:15.620+0000] {dag.py:2907} INFO - Sync 1 DAGs
[2023-09-07T16:08:15.660+0000] {logging_mixin.py:151} INFO - [2023-09-07T16:08:15.659+0000] {dag.py:3677} INFO - Setting next_dagrun for example_weekday_branch_operator to 2023-09-06T00:00:00+00:00, run_after=2023-09-07T00:00:00+00:00
[2023-09-07T16:08:15.679+0000] {processor.py:179} INFO - Processing /home/airflow/.local/lib/python3.8/site-packages/airflow/example_dags/example_branch_day_of_week_operator.py took 0.170 seconds
[2023-09-07T16:08:45.722+0000] {processor.py:157} INFO - Started process (PID=5083) to work on /home/airflow/.local/lib/python3.8/site-packages/airflow/example_dags/example_branch_day_of_week_operator.py
[2023-09-07T16:08:45.723+0000] {processor.py:829} INFO - Processing file /home/airflow/.local/lib/python3.8/site-packages/airflow/example_dags/example_branch_day_of_week_operator.py for tasks to queue
[2023-09-07T16:08:45.725+0000] {logging_mixin.py:151} INFO - [2023-09-07T16:08:45.724+0000] {dagbag.py:539} INFO - Filling up the DagBag from /home/airflow/.local/lib/python3.8/site-packages/airflow/example_dags/example_branch_day_of_week_operator.py
[2023-09-07T16:08:45.731+0000] {processor.py:839} INFO - DAG(s) dict_keys(['example_weekday_branch_operator']) retrieved from /home/airflow/.local/lib/python3.8/site-packages/airflow/example_dags/example_branch_day_of_week_operator.py
[2023-09-07T16:08:45.749+0000] {logging_mixin.py:151} INFO - [2023-09-07T16:08:45.749+0000] {dag.py:2907} INFO - Sync 1 DAGs
[2023-09-07T16:08:45.763+0000] {logging_mixin.py:151} INFO - [2023-09-07T16:08:45.763+0000] {dag.py:3677} INFO - Setting next_dagrun for example_weekday_branch_operator to 2023-09-06T00:00:00+00:00, run_after=2023-09-07T00:00:00+00:00
[2023-09-07T16:08:45.773+0000] {processor.py:179} INFO - Processing /home/airflow/.local/lib/python3.8/site-packages/airflow/example_dags/example_branch_day_of_week_operator.py took 0.054 seconds
[2023-09-07T16:09:16.207+0000] {processor.py:157} INFO - Started process (PID=5319) to work on /home/airflow/.local/lib/python3.8/site-packages/airflow/example_dags/example_branch_day_of_week_operator.py
[2023-09-07T16:09:16.215+0000] {processor.py:829} INFO - Processing file /home/airflow/.local/lib/python3.8/site-packages/airflow/example_dags/example_branch_day_of_week_operator.py for tasks to queue
[2023-09-07T16:09:16.219+0000] {logging_mixin.py:151} INFO - [2023-09-07T16:09:16.217+0000] {dagbag.py:539} INFO - Filling up the DagBag from /home/airflow/.local/lib/python3.8/site-packages/airflow/example_dags/example_branch_day_of_week_operator.py
[2023-09-07T16:09:16.247+0000] {processor.py:839} INFO - DAG(s) dict_keys(['example_weekday_branch_operator']) retrieved from /home/airflow/.local/lib/python3.8/site-packages/airflow/example_dags/example_branch_day_of_week_operator.py
[2023-09-07T16:09:16.319+0000] {logging_mixin.py:151} INFO - [2023-09-07T16:09:16.319+0000] {dag.py:2907} INFO - Sync 1 DAGs
[2023-09-07T16:09:16.356+0000] {logging_mixin.py:151} INFO - [2023-09-07T16:09:16.356+0000] {dag.py:3677} INFO - Setting next_dagrun for example_weekday_branch_operator to 2023-09-06T00:00:00+00:00, run_after=2023-09-07T00:00:00+00:00
[2023-09-07T16:09:16.371+0000] {processor.py:179} INFO - Processing /home/airflow/.local/lib/python3.8/site-packages/airflow/example_dags/example_branch_day_of_week_operator.py took 0.172 seconds
[2023-09-07T16:09:47.360+0000] {processor.py:157} INFO - Started process (PID=5557) to work on /home/airflow/.local/lib/python3.8/site-packages/airflow/example_dags/example_branch_day_of_week_operator.py
[2023-09-07T16:09:47.363+0000] {processor.py:829} INFO - Processing file /home/airflow/.local/lib/python3.8/site-packages/airflow/example_dags/example_branch_day_of_week_operator.py for tasks to queue
[2023-09-07T16:09:47.366+0000] {logging_mixin.py:151} INFO - [2023-09-07T16:09:47.365+0000] {dagbag.py:539} INFO - Filling up the DagBag from /home/airflow/.local/lib/python3.8/site-packages/airflow/example_dags/example_branch_day_of_week_operator.py
[2023-09-07T16:09:47.389+0000] {processor.py:839} INFO - DAG(s) dict_keys(['example_weekday_branch_operator']) retrieved from /home/airflow/.local/lib/python3.8/site-packages/airflow/example_dags/example_branch_day_of_week_operator.py
[2023-09-07T16:09:47.459+0000] {logging_mixin.py:151} INFO - [2023-09-07T16:09:47.459+0000] {dag.py:2907} INFO - Sync 1 DAGs
[2023-09-07T16:09:47.485+0000] {logging_mixin.py:151} INFO - [2023-09-07T16:09:47.485+0000] {dag.py:3677} INFO - Setting next_dagrun for example_weekday_branch_operator to 2023-09-06T00:00:00+00:00, run_after=2023-09-07T00:00:00+00:00
[2023-09-07T16:09:47.499+0000] {processor.py:179} INFO - Processing /home/airflow/.local/lib/python3.8/site-packages/airflow/example_dags/example_branch_day_of_week_operator.py took 0.155 seconds
[2023-09-07T16:10:18.245+0000] {processor.py:157} INFO - Started process (PID=5795) to work on /home/airflow/.local/lib/python3.8/site-packages/airflow/example_dags/example_branch_day_of_week_operator.py
[2023-09-07T16:10:18.252+0000] {processor.py:829} INFO - Processing file /home/airflow/.local/lib/python3.8/site-packages/airflow/example_dags/example_branch_day_of_week_operator.py for tasks to queue
[2023-09-07T16:10:18.260+0000] {logging_mixin.py:151} INFO - [2023-09-07T16:10:18.256+0000] {dagbag.py:539} INFO - Filling up the DagBag from /home/airflow/.local/lib/python3.8/site-packages/airflow/example_dags/example_branch_day_of_week_operator.py
[2023-09-07T16:10:18.310+0000] {processor.py:839} INFO - DAG(s) dict_keys(['example_weekday_branch_operator']) retrieved from /home/airflow/.local/lib/python3.8/site-packages/airflow/example_dags/example_branch_day_of_week_operator.py
[2023-09-07T16:10:18.401+0000] {logging_mixin.py:151} INFO - [2023-09-07T16:10:18.401+0000] {dag.py:2907} INFO - Sync 1 DAGs
[2023-09-07T16:10:18.429+0000] {logging_mixin.py:151} INFO - [2023-09-07T16:10:18.429+0000] {dag.py:3677} INFO - Setting next_dagrun for example_weekday_branch_operator to 2023-09-06T00:00:00+00:00, run_after=2023-09-07T00:00:00+00:00
[2023-09-07T16:10:18.461+0000] {processor.py:179} INFO - Processing /home/airflow/.local/lib/python3.8/site-packages/airflow/example_dags/example_branch_day_of_week_operator.py took 0.225 seconds
[2023-09-07T16:10:48.789+0000] {processor.py:157} INFO - Started process (PID=6039) to work on /home/airflow/.local/lib/python3.8/site-packages/airflow/example_dags/example_branch_day_of_week_operator.py
[2023-09-07T16:10:48.791+0000] {processor.py:829} INFO - Processing file /home/airflow/.local/lib/python3.8/site-packages/airflow/example_dags/example_branch_day_of_week_operator.py for tasks to queue
[2023-09-07T16:10:48.792+0000] {logging_mixin.py:151} INFO - [2023-09-07T16:10:48.792+0000] {dagbag.py:539} INFO - Filling up the DagBag from /home/airflow/.local/lib/python3.8/site-packages/airflow/example_dags/example_branch_day_of_week_operator.py
[2023-09-07T16:10:48.808+0000] {processor.py:839} INFO - DAG(s) dict_keys(['example_weekday_branch_operator']) retrieved from /home/airflow/.local/lib/python3.8/site-packages/airflow/example_dags/example_branch_day_of_week_operator.py
[2023-09-07T16:10:48.865+0000] {logging_mixin.py:151} INFO - [2023-09-07T16:10:48.865+0000] {dag.py:2907} INFO - Sync 1 DAGs
[2023-09-07T16:10:48.888+0000] {logging_mixin.py:151} INFO - [2023-09-07T16:10:48.888+0000] {dag.py:3677} INFO - Setting next_dagrun for example_weekday_branch_operator to 2023-09-06T00:00:00+00:00, run_after=2023-09-07T00:00:00+00:00
[2023-09-07T16:10:48.902+0000] {processor.py:179} INFO - Processing /home/airflow/.local/lib/python3.8/site-packages/airflow/example_dags/example_branch_day_of_week_operator.py took 0.127 seconds
[2023-09-07T16:11:18.991+0000] {processor.py:157} INFO - Started process (PID=6276) to work on /home/airflow/.local/lib/python3.8/site-packages/airflow/example_dags/example_branch_day_of_week_operator.py
[2023-09-07T16:11:18.994+0000] {processor.py:829} INFO - Processing file /home/airflow/.local/lib/python3.8/site-packages/airflow/example_dags/example_branch_day_of_week_operator.py for tasks to queue
[2023-09-07T16:11:18.996+0000] {logging_mixin.py:151} INFO - [2023-09-07T16:11:18.995+0000] {dagbag.py:539} INFO - Filling up the DagBag from /home/airflow/.local/lib/python3.8/site-packages/airflow/example_dags/example_branch_day_of_week_operator.py
[2023-09-07T16:11:19.009+0000] {processor.py:839} INFO - DAG(s) dict_keys(['example_weekday_branch_operator']) retrieved from /home/airflow/.local/lib/python3.8/site-packages/airflow/example_dags/example_branch_day_of_week_operator.py
[2023-09-07T16:11:19.076+0000] {logging_mixin.py:151} INFO - [2023-09-07T16:11:19.076+0000] {dag.py:2907} INFO - Sync 1 DAGs
[2023-09-07T16:11:19.101+0000] {logging_mixin.py:151} INFO - [2023-09-07T16:11:19.101+0000] {dag.py:3677} INFO - Setting next_dagrun for example_weekday_branch_operator to 2023-09-06T00:00:00+00:00, run_after=2023-09-07T00:00:00+00:00
[2023-09-07T16:11:19.116+0000] {processor.py:179} INFO - Processing /home/airflow/.local/lib/python3.8/site-packages/airflow/example_dags/example_branch_day_of_week_operator.py took 0.133 seconds
[2023-09-07T16:11:49.949+0000] {processor.py:157} INFO - Started process (PID=6515) to work on /home/airflow/.local/lib/python3.8/site-packages/airflow/example_dags/example_branch_day_of_week_operator.py
[2023-09-07T16:11:49.952+0000] {processor.py:829} INFO - Processing file /home/airflow/.local/lib/python3.8/site-packages/airflow/example_dags/example_branch_day_of_week_operator.py for tasks to queue
[2023-09-07T16:11:49.954+0000] {logging_mixin.py:151} INFO - [2023-09-07T16:11:49.953+0000] {dagbag.py:539} INFO - Filling up the DagBag from /home/airflow/.local/lib/python3.8/site-packages/airflow/example_dags/example_branch_day_of_week_operator.py
[2023-09-07T16:11:49.970+0000] {processor.py:839} INFO - DAG(s) dict_keys(['example_weekday_branch_operator']) retrieved from /home/airflow/.local/lib/python3.8/site-packages/airflow/example_dags/example_branch_day_of_week_operator.py
[2023-09-07T16:11:50.020+0000] {logging_mixin.py:151} INFO - [2023-09-07T16:11:50.019+0000] {dag.py:2907} INFO - Sync 1 DAGs
[2023-09-07T16:11:50.046+0000] {logging_mixin.py:151} INFO - [2023-09-07T16:11:50.046+0000] {dag.py:3677} INFO - Setting next_dagrun for example_weekday_branch_operator to 2023-09-06T00:00:00+00:00, run_after=2023-09-07T00:00:00+00:00
[2023-09-07T16:11:50.062+0000] {processor.py:179} INFO - Processing /home/airflow/.local/lib/python3.8/site-packages/airflow/example_dags/example_branch_day_of_week_operator.py took 0.120 seconds
[2023-09-07T16:12:20.628+0000] {processor.py:157} INFO - Started process (PID=6754) to work on /home/airflow/.local/lib/python3.8/site-packages/airflow/example_dags/example_branch_day_of_week_operator.py
[2023-09-07T16:12:20.637+0000] {processor.py:829} INFO - Processing file /home/airflow/.local/lib/python3.8/site-packages/airflow/example_dags/example_branch_day_of_week_operator.py for tasks to queue
[2023-09-07T16:12:20.645+0000] {logging_mixin.py:151} INFO - [2023-09-07T16:12:20.644+0000] {dagbag.py:539} INFO - Filling up the DagBag from /home/airflow/.local/lib/python3.8/site-packages/airflow/example_dags/example_branch_day_of_week_operator.py
[2023-09-07T16:12:20.675+0000] {processor.py:839} INFO - DAG(s) dict_keys(['example_weekday_branch_operator']) retrieved from /home/airflow/.local/lib/python3.8/site-packages/airflow/example_dags/example_branch_day_of_week_operator.py
[2023-09-07T16:12:20.741+0000] {logging_mixin.py:151} INFO - [2023-09-07T16:12:20.741+0000] {dag.py:2907} INFO - Sync 1 DAGs
[2023-09-07T16:12:20.770+0000] {logging_mixin.py:151} INFO - [2023-09-07T16:12:20.769+0000] {dag.py:3677} INFO - Setting next_dagrun for example_weekday_branch_operator to 2023-09-06T00:00:00+00:00, run_after=2023-09-07T00:00:00+00:00
[2023-09-07T16:12:20.786+0000] {processor.py:179} INFO - Processing /home/airflow/.local/lib/python3.8/site-packages/airflow/example_dags/example_branch_day_of_week_operator.py took 0.169 seconds
[2023-09-07T16:12:51.823+0000] {processor.py:157} INFO - Started process (PID=6992) to work on /home/airflow/.local/lib/python3.8/site-packages/airflow/example_dags/example_branch_day_of_week_operator.py
[2023-09-07T16:12:51.827+0000] {processor.py:829} INFO - Processing file /home/airflow/.local/lib/python3.8/site-packages/airflow/example_dags/example_branch_day_of_week_operator.py for tasks to queue
[2023-09-07T16:12:51.829+0000] {logging_mixin.py:151} INFO - [2023-09-07T16:12:51.828+0000] {dagbag.py:539} INFO - Filling up the DagBag from /home/airflow/.local/lib/python3.8/site-packages/airflow/example_dags/example_branch_day_of_week_operator.py
[2023-09-07T16:12:51.850+0000] {processor.py:839} INFO - DAG(s) dict_keys(['example_weekday_branch_operator']) retrieved from /home/airflow/.local/lib/python3.8/site-packages/airflow/example_dags/example_branch_day_of_week_operator.py
[2023-09-07T16:12:51.908+0000] {logging_mixin.py:151} INFO - [2023-09-07T16:12:51.908+0000] {dag.py:2907} INFO - Sync 1 DAGs
[2023-09-07T16:12:51.946+0000] {logging_mixin.py:151} INFO - [2023-09-07T16:12:51.945+0000] {dag.py:3677} INFO - Setting next_dagrun for example_weekday_branch_operator to 2023-09-06T00:00:00+00:00, run_after=2023-09-07T00:00:00+00:00
[2023-09-07T16:12:51.966+0000] {processor.py:179} INFO - Processing /home/airflow/.local/lib/python3.8/site-packages/airflow/example_dags/example_branch_day_of_week_operator.py took 0.159 seconds
[2023-09-07T16:13:22.623+0000] {processor.py:157} INFO - Started process (PID=7231) to work on /home/airflow/.local/lib/python3.8/site-packages/airflow/example_dags/example_branch_day_of_week_operator.py
[2023-09-07T16:13:22.627+0000] {processor.py:829} INFO - Processing file /home/airflow/.local/lib/python3.8/site-packages/airflow/example_dags/example_branch_day_of_week_operator.py for tasks to queue
[2023-09-07T16:13:22.629+0000] {logging_mixin.py:151} INFO - [2023-09-07T16:13:22.628+0000] {dagbag.py:539} INFO - Filling up the DagBag from /home/airflow/.local/lib/python3.8/site-packages/airflow/example_dags/example_branch_day_of_week_operator.py
[2023-09-07T16:13:22.650+0000] {processor.py:839} INFO - DAG(s) dict_keys(['example_weekday_branch_operator']) retrieved from /home/airflow/.local/lib/python3.8/site-packages/airflow/example_dags/example_branch_day_of_week_operator.py
[2023-09-07T16:13:22.714+0000] {logging_mixin.py:151} INFO - [2023-09-07T16:13:22.714+0000] {dag.py:2907} INFO - Sync 1 DAGs
[2023-09-07T16:13:22.750+0000] {logging_mixin.py:151} INFO - [2023-09-07T16:13:22.750+0000] {dag.py:3677} INFO - Setting next_dagrun for example_weekday_branch_operator to 2023-09-06T00:00:00+00:00, run_after=2023-09-07T00:00:00+00:00
[2023-09-07T16:13:22.765+0000] {processor.py:179} INFO - Processing /home/airflow/.local/lib/python3.8/site-packages/airflow/example_dags/example_branch_day_of_week_operator.py took 0.159 seconds
[2023-09-07T16:13:53.483+0000] {processor.py:157} INFO - Started process (PID=7469) to work on /home/airflow/.local/lib/python3.8/site-packages/airflow/example_dags/example_branch_day_of_week_operator.py
[2023-09-07T16:13:53.485+0000] {processor.py:829} INFO - Processing file /home/airflow/.local/lib/python3.8/site-packages/airflow/example_dags/example_branch_day_of_week_operator.py for tasks to queue
[2023-09-07T16:13:53.487+0000] {logging_mixin.py:151} INFO - [2023-09-07T16:13:53.486+0000] {dagbag.py:539} INFO - Filling up the DagBag from /home/airflow/.local/lib/python3.8/site-packages/airflow/example_dags/example_branch_day_of_week_operator.py
[2023-09-07T16:13:53.502+0000] {processor.py:839} INFO - DAG(s) dict_keys(['example_weekday_branch_operator']) retrieved from /home/airflow/.local/lib/python3.8/site-packages/airflow/example_dags/example_branch_day_of_week_operator.py
[2023-09-07T16:13:53.554+0000] {logging_mixin.py:151} INFO - [2023-09-07T16:13:53.553+0000] {dag.py:2907} INFO - Sync 1 DAGs
[2023-09-07T16:13:53.590+0000] {logging_mixin.py:151} INFO - [2023-09-07T16:13:53.590+0000] {dag.py:3677} INFO - Setting next_dagrun for example_weekday_branch_operator to 2023-09-06T00:00:00+00:00, run_after=2023-09-07T00:00:00+00:00
[2023-09-07T16:13:53.605+0000] {processor.py:179} INFO - Processing /home/airflow/.local/lib/python3.8/site-packages/airflow/example_dags/example_branch_day_of_week_operator.py took 0.127 seconds
[2023-09-07T16:14:24.265+0000] {processor.py:157} INFO - Started process (PID=7708) to work on /home/airflow/.local/lib/python3.8/site-packages/airflow/example_dags/example_branch_day_of_week_operator.py
[2023-09-07T16:14:24.270+0000] {processor.py:829} INFO - Processing file /home/airflow/.local/lib/python3.8/site-packages/airflow/example_dags/example_branch_day_of_week_operator.py for tasks to queue
[2023-09-07T16:14:24.272+0000] {logging_mixin.py:151} INFO - [2023-09-07T16:14:24.272+0000] {dagbag.py:539} INFO - Filling up the DagBag from /home/airflow/.local/lib/python3.8/site-packages/airflow/example_dags/example_branch_day_of_week_operator.py
[2023-09-07T16:14:24.315+0000] {processor.py:839} INFO - DAG(s) dict_keys(['example_weekday_branch_operator']) retrieved from /home/airflow/.local/lib/python3.8/site-packages/airflow/example_dags/example_branch_day_of_week_operator.py
[2023-09-07T16:14:24.389+0000] {logging_mixin.py:151} INFO - [2023-09-07T16:14:24.389+0000] {dag.py:2907} INFO - Sync 1 DAGs
[2023-09-07T16:14:24.419+0000] {logging_mixin.py:151} INFO - [2023-09-07T16:14:24.419+0000] {dag.py:3677} INFO - Setting next_dagrun for example_weekday_branch_operator to 2023-09-06T00:00:00+00:00, run_after=2023-09-07T00:00:00+00:00
[2023-09-07T16:14:24.435+0000] {processor.py:179} INFO - Processing /home/airflow/.local/lib/python3.8/site-packages/airflow/example_dags/example_branch_day_of_week_operator.py took 0.177 seconds
[2023-09-07T16:14:55.145+0000] {processor.py:157} INFO - Started process (PID=7946) to work on /home/airflow/.local/lib/python3.8/site-packages/airflow/example_dags/example_branch_day_of_week_operator.py
[2023-09-07T16:14:55.149+0000] {processor.py:829} INFO - Processing file /home/airflow/.local/lib/python3.8/site-packages/airflow/example_dags/example_branch_day_of_week_operator.py for tasks to queue
[2023-09-07T16:14:55.150+0000] {logging_mixin.py:151} INFO - [2023-09-07T16:14:55.149+0000] {dagbag.py:539} INFO - Filling up the DagBag from /home/airflow/.local/lib/python3.8/site-packages/airflow/example_dags/example_branch_day_of_week_operator.py
[2023-09-07T16:14:55.180+0000] {processor.py:839} INFO - DAG(s) dict_keys(['example_weekday_branch_operator']) retrieved from /home/airflow/.local/lib/python3.8/site-packages/airflow/example_dags/example_branch_day_of_week_operator.py
[2023-09-07T16:14:55.237+0000] {logging_mixin.py:151} INFO - [2023-09-07T16:14:55.236+0000] {dag.py:2907} INFO - Sync 1 DAGs
[2023-09-07T16:14:55.267+0000] {logging_mixin.py:151} INFO - [2023-09-07T16:14:55.267+0000] {dag.py:3677} INFO - Setting next_dagrun for example_weekday_branch_operator to 2023-09-06T00:00:00+00:00, run_after=2023-09-07T00:00:00+00:00
[2023-09-07T16:14:55.282+0000] {processor.py:179} INFO - Processing /home/airflow/.local/lib/python3.8/site-packages/airflow/example_dags/example_branch_day_of_week_operator.py took 0.144 seconds
[2023-09-07T16:15:26.097+0000] {processor.py:157} INFO - Started process (PID=8183) to work on /home/airflow/.local/lib/python3.8/site-packages/airflow/example_dags/example_branch_day_of_week_operator.py
[2023-09-07T16:15:26.109+0000] {processor.py:829} INFO - Processing file /home/airflow/.local/lib/python3.8/site-packages/airflow/example_dags/example_branch_day_of_week_operator.py for tasks to queue
[2023-09-07T16:15:26.114+0000] {logging_mixin.py:151} INFO - [2023-09-07T16:15:26.114+0000] {dagbag.py:539} INFO - Filling up the DagBag from /home/airflow/.local/lib/python3.8/site-packages/airflow/example_dags/example_branch_day_of_week_operator.py
[2023-09-07T16:15:26.134+0000] {processor.py:839} INFO - DAG(s) dict_keys(['example_weekday_branch_operator']) retrieved from /home/airflow/.local/lib/python3.8/site-packages/airflow/example_dags/example_branch_day_of_week_operator.py
[2023-09-07T16:15:26.204+0000] {logging_mixin.py:151} INFO - [2023-09-07T16:15:26.204+0000] {dag.py:2907} INFO - Sync 1 DAGs
[2023-09-07T16:15:26.241+0000] {logging_mixin.py:151} INFO - [2023-09-07T16:15:26.240+0000] {dag.py:3677} INFO - Setting next_dagrun for example_weekday_branch_operator to 2023-09-06T00:00:00+00:00, run_after=2023-09-07T00:00:00+00:00
[2023-09-07T16:15:26.257+0000] {processor.py:179} INFO - Processing /home/airflow/.local/lib/python3.8/site-packages/airflow/example_dags/example_branch_day_of_week_operator.py took 0.172 seconds
[2023-09-07T16:15:56.895+0000] {processor.py:157} INFO - Started process (PID=8421) to work on /home/airflow/.local/lib/python3.8/site-packages/airflow/example_dags/example_branch_day_of_week_operator.py
[2023-09-07T16:15:56.897+0000] {processor.py:829} INFO - Processing file /home/airflow/.local/lib/python3.8/site-packages/airflow/example_dags/example_branch_day_of_week_operator.py for tasks to queue
[2023-09-07T16:15:56.898+0000] {logging_mixin.py:151} INFO - [2023-09-07T16:15:56.898+0000] {dagbag.py:539} INFO - Filling up the DagBag from /home/airflow/.local/lib/python3.8/site-packages/airflow/example_dags/example_branch_day_of_week_operator.py
[2023-09-07T16:15:56.930+0000] {processor.py:839} INFO - DAG(s) dict_keys(['example_weekday_branch_operator']) retrieved from /home/airflow/.local/lib/python3.8/site-packages/airflow/example_dags/example_branch_day_of_week_operator.py
[2023-09-07T16:15:56.963+0000] {logging_mixin.py:151} INFO - [2023-09-07T16:15:56.963+0000] {dag.py:2907} INFO - Sync 1 DAGs
[2023-09-07T16:15:56.980+0000] {logging_mixin.py:151} INFO - [2023-09-07T16:15:56.980+0000] {dag.py:3677} INFO - Setting next_dagrun for example_weekday_branch_operator to 2023-09-06T00:00:00+00:00, run_after=2023-09-07T00:00:00+00:00
[2023-09-07T16:15:56.992+0000] {processor.py:179} INFO - Processing /home/airflow/.local/lib/python3.8/site-packages/airflow/example_dags/example_branch_day_of_week_operator.py took 0.102 seconds
[2023-09-07T16:16:27.630+0000] {processor.py:157} INFO - Started process (PID=8659) to work on /home/airflow/.local/lib/python3.8/site-packages/airflow/example_dags/example_branch_day_of_week_operator.py
[2023-09-07T16:16:27.633+0000] {processor.py:829} INFO - Processing file /home/airflow/.local/lib/python3.8/site-packages/airflow/example_dags/example_branch_day_of_week_operator.py for tasks to queue
[2023-09-07T16:16:27.636+0000] {logging_mixin.py:151} INFO - [2023-09-07T16:16:27.635+0000] {dagbag.py:539} INFO - Filling up the DagBag from /home/airflow/.local/lib/python3.8/site-packages/airflow/example_dags/example_branch_day_of_week_operator.py
[2023-09-07T16:16:27.655+0000] {processor.py:839} INFO - DAG(s) dict_keys(['example_weekday_branch_operator']) retrieved from /home/airflow/.local/lib/python3.8/site-packages/airflow/example_dags/example_branch_day_of_week_operator.py
[2023-09-07T16:16:27.722+0000] {logging_mixin.py:151} INFO - [2023-09-07T16:16:27.722+0000] {dag.py:2907} INFO - Sync 1 DAGs
[2023-09-07T16:16:27.751+0000] {logging_mixin.py:151} INFO - [2023-09-07T16:16:27.751+0000] {dag.py:3677} INFO - Setting next_dagrun for example_weekday_branch_operator to 2023-09-06T00:00:00+00:00, run_after=2023-09-07T00:00:00+00:00
[2023-09-07T16:16:27.771+0000] {processor.py:179} INFO - Processing /home/airflow/.local/lib/python3.8/site-packages/airflow/example_dags/example_branch_day_of_week_operator.py took 0.148 seconds
[2023-09-07T16:16:58.044+0000] {processor.py:157} INFO - Started process (PID=8897) to work on /home/airflow/.local/lib/python3.8/site-packages/airflow/example_dags/example_branch_day_of_week_operator.py
[2023-09-07T16:16:58.048+0000] {processor.py:829} INFO - Processing file /home/airflow/.local/lib/python3.8/site-packages/airflow/example_dags/example_branch_day_of_week_operator.py for tasks to queue
[2023-09-07T16:16:58.053+0000] {logging_mixin.py:151} INFO - [2023-09-07T16:16:58.052+0000] {dagbag.py:539} INFO - Filling up the DagBag from /home/airflow/.local/lib/python3.8/site-packages/airflow/example_dags/example_branch_day_of_week_operator.py
[2023-09-07T16:16:58.071+0000] {processor.py:839} INFO - DAG(s) dict_keys(['example_weekday_branch_operator']) retrieved from /home/airflow/.local/lib/python3.8/site-packages/airflow/example_dags/example_branch_day_of_week_operator.py
[2023-09-07T16:16:58.126+0000] {logging_mixin.py:151} INFO - [2023-09-07T16:16:58.126+0000] {dag.py:2907} INFO - Sync 1 DAGs
[2023-09-07T16:16:58.151+0000] {logging_mixin.py:151} INFO - [2023-09-07T16:16:58.151+0000] {dag.py:3677} INFO - Setting next_dagrun for example_weekday_branch_operator to 2023-09-06T00:00:00+00:00, run_after=2023-09-07T00:00:00+00:00
[2023-09-07T16:16:58.167+0000] {processor.py:179} INFO - Processing /home/airflow/.local/lib/python3.8/site-packages/airflow/example_dags/example_branch_day_of_week_operator.py took 0.137 seconds
[2023-09-07T16:17:28.340+0000] {processor.py:157} INFO - Started process (PID=9135) to work on /home/airflow/.local/lib/python3.8/site-packages/airflow/example_dags/example_branch_day_of_week_operator.py
[2023-09-07T16:17:28.343+0000] {processor.py:829} INFO - Processing file /home/airflow/.local/lib/python3.8/site-packages/airflow/example_dags/example_branch_day_of_week_operator.py for tasks to queue
[2023-09-07T16:17:28.344+0000] {logging_mixin.py:151} INFO - [2023-09-07T16:17:28.344+0000] {dagbag.py:539} INFO - Filling up the DagBag from /home/airflow/.local/lib/python3.8/site-packages/airflow/example_dags/example_branch_day_of_week_operator.py
[2023-09-07T16:17:28.363+0000] {processor.py:839} INFO - DAG(s) dict_keys(['example_weekday_branch_operator']) retrieved from /home/airflow/.local/lib/python3.8/site-packages/airflow/example_dags/example_branch_day_of_week_operator.py
[2023-09-07T16:17:28.476+0000] {logging_mixin.py:151} INFO - [2023-09-07T16:17:28.475+0000] {dag.py:2907} INFO - Sync 1 DAGs
[2023-09-07T16:17:28.533+0000] {logging_mixin.py:151} INFO - [2023-09-07T16:17:28.532+0000] {dag.py:3677} INFO - Setting next_dagrun for example_weekday_branch_operator to 2023-09-06T00:00:00+00:00, run_after=2023-09-07T00:00:00+00:00
[2023-09-07T16:17:28.623+0000] {processor.py:179} INFO - Processing /home/airflow/.local/lib/python3.8/site-packages/airflow/example_dags/example_branch_day_of_week_operator.py took 0.293 seconds
[2023-09-07T16:17:59.049+0000] {processor.py:157} INFO - Started process (PID=9373) to work on /home/airflow/.local/lib/python3.8/site-packages/airflow/example_dags/example_branch_day_of_week_operator.py
[2023-09-07T16:17:59.053+0000] {processor.py:829} INFO - Processing file /home/airflow/.local/lib/python3.8/site-packages/airflow/example_dags/example_branch_day_of_week_operator.py for tasks to queue
[2023-09-07T16:17:59.060+0000] {logging_mixin.py:151} INFO - [2023-09-07T16:17:59.058+0000] {dagbag.py:539} INFO - Filling up the DagBag from /home/airflow/.local/lib/python3.8/site-packages/airflow/example_dags/example_branch_day_of_week_operator.py
[2023-09-07T16:17:59.084+0000] {processor.py:839} INFO - DAG(s) dict_keys(['example_weekday_branch_operator']) retrieved from /home/airflow/.local/lib/python3.8/site-packages/airflow/example_dags/example_branch_day_of_week_operator.py
[2023-09-07T16:17:59.144+0000] {logging_mixin.py:151} INFO - [2023-09-07T16:17:59.143+0000] {dag.py:2907} INFO - Sync 1 DAGs
[2023-09-07T16:17:59.185+0000] {logging_mixin.py:151} INFO - [2023-09-07T16:17:59.185+0000] {dag.py:3677} INFO - Setting next_dagrun for example_weekday_branch_operator to 2023-09-06T00:00:00+00:00, run_after=2023-09-07T00:00:00+00:00
[2023-09-07T16:17:59.251+0000] {processor.py:179} INFO - Processing /home/airflow/.local/lib/python3.8/site-packages/airflow/example_dags/example_branch_day_of_week_operator.py took 0.208 seconds
[2023-09-07T16:18:29.569+0000] {processor.py:157} INFO - Started process (PID=9612) to work on /home/airflow/.local/lib/python3.8/site-packages/airflow/example_dags/example_branch_day_of_week_operator.py
[2023-09-07T16:18:29.571+0000] {processor.py:829} INFO - Processing file /home/airflow/.local/lib/python3.8/site-packages/airflow/example_dags/example_branch_day_of_week_operator.py for tasks to queue
[2023-09-07T16:18:29.573+0000] {logging_mixin.py:151} INFO - [2023-09-07T16:18:29.572+0000] {dagbag.py:539} INFO - Filling up the DagBag from /home/airflow/.local/lib/python3.8/site-packages/airflow/example_dags/example_branch_day_of_week_operator.py
[2023-09-07T16:18:29.582+0000] {processor.py:839} INFO - DAG(s) dict_keys(['example_weekday_branch_operator']) retrieved from /home/airflow/.local/lib/python3.8/site-packages/airflow/example_dags/example_branch_day_of_week_operator.py
[2023-09-07T16:18:29.611+0000] {logging_mixin.py:151} INFO - [2023-09-07T16:18:29.611+0000] {dag.py:2907} INFO - Sync 1 DAGs
[2023-09-07T16:18:29.628+0000] {logging_mixin.py:151} INFO - [2023-09-07T16:18:29.628+0000] {dag.py:3677} INFO - Setting next_dagrun for example_weekday_branch_operator to 2023-09-06T00:00:00+00:00, run_after=2023-09-07T00:00:00+00:00
[2023-09-07T16:18:29.641+0000] {processor.py:179} INFO - Processing /home/airflow/.local/lib/python3.8/site-packages/airflow/example_dags/example_branch_day_of_week_operator.py took 0.076 seconds
[2023-09-07T16:18:59.917+0000] {processor.py:157} INFO - Started process (PID=9850) to work on /home/airflow/.local/lib/python3.8/site-packages/airflow/example_dags/example_branch_day_of_week_operator.py
[2023-09-07T16:18:59.919+0000] {processor.py:829} INFO - Processing file /home/airflow/.local/lib/python3.8/site-packages/airflow/example_dags/example_branch_day_of_week_operator.py for tasks to queue
[2023-09-07T16:18:59.921+0000] {logging_mixin.py:151} INFO - [2023-09-07T16:18:59.920+0000] {dagbag.py:539} INFO - Filling up the DagBag from /home/airflow/.local/lib/python3.8/site-packages/airflow/example_dags/example_branch_day_of_week_operator.py
[2023-09-07T16:18:59.930+0000] {processor.py:839} INFO - DAG(s) dict_keys(['example_weekday_branch_operator']) retrieved from /home/airflow/.local/lib/python3.8/site-packages/airflow/example_dags/example_branch_day_of_week_operator.py
[2023-09-07T16:18:59.957+0000] {logging_mixin.py:151} INFO - [2023-09-07T16:18:59.957+0000] {dag.py:2907} INFO - Sync 1 DAGs
[2023-09-07T16:18:59.974+0000] {logging_mixin.py:151} INFO - [2023-09-07T16:18:59.974+0000] {dag.py:3677} INFO - Setting next_dagrun for example_weekday_branch_operator to 2023-09-06T00:00:00+00:00, run_after=2023-09-07T00:00:00+00:00
[2023-09-07T16:18:59.985+0000] {processor.py:179} INFO - Processing /home/airflow/.local/lib/python3.8/site-packages/airflow/example_dags/example_branch_day_of_week_operator.py took 0.072 seconds
[2023-09-07T16:19:30.256+0000] {processor.py:157} INFO - Started process (PID=10088) to work on /home/airflow/.local/lib/python3.8/site-packages/airflow/example_dags/example_branch_day_of_week_operator.py
[2023-09-07T16:19:30.258+0000] {processor.py:829} INFO - Processing file /home/airflow/.local/lib/python3.8/site-packages/airflow/example_dags/example_branch_day_of_week_operator.py for tasks to queue
[2023-09-07T16:19:30.259+0000] {logging_mixin.py:151} INFO - [2023-09-07T16:19:30.259+0000] {dagbag.py:539} INFO - Filling up the DagBag from /home/airflow/.local/lib/python3.8/site-packages/airflow/example_dags/example_branch_day_of_week_operator.py
[2023-09-07T16:19:30.268+0000] {processor.py:839} INFO - DAG(s) dict_keys(['example_weekday_branch_operator']) retrieved from /home/airflow/.local/lib/python3.8/site-packages/airflow/example_dags/example_branch_day_of_week_operator.py
[2023-09-07T16:19:30.289+0000] {logging_mixin.py:151} INFO - [2023-09-07T16:19:30.289+0000] {dag.py:2907} INFO - Sync 1 DAGs
[2023-09-07T16:19:30.304+0000] {logging_mixin.py:151} INFO - [2023-09-07T16:19:30.304+0000] {dag.py:3677} INFO - Setting next_dagrun for example_weekday_branch_operator to 2023-09-06T00:00:00+00:00, run_after=2023-09-07T00:00:00+00:00
[2023-09-07T16:19:30.314+0000] {processor.py:179} INFO - Processing /home/airflow/.local/lib/python3.8/site-packages/airflow/example_dags/example_branch_day_of_week_operator.py took 0.062 seconds
[2023-09-07T16:20:00.813+0000] {processor.py:157} INFO - Started process (PID=10326) to work on /home/airflow/.local/lib/python3.8/site-packages/airflow/example_dags/example_branch_day_of_week_operator.py
[2023-09-07T16:20:00.817+0000] {processor.py:829} INFO - Processing file /home/airflow/.local/lib/python3.8/site-packages/airflow/example_dags/example_branch_day_of_week_operator.py for tasks to queue
[2023-09-07T16:20:00.820+0000] {logging_mixin.py:151} INFO - [2023-09-07T16:20:00.819+0000] {dagbag.py:539} INFO - Filling up the DagBag from /home/airflow/.local/lib/python3.8/site-packages/airflow/example_dags/example_branch_day_of_week_operator.py
[2023-09-07T16:20:00.832+0000] {processor.py:839} INFO - DAG(s) dict_keys(['example_weekday_branch_operator']) retrieved from /home/airflow/.local/lib/python3.8/site-packages/airflow/example_dags/example_branch_day_of_week_operator.py
[2023-09-07T16:20:00.860+0000] {logging_mixin.py:151} INFO - [2023-09-07T16:20:00.860+0000] {dag.py:2907} INFO - Sync 1 DAGs
[2023-09-07T16:20:00.878+0000] {logging_mixin.py:151} INFO - [2023-09-07T16:20:00.877+0000] {dag.py:3677} INFO - Setting next_dagrun for example_weekday_branch_operator to 2023-09-06T00:00:00+00:00, run_after=2023-09-07T00:00:00+00:00
[2023-09-07T16:20:00.890+0000] {processor.py:179} INFO - Processing /home/airflow/.local/lib/python3.8/site-packages/airflow/example_dags/example_branch_day_of_week_operator.py took 0.092 seconds
[2023-09-07T16:20:31.170+0000] {processor.py:157} INFO - Started process (PID=10563) to work on /home/airflow/.local/lib/python3.8/site-packages/airflow/example_dags/example_branch_day_of_week_operator.py
[2023-09-07T16:20:31.174+0000] {processor.py:829} INFO - Processing file /home/airflow/.local/lib/python3.8/site-packages/airflow/example_dags/example_branch_day_of_week_operator.py for tasks to queue
[2023-09-07T16:20:31.177+0000] {logging_mixin.py:151} INFO - [2023-09-07T16:20:31.175+0000] {dagbag.py:539} INFO - Filling up the DagBag from /home/airflow/.local/lib/python3.8/site-packages/airflow/example_dags/example_branch_day_of_week_operator.py
[2023-09-07T16:20:31.199+0000] {processor.py:839} INFO - DAG(s) dict_keys(['example_weekday_branch_operator']) retrieved from /home/airflow/.local/lib/python3.8/site-packages/airflow/example_dags/example_branch_day_of_week_operator.py
[2023-09-07T16:20:31.233+0000] {logging_mixin.py:151} INFO - [2023-09-07T16:20:31.233+0000] {dag.py:2907} INFO - Sync 1 DAGs
[2023-09-07T16:20:31.251+0000] {logging_mixin.py:151} INFO - [2023-09-07T16:20:31.251+0000] {dag.py:3677} INFO - Setting next_dagrun for example_weekday_branch_operator to 2023-09-06T00:00:00+00:00, run_after=2023-09-07T00:00:00+00:00
[2023-09-07T16:20:31.265+0000] {processor.py:179} INFO - Processing /home/airflow/.local/lib/python3.8/site-packages/airflow/example_dags/example_branch_day_of_week_operator.py took 0.105 seconds
[2023-09-07T16:21:01.687+0000] {processor.py:157} INFO - Started process (PID=10801) to work on /home/airflow/.local/lib/python3.8/site-packages/airflow/example_dags/example_branch_day_of_week_operator.py
[2023-09-07T16:21:01.689+0000] {processor.py:829} INFO - Processing file /home/airflow/.local/lib/python3.8/site-packages/airflow/example_dags/example_branch_day_of_week_operator.py for tasks to queue
[2023-09-07T16:21:01.691+0000] {logging_mixin.py:151} INFO - [2023-09-07T16:21:01.690+0000] {dagbag.py:539} INFO - Filling up the DagBag from /home/airflow/.local/lib/python3.8/site-packages/airflow/example_dags/example_branch_day_of_week_operator.py
[2023-09-07T16:21:01.700+0000] {processor.py:839} INFO - DAG(s) dict_keys(['example_weekday_branch_operator']) retrieved from /home/airflow/.local/lib/python3.8/site-packages/airflow/example_dags/example_branch_day_of_week_operator.py
[2023-09-07T16:21:01.739+0000] {logging_mixin.py:151} INFO - [2023-09-07T16:21:01.738+0000] {dag.py:2907} INFO - Sync 1 DAGs
[2023-09-07T16:21:01.769+0000] {logging_mixin.py:151} INFO - [2023-09-07T16:21:01.769+0000] {dag.py:3677} INFO - Setting next_dagrun for example_weekday_branch_operator to 2023-09-06T00:00:00+00:00, run_after=2023-09-07T00:00:00+00:00
[2023-09-07T16:21:01.783+0000] {processor.py:179} INFO - Processing /home/airflow/.local/lib/python3.8/site-packages/airflow/example_dags/example_branch_day_of_week_operator.py took 0.101 seconds
[2023-09-07T16:21:32.019+0000] {processor.py:157} INFO - Started process (PID=11039) to work on /home/airflow/.local/lib/python3.8/site-packages/airflow/example_dags/example_branch_day_of_week_operator.py
[2023-09-07T16:21:32.021+0000] {processor.py:829} INFO - Processing file /home/airflow/.local/lib/python3.8/site-packages/airflow/example_dags/example_branch_day_of_week_operator.py for tasks to queue
[2023-09-07T16:21:32.023+0000] {logging_mixin.py:151} INFO - [2023-09-07T16:21:32.022+0000] {dagbag.py:539} INFO - Filling up the DagBag from /home/airflow/.local/lib/python3.8/site-packages/airflow/example_dags/example_branch_day_of_week_operator.py
[2023-09-07T16:21:32.033+0000] {processor.py:839} INFO - DAG(s) dict_keys(['example_weekday_branch_operator']) retrieved from /home/airflow/.local/lib/python3.8/site-packages/airflow/example_dags/example_branch_day_of_week_operator.py
[2023-09-07T16:21:32.055+0000] {logging_mixin.py:151} INFO - [2023-09-07T16:21:32.055+0000] {dag.py:2907} INFO - Sync 1 DAGs
[2023-09-07T16:21:32.070+0000] {logging_mixin.py:151} INFO - [2023-09-07T16:21:32.070+0000] {dag.py:3677} INFO - Setting next_dagrun for example_weekday_branch_operator to 2023-09-06T00:00:00+00:00, run_after=2023-09-07T00:00:00+00:00
[2023-09-07T16:21:32.084+0000] {processor.py:179} INFO - Processing /home/airflow/.local/lib/python3.8/site-packages/airflow/example_dags/example_branch_day_of_week_operator.py took 0.069 seconds
[2023-09-07T16:22:02.631+0000] {processor.py:157} INFO - Started process (PID=11277) to work on /home/airflow/.local/lib/python3.8/site-packages/airflow/example_dags/example_branch_day_of_week_operator.py
[2023-09-07T16:22:02.633+0000] {processor.py:829} INFO - Processing file /home/airflow/.local/lib/python3.8/site-packages/airflow/example_dags/example_branch_day_of_week_operator.py for tasks to queue
[2023-09-07T16:22:02.634+0000] {logging_mixin.py:151} INFO - [2023-09-07T16:22:02.634+0000] {dagbag.py:539} INFO - Filling up the DagBag from /home/airflow/.local/lib/python3.8/site-packages/airflow/example_dags/example_branch_day_of_week_operator.py
[2023-09-07T16:22:02.641+0000] {processor.py:839} INFO - DAG(s) dict_keys(['example_weekday_branch_operator']) retrieved from /home/airflow/.local/lib/python3.8/site-packages/airflow/example_dags/example_branch_day_of_week_operator.py
[2023-09-07T16:22:02.662+0000] {logging_mixin.py:151} INFO - [2023-09-07T16:22:02.662+0000] {dag.py:2907} INFO - Sync 1 DAGs
[2023-09-07T16:22:02.685+0000] {logging_mixin.py:151} INFO - [2023-09-07T16:22:02.685+0000] {dag.py:3677} INFO - Setting next_dagrun for example_weekday_branch_operator to 2023-09-06T00:00:00+00:00, run_after=2023-09-07T00:00:00+00:00
[2023-09-07T16:22:02.699+0000] {processor.py:179} INFO - Processing /home/airflow/.local/lib/python3.8/site-packages/airflow/example_dags/example_branch_day_of_week_operator.py took 0.071 seconds
[2023-09-07T16:22:33.218+0000] {processor.py:157} INFO - Started process (PID=11514) to work on /home/airflow/.local/lib/python3.8/site-packages/airflow/example_dags/example_branch_day_of_week_operator.py
[2023-09-07T16:22:33.221+0000] {processor.py:829} INFO - Processing file /home/airflow/.local/lib/python3.8/site-packages/airflow/example_dags/example_branch_day_of_week_operator.py for tasks to queue
[2023-09-07T16:22:33.222+0000] {logging_mixin.py:151} INFO - [2023-09-07T16:22:33.221+0000] {dagbag.py:539} INFO - Filling up the DagBag from /home/airflow/.local/lib/python3.8/site-packages/airflow/example_dags/example_branch_day_of_week_operator.py
[2023-09-07T16:22:33.230+0000] {processor.py:839} INFO - DAG(s) dict_keys(['example_weekday_branch_operator']) retrieved from /home/airflow/.local/lib/python3.8/site-packages/airflow/example_dags/example_branch_day_of_week_operator.py
[2023-09-07T16:22:33.277+0000] {logging_mixin.py:151} INFO - [2023-09-07T16:22:33.277+0000] {dag.py:2907} INFO - Sync 1 DAGs
[2023-09-07T16:22:33.294+0000] {logging_mixin.py:151} INFO - [2023-09-07T16:22:33.294+0000] {dag.py:3677} INFO - Setting next_dagrun for example_weekday_branch_operator to 2023-09-06T00:00:00+00:00, run_after=2023-09-07T00:00:00+00:00
[2023-09-07T16:22:33.306+0000] {processor.py:179} INFO - Processing /home/airflow/.local/lib/python3.8/site-packages/airflow/example_dags/example_branch_day_of_week_operator.py took 0.092 seconds
[2023-09-07T16:23:03.749+0000] {processor.py:157} INFO - Started process (PID=11752) to work on /home/airflow/.local/lib/python3.8/site-packages/airflow/example_dags/example_branch_day_of_week_operator.py
[2023-09-07T16:23:03.751+0000] {processor.py:829} INFO - Processing file /home/airflow/.local/lib/python3.8/site-packages/airflow/example_dags/example_branch_day_of_week_operator.py for tasks to queue
[2023-09-07T16:23:03.753+0000] {logging_mixin.py:151} INFO - [2023-09-07T16:23:03.752+0000] {dagbag.py:539} INFO - Filling up the DagBag from /home/airflow/.local/lib/python3.8/site-packages/airflow/example_dags/example_branch_day_of_week_operator.py
[2023-09-07T16:23:03.762+0000] {processor.py:839} INFO - DAG(s) dict_keys(['example_weekday_branch_operator']) retrieved from /home/airflow/.local/lib/python3.8/site-packages/airflow/example_dags/example_branch_day_of_week_operator.py
[2023-09-07T16:23:03.796+0000] {logging_mixin.py:151} INFO - [2023-09-07T16:23:03.796+0000] {dag.py:2907} INFO - Sync 1 DAGs
[2023-09-07T16:23:03.815+0000] {logging_mixin.py:151} INFO - [2023-09-07T16:23:03.815+0000] {dag.py:3677} INFO - Setting next_dagrun for example_weekday_branch_operator to 2023-09-06T00:00:00+00:00, run_after=2023-09-07T00:00:00+00:00
[2023-09-07T16:23:03.828+0000] {processor.py:179} INFO - Processing /home/airflow/.local/lib/python3.8/site-packages/airflow/example_dags/example_branch_day_of_week_operator.py took 0.084 seconds
[2023-09-07T16:23:34.320+0000] {processor.py:157} INFO - Started process (PID=11990) to work on /home/airflow/.local/lib/python3.8/site-packages/airflow/example_dags/example_branch_day_of_week_operator.py
[2023-09-07T16:23:34.322+0000] {processor.py:829} INFO - Processing file /home/airflow/.local/lib/python3.8/site-packages/airflow/example_dags/example_branch_day_of_week_operator.py for tasks to queue
[2023-09-07T16:23:34.323+0000] {logging_mixin.py:151} INFO - [2023-09-07T16:23:34.322+0000] {dagbag.py:539} INFO - Filling up the DagBag from /home/airflow/.local/lib/python3.8/site-packages/airflow/example_dags/example_branch_day_of_week_operator.py
[2023-09-07T16:23:34.330+0000] {processor.py:839} INFO - DAG(s) dict_keys(['example_weekday_branch_operator']) retrieved from /home/airflow/.local/lib/python3.8/site-packages/airflow/example_dags/example_branch_day_of_week_operator.py
[2023-09-07T16:23:34.350+0000] {logging_mixin.py:151} INFO - [2023-09-07T16:23:34.350+0000] {dag.py:2907} INFO - Sync 1 DAGs
[2023-09-07T16:23:34.366+0000] {logging_mixin.py:151} INFO - [2023-09-07T16:23:34.366+0000] {dag.py:3677} INFO - Setting next_dagrun for example_weekday_branch_operator to 2023-09-06T00:00:00+00:00, run_after=2023-09-07T00:00:00+00:00
[2023-09-07T16:23:34.378+0000] {processor.py:179} INFO - Processing /home/airflow/.local/lib/python3.8/site-packages/airflow/example_dags/example_branch_day_of_week_operator.py took 0.061 seconds
[2023-09-07T16:24:04.890+0000] {processor.py:157} INFO - Started process (PID=12228) to work on /home/airflow/.local/lib/python3.8/site-packages/airflow/example_dags/example_branch_day_of_week_operator.py
[2023-09-07T16:24:04.892+0000] {processor.py:829} INFO - Processing file /home/airflow/.local/lib/python3.8/site-packages/airflow/example_dags/example_branch_day_of_week_operator.py for tasks to queue
[2023-09-07T16:24:04.894+0000] {logging_mixin.py:151} INFO - [2023-09-07T16:24:04.893+0000] {dagbag.py:539} INFO - Filling up the DagBag from /home/airflow/.local/lib/python3.8/site-packages/airflow/example_dags/example_branch_day_of_week_operator.py
[2023-09-07T16:24:04.903+0000] {processor.py:839} INFO - DAG(s) dict_keys(['example_weekday_branch_operator']) retrieved from /home/airflow/.local/lib/python3.8/site-packages/airflow/example_dags/example_branch_day_of_week_operator.py
[2023-09-07T16:24:04.927+0000] {logging_mixin.py:151} INFO - [2023-09-07T16:24:04.927+0000] {dag.py:2907} INFO - Sync 1 DAGs
[2023-09-07T16:24:04.942+0000] {logging_mixin.py:151} INFO - [2023-09-07T16:24:04.942+0000] {dag.py:3677} INFO - Setting next_dagrun for example_weekday_branch_operator to 2023-09-06T00:00:00+00:00, run_after=2023-09-07T00:00:00+00:00
[2023-09-07T16:24:04.961+0000] {processor.py:179} INFO - Processing /home/airflow/.local/lib/python3.8/site-packages/airflow/example_dags/example_branch_day_of_week_operator.py took 0.077 seconds
[2023-09-07T16:24:35.305+0000] {processor.py:157} INFO - Started process (PID=12466) to work on /home/airflow/.local/lib/python3.8/site-packages/airflow/example_dags/example_branch_day_of_week_operator.py
[2023-09-07T16:24:35.307+0000] {processor.py:829} INFO - Processing file /home/airflow/.local/lib/python3.8/site-packages/airflow/example_dags/example_branch_day_of_week_operator.py for tasks to queue
[2023-09-07T16:24:35.309+0000] {logging_mixin.py:151} INFO - [2023-09-07T16:24:35.308+0000] {dagbag.py:539} INFO - Filling up the DagBag from /home/airflow/.local/lib/python3.8/site-packages/airflow/example_dags/example_branch_day_of_week_operator.py
[2023-09-07T16:24:35.318+0000] {processor.py:839} INFO - DAG(s) dict_keys(['example_weekday_branch_operator']) retrieved from /home/airflow/.local/lib/python3.8/site-packages/airflow/example_dags/example_branch_day_of_week_operator.py
[2023-09-07T16:24:35.339+0000] {logging_mixin.py:151} INFO - [2023-09-07T16:24:35.339+0000] {dag.py:2907} INFO - Sync 1 DAGs
[2023-09-07T16:24:35.353+0000] {logging_mixin.py:151} INFO - [2023-09-07T16:24:35.353+0000] {dag.py:3677} INFO - Setting next_dagrun for example_weekday_branch_operator to 2023-09-06T00:00:00+00:00, run_after=2023-09-07T00:00:00+00:00
[2023-09-07T16:24:35.363+0000] {processor.py:179} INFO - Processing /home/airflow/.local/lib/python3.8/site-packages/airflow/example_dags/example_branch_day_of_week_operator.py took 0.063 seconds
[2023-09-07T16:25:05.702+0000] {processor.py:157} INFO - Started process (PID=12705) to work on /home/airflow/.local/lib/python3.8/site-packages/airflow/example_dags/example_branch_day_of_week_operator.py
[2023-09-07T16:25:05.706+0000] {processor.py:829} INFO - Processing file /home/airflow/.local/lib/python3.8/site-packages/airflow/example_dags/example_branch_day_of_week_operator.py for tasks to queue
[2023-09-07T16:25:05.708+0000] {logging_mixin.py:151} INFO - [2023-09-07T16:25:05.707+0000] {dagbag.py:539} INFO - Filling up the DagBag from /home/airflow/.local/lib/python3.8/site-packages/airflow/example_dags/example_branch_day_of_week_operator.py
[2023-09-07T16:25:05.720+0000] {processor.py:839} INFO - DAG(s) dict_keys(['example_weekday_branch_operator']) retrieved from /home/airflow/.local/lib/python3.8/site-packages/airflow/example_dags/example_branch_day_of_week_operator.py
[2023-09-07T16:25:05.750+0000] {logging_mixin.py:151} INFO - [2023-09-07T16:25:05.750+0000] {dag.py:2907} INFO - Sync 1 DAGs
[2023-09-07T16:25:05.767+0000] {logging_mixin.py:151} INFO - [2023-09-07T16:25:05.767+0000] {dag.py:3677} INFO - Setting next_dagrun for example_weekday_branch_operator to 2023-09-06T00:00:00+00:00, run_after=2023-09-07T00:00:00+00:00
[2023-09-07T16:25:05.778+0000] {processor.py:179} INFO - Processing /home/airflow/.local/lib/python3.8/site-packages/airflow/example_dags/example_branch_day_of_week_operator.py took 0.085 seconds
[2023-09-07T16:25:36.263+0000] {processor.py:157} INFO - Started process (PID=12942) to work on /home/airflow/.local/lib/python3.8/site-packages/airflow/example_dags/example_branch_day_of_week_operator.py
[2023-09-07T16:25:36.265+0000] {processor.py:829} INFO - Processing file /home/airflow/.local/lib/python3.8/site-packages/airflow/example_dags/example_branch_day_of_week_operator.py for tasks to queue
[2023-09-07T16:25:36.266+0000] {logging_mixin.py:151} INFO - [2023-09-07T16:25:36.266+0000] {dagbag.py:539} INFO - Filling up the DagBag from /home/airflow/.local/lib/python3.8/site-packages/airflow/example_dags/example_branch_day_of_week_operator.py
[2023-09-07T16:25:36.275+0000] {processor.py:839} INFO - DAG(s) dict_keys(['example_weekday_branch_operator']) retrieved from /home/airflow/.local/lib/python3.8/site-packages/airflow/example_dags/example_branch_day_of_week_operator.py
[2023-09-07T16:25:36.296+0000] {logging_mixin.py:151} INFO - [2023-09-07T16:25:36.296+0000] {dag.py:2907} INFO - Sync 1 DAGs
[2023-09-07T16:25:36.312+0000] {logging_mixin.py:151} INFO - [2023-09-07T16:25:36.312+0000] {dag.py:3677} INFO - Setting next_dagrun for example_weekday_branch_operator to 2023-09-06T00:00:00+00:00, run_after=2023-09-07T00:00:00+00:00
[2023-09-07T16:25:36.322+0000] {processor.py:179} INFO - Processing /home/airflow/.local/lib/python3.8/site-packages/airflow/example_dags/example_branch_day_of_week_operator.py took 0.064 seconds
[2023-09-07T16:26:06.916+0000] {processor.py:157} INFO - Started process (PID=13180) to work on /home/airflow/.local/lib/python3.8/site-packages/airflow/example_dags/example_branch_day_of_week_operator.py
[2023-09-07T16:26:06.919+0000] {processor.py:829} INFO - Processing file /home/airflow/.local/lib/python3.8/site-packages/airflow/example_dags/example_branch_day_of_week_operator.py for tasks to queue
[2023-09-07T16:26:06.920+0000] {logging_mixin.py:151} INFO - [2023-09-07T16:26:06.920+0000] {dagbag.py:539} INFO - Filling up the DagBag from /home/airflow/.local/lib/python3.8/site-packages/airflow/example_dags/example_branch_day_of_week_operator.py
[2023-09-07T16:26:06.942+0000] {processor.py:839} INFO - DAG(s) dict_keys(['example_weekday_branch_operator']) retrieved from /home/airflow/.local/lib/python3.8/site-packages/airflow/example_dags/example_branch_day_of_week_operator.py
[2023-09-07T16:26:06.998+0000] {logging_mixin.py:151} INFO - [2023-09-07T16:26:06.998+0000] {dag.py:2907} INFO - Sync 1 DAGs
[2023-09-07T16:26:07.022+0000] {logging_mixin.py:151} INFO - [2023-09-07T16:26:07.022+0000] {dag.py:3677} INFO - Setting next_dagrun for example_weekday_branch_operator to 2023-09-06T00:00:00+00:00, run_after=2023-09-07T00:00:00+00:00
[2023-09-07T16:26:07.046+0000] {processor.py:179} INFO - Processing /home/airflow/.local/lib/python3.8/site-packages/airflow/example_dags/example_branch_day_of_week_operator.py took 0.136 seconds
[2023-09-07T16:26:37.516+0000] {processor.py:157} INFO - Started process (PID=13419) to work on /home/airflow/.local/lib/python3.8/site-packages/airflow/example_dags/example_branch_day_of_week_operator.py
[2023-09-07T16:26:37.518+0000] {processor.py:829} INFO - Processing file /home/airflow/.local/lib/python3.8/site-packages/airflow/example_dags/example_branch_day_of_week_operator.py for tasks to queue
[2023-09-07T16:26:37.520+0000] {logging_mixin.py:151} INFO - [2023-09-07T16:26:37.519+0000] {dagbag.py:539} INFO - Filling up the DagBag from /home/airflow/.local/lib/python3.8/site-packages/airflow/example_dags/example_branch_day_of_week_operator.py
[2023-09-07T16:26:37.530+0000] {processor.py:839} INFO - DAG(s) dict_keys(['example_weekday_branch_operator']) retrieved from /home/airflow/.local/lib/python3.8/site-packages/airflow/example_dags/example_branch_day_of_week_operator.py
[2023-09-07T16:26:37.552+0000] {logging_mixin.py:151} INFO - [2023-09-07T16:26:37.552+0000] {dag.py:2907} INFO - Sync 1 DAGs
[2023-09-07T16:26:37.567+0000] {logging_mixin.py:151} INFO - [2023-09-07T16:26:37.567+0000] {dag.py:3677} INFO - Setting next_dagrun for example_weekday_branch_operator to 2023-09-06T00:00:00+00:00, run_after=2023-09-07T00:00:00+00:00
[2023-09-07T16:26:37.582+0000] {processor.py:179} INFO - Processing /home/airflow/.local/lib/python3.8/site-packages/airflow/example_dags/example_branch_day_of_week_operator.py took 0.070 seconds
[2023-09-07T16:27:07.812+0000] {processor.py:157} INFO - Started process (PID=13657) to work on /home/airflow/.local/lib/python3.8/site-packages/airflow/example_dags/example_branch_day_of_week_operator.py
[2023-09-07T16:27:07.814+0000] {processor.py:829} INFO - Processing file /home/airflow/.local/lib/python3.8/site-packages/airflow/example_dags/example_branch_day_of_week_operator.py for tasks to queue
[2023-09-07T16:27:07.816+0000] {logging_mixin.py:151} INFO - [2023-09-07T16:27:07.816+0000] {dagbag.py:539} INFO - Filling up the DagBag from /home/airflow/.local/lib/python3.8/site-packages/airflow/example_dags/example_branch_day_of_week_operator.py
[2023-09-07T16:27:07.828+0000] {processor.py:839} INFO - DAG(s) dict_keys(['example_weekday_branch_operator']) retrieved from /home/airflow/.local/lib/python3.8/site-packages/airflow/example_dags/example_branch_day_of_week_operator.py
[2023-09-07T16:27:07.857+0000] {logging_mixin.py:151} INFO - [2023-09-07T16:27:07.857+0000] {dag.py:2907} INFO - Sync 1 DAGs
[2023-09-07T16:27:07.876+0000] {logging_mixin.py:151} INFO - [2023-09-07T16:27:07.876+0000] {dag.py:3677} INFO - Setting next_dagrun for example_weekday_branch_operator to 2023-09-06T00:00:00+00:00, run_after=2023-09-07T00:00:00+00:00
[2023-09-07T16:27:07.888+0000] {processor.py:179} INFO - Processing /home/airflow/.local/lib/python3.8/site-packages/airflow/example_dags/example_branch_day_of_week_operator.py took 0.081 seconds
[2023-09-07T16:27:38.302+0000] {processor.py:157} INFO - Started process (PID=13896) to work on /home/airflow/.local/lib/python3.8/site-packages/airflow/example_dags/example_branch_day_of_week_operator.py
[2023-09-07T16:27:38.308+0000] {processor.py:829} INFO - Processing file /home/airflow/.local/lib/python3.8/site-packages/airflow/example_dags/example_branch_day_of_week_operator.py for tasks to queue
[2023-09-07T16:27:38.310+0000] {logging_mixin.py:151} INFO - [2023-09-07T16:27:38.309+0000] {dagbag.py:539} INFO - Filling up the DagBag from /home/airflow/.local/lib/python3.8/site-packages/airflow/example_dags/example_branch_day_of_week_operator.py
[2023-09-07T16:27:38.324+0000] {processor.py:839} INFO - DAG(s) dict_keys(['example_weekday_branch_operator']) retrieved from /home/airflow/.local/lib/python3.8/site-packages/airflow/example_dags/example_branch_day_of_week_operator.py
[2023-09-07T16:27:38.359+0000] {logging_mixin.py:151} INFO - [2023-09-07T16:27:38.359+0000] {dag.py:2907} INFO - Sync 1 DAGs
[2023-09-07T16:27:38.378+0000] {logging_mixin.py:151} INFO - [2023-09-07T16:27:38.378+0000] {dag.py:3677} INFO - Setting next_dagrun for example_weekday_branch_operator to 2023-09-06T00:00:00+00:00, run_after=2023-09-07T00:00:00+00:00
[2023-09-07T16:27:38.390+0000] {processor.py:179} INFO - Processing /home/airflow/.local/lib/python3.8/site-packages/airflow/example_dags/example_branch_day_of_week_operator.py took 0.099 seconds
[2023-09-07T16:28:08.673+0000] {processor.py:157} INFO - Started process (PID=14134) to work on /home/airflow/.local/lib/python3.8/site-packages/airflow/example_dags/example_branch_day_of_week_operator.py
[2023-09-07T16:28:08.674+0000] {processor.py:829} INFO - Processing file /home/airflow/.local/lib/python3.8/site-packages/airflow/example_dags/example_branch_day_of_week_operator.py for tasks to queue
[2023-09-07T16:28:08.676+0000] {logging_mixin.py:151} INFO - [2023-09-07T16:28:08.675+0000] {dagbag.py:539} INFO - Filling up the DagBag from /home/airflow/.local/lib/python3.8/site-packages/airflow/example_dags/example_branch_day_of_week_operator.py
[2023-09-07T16:28:08.684+0000] {processor.py:839} INFO - DAG(s) dict_keys(['example_weekday_branch_operator']) retrieved from /home/airflow/.local/lib/python3.8/site-packages/airflow/example_dags/example_branch_day_of_week_operator.py
[2023-09-07T16:28:08.705+0000] {logging_mixin.py:151} INFO - [2023-09-07T16:28:08.705+0000] {dag.py:2907} INFO - Sync 1 DAGs
[2023-09-07T16:28:08.718+0000] {logging_mixin.py:151} INFO - [2023-09-07T16:28:08.717+0000] {dag.py:3677} INFO - Setting next_dagrun for example_weekday_branch_operator to 2023-09-06T00:00:00+00:00, run_after=2023-09-07T00:00:00+00:00
[2023-09-07T16:28:08.727+0000] {processor.py:179} INFO - Processing /home/airflow/.local/lib/python3.8/site-packages/airflow/example_dags/example_branch_day_of_week_operator.py took 0.059 seconds
[2023-09-07T16:28:39.457+0000] {processor.py:157} INFO - Started process (PID=14372) to work on /home/airflow/.local/lib/python3.8/site-packages/airflow/example_dags/example_branch_day_of_week_operator.py
[2023-09-07T16:28:39.459+0000] {processor.py:829} INFO - Processing file /home/airflow/.local/lib/python3.8/site-packages/airflow/example_dags/example_branch_day_of_week_operator.py for tasks to queue
[2023-09-07T16:28:39.460+0000] {logging_mixin.py:151} INFO - [2023-09-07T16:28:39.460+0000] {dagbag.py:539} INFO - Filling up the DagBag from /home/airflow/.local/lib/python3.8/site-packages/airflow/example_dags/example_branch_day_of_week_operator.py
[2023-09-07T16:28:39.472+0000] {processor.py:839} INFO - DAG(s) dict_keys(['example_weekday_branch_operator']) retrieved from /home/airflow/.local/lib/python3.8/site-packages/airflow/example_dags/example_branch_day_of_week_operator.py
[2023-09-07T16:28:39.496+0000] {logging_mixin.py:151} INFO - [2023-09-07T16:28:39.495+0000] {dag.py:2907} INFO - Sync 1 DAGs
[2023-09-07T16:28:39.510+0000] {logging_mixin.py:151} INFO - [2023-09-07T16:28:39.510+0000] {dag.py:3677} INFO - Setting next_dagrun for example_weekday_branch_operator to 2023-09-06T00:00:00+00:00, run_after=2023-09-07T00:00:00+00:00
[2023-09-07T16:28:39.520+0000] {processor.py:179} INFO - Processing /home/airflow/.local/lib/python3.8/site-packages/airflow/example_dags/example_branch_day_of_week_operator.py took 0.068 seconds
[2023-09-07T16:29:10.195+0000] {processor.py:157} INFO - Started process (PID=14609) to work on /home/airflow/.local/lib/python3.8/site-packages/airflow/example_dags/example_branch_day_of_week_operator.py
[2023-09-07T16:29:10.196+0000] {processor.py:829} INFO - Processing file /home/airflow/.local/lib/python3.8/site-packages/airflow/example_dags/example_branch_day_of_week_operator.py for tasks to queue
[2023-09-07T16:29:10.198+0000] {logging_mixin.py:151} INFO - [2023-09-07T16:29:10.197+0000] {dagbag.py:539} INFO - Filling up the DagBag from /home/airflow/.local/lib/python3.8/site-packages/airflow/example_dags/example_branch_day_of_week_operator.py
[2023-09-07T16:29:10.205+0000] {processor.py:839} INFO - DAG(s) dict_keys(['example_weekday_branch_operator']) retrieved from /home/airflow/.local/lib/python3.8/site-packages/airflow/example_dags/example_branch_day_of_week_operator.py
[2023-09-07T16:29:10.227+0000] {logging_mixin.py:151} INFO - [2023-09-07T16:29:10.226+0000] {dag.py:2907} INFO - Sync 1 DAGs
[2023-09-07T16:29:10.240+0000] {logging_mixin.py:151} INFO - [2023-09-07T16:29:10.240+0000] {dag.py:3677} INFO - Setting next_dagrun for example_weekday_branch_operator to 2023-09-06T00:00:00+00:00, run_after=2023-09-07T00:00:00+00:00
[2023-09-07T16:29:10.252+0000] {processor.py:179} INFO - Processing /home/airflow/.local/lib/python3.8/site-packages/airflow/example_dags/example_branch_day_of_week_operator.py took 0.061 seconds
[2023-09-07T16:30:59.591+0000] {processor.py:157} INFO - Started process (PID=14850) to work on /home/airflow/.local/lib/python3.8/site-packages/airflow/example_dags/example_branch_day_of_week_operator.py
[2023-09-07T16:30:59.594+0000] {processor.py:829} INFO - Processing file /home/airflow/.local/lib/python3.8/site-packages/airflow/example_dags/example_branch_day_of_week_operator.py for tasks to queue
[2023-09-07T16:30:59.597+0000] {logging_mixin.py:151} INFO - [2023-09-07T16:30:59.596+0000] {dagbag.py:539} INFO - Filling up the DagBag from /home/airflow/.local/lib/python3.8/site-packages/airflow/example_dags/example_branch_day_of_week_operator.py
[2023-09-07T16:30:59.608+0000] {processor.py:839} INFO - DAG(s) dict_keys(['example_weekday_branch_operator']) retrieved from /home/airflow/.local/lib/python3.8/site-packages/airflow/example_dags/example_branch_day_of_week_operator.py
[2023-09-07T16:30:59.639+0000] {logging_mixin.py:151} INFO - [2023-09-07T16:30:59.639+0000] {dag.py:2907} INFO - Sync 1 DAGs
[2023-09-07T16:30:59.674+0000] {logging_mixin.py:151} INFO - [2023-09-07T16:30:59.673+0000] {dag.py:3677} INFO - Setting next_dagrun for example_weekday_branch_operator to 2023-09-06T00:00:00+00:00, run_after=2023-09-07T00:00:00+00:00
[2023-09-07T16:30:59.691+0000] {processor.py:179} INFO - Processing /home/airflow/.local/lib/python3.8/site-packages/airflow/example_dags/example_branch_day_of_week_operator.py took 0.109 seconds
[2023-09-07T16:31:30.098+0000] {processor.py:157} INFO - Started process (PID=15083) to work on /home/airflow/.local/lib/python3.8/site-packages/airflow/example_dags/example_branch_day_of_week_operator.py
[2023-09-07T16:31:30.099+0000] {processor.py:829} INFO - Processing file /home/airflow/.local/lib/python3.8/site-packages/airflow/example_dags/example_branch_day_of_week_operator.py for tasks to queue
[2023-09-07T16:31:30.100+0000] {logging_mixin.py:151} INFO - [2023-09-07T16:31:30.100+0000] {dagbag.py:539} INFO - Filling up the DagBag from /home/airflow/.local/lib/python3.8/site-packages/airflow/example_dags/example_branch_day_of_week_operator.py
[2023-09-07T16:31:30.107+0000] {processor.py:839} INFO - DAG(s) dict_keys(['example_weekday_branch_operator']) retrieved from /home/airflow/.local/lib/python3.8/site-packages/airflow/example_dags/example_branch_day_of_week_operator.py
[2023-09-07T16:31:30.127+0000] {logging_mixin.py:151} INFO - [2023-09-07T16:31:30.127+0000] {dag.py:2907} INFO - Sync 1 DAGs
[2023-09-07T16:31:30.141+0000] {logging_mixin.py:151} INFO - [2023-09-07T16:31:30.141+0000] {dag.py:3677} INFO - Setting next_dagrun for example_weekday_branch_operator to 2023-09-06T00:00:00+00:00, run_after=2023-09-07T00:00:00+00:00
[2023-09-07T16:31:30.151+0000] {processor.py:179} INFO - Processing /home/airflow/.local/lib/python3.8/site-packages/airflow/example_dags/example_branch_day_of_week_operator.py took 0.056 seconds
[2023-09-07T16:32:00.938+0000] {processor.py:157} INFO - Started process (PID=15321) to work on /home/airflow/.local/lib/python3.8/site-packages/airflow/example_dags/example_branch_day_of_week_operator.py
[2023-09-07T16:32:00.939+0000] {processor.py:829} INFO - Processing file /home/airflow/.local/lib/python3.8/site-packages/airflow/example_dags/example_branch_day_of_week_operator.py for tasks to queue
[2023-09-07T16:32:00.940+0000] {logging_mixin.py:151} INFO - [2023-09-07T16:32:00.940+0000] {dagbag.py:539} INFO - Filling up the DagBag from /home/airflow/.local/lib/python3.8/site-packages/airflow/example_dags/example_branch_day_of_week_operator.py
[2023-09-07T16:32:00.946+0000] {processor.py:839} INFO - DAG(s) dict_keys(['example_weekday_branch_operator']) retrieved from /home/airflow/.local/lib/python3.8/site-packages/airflow/example_dags/example_branch_day_of_week_operator.py
[2023-09-07T16:32:00.965+0000] {logging_mixin.py:151} INFO - [2023-09-07T16:32:00.965+0000] {dag.py:2907} INFO - Sync 1 DAGs
[2023-09-07T16:32:00.979+0000] {logging_mixin.py:151} INFO - [2023-09-07T16:32:00.979+0000] {dag.py:3677} INFO - Setting next_dagrun for example_weekday_branch_operator to 2023-09-06T00:00:00+00:00, run_after=2023-09-07T00:00:00+00:00
[2023-09-07T16:32:00.989+0000] {processor.py:179} INFO - Processing /home/airflow/.local/lib/python3.8/site-packages/airflow/example_dags/example_branch_day_of_week_operator.py took 0.054 seconds
[2023-09-07T16:32:34.054+0000] {processor.py:157} INFO - Started process (PID=15559) to work on /home/airflow/.local/lib/python3.8/site-packages/airflow/example_dags/example_branch_day_of_week_operator.py
[2023-09-07T16:32:34.056+0000] {processor.py:829} INFO - Processing file /home/airflow/.local/lib/python3.8/site-packages/airflow/example_dags/example_branch_day_of_week_operator.py for tasks to queue
[2023-09-07T16:32:34.057+0000] {logging_mixin.py:151} INFO - [2023-09-07T16:32:34.057+0000] {dagbag.py:539} INFO - Filling up the DagBag from /home/airflow/.local/lib/python3.8/site-packages/airflow/example_dags/example_branch_day_of_week_operator.py
[2023-09-07T16:32:34.070+0000] {processor.py:839} INFO - DAG(s) dict_keys(['example_weekday_branch_operator']) retrieved from /home/airflow/.local/lib/python3.8/site-packages/airflow/example_dags/example_branch_day_of_week_operator.py
[2023-09-07T16:32:34.098+0000] {logging_mixin.py:151} INFO - [2023-09-07T16:32:34.098+0000] {dag.py:2907} INFO - Sync 1 DAGs
[2023-09-07T16:32:34.118+0000] {logging_mixin.py:151} INFO - [2023-09-07T16:32:34.118+0000] {dag.py:3677} INFO - Setting next_dagrun for example_weekday_branch_operator to 2023-09-06T00:00:00+00:00, run_after=2023-09-07T00:00:00+00:00
[2023-09-07T16:32:34.166+0000] {processor.py:179} INFO - Processing /home/airflow/.local/lib/python3.8/site-packages/airflow/example_dags/example_branch_day_of_week_operator.py took 0.115 seconds
