[2023-09-07T15:58:24.928+0000] {processor.py:157} INFO - Started process (PID=247) to work on /home/airflow/.local/lib/python3.8/site-packages/airflow/example_dags/example_skip_dag.py
[2023-09-07T15:58:24.929+0000] {processor.py:829} INFO - Processing file /home/airflow/.local/lib/python3.8/site-packages/airflow/example_dags/example_skip_dag.py for tasks to queue
[2023-09-07T15:58:24.930+0000] {logging_mixin.py:151} INFO - [2023-09-07T15:58:24.930+0000] {dagbag.py:539} INFO - Filling up the DagBag from /home/airflow/.local/lib/python3.8/site-packages/airflow/example_dags/example_skip_dag.py
[2023-09-07T15:58:24.937+0000] {processor.py:839} INFO - DAG(s) dict_keys(['example_skip_dag']) retrieved from /home/airflow/.local/lib/python3.8/site-packages/airflow/example_dags/example_skip_dag.py
[2023-09-07T15:58:24.950+0000] {logging_mixin.py:151} INFO - [2023-09-07T15:58:24.950+0000] {dag.py:2907} INFO - Sync 1 DAGs
[2023-09-07T15:58:24.968+0000] {logging_mixin.py:151} INFO - [2023-09-07T15:58:24.968+0000] {dag.py:3677} INFO - Setting next_dagrun for example_skip_dag to 2023-09-06T15:58:24.968430+00:00, run_after=2023-09-07T15:58:24.968430+00:00
[2023-09-07T15:58:24.992+0000] {processor.py:179} INFO - Processing /home/airflow/.local/lib/python3.8/site-packages/airflow/example_dags/example_skip_dag.py took 0.068 seconds
[2023-09-07T15:58:56.195+0000] {processor.py:157} INFO - Started process (PID=485) to work on /home/airflow/.local/lib/python3.8/site-packages/airflow/example_dags/example_skip_dag.py
[2023-09-07T15:58:56.197+0000] {processor.py:829} INFO - Processing file /home/airflow/.local/lib/python3.8/site-packages/airflow/example_dags/example_skip_dag.py for tasks to queue
[2023-09-07T15:58:56.198+0000] {logging_mixin.py:151} INFO - [2023-09-07T15:58:56.197+0000] {dagbag.py:539} INFO - Filling up the DagBag from /home/airflow/.local/lib/python3.8/site-packages/airflow/example_dags/example_skip_dag.py
[2023-09-07T15:58:56.204+0000] {processor.py:839} INFO - DAG(s) dict_keys(['example_skip_dag']) retrieved from /home/airflow/.local/lib/python3.8/site-packages/airflow/example_dags/example_skip_dag.py
[2023-09-07T15:58:56.230+0000] {logging_mixin.py:151} INFO - [2023-09-07T15:58:56.230+0000] {dag.py:2907} INFO - Sync 1 DAGs
[2023-09-07T15:58:56.250+0000] {logging_mixin.py:151} INFO - [2023-09-07T15:58:56.250+0000] {dag.py:3677} INFO - Setting next_dagrun for example_skip_dag to 2023-09-06T15:58:56.250302+00:00, run_after=2023-09-07T15:58:56.250302+00:00
[2023-09-07T15:58:56.264+0000] {processor.py:179} INFO - Processing /home/airflow/.local/lib/python3.8/site-packages/airflow/example_dags/example_skip_dag.py took 0.071 seconds
[2023-09-07T15:59:28.345+0000] {processor.py:157} INFO - Started process (PID=725) to work on /home/airflow/.local/lib/python3.8/site-packages/airflow/example_dags/example_skip_dag.py
[2023-09-07T15:59:28.347+0000] {processor.py:829} INFO - Processing file /home/airflow/.local/lib/python3.8/site-packages/airflow/example_dags/example_skip_dag.py for tasks to queue
[2023-09-07T15:59:28.348+0000] {logging_mixin.py:151} INFO - [2023-09-07T15:59:28.347+0000] {dagbag.py:539} INFO - Filling up the DagBag from /home/airflow/.local/lib/python3.8/site-packages/airflow/example_dags/example_skip_dag.py
[2023-09-07T15:59:28.458+0000] {processor.py:839} INFO - DAG(s) dict_keys(['example_skip_dag']) retrieved from /home/airflow/.local/lib/python3.8/site-packages/airflow/example_dags/example_skip_dag.py
[2023-09-07T15:59:28.486+0000] {logging_mixin.py:151} INFO - [2023-09-07T15:59:28.485+0000] {dag.py:2907} INFO - Sync 1 DAGs
[2023-09-07T15:59:28.521+0000] {logging_mixin.py:151} INFO - [2023-09-07T15:59:28.521+0000] {dag.py:3677} INFO - Setting next_dagrun for example_skip_dag to 2023-09-06T15:59:28.521468+00:00, run_after=2023-09-07T15:59:28.521468+00:00
[2023-09-07T15:59:28.536+0000] {processor.py:179} INFO - Processing /home/airflow/.local/lib/python3.8/site-packages/airflow/example_dags/example_skip_dag.py took 0.194 seconds
[2023-09-07T15:59:59.425+0000] {processor.py:157} INFO - Started process (PID=963) to work on /home/airflow/.local/lib/python3.8/site-packages/airflow/example_dags/example_skip_dag.py
[2023-09-07T15:59:59.428+0000] {processor.py:829} INFO - Processing file /home/airflow/.local/lib/python3.8/site-packages/airflow/example_dags/example_skip_dag.py for tasks to queue
[2023-09-07T15:59:59.429+0000] {logging_mixin.py:151} INFO - [2023-09-07T15:59:59.429+0000] {dagbag.py:539} INFO - Filling up the DagBag from /home/airflow/.local/lib/python3.8/site-packages/airflow/example_dags/example_skip_dag.py
[2023-09-07T15:59:59.436+0000] {processor.py:839} INFO - DAG(s) dict_keys(['example_skip_dag']) retrieved from /home/airflow/.local/lib/python3.8/site-packages/airflow/example_dags/example_skip_dag.py
[2023-09-07T15:59:59.485+0000] {logging_mixin.py:151} INFO - [2023-09-07T15:59:59.485+0000] {dag.py:2907} INFO - Sync 1 DAGs
[2023-09-07T15:59:59.508+0000] {logging_mixin.py:151} INFO - [2023-09-07T15:59:59.508+0000] {dag.py:3677} INFO - Setting next_dagrun for example_skip_dag to 2023-09-06T15:59:59.507757+00:00, run_after=2023-09-07T15:59:59.507757+00:00
[2023-09-07T15:59:59.554+0000] {processor.py:179} INFO - Processing /home/airflow/.local/lib/python3.8/site-packages/airflow/example_dags/example_skip_dag.py took 0.132 seconds
[2023-09-07T16:00:29.655+0000] {processor.py:157} INFO - Started process (PID=1198) to work on /home/airflow/.local/lib/python3.8/site-packages/airflow/example_dags/example_skip_dag.py
[2023-09-07T16:00:29.656+0000] {processor.py:829} INFO - Processing file /home/airflow/.local/lib/python3.8/site-packages/airflow/example_dags/example_skip_dag.py for tasks to queue
[2023-09-07T16:00:29.658+0000] {logging_mixin.py:151} INFO - [2023-09-07T16:00:29.657+0000] {dagbag.py:539} INFO - Filling up the DagBag from /home/airflow/.local/lib/python3.8/site-packages/airflow/example_dags/example_skip_dag.py
[2023-09-07T16:00:29.664+0000] {processor.py:839} INFO - DAG(s) dict_keys(['example_skip_dag']) retrieved from /home/airflow/.local/lib/python3.8/site-packages/airflow/example_dags/example_skip_dag.py
[2023-09-07T16:00:29.683+0000] {logging_mixin.py:151} INFO - [2023-09-07T16:00:29.683+0000] {dag.py:2907} INFO - Sync 1 DAGs
[2023-09-07T16:00:29.699+0000] {logging_mixin.py:151} INFO - [2023-09-07T16:00:29.699+0000] {dag.py:3677} INFO - Setting next_dagrun for example_skip_dag to 2023-09-06T16:00:29.699103+00:00, run_after=2023-09-07T16:00:29.699103+00:00
[2023-09-07T16:00:29.710+0000] {processor.py:179} INFO - Processing /home/airflow/.local/lib/python3.8/site-packages/airflow/example_dags/example_skip_dag.py took 0.060 seconds
[2023-09-07T16:01:00.657+0000] {processor.py:157} INFO - Started process (PID=1460) to work on /home/airflow/.local/lib/python3.8/site-packages/airflow/example_dags/example_skip_dag.py
[2023-09-07T16:01:00.658+0000] {processor.py:829} INFO - Processing file /home/airflow/.local/lib/python3.8/site-packages/airflow/example_dags/example_skip_dag.py for tasks to queue
[2023-09-07T16:01:00.659+0000] {logging_mixin.py:151} INFO - [2023-09-07T16:01:00.659+0000] {dagbag.py:539} INFO - Filling up the DagBag from /home/airflow/.local/lib/python3.8/site-packages/airflow/example_dags/example_skip_dag.py
[2023-09-07T16:01:00.665+0000] {processor.py:839} INFO - DAG(s) dict_keys(['example_skip_dag']) retrieved from /home/airflow/.local/lib/python3.8/site-packages/airflow/example_dags/example_skip_dag.py
[2023-09-07T16:01:00.683+0000] {logging_mixin.py:151} INFO - [2023-09-07T16:01:00.683+0000] {dag.py:2907} INFO - Sync 1 DAGs
[2023-09-07T16:01:00.698+0000] {logging_mixin.py:151} INFO - [2023-09-07T16:01:00.698+0000] {dag.py:3677} INFO - Setting next_dagrun for example_skip_dag to 2023-09-06T16:01:00.698198+00:00, run_after=2023-09-07T16:01:00.698198+00:00
[2023-09-07T16:01:00.709+0000] {processor.py:179} INFO - Processing /home/airflow/.local/lib/python3.8/site-packages/airflow/example_dags/example_skip_dag.py took 0.055 seconds
[2023-09-07T16:01:31.249+0000] {processor.py:157} INFO - Started process (PID=1698) to work on /home/airflow/.local/lib/python3.8/site-packages/airflow/example_dags/example_skip_dag.py
[2023-09-07T16:01:31.251+0000] {processor.py:829} INFO - Processing file /home/airflow/.local/lib/python3.8/site-packages/airflow/example_dags/example_skip_dag.py for tasks to queue
[2023-09-07T16:01:31.252+0000] {logging_mixin.py:151} INFO - [2023-09-07T16:01:31.252+0000] {dagbag.py:539} INFO - Filling up the DagBag from /home/airflow/.local/lib/python3.8/site-packages/airflow/example_dags/example_skip_dag.py
[2023-09-07T16:01:31.258+0000] {processor.py:839} INFO - DAG(s) dict_keys(['example_skip_dag']) retrieved from /home/airflow/.local/lib/python3.8/site-packages/airflow/example_dags/example_skip_dag.py
[2023-09-07T16:01:31.277+0000] {logging_mixin.py:151} INFO - [2023-09-07T16:01:31.277+0000] {dag.py:2907} INFO - Sync 1 DAGs
[2023-09-07T16:01:31.292+0000] {logging_mixin.py:151} INFO - [2023-09-07T16:01:31.292+0000] {dag.py:3677} INFO - Setting next_dagrun for example_skip_dag to 2023-09-06T16:01:31.292002+00:00, run_after=2023-09-07T16:01:31.292002+00:00
[2023-09-07T16:01:31.310+0000] {processor.py:179} INFO - Processing /home/airflow/.local/lib/python3.8/site-packages/airflow/example_dags/example_skip_dag.py took 0.064 seconds
[2023-09-07T16:02:02.775+0000] {processor.py:157} INFO - Started process (PID=1936) to work on /home/airflow/.local/lib/python3.8/site-packages/airflow/example_dags/example_skip_dag.py
[2023-09-07T16:02:02.777+0000] {processor.py:829} INFO - Processing file /home/airflow/.local/lib/python3.8/site-packages/airflow/example_dags/example_skip_dag.py for tasks to queue
[2023-09-07T16:02:02.778+0000] {logging_mixin.py:151} INFO - [2023-09-07T16:02:02.778+0000] {dagbag.py:539} INFO - Filling up the DagBag from /home/airflow/.local/lib/python3.8/site-packages/airflow/example_dags/example_skip_dag.py
[2023-09-07T16:02:02.786+0000] {processor.py:839} INFO - DAG(s) dict_keys(['example_skip_dag']) retrieved from /home/airflow/.local/lib/python3.8/site-packages/airflow/example_dags/example_skip_dag.py
[2023-09-07T16:02:02.824+0000] {logging_mixin.py:151} INFO - [2023-09-07T16:02:02.824+0000] {dag.py:2907} INFO - Sync 1 DAGs
[2023-09-07T16:02:02.840+0000] {logging_mixin.py:151} INFO - [2023-09-07T16:02:02.840+0000] {dag.py:3677} INFO - Setting next_dagrun for example_skip_dag to 2023-09-06T16:02:02.840511+00:00, run_after=2023-09-07T16:02:02.840511+00:00
[2023-09-07T16:02:02.869+0000] {processor.py:179} INFO - Processing /home/airflow/.local/lib/python3.8/site-packages/airflow/example_dags/example_skip_dag.py took 0.098 seconds
[2023-09-07T16:02:32.997+0000] {processor.py:157} INFO - Started process (PID=2174) to work on /home/airflow/.local/lib/python3.8/site-packages/airflow/example_dags/example_skip_dag.py
[2023-09-07T16:02:32.999+0000] {processor.py:829} INFO - Processing file /home/airflow/.local/lib/python3.8/site-packages/airflow/example_dags/example_skip_dag.py for tasks to queue
[2023-09-07T16:02:33.000+0000] {logging_mixin.py:151} INFO - [2023-09-07T16:02:33.000+0000] {dagbag.py:539} INFO - Filling up the DagBag from /home/airflow/.local/lib/python3.8/site-packages/airflow/example_dags/example_skip_dag.py
[2023-09-07T16:02:33.010+0000] {processor.py:839} INFO - DAG(s) dict_keys(['example_skip_dag']) retrieved from /home/airflow/.local/lib/python3.8/site-packages/airflow/example_dags/example_skip_dag.py
[2023-09-07T16:02:33.031+0000] {logging_mixin.py:151} INFO - [2023-09-07T16:02:33.031+0000] {dag.py:2907} INFO - Sync 1 DAGs
[2023-09-07T16:02:33.046+0000] {logging_mixin.py:151} INFO - [2023-09-07T16:02:33.046+0000] {dag.py:3677} INFO - Setting next_dagrun for example_skip_dag to 2023-09-06T16:02:33.046018+00:00, run_after=2023-09-07T16:02:33.046018+00:00
[2023-09-07T16:02:33.056+0000] {processor.py:179} INFO - Processing /home/airflow/.local/lib/python3.8/site-packages/airflow/example_dags/example_skip_dag.py took 0.063 seconds
[2023-09-07T16:03:03.176+0000] {processor.py:157} INFO - Started process (PID=2412) to work on /home/airflow/.local/lib/python3.8/site-packages/airflow/example_dags/example_skip_dag.py
[2023-09-07T16:03:03.179+0000] {processor.py:829} INFO - Processing file /home/airflow/.local/lib/python3.8/site-packages/airflow/example_dags/example_skip_dag.py for tasks to queue
[2023-09-07T16:03:03.181+0000] {logging_mixin.py:151} INFO - [2023-09-07T16:03:03.181+0000] {dagbag.py:539} INFO - Filling up the DagBag from /home/airflow/.local/lib/python3.8/site-packages/airflow/example_dags/example_skip_dag.py
[2023-09-07T16:03:03.206+0000] {processor.py:839} INFO - DAG(s) dict_keys(['example_skip_dag']) retrieved from /home/airflow/.local/lib/python3.8/site-packages/airflow/example_dags/example_skip_dag.py
[2023-09-07T16:03:03.264+0000] {logging_mixin.py:151} INFO - [2023-09-07T16:03:03.263+0000] {dag.py:2907} INFO - Sync 1 DAGs
[2023-09-07T16:03:03.287+0000] {logging_mixin.py:151} INFO - [2023-09-07T16:03:03.287+0000] {dag.py:3677} INFO - Setting next_dagrun for example_skip_dag to 2023-09-06T16:03:03.286896+00:00, run_after=2023-09-07T16:03:03.286896+00:00
[2023-09-07T16:03:03.302+0000] {processor.py:179} INFO - Processing /home/airflow/.local/lib/python3.8/site-packages/airflow/example_dags/example_skip_dag.py took 0.130 seconds
[2023-09-07T16:03:33.357+0000] {processor.py:157} INFO - Started process (PID=2652) to work on /home/airflow/.local/lib/python3.8/site-packages/airflow/example_dags/example_skip_dag.py
[2023-09-07T16:03:33.358+0000] {processor.py:829} INFO - Processing file /home/airflow/.local/lib/python3.8/site-packages/airflow/example_dags/example_skip_dag.py for tasks to queue
[2023-09-07T16:03:33.359+0000] {logging_mixin.py:151} INFO - [2023-09-07T16:03:33.359+0000] {dagbag.py:539} INFO - Filling up the DagBag from /home/airflow/.local/lib/python3.8/site-packages/airflow/example_dags/example_skip_dag.py
[2023-09-07T16:03:33.365+0000] {processor.py:839} INFO - DAG(s) dict_keys(['example_skip_dag']) retrieved from /home/airflow/.local/lib/python3.8/site-packages/airflow/example_dags/example_skip_dag.py
[2023-09-07T16:03:33.381+0000] {logging_mixin.py:151} INFO - [2023-09-07T16:03:33.381+0000] {dag.py:2907} INFO - Sync 1 DAGs
[2023-09-07T16:03:33.394+0000] {logging_mixin.py:151} INFO - [2023-09-07T16:03:33.394+0000] {dag.py:3677} INFO - Setting next_dagrun for example_skip_dag to 2023-09-06T16:03:33.393856+00:00, run_after=2023-09-07T16:03:33.393856+00:00
[2023-09-07T16:03:33.403+0000] {processor.py:179} INFO - Processing /home/airflow/.local/lib/python3.8/site-packages/airflow/example_dags/example_skip_dag.py took 0.049 seconds
[2023-09-07T16:04:04.029+0000] {processor.py:157} INFO - Started process (PID=2888) to work on /home/airflow/.local/lib/python3.8/site-packages/airflow/example_dags/example_skip_dag.py
[2023-09-07T16:04:04.031+0000] {processor.py:829} INFO - Processing file /home/airflow/.local/lib/python3.8/site-packages/airflow/example_dags/example_skip_dag.py for tasks to queue
[2023-09-07T16:04:04.032+0000] {logging_mixin.py:151} INFO - [2023-09-07T16:04:04.031+0000] {dagbag.py:539} INFO - Filling up the DagBag from /home/airflow/.local/lib/python3.8/site-packages/airflow/example_dags/example_skip_dag.py
[2023-09-07T16:04:04.038+0000] {processor.py:839} INFO - DAG(s) dict_keys(['example_skip_dag']) retrieved from /home/airflow/.local/lib/python3.8/site-packages/airflow/example_dags/example_skip_dag.py
[2023-09-07T16:04:04.056+0000] {logging_mixin.py:151} INFO - [2023-09-07T16:04:04.056+0000] {dag.py:2907} INFO - Sync 1 DAGs
[2023-09-07T16:04:04.070+0000] {logging_mixin.py:151} INFO - [2023-09-07T16:04:04.070+0000] {dag.py:3677} INFO - Setting next_dagrun for example_skip_dag to 2023-09-06T16:04:04.070324+00:00, run_after=2023-09-07T16:04:04.070324+00:00
[2023-09-07T16:04:04.080+0000] {processor.py:179} INFO - Processing /home/airflow/.local/lib/python3.8/site-packages/airflow/example_dags/example_skip_dag.py took 0.053 seconds
[2023-09-07T16:04:35.518+0000] {processor.py:157} INFO - Started process (PID=3126) to work on /home/airflow/.local/lib/python3.8/site-packages/airflow/example_dags/example_skip_dag.py
[2023-09-07T16:04:35.519+0000] {processor.py:829} INFO - Processing file /home/airflow/.local/lib/python3.8/site-packages/airflow/example_dags/example_skip_dag.py for tasks to queue
[2023-09-07T16:04:35.521+0000] {logging_mixin.py:151} INFO - [2023-09-07T16:04:35.520+0000] {dagbag.py:539} INFO - Filling up the DagBag from /home/airflow/.local/lib/python3.8/site-packages/airflow/example_dags/example_skip_dag.py
[2023-09-07T16:04:35.527+0000] {processor.py:839} INFO - DAG(s) dict_keys(['example_skip_dag']) retrieved from /home/airflow/.local/lib/python3.8/site-packages/airflow/example_dags/example_skip_dag.py
[2023-09-07T16:04:35.547+0000] {logging_mixin.py:151} INFO - [2023-09-07T16:04:35.547+0000] {dag.py:2907} INFO - Sync 1 DAGs
[2023-09-07T16:04:35.570+0000] {logging_mixin.py:151} INFO - [2023-09-07T16:04:35.569+0000] {dag.py:3677} INFO - Setting next_dagrun for example_skip_dag to 2023-09-06T16:04:35.569658+00:00, run_after=2023-09-07T16:04:35.569658+00:00
[2023-09-07T16:04:35.583+0000] {processor.py:179} INFO - Processing /home/airflow/.local/lib/python3.8/site-packages/airflow/example_dags/example_skip_dag.py took 0.068 seconds
[2023-09-07T16:05:06.529+0000] {processor.py:157} INFO - Started process (PID=3364) to work on /home/airflow/.local/lib/python3.8/site-packages/airflow/example_dags/example_skip_dag.py
[2023-09-07T16:05:06.531+0000] {processor.py:829} INFO - Processing file /home/airflow/.local/lib/python3.8/site-packages/airflow/example_dags/example_skip_dag.py for tasks to queue
[2023-09-07T16:05:06.533+0000] {logging_mixin.py:151} INFO - [2023-09-07T16:05:06.532+0000] {dagbag.py:539} INFO - Filling up the DagBag from /home/airflow/.local/lib/python3.8/site-packages/airflow/example_dags/example_skip_dag.py
[2023-09-07T16:05:06.546+0000] {processor.py:839} INFO - DAG(s) dict_keys(['example_skip_dag']) retrieved from /home/airflow/.local/lib/python3.8/site-packages/airflow/example_dags/example_skip_dag.py
[2023-09-07T16:05:06.578+0000] {logging_mixin.py:151} INFO - [2023-09-07T16:05:06.578+0000] {dag.py:2907} INFO - Sync 1 DAGs
[2023-09-07T16:05:06.621+0000] {logging_mixin.py:151} INFO - [2023-09-07T16:05:06.621+0000] {dag.py:3677} INFO - Setting next_dagrun for example_skip_dag to 2023-09-06T16:05:06.621055+00:00, run_after=2023-09-07T16:05:06.621055+00:00
[2023-09-07T16:05:06.639+0000] {processor.py:179} INFO - Processing /home/airflow/.local/lib/python3.8/site-packages/airflow/example_dags/example_skip_dag.py took 0.118 seconds
[2023-09-07T16:05:37.270+0000] {processor.py:157} INFO - Started process (PID=3603) to work on /home/airflow/.local/lib/python3.8/site-packages/airflow/example_dags/example_skip_dag.py
[2023-09-07T16:05:37.272+0000] {processor.py:829} INFO - Processing file /home/airflow/.local/lib/python3.8/site-packages/airflow/example_dags/example_skip_dag.py for tasks to queue
[2023-09-07T16:05:37.273+0000] {logging_mixin.py:151} INFO - [2023-09-07T16:05:37.273+0000] {dagbag.py:539} INFO - Filling up the DagBag from /home/airflow/.local/lib/python3.8/site-packages/airflow/example_dags/example_skip_dag.py
[2023-09-07T16:05:37.280+0000] {processor.py:839} INFO - DAG(s) dict_keys(['example_skip_dag']) retrieved from /home/airflow/.local/lib/python3.8/site-packages/airflow/example_dags/example_skip_dag.py
[2023-09-07T16:05:37.316+0000] {logging_mixin.py:151} INFO - [2023-09-07T16:05:37.315+0000] {dag.py:2907} INFO - Sync 1 DAGs
[2023-09-07T16:05:37.363+0000] {logging_mixin.py:151} INFO - [2023-09-07T16:05:37.363+0000] {dag.py:3677} INFO - Setting next_dagrun for example_skip_dag to 2023-09-06T16:05:37.362186+00:00, run_after=2023-09-07T16:05:37.362186+00:00
[2023-09-07T16:05:37.383+0000] {processor.py:179} INFO - Processing /home/airflow/.local/lib/python3.8/site-packages/airflow/example_dags/example_skip_dag.py took 0.116 seconds
[2023-09-07T16:06:08.432+0000] {processor.py:157} INFO - Started process (PID=3841) to work on /home/airflow/.local/lib/python3.8/site-packages/airflow/example_dags/example_skip_dag.py
[2023-09-07T16:06:08.434+0000] {processor.py:829} INFO - Processing file /home/airflow/.local/lib/python3.8/site-packages/airflow/example_dags/example_skip_dag.py for tasks to queue
[2023-09-07T16:06:08.435+0000] {logging_mixin.py:151} INFO - [2023-09-07T16:06:08.435+0000] {dagbag.py:539} INFO - Filling up the DagBag from /home/airflow/.local/lib/python3.8/site-packages/airflow/example_dags/example_skip_dag.py
[2023-09-07T16:06:08.442+0000] {processor.py:839} INFO - DAG(s) dict_keys(['example_skip_dag']) retrieved from /home/airflow/.local/lib/python3.8/site-packages/airflow/example_dags/example_skip_dag.py
[2023-09-07T16:06:08.462+0000] {logging_mixin.py:151} INFO - [2023-09-07T16:06:08.462+0000] {dag.py:2907} INFO - Sync 1 DAGs
[2023-09-07T16:06:08.486+0000] {logging_mixin.py:151} INFO - [2023-09-07T16:06:08.486+0000] {dag.py:3677} INFO - Setting next_dagrun for example_skip_dag to 2023-09-06T16:06:08.486074+00:00, run_after=2023-09-07T16:06:08.486074+00:00
[2023-09-07T16:06:08.513+0000] {processor.py:179} INFO - Processing /home/airflow/.local/lib/python3.8/site-packages/airflow/example_dags/example_skip_dag.py took 0.084 seconds
[2023-09-07T16:06:39.424+0000] {processor.py:157} INFO - Started process (PID=4081) to work on /home/airflow/.local/lib/python3.8/site-packages/airflow/example_dags/example_skip_dag.py
[2023-09-07T16:06:39.426+0000] {processor.py:829} INFO - Processing file /home/airflow/.local/lib/python3.8/site-packages/airflow/example_dags/example_skip_dag.py for tasks to queue
[2023-09-07T16:06:39.427+0000] {logging_mixin.py:151} INFO - [2023-09-07T16:06:39.426+0000] {dagbag.py:539} INFO - Filling up the DagBag from /home/airflow/.local/lib/python3.8/site-packages/airflow/example_dags/example_skip_dag.py
[2023-09-07T16:06:39.432+0000] {processor.py:839} INFO - DAG(s) dict_keys(['example_skip_dag']) retrieved from /home/airflow/.local/lib/python3.8/site-packages/airflow/example_dags/example_skip_dag.py
[2023-09-07T16:06:39.450+0000] {logging_mixin.py:151} INFO - [2023-09-07T16:06:39.450+0000] {dag.py:2907} INFO - Sync 1 DAGs
[2023-09-07T16:06:39.463+0000] {logging_mixin.py:151} INFO - [2023-09-07T16:06:39.463+0000] {dag.py:3677} INFO - Setting next_dagrun for example_skip_dag to 2023-09-06T16:06:39.463102+00:00, run_after=2023-09-07T16:06:39.463102+00:00
[2023-09-07T16:06:39.473+0000] {processor.py:179} INFO - Processing /home/airflow/.local/lib/python3.8/site-packages/airflow/example_dags/example_skip_dag.py took 0.052 seconds
[2023-09-07T16:07:10.176+0000] {processor.py:157} INFO - Started process (PID=4317) to work on /home/airflow/.local/lib/python3.8/site-packages/airflow/example_dags/example_skip_dag.py
[2023-09-07T16:07:10.177+0000] {processor.py:829} INFO - Processing file /home/airflow/.local/lib/python3.8/site-packages/airflow/example_dags/example_skip_dag.py for tasks to queue
[2023-09-07T16:07:10.178+0000] {logging_mixin.py:151} INFO - [2023-09-07T16:07:10.178+0000] {dagbag.py:539} INFO - Filling up the DagBag from /home/airflow/.local/lib/python3.8/site-packages/airflow/example_dags/example_skip_dag.py
[2023-09-07T16:07:10.184+0000] {processor.py:839} INFO - DAG(s) dict_keys(['example_skip_dag']) retrieved from /home/airflow/.local/lib/python3.8/site-packages/airflow/example_dags/example_skip_dag.py
[2023-09-07T16:07:10.203+0000] {logging_mixin.py:151} INFO - [2023-09-07T16:07:10.202+0000] {dag.py:2907} INFO - Sync 1 DAGs
[2023-09-07T16:07:10.218+0000] {logging_mixin.py:151} INFO - [2023-09-07T16:07:10.218+0000] {dag.py:3677} INFO - Setting next_dagrun for example_skip_dag to 2023-09-06T16:07:10.218215+00:00, run_after=2023-09-07T16:07:10.218215+00:00
[2023-09-07T16:07:10.229+0000] {processor.py:179} INFO - Processing /home/airflow/.local/lib/python3.8/site-packages/airflow/example_dags/example_skip_dag.py took 0.056 seconds
[2023-09-07T16:07:41.367+0000] {processor.py:157} INFO - Started process (PID=4555) to work on /home/airflow/.local/lib/python3.8/site-packages/airflow/example_dags/example_skip_dag.py
[2023-09-07T16:07:41.368+0000] {processor.py:829} INFO - Processing file /home/airflow/.local/lib/python3.8/site-packages/airflow/example_dags/example_skip_dag.py for tasks to queue
[2023-09-07T16:07:41.370+0000] {logging_mixin.py:151} INFO - [2023-09-07T16:07:41.369+0000] {dagbag.py:539} INFO - Filling up the DagBag from /home/airflow/.local/lib/python3.8/site-packages/airflow/example_dags/example_skip_dag.py
[2023-09-07T16:07:41.389+0000] {processor.py:839} INFO - DAG(s) dict_keys(['example_skip_dag']) retrieved from /home/airflow/.local/lib/python3.8/site-packages/airflow/example_dags/example_skip_dag.py
[2023-09-07T16:07:41.436+0000] {logging_mixin.py:151} INFO - [2023-09-07T16:07:41.436+0000] {dag.py:2907} INFO - Sync 1 DAGs
[2023-09-07T16:07:41.467+0000] {logging_mixin.py:151} INFO - [2023-09-07T16:07:41.466+0000] {dag.py:3677} INFO - Setting next_dagrun for example_skip_dag to 2023-09-06T16:07:41.465025+00:00, run_after=2023-09-07T16:07:41.465025+00:00
[2023-09-07T16:07:41.482+0000] {processor.py:179} INFO - Processing /home/airflow/.local/lib/python3.8/site-packages/airflow/example_dags/example_skip_dag.py took 0.120 seconds
[2023-09-07T16:08:12.346+0000] {processor.py:157} INFO - Started process (PID=4793) to work on /home/airflow/.local/lib/python3.8/site-packages/airflow/example_dags/example_skip_dag.py
[2023-09-07T16:08:12.347+0000] {processor.py:829} INFO - Processing file /home/airflow/.local/lib/python3.8/site-packages/airflow/example_dags/example_skip_dag.py for tasks to queue
[2023-09-07T16:08:12.349+0000] {logging_mixin.py:151} INFO - [2023-09-07T16:08:12.348+0000] {dagbag.py:539} INFO - Filling up the DagBag from /home/airflow/.local/lib/python3.8/site-packages/airflow/example_dags/example_skip_dag.py
[2023-09-07T16:08:12.356+0000] {processor.py:839} INFO - DAG(s) dict_keys(['example_skip_dag']) retrieved from /home/airflow/.local/lib/python3.8/site-packages/airflow/example_dags/example_skip_dag.py
[2023-09-07T16:08:12.380+0000] {logging_mixin.py:151} INFO - [2023-09-07T16:08:12.380+0000] {dag.py:2907} INFO - Sync 1 DAGs
[2023-09-07T16:08:12.420+0000] {logging_mixin.py:151} INFO - [2023-09-07T16:08:12.419+0000] {dag.py:3677} INFO - Setting next_dagrun for example_skip_dag to 2023-09-06T16:08:12.419088+00:00, run_after=2023-09-07T16:08:12.419088+00:00
[2023-09-07T16:08:12.449+0000] {processor.py:179} INFO - Processing /home/airflow/.local/lib/python3.8/site-packages/airflow/example_dags/example_skip_dag.py took 0.107 seconds
[2023-09-07T16:08:43.096+0000] {processor.py:157} INFO - Started process (PID=5031) to work on /home/airflow/.local/lib/python3.8/site-packages/airflow/example_dags/example_skip_dag.py
[2023-09-07T16:08:43.097+0000] {processor.py:829} INFO - Processing file /home/airflow/.local/lib/python3.8/site-packages/airflow/example_dags/example_skip_dag.py for tasks to queue
[2023-09-07T16:08:43.098+0000] {logging_mixin.py:151} INFO - [2023-09-07T16:08:43.098+0000] {dagbag.py:539} INFO - Filling up the DagBag from /home/airflow/.local/lib/python3.8/site-packages/airflow/example_dags/example_skip_dag.py
[2023-09-07T16:08:43.104+0000] {processor.py:839} INFO - DAG(s) dict_keys(['example_skip_dag']) retrieved from /home/airflow/.local/lib/python3.8/site-packages/airflow/example_dags/example_skip_dag.py
[2023-09-07T16:08:43.123+0000] {logging_mixin.py:151} INFO - [2023-09-07T16:08:43.123+0000] {dag.py:2907} INFO - Sync 1 DAGs
[2023-09-07T16:08:43.142+0000] {logging_mixin.py:151} INFO - [2023-09-07T16:08:43.142+0000] {dag.py:3677} INFO - Setting next_dagrun for example_skip_dag to 2023-09-06T16:08:43.142026+00:00, run_after=2023-09-07T16:08:43.142026+00:00
[2023-09-07T16:08:43.153+0000] {processor.py:179} INFO - Processing /home/airflow/.local/lib/python3.8/site-packages/airflow/example_dags/example_skip_dag.py took 0.060 seconds
[2023-09-07T16:09:13.602+0000] {processor.py:157} INFO - Started process (PID=5269) to work on /home/airflow/.local/lib/python3.8/site-packages/airflow/example_dags/example_skip_dag.py
[2023-09-07T16:09:13.607+0000] {processor.py:829} INFO - Processing file /home/airflow/.local/lib/python3.8/site-packages/airflow/example_dags/example_skip_dag.py for tasks to queue
[2023-09-07T16:09:13.609+0000] {logging_mixin.py:151} INFO - [2023-09-07T16:09:13.608+0000] {dagbag.py:539} INFO - Filling up the DagBag from /home/airflow/.local/lib/python3.8/site-packages/airflow/example_dags/example_skip_dag.py
[2023-09-07T16:09:13.622+0000] {processor.py:839} INFO - DAG(s) dict_keys(['example_skip_dag']) retrieved from /home/airflow/.local/lib/python3.8/site-packages/airflow/example_dags/example_skip_dag.py
[2023-09-07T16:09:13.652+0000] {logging_mixin.py:151} INFO - [2023-09-07T16:09:13.652+0000] {dag.py:2907} INFO - Sync 1 DAGs
[2023-09-07T16:09:13.668+0000] {logging_mixin.py:151} INFO - [2023-09-07T16:09:13.668+0000] {dag.py:3677} INFO - Setting next_dagrun for example_skip_dag to 2023-09-06T16:09:13.667861+00:00, run_after=2023-09-07T16:09:13.667861+00:00
[2023-09-07T16:09:13.679+0000] {processor.py:179} INFO - Processing /home/airflow/.local/lib/python3.8/site-packages/airflow/example_dags/example_skip_dag.py took 0.083 seconds
[2023-09-07T16:09:43.812+0000] {processor.py:157} INFO - Started process (PID=5507) to work on /home/airflow/.local/lib/python3.8/site-packages/airflow/example_dags/example_skip_dag.py
[2023-09-07T16:09:43.814+0000] {processor.py:829} INFO - Processing file /home/airflow/.local/lib/python3.8/site-packages/airflow/example_dags/example_skip_dag.py for tasks to queue
[2023-09-07T16:09:43.815+0000] {logging_mixin.py:151} INFO - [2023-09-07T16:09:43.815+0000] {dagbag.py:539} INFO - Filling up the DagBag from /home/airflow/.local/lib/python3.8/site-packages/airflow/example_dags/example_skip_dag.py
[2023-09-07T16:09:43.821+0000] {processor.py:839} INFO - DAG(s) dict_keys(['example_skip_dag']) retrieved from /home/airflow/.local/lib/python3.8/site-packages/airflow/example_dags/example_skip_dag.py
[2023-09-07T16:09:43.841+0000] {logging_mixin.py:151} INFO - [2023-09-07T16:09:43.841+0000] {dag.py:2907} INFO - Sync 1 DAGs
[2023-09-07T16:09:43.861+0000] {logging_mixin.py:151} INFO - [2023-09-07T16:09:43.861+0000] {dag.py:3677} INFO - Setting next_dagrun for example_skip_dag to 2023-09-06T16:09:43.860748+00:00, run_after=2023-09-07T16:09:43.860748+00:00
[2023-09-07T16:09:43.876+0000] {processor.py:179} INFO - Processing /home/airflow/.local/lib/python3.8/site-packages/airflow/example_dags/example_skip_dag.py took 0.067 seconds
[2023-09-07T16:10:14.686+0000] {processor.py:157} INFO - Started process (PID=5745) to work on /home/airflow/.local/lib/python3.8/site-packages/airflow/example_dags/example_skip_dag.py
[2023-09-07T16:10:14.687+0000] {processor.py:829} INFO - Processing file /home/airflow/.local/lib/python3.8/site-packages/airflow/example_dags/example_skip_dag.py for tasks to queue
[2023-09-07T16:10:14.689+0000] {logging_mixin.py:151} INFO - [2023-09-07T16:10:14.688+0000] {dagbag.py:539} INFO - Filling up the DagBag from /home/airflow/.local/lib/python3.8/site-packages/airflow/example_dags/example_skip_dag.py
[2023-09-07T16:10:14.696+0000] {processor.py:839} INFO - DAG(s) dict_keys(['example_skip_dag']) retrieved from /home/airflow/.local/lib/python3.8/site-packages/airflow/example_dags/example_skip_dag.py
[2023-09-07T16:10:14.715+0000] {logging_mixin.py:151} INFO - [2023-09-07T16:10:14.714+0000] {dag.py:2907} INFO - Sync 1 DAGs
[2023-09-07T16:10:14.729+0000] {logging_mixin.py:151} INFO - [2023-09-07T16:10:14.729+0000] {dag.py:3677} INFO - Setting next_dagrun for example_skip_dag to 2023-09-06T16:10:14.729382+00:00, run_after=2023-09-07T16:10:14.729382+00:00
[2023-09-07T16:10:14.740+0000] {processor.py:179} INFO - Processing /home/airflow/.local/lib/python3.8/site-packages/airflow/example_dags/example_skip_dag.py took 0.058 seconds
[2023-09-07T16:10:45.267+0000] {processor.py:157} INFO - Started process (PID=5982) to work on /home/airflow/.local/lib/python3.8/site-packages/airflow/example_dags/example_skip_dag.py
[2023-09-07T16:10:45.269+0000] {processor.py:829} INFO - Processing file /home/airflow/.local/lib/python3.8/site-packages/airflow/example_dags/example_skip_dag.py for tasks to queue
[2023-09-07T16:10:45.270+0000] {logging_mixin.py:151} INFO - [2023-09-07T16:10:45.270+0000] {dagbag.py:539} INFO - Filling up the DagBag from /home/airflow/.local/lib/python3.8/site-packages/airflow/example_dags/example_skip_dag.py
[2023-09-07T16:10:45.277+0000] {processor.py:839} INFO - DAG(s) dict_keys(['example_skip_dag']) retrieved from /home/airflow/.local/lib/python3.8/site-packages/airflow/example_dags/example_skip_dag.py
[2023-09-07T16:10:45.295+0000] {logging_mixin.py:151} INFO - [2023-09-07T16:10:45.295+0000] {dag.py:2907} INFO - Sync 1 DAGs
[2023-09-07T16:10:45.310+0000] {logging_mixin.py:151} INFO - [2023-09-07T16:10:45.310+0000] {dag.py:3677} INFO - Setting next_dagrun for example_skip_dag to 2023-09-06T16:10:45.310130+00:00, run_after=2023-09-07T16:10:45.310130+00:00
[2023-09-07T16:10:45.321+0000] {processor.py:179} INFO - Processing /home/airflow/.local/lib/python3.8/site-packages/airflow/example_dags/example_skip_dag.py took 0.056 seconds
[2023-09-07T16:11:17.153+0000] {processor.py:157} INFO - Started process (PID=6220) to work on /home/airflow/.local/lib/python3.8/site-packages/airflow/example_dags/example_skip_dag.py
[2023-09-07T16:11:17.154+0000] {processor.py:829} INFO - Processing file /home/airflow/.local/lib/python3.8/site-packages/airflow/example_dags/example_skip_dag.py for tasks to queue
[2023-09-07T16:11:17.155+0000] {logging_mixin.py:151} INFO - [2023-09-07T16:11:17.155+0000] {dagbag.py:539} INFO - Filling up the DagBag from /home/airflow/.local/lib/python3.8/site-packages/airflow/example_dags/example_skip_dag.py
[2023-09-07T16:11:17.164+0000] {processor.py:839} INFO - DAG(s) dict_keys(['example_skip_dag']) retrieved from /home/airflow/.local/lib/python3.8/site-packages/airflow/example_dags/example_skip_dag.py
[2023-09-07T16:11:17.192+0000] {logging_mixin.py:151} INFO - [2023-09-07T16:11:17.192+0000] {dag.py:2907} INFO - Sync 1 DAGs
[2023-09-07T16:11:17.210+0000] {logging_mixin.py:151} INFO - [2023-09-07T16:11:17.210+0000] {dag.py:3677} INFO - Setting next_dagrun for example_skip_dag to 2023-09-06T16:11:17.210288+00:00, run_after=2023-09-07T16:11:17.210288+00:00
[2023-09-07T16:11:17.224+0000] {processor.py:179} INFO - Processing /home/airflow/.local/lib/python3.8/site-packages/airflow/example_dags/example_skip_dag.py took 0.074 seconds
[2023-09-07T16:11:48.253+0000] {processor.py:157} INFO - Started process (PID=6458) to work on /home/airflow/.local/lib/python3.8/site-packages/airflow/example_dags/example_skip_dag.py
[2023-09-07T16:11:48.254+0000] {processor.py:829} INFO - Processing file /home/airflow/.local/lib/python3.8/site-packages/airflow/example_dags/example_skip_dag.py for tasks to queue
[2023-09-07T16:11:48.255+0000] {logging_mixin.py:151} INFO - [2023-09-07T16:11:48.255+0000] {dagbag.py:539} INFO - Filling up the DagBag from /home/airflow/.local/lib/python3.8/site-packages/airflow/example_dags/example_skip_dag.py
[2023-09-07T16:11:48.262+0000] {processor.py:839} INFO - DAG(s) dict_keys(['example_skip_dag']) retrieved from /home/airflow/.local/lib/python3.8/site-packages/airflow/example_dags/example_skip_dag.py
[2023-09-07T16:11:48.289+0000] {logging_mixin.py:151} INFO - [2023-09-07T16:11:48.289+0000] {dag.py:2907} INFO - Sync 1 DAGs
[2023-09-07T16:11:48.307+0000] {logging_mixin.py:151} INFO - [2023-09-07T16:11:48.306+0000] {dag.py:3677} INFO - Setting next_dagrun for example_skip_dag to 2023-09-06T16:11:48.306534+00:00, run_after=2023-09-07T16:11:48.306534+00:00
[2023-09-07T16:11:48.320+0000] {processor.py:179} INFO - Processing /home/airflow/.local/lib/python3.8/site-packages/airflow/example_dags/example_skip_dag.py took 0.070 seconds
[2023-09-07T16:12:18.718+0000] {processor.py:157} INFO - Started process (PID=6696) to work on /home/airflow/.local/lib/python3.8/site-packages/airflow/example_dags/example_skip_dag.py
[2023-09-07T16:12:18.737+0000] {processor.py:829} INFO - Processing file /home/airflow/.local/lib/python3.8/site-packages/airflow/example_dags/example_skip_dag.py for tasks to queue
[2023-09-07T16:12:18.754+0000] {logging_mixin.py:151} INFO - [2023-09-07T16:12:18.753+0000] {dagbag.py:539} INFO - Filling up the DagBag from /home/airflow/.local/lib/python3.8/site-packages/airflow/example_dags/example_skip_dag.py
[2023-09-07T16:12:18.767+0000] {processor.py:839} INFO - DAG(s) dict_keys(['example_skip_dag']) retrieved from /home/airflow/.local/lib/python3.8/site-packages/airflow/example_dags/example_skip_dag.py
[2023-09-07T16:12:18.790+0000] {logging_mixin.py:151} INFO - [2023-09-07T16:12:18.790+0000] {dag.py:2907} INFO - Sync 1 DAGs
[2023-09-07T16:12:18.805+0000] {logging_mixin.py:151} INFO - [2023-09-07T16:12:18.805+0000] {dag.py:3677} INFO - Setting next_dagrun for example_skip_dag to 2023-09-06T16:12:18.805187+00:00, run_after=2023-09-07T16:12:18.805187+00:00
[2023-09-07T16:12:18.816+0000] {processor.py:179} INFO - Processing /home/airflow/.local/lib/python3.8/site-packages/airflow/example_dags/example_skip_dag.py took 0.108 seconds
[2023-09-07T16:12:49.000+0000] {processor.py:157} INFO - Started process (PID=6935) to work on /home/airflow/.local/lib/python3.8/site-packages/airflow/example_dags/example_skip_dag.py
[2023-09-07T16:12:49.002+0000] {processor.py:829} INFO - Processing file /home/airflow/.local/lib/python3.8/site-packages/airflow/example_dags/example_skip_dag.py for tasks to queue
[2023-09-07T16:12:49.004+0000] {logging_mixin.py:151} INFO - [2023-09-07T16:12:49.004+0000] {dagbag.py:539} INFO - Filling up the DagBag from /home/airflow/.local/lib/python3.8/site-packages/airflow/example_dags/example_skip_dag.py
[2023-09-07T16:12:49.017+0000] {processor.py:839} INFO - DAG(s) dict_keys(['example_skip_dag']) retrieved from /home/airflow/.local/lib/python3.8/site-packages/airflow/example_dags/example_skip_dag.py
[2023-09-07T16:12:49.043+0000] {logging_mixin.py:151} INFO - [2023-09-07T16:12:49.043+0000] {dag.py:2907} INFO - Sync 1 DAGs
[2023-09-07T16:12:49.061+0000] {logging_mixin.py:151} INFO - [2023-09-07T16:12:49.061+0000] {dag.py:3677} INFO - Setting next_dagrun for example_skip_dag to 2023-09-06T16:12:49.060812+00:00, run_after=2023-09-07T16:12:49.060812+00:00
[2023-09-07T16:12:49.080+0000] {processor.py:179} INFO - Processing /home/airflow/.local/lib/python3.8/site-packages/airflow/example_dags/example_skip_dag.py took 0.086 seconds
[2023-09-07T16:13:20.079+0000] {processor.py:157} INFO - Started process (PID=7181) to work on /home/airflow/.local/lib/python3.8/site-packages/airflow/example_dags/example_skip_dag.py
[2023-09-07T16:13:20.080+0000] {processor.py:829} INFO - Processing file /home/airflow/.local/lib/python3.8/site-packages/airflow/example_dags/example_skip_dag.py for tasks to queue
[2023-09-07T16:13:20.081+0000] {logging_mixin.py:151} INFO - [2023-09-07T16:13:20.081+0000] {dagbag.py:539} INFO - Filling up the DagBag from /home/airflow/.local/lib/python3.8/site-packages/airflow/example_dags/example_skip_dag.py
[2023-09-07T16:13:20.087+0000] {processor.py:839} INFO - DAG(s) dict_keys(['example_skip_dag']) retrieved from /home/airflow/.local/lib/python3.8/site-packages/airflow/example_dags/example_skip_dag.py
[2023-09-07T16:13:20.106+0000] {logging_mixin.py:151} INFO - [2023-09-07T16:13:20.106+0000] {dag.py:2907} INFO - Sync 1 DAGs
[2023-09-07T16:13:20.119+0000] {logging_mixin.py:151} INFO - [2023-09-07T16:13:20.119+0000] {dag.py:3677} INFO - Setting next_dagrun for example_skip_dag to 2023-09-06T16:13:20.119412+00:00, run_after=2023-09-07T16:13:20.119412+00:00
[2023-09-07T16:13:20.134+0000] {processor.py:179} INFO - Processing /home/airflow/.local/lib/python3.8/site-packages/airflow/example_dags/example_skip_dag.py took 0.058 seconds
[2023-09-07T16:13:50.941+0000] {processor.py:157} INFO - Started process (PID=7419) to work on /home/airflow/.local/lib/python3.8/site-packages/airflow/example_dags/example_skip_dag.py
[2023-09-07T16:13:50.943+0000] {processor.py:829} INFO - Processing file /home/airflow/.local/lib/python3.8/site-packages/airflow/example_dags/example_skip_dag.py for tasks to queue
[2023-09-07T16:13:50.944+0000] {logging_mixin.py:151} INFO - [2023-09-07T16:13:50.943+0000] {dagbag.py:539} INFO - Filling up the DagBag from /home/airflow/.local/lib/python3.8/site-packages/airflow/example_dags/example_skip_dag.py
[2023-09-07T16:13:50.950+0000] {processor.py:839} INFO - DAG(s) dict_keys(['example_skip_dag']) retrieved from /home/airflow/.local/lib/python3.8/site-packages/airflow/example_dags/example_skip_dag.py
[2023-09-07T16:13:50.973+0000] {logging_mixin.py:151} INFO - [2023-09-07T16:13:50.973+0000] {dag.py:2907} INFO - Sync 1 DAGs
[2023-09-07T16:13:50.995+0000] {logging_mixin.py:151} INFO - [2023-09-07T16:13:50.995+0000] {dag.py:3677} INFO - Setting next_dagrun for example_skip_dag to 2023-09-06T16:13:50.995058+00:00, run_after=2023-09-07T16:13:50.995058+00:00
[2023-09-07T16:13:51.010+0000] {processor.py:179} INFO - Processing /home/airflow/.local/lib/python3.8/site-packages/airflow/example_dags/example_skip_dag.py took 0.072 seconds
[2023-09-07T16:14:21.257+0000] {processor.py:157} INFO - Started process (PID=7658) to work on /home/airflow/.local/lib/python3.8/site-packages/airflow/example_dags/example_skip_dag.py
[2023-09-07T16:14:21.261+0000] {processor.py:829} INFO - Processing file /home/airflow/.local/lib/python3.8/site-packages/airflow/example_dags/example_skip_dag.py for tasks to queue
[2023-09-07T16:14:21.264+0000] {logging_mixin.py:151} INFO - [2023-09-07T16:14:21.263+0000] {dagbag.py:539} INFO - Filling up the DagBag from /home/airflow/.local/lib/python3.8/site-packages/airflow/example_dags/example_skip_dag.py
[2023-09-07T16:14:21.281+0000] {processor.py:839} INFO - DAG(s) dict_keys(['example_skip_dag']) retrieved from /home/airflow/.local/lib/python3.8/site-packages/airflow/example_dags/example_skip_dag.py
[2023-09-07T16:14:21.313+0000] {logging_mixin.py:151} INFO - [2023-09-07T16:14:21.313+0000] {dag.py:2907} INFO - Sync 1 DAGs
[2023-09-07T16:14:21.332+0000] {logging_mixin.py:151} INFO - [2023-09-07T16:14:21.332+0000] {dag.py:3677} INFO - Setting next_dagrun for example_skip_dag to 2023-09-06T16:14:21.332115+00:00, run_after=2023-09-07T16:14:21.332115+00:00
[2023-09-07T16:14:21.344+0000] {processor.py:179} INFO - Processing /home/airflow/.local/lib/python3.8/site-packages/airflow/example_dags/example_skip_dag.py took 0.103 seconds
[2023-09-07T16:14:51.460+0000] {processor.py:157} INFO - Started process (PID=7896) to work on /home/airflow/.local/lib/python3.8/site-packages/airflow/example_dags/example_skip_dag.py
[2023-09-07T16:14:51.462+0000] {processor.py:829} INFO - Processing file /home/airflow/.local/lib/python3.8/site-packages/airflow/example_dags/example_skip_dag.py for tasks to queue
[2023-09-07T16:14:51.463+0000] {logging_mixin.py:151} INFO - [2023-09-07T16:14:51.463+0000] {dagbag.py:539} INFO - Filling up the DagBag from /home/airflow/.local/lib/python3.8/site-packages/airflow/example_dags/example_skip_dag.py
[2023-09-07T16:14:51.472+0000] {processor.py:839} INFO - DAG(s) dict_keys(['example_skip_dag']) retrieved from /home/airflow/.local/lib/python3.8/site-packages/airflow/example_dags/example_skip_dag.py
[2023-09-07T16:14:51.490+0000] {logging_mixin.py:151} INFO - [2023-09-07T16:14:51.490+0000] {dag.py:2907} INFO - Sync 1 DAGs
[2023-09-07T16:14:51.503+0000] {logging_mixin.py:151} INFO - [2023-09-07T16:14:51.503+0000] {dag.py:3677} INFO - Setting next_dagrun for example_skip_dag to 2023-09-06T16:14:51.503596+00:00, run_after=2023-09-07T16:14:51.503596+00:00
[2023-09-07T16:14:51.514+0000] {processor.py:179} INFO - Processing /home/airflow/.local/lib/python3.8/site-packages/airflow/example_dags/example_skip_dag.py took 0.058 seconds
[2023-09-07T16:15:22.257+0000] {processor.py:157} INFO - Started process (PID=8133) to work on /home/airflow/.local/lib/python3.8/site-packages/airflow/example_dags/example_skip_dag.py
[2023-09-07T16:15:22.259+0000] {processor.py:829} INFO - Processing file /home/airflow/.local/lib/python3.8/site-packages/airflow/example_dags/example_skip_dag.py for tasks to queue
[2023-09-07T16:15:22.260+0000] {logging_mixin.py:151} INFO - [2023-09-07T16:15:22.260+0000] {dagbag.py:539} INFO - Filling up the DagBag from /home/airflow/.local/lib/python3.8/site-packages/airflow/example_dags/example_skip_dag.py
[2023-09-07T16:15:22.274+0000] {processor.py:839} INFO - DAG(s) dict_keys(['example_skip_dag']) retrieved from /home/airflow/.local/lib/python3.8/site-packages/airflow/example_dags/example_skip_dag.py
[2023-09-07T16:15:22.299+0000] {logging_mixin.py:151} INFO - [2023-09-07T16:15:22.299+0000] {dag.py:2907} INFO - Sync 1 DAGs
[2023-09-07T16:15:22.320+0000] {logging_mixin.py:151} INFO - [2023-09-07T16:15:22.320+0000] {dag.py:3677} INFO - Setting next_dagrun for example_skip_dag to 2023-09-06T16:15:22.319935+00:00, run_after=2023-09-07T16:15:22.319935+00:00
[2023-09-07T16:15:22.338+0000] {processor.py:179} INFO - Processing /home/airflow/.local/lib/python3.8/site-packages/airflow/example_dags/example_skip_dag.py took 0.083 seconds
[2023-09-07T16:15:53.316+0000] {processor.py:157} INFO - Started process (PID=8371) to work on /home/airflow/.local/lib/python3.8/site-packages/airflow/example_dags/example_skip_dag.py
[2023-09-07T16:15:53.318+0000] {processor.py:829} INFO - Processing file /home/airflow/.local/lib/python3.8/site-packages/airflow/example_dags/example_skip_dag.py for tasks to queue
[2023-09-07T16:15:53.319+0000] {logging_mixin.py:151} INFO - [2023-09-07T16:15:53.319+0000] {dagbag.py:539} INFO - Filling up the DagBag from /home/airflow/.local/lib/python3.8/site-packages/airflow/example_dags/example_skip_dag.py
[2023-09-07T16:15:53.326+0000] {processor.py:839} INFO - DAG(s) dict_keys(['example_skip_dag']) retrieved from /home/airflow/.local/lib/python3.8/site-packages/airflow/example_dags/example_skip_dag.py
[2023-09-07T16:15:53.344+0000] {logging_mixin.py:151} INFO - [2023-09-07T16:15:53.344+0000] {dag.py:2907} INFO - Sync 1 DAGs
[2023-09-07T16:15:53.358+0000] {logging_mixin.py:151} INFO - [2023-09-07T16:15:53.358+0000] {dag.py:3677} INFO - Setting next_dagrun for example_skip_dag to 2023-09-06T16:15:53.357855+00:00, run_after=2023-09-07T16:15:53.357855+00:00
[2023-09-07T16:15:53.373+0000] {processor.py:179} INFO - Processing /home/airflow/.local/lib/python3.8/site-packages/airflow/example_dags/example_skip_dag.py took 0.060 seconds
[2023-09-07T16:16:24.116+0000] {processor.py:157} INFO - Started process (PID=8611) to work on /home/airflow/.local/lib/python3.8/site-packages/airflow/example_dags/example_skip_dag.py
[2023-09-07T16:16:24.117+0000] {processor.py:829} INFO - Processing file /home/airflow/.local/lib/python3.8/site-packages/airflow/example_dags/example_skip_dag.py for tasks to queue
[2023-09-07T16:16:24.118+0000] {logging_mixin.py:151} INFO - [2023-09-07T16:16:24.118+0000] {dagbag.py:539} INFO - Filling up the DagBag from /home/airflow/.local/lib/python3.8/site-packages/airflow/example_dags/example_skip_dag.py
[2023-09-07T16:16:24.124+0000] {processor.py:839} INFO - DAG(s) dict_keys(['example_skip_dag']) retrieved from /home/airflow/.local/lib/python3.8/site-packages/airflow/example_dags/example_skip_dag.py
[2023-09-07T16:16:24.141+0000] {logging_mixin.py:151} INFO - [2023-09-07T16:16:24.141+0000] {dag.py:2907} INFO - Sync 1 DAGs
[2023-09-07T16:16:24.154+0000] {logging_mixin.py:151} INFO - [2023-09-07T16:16:24.154+0000] {dag.py:3677} INFO - Setting next_dagrun for example_skip_dag to 2023-09-06T16:16:24.154017+00:00, run_after=2023-09-07T16:16:24.154017+00:00
[2023-09-07T16:16:24.165+0000] {processor.py:179} INFO - Processing /home/airflow/.local/lib/python3.8/site-packages/airflow/example_dags/example_skip_dag.py took 0.052 seconds
[2023-09-07T16:16:54.475+0000] {processor.py:157} INFO - Started process (PID=8849) to work on /home/airflow/.local/lib/python3.8/site-packages/airflow/example_dags/example_skip_dag.py
[2023-09-07T16:16:54.476+0000] {processor.py:829} INFO - Processing file /home/airflow/.local/lib/python3.8/site-packages/airflow/example_dags/example_skip_dag.py for tasks to queue
[2023-09-07T16:16:54.477+0000] {logging_mixin.py:151} INFO - [2023-09-07T16:16:54.477+0000] {dagbag.py:539} INFO - Filling up the DagBag from /home/airflow/.local/lib/python3.8/site-packages/airflow/example_dags/example_skip_dag.py
[2023-09-07T16:16:54.483+0000] {processor.py:839} INFO - DAG(s) dict_keys(['example_skip_dag']) retrieved from /home/airflow/.local/lib/python3.8/site-packages/airflow/example_dags/example_skip_dag.py
[2023-09-07T16:16:54.503+0000] {logging_mixin.py:151} INFO - [2023-09-07T16:16:54.503+0000] {dag.py:2907} INFO - Sync 1 DAGs
[2023-09-07T16:16:54.519+0000] {logging_mixin.py:151} INFO - [2023-09-07T16:16:54.519+0000] {dag.py:3677} INFO - Setting next_dagrun for example_skip_dag to 2023-09-06T16:16:54.519153+00:00, run_after=2023-09-07T16:16:54.519153+00:00
[2023-09-07T16:16:54.531+0000] {processor.py:179} INFO - Processing /home/airflow/.local/lib/python3.8/site-packages/airflow/example_dags/example_skip_dag.py took 0.059 seconds
[2023-09-07T16:17:25.746+0000] {processor.py:157} INFO - Started process (PID=9087) to work on /home/airflow/.local/lib/python3.8/site-packages/airflow/example_dags/example_skip_dag.py
[2023-09-07T16:17:25.749+0000] {processor.py:829} INFO - Processing file /home/airflow/.local/lib/python3.8/site-packages/airflow/example_dags/example_skip_dag.py for tasks to queue
[2023-09-07T16:17:25.751+0000] {logging_mixin.py:151} INFO - [2023-09-07T16:17:25.750+0000] {dagbag.py:539} INFO - Filling up the DagBag from /home/airflow/.local/lib/python3.8/site-packages/airflow/example_dags/example_skip_dag.py
[2023-09-07T16:17:25.763+0000] {processor.py:839} INFO - DAG(s) dict_keys(['example_skip_dag']) retrieved from /home/airflow/.local/lib/python3.8/site-packages/airflow/example_dags/example_skip_dag.py
[2023-09-07T16:17:25.787+0000] {logging_mixin.py:151} INFO - [2023-09-07T16:17:25.787+0000] {dag.py:2907} INFO - Sync 1 DAGs
[2023-09-07T16:17:25.802+0000] {logging_mixin.py:151} INFO - [2023-09-07T16:17:25.802+0000] {dag.py:3677} INFO - Setting next_dagrun for example_skip_dag to 2023-09-06T16:17:25.802415+00:00, run_after=2023-09-07T16:17:25.802415+00:00
[2023-09-07T16:17:25.817+0000] {processor.py:179} INFO - Processing /home/airflow/.local/lib/python3.8/site-packages/airflow/example_dags/example_skip_dag.py took 0.077 seconds
[2023-09-07T16:17:56.874+0000] {processor.py:157} INFO - Started process (PID=9325) to work on /home/airflow/.local/lib/python3.8/site-packages/airflow/example_dags/example_skip_dag.py
[2023-09-07T16:17:56.880+0000] {processor.py:829} INFO - Processing file /home/airflow/.local/lib/python3.8/site-packages/airflow/example_dags/example_skip_dag.py for tasks to queue
[2023-09-07T16:17:56.890+0000] {logging_mixin.py:151} INFO - [2023-09-07T16:17:56.889+0000] {dagbag.py:539} INFO - Filling up the DagBag from /home/airflow/.local/lib/python3.8/site-packages/airflow/example_dags/example_skip_dag.py
[2023-09-07T16:17:56.908+0000] {processor.py:839} INFO - DAG(s) dict_keys(['example_skip_dag']) retrieved from /home/airflow/.local/lib/python3.8/site-packages/airflow/example_dags/example_skip_dag.py
[2023-09-07T16:17:56.940+0000] {logging_mixin.py:151} INFO - [2023-09-07T16:17:56.939+0000] {dag.py:2907} INFO - Sync 1 DAGs
[2023-09-07T16:17:56.981+0000] {logging_mixin.py:151} INFO - [2023-09-07T16:17:56.981+0000] {dag.py:3677} INFO - Setting next_dagrun for example_skip_dag to 2023-09-06T16:17:56.980726+00:00, run_after=2023-09-07T16:17:56.980726+00:00
[2023-09-07T16:17:56.999+0000] {processor.py:179} INFO - Processing /home/airflow/.local/lib/python3.8/site-packages/airflow/example_dags/example_skip_dag.py took 0.136 seconds
[2023-09-07T16:18:28.045+0000] {processor.py:157} INFO - Started process (PID=9564) to work on /home/airflow/.local/lib/python3.8/site-packages/airflow/example_dags/example_skip_dag.py
[2023-09-07T16:18:28.058+0000] {processor.py:829} INFO - Processing file /home/airflow/.local/lib/python3.8/site-packages/airflow/example_dags/example_skip_dag.py for tasks to queue
[2023-09-07T16:18:28.065+0000] {logging_mixin.py:151} INFO - [2023-09-07T16:18:28.063+0000] {dagbag.py:539} INFO - Filling up the DagBag from /home/airflow/.local/lib/python3.8/site-packages/airflow/example_dags/example_skip_dag.py
[2023-09-07T16:18:28.084+0000] {processor.py:839} INFO - DAG(s) dict_keys(['example_skip_dag']) retrieved from /home/airflow/.local/lib/python3.8/site-packages/airflow/example_dags/example_skip_dag.py
[2023-09-07T16:18:28.116+0000] {logging_mixin.py:151} INFO - [2023-09-07T16:18:28.116+0000] {dag.py:2907} INFO - Sync 1 DAGs
[2023-09-07T16:18:28.138+0000] {logging_mixin.py:151} INFO - [2023-09-07T16:18:28.138+0000] {dag.py:3677} INFO - Setting next_dagrun for example_skip_dag to 2023-09-06T16:18:28.137557+00:00, run_after=2023-09-07T16:18:28.137557+00:00
[2023-09-07T16:18:28.154+0000] {processor.py:179} INFO - Processing /home/airflow/.local/lib/python3.8/site-packages/airflow/example_dags/example_skip_dag.py took 0.124 seconds
[2023-09-07T16:18:58.331+0000] {processor.py:157} INFO - Started process (PID=9802) to work on /home/airflow/.local/lib/python3.8/site-packages/airflow/example_dags/example_skip_dag.py
[2023-09-07T16:18:58.334+0000] {processor.py:829} INFO - Processing file /home/airflow/.local/lib/python3.8/site-packages/airflow/example_dags/example_skip_dag.py for tasks to queue
[2023-09-07T16:18:58.335+0000] {logging_mixin.py:151} INFO - [2023-09-07T16:18:58.335+0000] {dagbag.py:539} INFO - Filling up the DagBag from /home/airflow/.local/lib/python3.8/site-packages/airflow/example_dags/example_skip_dag.py
[2023-09-07T16:18:58.350+0000] {processor.py:839} INFO - DAG(s) dict_keys(['example_skip_dag']) retrieved from /home/airflow/.local/lib/python3.8/site-packages/airflow/example_dags/example_skip_dag.py
[2023-09-07T16:18:58.410+0000] {logging_mixin.py:151} INFO - [2023-09-07T16:18:58.410+0000] {dag.py:2907} INFO - Sync 1 DAGs
[2023-09-07T16:18:58.457+0000] {logging_mixin.py:151} INFO - [2023-09-07T16:18:58.457+0000] {dag.py:3677} INFO - Setting next_dagrun for example_skip_dag to 2023-09-06T16:18:58.456412+00:00, run_after=2023-09-07T16:18:58.456412+00:00
[2023-09-07T16:18:58.473+0000] {processor.py:179} INFO - Processing /home/airflow/.local/lib/python3.8/site-packages/airflow/example_dags/example_skip_dag.py took 0.153 seconds
[2023-09-07T16:19:28.734+0000] {processor.py:157} INFO - Started process (PID=10040) to work on /home/airflow/.local/lib/python3.8/site-packages/airflow/example_dags/example_skip_dag.py
[2023-09-07T16:19:28.740+0000] {processor.py:829} INFO - Processing file /home/airflow/.local/lib/python3.8/site-packages/airflow/example_dags/example_skip_dag.py for tasks to queue
[2023-09-07T16:19:28.744+0000] {logging_mixin.py:151} INFO - [2023-09-07T16:19:28.742+0000] {dagbag.py:539} INFO - Filling up the DagBag from /home/airflow/.local/lib/python3.8/site-packages/airflow/example_dags/example_skip_dag.py
[2023-09-07T16:19:28.762+0000] {processor.py:839} INFO - DAG(s) dict_keys(['example_skip_dag']) retrieved from /home/airflow/.local/lib/python3.8/site-packages/airflow/example_dags/example_skip_dag.py
[2023-09-07T16:19:28.810+0000] {logging_mixin.py:151} INFO - [2023-09-07T16:19:28.810+0000] {dag.py:2907} INFO - Sync 1 DAGs
[2023-09-07T16:19:28.831+0000] {logging_mixin.py:151} INFO - [2023-09-07T16:19:28.831+0000] {dag.py:3677} INFO - Setting next_dagrun for example_skip_dag to 2023-09-06T16:19:28.831023+00:00, run_after=2023-09-07T16:19:28.831023+00:00
[2023-09-07T16:19:28.848+0000] {processor.py:179} INFO - Processing /home/airflow/.local/lib/python3.8/site-packages/airflow/example_dags/example_skip_dag.py took 0.127 seconds
[2023-09-07T16:19:59.086+0000] {processor.py:157} INFO - Started process (PID=10278) to work on /home/airflow/.local/lib/python3.8/site-packages/airflow/example_dags/example_skip_dag.py
[2023-09-07T16:19:59.092+0000] {processor.py:829} INFO - Processing file /home/airflow/.local/lib/python3.8/site-packages/airflow/example_dags/example_skip_dag.py for tasks to queue
[2023-09-07T16:19:59.099+0000] {logging_mixin.py:151} INFO - [2023-09-07T16:19:59.098+0000] {dagbag.py:539} INFO - Filling up the DagBag from /home/airflow/.local/lib/python3.8/site-packages/airflow/example_dags/example_skip_dag.py
[2023-09-07T16:19:59.118+0000] {processor.py:839} INFO - DAG(s) dict_keys(['example_skip_dag']) retrieved from /home/airflow/.local/lib/python3.8/site-packages/airflow/example_dags/example_skip_dag.py
[2023-09-07T16:19:59.177+0000] {logging_mixin.py:151} INFO - [2023-09-07T16:19:59.177+0000] {dag.py:2907} INFO - Sync 1 DAGs
[2023-09-07T16:19:59.203+0000] {logging_mixin.py:151} INFO - [2023-09-07T16:19:59.202+0000] {dag.py:3677} INFO - Setting next_dagrun for example_skip_dag to 2023-09-06T16:19:59.202482+00:00, run_after=2023-09-07T16:19:59.202482+00:00
[2023-09-07T16:19:59.229+0000] {processor.py:179} INFO - Processing /home/airflow/.local/lib/python3.8/site-packages/airflow/example_dags/example_skip_dag.py took 0.158 seconds
[2023-09-07T16:20:29.615+0000] {processor.py:157} INFO - Started process (PID=10516) to work on /home/airflow/.local/lib/python3.8/site-packages/airflow/example_dags/example_skip_dag.py
[2023-09-07T16:20:29.618+0000] {processor.py:829} INFO - Processing file /home/airflow/.local/lib/python3.8/site-packages/airflow/example_dags/example_skip_dag.py for tasks to queue
[2023-09-07T16:20:29.620+0000] {logging_mixin.py:151} INFO - [2023-09-07T16:20:29.619+0000] {dagbag.py:539} INFO - Filling up the DagBag from /home/airflow/.local/lib/python3.8/site-packages/airflow/example_dags/example_skip_dag.py
[2023-09-07T16:20:29.639+0000] {processor.py:839} INFO - DAG(s) dict_keys(['example_skip_dag']) retrieved from /home/airflow/.local/lib/python3.8/site-packages/airflow/example_dags/example_skip_dag.py
[2023-09-07T16:20:29.690+0000] {logging_mixin.py:151} INFO - [2023-09-07T16:20:29.690+0000] {dag.py:2907} INFO - Sync 1 DAGs
[2023-09-07T16:20:29.727+0000] {logging_mixin.py:151} INFO - [2023-09-07T16:20:29.727+0000] {dag.py:3677} INFO - Setting next_dagrun for example_skip_dag to 2023-09-06T16:20:29.726277+00:00, run_after=2023-09-07T16:20:29.726277+00:00
[2023-09-07T16:20:29.748+0000] {processor.py:179} INFO - Processing /home/airflow/.local/lib/python3.8/site-packages/airflow/example_dags/example_skip_dag.py took 0.145 seconds
[2023-09-07T16:21:00.144+0000] {processor.py:157} INFO - Started process (PID=10753) to work on /home/airflow/.local/lib/python3.8/site-packages/airflow/example_dags/example_skip_dag.py
[2023-09-07T16:21:00.149+0000] {processor.py:829} INFO - Processing file /home/airflow/.local/lib/python3.8/site-packages/airflow/example_dags/example_skip_dag.py for tasks to queue
[2023-09-07T16:21:00.154+0000] {logging_mixin.py:151} INFO - [2023-09-07T16:21:00.152+0000] {dagbag.py:539} INFO - Filling up the DagBag from /home/airflow/.local/lib/python3.8/site-packages/airflow/example_dags/example_skip_dag.py
[2023-09-07T16:21:00.181+0000] {processor.py:839} INFO - DAG(s) dict_keys(['example_skip_dag']) retrieved from /home/airflow/.local/lib/python3.8/site-packages/airflow/example_dags/example_skip_dag.py
[2023-09-07T16:21:00.231+0000] {logging_mixin.py:151} INFO - [2023-09-07T16:21:00.231+0000] {dag.py:2907} INFO - Sync 1 DAGs
[2023-09-07T16:21:00.259+0000] {logging_mixin.py:151} INFO - [2023-09-07T16:21:00.258+0000] {dag.py:3677} INFO - Setting next_dagrun for example_skip_dag to 2023-09-06T16:21:00.258342+00:00, run_after=2023-09-07T16:21:00.258342+00:00
[2023-09-07T16:21:00.274+0000] {processor.py:179} INFO - Processing /home/airflow/.local/lib/python3.8/site-packages/airflow/example_dags/example_skip_dag.py took 0.143 seconds
[2023-09-07T16:21:30.514+0000] {processor.py:157} INFO - Started process (PID=10991) to work on /home/airflow/.local/lib/python3.8/site-packages/airflow/example_dags/example_skip_dag.py
[2023-09-07T16:21:30.518+0000] {processor.py:829} INFO - Processing file /home/airflow/.local/lib/python3.8/site-packages/airflow/example_dags/example_skip_dag.py for tasks to queue
[2023-09-07T16:21:30.520+0000] {logging_mixin.py:151} INFO - [2023-09-07T16:21:30.519+0000] {dagbag.py:539} INFO - Filling up the DagBag from /home/airflow/.local/lib/python3.8/site-packages/airflow/example_dags/example_skip_dag.py
[2023-09-07T16:21:30.538+0000] {processor.py:839} INFO - DAG(s) dict_keys(['example_skip_dag']) retrieved from /home/airflow/.local/lib/python3.8/site-packages/airflow/example_dags/example_skip_dag.py
[2023-09-07T16:21:30.584+0000] {logging_mixin.py:151} INFO - [2023-09-07T16:21:30.584+0000] {dag.py:2907} INFO - Sync 1 DAGs
[2023-09-07T16:21:30.608+0000] {logging_mixin.py:151} INFO - [2023-09-07T16:21:30.608+0000] {dag.py:3677} INFO - Setting next_dagrun for example_skip_dag to 2023-09-06T16:21:30.607740+00:00, run_after=2023-09-07T16:21:30.607740+00:00
[2023-09-07T16:21:30.624+0000] {processor.py:179} INFO - Processing /home/airflow/.local/lib/python3.8/site-packages/airflow/example_dags/example_skip_dag.py took 0.120 seconds
[2023-09-07T16:22:01.127+0000] {processor.py:157} INFO - Started process (PID=11229) to work on /home/airflow/.local/lib/python3.8/site-packages/airflow/example_dags/example_skip_dag.py
[2023-09-07T16:22:01.131+0000] {processor.py:829} INFO - Processing file /home/airflow/.local/lib/python3.8/site-packages/airflow/example_dags/example_skip_dag.py for tasks to queue
[2023-09-07T16:22:01.133+0000] {logging_mixin.py:151} INFO - [2023-09-07T16:22:01.132+0000] {dagbag.py:539} INFO - Filling up the DagBag from /home/airflow/.local/lib/python3.8/site-packages/airflow/example_dags/example_skip_dag.py
[2023-09-07T16:22:01.156+0000] {processor.py:839} INFO - DAG(s) dict_keys(['example_skip_dag']) retrieved from /home/airflow/.local/lib/python3.8/site-packages/airflow/example_dags/example_skip_dag.py
[2023-09-07T16:22:01.203+0000] {logging_mixin.py:151} INFO - [2023-09-07T16:22:01.203+0000] {dag.py:2907} INFO - Sync 1 DAGs
[2023-09-07T16:22:01.232+0000] {logging_mixin.py:151} INFO - [2023-09-07T16:22:01.232+0000] {dag.py:3677} INFO - Setting next_dagrun for example_skip_dag to 2023-09-06T16:22:01.231750+00:00, run_after=2023-09-07T16:22:01.231750+00:00
[2023-09-07T16:22:01.247+0000] {processor.py:179} INFO - Processing /home/airflow/.local/lib/python3.8/site-packages/airflow/example_dags/example_skip_dag.py took 0.131 seconds
[2023-09-07T16:22:31.691+0000] {processor.py:157} INFO - Started process (PID=11466) to work on /home/airflow/.local/lib/python3.8/site-packages/airflow/example_dags/example_skip_dag.py
[2023-09-07T16:22:31.697+0000] {processor.py:829} INFO - Processing file /home/airflow/.local/lib/python3.8/site-packages/airflow/example_dags/example_skip_dag.py for tasks to queue
[2023-09-07T16:22:31.703+0000] {logging_mixin.py:151} INFO - [2023-09-07T16:22:31.701+0000] {dagbag.py:539} INFO - Filling up the DagBag from /home/airflow/.local/lib/python3.8/site-packages/airflow/example_dags/example_skip_dag.py
[2023-09-07T16:22:31.732+0000] {processor.py:839} INFO - DAG(s) dict_keys(['example_skip_dag']) retrieved from /home/airflow/.local/lib/python3.8/site-packages/airflow/example_dags/example_skip_dag.py
[2023-09-07T16:22:31.784+0000] {logging_mixin.py:151} INFO - [2023-09-07T16:22:31.784+0000] {dag.py:2907} INFO - Sync 1 DAGs
[2023-09-07T16:22:31.806+0000] {logging_mixin.py:151} INFO - [2023-09-07T16:22:31.806+0000] {dag.py:3677} INFO - Setting next_dagrun for example_skip_dag to 2023-09-06T16:22:31.806004+00:00, run_after=2023-09-07T16:22:31.806004+00:00
[2023-09-07T16:22:31.819+0000] {processor.py:179} INFO - Processing /home/airflow/.local/lib/python3.8/site-packages/airflow/example_dags/example_skip_dag.py took 0.139 seconds
[2023-09-07T16:23:02.114+0000] {processor.py:157} INFO - Started process (PID=11704) to work on /home/airflow/.local/lib/python3.8/site-packages/airflow/example_dags/example_skip_dag.py
[2023-09-07T16:23:02.120+0000] {processor.py:829} INFO - Processing file /home/airflow/.local/lib/python3.8/site-packages/airflow/example_dags/example_skip_dag.py for tasks to queue
[2023-09-07T16:23:02.131+0000] {logging_mixin.py:151} INFO - [2023-09-07T16:23:02.128+0000] {dagbag.py:539} INFO - Filling up the DagBag from /home/airflow/.local/lib/python3.8/site-packages/airflow/example_dags/example_skip_dag.py
[2023-09-07T16:23:02.151+0000] {processor.py:839} INFO - DAG(s) dict_keys(['example_skip_dag']) retrieved from /home/airflow/.local/lib/python3.8/site-packages/airflow/example_dags/example_skip_dag.py
[2023-09-07T16:23:02.198+0000] {logging_mixin.py:151} INFO - [2023-09-07T16:23:02.198+0000] {dag.py:2907} INFO - Sync 1 DAGs
[2023-09-07T16:23:02.221+0000] {logging_mixin.py:151} INFO - [2023-09-07T16:23:02.221+0000] {dag.py:3677} INFO - Setting next_dagrun for example_skip_dag to 2023-09-06T16:23:02.221136+00:00, run_after=2023-09-07T16:23:02.221136+00:00
[2023-09-07T16:23:02.234+0000] {processor.py:179} INFO - Processing /home/airflow/.local/lib/python3.8/site-packages/airflow/example_dags/example_skip_dag.py took 0.129 seconds
[2023-09-07T16:23:32.742+0000] {processor.py:157} INFO - Started process (PID=11942) to work on /home/airflow/.local/lib/python3.8/site-packages/airflow/example_dags/example_skip_dag.py
[2023-09-07T16:23:32.746+0000] {processor.py:829} INFO - Processing file /home/airflow/.local/lib/python3.8/site-packages/airflow/example_dags/example_skip_dag.py for tasks to queue
[2023-09-07T16:23:32.749+0000] {logging_mixin.py:151} INFO - [2023-09-07T16:23:32.748+0000] {dagbag.py:539} INFO - Filling up the DagBag from /home/airflow/.local/lib/python3.8/site-packages/airflow/example_dags/example_skip_dag.py
[2023-09-07T16:23:32.774+0000] {processor.py:839} INFO - DAG(s) dict_keys(['example_skip_dag']) retrieved from /home/airflow/.local/lib/python3.8/site-packages/airflow/example_dags/example_skip_dag.py
[2023-09-07T16:23:32.831+0000] {logging_mixin.py:151} INFO - [2023-09-07T16:23:32.831+0000] {dag.py:2907} INFO - Sync 1 DAGs
[2023-09-07T16:23:32.868+0000] {logging_mixin.py:151} INFO - [2023-09-07T16:23:32.867+0000] {dag.py:3677} INFO - Setting next_dagrun for example_skip_dag to 2023-09-06T16:23:32.866670+00:00, run_after=2023-09-07T16:23:32.866670+00:00
[2023-09-07T16:23:32.892+0000] {processor.py:179} INFO - Processing /home/airflow/.local/lib/python3.8/site-packages/airflow/example_dags/example_skip_dag.py took 0.175 seconds
[2023-09-07T16:24:03.357+0000] {processor.py:157} INFO - Started process (PID=12180) to work on /home/airflow/.local/lib/python3.8/site-packages/airflow/example_dags/example_skip_dag.py
[2023-09-07T16:24:03.360+0000] {processor.py:829} INFO - Processing file /home/airflow/.local/lib/python3.8/site-packages/airflow/example_dags/example_skip_dag.py for tasks to queue
[2023-09-07T16:24:03.362+0000] {logging_mixin.py:151} INFO - [2023-09-07T16:24:03.361+0000] {dagbag.py:539} INFO - Filling up the DagBag from /home/airflow/.local/lib/python3.8/site-packages/airflow/example_dags/example_skip_dag.py
[2023-09-07T16:24:03.390+0000] {processor.py:839} INFO - DAG(s) dict_keys(['example_skip_dag']) retrieved from /home/airflow/.local/lib/python3.8/site-packages/airflow/example_dags/example_skip_dag.py
[2023-09-07T16:24:03.440+0000] {logging_mixin.py:151} INFO - [2023-09-07T16:24:03.440+0000] {dag.py:2907} INFO - Sync 1 DAGs
[2023-09-07T16:24:03.463+0000] {logging_mixin.py:151} INFO - [2023-09-07T16:24:03.463+0000] {dag.py:3677} INFO - Setting next_dagrun for example_skip_dag to 2023-09-06T16:24:03.463319+00:00, run_after=2023-09-07T16:24:03.463319+00:00
[2023-09-07T16:24:03.479+0000] {processor.py:179} INFO - Processing /home/airflow/.local/lib/python3.8/site-packages/airflow/example_dags/example_skip_dag.py took 0.131 seconds
[2023-09-07T16:24:33.811+0000] {processor.py:157} INFO - Started process (PID=12418) to work on /home/airflow/.local/lib/python3.8/site-packages/airflow/example_dags/example_skip_dag.py
[2023-09-07T16:24:33.814+0000] {processor.py:829} INFO - Processing file /home/airflow/.local/lib/python3.8/site-packages/airflow/example_dags/example_skip_dag.py for tasks to queue
[2023-09-07T16:24:33.816+0000] {logging_mixin.py:151} INFO - [2023-09-07T16:24:33.815+0000] {dagbag.py:539} INFO - Filling up the DagBag from /home/airflow/.local/lib/python3.8/site-packages/airflow/example_dags/example_skip_dag.py
[2023-09-07T16:24:33.839+0000] {processor.py:839} INFO - DAG(s) dict_keys(['example_skip_dag']) retrieved from /home/airflow/.local/lib/python3.8/site-packages/airflow/example_dags/example_skip_dag.py
[2023-09-07T16:24:33.875+0000] {logging_mixin.py:151} INFO - [2023-09-07T16:24:33.875+0000] {dag.py:2907} INFO - Sync 1 DAGs
[2023-09-07T16:24:33.902+0000] {logging_mixin.py:151} INFO - [2023-09-07T16:24:33.902+0000] {dag.py:3677} INFO - Setting next_dagrun for example_skip_dag to 2023-09-06T16:24:33.902028+00:00, run_after=2023-09-07T16:24:33.902028+00:00
[2023-09-07T16:24:33.916+0000] {processor.py:179} INFO - Processing /home/airflow/.local/lib/python3.8/site-packages/airflow/example_dags/example_skip_dag.py took 0.113 seconds
[2023-09-07T16:25:04.152+0000] {processor.py:157} INFO - Started process (PID=12657) to work on /home/airflow/.local/lib/python3.8/site-packages/airflow/example_dags/example_skip_dag.py
[2023-09-07T16:25:04.156+0000] {processor.py:829} INFO - Processing file /home/airflow/.local/lib/python3.8/site-packages/airflow/example_dags/example_skip_dag.py for tasks to queue
[2023-09-07T16:25:04.158+0000] {logging_mixin.py:151} INFO - [2023-09-07T16:25:04.157+0000] {dagbag.py:539} INFO - Filling up the DagBag from /home/airflow/.local/lib/python3.8/site-packages/airflow/example_dags/example_skip_dag.py
[2023-09-07T16:25:04.177+0000] {processor.py:839} INFO - DAG(s) dict_keys(['example_skip_dag']) retrieved from /home/airflow/.local/lib/python3.8/site-packages/airflow/example_dags/example_skip_dag.py
[2023-09-07T16:25:04.237+0000] {logging_mixin.py:151} INFO - [2023-09-07T16:25:04.237+0000] {dag.py:2907} INFO - Sync 1 DAGs
[2023-09-07T16:25:04.260+0000] {logging_mixin.py:151} INFO - [2023-09-07T16:25:04.260+0000] {dag.py:3677} INFO - Setting next_dagrun for example_skip_dag to 2023-09-06T16:25:04.259917+00:00, run_after=2023-09-07T16:25:04.259917+00:00
[2023-09-07T16:25:04.274+0000] {processor.py:179} INFO - Processing /home/airflow/.local/lib/python3.8/site-packages/airflow/example_dags/example_skip_dag.py took 0.138 seconds
[2023-09-07T16:25:34.697+0000] {processor.py:157} INFO - Started process (PID=12894) to work on /home/airflow/.local/lib/python3.8/site-packages/airflow/example_dags/example_skip_dag.py
[2023-09-07T16:25:34.701+0000] {processor.py:829} INFO - Processing file /home/airflow/.local/lib/python3.8/site-packages/airflow/example_dags/example_skip_dag.py for tasks to queue
[2023-09-07T16:25:34.703+0000] {logging_mixin.py:151} INFO - [2023-09-07T16:25:34.702+0000] {dagbag.py:539} INFO - Filling up the DagBag from /home/airflow/.local/lib/python3.8/site-packages/airflow/example_dags/example_skip_dag.py
[2023-09-07T16:25:34.721+0000] {processor.py:839} INFO - DAG(s) dict_keys(['example_skip_dag']) retrieved from /home/airflow/.local/lib/python3.8/site-packages/airflow/example_dags/example_skip_dag.py
[2023-09-07T16:25:34.777+0000] {logging_mixin.py:151} INFO - [2023-09-07T16:25:34.777+0000] {dag.py:2907} INFO - Sync 1 DAGs
[2023-09-07T16:25:34.800+0000] {logging_mixin.py:151} INFO - [2023-09-07T16:25:34.800+0000] {dag.py:3677} INFO - Setting next_dagrun for example_skip_dag to 2023-09-06T16:25:34.799708+00:00, run_after=2023-09-07T16:25:34.799708+00:00
[2023-09-07T16:25:34.825+0000] {processor.py:179} INFO - Processing /home/airflow/.local/lib/python3.8/site-packages/airflow/example_dags/example_skip_dag.py took 0.149 seconds
[2023-09-07T16:26:05.251+0000] {processor.py:157} INFO - Started process (PID=13132) to work on /home/airflow/.local/lib/python3.8/site-packages/airflow/example_dags/example_skip_dag.py
[2023-09-07T16:26:05.253+0000] {processor.py:829} INFO - Processing file /home/airflow/.local/lib/python3.8/site-packages/airflow/example_dags/example_skip_dag.py for tasks to queue
[2023-09-07T16:26:05.255+0000] {logging_mixin.py:151} INFO - [2023-09-07T16:26:05.255+0000] {dagbag.py:539} INFO - Filling up the DagBag from /home/airflow/.local/lib/python3.8/site-packages/airflow/example_dags/example_skip_dag.py
[2023-09-07T16:26:05.278+0000] {processor.py:839} INFO - DAG(s) dict_keys(['example_skip_dag']) retrieved from /home/airflow/.local/lib/python3.8/site-packages/airflow/example_dags/example_skip_dag.py
[2023-09-07T16:26:05.326+0000] {logging_mixin.py:151} INFO - [2023-09-07T16:26:05.326+0000] {dag.py:2907} INFO - Sync 1 DAGs
[2023-09-07T16:26:05.361+0000] {logging_mixin.py:151} INFO - [2023-09-07T16:26:05.360+0000] {dag.py:3677} INFO - Setting next_dagrun for example_skip_dag to 2023-09-06T16:26:05.360165+00:00, run_after=2023-09-07T16:26:05.360165+00:00
[2023-09-07T16:26:05.387+0000] {processor.py:179} INFO - Processing /home/airflow/.local/lib/python3.8/site-packages/airflow/example_dags/example_skip_dag.py took 0.143 seconds
[2023-09-07T16:26:36.092+0000] {processor.py:157} INFO - Started process (PID=13371) to work on /home/airflow/.local/lib/python3.8/site-packages/airflow/example_dags/example_skip_dag.py
[2023-09-07T16:26:36.094+0000] {processor.py:829} INFO - Processing file /home/airflow/.local/lib/python3.8/site-packages/airflow/example_dags/example_skip_dag.py for tasks to queue
[2023-09-07T16:26:36.097+0000] {logging_mixin.py:151} INFO - [2023-09-07T16:26:36.096+0000] {dagbag.py:539} INFO - Filling up the DagBag from /home/airflow/.local/lib/python3.8/site-packages/airflow/example_dags/example_skip_dag.py
[2023-09-07T16:26:36.111+0000] {processor.py:839} INFO - DAG(s) dict_keys(['example_skip_dag']) retrieved from /home/airflow/.local/lib/python3.8/site-packages/airflow/example_dags/example_skip_dag.py
[2023-09-07T16:26:36.140+0000] {logging_mixin.py:151} INFO - [2023-09-07T16:26:36.140+0000] {dag.py:2907} INFO - Sync 1 DAGs
[2023-09-07T16:26:36.155+0000] {logging_mixin.py:151} INFO - [2023-09-07T16:26:36.154+0000] {dag.py:3677} INFO - Setting next_dagrun for example_skip_dag to 2023-09-06T16:26:36.154743+00:00, run_after=2023-09-07T16:26:36.154743+00:00
[2023-09-07T16:26:36.164+0000] {processor.py:179} INFO - Processing /home/airflow/.local/lib/python3.8/site-packages/airflow/example_dags/example_skip_dag.py took 0.078 seconds
[2023-09-07T16:27:06.404+0000] {processor.py:157} INFO - Started process (PID=13609) to work on /home/airflow/.local/lib/python3.8/site-packages/airflow/example_dags/example_skip_dag.py
[2023-09-07T16:27:06.406+0000] {processor.py:829} INFO - Processing file /home/airflow/.local/lib/python3.8/site-packages/airflow/example_dags/example_skip_dag.py for tasks to queue
[2023-09-07T16:27:06.408+0000] {logging_mixin.py:151} INFO - [2023-09-07T16:27:06.407+0000] {dagbag.py:539} INFO - Filling up the DagBag from /home/airflow/.local/lib/python3.8/site-packages/airflow/example_dags/example_skip_dag.py
[2023-09-07T16:27:06.417+0000] {processor.py:839} INFO - DAG(s) dict_keys(['example_skip_dag']) retrieved from /home/airflow/.local/lib/python3.8/site-packages/airflow/example_dags/example_skip_dag.py
[2023-09-07T16:27:06.442+0000] {logging_mixin.py:151} INFO - [2023-09-07T16:27:06.442+0000] {dag.py:2907} INFO - Sync 1 DAGs
[2023-09-07T16:27:06.456+0000] {logging_mixin.py:151} INFO - [2023-09-07T16:27:06.456+0000] {dag.py:3677} INFO - Setting next_dagrun for example_skip_dag to 2023-09-06T16:27:06.456394+00:00, run_after=2023-09-07T16:27:06.456394+00:00
[2023-09-07T16:27:06.467+0000] {processor.py:179} INFO - Processing /home/airflow/.local/lib/python3.8/site-packages/airflow/example_dags/example_skip_dag.py took 0.069 seconds
[2023-09-07T16:27:36.818+0000] {processor.py:157} INFO - Started process (PID=13848) to work on /home/airflow/.local/lib/python3.8/site-packages/airflow/example_dags/example_skip_dag.py
[2023-09-07T16:27:36.820+0000] {processor.py:829} INFO - Processing file /home/airflow/.local/lib/python3.8/site-packages/airflow/example_dags/example_skip_dag.py for tasks to queue
[2023-09-07T16:27:36.822+0000] {logging_mixin.py:151} INFO - [2023-09-07T16:27:36.821+0000] {dagbag.py:539} INFO - Filling up the DagBag from /home/airflow/.local/lib/python3.8/site-packages/airflow/example_dags/example_skip_dag.py
[2023-09-07T16:27:36.832+0000] {processor.py:839} INFO - DAG(s) dict_keys(['example_skip_dag']) retrieved from /home/airflow/.local/lib/python3.8/site-packages/airflow/example_dags/example_skip_dag.py
[2023-09-07T16:27:36.862+0000] {logging_mixin.py:151} INFO - [2023-09-07T16:27:36.862+0000] {dag.py:2907} INFO - Sync 1 DAGs
[2023-09-07T16:27:36.879+0000] {logging_mixin.py:151} INFO - [2023-09-07T16:27:36.879+0000] {dag.py:3677} INFO - Setting next_dagrun for example_skip_dag to 2023-09-06T16:27:36.878988+00:00, run_after=2023-09-07T16:27:36.878988+00:00
[2023-09-07T16:27:36.889+0000] {processor.py:179} INFO - Processing /home/airflow/.local/lib/python3.8/site-packages/airflow/example_dags/example_skip_dag.py took 0.078 seconds
[2023-09-07T16:28:07.241+0000] {processor.py:157} INFO - Started process (PID=14086) to work on /home/airflow/.local/lib/python3.8/site-packages/airflow/example_dags/example_skip_dag.py
[2023-09-07T16:28:07.243+0000] {processor.py:829} INFO - Processing file /home/airflow/.local/lib/python3.8/site-packages/airflow/example_dags/example_skip_dag.py for tasks to queue
[2023-09-07T16:28:07.246+0000] {logging_mixin.py:151} INFO - [2023-09-07T16:28:07.245+0000] {dagbag.py:539} INFO - Filling up the DagBag from /home/airflow/.local/lib/python3.8/site-packages/airflow/example_dags/example_skip_dag.py
[2023-09-07T16:28:07.256+0000] {processor.py:839} INFO - DAG(s) dict_keys(['example_skip_dag']) retrieved from /home/airflow/.local/lib/python3.8/site-packages/airflow/example_dags/example_skip_dag.py
[2023-09-07T16:28:07.279+0000] {logging_mixin.py:151} INFO - [2023-09-07T16:28:07.279+0000] {dag.py:2907} INFO - Sync 1 DAGs
[2023-09-07T16:28:07.293+0000] {logging_mixin.py:151} INFO - [2023-09-07T16:28:07.293+0000] {dag.py:3677} INFO - Setting next_dagrun for example_skip_dag to 2023-09-06T16:28:07.293302+00:00, run_after=2023-09-07T16:28:07.293302+00:00
[2023-09-07T16:28:07.304+0000] {processor.py:179} INFO - Processing /home/airflow/.local/lib/python3.8/site-packages/airflow/example_dags/example_skip_dag.py took 0.069 seconds
[2023-09-07T16:28:37.982+0000] {processor.py:157} INFO - Started process (PID=14324) to work on /home/airflow/.local/lib/python3.8/site-packages/airflow/example_dags/example_skip_dag.py
[2023-09-07T16:28:37.985+0000] {processor.py:829} INFO - Processing file /home/airflow/.local/lib/python3.8/site-packages/airflow/example_dags/example_skip_dag.py for tasks to queue
[2023-09-07T16:28:37.988+0000] {logging_mixin.py:151} INFO - [2023-09-07T16:28:37.987+0000] {dagbag.py:539} INFO - Filling up the DagBag from /home/airflow/.local/lib/python3.8/site-packages/airflow/example_dags/example_skip_dag.py
[2023-09-07T16:28:38.014+0000] {processor.py:839} INFO - DAG(s) dict_keys(['example_skip_dag']) retrieved from /home/airflow/.local/lib/python3.8/site-packages/airflow/example_dags/example_skip_dag.py
[2023-09-07T16:28:38.067+0000] {logging_mixin.py:151} INFO - [2023-09-07T16:28:38.067+0000] {dag.py:2907} INFO - Sync 1 DAGs
[2023-09-07T16:28:38.090+0000] {logging_mixin.py:151} INFO - [2023-09-07T16:28:38.090+0000] {dag.py:3677} INFO - Setting next_dagrun for example_skip_dag to 2023-09-06T16:28:38.089646+00:00, run_after=2023-09-07T16:28:38.089646+00:00
[2023-09-07T16:28:38.109+0000] {processor.py:179} INFO - Processing /home/airflow/.local/lib/python3.8/site-packages/airflow/example_dags/example_skip_dag.py took 0.143 seconds
[2023-09-07T16:29:08.655+0000] {processor.py:157} INFO - Started process (PID=14561) to work on /home/airflow/.local/lib/python3.8/site-packages/airflow/example_dags/example_skip_dag.py
[2023-09-07T16:29:08.658+0000] {processor.py:829} INFO - Processing file /home/airflow/.local/lib/python3.8/site-packages/airflow/example_dags/example_skip_dag.py for tasks to queue
[2023-09-07T16:29:08.660+0000] {logging_mixin.py:151} INFO - [2023-09-07T16:29:08.659+0000] {dagbag.py:539} INFO - Filling up the DagBag from /home/airflow/.local/lib/python3.8/site-packages/airflow/example_dags/example_skip_dag.py
[2023-09-07T16:29:08.691+0000] {processor.py:839} INFO - DAG(s) dict_keys(['example_skip_dag']) retrieved from /home/airflow/.local/lib/python3.8/site-packages/airflow/example_dags/example_skip_dag.py
[2023-09-07T16:29:08.737+0000] {logging_mixin.py:151} INFO - [2023-09-07T16:29:08.737+0000] {dag.py:2907} INFO - Sync 1 DAGs
[2023-09-07T16:29:08.763+0000] {logging_mixin.py:151} INFO - [2023-09-07T16:29:08.762+0000] {dag.py:3677} INFO - Setting next_dagrun for example_skip_dag to 2023-09-06T16:29:08.761761+00:00, run_after=2023-09-07T16:29:08.761761+00:00
[2023-09-07T16:29:08.778+0000] {processor.py:179} INFO - Processing /home/airflow/.local/lib/python3.8/site-packages/airflow/example_dags/example_skip_dag.py took 0.133 seconds
[2023-09-07T16:30:58.933+0000] {processor.py:157} INFO - Started process (PID=14795) to work on /home/airflow/.local/lib/python3.8/site-packages/airflow/example_dags/example_skip_dag.py
[2023-09-07T16:30:58.935+0000] {processor.py:829} INFO - Processing file /home/airflow/.local/lib/python3.8/site-packages/airflow/example_dags/example_skip_dag.py for tasks to queue
[2023-09-07T16:30:58.936+0000] {logging_mixin.py:151} INFO - [2023-09-07T16:30:58.935+0000] {dagbag.py:539} INFO - Filling up the DagBag from /home/airflow/.local/lib/python3.8/site-packages/airflow/example_dags/example_skip_dag.py
[2023-09-07T16:30:58.944+0000] {processor.py:839} INFO - DAG(s) dict_keys(['example_skip_dag']) retrieved from /home/airflow/.local/lib/python3.8/site-packages/airflow/example_dags/example_skip_dag.py
[2023-09-07T16:30:58.972+0000] {logging_mixin.py:151} INFO - [2023-09-07T16:30:58.972+0000] {dag.py:2907} INFO - Sync 1 DAGs
[2023-09-07T16:30:58.996+0000] {logging_mixin.py:151} INFO - [2023-09-07T16:30:58.996+0000] {dag.py:3677} INFO - Setting next_dagrun for example_skip_dag to 2023-09-06T16:30:58.995839+00:00, run_after=2023-09-07T16:30:58.995839+00:00
[2023-09-07T16:30:59.011+0000] {processor.py:179} INFO - Processing /home/airflow/.local/lib/python3.8/site-packages/airflow/example_dags/example_skip_dag.py took 0.082 seconds
[2023-09-07T16:31:29.638+0000] {processor.py:157} INFO - Started process (PID=15033) to work on /home/airflow/.local/lib/python3.8/site-packages/airflow/example_dags/example_skip_dag.py
[2023-09-07T16:31:29.639+0000] {processor.py:829} INFO - Processing file /home/airflow/.local/lib/python3.8/site-packages/airflow/example_dags/example_skip_dag.py for tasks to queue
[2023-09-07T16:31:29.640+0000] {logging_mixin.py:151} INFO - [2023-09-07T16:31:29.640+0000] {dagbag.py:539} INFO - Filling up the DagBag from /home/airflow/.local/lib/python3.8/site-packages/airflow/example_dags/example_skip_dag.py
[2023-09-07T16:31:29.646+0000] {processor.py:839} INFO - DAG(s) dict_keys(['example_skip_dag']) retrieved from /home/airflow/.local/lib/python3.8/site-packages/airflow/example_dags/example_skip_dag.py
[2023-09-07T16:31:29.663+0000] {logging_mixin.py:151} INFO - [2023-09-07T16:31:29.663+0000] {dag.py:2907} INFO - Sync 1 DAGs
[2023-09-07T16:31:29.677+0000] {logging_mixin.py:151} INFO - [2023-09-07T16:31:29.677+0000] {dag.py:3677} INFO - Setting next_dagrun for example_skip_dag to 2023-09-06T16:31:29.677234+00:00, run_after=2023-09-07T16:31:29.677234+00:00
[2023-09-07T16:31:29.688+0000] {processor.py:179} INFO - Processing /home/airflow/.local/lib/python3.8/site-packages/airflow/example_dags/example_skip_dag.py took 0.052 seconds
[2023-09-07T16:32:00.496+0000] {processor.py:157} INFO - Started process (PID=15271) to work on /home/airflow/.local/lib/python3.8/site-packages/airflow/example_dags/example_skip_dag.py
[2023-09-07T16:32:00.497+0000] {processor.py:829} INFO - Processing file /home/airflow/.local/lib/python3.8/site-packages/airflow/example_dags/example_skip_dag.py for tasks to queue
[2023-09-07T16:32:00.498+0000] {logging_mixin.py:151} INFO - [2023-09-07T16:32:00.498+0000] {dagbag.py:539} INFO - Filling up the DagBag from /home/airflow/.local/lib/python3.8/site-packages/airflow/example_dags/example_skip_dag.py
[2023-09-07T16:32:00.504+0000] {processor.py:839} INFO - DAG(s) dict_keys(['example_skip_dag']) retrieved from /home/airflow/.local/lib/python3.8/site-packages/airflow/example_dags/example_skip_dag.py
[2023-09-07T16:32:00.522+0000] {logging_mixin.py:151} INFO - [2023-09-07T16:32:00.522+0000] {dag.py:2907} INFO - Sync 1 DAGs
[2023-09-07T16:32:00.537+0000] {logging_mixin.py:151} INFO - [2023-09-07T16:32:00.537+0000] {dag.py:3677} INFO - Setting next_dagrun for example_skip_dag to 2023-09-06T16:32:00.537350+00:00, run_after=2023-09-07T16:32:00.537350+00:00
[2023-09-07T16:32:00.547+0000] {processor.py:179} INFO - Processing /home/airflow/.local/lib/python3.8/site-packages/airflow/example_dags/example_skip_dag.py took 0.054 seconds
[2023-09-07T16:32:32.955+0000] {processor.py:157} INFO - Started process (PID=15509) to work on /home/airflow/.local/lib/python3.8/site-packages/airflow/example_dags/example_skip_dag.py
[2023-09-07T16:32:32.965+0000] {processor.py:829} INFO - Processing file /home/airflow/.local/lib/python3.8/site-packages/airflow/example_dags/example_skip_dag.py for tasks to queue
[2023-09-07T16:32:32.973+0000] {logging_mixin.py:151} INFO - [2023-09-07T16:32:32.970+0000] {dagbag.py:539} INFO - Filling up the DagBag from /home/airflow/.local/lib/python3.8/site-packages/airflow/example_dags/example_skip_dag.py
[2023-09-07T16:32:33.228+0000] {processor.py:839} INFO - DAG(s) dict_keys(['example_skip_dag']) retrieved from /home/airflow/.local/lib/python3.8/site-packages/airflow/example_dags/example_skip_dag.py
[2023-09-07T16:32:33.474+0000] {logging_mixin.py:151} INFO - [2023-09-07T16:32:33.472+0000] {dag.py:2907} INFO - Sync 1 DAGs
[2023-09-07T16:32:33.521+0000] {logging_mixin.py:151} INFO - [2023-09-07T16:32:33.521+0000] {dag.py:3677} INFO - Setting next_dagrun for example_skip_dag to 2023-09-06T16:32:33.519542+00:00, run_after=2023-09-07T16:32:33.519542+00:00
[2023-09-07T16:32:33.540+0000] {processor.py:179} INFO - Processing /home/airflow/.local/lib/python3.8/site-packages/airflow/example_dags/example_skip_dag.py took 0.590 seconds
