[2023-09-07T15:58:27.886+0000] {processor.py:157} INFO - Started process (PID=344) to work on /home/airflow/.local/lib/python3.8/site-packages/airflow/example_dags/example_task_group_decorator.py
[2023-09-07T15:58:27.887+0000] {processor.py:829} INFO - Processing file /home/airflow/.local/lib/python3.8/site-packages/airflow/example_dags/example_task_group_decorator.py for tasks to queue
[2023-09-07T15:58:27.888+0000] {logging_mixin.py:151} INFO - [2023-09-07T15:58:27.888+0000] {dagbag.py:539} INFO - Filling up the DagBag from /home/airflow/.local/lib/python3.8/site-packages/airflow/example_dags/example_task_group_decorator.py
[2023-09-07T15:58:27.907+0000] {processor.py:839} INFO - DAG(s) dict_keys(['example_task_group_decorator']) retrieved from /home/airflow/.local/lib/python3.8/site-packages/airflow/example_dags/example_task_group_decorator.py
[2023-09-07T15:58:27.921+0000] {logging_mixin.py:151} INFO - [2023-09-07T15:58:27.921+0000] {dag.py:2907} INFO - Sync 1 DAGs
[2023-09-07T15:58:27.936+0000] {logging_mixin.py:151} INFO - [2023-09-07T15:58:27.936+0000] {dag.py:3677} INFO - Setting next_dagrun for example_task_group_decorator to 2023-09-06T15:58:27.936194+00:00, run_after=2023-09-07T15:58:27.936194+00:00
[2023-09-07T15:58:27.947+0000] {processor.py:179} INFO - Processing /home/airflow/.local/lib/python3.8/site-packages/airflow/example_dags/example_task_group_decorator.py took 0.065 seconds
[2023-09-07T15:58:58.496+0000] {processor.py:157} INFO - Started process (PID=580) to work on /home/airflow/.local/lib/python3.8/site-packages/airflow/example_dags/example_task_group_decorator.py
[2023-09-07T15:58:58.499+0000] {processor.py:829} INFO - Processing file /home/airflow/.local/lib/python3.8/site-packages/airflow/example_dags/example_task_group_decorator.py for tasks to queue
[2023-09-07T15:58:58.501+0000] {logging_mixin.py:151} INFO - [2023-09-07T15:58:58.501+0000] {dagbag.py:539} INFO - Filling up the DagBag from /home/airflow/.local/lib/python3.8/site-packages/airflow/example_dags/example_task_group_decorator.py
[2023-09-07T15:58:58.532+0000] {processor.py:839} INFO - DAG(s) dict_keys(['example_task_group_decorator']) retrieved from /home/airflow/.local/lib/python3.8/site-packages/airflow/example_dags/example_task_group_decorator.py
[2023-09-07T15:58:58.561+0000] {logging_mixin.py:151} INFO - [2023-09-07T15:58:58.560+0000] {dag.py:2907} INFO - Sync 1 DAGs
[2023-09-07T15:58:58.698+0000] {logging_mixin.py:151} INFO - [2023-09-07T15:58:58.698+0000] {dag.py:3677} INFO - Setting next_dagrun for example_task_group_decorator to 2023-09-06T15:58:58.698181+00:00, run_after=2023-09-07T15:58:58.698181+00:00
[2023-09-07T15:58:58.708+0000] {processor.py:179} INFO - Processing /home/airflow/.local/lib/python3.8/site-packages/airflow/example_dags/example_task_group_decorator.py took 0.219 seconds
[2023-09-07T15:59:30.786+0000] {processor.py:157} INFO - Started process (PID=818) to work on /home/airflow/.local/lib/python3.8/site-packages/airflow/example_dags/example_task_group_decorator.py
[2023-09-07T15:59:30.789+0000] {processor.py:829} INFO - Processing file /home/airflow/.local/lib/python3.8/site-packages/airflow/example_dags/example_task_group_decorator.py for tasks to queue
[2023-09-07T15:59:30.791+0000] {logging_mixin.py:151} INFO - [2023-09-07T15:59:30.790+0000] {dagbag.py:539} INFO - Filling up the DagBag from /home/airflow/.local/lib/python3.8/site-packages/airflow/example_dags/example_task_group_decorator.py
[2023-09-07T15:59:30.825+0000] {processor.py:839} INFO - DAG(s) dict_keys(['example_task_group_decorator']) retrieved from /home/airflow/.local/lib/python3.8/site-packages/airflow/example_dags/example_task_group_decorator.py
[2023-09-07T15:59:30.859+0000] {logging_mixin.py:151} INFO - [2023-09-07T15:59:30.859+0000] {dag.py:2907} INFO - Sync 1 DAGs
[2023-09-07T15:59:30.878+0000] {logging_mixin.py:151} INFO - [2023-09-07T15:59:30.878+0000] {dag.py:3677} INFO - Setting next_dagrun for example_task_group_decorator to 2023-09-06T15:59:30.878136+00:00, run_after=2023-09-07T15:59:30.878136+00:00
[2023-09-07T15:59:30.893+0000] {processor.py:179} INFO - Processing /home/airflow/.local/lib/python3.8/site-packages/airflow/example_dags/example_task_group_decorator.py took 0.112 seconds
[2023-09-07T16:00:01.870+0000] {processor.py:157} INFO - Started process (PID=1056) to work on /home/airflow/.local/lib/python3.8/site-packages/airflow/example_dags/example_task_group_decorator.py
[2023-09-07T16:00:01.871+0000] {processor.py:829} INFO - Processing file /home/airflow/.local/lib/python3.8/site-packages/airflow/example_dags/example_task_group_decorator.py for tasks to queue
[2023-09-07T16:00:01.872+0000] {logging_mixin.py:151} INFO - [2023-09-07T16:00:01.872+0000] {dagbag.py:539} INFO - Filling up the DagBag from /home/airflow/.local/lib/python3.8/site-packages/airflow/example_dags/example_task_group_decorator.py
[2023-09-07T16:00:01.883+0000] {processor.py:839} INFO - DAG(s) dict_keys(['example_task_group_decorator']) retrieved from /home/airflow/.local/lib/python3.8/site-packages/airflow/example_dags/example_task_group_decorator.py
[2023-09-07T16:00:01.901+0000] {logging_mixin.py:151} INFO - [2023-09-07T16:00:01.901+0000] {dag.py:2907} INFO - Sync 1 DAGs
[2023-09-07T16:00:01.920+0000] {logging_mixin.py:151} INFO - [2023-09-07T16:00:01.919+0000] {dag.py:3677} INFO - Setting next_dagrun for example_task_group_decorator to 2023-09-06T16:00:01.919594+00:00, run_after=2023-09-07T16:00:01.919594+00:00
[2023-09-07T16:00:01.939+0000] {processor.py:179} INFO - Processing /home/airflow/.local/lib/python3.8/site-packages/airflow/example_dags/example_task_group_decorator.py took 0.072 seconds
[2023-09-07T16:00:37.916+0000] {processor.py:157} INFO - Started process (PID=1295) to work on /home/airflow/.local/lib/python3.8/site-packages/airflow/example_dags/example_task_group_decorator.py
[2023-09-07T16:00:37.918+0000] {processor.py:829} INFO - Processing file /home/airflow/.local/lib/python3.8/site-packages/airflow/example_dags/example_task_group_decorator.py for tasks to queue
[2023-09-07T16:00:37.918+0000] {logging_mixin.py:151} INFO - [2023-09-07T16:00:37.918+0000] {dagbag.py:539} INFO - Filling up the DagBag from /home/airflow/.local/lib/python3.8/site-packages/airflow/example_dags/example_task_group_decorator.py
[2023-09-07T16:00:37.929+0000] {processor.py:839} INFO - DAG(s) dict_keys(['example_task_group_decorator']) retrieved from /home/airflow/.local/lib/python3.8/site-packages/airflow/example_dags/example_task_group_decorator.py
[2023-09-07T16:00:37.949+0000] {logging_mixin.py:151} INFO - [2023-09-07T16:00:37.949+0000] {dag.py:2907} INFO - Sync 1 DAGs
[2023-09-07T16:00:37.965+0000] {logging_mixin.py:151} INFO - [2023-09-07T16:00:37.965+0000] {dag.py:3677} INFO - Setting next_dagrun for example_task_group_decorator to 2023-09-06T16:00:37.965160+00:00, run_after=2023-09-07T16:00:37.965160+00:00
[2023-09-07T16:00:37.984+0000] {processor.py:179} INFO - Processing /home/airflow/.local/lib/python3.8/site-packages/airflow/example_dags/example_task_group_decorator.py took 0.071 seconds
[2023-09-07T16:01:08.727+0000] {processor.py:157} INFO - Started process (PID=1555) to work on /home/airflow/.local/lib/python3.8/site-packages/airflow/example_dags/example_task_group_decorator.py
[2023-09-07T16:01:08.728+0000] {processor.py:829} INFO - Processing file /home/airflow/.local/lib/python3.8/site-packages/airflow/example_dags/example_task_group_decorator.py for tasks to queue
[2023-09-07T16:01:08.729+0000] {logging_mixin.py:151} INFO - [2023-09-07T16:01:08.729+0000] {dagbag.py:539} INFO - Filling up the DagBag from /home/airflow/.local/lib/python3.8/site-packages/airflow/example_dags/example_task_group_decorator.py
[2023-09-07T16:01:08.741+0000] {processor.py:839} INFO - DAG(s) dict_keys(['example_task_group_decorator']) retrieved from /home/airflow/.local/lib/python3.8/site-packages/airflow/example_dags/example_task_group_decorator.py
[2023-09-07T16:01:08.763+0000] {logging_mixin.py:151} INFO - [2023-09-07T16:01:08.762+0000] {dag.py:2907} INFO - Sync 1 DAGs
[2023-09-07T16:01:08.777+0000] {logging_mixin.py:151} INFO - [2023-09-07T16:01:08.777+0000] {dag.py:3677} INFO - Setting next_dagrun for example_task_group_decorator to 2023-09-06T16:01:08.776863+00:00, run_after=2023-09-07T16:01:08.776863+00:00
[2023-09-07T16:01:08.790+0000] {processor.py:179} INFO - Processing /home/airflow/.local/lib/python3.8/site-packages/airflow/example_dags/example_task_group_decorator.py took 0.067 seconds
[2023-09-07T16:01:39.437+0000] {processor.py:157} INFO - Started process (PID=1793) to work on /home/airflow/.local/lib/python3.8/site-packages/airflow/example_dags/example_task_group_decorator.py
[2023-09-07T16:01:39.438+0000] {processor.py:829} INFO - Processing file /home/airflow/.local/lib/python3.8/site-packages/airflow/example_dags/example_task_group_decorator.py for tasks to queue
[2023-09-07T16:01:39.439+0000] {logging_mixin.py:151} INFO - [2023-09-07T16:01:39.439+0000] {dagbag.py:539} INFO - Filling up the DagBag from /home/airflow/.local/lib/python3.8/site-packages/airflow/example_dags/example_task_group_decorator.py
[2023-09-07T16:01:39.452+0000] {processor.py:839} INFO - DAG(s) dict_keys(['example_task_group_decorator']) retrieved from /home/airflow/.local/lib/python3.8/site-packages/airflow/example_dags/example_task_group_decorator.py
[2023-09-07T16:01:39.479+0000] {logging_mixin.py:151} INFO - [2023-09-07T16:01:39.478+0000] {dag.py:2907} INFO - Sync 1 DAGs
[2023-09-07T16:01:39.509+0000] {logging_mixin.py:151} INFO - [2023-09-07T16:01:39.509+0000] {dag.py:3677} INFO - Setting next_dagrun for example_task_group_decorator to 2023-09-06T16:01:39.509027+00:00, run_after=2023-09-07T16:01:39.509027+00:00
[2023-09-07T16:01:39.525+0000] {processor.py:179} INFO - Processing /home/airflow/.local/lib/python3.8/site-packages/airflow/example_dags/example_task_group_decorator.py took 0.091 seconds
[2023-09-07T16:02:10.692+0000] {processor.py:157} INFO - Started process (PID=2031) to work on /home/airflow/.local/lib/python3.8/site-packages/airflow/example_dags/example_task_group_decorator.py
[2023-09-07T16:02:10.694+0000] {processor.py:829} INFO - Processing file /home/airflow/.local/lib/python3.8/site-packages/airflow/example_dags/example_task_group_decorator.py for tasks to queue
[2023-09-07T16:02:10.695+0000] {logging_mixin.py:151} INFO - [2023-09-07T16:02:10.694+0000] {dagbag.py:539} INFO - Filling up the DagBag from /home/airflow/.local/lib/python3.8/site-packages/airflow/example_dags/example_task_group_decorator.py
[2023-09-07T16:02:10.705+0000] {processor.py:839} INFO - DAG(s) dict_keys(['example_task_group_decorator']) retrieved from /home/airflow/.local/lib/python3.8/site-packages/airflow/example_dags/example_task_group_decorator.py
[2023-09-07T16:02:10.732+0000] {logging_mixin.py:151} INFO - [2023-09-07T16:02:10.732+0000] {dag.py:2907} INFO - Sync 1 DAGs
[2023-09-07T16:02:10.752+0000] {logging_mixin.py:151} INFO - [2023-09-07T16:02:10.752+0000] {dag.py:3677} INFO - Setting next_dagrun for example_task_group_decorator to 2023-09-06T16:02:10.751881+00:00, run_after=2023-09-07T16:02:10.751881+00:00
[2023-09-07T16:02:10.766+0000] {processor.py:179} INFO - Processing /home/airflow/.local/lib/python3.8/site-packages/airflow/example_dags/example_task_group_decorator.py took 0.077 seconds
[2023-09-07T16:02:41.711+0000] {processor.py:157} INFO - Started process (PID=2269) to work on /home/airflow/.local/lib/python3.8/site-packages/airflow/example_dags/example_task_group_decorator.py
[2023-09-07T16:02:41.713+0000] {processor.py:829} INFO - Processing file /home/airflow/.local/lib/python3.8/site-packages/airflow/example_dags/example_task_group_decorator.py for tasks to queue
[2023-09-07T16:02:41.714+0000] {logging_mixin.py:151} INFO - [2023-09-07T16:02:41.714+0000] {dagbag.py:539} INFO - Filling up the DagBag from /home/airflow/.local/lib/python3.8/site-packages/airflow/example_dags/example_task_group_decorator.py
[2023-09-07T16:02:41.729+0000] {processor.py:839} INFO - DAG(s) dict_keys(['example_task_group_decorator']) retrieved from /home/airflow/.local/lib/python3.8/site-packages/airflow/example_dags/example_task_group_decorator.py
[2023-09-07T16:02:41.754+0000] {logging_mixin.py:151} INFO - [2023-09-07T16:02:41.754+0000] {dag.py:2907} INFO - Sync 1 DAGs
[2023-09-07T16:02:41.789+0000] {logging_mixin.py:151} INFO - [2023-09-07T16:02:41.789+0000] {dag.py:3677} INFO - Setting next_dagrun for example_task_group_decorator to 2023-09-06T16:02:41.788728+00:00, run_after=2023-09-07T16:02:41.788728+00:00
[2023-09-07T16:02:41.804+0000] {processor.py:179} INFO - Processing /home/airflow/.local/lib/python3.8/site-packages/airflow/example_dags/example_task_group_decorator.py took 0.096 seconds
[2023-09-07T16:03:12.094+0000] {processor.py:157} INFO - Started process (PID=2507) to work on /home/airflow/.local/lib/python3.8/site-packages/airflow/example_dags/example_task_group_decorator.py
[2023-09-07T16:03:12.095+0000] {processor.py:829} INFO - Processing file /home/airflow/.local/lib/python3.8/site-packages/airflow/example_dags/example_task_group_decorator.py for tasks to queue
[2023-09-07T16:03:12.097+0000] {logging_mixin.py:151} INFO - [2023-09-07T16:03:12.096+0000] {dagbag.py:539} INFO - Filling up the DagBag from /home/airflow/.local/lib/python3.8/site-packages/airflow/example_dags/example_task_group_decorator.py
[2023-09-07T16:03:12.108+0000] {processor.py:839} INFO - DAG(s) dict_keys(['example_task_group_decorator']) retrieved from /home/airflow/.local/lib/python3.8/site-packages/airflow/example_dags/example_task_group_decorator.py
[2023-09-07T16:03:12.139+0000] {logging_mixin.py:151} INFO - [2023-09-07T16:03:12.139+0000] {dag.py:2907} INFO - Sync 1 DAGs
[2023-09-07T16:03:12.157+0000] {logging_mixin.py:151} INFO - [2023-09-07T16:03:12.156+0000] {dag.py:3677} INFO - Setting next_dagrun for example_task_group_decorator to 2023-09-06T16:03:12.156676+00:00, run_after=2023-09-07T16:03:12.156676+00:00
[2023-09-07T16:03:12.168+0000] {processor.py:179} INFO - Processing /home/airflow/.local/lib/python3.8/site-packages/airflow/example_dags/example_task_group_decorator.py took 0.077 seconds
[2023-09-07T16:03:43.138+0000] {processor.py:157} INFO - Started process (PID=2745) to work on /home/airflow/.local/lib/python3.8/site-packages/airflow/example_dags/example_task_group_decorator.py
[2023-09-07T16:03:43.139+0000] {processor.py:829} INFO - Processing file /home/airflow/.local/lib/python3.8/site-packages/airflow/example_dags/example_task_group_decorator.py for tasks to queue
[2023-09-07T16:03:43.140+0000] {logging_mixin.py:151} INFO - [2023-09-07T16:03:43.140+0000] {dagbag.py:539} INFO - Filling up the DagBag from /home/airflow/.local/lib/python3.8/site-packages/airflow/example_dags/example_task_group_decorator.py
[2023-09-07T16:03:43.151+0000] {processor.py:839} INFO - DAG(s) dict_keys(['example_task_group_decorator']) retrieved from /home/airflow/.local/lib/python3.8/site-packages/airflow/example_dags/example_task_group_decorator.py
[2023-09-07T16:03:43.170+0000] {logging_mixin.py:151} INFO - [2023-09-07T16:03:43.170+0000] {dag.py:2907} INFO - Sync 1 DAGs
[2023-09-07T16:03:43.184+0000] {logging_mixin.py:151} INFO - [2023-09-07T16:03:43.184+0000] {dag.py:3677} INFO - Setting next_dagrun for example_task_group_decorator to 2023-09-06T16:03:43.184332+00:00, run_after=2023-09-07T16:03:43.184332+00:00
[2023-09-07T16:03:43.196+0000] {processor.py:179} INFO - Processing /home/airflow/.local/lib/python3.8/site-packages/airflow/example_dags/example_task_group_decorator.py took 0.061 seconds
[2023-09-07T16:04:13.917+0000] {processor.py:157} INFO - Started process (PID=2983) to work on /home/airflow/.local/lib/python3.8/site-packages/airflow/example_dags/example_task_group_decorator.py
[2023-09-07T16:04:13.919+0000] {processor.py:829} INFO - Processing file /home/airflow/.local/lib/python3.8/site-packages/airflow/example_dags/example_task_group_decorator.py for tasks to queue
[2023-09-07T16:04:13.920+0000] {logging_mixin.py:151} INFO - [2023-09-07T16:04:13.920+0000] {dagbag.py:539} INFO - Filling up the DagBag from /home/airflow/.local/lib/python3.8/site-packages/airflow/example_dags/example_task_group_decorator.py
[2023-09-07T16:04:13.934+0000] {processor.py:839} INFO - DAG(s) dict_keys(['example_task_group_decorator']) retrieved from /home/airflow/.local/lib/python3.8/site-packages/airflow/example_dags/example_task_group_decorator.py
[2023-09-07T16:04:13.968+0000] {logging_mixin.py:151} INFO - [2023-09-07T16:04:13.968+0000] {dag.py:2907} INFO - Sync 1 DAGs
[2023-09-07T16:04:13.987+0000] {logging_mixin.py:151} INFO - [2023-09-07T16:04:13.987+0000] {dag.py:3677} INFO - Setting next_dagrun for example_task_group_decorator to 2023-09-06T16:04:13.987326+00:00, run_after=2023-09-07T16:04:13.987326+00:00
[2023-09-07T16:04:14.000+0000] {processor.py:179} INFO - Processing /home/airflow/.local/lib/python3.8/site-packages/airflow/example_dags/example_task_group_decorator.py took 0.086 seconds
[2023-09-07T16:04:44.226+0000] {processor.py:157} INFO - Started process (PID=3216) to work on /home/airflow/.local/lib/python3.8/site-packages/airflow/example_dags/example_task_group_decorator.py
[2023-09-07T16:04:44.228+0000] {processor.py:829} INFO - Processing file /home/airflow/.local/lib/python3.8/site-packages/airflow/example_dags/example_task_group_decorator.py for tasks to queue
[2023-09-07T16:04:44.229+0000] {logging_mixin.py:151} INFO - [2023-09-07T16:04:44.229+0000] {dagbag.py:539} INFO - Filling up the DagBag from /home/airflow/.local/lib/python3.8/site-packages/airflow/example_dags/example_task_group_decorator.py
[2023-09-07T16:04:44.242+0000] {processor.py:839} INFO - DAG(s) dict_keys(['example_task_group_decorator']) retrieved from /home/airflow/.local/lib/python3.8/site-packages/airflow/example_dags/example_task_group_decorator.py
[2023-09-07T16:04:44.268+0000] {logging_mixin.py:151} INFO - [2023-09-07T16:04:44.267+0000] {dag.py:2907} INFO - Sync 1 DAGs
[2023-09-07T16:04:44.289+0000] {logging_mixin.py:151} INFO - [2023-09-07T16:04:44.289+0000] {dag.py:3677} INFO - Setting next_dagrun for example_task_group_decorator to 2023-09-06T16:04:44.288868+00:00, run_after=2023-09-07T16:04:44.288868+00:00
[2023-09-07T16:04:44.302+0000] {processor.py:179} INFO - Processing /home/airflow/.local/lib/python3.8/site-packages/airflow/example_dags/example_task_group_decorator.py took 0.080 seconds
[2023-09-07T16:05:14.588+0000] {processor.py:157} INFO - Started process (PID=3454) to work on /home/airflow/.local/lib/python3.8/site-packages/airflow/example_dags/example_task_group_decorator.py
[2023-09-07T16:05:14.590+0000] {processor.py:829} INFO - Processing file /home/airflow/.local/lib/python3.8/site-packages/airflow/example_dags/example_task_group_decorator.py for tasks to queue
[2023-09-07T16:05:14.591+0000] {logging_mixin.py:151} INFO - [2023-09-07T16:05:14.590+0000] {dagbag.py:539} INFO - Filling up the DagBag from /home/airflow/.local/lib/python3.8/site-packages/airflow/example_dags/example_task_group_decorator.py
[2023-09-07T16:05:14.601+0000] {processor.py:839} INFO - DAG(s) dict_keys(['example_task_group_decorator']) retrieved from /home/airflow/.local/lib/python3.8/site-packages/airflow/example_dags/example_task_group_decorator.py
[2023-09-07T16:05:14.621+0000] {logging_mixin.py:151} INFO - [2023-09-07T16:05:14.621+0000] {dag.py:2907} INFO - Sync 1 DAGs
[2023-09-07T16:05:14.634+0000] {logging_mixin.py:151} INFO - [2023-09-07T16:05:14.634+0000] {dag.py:3677} INFO - Setting next_dagrun for example_task_group_decorator to 2023-09-06T16:05:14.634420+00:00, run_after=2023-09-07T16:05:14.634420+00:00
[2023-09-07T16:05:14.649+0000] {processor.py:179} INFO - Processing /home/airflow/.local/lib/python3.8/site-packages/airflow/example_dags/example_task_group_decorator.py took 0.063 seconds
[2023-09-07T16:05:45.101+0000] {processor.py:157} INFO - Started process (PID=3695) to work on /home/airflow/.local/lib/python3.8/site-packages/airflow/example_dags/example_task_group_decorator.py
[2023-09-07T16:05:45.102+0000] {processor.py:829} INFO - Processing file /home/airflow/.local/lib/python3.8/site-packages/airflow/example_dags/example_task_group_decorator.py for tasks to queue
[2023-09-07T16:05:45.103+0000] {logging_mixin.py:151} INFO - [2023-09-07T16:05:45.103+0000] {dagbag.py:539} INFO - Filling up the DagBag from /home/airflow/.local/lib/python3.8/site-packages/airflow/example_dags/example_task_group_decorator.py
[2023-09-07T16:05:45.115+0000] {processor.py:839} INFO - DAG(s) dict_keys(['example_task_group_decorator']) retrieved from /home/airflow/.local/lib/python3.8/site-packages/airflow/example_dags/example_task_group_decorator.py
[2023-09-07T16:05:45.135+0000] {logging_mixin.py:151} INFO - [2023-09-07T16:05:45.135+0000] {dag.py:2907} INFO - Sync 1 DAGs
[2023-09-07T16:05:45.149+0000] {logging_mixin.py:151} INFO - [2023-09-07T16:05:45.149+0000] {dag.py:3677} INFO - Setting next_dagrun for example_task_group_decorator to 2023-09-06T16:05:45.149066+00:00, run_after=2023-09-07T16:05:45.149066+00:00
[2023-09-07T16:05:45.162+0000] {processor.py:179} INFO - Processing /home/airflow/.local/lib/python3.8/site-packages/airflow/example_dags/example_task_group_decorator.py took 0.065 seconds
[2023-09-07T16:06:15.482+0000] {processor.py:157} INFO - Started process (PID=3933) to work on /home/airflow/.local/lib/python3.8/site-packages/airflow/example_dags/example_task_group_decorator.py
[2023-09-07T16:06:15.484+0000] {processor.py:829} INFO - Processing file /home/airflow/.local/lib/python3.8/site-packages/airflow/example_dags/example_task_group_decorator.py for tasks to queue
[2023-09-07T16:06:15.486+0000] {logging_mixin.py:151} INFO - [2023-09-07T16:06:15.485+0000] {dagbag.py:539} INFO - Filling up the DagBag from /home/airflow/.local/lib/python3.8/site-packages/airflow/example_dags/example_task_group_decorator.py
[2023-09-07T16:06:15.503+0000] {processor.py:839} INFO - DAG(s) dict_keys(['example_task_group_decorator']) retrieved from /home/airflow/.local/lib/python3.8/site-packages/airflow/example_dags/example_task_group_decorator.py
[2023-09-07T16:06:15.591+0000] {logging_mixin.py:151} INFO - [2023-09-07T16:06:15.591+0000] {dag.py:2907} INFO - Sync 1 DAGs
[2023-09-07T16:06:15.614+0000] {logging_mixin.py:151} INFO - [2023-09-07T16:06:15.614+0000] {dag.py:3677} INFO - Setting next_dagrun for example_task_group_decorator to 2023-09-06T16:06:15.613892+00:00, run_after=2023-09-07T16:06:15.613892+00:00
[2023-09-07T16:06:15.639+0000] {processor.py:179} INFO - Processing /home/airflow/.local/lib/python3.8/site-packages/airflow/example_dags/example_task_group_decorator.py took 0.161 seconds
[2023-09-07T16:06:46.816+0000] {processor.py:157} INFO - Started process (PID=4178) to work on /home/airflow/.local/lib/python3.8/site-packages/airflow/example_dags/example_task_group_decorator.py
[2023-09-07T16:06:46.820+0000] {processor.py:829} INFO - Processing file /home/airflow/.local/lib/python3.8/site-packages/airflow/example_dags/example_task_group_decorator.py for tasks to queue
[2023-09-07T16:06:46.826+0000] {logging_mixin.py:151} INFO - [2023-09-07T16:06:46.823+0000] {dagbag.py:539} INFO - Filling up the DagBag from /home/airflow/.local/lib/python3.8/site-packages/airflow/example_dags/example_task_group_decorator.py
[2023-09-07T16:06:46.851+0000] {processor.py:839} INFO - DAG(s) dict_keys(['example_task_group_decorator']) retrieved from /home/airflow/.local/lib/python3.8/site-packages/airflow/example_dags/example_task_group_decorator.py
[2023-09-07T16:06:46.910+0000] {logging_mixin.py:151} INFO - [2023-09-07T16:06:46.910+0000] {dag.py:2907} INFO - Sync 1 DAGs
[2023-09-07T16:06:46.987+0000] {logging_mixin.py:151} INFO - [2023-09-07T16:06:46.986+0000] {dag.py:3677} INFO - Setting next_dagrun for example_task_group_decorator to 2023-09-06T16:06:46.983431+00:00, run_after=2023-09-07T16:06:46.983431+00:00
[2023-09-07T16:06:47.082+0000] {processor.py:179} INFO - Processing /home/airflow/.local/lib/python3.8/site-packages/airflow/example_dags/example_task_group_decorator.py took 0.276 seconds
[2023-09-07T16:07:17.821+0000] {processor.py:157} INFO - Started process (PID=4416) to work on /home/airflow/.local/lib/python3.8/site-packages/airflow/example_dags/example_task_group_decorator.py
[2023-09-07T16:07:17.822+0000] {processor.py:829} INFO - Processing file /home/airflow/.local/lib/python3.8/site-packages/airflow/example_dags/example_task_group_decorator.py for tasks to queue
[2023-09-07T16:07:17.823+0000] {logging_mixin.py:151} INFO - [2023-09-07T16:07:17.823+0000] {dagbag.py:539} INFO - Filling up the DagBag from /home/airflow/.local/lib/python3.8/site-packages/airflow/example_dags/example_task_group_decorator.py
[2023-09-07T16:07:17.835+0000] {processor.py:839} INFO - DAG(s) dict_keys(['example_task_group_decorator']) retrieved from /home/airflow/.local/lib/python3.8/site-packages/airflow/example_dags/example_task_group_decorator.py
[2023-09-07T16:07:17.883+0000] {logging_mixin.py:151} INFO - [2023-09-07T16:07:17.883+0000] {dag.py:2907} INFO - Sync 1 DAGs
[2023-09-07T16:07:17.902+0000] {logging_mixin.py:151} INFO - [2023-09-07T16:07:17.902+0000] {dag.py:3677} INFO - Setting next_dagrun for example_task_group_decorator to 2023-09-06T16:07:17.902248+00:00, run_after=2023-09-07T16:07:17.902248+00:00
[2023-09-07T16:07:17.917+0000] {processor.py:179} INFO - Processing /home/airflow/.local/lib/python3.8/site-packages/airflow/example_dags/example_task_group_decorator.py took 0.099 seconds
[2023-09-07T16:07:47.962+0000] {processor.py:157} INFO - Started process (PID=4654) to work on /home/airflow/.local/lib/python3.8/site-packages/airflow/example_dags/example_task_group_decorator.py
[2023-09-07T16:07:47.963+0000] {processor.py:829} INFO - Processing file /home/airflow/.local/lib/python3.8/site-packages/airflow/example_dags/example_task_group_decorator.py for tasks to queue
[2023-09-07T16:07:47.964+0000] {logging_mixin.py:151} INFO - [2023-09-07T16:07:47.964+0000] {dagbag.py:539} INFO - Filling up the DagBag from /home/airflow/.local/lib/python3.8/site-packages/airflow/example_dags/example_task_group_decorator.py
[2023-09-07T16:07:47.975+0000] {processor.py:839} INFO - DAG(s) dict_keys(['example_task_group_decorator']) retrieved from /home/airflow/.local/lib/python3.8/site-packages/airflow/example_dags/example_task_group_decorator.py
[2023-09-07T16:07:47.999+0000] {logging_mixin.py:151} INFO - [2023-09-07T16:07:47.999+0000] {dag.py:2907} INFO - Sync 1 DAGs
[2023-09-07T16:07:48.013+0000] {logging_mixin.py:151} INFO - [2023-09-07T16:07:48.013+0000] {dag.py:3677} INFO - Setting next_dagrun for example_task_group_decorator to 2023-09-06T16:07:48.013493+00:00, run_after=2023-09-07T16:07:48.013493+00:00
[2023-09-07T16:07:48.028+0000] {processor.py:179} INFO - Processing /home/airflow/.local/lib/python3.8/site-packages/airflow/example_dags/example_task_group_decorator.py took 0.069 seconds
[2023-09-07T16:08:18.467+0000] {processor.py:157} INFO - Started process (PID=4890) to work on /home/airflow/.local/lib/python3.8/site-packages/airflow/example_dags/example_task_group_decorator.py
[2023-09-07T16:08:18.469+0000] {processor.py:829} INFO - Processing file /home/airflow/.local/lib/python3.8/site-packages/airflow/example_dags/example_task_group_decorator.py for tasks to queue
[2023-09-07T16:08:18.470+0000] {logging_mixin.py:151} INFO - [2023-09-07T16:08:18.470+0000] {dagbag.py:539} INFO - Filling up the DagBag from /home/airflow/.local/lib/python3.8/site-packages/airflow/example_dags/example_task_group_decorator.py
[2023-09-07T16:08:18.487+0000] {processor.py:839} INFO - DAG(s) dict_keys(['example_task_group_decorator']) retrieved from /home/airflow/.local/lib/python3.8/site-packages/airflow/example_dags/example_task_group_decorator.py
[2023-09-07T16:08:18.514+0000] {logging_mixin.py:151} INFO - [2023-09-07T16:08:18.514+0000] {dag.py:2907} INFO - Sync 1 DAGs
[2023-09-07T16:08:18.537+0000] {logging_mixin.py:151} INFO - [2023-09-07T16:08:18.537+0000] {dag.py:3677} INFO - Setting next_dagrun for example_task_group_decorator to 2023-09-06T16:08:18.537055+00:00, run_after=2023-09-07T16:08:18.537055+00:00
[2023-09-07T16:08:18.550+0000] {processor.py:179} INFO - Processing /home/airflow/.local/lib/python3.8/site-packages/airflow/example_dags/example_task_group_decorator.py took 0.087 seconds
[2023-09-07T16:08:49.604+0000] {processor.py:157} INFO - Started process (PID=5128) to work on /home/airflow/.local/lib/python3.8/site-packages/airflow/example_dags/example_task_group_decorator.py
[2023-09-07T16:08:49.606+0000] {processor.py:829} INFO - Processing file /home/airflow/.local/lib/python3.8/site-packages/airflow/example_dags/example_task_group_decorator.py for tasks to queue
[2023-09-07T16:08:49.608+0000] {logging_mixin.py:151} INFO - [2023-09-07T16:08:49.608+0000] {dagbag.py:539} INFO - Filling up the DagBag from /home/airflow/.local/lib/python3.8/site-packages/airflow/example_dags/example_task_group_decorator.py
[2023-09-07T16:08:49.620+0000] {processor.py:839} INFO - DAG(s) dict_keys(['example_task_group_decorator']) retrieved from /home/airflow/.local/lib/python3.8/site-packages/airflow/example_dags/example_task_group_decorator.py
[2023-09-07T16:08:49.647+0000] {logging_mixin.py:151} INFO - [2023-09-07T16:08:49.647+0000] {dag.py:2907} INFO - Sync 1 DAGs
[2023-09-07T16:08:49.661+0000] {logging_mixin.py:151} INFO - [2023-09-07T16:08:49.660+0000] {dag.py:3677} INFO - Setting next_dagrun for example_task_group_decorator to 2023-09-06T16:08:49.660716+00:00, run_after=2023-09-07T16:08:49.660716+00:00
[2023-09-07T16:08:49.673+0000] {processor.py:179} INFO - Processing /home/airflow/.local/lib/python3.8/site-packages/airflow/example_dags/example_task_group_decorator.py took 0.075 seconds
[2023-09-07T16:09:20.533+0000] {processor.py:157} INFO - Started process (PID=5366) to work on /home/airflow/.local/lib/python3.8/site-packages/airflow/example_dags/example_task_group_decorator.py
[2023-09-07T16:09:20.534+0000] {processor.py:829} INFO - Processing file /home/airflow/.local/lib/python3.8/site-packages/airflow/example_dags/example_task_group_decorator.py for tasks to queue
[2023-09-07T16:09:20.535+0000] {logging_mixin.py:151} INFO - [2023-09-07T16:09:20.535+0000] {dagbag.py:539} INFO - Filling up the DagBag from /home/airflow/.local/lib/python3.8/site-packages/airflow/example_dags/example_task_group_decorator.py
[2023-09-07T16:09:20.546+0000] {processor.py:839} INFO - DAG(s) dict_keys(['example_task_group_decorator']) retrieved from /home/airflow/.local/lib/python3.8/site-packages/airflow/example_dags/example_task_group_decorator.py
[2023-09-07T16:09:20.567+0000] {logging_mixin.py:151} INFO - [2023-09-07T16:09:20.566+0000] {dag.py:2907} INFO - Sync 1 DAGs
[2023-09-07T16:09:20.580+0000] {logging_mixin.py:151} INFO - [2023-09-07T16:09:20.580+0000] {dag.py:3677} INFO - Setting next_dagrun for example_task_group_decorator to 2023-09-06T16:09:20.580441+00:00, run_after=2023-09-07T16:09:20.580441+00:00
[2023-09-07T16:09:20.593+0000] {processor.py:179} INFO - Processing /home/airflow/.local/lib/python3.8/site-packages/airflow/example_dags/example_task_group_decorator.py took 0.063 seconds
[2023-09-07T16:09:50.965+0000] {processor.py:157} INFO - Started process (PID=5604) to work on /home/airflow/.local/lib/python3.8/site-packages/airflow/example_dags/example_task_group_decorator.py
[2023-09-07T16:09:50.967+0000] {processor.py:829} INFO - Processing file /home/airflow/.local/lib/python3.8/site-packages/airflow/example_dags/example_task_group_decorator.py for tasks to queue
[2023-09-07T16:09:50.969+0000] {logging_mixin.py:151} INFO - [2023-09-07T16:09:50.968+0000] {dagbag.py:539} INFO - Filling up the DagBag from /home/airflow/.local/lib/python3.8/site-packages/airflow/example_dags/example_task_group_decorator.py
[2023-09-07T16:09:50.980+0000] {processor.py:839} INFO - DAG(s) dict_keys(['example_task_group_decorator']) retrieved from /home/airflow/.local/lib/python3.8/site-packages/airflow/example_dags/example_task_group_decorator.py
[2023-09-07T16:09:51.003+0000] {logging_mixin.py:151} INFO - [2023-09-07T16:09:51.003+0000] {dag.py:2907} INFO - Sync 1 DAGs
[2023-09-07T16:09:51.019+0000] {logging_mixin.py:151} INFO - [2023-09-07T16:09:51.018+0000] {dag.py:3677} INFO - Setting next_dagrun for example_task_group_decorator to 2023-09-06T16:09:51.018637+00:00, run_after=2023-09-07T16:09:51.018637+00:00
[2023-09-07T16:09:51.031+0000] {processor.py:179} INFO - Processing /home/airflow/.local/lib/python3.8/site-packages/airflow/example_dags/example_task_group_decorator.py took 0.072 seconds
[2023-09-07T16:10:22.036+0000] {processor.py:157} INFO - Started process (PID=5841) to work on /home/airflow/.local/lib/python3.8/site-packages/airflow/example_dags/example_task_group_decorator.py
[2023-09-07T16:10:22.038+0000] {processor.py:829} INFO - Processing file /home/airflow/.local/lib/python3.8/site-packages/airflow/example_dags/example_task_group_decorator.py for tasks to queue
[2023-09-07T16:10:22.039+0000] {logging_mixin.py:151} INFO - [2023-09-07T16:10:22.039+0000] {dagbag.py:539} INFO - Filling up the DagBag from /home/airflow/.local/lib/python3.8/site-packages/airflow/example_dags/example_task_group_decorator.py
[2023-09-07T16:10:22.051+0000] {processor.py:839} INFO - DAG(s) dict_keys(['example_task_group_decorator']) retrieved from /home/airflow/.local/lib/python3.8/site-packages/airflow/example_dags/example_task_group_decorator.py
[2023-09-07T16:10:22.070+0000] {logging_mixin.py:151} INFO - [2023-09-07T16:10:22.070+0000] {dag.py:2907} INFO - Sync 1 DAGs
[2023-09-07T16:10:22.084+0000] {logging_mixin.py:151} INFO - [2023-09-07T16:10:22.084+0000] {dag.py:3677} INFO - Setting next_dagrun for example_task_group_decorator to 2023-09-06T16:10:22.084020+00:00, run_after=2023-09-07T16:10:22.084020+00:00
[2023-09-07T16:10:22.096+0000] {processor.py:179} INFO - Processing /home/airflow/.local/lib/python3.8/site-packages/airflow/example_dags/example_task_group_decorator.py took 0.063 seconds
[2023-09-07T16:10:52.988+0000] {processor.py:157} INFO - Started process (PID=6079) to work on /home/airflow/.local/lib/python3.8/site-packages/airflow/example_dags/example_task_group_decorator.py
[2023-09-07T16:10:52.990+0000] {processor.py:829} INFO - Processing file /home/airflow/.local/lib/python3.8/site-packages/airflow/example_dags/example_task_group_decorator.py for tasks to queue
[2023-09-07T16:10:52.992+0000] {logging_mixin.py:151} INFO - [2023-09-07T16:10:52.991+0000] {dagbag.py:539} INFO - Filling up the DagBag from /home/airflow/.local/lib/python3.8/site-packages/airflow/example_dags/example_task_group_decorator.py
[2023-09-07T16:10:53.041+0000] {processor.py:839} INFO - DAG(s) dict_keys(['example_task_group_decorator']) retrieved from /home/airflow/.local/lib/python3.8/site-packages/airflow/example_dags/example_task_group_decorator.py
[2023-09-07T16:10:53.067+0000] {logging_mixin.py:151} INFO - [2023-09-07T16:10:53.067+0000] {dag.py:2907} INFO - Sync 1 DAGs
[2023-09-07T16:10:53.084+0000] {logging_mixin.py:151} INFO - [2023-09-07T16:10:53.084+0000] {dag.py:3677} INFO - Setting next_dagrun for example_task_group_decorator to 2023-09-06T16:10:53.084040+00:00, run_after=2023-09-07T16:10:53.084040+00:00
[2023-09-07T16:10:53.103+0000] {processor.py:179} INFO - Processing /home/airflow/.local/lib/python3.8/site-packages/airflow/example_dags/example_task_group_decorator.py took 0.122 seconds
[2023-09-07T16:11:23.351+0000] {processor.py:157} INFO - Started process (PID=6319) to work on /home/airflow/.local/lib/python3.8/site-packages/airflow/example_dags/example_task_group_decorator.py
[2023-09-07T16:11:23.352+0000] {processor.py:829} INFO - Processing file /home/airflow/.local/lib/python3.8/site-packages/airflow/example_dags/example_task_group_decorator.py for tasks to queue
[2023-09-07T16:11:23.353+0000] {logging_mixin.py:151} INFO - [2023-09-07T16:11:23.353+0000] {dagbag.py:539} INFO - Filling up the DagBag from /home/airflow/.local/lib/python3.8/site-packages/airflow/example_dags/example_task_group_decorator.py
[2023-09-07T16:11:23.363+0000] {processor.py:839} INFO - DAG(s) dict_keys(['example_task_group_decorator']) retrieved from /home/airflow/.local/lib/python3.8/site-packages/airflow/example_dags/example_task_group_decorator.py
[2023-09-07T16:11:23.381+0000] {logging_mixin.py:151} INFO - [2023-09-07T16:11:23.381+0000] {dag.py:2907} INFO - Sync 1 DAGs
[2023-09-07T16:11:23.394+0000] {logging_mixin.py:151} INFO - [2023-09-07T16:11:23.394+0000] {dag.py:3677} INFO - Setting next_dagrun for example_task_group_decorator to 2023-09-06T16:11:23.394455+00:00, run_after=2023-09-07T16:11:23.394455+00:00
[2023-09-07T16:11:23.405+0000] {processor.py:179} INFO - Processing /home/airflow/.local/lib/python3.8/site-packages/airflow/example_dags/example_task_group_decorator.py took 0.057 seconds
[2023-09-07T16:11:54.269+0000] {processor.py:157} INFO - Started process (PID=6557) to work on /home/airflow/.local/lib/python3.8/site-packages/airflow/example_dags/example_task_group_decorator.py
[2023-09-07T16:11:54.273+0000] {processor.py:829} INFO - Processing file /home/airflow/.local/lib/python3.8/site-packages/airflow/example_dags/example_task_group_decorator.py for tasks to queue
[2023-09-07T16:11:54.278+0000] {logging_mixin.py:151} INFO - [2023-09-07T16:11:54.277+0000] {dagbag.py:539} INFO - Filling up the DagBag from /home/airflow/.local/lib/python3.8/site-packages/airflow/example_dags/example_task_group_decorator.py
[2023-09-07T16:11:54.293+0000] {processor.py:839} INFO - DAG(s) dict_keys(['example_task_group_decorator']) retrieved from /home/airflow/.local/lib/python3.8/site-packages/airflow/example_dags/example_task_group_decorator.py
[2023-09-07T16:11:54.318+0000] {logging_mixin.py:151} INFO - [2023-09-07T16:11:54.318+0000] {dag.py:2907} INFO - Sync 1 DAGs
[2023-09-07T16:11:54.333+0000] {logging_mixin.py:151} INFO - [2023-09-07T16:11:54.333+0000] {dag.py:3677} INFO - Setting next_dagrun for example_task_group_decorator to 2023-09-06T16:11:54.333484+00:00, run_after=2023-09-07T16:11:54.333484+00:00
[2023-09-07T16:11:54.348+0000] {processor.py:179} INFO - Processing /home/airflow/.local/lib/python3.8/site-packages/airflow/example_dags/example_task_group_decorator.py took 0.092 seconds
[2023-09-07T16:12:24.662+0000] {processor.py:157} INFO - Started process (PID=6796) to work on /home/airflow/.local/lib/python3.8/site-packages/airflow/example_dags/example_task_group_decorator.py
[2023-09-07T16:12:24.664+0000] {processor.py:829} INFO - Processing file /home/airflow/.local/lib/python3.8/site-packages/airflow/example_dags/example_task_group_decorator.py for tasks to queue
[2023-09-07T16:12:24.665+0000] {logging_mixin.py:151} INFO - [2023-09-07T16:12:24.665+0000] {dagbag.py:539} INFO - Filling up the DagBag from /home/airflow/.local/lib/python3.8/site-packages/airflow/example_dags/example_task_group_decorator.py
[2023-09-07T16:12:24.676+0000] {processor.py:839} INFO - DAG(s) dict_keys(['example_task_group_decorator']) retrieved from /home/airflow/.local/lib/python3.8/site-packages/airflow/example_dags/example_task_group_decorator.py
[2023-09-07T16:12:24.699+0000] {logging_mixin.py:151} INFO - [2023-09-07T16:12:24.698+0000] {dag.py:2907} INFO - Sync 1 DAGs
[2023-09-07T16:12:24.713+0000] {logging_mixin.py:151} INFO - [2023-09-07T16:12:24.713+0000] {dag.py:3677} INFO - Setting next_dagrun for example_task_group_decorator to 2023-09-06T16:12:24.713145+00:00, run_after=2023-09-07T16:12:24.713145+00:00
[2023-09-07T16:12:24.724+0000] {processor.py:179} INFO - Processing /home/airflow/.local/lib/python3.8/site-packages/airflow/example_dags/example_task_group_decorator.py took 0.065 seconds
[2023-09-07T16:12:55.669+0000] {processor.py:157} INFO - Started process (PID=7033) to work on /home/airflow/.local/lib/python3.8/site-packages/airflow/example_dags/example_task_group_decorator.py
[2023-09-07T16:12:55.670+0000] {processor.py:829} INFO - Processing file /home/airflow/.local/lib/python3.8/site-packages/airflow/example_dags/example_task_group_decorator.py for tasks to queue
[2023-09-07T16:12:55.671+0000] {logging_mixin.py:151} INFO - [2023-09-07T16:12:55.671+0000] {dagbag.py:539} INFO - Filling up the DagBag from /home/airflow/.local/lib/python3.8/site-packages/airflow/example_dags/example_task_group_decorator.py
[2023-09-07T16:12:55.681+0000] {processor.py:839} INFO - DAG(s) dict_keys(['example_task_group_decorator']) retrieved from /home/airflow/.local/lib/python3.8/site-packages/airflow/example_dags/example_task_group_decorator.py
[2023-09-07T16:12:55.701+0000] {logging_mixin.py:151} INFO - [2023-09-07T16:12:55.701+0000] {dag.py:2907} INFO - Sync 1 DAGs
[2023-09-07T16:12:55.714+0000] {logging_mixin.py:151} INFO - [2023-09-07T16:12:55.714+0000] {dag.py:3677} INFO - Setting next_dagrun for example_task_group_decorator to 2023-09-06T16:12:55.714173+00:00, run_after=2023-09-07T16:12:55.714173+00:00
[2023-09-07T16:12:55.729+0000] {processor.py:179} INFO - Processing /home/airflow/.local/lib/python3.8/site-packages/airflow/example_dags/example_task_group_decorator.py took 0.063 seconds
[2023-09-07T16:13:26.256+0000] {processor.py:157} INFO - Started process (PID=7271) to work on /home/airflow/.local/lib/python3.8/site-packages/airflow/example_dags/example_task_group_decorator.py
[2023-09-07T16:13:26.258+0000] {processor.py:829} INFO - Processing file /home/airflow/.local/lib/python3.8/site-packages/airflow/example_dags/example_task_group_decorator.py for tasks to queue
[2023-09-07T16:13:26.259+0000] {logging_mixin.py:151} INFO - [2023-09-07T16:13:26.259+0000] {dagbag.py:539} INFO - Filling up the DagBag from /home/airflow/.local/lib/python3.8/site-packages/airflow/example_dags/example_task_group_decorator.py
[2023-09-07T16:13:26.276+0000] {processor.py:839} INFO - DAG(s) dict_keys(['example_task_group_decorator']) retrieved from /home/airflow/.local/lib/python3.8/site-packages/airflow/example_dags/example_task_group_decorator.py
[2023-09-07T16:13:26.301+0000] {logging_mixin.py:151} INFO - [2023-09-07T16:13:26.301+0000] {dag.py:2907} INFO - Sync 1 DAGs
[2023-09-07T16:13:26.316+0000] {logging_mixin.py:151} INFO - [2023-09-07T16:13:26.316+0000] {dag.py:3677} INFO - Setting next_dagrun for example_task_group_decorator to 2023-09-06T16:13:26.316259+00:00, run_after=2023-09-07T16:13:26.316259+00:00
[2023-09-07T16:13:26.329+0000] {processor.py:179} INFO - Processing /home/airflow/.local/lib/python3.8/site-packages/airflow/example_dags/example_task_group_decorator.py took 0.080 seconds
[2023-09-07T16:13:57.311+0000] {processor.py:157} INFO - Started process (PID=7509) to work on /home/airflow/.local/lib/python3.8/site-packages/airflow/example_dags/example_task_group_decorator.py
[2023-09-07T16:13:57.313+0000] {processor.py:829} INFO - Processing file /home/airflow/.local/lib/python3.8/site-packages/airflow/example_dags/example_task_group_decorator.py for tasks to queue
[2023-09-07T16:13:57.315+0000] {logging_mixin.py:151} INFO - [2023-09-07T16:13:57.314+0000] {dagbag.py:539} INFO - Filling up the DagBag from /home/airflow/.local/lib/python3.8/site-packages/airflow/example_dags/example_task_group_decorator.py
[2023-09-07T16:13:57.327+0000] {processor.py:839} INFO - DAG(s) dict_keys(['example_task_group_decorator']) retrieved from /home/airflow/.local/lib/python3.8/site-packages/airflow/example_dags/example_task_group_decorator.py
[2023-09-07T16:13:57.367+0000] {logging_mixin.py:151} INFO - [2023-09-07T16:13:57.367+0000] {dag.py:2907} INFO - Sync 1 DAGs
[2023-09-07T16:13:57.409+0000] {logging_mixin.py:151} INFO - [2023-09-07T16:13:57.409+0000] {dag.py:3677} INFO - Setting next_dagrun for example_task_group_decorator to 2023-09-06T16:13:57.408250+00:00, run_after=2023-09-07T16:13:57.408250+00:00
[2023-09-07T16:13:57.515+0000] {processor.py:179} INFO - Processing /home/airflow/.local/lib/python3.8/site-packages/airflow/example_dags/example_task_group_decorator.py took 0.206 seconds
[2023-09-07T16:14:28.576+0000] {processor.py:157} INFO - Started process (PID=7748) to work on /home/airflow/.local/lib/python3.8/site-packages/airflow/example_dags/example_task_group_decorator.py
[2023-09-07T16:14:28.577+0000] {processor.py:829} INFO - Processing file /home/airflow/.local/lib/python3.8/site-packages/airflow/example_dags/example_task_group_decorator.py for tasks to queue
[2023-09-07T16:14:28.578+0000] {logging_mixin.py:151} INFO - [2023-09-07T16:14:28.578+0000] {dagbag.py:539} INFO - Filling up the DagBag from /home/airflow/.local/lib/python3.8/site-packages/airflow/example_dags/example_task_group_decorator.py
[2023-09-07T16:14:28.611+0000] {processor.py:839} INFO - DAG(s) dict_keys(['example_task_group_decorator']) retrieved from /home/airflow/.local/lib/python3.8/site-packages/airflow/example_dags/example_task_group_decorator.py
[2023-09-07T16:14:28.656+0000] {logging_mixin.py:151} INFO - [2023-09-07T16:14:28.656+0000] {dag.py:2907} INFO - Sync 1 DAGs
[2023-09-07T16:14:28.676+0000] {logging_mixin.py:151} INFO - [2023-09-07T16:14:28.676+0000] {dag.py:3677} INFO - Setting next_dagrun for example_task_group_decorator to 2023-09-06T16:14:28.675956+00:00, run_after=2023-09-07T16:14:28.675956+00:00
[2023-09-07T16:14:28.687+0000] {processor.py:179} INFO - Processing /home/airflow/.local/lib/python3.8/site-packages/airflow/example_dags/example_task_group_decorator.py took 0.116 seconds
[2023-09-07T16:14:59.698+0000] {processor.py:157} INFO - Started process (PID=7988) to work on /home/airflow/.local/lib/python3.8/site-packages/airflow/example_dags/example_task_group_decorator.py
[2023-09-07T16:14:59.700+0000] {processor.py:829} INFO - Processing file /home/airflow/.local/lib/python3.8/site-packages/airflow/example_dags/example_task_group_decorator.py for tasks to queue
[2023-09-07T16:14:59.701+0000] {logging_mixin.py:151} INFO - [2023-09-07T16:14:59.701+0000] {dagbag.py:539} INFO - Filling up the DagBag from /home/airflow/.local/lib/python3.8/site-packages/airflow/example_dags/example_task_group_decorator.py
[2023-09-07T16:14:59.711+0000] {processor.py:839} INFO - DAG(s) dict_keys(['example_task_group_decorator']) retrieved from /home/airflow/.local/lib/python3.8/site-packages/airflow/example_dags/example_task_group_decorator.py
[2023-09-07T16:14:59.732+0000] {logging_mixin.py:151} INFO - [2023-09-07T16:14:59.732+0000] {dag.py:2907} INFO - Sync 1 DAGs
[2023-09-07T16:14:59.758+0000] {logging_mixin.py:151} INFO - [2023-09-07T16:14:59.758+0000] {dag.py:3677} INFO - Setting next_dagrun for example_task_group_decorator to 2023-09-06T16:14:59.757815+00:00, run_after=2023-09-07T16:14:59.757815+00:00
[2023-09-07T16:14:59.769+0000] {processor.py:179} INFO - Processing /home/airflow/.local/lib/python3.8/site-packages/airflow/example_dags/example_task_group_decorator.py took 0.074 seconds
[2023-09-07T16:15:30.567+0000] {processor.py:157} INFO - Started process (PID=8225) to work on /home/airflow/.local/lib/python3.8/site-packages/airflow/example_dags/example_task_group_decorator.py
[2023-09-07T16:15:30.570+0000] {processor.py:829} INFO - Processing file /home/airflow/.local/lib/python3.8/site-packages/airflow/example_dags/example_task_group_decorator.py for tasks to queue
[2023-09-07T16:15:30.571+0000] {logging_mixin.py:151} INFO - [2023-09-07T16:15:30.570+0000] {dagbag.py:539} INFO - Filling up the DagBag from /home/airflow/.local/lib/python3.8/site-packages/airflow/example_dags/example_task_group_decorator.py
[2023-09-07T16:15:30.595+0000] {processor.py:839} INFO - DAG(s) dict_keys(['example_task_group_decorator']) retrieved from /home/airflow/.local/lib/python3.8/site-packages/airflow/example_dags/example_task_group_decorator.py
[2023-09-07T16:15:30.640+0000] {logging_mixin.py:151} INFO - [2023-09-07T16:15:30.640+0000] {dag.py:2907} INFO - Sync 1 DAGs
[2023-09-07T16:15:30.662+0000] {logging_mixin.py:151} INFO - [2023-09-07T16:15:30.662+0000] {dag.py:3677} INFO - Setting next_dagrun for example_task_group_decorator to 2023-09-06T16:15:30.662209+00:00, run_after=2023-09-07T16:15:30.662209+00:00
[2023-09-07T16:15:30.679+0000] {processor.py:179} INFO - Processing /home/airflow/.local/lib/python3.8/site-packages/airflow/example_dags/example_task_group_decorator.py took 0.116 seconds
[2023-09-07T16:16:00.740+0000] {processor.py:157} INFO - Started process (PID=8463) to work on /home/airflow/.local/lib/python3.8/site-packages/airflow/example_dags/example_task_group_decorator.py
[2023-09-07T16:16:00.741+0000] {processor.py:829} INFO - Processing file /home/airflow/.local/lib/python3.8/site-packages/airflow/example_dags/example_task_group_decorator.py for tasks to queue
[2023-09-07T16:16:00.742+0000] {logging_mixin.py:151} INFO - [2023-09-07T16:16:00.742+0000] {dagbag.py:539} INFO - Filling up the DagBag from /home/airflow/.local/lib/python3.8/site-packages/airflow/example_dags/example_task_group_decorator.py
[2023-09-07T16:16:00.753+0000] {processor.py:839} INFO - DAG(s) dict_keys(['example_task_group_decorator']) retrieved from /home/airflow/.local/lib/python3.8/site-packages/airflow/example_dags/example_task_group_decorator.py
[2023-09-07T16:16:00.776+0000] {logging_mixin.py:151} INFO - [2023-09-07T16:16:00.776+0000] {dag.py:2907} INFO - Sync 1 DAGs
[2023-09-07T16:16:00.795+0000] {logging_mixin.py:151} INFO - [2023-09-07T16:16:00.795+0000] {dag.py:3677} INFO - Setting next_dagrun for example_task_group_decorator to 2023-09-06T16:16:00.795087+00:00, run_after=2023-09-07T16:16:00.795087+00:00
[2023-09-07T16:16:00.809+0000] {processor.py:179} INFO - Processing /home/airflow/.local/lib/python3.8/site-packages/airflow/example_dags/example_task_group_decorator.py took 0.072 seconds
[2023-09-07T16:16:31.256+0000] {processor.py:157} INFO - Started process (PID=8701) to work on /home/airflow/.local/lib/python3.8/site-packages/airflow/example_dags/example_task_group_decorator.py
[2023-09-07T16:16:31.257+0000] {processor.py:829} INFO - Processing file /home/airflow/.local/lib/python3.8/site-packages/airflow/example_dags/example_task_group_decorator.py for tasks to queue
[2023-09-07T16:16:31.258+0000] {logging_mixin.py:151} INFO - [2023-09-07T16:16:31.258+0000] {dagbag.py:539} INFO - Filling up the DagBag from /home/airflow/.local/lib/python3.8/site-packages/airflow/example_dags/example_task_group_decorator.py
[2023-09-07T16:16:31.274+0000] {processor.py:839} INFO - DAG(s) dict_keys(['example_task_group_decorator']) retrieved from /home/airflow/.local/lib/python3.8/site-packages/airflow/example_dags/example_task_group_decorator.py
[2023-09-07T16:16:31.294+0000] {logging_mixin.py:151} INFO - [2023-09-07T16:16:31.294+0000] {dag.py:2907} INFO - Sync 1 DAGs
[2023-09-07T16:16:31.324+0000] {logging_mixin.py:151} INFO - [2023-09-07T16:16:31.323+0000] {dag.py:3677} INFO - Setting next_dagrun for example_task_group_decorator to 2023-09-06T16:16:31.323184+00:00, run_after=2023-09-07T16:16:31.323184+00:00
[2023-09-07T16:16:31.347+0000] {processor.py:179} INFO - Processing /home/airflow/.local/lib/python3.8/site-packages/airflow/example_dags/example_task_group_decorator.py took 0.094 seconds
[2023-09-07T16:17:01.939+0000] {processor.py:157} INFO - Started process (PID=8939) to work on /home/airflow/.local/lib/python3.8/site-packages/airflow/example_dags/example_task_group_decorator.py
[2023-09-07T16:17:01.940+0000] {processor.py:829} INFO - Processing file /home/airflow/.local/lib/python3.8/site-packages/airflow/example_dags/example_task_group_decorator.py for tasks to queue
[2023-09-07T16:17:01.941+0000] {logging_mixin.py:151} INFO - [2023-09-07T16:17:01.941+0000] {dagbag.py:539} INFO - Filling up the DagBag from /home/airflow/.local/lib/python3.8/site-packages/airflow/example_dags/example_task_group_decorator.py
[2023-09-07T16:17:01.953+0000] {processor.py:839} INFO - DAG(s) dict_keys(['example_task_group_decorator']) retrieved from /home/airflow/.local/lib/python3.8/site-packages/airflow/example_dags/example_task_group_decorator.py
[2023-09-07T16:17:01.974+0000] {logging_mixin.py:151} INFO - [2023-09-07T16:17:01.974+0000] {dag.py:2907} INFO - Sync 1 DAGs
[2023-09-07T16:17:01.988+0000] {logging_mixin.py:151} INFO - [2023-09-07T16:17:01.988+0000] {dag.py:3677} INFO - Setting next_dagrun for example_task_group_decorator to 2023-09-06T16:17:01.988105+00:00, run_after=2023-09-07T16:17:01.988105+00:00
[2023-09-07T16:17:02.003+0000] {processor.py:179} INFO - Processing /home/airflow/.local/lib/python3.8/site-packages/airflow/example_dags/example_task_group_decorator.py took 0.067 seconds
[2023-09-07T16:17:32.883+0000] {processor.py:157} INFO - Started process (PID=9177) to work on /home/airflow/.local/lib/python3.8/site-packages/airflow/example_dags/example_task_group_decorator.py
[2023-09-07T16:17:32.885+0000] {processor.py:829} INFO - Processing file /home/airflow/.local/lib/python3.8/site-packages/airflow/example_dags/example_task_group_decorator.py for tasks to queue
[2023-09-07T16:17:32.886+0000] {logging_mixin.py:151} INFO - [2023-09-07T16:17:32.885+0000] {dagbag.py:539} INFO - Filling up the DagBag from /home/airflow/.local/lib/python3.8/site-packages/airflow/example_dags/example_task_group_decorator.py
[2023-09-07T16:17:32.897+0000] {processor.py:839} INFO - DAG(s) dict_keys(['example_task_group_decorator']) retrieved from /home/airflow/.local/lib/python3.8/site-packages/airflow/example_dags/example_task_group_decorator.py
[2023-09-07T16:17:32.917+0000] {logging_mixin.py:151} INFO - [2023-09-07T16:17:32.917+0000] {dag.py:2907} INFO - Sync 1 DAGs
[2023-09-07T16:17:32.931+0000] {logging_mixin.py:151} INFO - [2023-09-07T16:17:32.931+0000] {dag.py:3677} INFO - Setting next_dagrun for example_task_group_decorator to 2023-09-06T16:17:32.931389+00:00, run_after=2023-09-07T16:17:32.931389+00:00
[2023-09-07T16:17:32.943+0000] {processor.py:179} INFO - Processing /home/airflow/.local/lib/python3.8/site-packages/airflow/example_dags/example_task_group_decorator.py took 0.063 seconds
[2023-09-07T16:18:03.346+0000] {processor.py:157} INFO - Started process (PID=9415) to work on /home/airflow/.local/lib/python3.8/site-packages/airflow/example_dags/example_task_group_decorator.py
[2023-09-07T16:18:03.347+0000] {processor.py:829} INFO - Processing file /home/airflow/.local/lib/python3.8/site-packages/airflow/example_dags/example_task_group_decorator.py for tasks to queue
[2023-09-07T16:18:03.351+0000] {logging_mixin.py:151} INFO - [2023-09-07T16:18:03.351+0000] {dagbag.py:539} INFO - Filling up the DagBag from /home/airflow/.local/lib/python3.8/site-packages/airflow/example_dags/example_task_group_decorator.py
[2023-09-07T16:18:03.377+0000] {processor.py:839} INFO - DAG(s) dict_keys(['example_task_group_decorator']) retrieved from /home/airflow/.local/lib/python3.8/site-packages/airflow/example_dags/example_task_group_decorator.py
[2023-09-07T16:18:03.403+0000] {logging_mixin.py:151} INFO - [2023-09-07T16:18:03.402+0000] {dag.py:2907} INFO - Sync 1 DAGs
[2023-09-07T16:18:03.418+0000] {logging_mixin.py:151} INFO - [2023-09-07T16:18:03.418+0000] {dag.py:3677} INFO - Setting next_dagrun for example_task_group_decorator to 2023-09-06T16:18:03.417990+00:00, run_after=2023-09-07T16:18:03.417990+00:00
[2023-09-07T16:18:03.434+0000] {processor.py:179} INFO - Processing /home/airflow/.local/lib/python3.8/site-packages/airflow/example_dags/example_task_group_decorator.py took 0.093 seconds
[2023-09-07T16:18:34.184+0000] {processor.py:157} INFO - Started process (PID=9652) to work on /home/airflow/.local/lib/python3.8/site-packages/airflow/example_dags/example_task_group_decorator.py
[2023-09-07T16:18:34.186+0000] {processor.py:829} INFO - Processing file /home/airflow/.local/lib/python3.8/site-packages/airflow/example_dags/example_task_group_decorator.py for tasks to queue
[2023-09-07T16:18:34.187+0000] {logging_mixin.py:151} INFO - [2023-09-07T16:18:34.187+0000] {dagbag.py:539} INFO - Filling up the DagBag from /home/airflow/.local/lib/python3.8/site-packages/airflow/example_dags/example_task_group_decorator.py
[2023-09-07T16:18:34.201+0000] {processor.py:839} INFO - DAG(s) dict_keys(['example_task_group_decorator']) retrieved from /home/airflow/.local/lib/python3.8/site-packages/airflow/example_dags/example_task_group_decorator.py
[2023-09-07T16:18:34.223+0000] {logging_mixin.py:151} INFO - [2023-09-07T16:18:34.223+0000] {dag.py:2907} INFO - Sync 1 DAGs
[2023-09-07T16:18:34.238+0000] {logging_mixin.py:151} INFO - [2023-09-07T16:18:34.238+0000] {dag.py:3677} INFO - Setting next_dagrun for example_task_group_decorator to 2023-09-06T16:18:34.238090+00:00, run_after=2023-09-07T16:18:34.238090+00:00
[2023-09-07T16:18:34.251+0000] {processor.py:179} INFO - Processing /home/airflow/.local/lib/python3.8/site-packages/airflow/example_dags/example_task_group_decorator.py took 0.071 seconds
[2023-09-07T16:19:04.542+0000] {processor.py:157} INFO - Started process (PID=9890) to work on /home/airflow/.local/lib/python3.8/site-packages/airflow/example_dags/example_task_group_decorator.py
[2023-09-07T16:19:04.543+0000] {processor.py:829} INFO - Processing file /home/airflow/.local/lib/python3.8/site-packages/airflow/example_dags/example_task_group_decorator.py for tasks to queue
[2023-09-07T16:19:04.544+0000] {logging_mixin.py:151} INFO - [2023-09-07T16:19:04.544+0000] {dagbag.py:539} INFO - Filling up the DagBag from /home/airflow/.local/lib/python3.8/site-packages/airflow/example_dags/example_task_group_decorator.py
[2023-09-07T16:19:04.555+0000] {processor.py:839} INFO - DAG(s) dict_keys(['example_task_group_decorator']) retrieved from /home/airflow/.local/lib/python3.8/site-packages/airflow/example_dags/example_task_group_decorator.py
[2023-09-07T16:19:04.574+0000] {logging_mixin.py:151} INFO - [2023-09-07T16:19:04.574+0000] {dag.py:2907} INFO - Sync 1 DAGs
[2023-09-07T16:19:04.586+0000] {logging_mixin.py:151} INFO - [2023-09-07T16:19:04.586+0000] {dag.py:3677} INFO - Setting next_dagrun for example_task_group_decorator to 2023-09-06T16:19:04.586653+00:00, run_after=2023-09-07T16:19:04.586653+00:00
[2023-09-07T16:19:04.597+0000] {processor.py:179} INFO - Processing /home/airflow/.local/lib/python3.8/site-packages/airflow/example_dags/example_task_group_decorator.py took 0.058 seconds
[2023-09-07T16:19:34.777+0000] {processor.py:157} INFO - Started process (PID=10128) to work on /home/airflow/.local/lib/python3.8/site-packages/airflow/example_dags/example_task_group_decorator.py
[2023-09-07T16:19:34.778+0000] {processor.py:829} INFO - Processing file /home/airflow/.local/lib/python3.8/site-packages/airflow/example_dags/example_task_group_decorator.py for tasks to queue
[2023-09-07T16:19:34.779+0000] {logging_mixin.py:151} INFO - [2023-09-07T16:19:34.779+0000] {dagbag.py:539} INFO - Filling up the DagBag from /home/airflow/.local/lib/python3.8/site-packages/airflow/example_dags/example_task_group_decorator.py
[2023-09-07T16:19:34.790+0000] {processor.py:839} INFO - DAG(s) dict_keys(['example_task_group_decorator']) retrieved from /home/airflow/.local/lib/python3.8/site-packages/airflow/example_dags/example_task_group_decorator.py
[2023-09-07T16:19:34.810+0000] {logging_mixin.py:151} INFO - [2023-09-07T16:19:34.809+0000] {dag.py:2907} INFO - Sync 1 DAGs
[2023-09-07T16:19:34.823+0000] {logging_mixin.py:151} INFO - [2023-09-07T16:19:34.823+0000] {dag.py:3677} INFO - Setting next_dagrun for example_task_group_decorator to 2023-09-06T16:19:34.823196+00:00, run_after=2023-09-07T16:19:34.823196+00:00
[2023-09-07T16:19:34.834+0000] {processor.py:179} INFO - Processing /home/airflow/.local/lib/python3.8/site-packages/airflow/example_dags/example_task_group_decorator.py took 0.060 seconds
[2023-09-07T16:20:05.481+0000] {processor.py:157} INFO - Started process (PID=10366) to work on /home/airflow/.local/lib/python3.8/site-packages/airflow/example_dags/example_task_group_decorator.py
[2023-09-07T16:20:05.482+0000] {processor.py:829} INFO - Processing file /home/airflow/.local/lib/python3.8/site-packages/airflow/example_dags/example_task_group_decorator.py for tasks to queue
[2023-09-07T16:20:05.483+0000] {logging_mixin.py:151} INFO - [2023-09-07T16:20:05.483+0000] {dagbag.py:539} INFO - Filling up the DagBag from /home/airflow/.local/lib/python3.8/site-packages/airflow/example_dags/example_task_group_decorator.py
[2023-09-07T16:20:05.494+0000] {processor.py:839} INFO - DAG(s) dict_keys(['example_task_group_decorator']) retrieved from /home/airflow/.local/lib/python3.8/site-packages/airflow/example_dags/example_task_group_decorator.py
[2023-09-07T16:20:05.516+0000] {logging_mixin.py:151} INFO - [2023-09-07T16:20:05.516+0000] {dag.py:2907} INFO - Sync 1 DAGs
[2023-09-07T16:20:05.529+0000] {logging_mixin.py:151} INFO - [2023-09-07T16:20:05.529+0000] {dag.py:3677} INFO - Setting next_dagrun for example_task_group_decorator to 2023-09-06T16:20:05.529475+00:00, run_after=2023-09-07T16:20:05.529475+00:00
[2023-09-07T16:20:05.542+0000] {processor.py:179} INFO - Processing /home/airflow/.local/lib/python3.8/site-packages/airflow/example_dags/example_task_group_decorator.py took 0.064 seconds
[2023-09-07T16:20:35.901+0000] {processor.py:157} INFO - Started process (PID=10606) to work on /home/airflow/.local/lib/python3.8/site-packages/airflow/example_dags/example_task_group_decorator.py
[2023-09-07T16:20:35.902+0000] {processor.py:829} INFO - Processing file /home/airflow/.local/lib/python3.8/site-packages/airflow/example_dags/example_task_group_decorator.py for tasks to queue
[2023-09-07T16:20:35.905+0000] {logging_mixin.py:151} INFO - [2023-09-07T16:20:35.904+0000] {dagbag.py:539} INFO - Filling up the DagBag from /home/airflow/.local/lib/python3.8/site-packages/airflow/example_dags/example_task_group_decorator.py
[2023-09-07T16:20:35.922+0000] {processor.py:839} INFO - DAG(s) dict_keys(['example_task_group_decorator']) retrieved from /home/airflow/.local/lib/python3.8/site-packages/airflow/example_dags/example_task_group_decorator.py
[2023-09-07T16:20:35.943+0000] {logging_mixin.py:151} INFO - [2023-09-07T16:20:35.943+0000] {dag.py:2907} INFO - Sync 1 DAGs
[2023-09-07T16:20:35.956+0000] {logging_mixin.py:151} INFO - [2023-09-07T16:20:35.956+0000] {dag.py:3677} INFO - Setting next_dagrun for example_task_group_decorator to 2023-09-06T16:20:35.956136+00:00, run_after=2023-09-07T16:20:35.956136+00:00
[2023-09-07T16:20:35.966+0000] {processor.py:179} INFO - Processing /home/airflow/.local/lib/python3.8/site-packages/airflow/example_dags/example_task_group_decorator.py took 0.069 seconds
[2023-09-07T16:21:06.385+0000] {processor.py:157} INFO - Started process (PID=10841) to work on /home/airflow/.local/lib/python3.8/site-packages/airflow/example_dags/example_task_group_decorator.py
[2023-09-07T16:21:06.386+0000] {processor.py:829} INFO - Processing file /home/airflow/.local/lib/python3.8/site-packages/airflow/example_dags/example_task_group_decorator.py for tasks to queue
[2023-09-07T16:21:06.387+0000] {logging_mixin.py:151} INFO - [2023-09-07T16:21:06.387+0000] {dagbag.py:539} INFO - Filling up the DagBag from /home/airflow/.local/lib/python3.8/site-packages/airflow/example_dags/example_task_group_decorator.py
[2023-09-07T16:21:06.398+0000] {processor.py:839} INFO - DAG(s) dict_keys(['example_task_group_decorator']) retrieved from /home/airflow/.local/lib/python3.8/site-packages/airflow/example_dags/example_task_group_decorator.py
[2023-09-07T16:21:06.417+0000] {logging_mixin.py:151} INFO - [2023-09-07T16:21:06.417+0000] {dag.py:2907} INFO - Sync 1 DAGs
[2023-09-07T16:21:06.433+0000] {logging_mixin.py:151} INFO - [2023-09-07T16:21:06.433+0000] {dag.py:3677} INFO - Setting next_dagrun for example_task_group_decorator to 2023-09-06T16:21:06.433154+00:00, run_after=2023-09-07T16:21:06.433154+00:00
[2023-09-07T16:21:06.445+0000] {processor.py:179} INFO - Processing /home/airflow/.local/lib/python3.8/site-packages/airflow/example_dags/example_task_group_decorator.py took 0.063 seconds
[2023-09-07T16:21:36.824+0000] {processor.py:157} INFO - Started process (PID=11079) to work on /home/airflow/.local/lib/python3.8/site-packages/airflow/example_dags/example_task_group_decorator.py
[2023-09-07T16:21:36.825+0000] {processor.py:829} INFO - Processing file /home/airflow/.local/lib/python3.8/site-packages/airflow/example_dags/example_task_group_decorator.py for tasks to queue
[2023-09-07T16:21:36.826+0000] {logging_mixin.py:151} INFO - [2023-09-07T16:21:36.826+0000] {dagbag.py:539} INFO - Filling up the DagBag from /home/airflow/.local/lib/python3.8/site-packages/airflow/example_dags/example_task_group_decorator.py
[2023-09-07T16:21:36.838+0000] {processor.py:839} INFO - DAG(s) dict_keys(['example_task_group_decorator']) retrieved from /home/airflow/.local/lib/python3.8/site-packages/airflow/example_dags/example_task_group_decorator.py
[2023-09-07T16:21:36.857+0000] {logging_mixin.py:151} INFO - [2023-09-07T16:21:36.857+0000] {dag.py:2907} INFO - Sync 1 DAGs
[2023-09-07T16:21:36.875+0000] {logging_mixin.py:151} INFO - [2023-09-07T16:21:36.875+0000] {dag.py:3677} INFO - Setting next_dagrun for example_task_group_decorator to 2023-09-06T16:21:36.874948+00:00, run_after=2023-09-07T16:21:36.874948+00:00
[2023-09-07T16:21:36.889+0000] {processor.py:179} INFO - Processing /home/airflow/.local/lib/python3.8/site-packages/airflow/example_dags/example_task_group_decorator.py took 0.068 seconds
[2023-09-07T16:22:07.497+0000] {processor.py:157} INFO - Started process (PID=11319) to work on /home/airflow/.local/lib/python3.8/site-packages/airflow/example_dags/example_task_group_decorator.py
[2023-09-07T16:22:07.499+0000] {processor.py:829} INFO - Processing file /home/airflow/.local/lib/python3.8/site-packages/airflow/example_dags/example_task_group_decorator.py for tasks to queue
[2023-09-07T16:22:07.500+0000] {logging_mixin.py:151} INFO - [2023-09-07T16:22:07.500+0000] {dagbag.py:539} INFO - Filling up the DagBag from /home/airflow/.local/lib/python3.8/site-packages/airflow/example_dags/example_task_group_decorator.py
[2023-09-07T16:22:07.511+0000] {processor.py:839} INFO - DAG(s) dict_keys(['example_task_group_decorator']) retrieved from /home/airflow/.local/lib/python3.8/site-packages/airflow/example_dags/example_task_group_decorator.py
[2023-09-07T16:22:07.531+0000] {logging_mixin.py:151} INFO - [2023-09-07T16:22:07.531+0000] {dag.py:2907} INFO - Sync 1 DAGs
[2023-09-07T16:22:07.544+0000] {logging_mixin.py:151} INFO - [2023-09-07T16:22:07.544+0000] {dag.py:3677} INFO - Setting next_dagrun for example_task_group_decorator to 2023-09-06T16:22:07.544455+00:00, run_after=2023-09-07T16:22:07.544455+00:00
[2023-09-07T16:22:07.558+0000] {processor.py:179} INFO - Processing /home/airflow/.local/lib/python3.8/site-packages/airflow/example_dags/example_task_group_decorator.py took 0.064 seconds
[2023-09-07T16:22:37.901+0000] {processor.py:157} INFO - Started process (PID=11554) to work on /home/airflow/.local/lib/python3.8/site-packages/airflow/example_dags/example_task_group_decorator.py
[2023-09-07T16:22:37.903+0000] {processor.py:829} INFO - Processing file /home/airflow/.local/lib/python3.8/site-packages/airflow/example_dags/example_task_group_decorator.py for tasks to queue
[2023-09-07T16:22:37.903+0000] {logging_mixin.py:151} INFO - [2023-09-07T16:22:37.903+0000] {dagbag.py:539} INFO - Filling up the DagBag from /home/airflow/.local/lib/python3.8/site-packages/airflow/example_dags/example_task_group_decorator.py
[2023-09-07T16:22:37.917+0000] {processor.py:839} INFO - DAG(s) dict_keys(['example_task_group_decorator']) retrieved from /home/airflow/.local/lib/python3.8/site-packages/airflow/example_dags/example_task_group_decorator.py
[2023-09-07T16:22:37.940+0000] {logging_mixin.py:151} INFO - [2023-09-07T16:22:37.940+0000] {dag.py:2907} INFO - Sync 1 DAGs
[2023-09-07T16:22:37.954+0000] {logging_mixin.py:151} INFO - [2023-09-07T16:22:37.953+0000] {dag.py:3677} INFO - Setting next_dagrun for example_task_group_decorator to 2023-09-06T16:22:37.953668+00:00, run_after=2023-09-07T16:22:37.953668+00:00
[2023-09-07T16:22:37.967+0000] {processor.py:179} INFO - Processing /home/airflow/.local/lib/python3.8/site-packages/airflow/example_dags/example_task_group_decorator.py took 0.069 seconds
[2023-09-07T16:23:08.402+0000] {processor.py:157} INFO - Started process (PID=11794) to work on /home/airflow/.local/lib/python3.8/site-packages/airflow/example_dags/example_task_group_decorator.py
[2023-09-07T16:23:08.403+0000] {processor.py:829} INFO - Processing file /home/airflow/.local/lib/python3.8/site-packages/airflow/example_dags/example_task_group_decorator.py for tasks to queue
[2023-09-07T16:23:08.404+0000] {logging_mixin.py:151} INFO - [2023-09-07T16:23:08.403+0000] {dagbag.py:539} INFO - Filling up the DagBag from /home/airflow/.local/lib/python3.8/site-packages/airflow/example_dags/example_task_group_decorator.py
[2023-09-07T16:23:08.414+0000] {processor.py:839} INFO - DAG(s) dict_keys(['example_task_group_decorator']) retrieved from /home/airflow/.local/lib/python3.8/site-packages/airflow/example_dags/example_task_group_decorator.py
[2023-09-07T16:23:08.435+0000] {logging_mixin.py:151} INFO - [2023-09-07T16:23:08.435+0000] {dag.py:2907} INFO - Sync 1 DAGs
[2023-09-07T16:23:08.448+0000] {logging_mixin.py:151} INFO - [2023-09-07T16:23:08.448+0000] {dag.py:3677} INFO - Setting next_dagrun for example_task_group_decorator to 2023-09-06T16:23:08.448195+00:00, run_after=2023-09-07T16:23:08.448195+00:00
[2023-09-07T16:23:08.458+0000] {processor.py:179} INFO - Processing /home/airflow/.local/lib/python3.8/site-packages/airflow/example_dags/example_task_group_decorator.py took 0.060 seconds
[2023-09-07T16:23:39.068+0000] {processor.py:157} INFO - Started process (PID=12032) to work on /home/airflow/.local/lib/python3.8/site-packages/airflow/example_dags/example_task_group_decorator.py
[2023-09-07T16:23:39.070+0000] {processor.py:829} INFO - Processing file /home/airflow/.local/lib/python3.8/site-packages/airflow/example_dags/example_task_group_decorator.py for tasks to queue
[2023-09-07T16:23:39.072+0000] {logging_mixin.py:151} INFO - [2023-09-07T16:23:39.071+0000] {dagbag.py:539} INFO - Filling up the DagBag from /home/airflow/.local/lib/python3.8/site-packages/airflow/example_dags/example_task_group_decorator.py
[2023-09-07T16:23:39.085+0000] {processor.py:839} INFO - DAG(s) dict_keys(['example_task_group_decorator']) retrieved from /home/airflow/.local/lib/python3.8/site-packages/airflow/example_dags/example_task_group_decorator.py
[2023-09-07T16:23:39.113+0000] {logging_mixin.py:151} INFO - [2023-09-07T16:23:39.113+0000] {dag.py:2907} INFO - Sync 1 DAGs
[2023-09-07T16:23:39.128+0000] {logging_mixin.py:151} INFO - [2023-09-07T16:23:39.128+0000] {dag.py:3677} INFO - Setting next_dagrun for example_task_group_decorator to 2023-09-06T16:23:39.128447+00:00, run_after=2023-09-07T16:23:39.128447+00:00
[2023-09-07T16:23:39.140+0000] {processor.py:179} INFO - Processing /home/airflow/.local/lib/python3.8/site-packages/airflow/example_dags/example_task_group_decorator.py took 0.077 seconds
[2023-09-07T16:24:09.490+0000] {processor.py:157} INFO - Started process (PID=12270) to work on /home/airflow/.local/lib/python3.8/site-packages/airflow/example_dags/example_task_group_decorator.py
[2023-09-07T16:24:09.492+0000] {processor.py:829} INFO - Processing file /home/airflow/.local/lib/python3.8/site-packages/airflow/example_dags/example_task_group_decorator.py for tasks to queue
[2023-09-07T16:24:09.493+0000] {logging_mixin.py:151} INFO - [2023-09-07T16:24:09.493+0000] {dagbag.py:539} INFO - Filling up the DagBag from /home/airflow/.local/lib/python3.8/site-packages/airflow/example_dags/example_task_group_decorator.py
[2023-09-07T16:24:09.504+0000] {processor.py:839} INFO - DAG(s) dict_keys(['example_task_group_decorator']) retrieved from /home/airflow/.local/lib/python3.8/site-packages/airflow/example_dags/example_task_group_decorator.py
[2023-09-07T16:24:09.528+0000] {logging_mixin.py:151} INFO - [2023-09-07T16:24:09.528+0000] {dag.py:2907} INFO - Sync 1 DAGs
[2023-09-07T16:24:09.546+0000] {logging_mixin.py:151} INFO - [2023-09-07T16:24:09.545+0000] {dag.py:3677} INFO - Setting next_dagrun for example_task_group_decorator to 2023-09-06T16:24:09.545708+00:00, run_after=2023-09-07T16:24:09.545708+00:00
[2023-09-07T16:24:09.558+0000] {processor.py:179} INFO - Processing /home/airflow/.local/lib/python3.8/site-packages/airflow/example_dags/example_task_group_decorator.py took 0.071 seconds
[2023-09-07T16:24:39.979+0000] {processor.py:157} INFO - Started process (PID=12506) to work on /home/airflow/.local/lib/python3.8/site-packages/airflow/example_dags/example_task_group_decorator.py
[2023-09-07T16:24:39.980+0000] {processor.py:829} INFO - Processing file /home/airflow/.local/lib/python3.8/site-packages/airflow/example_dags/example_task_group_decorator.py for tasks to queue
[2023-09-07T16:24:39.981+0000] {logging_mixin.py:151} INFO - [2023-09-07T16:24:39.981+0000] {dagbag.py:539} INFO - Filling up the DagBag from /home/airflow/.local/lib/python3.8/site-packages/airflow/example_dags/example_task_group_decorator.py
[2023-09-07T16:24:39.992+0000] {processor.py:839} INFO - DAG(s) dict_keys(['example_task_group_decorator']) retrieved from /home/airflow/.local/lib/python3.8/site-packages/airflow/example_dags/example_task_group_decorator.py
[2023-09-07T16:24:40.011+0000] {logging_mixin.py:151} INFO - [2023-09-07T16:24:40.011+0000] {dag.py:2907} INFO - Sync 1 DAGs
[2023-09-07T16:24:40.025+0000] {logging_mixin.py:151} INFO - [2023-09-07T16:24:40.024+0000] {dag.py:3677} INFO - Setting next_dagrun for example_task_group_decorator to 2023-09-06T16:24:40.024684+00:00, run_after=2023-09-07T16:24:40.024684+00:00
[2023-09-07T16:24:40.036+0000] {processor.py:179} INFO - Processing /home/airflow/.local/lib/python3.8/site-packages/airflow/example_dags/example_task_group_decorator.py took 0.060 seconds
[2023-09-07T16:25:10.362+0000] {processor.py:157} INFO - Started process (PID=12745) to work on /home/airflow/.local/lib/python3.8/site-packages/airflow/example_dags/example_task_group_decorator.py
[2023-09-07T16:25:10.364+0000] {processor.py:829} INFO - Processing file /home/airflow/.local/lib/python3.8/site-packages/airflow/example_dags/example_task_group_decorator.py for tasks to queue
[2023-09-07T16:25:10.365+0000] {logging_mixin.py:151} INFO - [2023-09-07T16:25:10.365+0000] {dagbag.py:539} INFO - Filling up the DagBag from /home/airflow/.local/lib/python3.8/site-packages/airflow/example_dags/example_task_group_decorator.py
[2023-09-07T16:25:10.379+0000] {processor.py:839} INFO - DAG(s) dict_keys(['example_task_group_decorator']) retrieved from /home/airflow/.local/lib/python3.8/site-packages/airflow/example_dags/example_task_group_decorator.py
[2023-09-07T16:25:10.401+0000] {logging_mixin.py:151} INFO - [2023-09-07T16:25:10.401+0000] {dag.py:2907} INFO - Sync 1 DAGs
[2023-09-07T16:25:10.415+0000] {logging_mixin.py:151} INFO - [2023-09-07T16:25:10.415+0000] {dag.py:3677} INFO - Setting next_dagrun for example_task_group_decorator to 2023-09-06T16:25:10.415148+00:00, run_after=2023-09-07T16:25:10.415148+00:00
[2023-09-07T16:25:10.430+0000] {processor.py:179} INFO - Processing /home/airflow/.local/lib/python3.8/site-packages/airflow/example_dags/example_task_group_decorator.py took 0.074 seconds
[2023-09-07T16:25:40.909+0000] {processor.py:157} INFO - Started process (PID=12982) to work on /home/airflow/.local/lib/python3.8/site-packages/airflow/example_dags/example_task_group_decorator.py
[2023-09-07T16:25:40.910+0000] {processor.py:829} INFO - Processing file /home/airflow/.local/lib/python3.8/site-packages/airflow/example_dags/example_task_group_decorator.py for tasks to queue
[2023-09-07T16:25:40.912+0000] {logging_mixin.py:151} INFO - [2023-09-07T16:25:40.911+0000] {dagbag.py:539} INFO - Filling up the DagBag from /home/airflow/.local/lib/python3.8/site-packages/airflow/example_dags/example_task_group_decorator.py
[2023-09-07T16:25:40.923+0000] {processor.py:839} INFO - DAG(s) dict_keys(['example_task_group_decorator']) retrieved from /home/airflow/.local/lib/python3.8/site-packages/airflow/example_dags/example_task_group_decorator.py
[2023-09-07T16:25:40.942+0000] {logging_mixin.py:151} INFO - [2023-09-07T16:25:40.942+0000] {dag.py:2907} INFO - Sync 1 DAGs
[2023-09-07T16:25:40.956+0000] {logging_mixin.py:151} INFO - [2023-09-07T16:25:40.956+0000] {dag.py:3677} INFO - Setting next_dagrun for example_task_group_decorator to 2023-09-06T16:25:40.956595+00:00, run_after=2023-09-07T16:25:40.956595+00:00
[2023-09-07T16:25:40.969+0000] {processor.py:179} INFO - Processing /home/airflow/.local/lib/python3.8/site-packages/airflow/example_dags/example_task_group_decorator.py took 0.063 seconds
[2023-09-07T16:26:11.358+0000] {processor.py:157} INFO - Started process (PID=13220) to work on /home/airflow/.local/lib/python3.8/site-packages/airflow/example_dags/example_task_group_decorator.py
[2023-09-07T16:26:11.359+0000] {processor.py:829} INFO - Processing file /home/airflow/.local/lib/python3.8/site-packages/airflow/example_dags/example_task_group_decorator.py for tasks to queue
[2023-09-07T16:26:11.360+0000] {logging_mixin.py:151} INFO - [2023-09-07T16:26:11.360+0000] {dagbag.py:539} INFO - Filling up the DagBag from /home/airflow/.local/lib/python3.8/site-packages/airflow/example_dags/example_task_group_decorator.py
[2023-09-07T16:26:11.372+0000] {processor.py:839} INFO - DAG(s) dict_keys(['example_task_group_decorator']) retrieved from /home/airflow/.local/lib/python3.8/site-packages/airflow/example_dags/example_task_group_decorator.py
[2023-09-07T16:26:11.393+0000] {logging_mixin.py:151} INFO - [2023-09-07T16:26:11.393+0000] {dag.py:2907} INFO - Sync 1 DAGs
[2023-09-07T16:26:11.407+0000] {logging_mixin.py:151} INFO - [2023-09-07T16:26:11.407+0000] {dag.py:3677} INFO - Setting next_dagrun for example_task_group_decorator to 2023-09-06T16:26:11.407110+00:00, run_after=2023-09-07T16:26:11.407110+00:00
[2023-09-07T16:26:11.419+0000] {processor.py:179} INFO - Processing /home/airflow/.local/lib/python3.8/site-packages/airflow/example_dags/example_task_group_decorator.py took 0.065 seconds
[2023-09-07T16:26:42.144+0000] {processor.py:157} INFO - Started process (PID=13461) to work on /home/airflow/.local/lib/python3.8/site-packages/airflow/example_dags/example_task_group_decorator.py
[2023-09-07T16:26:42.146+0000] {processor.py:829} INFO - Processing file /home/airflow/.local/lib/python3.8/site-packages/airflow/example_dags/example_task_group_decorator.py for tasks to queue
[2023-09-07T16:26:42.147+0000] {logging_mixin.py:151} INFO - [2023-09-07T16:26:42.146+0000] {dagbag.py:539} INFO - Filling up the DagBag from /home/airflow/.local/lib/python3.8/site-packages/airflow/example_dags/example_task_group_decorator.py
[2023-09-07T16:26:42.157+0000] {processor.py:839} INFO - DAG(s) dict_keys(['example_task_group_decorator']) retrieved from /home/airflow/.local/lib/python3.8/site-packages/airflow/example_dags/example_task_group_decorator.py
[2023-09-07T16:26:42.175+0000] {logging_mixin.py:151} INFO - [2023-09-07T16:26:42.175+0000] {dag.py:2907} INFO - Sync 1 DAGs
[2023-09-07T16:26:42.188+0000] {logging_mixin.py:151} INFO - [2023-09-07T16:26:42.188+0000] {dag.py:3677} INFO - Setting next_dagrun for example_task_group_decorator to 2023-09-06T16:26:42.187952+00:00, run_after=2023-09-07T16:26:42.187952+00:00
[2023-09-07T16:26:42.198+0000] {processor.py:179} INFO - Processing /home/airflow/.local/lib/python3.8/site-packages/airflow/example_dags/example_task_group_decorator.py took 0.057 seconds
[2023-09-07T16:27:12.292+0000] {processor.py:157} INFO - Started process (PID=13699) to work on /home/airflow/.local/lib/python3.8/site-packages/airflow/example_dags/example_task_group_decorator.py
[2023-09-07T16:27:12.293+0000] {processor.py:829} INFO - Processing file /home/airflow/.local/lib/python3.8/site-packages/airflow/example_dags/example_task_group_decorator.py for tasks to queue
[2023-09-07T16:27:12.294+0000] {logging_mixin.py:151} INFO - [2023-09-07T16:27:12.293+0000] {dagbag.py:539} INFO - Filling up the DagBag from /home/airflow/.local/lib/python3.8/site-packages/airflow/example_dags/example_task_group_decorator.py
[2023-09-07T16:27:12.303+0000] {processor.py:839} INFO - DAG(s) dict_keys(['example_task_group_decorator']) retrieved from /home/airflow/.local/lib/python3.8/site-packages/airflow/example_dags/example_task_group_decorator.py
[2023-09-07T16:27:12.321+0000] {logging_mixin.py:151} INFO - [2023-09-07T16:27:12.321+0000] {dag.py:2907} INFO - Sync 1 DAGs
[2023-09-07T16:27:12.336+0000] {logging_mixin.py:151} INFO - [2023-09-07T16:27:12.336+0000] {dag.py:3677} INFO - Setting next_dagrun for example_task_group_decorator to 2023-09-06T16:27:12.336126+00:00, run_after=2023-09-07T16:27:12.336126+00:00
[2023-09-07T16:27:12.350+0000] {processor.py:179} INFO - Processing /home/airflow/.local/lib/python3.8/site-packages/airflow/example_dags/example_task_group_decorator.py took 0.061 seconds
[2023-09-07T16:27:43.017+0000] {processor.py:157} INFO - Started process (PID=13936) to work on /home/airflow/.local/lib/python3.8/site-packages/airflow/example_dags/example_task_group_decorator.py
[2023-09-07T16:27:43.019+0000] {processor.py:829} INFO - Processing file /home/airflow/.local/lib/python3.8/site-packages/airflow/example_dags/example_task_group_decorator.py for tasks to queue
[2023-09-07T16:27:43.020+0000] {logging_mixin.py:151} INFO - [2023-09-07T16:27:43.020+0000] {dagbag.py:539} INFO - Filling up the DagBag from /home/airflow/.local/lib/python3.8/site-packages/airflow/example_dags/example_task_group_decorator.py
[2023-09-07T16:27:43.036+0000] {processor.py:839} INFO - DAG(s) dict_keys(['example_task_group_decorator']) retrieved from /home/airflow/.local/lib/python3.8/site-packages/airflow/example_dags/example_task_group_decorator.py
[2023-09-07T16:27:43.064+0000] {logging_mixin.py:151} INFO - [2023-09-07T16:27:43.064+0000] {dag.py:2907} INFO - Sync 1 DAGs
[2023-09-07T16:27:43.088+0000] {logging_mixin.py:151} INFO - [2023-09-07T16:27:43.088+0000] {dag.py:3677} INFO - Setting next_dagrun for example_task_group_decorator to 2023-09-06T16:27:43.088334+00:00, run_after=2023-09-07T16:27:43.088334+00:00
[2023-09-07T16:27:43.101+0000] {processor.py:179} INFO - Processing /home/airflow/.local/lib/python3.8/site-packages/airflow/example_dags/example_task_group_decorator.py took 0.087 seconds
[2023-09-07T16:28:13.295+0000] {processor.py:157} INFO - Started process (PID=14174) to work on /home/airflow/.local/lib/python3.8/site-packages/airflow/example_dags/example_task_group_decorator.py
[2023-09-07T16:28:13.296+0000] {processor.py:829} INFO - Processing file /home/airflow/.local/lib/python3.8/site-packages/airflow/example_dags/example_task_group_decorator.py for tasks to queue
[2023-09-07T16:28:13.297+0000] {logging_mixin.py:151} INFO - [2023-09-07T16:28:13.297+0000] {dagbag.py:539} INFO - Filling up the DagBag from /home/airflow/.local/lib/python3.8/site-packages/airflow/example_dags/example_task_group_decorator.py
[2023-09-07T16:28:13.307+0000] {processor.py:839} INFO - DAG(s) dict_keys(['example_task_group_decorator']) retrieved from /home/airflow/.local/lib/python3.8/site-packages/airflow/example_dags/example_task_group_decorator.py
[2023-09-07T16:28:13.325+0000] {logging_mixin.py:151} INFO - [2023-09-07T16:28:13.325+0000] {dag.py:2907} INFO - Sync 1 DAGs
[2023-09-07T16:28:13.338+0000] {logging_mixin.py:151} INFO - [2023-09-07T16:28:13.338+0000] {dag.py:3677} INFO - Setting next_dagrun for example_task_group_decorator to 2023-09-06T16:28:13.337974+00:00, run_after=2023-09-07T16:28:13.337974+00:00
[2023-09-07T16:28:13.349+0000] {processor.py:179} INFO - Processing /home/airflow/.local/lib/python3.8/site-packages/airflow/example_dags/example_task_group_decorator.py took 0.057 seconds
[2023-09-07T16:28:44.206+0000] {processor.py:157} INFO - Started process (PID=14412) to work on /home/airflow/.local/lib/python3.8/site-packages/airflow/example_dags/example_task_group_decorator.py
[2023-09-07T16:28:44.207+0000] {processor.py:829} INFO - Processing file /home/airflow/.local/lib/python3.8/site-packages/airflow/example_dags/example_task_group_decorator.py for tasks to queue
[2023-09-07T16:28:44.208+0000] {logging_mixin.py:151} INFO - [2023-09-07T16:28:44.208+0000] {dagbag.py:539} INFO - Filling up the DagBag from /home/airflow/.local/lib/python3.8/site-packages/airflow/example_dags/example_task_group_decorator.py
[2023-09-07T16:28:44.219+0000] {processor.py:839} INFO - DAG(s) dict_keys(['example_task_group_decorator']) retrieved from /home/airflow/.local/lib/python3.8/site-packages/airflow/example_dags/example_task_group_decorator.py
[2023-09-07T16:28:44.239+0000] {logging_mixin.py:151} INFO - [2023-09-07T16:28:44.239+0000] {dag.py:2907} INFO - Sync 1 DAGs
[2023-09-07T16:28:44.254+0000] {logging_mixin.py:151} INFO - [2023-09-07T16:28:44.254+0000] {dag.py:3677} INFO - Setting next_dagrun for example_task_group_decorator to 2023-09-06T16:28:44.253770+00:00, run_after=2023-09-07T16:28:44.253770+00:00
[2023-09-07T16:28:44.266+0000] {processor.py:179} INFO - Processing /home/airflow/.local/lib/python3.8/site-packages/airflow/example_dags/example_task_group_decorator.py took 0.063 seconds
[2023-09-07T16:29:14.923+0000] {processor.py:157} INFO - Started process (PID=14649) to work on /home/airflow/.local/lib/python3.8/site-packages/airflow/example_dags/example_task_group_decorator.py
[2023-09-07T16:29:14.924+0000] {processor.py:829} INFO - Processing file /home/airflow/.local/lib/python3.8/site-packages/airflow/example_dags/example_task_group_decorator.py for tasks to queue
[2023-09-07T16:29:14.925+0000] {logging_mixin.py:151} INFO - [2023-09-07T16:29:14.925+0000] {dagbag.py:539} INFO - Filling up the DagBag from /home/airflow/.local/lib/python3.8/site-packages/airflow/example_dags/example_task_group_decorator.py
[2023-09-07T16:29:14.937+0000] {processor.py:839} INFO - DAG(s) dict_keys(['example_task_group_decorator']) retrieved from /home/airflow/.local/lib/python3.8/site-packages/airflow/example_dags/example_task_group_decorator.py
[2023-09-07T16:29:14.956+0000] {logging_mixin.py:151} INFO - [2023-09-07T16:29:14.956+0000] {dag.py:2907} INFO - Sync 1 DAGs
[2023-09-07T16:29:14.969+0000] {logging_mixin.py:151} INFO - [2023-09-07T16:29:14.969+0000] {dag.py:3677} INFO - Setting next_dagrun for example_task_group_decorator to 2023-09-06T16:29:14.969241+00:00, run_after=2023-09-07T16:29:14.969241+00:00
[2023-09-07T16:29:14.980+0000] {processor.py:179} INFO - Processing /home/airflow/.local/lib/python3.8/site-packages/airflow/example_dags/example_task_group_decorator.py took 0.059 seconds
[2023-09-07T16:31:00.523+0000] {processor.py:157} INFO - Started process (PID=14890) to work on /home/airflow/.local/lib/python3.8/site-packages/airflow/example_dags/example_task_group_decorator.py
[2023-09-07T16:31:00.524+0000] {processor.py:829} INFO - Processing file /home/airflow/.local/lib/python3.8/site-packages/airflow/example_dags/example_task_group_decorator.py for tasks to queue
[2023-09-07T16:31:00.526+0000] {logging_mixin.py:151} INFO - [2023-09-07T16:31:00.525+0000] {dagbag.py:539} INFO - Filling up the DagBag from /home/airflow/.local/lib/python3.8/site-packages/airflow/example_dags/example_task_group_decorator.py
[2023-09-07T16:31:00.538+0000] {processor.py:839} INFO - DAG(s) dict_keys(['example_task_group_decorator']) retrieved from /home/airflow/.local/lib/python3.8/site-packages/airflow/example_dags/example_task_group_decorator.py
[2023-09-07T16:31:00.563+0000] {logging_mixin.py:151} INFO - [2023-09-07T16:31:00.563+0000] {dag.py:2907} INFO - Sync 1 DAGs
[2023-09-07T16:31:00.582+0000] {logging_mixin.py:151} INFO - [2023-09-07T16:31:00.582+0000] {dag.py:3677} INFO - Setting next_dagrun for example_task_group_decorator to 2023-09-06T16:31:00.582257+00:00, run_after=2023-09-07T16:31:00.582257+00:00
[2023-09-07T16:31:00.595+0000] {processor.py:179} INFO - Processing /home/airflow/.local/lib/python3.8/site-packages/airflow/example_dags/example_task_group_decorator.py took 0.076 seconds
[2023-09-07T16:31:31.729+0000] {processor.py:157} INFO - Started process (PID=15128) to work on /home/airflow/.local/lib/python3.8/site-packages/airflow/example_dags/example_task_group_decorator.py
[2023-09-07T16:31:31.731+0000] {processor.py:829} INFO - Processing file /home/airflow/.local/lib/python3.8/site-packages/airflow/example_dags/example_task_group_decorator.py for tasks to queue
[2023-09-07T16:31:31.732+0000] {logging_mixin.py:151} INFO - [2023-09-07T16:31:31.731+0000] {dagbag.py:539} INFO - Filling up the DagBag from /home/airflow/.local/lib/python3.8/site-packages/airflow/example_dags/example_task_group_decorator.py
[2023-09-07T16:31:31.742+0000] {processor.py:839} INFO - DAG(s) dict_keys(['example_task_group_decorator']) retrieved from /home/airflow/.local/lib/python3.8/site-packages/airflow/example_dags/example_task_group_decorator.py
[2023-09-07T16:31:31.762+0000] {logging_mixin.py:151} INFO - [2023-09-07T16:31:31.761+0000] {dag.py:2907} INFO - Sync 1 DAGs
[2023-09-07T16:31:31.775+0000] {logging_mixin.py:151} INFO - [2023-09-07T16:31:31.775+0000] {dag.py:3677} INFO - Setting next_dagrun for example_task_group_decorator to 2023-09-06T16:31:31.774916+00:00, run_after=2023-09-07T16:31:31.774916+00:00
[2023-09-07T16:31:31.785+0000] {processor.py:179} INFO - Processing /home/airflow/.local/lib/python3.8/site-packages/airflow/example_dags/example_task_group_decorator.py took 0.059 seconds
[2023-09-07T16:32:02.560+0000] {processor.py:157} INFO - Started process (PID=15366) to work on /home/airflow/.local/lib/python3.8/site-packages/airflow/example_dags/example_task_group_decorator.py
[2023-09-07T16:32:02.562+0000] {processor.py:829} INFO - Processing file /home/airflow/.local/lib/python3.8/site-packages/airflow/example_dags/example_task_group_decorator.py for tasks to queue
[2023-09-07T16:32:02.563+0000] {logging_mixin.py:151} INFO - [2023-09-07T16:32:02.563+0000] {dagbag.py:539} INFO - Filling up the DagBag from /home/airflow/.local/lib/python3.8/site-packages/airflow/example_dags/example_task_group_decorator.py
[2023-09-07T16:32:02.576+0000] {processor.py:839} INFO - DAG(s) dict_keys(['example_task_group_decorator']) retrieved from /home/airflow/.local/lib/python3.8/site-packages/airflow/example_dags/example_task_group_decorator.py
[2023-09-07T16:32:02.602+0000] {logging_mixin.py:151} INFO - [2023-09-07T16:32:02.601+0000] {dag.py:2907} INFO - Sync 1 DAGs
[2023-09-07T16:32:02.617+0000] {logging_mixin.py:151} INFO - [2023-09-07T16:32:02.617+0000] {dag.py:3677} INFO - Setting next_dagrun for example_task_group_decorator to 2023-09-06T16:32:02.616803+00:00, run_after=2023-09-07T16:32:02.616803+00:00
[2023-09-07T16:32:02.628+0000] {processor.py:179} INFO - Processing /home/airflow/.local/lib/python3.8/site-packages/airflow/example_dags/example_task_group_decorator.py took 0.071 seconds
[2023-09-07T16:32:35.980+0000] {processor.py:157} INFO - Started process (PID=15604) to work on /home/airflow/.local/lib/python3.8/site-packages/airflow/example_dags/example_task_group_decorator.py
[2023-09-07T16:32:35.983+0000] {processor.py:829} INFO - Processing file /home/airflow/.local/lib/python3.8/site-packages/airflow/example_dags/example_task_group_decorator.py for tasks to queue
[2023-09-07T16:32:35.984+0000] {logging_mixin.py:151} INFO - [2023-09-07T16:32:35.984+0000] {dagbag.py:539} INFO - Filling up the DagBag from /home/airflow/.local/lib/python3.8/site-packages/airflow/example_dags/example_task_group_decorator.py
[2023-09-07T16:32:35.998+0000] {processor.py:839} INFO - DAG(s) dict_keys(['example_task_group_decorator']) retrieved from /home/airflow/.local/lib/python3.8/site-packages/airflow/example_dags/example_task_group_decorator.py
[2023-09-07T16:32:36.020+0000] {logging_mixin.py:151} INFO - [2023-09-07T16:32:36.020+0000] {dag.py:2907} INFO - Sync 1 DAGs
[2023-09-07T16:32:36.036+0000] {logging_mixin.py:151} INFO - [2023-09-07T16:32:36.035+0000] {dag.py:3677} INFO - Setting next_dagrun for example_task_group_decorator to 2023-09-06T16:32:36.035686+00:00, run_after=2023-09-07T16:32:36.035686+00:00
[2023-09-07T16:32:36.048+0000] {processor.py:179} INFO - Processing /home/airflow/.local/lib/python3.8/site-packages/airflow/example_dags/example_task_group_decorator.py took 0.073 seconds
[2023-09-07T16:33:09.242+0000] {processor.py:157} INFO - Started process (PID=15842) to work on /home/airflow/.local/lib/python3.8/site-packages/airflow/example_dags/example_task_group_decorator.py
[2023-09-07T16:33:09.244+0000] {processor.py:829} INFO - Processing file /home/airflow/.local/lib/python3.8/site-packages/airflow/example_dags/example_task_group_decorator.py for tasks to queue
[2023-09-07T16:33:09.246+0000] {logging_mixin.py:151} INFO - [2023-09-07T16:33:09.246+0000] {dagbag.py:539} INFO - Filling up the DagBag from /home/airflow/.local/lib/python3.8/site-packages/airflow/example_dags/example_task_group_decorator.py
[2023-09-07T16:33:09.266+0000] {processor.py:839} INFO - DAG(s) dict_keys(['example_task_group_decorator']) retrieved from /home/airflow/.local/lib/python3.8/site-packages/airflow/example_dags/example_task_group_decorator.py
[2023-09-07T16:33:09.306+0000] {logging_mixin.py:151} INFO - [2023-09-07T16:33:09.306+0000] {dag.py:2907} INFO - Sync 1 DAGs
[2023-09-07T16:33:09.325+0000] {logging_mixin.py:151} INFO - [2023-09-07T16:33:09.325+0000] {dag.py:3677} INFO - Setting next_dagrun for example_task_group_decorator to 2023-09-06T16:33:09.324801+00:00, run_after=2023-09-07T16:33:09.324801+00:00
[2023-09-07T16:33:09.341+0000] {processor.py:179} INFO - Processing /home/airflow/.local/lib/python3.8/site-packages/airflow/example_dags/example_task_group_decorator.py took 0.104 seconds
[2023-09-07T16:33:41.689+0000] {processor.py:157} INFO - Started process (PID=16080) to work on /home/airflow/.local/lib/python3.8/site-packages/airflow/example_dags/example_task_group_decorator.py
[2023-09-07T16:33:41.701+0000] {processor.py:829} INFO - Processing file /home/airflow/.local/lib/python3.8/site-packages/airflow/example_dags/example_task_group_decorator.py for tasks to queue
[2023-09-07T16:33:41.717+0000] {logging_mixin.py:151} INFO - [2023-09-07T16:33:41.717+0000] {dagbag.py:539} INFO - Filling up the DagBag from /home/airflow/.local/lib/python3.8/site-packages/airflow/example_dags/example_task_group_decorator.py
[2023-09-07T16:33:41.755+0000] {processor.py:839} INFO - DAG(s) dict_keys(['example_task_group_decorator']) retrieved from /home/airflow/.local/lib/python3.8/site-packages/airflow/example_dags/example_task_group_decorator.py
[2023-09-07T16:33:41.788+0000] {logging_mixin.py:151} INFO - [2023-09-07T16:33:41.788+0000] {dag.py:2907} INFO - Sync 1 DAGs
[2023-09-07T16:33:41.835+0000] {logging_mixin.py:151} INFO - [2023-09-07T16:33:41.834+0000] {dag.py:3677} INFO - Setting next_dagrun for example_task_group_decorator to 2023-09-06T16:33:41.822802+00:00, run_after=2023-09-07T16:33:41.822802+00:00
[2023-09-07T16:33:41.867+0000] {processor.py:179} INFO - Processing /home/airflow/.local/lib/python3.8/site-packages/airflow/example_dags/example_task_group_decorator.py took 0.184 seconds
[2023-09-07T16:34:12.205+0000] {processor.py:157} INFO - Started process (PID=16318) to work on /home/airflow/.local/lib/python3.8/site-packages/airflow/example_dags/example_task_group_decorator.py
[2023-09-07T16:34:12.207+0000] {processor.py:829} INFO - Processing file /home/airflow/.local/lib/python3.8/site-packages/airflow/example_dags/example_task_group_decorator.py for tasks to queue
[2023-09-07T16:34:12.208+0000] {logging_mixin.py:151} INFO - [2023-09-07T16:34:12.208+0000] {dagbag.py:539} INFO - Filling up the DagBag from /home/airflow/.local/lib/python3.8/site-packages/airflow/example_dags/example_task_group_decorator.py
[2023-09-07T16:34:12.220+0000] {processor.py:839} INFO - DAG(s) dict_keys(['example_task_group_decorator']) retrieved from /home/airflow/.local/lib/python3.8/site-packages/airflow/example_dags/example_task_group_decorator.py
[2023-09-07T16:34:12.255+0000] {logging_mixin.py:151} INFO - [2023-09-07T16:34:12.255+0000] {dag.py:2907} INFO - Sync 1 DAGs
[2023-09-07T16:34:12.287+0000] {logging_mixin.py:151} INFO - [2023-09-07T16:34:12.286+0000] {dag.py:3677} INFO - Setting next_dagrun for example_task_group_decorator to 2023-09-06T16:34:12.286627+00:00, run_after=2023-09-07T16:34:12.286627+00:00
[2023-09-07T16:34:12.303+0000] {processor.py:179} INFO - Processing /home/airflow/.local/lib/python3.8/site-packages/airflow/example_dags/example_task_group_decorator.py took 0.103 seconds
