[2023-09-07T15:58:28.078+0000] {processor.py:157} INFO - Started process (PID=367) to work on /home/airflow/.local/lib/python3.8/site-packages/airflow/example_dags/example_dag_decorator.py
[2023-09-07T15:58:28.080+0000] {processor.py:829} INFO - Processing file /home/airflow/.local/lib/python3.8/site-packages/airflow/example_dags/example_dag_decorator.py for tasks to queue
[2023-09-07T15:58:28.081+0000] {logging_mixin.py:151} INFO - [2023-09-07T15:58:28.080+0000] {dagbag.py:539} INFO - Filling up the DagBag from /home/airflow/.local/lib/python3.8/site-packages/airflow/example_dags/example_dag_decorator.py
[2023-09-07T15:58:28.290+0000] {processor.py:839} INFO - DAG(s) dict_keys(['example_dag_decorator']) retrieved from /home/airflow/.local/lib/python3.8/site-packages/airflow/example_dags/example_dag_decorator.py
[2023-09-07T15:58:28.342+0000] {logging_mixin.py:151} INFO - [2023-09-07T15:58:28.341+0000] {dag.py:2907} INFO - Sync 1 DAGs
[2023-09-07T15:58:28.588+0000] {logging_mixin.py:151} INFO - [2023-09-07T15:58:28.588+0000] {dag.py:3677} INFO - Setting next_dagrun for example_dag_decorator to None, run_after=None
[2023-09-07T15:58:28.605+0000] {processor.py:179} INFO - Processing /home/airflow/.local/lib/python3.8/site-packages/airflow/example_dags/example_dag_decorator.py took 0.530 seconds
[2023-09-07T15:58:59.184+0000] {processor.py:157} INFO - Started process (PID=605) to work on /home/airflow/.local/lib/python3.8/site-packages/airflow/example_dags/example_dag_decorator.py
[2023-09-07T15:58:59.186+0000] {processor.py:829} INFO - Processing file /home/airflow/.local/lib/python3.8/site-packages/airflow/example_dags/example_dag_decorator.py for tasks to queue
[2023-09-07T15:58:59.188+0000] {logging_mixin.py:151} INFO - [2023-09-07T15:58:59.187+0000] {dagbag.py:539} INFO - Filling up the DagBag from /home/airflow/.local/lib/python3.8/site-packages/airflow/example_dags/example_dag_decorator.py
[2023-09-07T15:58:59.332+0000] {processor.py:839} INFO - DAG(s) dict_keys(['example_dag_decorator']) retrieved from /home/airflow/.local/lib/python3.8/site-packages/airflow/example_dags/example_dag_decorator.py
[2023-09-07T15:58:59.401+0000] {logging_mixin.py:151} INFO - [2023-09-07T15:58:59.401+0000] {dag.py:2907} INFO - Sync 1 DAGs
[2023-09-07T15:58:59.408+0000] {logging_mixin.py:151} INFO - [2023-09-07T15:58:59.407+0000] {dag.py:3677} INFO - Setting next_dagrun for example_dag_decorator to None, run_after=None
[2023-09-07T15:58:59.416+0000] {processor.py:179} INFO - Processing /home/airflow/.local/lib/python3.8/site-packages/airflow/example_dags/example_dag_decorator.py took 0.236 seconds
[2023-09-07T15:59:31.159+0000] {processor.py:157} INFO - Started process (PID=843) to work on /home/airflow/.local/lib/python3.8/site-packages/airflow/example_dags/example_dag_decorator.py
[2023-09-07T15:59:31.160+0000] {processor.py:829} INFO - Processing file /home/airflow/.local/lib/python3.8/site-packages/airflow/example_dags/example_dag_decorator.py for tasks to queue
[2023-09-07T15:59:31.162+0000] {logging_mixin.py:151} INFO - [2023-09-07T15:59:31.161+0000] {dagbag.py:539} INFO - Filling up the DagBag from /home/airflow/.local/lib/python3.8/site-packages/airflow/example_dags/example_dag_decorator.py
[2023-09-07T15:59:31.212+0000] {processor.py:839} INFO - DAG(s) dict_keys(['example_dag_decorator']) retrieved from /home/airflow/.local/lib/python3.8/site-packages/airflow/example_dags/example_dag_decorator.py
[2023-09-07T15:59:31.305+0000] {logging_mixin.py:151} INFO - [2023-09-07T15:59:31.305+0000] {dag.py:2907} INFO - Sync 1 DAGs
[2023-09-07T15:59:31.312+0000] {logging_mixin.py:151} INFO - [2023-09-07T15:59:31.312+0000] {dag.py:3677} INFO - Setting next_dagrun for example_dag_decorator to None, run_after=None
[2023-09-07T15:59:31.324+0000] {processor.py:179} INFO - Processing /home/airflow/.local/lib/python3.8/site-packages/airflow/example_dags/example_dag_decorator.py took 0.168 seconds
[2023-09-07T16:00:02.562+0000] {processor.py:157} INFO - Started process (PID=1083) to work on /home/airflow/.local/lib/python3.8/site-packages/airflow/example_dags/example_dag_decorator.py
[2023-09-07T16:00:02.564+0000] {processor.py:829} INFO - Processing file /home/airflow/.local/lib/python3.8/site-packages/airflow/example_dags/example_dag_decorator.py for tasks to queue
[2023-09-07T16:00:02.565+0000] {logging_mixin.py:151} INFO - [2023-09-07T16:00:02.565+0000] {dagbag.py:539} INFO - Filling up the DagBag from /home/airflow/.local/lib/python3.8/site-packages/airflow/example_dags/example_dag_decorator.py
[2023-09-07T16:00:02.657+0000] {processor.py:839} INFO - DAG(s) dict_keys(['example_dag_decorator']) retrieved from /home/airflow/.local/lib/python3.8/site-packages/airflow/example_dags/example_dag_decorator.py
[2023-09-07T16:00:02.788+0000] {logging_mixin.py:151} INFO - [2023-09-07T16:00:02.788+0000] {dag.py:2907} INFO - Sync 1 DAGs
[2023-09-07T16:00:02.800+0000] {logging_mixin.py:151} INFO - [2023-09-07T16:00:02.800+0000] {dag.py:3677} INFO - Setting next_dagrun for example_dag_decorator to None, run_after=None
[2023-09-07T16:00:02.816+0000] {processor.py:179} INFO - Processing /home/airflow/.local/lib/python3.8/site-packages/airflow/example_dags/example_dag_decorator.py took 0.257 seconds
[2023-09-07T16:00:38.378+0000] {processor.py:157} INFO - Started process (PID=1318) to work on /home/airflow/.local/lib/python3.8/site-packages/airflow/example_dags/example_dag_decorator.py
[2023-09-07T16:00:38.381+0000] {processor.py:829} INFO - Processing file /home/airflow/.local/lib/python3.8/site-packages/airflow/example_dags/example_dag_decorator.py for tasks to queue
[2023-09-07T16:00:38.387+0000] {logging_mixin.py:151} INFO - [2023-09-07T16:00:38.385+0000] {dagbag.py:539} INFO - Filling up the DagBag from /home/airflow/.local/lib/python3.8/site-packages/airflow/example_dags/example_dag_decorator.py
[2023-09-07T16:00:38.551+0000] {processor.py:839} INFO - DAG(s) dict_keys(['example_dag_decorator']) retrieved from /home/airflow/.local/lib/python3.8/site-packages/airflow/example_dags/example_dag_decorator.py
[2023-09-07T16:00:38.679+0000] {logging_mixin.py:151} INFO - [2023-09-07T16:00:38.679+0000] {dag.py:2907} INFO - Sync 1 DAGs
[2023-09-07T16:00:38.690+0000] {logging_mixin.py:151} INFO - [2023-09-07T16:00:38.690+0000] {dag.py:3677} INFO - Setting next_dagrun for example_dag_decorator to None, run_after=None
[2023-09-07T16:00:38.705+0000] {processor.py:179} INFO - Processing /home/airflow/.local/lib/python3.8/site-packages/airflow/example_dags/example_dag_decorator.py took 0.332 seconds
[2023-09-07T16:01:09.039+0000] {processor.py:157} INFO - Started process (PID=1587) to work on /home/airflow/.local/lib/python3.8/site-packages/airflow/example_dags/example_dag_decorator.py
[2023-09-07T16:01:09.040+0000] {processor.py:829} INFO - Processing file /home/airflow/.local/lib/python3.8/site-packages/airflow/example_dags/example_dag_decorator.py for tasks to queue
[2023-09-07T16:01:09.041+0000] {logging_mixin.py:151} INFO - [2023-09-07T16:01:09.041+0000] {dagbag.py:539} INFO - Filling up the DagBag from /home/airflow/.local/lib/python3.8/site-packages/airflow/example_dags/example_dag_decorator.py
[2023-09-07T16:01:09.219+0000] {processor.py:839} INFO - DAG(s) dict_keys(['example_dag_decorator']) retrieved from /home/airflow/.local/lib/python3.8/site-packages/airflow/example_dags/example_dag_decorator.py
[2023-09-07T16:01:09.251+0000] {logging_mixin.py:151} INFO - [2023-09-07T16:01:09.250+0000] {dag.py:2907} INFO - Sync 1 DAGs
[2023-09-07T16:01:09.269+0000] {logging_mixin.py:151} INFO - [2023-09-07T16:01:09.268+0000] {dag.py:3677} INFO - Setting next_dagrun for example_dag_decorator to None, run_after=None
[2023-09-07T16:01:09.289+0000] {processor.py:179} INFO - Processing /home/airflow/.local/lib/python3.8/site-packages/airflow/example_dags/example_dag_decorator.py took 0.252 seconds
[2023-09-07T16:01:39.890+0000] {processor.py:157} INFO - Started process (PID=1818) to work on /home/airflow/.local/lib/python3.8/site-packages/airflow/example_dags/example_dag_decorator.py
[2023-09-07T16:01:39.893+0000] {processor.py:829} INFO - Processing file /home/airflow/.local/lib/python3.8/site-packages/airflow/example_dags/example_dag_decorator.py for tasks to queue
[2023-09-07T16:01:39.894+0000] {logging_mixin.py:151} INFO - [2023-09-07T16:01:39.894+0000] {dagbag.py:539} INFO - Filling up the DagBag from /home/airflow/.local/lib/python3.8/site-packages/airflow/example_dags/example_dag_decorator.py
[2023-09-07T16:01:40.021+0000] {processor.py:839} INFO - DAG(s) dict_keys(['example_dag_decorator']) retrieved from /home/airflow/.local/lib/python3.8/site-packages/airflow/example_dags/example_dag_decorator.py
[2023-09-07T16:01:40.186+0000] {logging_mixin.py:151} INFO - [2023-09-07T16:01:40.186+0000] {dag.py:2907} INFO - Sync 1 DAGs
[2023-09-07T16:01:40.199+0000] {logging_mixin.py:151} INFO - [2023-09-07T16:01:40.198+0000] {dag.py:3677} INFO - Setting next_dagrun for example_dag_decorator to None, run_after=None
[2023-09-07T16:01:40.217+0000] {processor.py:179} INFO - Processing /home/airflow/.local/lib/python3.8/site-packages/airflow/example_dags/example_dag_decorator.py took 0.330 seconds
[2023-09-07T16:02:11.037+0000] {processor.py:157} INFO - Started process (PID=2056) to work on /home/airflow/.local/lib/python3.8/site-packages/airflow/example_dags/example_dag_decorator.py
[2023-09-07T16:02:11.039+0000] {processor.py:829} INFO - Processing file /home/airflow/.local/lib/python3.8/site-packages/airflow/example_dags/example_dag_decorator.py for tasks to queue
[2023-09-07T16:02:11.040+0000] {logging_mixin.py:151} INFO - [2023-09-07T16:02:11.040+0000] {dagbag.py:539} INFO - Filling up the DagBag from /home/airflow/.local/lib/python3.8/site-packages/airflow/example_dags/example_dag_decorator.py
[2023-09-07T16:02:11.111+0000] {processor.py:839} INFO - DAG(s) dict_keys(['example_dag_decorator']) retrieved from /home/airflow/.local/lib/python3.8/site-packages/airflow/example_dags/example_dag_decorator.py
[2023-09-07T16:02:11.225+0000] {logging_mixin.py:151} INFO - [2023-09-07T16:02:11.225+0000] {dag.py:2907} INFO - Sync 1 DAGs
[2023-09-07T16:02:11.235+0000] {logging_mixin.py:151} INFO - [2023-09-07T16:02:11.235+0000] {dag.py:3677} INFO - Setting next_dagrun for example_dag_decorator to None, run_after=None
[2023-09-07T16:02:11.249+0000] {processor.py:179} INFO - Processing /home/airflow/.local/lib/python3.8/site-packages/airflow/example_dags/example_dag_decorator.py took 0.216 seconds
[2023-09-07T16:02:42.113+0000] {processor.py:157} INFO - Started process (PID=2299) to work on /home/airflow/.local/lib/python3.8/site-packages/airflow/example_dags/example_dag_decorator.py
[2023-09-07T16:02:42.115+0000] {processor.py:829} INFO - Processing file /home/airflow/.local/lib/python3.8/site-packages/airflow/example_dags/example_dag_decorator.py for tasks to queue
[2023-09-07T16:02:42.116+0000] {logging_mixin.py:151} INFO - [2023-09-07T16:02:42.116+0000] {dagbag.py:539} INFO - Filling up the DagBag from /home/airflow/.local/lib/python3.8/site-packages/airflow/example_dags/example_dag_decorator.py
[2023-09-07T16:02:42.190+0000] {processor.py:839} INFO - DAG(s) dict_keys(['example_dag_decorator']) retrieved from /home/airflow/.local/lib/python3.8/site-packages/airflow/example_dags/example_dag_decorator.py
[2023-09-07T16:02:42.302+0000] {logging_mixin.py:151} INFO - [2023-09-07T16:02:42.302+0000] {dag.py:2907} INFO - Sync 1 DAGs
[2023-09-07T16:02:42.311+0000] {logging_mixin.py:151} INFO - [2023-09-07T16:02:42.311+0000] {dag.py:3677} INFO - Setting next_dagrun for example_dag_decorator to None, run_after=None
[2023-09-07T16:02:42.324+0000] {processor.py:179} INFO - Processing /home/airflow/.local/lib/python3.8/site-packages/airflow/example_dags/example_dag_decorator.py took 0.213 seconds
[2023-09-07T16:03:12.532+0000] {processor.py:157} INFO - Started process (PID=2532) to work on /home/airflow/.local/lib/python3.8/site-packages/airflow/example_dags/example_dag_decorator.py
[2023-09-07T16:03:12.534+0000] {processor.py:829} INFO - Processing file /home/airflow/.local/lib/python3.8/site-packages/airflow/example_dags/example_dag_decorator.py for tasks to queue
[2023-09-07T16:03:12.535+0000] {logging_mixin.py:151} INFO - [2023-09-07T16:03:12.534+0000] {dagbag.py:539} INFO - Filling up the DagBag from /home/airflow/.local/lib/python3.8/site-packages/airflow/example_dags/example_dag_decorator.py
[2023-09-07T16:03:12.591+0000] {processor.py:839} INFO - DAG(s) dict_keys(['example_dag_decorator']) retrieved from /home/airflow/.local/lib/python3.8/site-packages/airflow/example_dags/example_dag_decorator.py
[2023-09-07T16:03:12.686+0000] {logging_mixin.py:151} INFO - [2023-09-07T16:03:12.685+0000] {dag.py:2907} INFO - Sync 1 DAGs
[2023-09-07T16:03:12.697+0000] {logging_mixin.py:151} INFO - [2023-09-07T16:03:12.697+0000] {dag.py:3677} INFO - Setting next_dagrun for example_dag_decorator to None, run_after=None
[2023-09-07T16:03:12.711+0000] {processor.py:179} INFO - Processing /home/airflow/.local/lib/python3.8/site-packages/airflow/example_dags/example_dag_decorator.py took 0.181 seconds
[2023-09-07T16:03:43.392+0000] {processor.py:157} INFO - Started process (PID=2770) to work on /home/airflow/.local/lib/python3.8/site-packages/airflow/example_dags/example_dag_decorator.py
[2023-09-07T16:03:43.393+0000] {processor.py:829} INFO - Processing file /home/airflow/.local/lib/python3.8/site-packages/airflow/example_dags/example_dag_decorator.py for tasks to queue
[2023-09-07T16:03:43.394+0000] {logging_mixin.py:151} INFO - [2023-09-07T16:03:43.394+0000] {dagbag.py:539} INFO - Filling up the DagBag from /home/airflow/.local/lib/python3.8/site-packages/airflow/example_dags/example_dag_decorator.py
[2023-09-07T16:03:43.440+0000] {processor.py:839} INFO - DAG(s) dict_keys(['example_dag_decorator']) retrieved from /home/airflow/.local/lib/python3.8/site-packages/airflow/example_dags/example_dag_decorator.py
[2023-09-07T16:03:43.556+0000] {logging_mixin.py:151} INFO - [2023-09-07T16:03:43.556+0000] {dag.py:2907} INFO - Sync 1 DAGs
[2023-09-07T16:03:43.566+0000] {logging_mixin.py:151} INFO - [2023-09-07T16:03:43.566+0000] {dag.py:3677} INFO - Setting next_dagrun for example_dag_decorator to None, run_after=None
[2023-09-07T16:03:43.578+0000] {processor.py:179} INFO - Processing /home/airflow/.local/lib/python3.8/site-packages/airflow/example_dags/example_dag_decorator.py took 0.189 seconds
[2023-09-07T16:04:14.268+0000] {processor.py:157} INFO - Started process (PID=3013) to work on /home/airflow/.local/lib/python3.8/site-packages/airflow/example_dags/example_dag_decorator.py
[2023-09-07T16:04:14.270+0000] {processor.py:829} INFO - Processing file /home/airflow/.local/lib/python3.8/site-packages/airflow/example_dags/example_dag_decorator.py for tasks to queue
[2023-09-07T16:04:14.271+0000] {logging_mixin.py:151} INFO - [2023-09-07T16:04:14.271+0000] {dagbag.py:539} INFO - Filling up the DagBag from /home/airflow/.local/lib/python3.8/site-packages/airflow/example_dags/example_dag_decorator.py
[2023-09-07T16:04:14.331+0000] {processor.py:839} INFO - DAG(s) dict_keys(['example_dag_decorator']) retrieved from /home/airflow/.local/lib/python3.8/site-packages/airflow/example_dags/example_dag_decorator.py
[2023-09-07T16:04:14.451+0000] {logging_mixin.py:151} INFO - [2023-09-07T16:04:14.450+0000] {dag.py:2907} INFO - Sync 1 DAGs
[2023-09-07T16:04:14.478+0000] {logging_mixin.py:151} INFO - [2023-09-07T16:04:14.477+0000] {dag.py:3677} INFO - Setting next_dagrun for example_dag_decorator to None, run_after=None
[2023-09-07T16:04:14.496+0000] {processor.py:179} INFO - Processing /home/airflow/.local/lib/python3.8/site-packages/airflow/example_dags/example_dag_decorator.py took 0.231 seconds
[2023-09-07T16:04:44.720+0000] {processor.py:157} INFO - Started process (PID=3253) to work on /home/airflow/.local/lib/python3.8/site-packages/airflow/example_dags/example_dag_decorator.py
[2023-09-07T16:04:44.723+0000] {processor.py:829} INFO - Processing file /home/airflow/.local/lib/python3.8/site-packages/airflow/example_dags/example_dag_decorator.py for tasks to queue
[2023-09-07T16:04:44.725+0000] {logging_mixin.py:151} INFO - [2023-09-07T16:04:44.724+0000] {dagbag.py:539} INFO - Filling up the DagBag from /home/airflow/.local/lib/python3.8/site-packages/airflow/example_dags/example_dag_decorator.py
[2023-09-07T16:04:44.794+0000] {processor.py:839} INFO - DAG(s) dict_keys(['example_dag_decorator']) retrieved from /home/airflow/.local/lib/python3.8/site-packages/airflow/example_dags/example_dag_decorator.py
[2023-09-07T16:04:44.885+0000] {logging_mixin.py:151} INFO - [2023-09-07T16:04:44.885+0000] {dag.py:2907} INFO - Sync 1 DAGs
[2023-09-07T16:04:44.894+0000] {logging_mixin.py:151} INFO - [2023-09-07T16:04:44.893+0000] {dag.py:3677} INFO - Setting next_dagrun for example_dag_decorator to None, run_after=None
[2023-09-07T16:04:44.906+0000] {processor.py:179} INFO - Processing /home/airflow/.local/lib/python3.8/site-packages/airflow/example_dags/example_dag_decorator.py took 0.190 seconds
[2023-09-07T16:05:15.261+0000] {processor.py:157} INFO - Started process (PID=3491) to work on /home/airflow/.local/lib/python3.8/site-packages/airflow/example_dags/example_dag_decorator.py
[2023-09-07T16:05:15.263+0000] {processor.py:829} INFO - Processing file /home/airflow/.local/lib/python3.8/site-packages/airflow/example_dags/example_dag_decorator.py for tasks to queue
[2023-09-07T16:05:15.265+0000] {logging_mixin.py:151} INFO - [2023-09-07T16:05:15.264+0000] {dagbag.py:539} INFO - Filling up the DagBag from /home/airflow/.local/lib/python3.8/site-packages/airflow/example_dags/example_dag_decorator.py
[2023-09-07T16:05:15.373+0000] {processor.py:839} INFO - DAG(s) dict_keys(['example_dag_decorator']) retrieved from /home/airflow/.local/lib/python3.8/site-packages/airflow/example_dags/example_dag_decorator.py
[2023-09-07T16:05:15.559+0000] {logging_mixin.py:151} INFO - [2023-09-07T16:05:15.559+0000] {dag.py:2907} INFO - Sync 1 DAGs
[2023-09-07T16:05:15.571+0000] {logging_mixin.py:151} INFO - [2023-09-07T16:05:15.571+0000] {dag.py:3677} INFO - Setting next_dagrun for example_dag_decorator to None, run_after=None
[2023-09-07T16:05:15.592+0000] {processor.py:179} INFO - Processing /home/airflow/.local/lib/python3.8/site-packages/airflow/example_dags/example_dag_decorator.py took 0.335 seconds
[2023-09-07T16:05:45.650+0000] {processor.py:157} INFO - Started process (PID=3728) to work on /home/airflow/.local/lib/python3.8/site-packages/airflow/example_dags/example_dag_decorator.py
[2023-09-07T16:05:45.652+0000] {processor.py:829} INFO - Processing file /home/airflow/.local/lib/python3.8/site-packages/airflow/example_dags/example_dag_decorator.py for tasks to queue
[2023-09-07T16:05:45.653+0000] {logging_mixin.py:151} INFO - [2023-09-07T16:05:45.653+0000] {dagbag.py:539} INFO - Filling up the DagBag from /home/airflow/.local/lib/python3.8/site-packages/airflow/example_dags/example_dag_decorator.py
[2023-09-07T16:05:45.751+0000] {processor.py:839} INFO - DAG(s) dict_keys(['example_dag_decorator']) retrieved from /home/airflow/.local/lib/python3.8/site-packages/airflow/example_dags/example_dag_decorator.py
[2023-09-07T16:05:46.362+0000] {logging_mixin.py:151} INFO - [2023-09-07T16:05:46.360+0000] {dag.py:2907} INFO - Sync 1 DAGs
[2023-09-07T16:05:46.403+0000] {logging_mixin.py:151} INFO - [2023-09-07T16:05:46.402+0000] {dag.py:3677} INFO - Setting next_dagrun for example_dag_decorator to None, run_after=None
[2023-09-07T16:05:46.457+0000] {processor.py:179} INFO - Processing /home/airflow/.local/lib/python3.8/site-packages/airflow/example_dags/example_dag_decorator.py took 0.812 seconds
[2023-09-07T16:06:17.290+0000] {processor.py:157} INFO - Started process (PID=3980) to work on /home/airflow/.local/lib/python3.8/site-packages/airflow/example_dags/example_dag_decorator.py
[2023-09-07T16:06:17.292+0000] {processor.py:829} INFO - Processing file /home/airflow/.local/lib/python3.8/site-packages/airflow/example_dags/example_dag_decorator.py for tasks to queue
[2023-09-07T16:06:17.294+0000] {logging_mixin.py:151} INFO - [2023-09-07T16:06:17.293+0000] {dagbag.py:539} INFO - Filling up the DagBag from /home/airflow/.local/lib/python3.8/site-packages/airflow/example_dags/example_dag_decorator.py
[2023-09-07T16:06:17.415+0000] {processor.py:839} INFO - DAG(s) dict_keys(['example_dag_decorator']) retrieved from /home/airflow/.local/lib/python3.8/site-packages/airflow/example_dags/example_dag_decorator.py
[2023-09-07T16:06:17.579+0000] {logging_mixin.py:151} INFO - [2023-09-07T16:06:17.579+0000] {dag.py:2907} INFO - Sync 1 DAGs
[2023-09-07T16:06:17.589+0000] {logging_mixin.py:151} INFO - [2023-09-07T16:06:17.589+0000] {dag.py:3677} INFO - Setting next_dagrun for example_dag_decorator to None, run_after=None
[2023-09-07T16:06:17.615+0000] {processor.py:179} INFO - Processing /home/airflow/.local/lib/python3.8/site-packages/airflow/example_dags/example_dag_decorator.py took 0.332 seconds
[2023-09-07T16:06:48.420+0000] {processor.py:157} INFO - Started process (PID=4216) to work on /home/airflow/.local/lib/python3.8/site-packages/airflow/example_dags/example_dag_decorator.py
[2023-09-07T16:06:48.422+0000] {processor.py:829} INFO - Processing file /home/airflow/.local/lib/python3.8/site-packages/airflow/example_dags/example_dag_decorator.py for tasks to queue
[2023-09-07T16:06:48.424+0000] {logging_mixin.py:151} INFO - [2023-09-07T16:06:48.423+0000] {dagbag.py:539} INFO - Filling up the DagBag from /home/airflow/.local/lib/python3.8/site-packages/airflow/example_dags/example_dag_decorator.py
[2023-09-07T16:06:48.518+0000] {processor.py:839} INFO - DAG(s) dict_keys(['example_dag_decorator']) retrieved from /home/airflow/.local/lib/python3.8/site-packages/airflow/example_dags/example_dag_decorator.py
[2023-09-07T16:06:48.678+0000] {logging_mixin.py:151} INFO - [2023-09-07T16:06:48.678+0000] {dag.py:2907} INFO - Sync 1 DAGs
[2023-09-07T16:06:48.703+0000] {logging_mixin.py:151} INFO - [2023-09-07T16:06:48.702+0000] {dag.py:3677} INFO - Setting next_dagrun for example_dag_decorator to None, run_after=None
[2023-09-07T16:06:48.728+0000] {processor.py:179} INFO - Processing /home/airflow/.local/lib/python3.8/site-packages/airflow/example_dags/example_dag_decorator.py took 0.311 seconds
[2023-09-07T16:07:19.264+0000] {processor.py:157} INFO - Started process (PID=4444) to work on /home/airflow/.local/lib/python3.8/site-packages/airflow/example_dags/example_dag_decorator.py
[2023-09-07T16:07:19.265+0000] {processor.py:829} INFO - Processing file /home/airflow/.local/lib/python3.8/site-packages/airflow/example_dags/example_dag_decorator.py for tasks to queue
[2023-09-07T16:07:19.266+0000] {logging_mixin.py:151} INFO - [2023-09-07T16:07:19.266+0000] {dagbag.py:539} INFO - Filling up the DagBag from /home/airflow/.local/lib/python3.8/site-packages/airflow/example_dags/example_dag_decorator.py
[2023-09-07T16:07:19.346+0000] {processor.py:839} INFO - DAG(s) dict_keys(['example_dag_decorator']) retrieved from /home/airflow/.local/lib/python3.8/site-packages/airflow/example_dags/example_dag_decorator.py
[2023-09-07T16:07:19.477+0000] {logging_mixin.py:151} INFO - [2023-09-07T16:07:19.476+0000] {dag.py:2907} INFO - Sync 1 DAGs
[2023-09-07T16:07:19.485+0000] {logging_mixin.py:151} INFO - [2023-09-07T16:07:19.485+0000] {dag.py:3677} INFO - Setting next_dagrun for example_dag_decorator to None, run_after=None
[2023-09-07T16:07:19.502+0000] {processor.py:179} INFO - Processing /home/airflow/.local/lib/python3.8/site-packages/airflow/example_dags/example_dag_decorator.py took 0.242 seconds
[2023-09-07T16:07:50.414+0000] {processor.py:157} INFO - Started process (PID=4682) to work on /home/airflow/.local/lib/python3.8/site-packages/airflow/example_dags/example_dag_decorator.py
[2023-09-07T16:07:50.416+0000] {processor.py:829} INFO - Processing file /home/airflow/.local/lib/python3.8/site-packages/airflow/example_dags/example_dag_decorator.py for tasks to queue
[2023-09-07T16:07:50.418+0000] {logging_mixin.py:151} INFO - [2023-09-07T16:07:50.417+0000] {dagbag.py:539} INFO - Filling up the DagBag from /home/airflow/.local/lib/python3.8/site-packages/airflow/example_dags/example_dag_decorator.py
[2023-09-07T16:07:50.473+0000] {processor.py:839} INFO - DAG(s) dict_keys(['example_dag_decorator']) retrieved from /home/airflow/.local/lib/python3.8/site-packages/airflow/example_dags/example_dag_decorator.py
[2023-09-07T16:07:50.598+0000] {logging_mixin.py:151} INFO - [2023-09-07T16:07:50.597+0000] {dag.py:2907} INFO - Sync 1 DAGs
[2023-09-07T16:07:50.605+0000] {logging_mixin.py:151} INFO - [2023-09-07T16:07:50.605+0000] {dag.py:3677} INFO - Setting next_dagrun for example_dag_decorator to None, run_after=None
[2023-09-07T16:07:50.618+0000] {processor.py:179} INFO - Processing /home/airflow/.local/lib/python3.8/site-packages/airflow/example_dags/example_dag_decorator.py took 0.208 seconds
[2023-09-07T16:08:21.030+0000] {processor.py:157} INFO - Started process (PID=4920) to work on /home/airflow/.local/lib/python3.8/site-packages/airflow/example_dags/example_dag_decorator.py
[2023-09-07T16:08:21.032+0000] {processor.py:829} INFO - Processing file /home/airflow/.local/lib/python3.8/site-packages/airflow/example_dags/example_dag_decorator.py for tasks to queue
[2023-09-07T16:08:21.033+0000] {logging_mixin.py:151} INFO - [2023-09-07T16:08:21.033+0000] {dagbag.py:539} INFO - Filling up the DagBag from /home/airflow/.local/lib/python3.8/site-packages/airflow/example_dags/example_dag_decorator.py
[2023-09-07T16:08:21.099+0000] {processor.py:839} INFO - DAG(s) dict_keys(['example_dag_decorator']) retrieved from /home/airflow/.local/lib/python3.8/site-packages/airflow/example_dags/example_dag_decorator.py
[2023-09-07T16:08:21.218+0000] {logging_mixin.py:151} INFO - [2023-09-07T16:08:21.218+0000] {dag.py:2907} INFO - Sync 1 DAGs
[2023-09-07T16:08:21.226+0000] {logging_mixin.py:151} INFO - [2023-09-07T16:08:21.226+0000] {dag.py:3677} INFO - Setting next_dagrun for example_dag_decorator to None, run_after=None
[2023-09-07T16:08:21.241+0000] {processor.py:179} INFO - Processing /home/airflow/.local/lib/python3.8/site-packages/airflow/example_dags/example_dag_decorator.py took 0.213 seconds
[2023-09-07T16:08:52.112+0000] {processor.py:157} INFO - Started process (PID=5158) to work on /home/airflow/.local/lib/python3.8/site-packages/airflow/example_dags/example_dag_decorator.py
[2023-09-07T16:08:52.114+0000] {processor.py:829} INFO - Processing file /home/airflow/.local/lib/python3.8/site-packages/airflow/example_dags/example_dag_decorator.py for tasks to queue
[2023-09-07T16:08:52.115+0000] {logging_mixin.py:151} INFO - [2023-09-07T16:08:52.115+0000] {dagbag.py:539} INFO - Filling up the DagBag from /home/airflow/.local/lib/python3.8/site-packages/airflow/example_dags/example_dag_decorator.py
[2023-09-07T16:08:52.205+0000] {processor.py:839} INFO - DAG(s) dict_keys(['example_dag_decorator']) retrieved from /home/airflow/.local/lib/python3.8/site-packages/airflow/example_dags/example_dag_decorator.py
[2023-09-07T16:08:52.323+0000] {logging_mixin.py:151} INFO - [2023-09-07T16:08:52.322+0000] {dag.py:2907} INFO - Sync 1 DAGs
[2023-09-07T16:08:52.333+0000] {logging_mixin.py:151} INFO - [2023-09-07T16:08:52.333+0000] {dag.py:3677} INFO - Setting next_dagrun for example_dag_decorator to None, run_after=None
[2023-09-07T16:08:52.385+0000] {processor.py:179} INFO - Processing /home/airflow/.local/lib/python3.8/site-packages/airflow/example_dags/example_dag_decorator.py took 0.278 seconds
[2023-09-07T16:09:23.135+0000] {processor.py:157} INFO - Started process (PID=5396) to work on /home/airflow/.local/lib/python3.8/site-packages/airflow/example_dags/example_dag_decorator.py
[2023-09-07T16:09:23.136+0000] {processor.py:829} INFO - Processing file /home/airflow/.local/lib/python3.8/site-packages/airflow/example_dags/example_dag_decorator.py for tasks to queue
[2023-09-07T16:09:23.137+0000] {logging_mixin.py:151} INFO - [2023-09-07T16:09:23.137+0000] {dagbag.py:539} INFO - Filling up the DagBag from /home/airflow/.local/lib/python3.8/site-packages/airflow/example_dags/example_dag_decorator.py
[2023-09-07T16:09:23.211+0000] {processor.py:839} INFO - DAG(s) dict_keys(['example_dag_decorator']) retrieved from /home/airflow/.local/lib/python3.8/site-packages/airflow/example_dags/example_dag_decorator.py
[2023-09-07T16:09:23.313+0000] {logging_mixin.py:151} INFO - [2023-09-07T16:09:23.313+0000] {dag.py:2907} INFO - Sync 1 DAGs
[2023-09-07T16:09:23.322+0000] {logging_mixin.py:151} INFO - [2023-09-07T16:09:23.322+0000] {dag.py:3677} INFO - Setting next_dagrun for example_dag_decorator to None, run_after=None
[2023-09-07T16:09:23.337+0000] {processor.py:179} INFO - Processing /home/airflow/.local/lib/python3.8/site-packages/airflow/example_dags/example_dag_decorator.py took 0.205 seconds
[2023-09-07T16:09:53.508+0000] {processor.py:157} INFO - Started process (PID=5634) to work on /home/airflow/.local/lib/python3.8/site-packages/airflow/example_dags/example_dag_decorator.py
[2023-09-07T16:09:53.509+0000] {processor.py:829} INFO - Processing file /home/airflow/.local/lib/python3.8/site-packages/airflow/example_dags/example_dag_decorator.py for tasks to queue
[2023-09-07T16:09:53.511+0000] {logging_mixin.py:151} INFO - [2023-09-07T16:09:53.510+0000] {dagbag.py:539} INFO - Filling up the DagBag from /home/airflow/.local/lib/python3.8/site-packages/airflow/example_dags/example_dag_decorator.py
[2023-09-07T16:09:53.622+0000] {processor.py:839} INFO - DAG(s) dict_keys(['example_dag_decorator']) retrieved from /home/airflow/.local/lib/python3.8/site-packages/airflow/example_dags/example_dag_decorator.py
[2023-09-07T16:09:53.748+0000] {logging_mixin.py:151} INFO - [2023-09-07T16:09:53.748+0000] {dag.py:2907} INFO - Sync 1 DAGs
[2023-09-07T16:09:53.762+0000] {logging_mixin.py:151} INFO - [2023-09-07T16:09:53.762+0000] {dag.py:3677} INFO - Setting next_dagrun for example_dag_decorator to None, run_after=None
[2023-09-07T16:09:53.783+0000] {processor.py:179} INFO - Processing /home/airflow/.local/lib/python3.8/site-packages/airflow/example_dags/example_dag_decorator.py took 0.283 seconds
[2023-09-07T16:10:24.569+0000] {processor.py:157} INFO - Started process (PID=5871) to work on /home/airflow/.local/lib/python3.8/site-packages/airflow/example_dags/example_dag_decorator.py
[2023-09-07T16:10:24.570+0000] {processor.py:829} INFO - Processing file /home/airflow/.local/lib/python3.8/site-packages/airflow/example_dags/example_dag_decorator.py for tasks to queue
[2023-09-07T16:10:24.571+0000] {logging_mixin.py:151} INFO - [2023-09-07T16:10:24.571+0000] {dagbag.py:539} INFO - Filling up the DagBag from /home/airflow/.local/lib/python3.8/site-packages/airflow/example_dags/example_dag_decorator.py
[2023-09-07T16:10:24.639+0000] {processor.py:839} INFO - DAG(s) dict_keys(['example_dag_decorator']) retrieved from /home/airflow/.local/lib/python3.8/site-packages/airflow/example_dags/example_dag_decorator.py
[2023-09-07T16:10:24.740+0000] {logging_mixin.py:151} INFO - [2023-09-07T16:10:24.740+0000] {dag.py:2907} INFO - Sync 1 DAGs
[2023-09-07T16:10:24.749+0000] {logging_mixin.py:151} INFO - [2023-09-07T16:10:24.749+0000] {dag.py:3677} INFO - Setting next_dagrun for example_dag_decorator to None, run_after=None
[2023-09-07T16:10:24.761+0000] {processor.py:179} INFO - Processing /home/airflow/.local/lib/python3.8/site-packages/airflow/example_dags/example_dag_decorator.py took 0.196 seconds
[2023-09-07T16:10:55.637+0000] {processor.py:157} INFO - Started process (PID=6109) to work on /home/airflow/.local/lib/python3.8/site-packages/airflow/example_dags/example_dag_decorator.py
[2023-09-07T16:10:55.638+0000] {processor.py:829} INFO - Processing file /home/airflow/.local/lib/python3.8/site-packages/airflow/example_dags/example_dag_decorator.py for tasks to queue
[2023-09-07T16:10:55.639+0000] {logging_mixin.py:151} INFO - [2023-09-07T16:10:55.639+0000] {dagbag.py:539} INFO - Filling up the DagBag from /home/airflow/.local/lib/python3.8/site-packages/airflow/example_dags/example_dag_decorator.py
[2023-09-07T16:10:55.738+0000] {processor.py:839} INFO - DAG(s) dict_keys(['example_dag_decorator']) retrieved from /home/airflow/.local/lib/python3.8/site-packages/airflow/example_dags/example_dag_decorator.py
[2023-09-07T16:10:55.851+0000] {logging_mixin.py:151} INFO - [2023-09-07T16:10:55.851+0000] {dag.py:2907} INFO - Sync 1 DAGs
[2023-09-07T16:10:55.860+0000] {logging_mixin.py:151} INFO - [2023-09-07T16:10:55.860+0000] {dag.py:3677} INFO - Setting next_dagrun for example_dag_decorator to None, run_after=None
[2023-09-07T16:10:55.874+0000] {processor.py:179} INFO - Processing /home/airflow/.local/lib/python3.8/site-packages/airflow/example_dags/example_dag_decorator.py took 0.241 seconds
[2023-09-07T16:11:26.914+0000] {processor.py:157} INFO - Started process (PID=6347) to work on /home/airflow/.local/lib/python3.8/site-packages/airflow/example_dags/example_dag_decorator.py
[2023-09-07T16:11:26.916+0000] {processor.py:829} INFO - Processing file /home/airflow/.local/lib/python3.8/site-packages/airflow/example_dags/example_dag_decorator.py for tasks to queue
[2023-09-07T16:11:26.917+0000] {logging_mixin.py:151} INFO - [2023-09-07T16:11:26.916+0000] {dagbag.py:539} INFO - Filling up the DagBag from /home/airflow/.local/lib/python3.8/site-packages/airflow/example_dags/example_dag_decorator.py
[2023-09-07T16:11:26.995+0000] {processor.py:839} INFO - DAG(s) dict_keys(['example_dag_decorator']) retrieved from /home/airflow/.local/lib/python3.8/site-packages/airflow/example_dags/example_dag_decorator.py
[2023-09-07T16:11:27.140+0000] {logging_mixin.py:151} INFO - [2023-09-07T16:11:27.139+0000] {dag.py:2907} INFO - Sync 1 DAGs
[2023-09-07T16:11:27.161+0000] {logging_mixin.py:151} INFO - [2023-09-07T16:11:27.161+0000] {dag.py:3677} INFO - Setting next_dagrun for example_dag_decorator to None, run_after=None
[2023-09-07T16:11:27.187+0000] {processor.py:179} INFO - Processing /home/airflow/.local/lib/python3.8/site-packages/airflow/example_dags/example_dag_decorator.py took 0.277 seconds
[2023-09-07T16:11:57.934+0000] {processor.py:157} INFO - Started process (PID=6585) to work on /home/airflow/.local/lib/python3.8/site-packages/airflow/example_dags/example_dag_decorator.py
[2023-09-07T16:11:57.936+0000] {processor.py:829} INFO - Processing file /home/airflow/.local/lib/python3.8/site-packages/airflow/example_dags/example_dag_decorator.py for tasks to queue
[2023-09-07T16:11:57.937+0000] {logging_mixin.py:151} INFO - [2023-09-07T16:11:57.936+0000] {dagbag.py:539} INFO - Filling up the DagBag from /home/airflow/.local/lib/python3.8/site-packages/airflow/example_dags/example_dag_decorator.py
[2023-09-07T16:11:58.005+0000] {processor.py:839} INFO - DAG(s) dict_keys(['example_dag_decorator']) retrieved from /home/airflow/.local/lib/python3.8/site-packages/airflow/example_dags/example_dag_decorator.py
[2023-09-07T16:11:58.030+0000] {logging_mixin.py:151} INFO - [2023-09-07T16:11:58.030+0000] {dag.py:2907} INFO - Sync 1 DAGs
[2023-09-07T16:11:58.040+0000] {logging_mixin.py:151} INFO - [2023-09-07T16:11:58.040+0000] {dag.py:3677} INFO - Setting next_dagrun for example_dag_decorator to None, run_after=None
[2023-09-07T16:11:58.056+0000] {processor.py:179} INFO - Processing /home/airflow/.local/lib/python3.8/site-packages/airflow/example_dags/example_dag_decorator.py took 0.124 seconds
[2023-09-07T16:12:28.311+0000] {processor.py:157} INFO - Started process (PID=6824) to work on /home/airflow/.local/lib/python3.8/site-packages/airflow/example_dags/example_dag_decorator.py
[2023-09-07T16:12:28.313+0000] {processor.py:829} INFO - Processing file /home/airflow/.local/lib/python3.8/site-packages/airflow/example_dags/example_dag_decorator.py for tasks to queue
[2023-09-07T16:12:28.314+0000] {logging_mixin.py:151} INFO - [2023-09-07T16:12:28.314+0000] {dagbag.py:539} INFO - Filling up the DagBag from /home/airflow/.local/lib/python3.8/site-packages/airflow/example_dags/example_dag_decorator.py
[2023-09-07T16:12:28.407+0000] {processor.py:839} INFO - DAG(s) dict_keys(['example_dag_decorator']) retrieved from /home/airflow/.local/lib/python3.8/site-packages/airflow/example_dags/example_dag_decorator.py
[2023-09-07T16:12:28.533+0000] {logging_mixin.py:151} INFO - [2023-09-07T16:12:28.533+0000] {dag.py:2907} INFO - Sync 1 DAGs
[2023-09-07T16:12:28.545+0000] {logging_mixin.py:151} INFO - [2023-09-07T16:12:28.545+0000] {dag.py:3677} INFO - Setting next_dagrun for example_dag_decorator to None, run_after=None
[2023-09-07T16:12:28.561+0000] {processor.py:179} INFO - Processing /home/airflow/.local/lib/python3.8/site-packages/airflow/example_dags/example_dag_decorator.py took 0.252 seconds
[2023-09-07T16:12:59.205+0000] {processor.py:157} INFO - Started process (PID=7063) to work on /home/airflow/.local/lib/python3.8/site-packages/airflow/example_dags/example_dag_decorator.py
[2023-09-07T16:12:59.207+0000] {processor.py:829} INFO - Processing file /home/airflow/.local/lib/python3.8/site-packages/airflow/example_dags/example_dag_decorator.py for tasks to queue
[2023-09-07T16:12:59.208+0000] {logging_mixin.py:151} INFO - [2023-09-07T16:12:59.208+0000] {dagbag.py:539} INFO - Filling up the DagBag from /home/airflow/.local/lib/python3.8/site-packages/airflow/example_dags/example_dag_decorator.py
[2023-09-07T16:12:59.267+0000] {processor.py:839} INFO - DAG(s) dict_keys(['example_dag_decorator']) retrieved from /home/airflow/.local/lib/python3.8/site-packages/airflow/example_dags/example_dag_decorator.py
[2023-09-07T16:12:59.383+0000] {logging_mixin.py:151} INFO - [2023-09-07T16:12:59.383+0000] {dag.py:2907} INFO - Sync 1 DAGs
[2023-09-07T16:12:59.393+0000] {logging_mixin.py:151} INFO - [2023-09-07T16:12:59.393+0000] {dag.py:3677} INFO - Setting next_dagrun for example_dag_decorator to None, run_after=None
[2023-09-07T16:12:59.408+0000] {processor.py:179} INFO - Processing /home/airflow/.local/lib/python3.8/site-packages/airflow/example_dags/example_dag_decorator.py took 0.207 seconds
[2023-09-07T16:13:29.750+0000] {processor.py:157} INFO - Started process (PID=7301) to work on /home/airflow/.local/lib/python3.8/site-packages/airflow/example_dags/example_dag_decorator.py
[2023-09-07T16:13:29.753+0000] {processor.py:829} INFO - Processing file /home/airflow/.local/lib/python3.8/site-packages/airflow/example_dags/example_dag_decorator.py for tasks to queue
[2023-09-07T16:13:29.754+0000] {logging_mixin.py:151} INFO - [2023-09-07T16:13:29.754+0000] {dagbag.py:539} INFO - Filling up the DagBag from /home/airflow/.local/lib/python3.8/site-packages/airflow/example_dags/example_dag_decorator.py
[2023-09-07T16:13:29.810+0000] {processor.py:839} INFO - DAG(s) dict_keys(['example_dag_decorator']) retrieved from /home/airflow/.local/lib/python3.8/site-packages/airflow/example_dags/example_dag_decorator.py
[2023-09-07T16:13:29.913+0000] {logging_mixin.py:151} INFO - [2023-09-07T16:13:29.913+0000] {dag.py:2907} INFO - Sync 1 DAGs
[2023-09-07T16:13:29.922+0000] {logging_mixin.py:151} INFO - [2023-09-07T16:13:29.922+0000] {dag.py:3677} INFO - Setting next_dagrun for example_dag_decorator to None, run_after=None
[2023-09-07T16:13:29.935+0000] {processor.py:179} INFO - Processing /home/airflow/.local/lib/python3.8/site-packages/airflow/example_dags/example_dag_decorator.py took 0.189 seconds
[2023-09-07T16:14:00.292+0000] {processor.py:157} INFO - Started process (PID=7539) to work on /home/airflow/.local/lib/python3.8/site-packages/airflow/example_dags/example_dag_decorator.py
[2023-09-07T16:14:00.295+0000] {processor.py:829} INFO - Processing file /home/airflow/.local/lib/python3.8/site-packages/airflow/example_dags/example_dag_decorator.py for tasks to queue
[2023-09-07T16:14:00.297+0000] {logging_mixin.py:151} INFO - [2023-09-07T16:14:00.297+0000] {dagbag.py:539} INFO - Filling up the DagBag from /home/airflow/.local/lib/python3.8/site-packages/airflow/example_dags/example_dag_decorator.py
[2023-09-07T16:14:00.693+0000] {processor.py:839} INFO - DAG(s) dict_keys(['example_dag_decorator']) retrieved from /home/airflow/.local/lib/python3.8/site-packages/airflow/example_dags/example_dag_decorator.py
[2023-09-07T16:14:00.873+0000] {logging_mixin.py:151} INFO - [2023-09-07T16:14:00.873+0000] {dag.py:2907} INFO - Sync 1 DAGs
[2023-09-07T16:14:00.884+0000] {logging_mixin.py:151} INFO - [2023-09-07T16:14:00.883+0000] {dag.py:3677} INFO - Setting next_dagrun for example_dag_decorator to None, run_after=None
[2023-09-07T16:14:00.902+0000] {processor.py:179} INFO - Processing /home/airflow/.local/lib/python3.8/site-packages/airflow/example_dags/example_dag_decorator.py took 0.571 seconds
[2023-09-07T16:14:31.015+0000] {processor.py:157} INFO - Started process (PID=7778) to work on /home/airflow/.local/lib/python3.8/site-packages/airflow/example_dags/example_dag_decorator.py
[2023-09-07T16:14:31.016+0000] {processor.py:829} INFO - Processing file /home/airflow/.local/lib/python3.8/site-packages/airflow/example_dags/example_dag_decorator.py for tasks to queue
[2023-09-07T16:14:31.018+0000] {logging_mixin.py:151} INFO - [2023-09-07T16:14:31.017+0000] {dagbag.py:539} INFO - Filling up the DagBag from /home/airflow/.local/lib/python3.8/site-packages/airflow/example_dags/example_dag_decorator.py
[2023-09-07T16:14:31.092+0000] {processor.py:839} INFO - DAG(s) dict_keys(['example_dag_decorator']) retrieved from /home/airflow/.local/lib/python3.8/site-packages/airflow/example_dags/example_dag_decorator.py
[2023-09-07T16:14:31.204+0000] {logging_mixin.py:151} INFO - [2023-09-07T16:14:31.204+0000] {dag.py:2907} INFO - Sync 1 DAGs
[2023-09-07T16:14:31.222+0000] {logging_mixin.py:151} INFO - [2023-09-07T16:14:31.222+0000] {dag.py:3677} INFO - Setting next_dagrun for example_dag_decorator to None, run_after=None
[2023-09-07T16:14:31.238+0000] {processor.py:179} INFO - Processing /home/airflow/.local/lib/python3.8/site-packages/airflow/example_dags/example_dag_decorator.py took 0.227 seconds
[2023-09-07T16:15:01.359+0000] {processor.py:157} INFO - Started process (PID=8013) to work on /home/airflow/.local/lib/python3.8/site-packages/airflow/example_dags/example_dag_decorator.py
[2023-09-07T16:15:01.360+0000] {processor.py:829} INFO - Processing file /home/airflow/.local/lib/python3.8/site-packages/airflow/example_dags/example_dag_decorator.py for tasks to queue
[2023-09-07T16:15:01.361+0000] {logging_mixin.py:151} INFO - [2023-09-07T16:15:01.361+0000] {dagbag.py:539} INFO - Filling up the DagBag from /home/airflow/.local/lib/python3.8/site-packages/airflow/example_dags/example_dag_decorator.py
[2023-09-07T16:15:01.447+0000] {processor.py:839} INFO - DAG(s) dict_keys(['example_dag_decorator']) retrieved from /home/airflow/.local/lib/python3.8/site-packages/airflow/example_dags/example_dag_decorator.py
[2023-09-07T16:15:01.565+0000] {logging_mixin.py:151} INFO - [2023-09-07T16:15:01.565+0000] {dag.py:2907} INFO - Sync 1 DAGs
[2023-09-07T16:15:01.577+0000] {logging_mixin.py:151} INFO - [2023-09-07T16:15:01.576+0000] {dag.py:3677} INFO - Setting next_dagrun for example_dag_decorator to None, run_after=None
[2023-09-07T16:15:01.591+0000] {processor.py:179} INFO - Processing /home/airflow/.local/lib/python3.8/site-packages/airflow/example_dags/example_dag_decorator.py took 0.235 seconds
[2023-09-07T16:15:32.164+0000] {processor.py:157} INFO - Started process (PID=8253) to work on /home/airflow/.local/lib/python3.8/site-packages/airflow/example_dags/example_dag_decorator.py
[2023-09-07T16:15:32.167+0000] {processor.py:829} INFO - Processing file /home/airflow/.local/lib/python3.8/site-packages/airflow/example_dags/example_dag_decorator.py for tasks to queue
[2023-09-07T16:15:32.168+0000] {logging_mixin.py:151} INFO - [2023-09-07T16:15:32.168+0000] {dagbag.py:539} INFO - Filling up the DagBag from /home/airflow/.local/lib/python3.8/site-packages/airflow/example_dags/example_dag_decorator.py
[2023-09-07T16:15:32.242+0000] {processor.py:839} INFO - DAG(s) dict_keys(['example_dag_decorator']) retrieved from /home/airflow/.local/lib/python3.8/site-packages/airflow/example_dags/example_dag_decorator.py
[2023-09-07T16:15:32.381+0000] {logging_mixin.py:151} INFO - [2023-09-07T16:15:32.380+0000] {dag.py:2907} INFO - Sync 1 DAGs
[2023-09-07T16:15:32.406+0000] {logging_mixin.py:151} INFO - [2023-09-07T16:15:32.406+0000] {dag.py:3677} INFO - Setting next_dagrun for example_dag_decorator to None, run_after=None
[2023-09-07T16:15:32.444+0000] {processor.py:179} INFO - Processing /home/airflow/.local/lib/python3.8/site-packages/airflow/example_dags/example_dag_decorator.py took 0.287 seconds
[2023-09-07T16:16:03.238+0000] {processor.py:157} INFO - Started process (PID=8491) to work on /home/airflow/.local/lib/python3.8/site-packages/airflow/example_dags/example_dag_decorator.py
[2023-09-07T16:16:03.240+0000] {processor.py:829} INFO - Processing file /home/airflow/.local/lib/python3.8/site-packages/airflow/example_dags/example_dag_decorator.py for tasks to queue
[2023-09-07T16:16:03.241+0000] {logging_mixin.py:151} INFO - [2023-09-07T16:16:03.241+0000] {dagbag.py:539} INFO - Filling up the DagBag from /home/airflow/.local/lib/python3.8/site-packages/airflow/example_dags/example_dag_decorator.py
[2023-09-07T16:16:03.312+0000] {processor.py:839} INFO - DAG(s) dict_keys(['example_dag_decorator']) retrieved from /home/airflow/.local/lib/python3.8/site-packages/airflow/example_dags/example_dag_decorator.py
[2023-09-07T16:16:03.425+0000] {logging_mixin.py:151} INFO - [2023-09-07T16:16:03.425+0000] {dag.py:2907} INFO - Sync 1 DAGs
[2023-09-07T16:16:03.439+0000] {logging_mixin.py:151} INFO - [2023-09-07T16:16:03.438+0000] {dag.py:3677} INFO - Setting next_dagrun for example_dag_decorator to None, run_after=None
[2023-09-07T16:16:03.452+0000] {processor.py:179} INFO - Processing /home/airflow/.local/lib/python3.8/site-packages/airflow/example_dags/example_dag_decorator.py took 0.217 seconds
[2023-09-07T16:16:33.764+0000] {processor.py:157} INFO - Started process (PID=8729) to work on /home/airflow/.local/lib/python3.8/site-packages/airflow/example_dags/example_dag_decorator.py
[2023-09-07T16:16:33.766+0000] {processor.py:829} INFO - Processing file /home/airflow/.local/lib/python3.8/site-packages/airflow/example_dags/example_dag_decorator.py for tasks to queue
[2023-09-07T16:16:33.767+0000] {logging_mixin.py:151} INFO - [2023-09-07T16:16:33.767+0000] {dagbag.py:539} INFO - Filling up the DagBag from /home/airflow/.local/lib/python3.8/site-packages/airflow/example_dags/example_dag_decorator.py
[2023-09-07T16:16:33.827+0000] {processor.py:839} INFO - DAG(s) dict_keys(['example_dag_decorator']) retrieved from /home/airflow/.local/lib/python3.8/site-packages/airflow/example_dags/example_dag_decorator.py
[2023-09-07T16:16:33.942+0000] {logging_mixin.py:151} INFO - [2023-09-07T16:16:33.942+0000] {dag.py:2907} INFO - Sync 1 DAGs
[2023-09-07T16:16:33.965+0000] {logging_mixin.py:151} INFO - [2023-09-07T16:16:33.965+0000] {dag.py:3677} INFO - Setting next_dagrun for example_dag_decorator to None, run_after=None
[2023-09-07T16:16:33.979+0000] {processor.py:179} INFO - Processing /home/airflow/.local/lib/python3.8/site-packages/airflow/example_dags/example_dag_decorator.py took 0.220 seconds
[2023-09-07T16:17:04.383+0000] {processor.py:157} INFO - Started process (PID=8967) to work on /home/airflow/.local/lib/python3.8/site-packages/airflow/example_dags/example_dag_decorator.py
[2023-09-07T16:17:04.385+0000] {processor.py:829} INFO - Processing file /home/airflow/.local/lib/python3.8/site-packages/airflow/example_dags/example_dag_decorator.py for tasks to queue
[2023-09-07T16:17:04.386+0000] {logging_mixin.py:151} INFO - [2023-09-07T16:17:04.386+0000] {dagbag.py:539} INFO - Filling up the DagBag from /home/airflow/.local/lib/python3.8/site-packages/airflow/example_dags/example_dag_decorator.py
[2023-09-07T16:17:04.462+0000] {processor.py:839} INFO - DAG(s) dict_keys(['example_dag_decorator']) retrieved from /home/airflow/.local/lib/python3.8/site-packages/airflow/example_dags/example_dag_decorator.py
[2023-09-07T16:17:04.618+0000] {logging_mixin.py:151} INFO - [2023-09-07T16:17:04.618+0000] {dag.py:2907} INFO - Sync 1 DAGs
[2023-09-07T16:17:04.626+0000] {logging_mixin.py:151} INFO - [2023-09-07T16:17:04.626+0000] {dag.py:3677} INFO - Setting next_dagrun for example_dag_decorator to None, run_after=None
[2023-09-07T16:17:04.641+0000] {processor.py:179} INFO - Processing /home/airflow/.local/lib/python3.8/site-packages/airflow/example_dags/example_dag_decorator.py took 0.261 seconds
[2023-09-07T16:17:35.331+0000] {processor.py:157} INFO - Started process (PID=9205) to work on /home/airflow/.local/lib/python3.8/site-packages/airflow/example_dags/example_dag_decorator.py
[2023-09-07T16:17:35.333+0000] {processor.py:829} INFO - Processing file /home/airflow/.local/lib/python3.8/site-packages/airflow/example_dags/example_dag_decorator.py for tasks to queue
[2023-09-07T16:17:35.334+0000] {logging_mixin.py:151} INFO - [2023-09-07T16:17:35.333+0000] {dagbag.py:539} INFO - Filling up the DagBag from /home/airflow/.local/lib/python3.8/site-packages/airflow/example_dags/example_dag_decorator.py
[2023-09-07T16:17:35.396+0000] {processor.py:839} INFO - DAG(s) dict_keys(['example_dag_decorator']) retrieved from /home/airflow/.local/lib/python3.8/site-packages/airflow/example_dags/example_dag_decorator.py
[2023-09-07T16:17:35.507+0000] {logging_mixin.py:151} INFO - [2023-09-07T16:17:35.507+0000] {dag.py:2907} INFO - Sync 1 DAGs
[2023-09-07T16:17:35.518+0000] {logging_mixin.py:151} INFO - [2023-09-07T16:17:35.517+0000] {dag.py:3677} INFO - Setting next_dagrun for example_dag_decorator to None, run_after=None
[2023-09-07T16:17:35.532+0000] {processor.py:179} INFO - Processing /home/airflow/.local/lib/python3.8/site-packages/airflow/example_dags/example_dag_decorator.py took 0.204 seconds
[2023-09-07T16:18:05.841+0000] {processor.py:157} INFO - Started process (PID=9443) to work on /home/airflow/.local/lib/python3.8/site-packages/airflow/example_dags/example_dag_decorator.py
[2023-09-07T16:18:05.843+0000] {processor.py:829} INFO - Processing file /home/airflow/.local/lib/python3.8/site-packages/airflow/example_dags/example_dag_decorator.py for tasks to queue
[2023-09-07T16:18:05.844+0000] {logging_mixin.py:151} INFO - [2023-09-07T16:18:05.843+0000] {dagbag.py:539} INFO - Filling up the DagBag from /home/airflow/.local/lib/python3.8/site-packages/airflow/example_dags/example_dag_decorator.py
[2023-09-07T16:18:05.925+0000] {processor.py:839} INFO - DAG(s) dict_keys(['example_dag_decorator']) retrieved from /home/airflow/.local/lib/python3.8/site-packages/airflow/example_dags/example_dag_decorator.py
[2023-09-07T16:18:05.956+0000] {logging_mixin.py:151} INFO - [2023-09-07T16:18:05.956+0000] {dag.py:2907} INFO - Sync 1 DAGs
[2023-09-07T16:18:05.968+0000] {logging_mixin.py:151} INFO - [2023-09-07T16:18:05.968+0000] {dag.py:3677} INFO - Setting next_dagrun for example_dag_decorator to None, run_after=None
[2023-09-07T16:18:05.993+0000] {processor.py:179} INFO - Processing /home/airflow/.local/lib/python3.8/site-packages/airflow/example_dags/example_dag_decorator.py took 0.156 seconds
[2023-09-07T16:18:36.555+0000] {processor.py:157} INFO - Started process (PID=9682) to work on /home/airflow/.local/lib/python3.8/site-packages/airflow/example_dags/example_dag_decorator.py
[2023-09-07T16:18:36.556+0000] {processor.py:829} INFO - Processing file /home/airflow/.local/lib/python3.8/site-packages/airflow/example_dags/example_dag_decorator.py for tasks to queue
[2023-09-07T16:18:36.558+0000] {logging_mixin.py:151} INFO - [2023-09-07T16:18:36.557+0000] {dagbag.py:539} INFO - Filling up the DagBag from /home/airflow/.local/lib/python3.8/site-packages/airflow/example_dags/example_dag_decorator.py
[2023-09-07T16:18:36.627+0000] {processor.py:839} INFO - DAG(s) dict_keys(['example_dag_decorator']) retrieved from /home/airflow/.local/lib/python3.8/site-packages/airflow/example_dags/example_dag_decorator.py
[2023-09-07T16:18:36.657+0000] {logging_mixin.py:151} INFO - [2023-09-07T16:18:36.657+0000] {dag.py:2907} INFO - Sync 1 DAGs
[2023-09-07T16:18:36.669+0000] {logging_mixin.py:151} INFO - [2023-09-07T16:18:36.669+0000] {dag.py:3677} INFO - Setting next_dagrun for example_dag_decorator to None, run_after=None
[2023-09-07T16:18:36.684+0000] {processor.py:179} INFO - Processing /home/airflow/.local/lib/python3.8/site-packages/airflow/example_dags/example_dag_decorator.py took 0.134 seconds
[2023-09-07T16:19:06.808+0000] {processor.py:157} INFO - Started process (PID=9915) to work on /home/airflow/.local/lib/python3.8/site-packages/airflow/example_dags/example_dag_decorator.py
[2023-09-07T16:19:06.810+0000] {processor.py:829} INFO - Processing file /home/airflow/.local/lib/python3.8/site-packages/airflow/example_dags/example_dag_decorator.py for tasks to queue
[2023-09-07T16:19:06.811+0000] {logging_mixin.py:151} INFO - [2023-09-07T16:19:06.811+0000] {dagbag.py:539} INFO - Filling up the DagBag from /home/airflow/.local/lib/python3.8/site-packages/airflow/example_dags/example_dag_decorator.py
[2023-09-07T16:19:06.886+0000] {processor.py:839} INFO - DAG(s) dict_keys(['example_dag_decorator']) retrieved from /home/airflow/.local/lib/python3.8/site-packages/airflow/example_dags/example_dag_decorator.py
[2023-09-07T16:19:06.988+0000] {logging_mixin.py:151} INFO - [2023-09-07T16:19:06.988+0000] {dag.py:2907} INFO - Sync 1 DAGs
[2023-09-07T16:19:06.998+0000] {logging_mixin.py:151} INFO - [2023-09-07T16:19:06.998+0000] {dag.py:3677} INFO - Setting next_dagrun for example_dag_decorator to None, run_after=None
[2023-09-07T16:19:07.012+0000] {processor.py:179} INFO - Processing /home/airflow/.local/lib/python3.8/site-packages/airflow/example_dags/example_dag_decorator.py took 0.209 seconds
[2023-09-07T16:19:37.109+0000] {processor.py:157} INFO - Started process (PID=10153) to work on /home/airflow/.local/lib/python3.8/site-packages/airflow/example_dags/example_dag_decorator.py
[2023-09-07T16:19:37.112+0000] {processor.py:829} INFO - Processing file /home/airflow/.local/lib/python3.8/site-packages/airflow/example_dags/example_dag_decorator.py for tasks to queue
[2023-09-07T16:19:37.113+0000] {logging_mixin.py:151} INFO - [2023-09-07T16:19:37.113+0000] {dagbag.py:539} INFO - Filling up the DagBag from /home/airflow/.local/lib/python3.8/site-packages/airflow/example_dags/example_dag_decorator.py
[2023-09-07T16:19:37.224+0000] {processor.py:839} INFO - DAG(s) dict_keys(['example_dag_decorator']) retrieved from /home/airflow/.local/lib/python3.8/site-packages/airflow/example_dags/example_dag_decorator.py
[2023-09-07T16:19:37.308+0000] {logging_mixin.py:151} INFO - [2023-09-07T16:19:37.308+0000] {dag.py:2907} INFO - Sync 1 DAGs
[2023-09-07T16:19:37.316+0000] {logging_mixin.py:151} INFO - [2023-09-07T16:19:37.315+0000] {dag.py:3677} INFO - Setting next_dagrun for example_dag_decorator to None, run_after=None
[2023-09-07T16:19:37.343+0000] {processor.py:179} INFO - Processing /home/airflow/.local/lib/python3.8/site-packages/airflow/example_dags/example_dag_decorator.py took 0.250 seconds
[2023-09-07T16:20:07.902+0000] {processor.py:157} INFO - Started process (PID=10396) to work on /home/airflow/.local/lib/python3.8/site-packages/airflow/example_dags/example_dag_decorator.py
[2023-09-07T16:20:07.905+0000] {processor.py:829} INFO - Processing file /home/airflow/.local/lib/python3.8/site-packages/airflow/example_dags/example_dag_decorator.py for tasks to queue
[2023-09-07T16:20:07.908+0000] {logging_mixin.py:151} INFO - [2023-09-07T16:20:07.907+0000] {dagbag.py:539} INFO - Filling up the DagBag from /home/airflow/.local/lib/python3.8/site-packages/airflow/example_dags/example_dag_decorator.py
[2023-09-07T16:20:07.976+0000] {processor.py:839} INFO - DAG(s) dict_keys(['example_dag_decorator']) retrieved from /home/airflow/.local/lib/python3.8/site-packages/airflow/example_dags/example_dag_decorator.py
[2023-09-07T16:20:08.106+0000] {logging_mixin.py:151} INFO - [2023-09-07T16:20:08.105+0000] {dag.py:2907} INFO - Sync 1 DAGs
[2023-09-07T16:20:08.116+0000] {logging_mixin.py:151} INFO - [2023-09-07T16:20:08.116+0000] {dag.py:3677} INFO - Setting next_dagrun for example_dag_decorator to None, run_after=None
[2023-09-07T16:20:08.129+0000] {processor.py:179} INFO - Processing /home/airflow/.local/lib/python3.8/site-packages/airflow/example_dags/example_dag_decorator.py took 0.236 seconds
[2023-09-07T16:20:38.346+0000] {processor.py:157} INFO - Started process (PID=10634) to work on /home/airflow/.local/lib/python3.8/site-packages/airflow/example_dags/example_dag_decorator.py
[2023-09-07T16:20:38.348+0000] {processor.py:829} INFO - Processing file /home/airflow/.local/lib/python3.8/site-packages/airflow/example_dags/example_dag_decorator.py for tasks to queue
[2023-09-07T16:20:38.349+0000] {logging_mixin.py:151} INFO - [2023-09-07T16:20:38.349+0000] {dagbag.py:539} INFO - Filling up the DagBag from /home/airflow/.local/lib/python3.8/site-packages/airflow/example_dags/example_dag_decorator.py
[2023-09-07T16:20:38.406+0000] {processor.py:839} INFO - DAG(s) dict_keys(['example_dag_decorator']) retrieved from /home/airflow/.local/lib/python3.8/site-packages/airflow/example_dags/example_dag_decorator.py
[2023-09-07T16:20:38.509+0000] {logging_mixin.py:151} INFO - [2023-09-07T16:20:38.509+0000] {dag.py:2907} INFO - Sync 1 DAGs
[2023-09-07T16:20:38.517+0000] {logging_mixin.py:151} INFO - [2023-09-07T16:20:38.517+0000] {dag.py:3677} INFO - Setting next_dagrun for example_dag_decorator to None, run_after=None
[2023-09-07T16:20:38.530+0000] {processor.py:179} INFO - Processing /home/airflow/.local/lib/python3.8/site-packages/airflow/example_dags/example_dag_decorator.py took 0.187 seconds
[2023-09-07T16:21:08.829+0000] {processor.py:157} INFO - Started process (PID=10871) to work on /home/airflow/.local/lib/python3.8/site-packages/airflow/example_dags/example_dag_decorator.py
[2023-09-07T16:21:08.830+0000] {processor.py:829} INFO - Processing file /home/airflow/.local/lib/python3.8/site-packages/airflow/example_dags/example_dag_decorator.py for tasks to queue
[2023-09-07T16:21:08.831+0000] {logging_mixin.py:151} INFO - [2023-09-07T16:21:08.831+0000] {dagbag.py:539} INFO - Filling up the DagBag from /home/airflow/.local/lib/python3.8/site-packages/airflow/example_dags/example_dag_decorator.py
[2023-09-07T16:21:08.890+0000] {processor.py:839} INFO - DAG(s) dict_keys(['example_dag_decorator']) retrieved from /home/airflow/.local/lib/python3.8/site-packages/airflow/example_dags/example_dag_decorator.py
[2023-09-07T16:21:09.005+0000] {logging_mixin.py:151} INFO - [2023-09-07T16:21:09.005+0000] {dag.py:2907} INFO - Sync 1 DAGs
[2023-09-07T16:21:09.013+0000] {logging_mixin.py:151} INFO - [2023-09-07T16:21:09.013+0000] {dag.py:3677} INFO - Setting next_dagrun for example_dag_decorator to None, run_after=None
[2023-09-07T16:21:09.025+0000] {processor.py:179} INFO - Processing /home/airflow/.local/lib/python3.8/site-packages/airflow/example_dags/example_dag_decorator.py took 0.199 seconds
[2023-09-07T16:21:39.331+0000] {processor.py:157} INFO - Started process (PID=11109) to work on /home/airflow/.local/lib/python3.8/site-packages/airflow/example_dags/example_dag_decorator.py
[2023-09-07T16:21:39.333+0000] {processor.py:829} INFO - Processing file /home/airflow/.local/lib/python3.8/site-packages/airflow/example_dags/example_dag_decorator.py for tasks to queue
[2023-09-07T16:21:39.334+0000] {logging_mixin.py:151} INFO - [2023-09-07T16:21:39.334+0000] {dagbag.py:539} INFO - Filling up the DagBag from /home/airflow/.local/lib/python3.8/site-packages/airflow/example_dags/example_dag_decorator.py
[2023-09-07T16:21:39.403+0000] {processor.py:839} INFO - DAG(s) dict_keys(['example_dag_decorator']) retrieved from /home/airflow/.local/lib/python3.8/site-packages/airflow/example_dags/example_dag_decorator.py
[2023-09-07T16:21:39.449+0000] {logging_mixin.py:151} INFO - [2023-09-07T16:21:39.449+0000] {dag.py:2907} INFO - Sync 1 DAGs
[2023-09-07T16:21:39.461+0000] {logging_mixin.py:151} INFO - [2023-09-07T16:21:39.461+0000] {dag.py:3677} INFO - Setting next_dagrun for example_dag_decorator to None, run_after=None
[2023-09-07T16:21:39.482+0000] {processor.py:179} INFO - Processing /home/airflow/.local/lib/python3.8/site-packages/airflow/example_dags/example_dag_decorator.py took 0.154 seconds
[2023-09-07T16:22:09.900+0000] {processor.py:157} INFO - Started process (PID=11347) to work on /home/airflow/.local/lib/python3.8/site-packages/airflow/example_dags/example_dag_decorator.py
[2023-09-07T16:22:09.901+0000] {processor.py:829} INFO - Processing file /home/airflow/.local/lib/python3.8/site-packages/airflow/example_dags/example_dag_decorator.py for tasks to queue
[2023-09-07T16:22:09.902+0000] {logging_mixin.py:151} INFO - [2023-09-07T16:22:09.902+0000] {dagbag.py:539} INFO - Filling up the DagBag from /home/airflow/.local/lib/python3.8/site-packages/airflow/example_dags/example_dag_decorator.py
[2023-09-07T16:22:09.973+0000] {processor.py:839} INFO - DAG(s) dict_keys(['example_dag_decorator']) retrieved from /home/airflow/.local/lib/python3.8/site-packages/airflow/example_dags/example_dag_decorator.py
[2023-09-07T16:22:10.068+0000] {logging_mixin.py:151} INFO - [2023-09-07T16:22:10.068+0000] {dag.py:2907} INFO - Sync 1 DAGs
[2023-09-07T16:22:10.076+0000] {logging_mixin.py:151} INFO - [2023-09-07T16:22:10.076+0000] {dag.py:3677} INFO - Setting next_dagrun for example_dag_decorator to None, run_after=None
[2023-09-07T16:22:10.089+0000] {processor.py:179} INFO - Processing /home/airflow/.local/lib/python3.8/site-packages/airflow/example_dags/example_dag_decorator.py took 0.193 seconds
[2023-09-07T16:22:40.401+0000] {processor.py:157} INFO - Started process (PID=11584) to work on /home/airflow/.local/lib/python3.8/site-packages/airflow/example_dags/example_dag_decorator.py
[2023-09-07T16:22:40.402+0000] {processor.py:829} INFO - Processing file /home/airflow/.local/lib/python3.8/site-packages/airflow/example_dags/example_dag_decorator.py for tasks to queue
[2023-09-07T16:22:40.403+0000] {logging_mixin.py:151} INFO - [2023-09-07T16:22:40.403+0000] {dagbag.py:539} INFO - Filling up the DagBag from /home/airflow/.local/lib/python3.8/site-packages/airflow/example_dags/example_dag_decorator.py
[2023-09-07T16:22:40.475+0000] {processor.py:839} INFO - DAG(s) dict_keys(['example_dag_decorator']) retrieved from /home/airflow/.local/lib/python3.8/site-packages/airflow/example_dags/example_dag_decorator.py
[2023-09-07T16:22:40.500+0000] {logging_mixin.py:151} INFO - [2023-09-07T16:22:40.500+0000] {dag.py:2907} INFO - Sync 1 DAGs
[2023-09-07T16:22:40.513+0000] {logging_mixin.py:151} INFO - [2023-09-07T16:22:40.513+0000] {dag.py:3677} INFO - Setting next_dagrun for example_dag_decorator to None, run_after=None
[2023-09-07T16:22:40.533+0000] {processor.py:179} INFO - Processing /home/airflow/.local/lib/python3.8/site-packages/airflow/example_dags/example_dag_decorator.py took 0.135 seconds
[2023-09-07T16:23:10.686+0000] {processor.py:157} INFO - Started process (PID=11816) to work on /home/airflow/.local/lib/python3.8/site-packages/airflow/example_dags/example_dag_decorator.py
[2023-09-07T16:23:10.689+0000] {processor.py:829} INFO - Processing file /home/airflow/.local/lib/python3.8/site-packages/airflow/example_dags/example_dag_decorator.py for tasks to queue
[2023-09-07T16:23:10.690+0000] {logging_mixin.py:151} INFO - [2023-09-07T16:23:10.690+0000] {dagbag.py:539} INFO - Filling up the DagBag from /home/airflow/.local/lib/python3.8/site-packages/airflow/example_dags/example_dag_decorator.py
[2023-09-07T16:23:10.794+0000] {processor.py:839} INFO - DAG(s) dict_keys(['example_dag_decorator']) retrieved from /home/airflow/.local/lib/python3.8/site-packages/airflow/example_dags/example_dag_decorator.py
[2023-09-07T16:23:10.896+0000] {logging_mixin.py:151} INFO - [2023-09-07T16:23:10.896+0000] {dag.py:2907} INFO - Sync 1 DAGs
[2023-09-07T16:23:10.905+0000] {logging_mixin.py:151} INFO - [2023-09-07T16:23:10.905+0000] {dag.py:3677} INFO - Setting next_dagrun for example_dag_decorator to None, run_after=None
[2023-09-07T16:23:10.917+0000] {processor.py:179} INFO - Processing /home/airflow/.local/lib/python3.8/site-packages/airflow/example_dags/example_dag_decorator.py took 0.238 seconds
[2023-09-07T16:23:41.555+0000] {processor.py:157} INFO - Started process (PID=12060) to work on /home/airflow/.local/lib/python3.8/site-packages/airflow/example_dags/example_dag_decorator.py
[2023-09-07T16:23:41.556+0000] {processor.py:829} INFO - Processing file /home/airflow/.local/lib/python3.8/site-packages/airflow/example_dags/example_dag_decorator.py for tasks to queue
[2023-09-07T16:23:41.557+0000] {logging_mixin.py:151} INFO - [2023-09-07T16:23:41.557+0000] {dagbag.py:539} INFO - Filling up the DagBag from /home/airflow/.local/lib/python3.8/site-packages/airflow/example_dags/example_dag_decorator.py
[2023-09-07T16:23:41.617+0000] {processor.py:839} INFO - DAG(s) dict_keys(['example_dag_decorator']) retrieved from /home/airflow/.local/lib/python3.8/site-packages/airflow/example_dags/example_dag_decorator.py
[2023-09-07T16:23:41.720+0000] {logging_mixin.py:151} INFO - [2023-09-07T16:23:41.720+0000] {dag.py:2907} INFO - Sync 1 DAGs
[2023-09-07T16:23:41.732+0000] {logging_mixin.py:151} INFO - [2023-09-07T16:23:41.732+0000] {dag.py:3677} INFO - Setting next_dagrun for example_dag_decorator to None, run_after=None
[2023-09-07T16:23:41.748+0000] {processor.py:179} INFO - Processing /home/airflow/.local/lib/python3.8/site-packages/airflow/example_dags/example_dag_decorator.py took 0.197 seconds
[2023-09-07T16:24:11.850+0000] {processor.py:157} INFO - Started process (PID=12298) to work on /home/airflow/.local/lib/python3.8/site-packages/airflow/example_dags/example_dag_decorator.py
[2023-09-07T16:24:11.852+0000] {processor.py:829} INFO - Processing file /home/airflow/.local/lib/python3.8/site-packages/airflow/example_dags/example_dag_decorator.py for tasks to queue
[2023-09-07T16:24:11.853+0000] {logging_mixin.py:151} INFO - [2023-09-07T16:24:11.853+0000] {dagbag.py:539} INFO - Filling up the DagBag from /home/airflow/.local/lib/python3.8/site-packages/airflow/example_dags/example_dag_decorator.py
[2023-09-07T16:24:11.917+0000] {processor.py:839} INFO - DAG(s) dict_keys(['example_dag_decorator']) retrieved from /home/airflow/.local/lib/python3.8/site-packages/airflow/example_dags/example_dag_decorator.py
[2023-09-07T16:24:11.992+0000] {logging_mixin.py:151} INFO - [2023-09-07T16:24:11.992+0000] {dag.py:2907} INFO - Sync 1 DAGs
[2023-09-07T16:24:12.001+0000] {logging_mixin.py:151} INFO - [2023-09-07T16:24:12.001+0000] {dag.py:3677} INFO - Setting next_dagrun for example_dag_decorator to None, run_after=None
[2023-09-07T16:24:12.014+0000] {processor.py:179} INFO - Processing /home/airflow/.local/lib/python3.8/site-packages/airflow/example_dags/example_dag_decorator.py took 0.170 seconds
[2023-09-07T16:24:42.392+0000] {processor.py:157} INFO - Started process (PID=12536) to work on /home/airflow/.local/lib/python3.8/site-packages/airflow/example_dags/example_dag_decorator.py
[2023-09-07T16:24:42.394+0000] {processor.py:829} INFO - Processing file /home/airflow/.local/lib/python3.8/site-packages/airflow/example_dags/example_dag_decorator.py for tasks to queue
[2023-09-07T16:24:42.395+0000] {logging_mixin.py:151} INFO - [2023-09-07T16:24:42.395+0000] {dagbag.py:539} INFO - Filling up the DagBag from /home/airflow/.local/lib/python3.8/site-packages/airflow/example_dags/example_dag_decorator.py
[2023-09-07T16:24:42.449+0000] {processor.py:839} INFO - DAG(s) dict_keys(['example_dag_decorator']) retrieved from /home/airflow/.local/lib/python3.8/site-packages/airflow/example_dags/example_dag_decorator.py
[2023-09-07T16:24:42.556+0000] {logging_mixin.py:151} INFO - [2023-09-07T16:24:42.556+0000] {dag.py:2907} INFO - Sync 1 DAGs
[2023-09-07T16:24:42.564+0000] {logging_mixin.py:151} INFO - [2023-09-07T16:24:42.564+0000] {dag.py:3677} INFO - Setting next_dagrun for example_dag_decorator to None, run_after=None
[2023-09-07T16:24:42.577+0000] {processor.py:179} INFO - Processing /home/airflow/.local/lib/python3.8/site-packages/airflow/example_dags/example_dag_decorator.py took 0.189 seconds
[2023-09-07T16:25:12.761+0000] {processor.py:157} INFO - Started process (PID=12775) to work on /home/airflow/.local/lib/python3.8/site-packages/airflow/example_dags/example_dag_decorator.py
[2023-09-07T16:25:12.763+0000] {processor.py:829} INFO - Processing file /home/airflow/.local/lib/python3.8/site-packages/airflow/example_dags/example_dag_decorator.py for tasks to queue
[2023-09-07T16:25:12.764+0000] {logging_mixin.py:151} INFO - [2023-09-07T16:25:12.763+0000] {dagbag.py:539} INFO - Filling up the DagBag from /home/airflow/.local/lib/python3.8/site-packages/airflow/example_dags/example_dag_decorator.py
[2023-09-07T16:25:12.841+0000] {processor.py:839} INFO - DAG(s) dict_keys(['example_dag_decorator']) retrieved from /home/airflow/.local/lib/python3.8/site-packages/airflow/example_dags/example_dag_decorator.py
[2023-09-07T16:25:13.030+0000] {logging_mixin.py:151} INFO - [2023-09-07T16:25:13.030+0000] {dag.py:2907} INFO - Sync 1 DAGs
[2023-09-07T16:25:13.040+0000] {logging_mixin.py:151} INFO - [2023-09-07T16:25:13.040+0000] {dag.py:3677} INFO - Setting next_dagrun for example_dag_decorator to None, run_after=None
[2023-09-07T16:25:13.077+0000] {processor.py:179} INFO - Processing /home/airflow/.local/lib/python3.8/site-packages/airflow/example_dags/example_dag_decorator.py took 0.319 seconds
[2023-09-07T16:25:43.202+0000] {processor.py:157} INFO - Started process (PID=13007) to work on /home/airflow/.local/lib/python3.8/site-packages/airflow/example_dags/example_dag_decorator.py
[2023-09-07T16:25:43.216+0000] {processor.py:829} INFO - Processing file /home/airflow/.local/lib/python3.8/site-packages/airflow/example_dags/example_dag_decorator.py for tasks to queue
[2023-09-07T16:25:43.220+0000] {logging_mixin.py:151} INFO - [2023-09-07T16:25:43.219+0000] {dagbag.py:539} INFO - Filling up the DagBag from /home/airflow/.local/lib/python3.8/site-packages/airflow/example_dags/example_dag_decorator.py
[2023-09-07T16:25:43.330+0000] {processor.py:839} INFO - DAG(s) dict_keys(['example_dag_decorator']) retrieved from /home/airflow/.local/lib/python3.8/site-packages/airflow/example_dags/example_dag_decorator.py
[2023-09-07T16:25:43.433+0000] {logging_mixin.py:151} INFO - [2023-09-07T16:25:43.433+0000] {dag.py:2907} INFO - Sync 1 DAGs
[2023-09-07T16:25:43.440+0000] {logging_mixin.py:151} INFO - [2023-09-07T16:25:43.440+0000] {dag.py:3677} INFO - Setting next_dagrun for example_dag_decorator to None, run_after=None
[2023-09-07T16:25:43.454+0000] {processor.py:179} INFO - Processing /home/airflow/.local/lib/python3.8/site-packages/airflow/example_dags/example_dag_decorator.py took 0.264 seconds
[2023-09-07T16:26:13.586+0000] {processor.py:157} INFO - Started process (PID=13245) to work on /home/airflow/.local/lib/python3.8/site-packages/airflow/example_dags/example_dag_decorator.py
[2023-09-07T16:26:13.588+0000] {processor.py:829} INFO - Processing file /home/airflow/.local/lib/python3.8/site-packages/airflow/example_dags/example_dag_decorator.py for tasks to queue
[2023-09-07T16:26:13.590+0000] {logging_mixin.py:151} INFO - [2023-09-07T16:26:13.589+0000] {dagbag.py:539} INFO - Filling up the DagBag from /home/airflow/.local/lib/python3.8/site-packages/airflow/example_dags/example_dag_decorator.py
[2023-09-07T16:26:13.643+0000] {processor.py:839} INFO - DAG(s) dict_keys(['example_dag_decorator']) retrieved from /home/airflow/.local/lib/python3.8/site-packages/airflow/example_dags/example_dag_decorator.py
[2023-09-07T16:26:13.717+0000] {logging_mixin.py:151} INFO - [2023-09-07T16:26:13.717+0000] {dag.py:2907} INFO - Sync 1 DAGs
[2023-09-07T16:26:13.723+0000] {logging_mixin.py:151} INFO - [2023-09-07T16:26:13.723+0000] {dag.py:3677} INFO - Setting next_dagrun for example_dag_decorator to None, run_after=None
[2023-09-07T16:26:13.733+0000] {processor.py:179} INFO - Processing /home/airflow/.local/lib/python3.8/site-packages/airflow/example_dags/example_dag_decorator.py took 0.152 seconds
[2023-09-07T16:26:44.469+0000] {processor.py:157} INFO - Started process (PID=13489) to work on /home/airflow/.local/lib/python3.8/site-packages/airflow/example_dags/example_dag_decorator.py
[2023-09-07T16:26:44.470+0000] {processor.py:829} INFO - Processing file /home/airflow/.local/lib/python3.8/site-packages/airflow/example_dags/example_dag_decorator.py for tasks to queue
[2023-09-07T16:26:44.472+0000] {logging_mixin.py:151} INFO - [2023-09-07T16:26:44.471+0000] {dagbag.py:539} INFO - Filling up the DagBag from /home/airflow/.local/lib/python3.8/site-packages/airflow/example_dags/example_dag_decorator.py
[2023-09-07T16:26:44.515+0000] {processor.py:839} INFO - DAG(s) dict_keys(['example_dag_decorator']) retrieved from /home/airflow/.local/lib/python3.8/site-packages/airflow/example_dags/example_dag_decorator.py
[2023-09-07T16:26:44.616+0000] {logging_mixin.py:151} INFO - [2023-09-07T16:26:44.616+0000] {dag.py:2907} INFO - Sync 1 DAGs
[2023-09-07T16:26:44.622+0000] {logging_mixin.py:151} INFO - [2023-09-07T16:26:44.622+0000] {dag.py:3677} INFO - Setting next_dagrun for example_dag_decorator to None, run_after=None
[2023-09-07T16:26:44.633+0000] {processor.py:179} INFO - Processing /home/airflow/.local/lib/python3.8/site-packages/airflow/example_dags/example_dag_decorator.py took 0.167 seconds
[2023-09-07T16:27:14.740+0000] {processor.py:157} INFO - Started process (PID=13727) to work on /home/airflow/.local/lib/python3.8/site-packages/airflow/example_dags/example_dag_decorator.py
[2023-09-07T16:27:14.744+0000] {processor.py:829} INFO - Processing file /home/airflow/.local/lib/python3.8/site-packages/airflow/example_dags/example_dag_decorator.py for tasks to queue
[2023-09-07T16:27:14.746+0000] {logging_mixin.py:151} INFO - [2023-09-07T16:27:14.746+0000] {dagbag.py:539} INFO - Filling up the DagBag from /home/airflow/.local/lib/python3.8/site-packages/airflow/example_dags/example_dag_decorator.py
[2023-09-07T16:27:14.845+0000] {processor.py:839} INFO - DAG(s) dict_keys(['example_dag_decorator']) retrieved from /home/airflow/.local/lib/python3.8/site-packages/airflow/example_dags/example_dag_decorator.py
[2023-09-07T16:27:14.967+0000] {logging_mixin.py:151} INFO - [2023-09-07T16:27:14.967+0000] {dag.py:2907} INFO - Sync 1 DAGs
[2023-09-07T16:27:14.976+0000] {logging_mixin.py:151} INFO - [2023-09-07T16:27:14.976+0000] {dag.py:3677} INFO - Setting next_dagrun for example_dag_decorator to None, run_after=None
[2023-09-07T16:27:14.990+0000] {processor.py:179} INFO - Processing /home/airflow/.local/lib/python3.8/site-packages/airflow/example_dags/example_dag_decorator.py took 0.252 seconds
[2023-09-07T16:27:45.591+0000] {processor.py:157} INFO - Started process (PID=13966) to work on /home/airflow/.local/lib/python3.8/site-packages/airflow/example_dags/example_dag_decorator.py
[2023-09-07T16:27:45.593+0000] {processor.py:829} INFO - Processing file /home/airflow/.local/lib/python3.8/site-packages/airflow/example_dags/example_dag_decorator.py for tasks to queue
[2023-09-07T16:27:45.594+0000] {logging_mixin.py:151} INFO - [2023-09-07T16:27:45.593+0000] {dagbag.py:539} INFO - Filling up the DagBag from /home/airflow/.local/lib/python3.8/site-packages/airflow/example_dags/example_dag_decorator.py
[2023-09-07T16:27:45.652+0000] {processor.py:839} INFO - DAG(s) dict_keys(['example_dag_decorator']) retrieved from /home/airflow/.local/lib/python3.8/site-packages/airflow/example_dags/example_dag_decorator.py
[2023-09-07T16:27:45.766+0000] {logging_mixin.py:151} INFO - [2023-09-07T16:27:45.766+0000] {dag.py:2907} INFO - Sync 1 DAGs
[2023-09-07T16:27:45.781+0000] {logging_mixin.py:151} INFO - [2023-09-07T16:27:45.781+0000] {dag.py:3677} INFO - Setting next_dagrun for example_dag_decorator to None, run_after=None
[2023-09-07T16:27:45.795+0000] {processor.py:179} INFO - Processing /home/airflow/.local/lib/python3.8/site-packages/airflow/example_dags/example_dag_decorator.py took 0.206 seconds
[2023-09-07T16:28:16.599+0000] {processor.py:157} INFO - Started process (PID=14204) to work on /home/airflow/.local/lib/python3.8/site-packages/airflow/example_dags/example_dag_decorator.py
[2023-09-07T16:28:16.600+0000] {processor.py:829} INFO - Processing file /home/airflow/.local/lib/python3.8/site-packages/airflow/example_dags/example_dag_decorator.py for tasks to queue
[2023-09-07T16:28:16.601+0000] {logging_mixin.py:151} INFO - [2023-09-07T16:28:16.601+0000] {dagbag.py:539} INFO - Filling up the DagBag from /home/airflow/.local/lib/python3.8/site-packages/airflow/example_dags/example_dag_decorator.py
[2023-09-07T16:28:16.649+0000] {processor.py:839} INFO - DAG(s) dict_keys(['example_dag_decorator']) retrieved from /home/airflow/.local/lib/python3.8/site-packages/airflow/example_dags/example_dag_decorator.py
[2023-09-07T16:28:16.670+0000] {logging_mixin.py:151} INFO - [2023-09-07T16:28:16.670+0000] {dag.py:2907} INFO - Sync 1 DAGs
[2023-09-07T16:28:16.681+0000] {logging_mixin.py:151} INFO - [2023-09-07T16:28:16.681+0000] {dag.py:3677} INFO - Setting next_dagrun for example_dag_decorator to None, run_after=None
[2023-09-07T16:28:16.693+0000] {processor.py:179} INFO - Processing /home/airflow/.local/lib/python3.8/site-packages/airflow/example_dags/example_dag_decorator.py took 0.097 seconds
[2023-09-07T16:28:47.677+0000] {processor.py:157} INFO - Started process (PID=14442) to work on /home/airflow/.local/lib/python3.8/site-packages/airflow/example_dags/example_dag_decorator.py
[2023-09-07T16:28:47.678+0000] {processor.py:829} INFO - Processing file /home/airflow/.local/lib/python3.8/site-packages/airflow/example_dags/example_dag_decorator.py for tasks to queue
[2023-09-07T16:28:47.680+0000] {logging_mixin.py:151} INFO - [2023-09-07T16:28:47.679+0000] {dagbag.py:539} INFO - Filling up the DagBag from /home/airflow/.local/lib/python3.8/site-packages/airflow/example_dags/example_dag_decorator.py
[2023-09-07T16:28:47.743+0000] {processor.py:839} INFO - DAG(s) dict_keys(['example_dag_decorator']) retrieved from /home/airflow/.local/lib/python3.8/site-packages/airflow/example_dags/example_dag_decorator.py
[2023-09-07T16:28:47.770+0000] {logging_mixin.py:151} INFO - [2023-09-07T16:28:47.770+0000] {dag.py:2907} INFO - Sync 1 DAGs
[2023-09-07T16:28:47.789+0000] {logging_mixin.py:151} INFO - [2023-09-07T16:28:47.788+0000] {dag.py:3677} INFO - Setting next_dagrun for example_dag_decorator to None, run_after=None
[2023-09-07T16:28:47.804+0000] {processor.py:179} INFO - Processing /home/airflow/.local/lib/python3.8/site-packages/airflow/example_dags/example_dag_decorator.py took 0.130 seconds
[2023-09-07T16:29:18.354+0000] {processor.py:157} INFO - Started process (PID=14679) to work on /home/airflow/.local/lib/python3.8/site-packages/airflow/example_dags/example_dag_decorator.py
[2023-09-07T16:29:18.355+0000] {processor.py:829} INFO - Processing file /home/airflow/.local/lib/python3.8/site-packages/airflow/example_dags/example_dag_decorator.py for tasks to queue
[2023-09-07T16:29:18.357+0000] {logging_mixin.py:151} INFO - [2023-09-07T16:29:18.356+0000] {dagbag.py:539} INFO - Filling up the DagBag from /home/airflow/.local/lib/python3.8/site-packages/airflow/example_dags/example_dag_decorator.py
[2023-09-07T16:29:18.413+0000] {processor.py:839} INFO - DAG(s) dict_keys(['example_dag_decorator']) retrieved from /home/airflow/.local/lib/python3.8/site-packages/airflow/example_dags/example_dag_decorator.py
[2023-09-07T16:29:18.451+0000] {logging_mixin.py:151} INFO - [2023-09-07T16:29:18.451+0000] {dag.py:2907} INFO - Sync 1 DAGs
[2023-09-07T16:29:18.463+0000] {logging_mixin.py:151} INFO - [2023-09-07T16:29:18.463+0000] {dag.py:3677} INFO - Setting next_dagrun for example_dag_decorator to None, run_after=None
[2023-09-07T16:29:18.477+0000] {processor.py:179} INFO - Processing /home/airflow/.local/lib/python3.8/site-packages/airflow/example_dags/example_dag_decorator.py took 0.128 seconds
[2023-09-07T16:31:00.993+0000] {processor.py:157} INFO - Started process (PID=14915) to work on /home/airflow/.local/lib/python3.8/site-packages/airflow/example_dags/example_dag_decorator.py
[2023-09-07T16:31:00.995+0000] {processor.py:829} INFO - Processing file /home/airflow/.local/lib/python3.8/site-packages/airflow/example_dags/example_dag_decorator.py for tasks to queue
[2023-09-07T16:31:00.996+0000] {logging_mixin.py:151} INFO - [2023-09-07T16:31:00.996+0000] {dagbag.py:539} INFO - Filling up the DagBag from /home/airflow/.local/lib/python3.8/site-packages/airflow/example_dags/example_dag_decorator.py
[2023-09-07T16:31:01.048+0000] {processor.py:839} INFO - DAG(s) dict_keys(['example_dag_decorator']) retrieved from /home/airflow/.local/lib/python3.8/site-packages/airflow/example_dags/example_dag_decorator.py
[2023-09-07T16:31:01.133+0000] {logging_mixin.py:151} INFO - [2023-09-07T16:31:01.132+0000] {dag.py:2907} INFO - Sync 1 DAGs
[2023-09-07T16:31:01.144+0000] {logging_mixin.py:151} INFO - [2023-09-07T16:31:01.144+0000] {dag.py:3677} INFO - Setting next_dagrun for example_dag_decorator to None, run_after=None
[2023-09-07T16:31:01.170+0000] {processor.py:179} INFO - Processing /home/airflow/.local/lib/python3.8/site-packages/airflow/example_dags/example_dag_decorator.py took 0.180 seconds
[2023-09-07T16:31:32.126+0000] {processor.py:157} INFO - Started process (PID=15153) to work on /home/airflow/.local/lib/python3.8/site-packages/airflow/example_dags/example_dag_decorator.py
[2023-09-07T16:31:32.129+0000] {processor.py:829} INFO - Processing file /home/airflow/.local/lib/python3.8/site-packages/airflow/example_dags/example_dag_decorator.py for tasks to queue
[2023-09-07T16:31:32.134+0000] {logging_mixin.py:151} INFO - [2023-09-07T16:31:32.133+0000] {dagbag.py:539} INFO - Filling up the DagBag from /home/airflow/.local/lib/python3.8/site-packages/airflow/example_dags/example_dag_decorator.py
[2023-09-07T16:31:32.184+0000] {processor.py:839} INFO - DAG(s) dict_keys(['example_dag_decorator']) retrieved from /home/airflow/.local/lib/python3.8/site-packages/airflow/example_dags/example_dag_decorator.py
[2023-09-07T16:31:32.205+0000] {logging_mixin.py:151} INFO - [2023-09-07T16:31:32.205+0000] {dag.py:2907} INFO - Sync 1 DAGs
[2023-09-07T16:31:32.216+0000] {logging_mixin.py:151} INFO - [2023-09-07T16:31:32.216+0000] {dag.py:3677} INFO - Setting next_dagrun for example_dag_decorator to None, run_after=None
[2023-09-07T16:31:32.229+0000] {processor.py:179} INFO - Processing /home/airflow/.local/lib/python3.8/site-packages/airflow/example_dags/example_dag_decorator.py took 0.107 seconds
[2023-09-07T16:32:02.832+0000] {processor.py:157} INFO - Started process (PID=15391) to work on /home/airflow/.local/lib/python3.8/site-packages/airflow/example_dags/example_dag_decorator.py
[2023-09-07T16:32:02.833+0000] {processor.py:829} INFO - Processing file /home/airflow/.local/lib/python3.8/site-packages/airflow/example_dags/example_dag_decorator.py for tasks to queue
[2023-09-07T16:32:02.834+0000] {logging_mixin.py:151} INFO - [2023-09-07T16:32:02.834+0000] {dagbag.py:539} INFO - Filling up the DagBag from /home/airflow/.local/lib/python3.8/site-packages/airflow/example_dags/example_dag_decorator.py
[2023-09-07T16:32:02.893+0000] {processor.py:839} INFO - DAG(s) dict_keys(['example_dag_decorator']) retrieved from /home/airflow/.local/lib/python3.8/site-packages/airflow/example_dags/example_dag_decorator.py
[2023-09-07T16:32:02.979+0000] {logging_mixin.py:151} INFO - [2023-09-07T16:32:02.979+0000] {dag.py:2907} INFO - Sync 1 DAGs
[2023-09-07T16:32:02.986+0000] {logging_mixin.py:151} INFO - [2023-09-07T16:32:02.986+0000] {dag.py:3677} INFO - Setting next_dagrun for example_dag_decorator to None, run_after=None
[2023-09-07T16:32:02.997+0000] {processor.py:179} INFO - Processing /home/airflow/.local/lib/python3.8/site-packages/airflow/example_dags/example_dag_decorator.py took 0.168 seconds
[2023-09-07T16:32:36.228+0000] {processor.py:157} INFO - Started process (PID=15629) to work on /home/airflow/.local/lib/python3.8/site-packages/airflow/example_dags/example_dag_decorator.py
[2023-09-07T16:32:36.230+0000] {processor.py:829} INFO - Processing file /home/airflow/.local/lib/python3.8/site-packages/airflow/example_dags/example_dag_decorator.py for tasks to queue
[2023-09-07T16:32:36.231+0000] {logging_mixin.py:151} INFO - [2023-09-07T16:32:36.231+0000] {dagbag.py:539} INFO - Filling up the DagBag from /home/airflow/.local/lib/python3.8/site-packages/airflow/example_dags/example_dag_decorator.py
[2023-09-07T16:32:36.297+0000] {processor.py:839} INFO - DAG(s) dict_keys(['example_dag_decorator']) retrieved from /home/airflow/.local/lib/python3.8/site-packages/airflow/example_dags/example_dag_decorator.py
[2023-09-07T16:32:36.393+0000] {logging_mixin.py:151} INFO - [2023-09-07T16:32:36.393+0000] {dag.py:2907} INFO - Sync 1 DAGs
[2023-09-07T16:32:36.403+0000] {logging_mixin.py:151} INFO - [2023-09-07T16:32:36.402+0000] {dag.py:3677} INFO - Setting next_dagrun for example_dag_decorator to None, run_after=None
[2023-09-07T16:32:36.413+0000] {processor.py:179} INFO - Processing /home/airflow/.local/lib/python3.8/site-packages/airflow/example_dags/example_dag_decorator.py took 0.189 seconds
