[2023-09-07T15:58:24.821+0000] {processor.py:157} INFO - Started process (PID=237) to work on /home/airflow/.local/lib/python3.8/site-packages/airflow/example_dags/example_complex.py
[2023-09-07T15:58:24.822+0000] {processor.py:829} INFO - Processing file /home/airflow/.local/lib/python3.8/site-packages/airflow/example_dags/example_complex.py for tasks to queue
[2023-09-07T15:58:24.824+0000] {logging_mixin.py:151} INFO - [2023-09-07T15:58:24.823+0000] {dagbag.py:539} INFO - Filling up the DagBag from /home/airflow/.local/lib/python3.8/site-packages/airflow/example_dags/example_complex.py
[2023-09-07T15:58:24.833+0000] {processor.py:839} INFO - DAG(s) dict_keys(['example_complex']) retrieved from /home/airflow/.local/lib/python3.8/site-packages/airflow/example_dags/example_complex.py
[2023-09-07T15:58:24.846+0000] {logging_mixin.py:151} INFO - [2023-09-07T15:58:24.846+0000] {dag.py:2907} INFO - Sync 1 DAGs
[2023-09-07T15:58:24.858+0000] {logging_mixin.py:151} INFO - [2023-09-07T15:58:24.858+0000] {dag.py:3677} INFO - Setting next_dagrun for example_complex to None, run_after=None
[2023-09-07T15:58:24.891+0000] {processor.py:179} INFO - Processing /home/airflow/.local/lib/python3.8/site-packages/airflow/example_dags/example_complex.py took 0.073 seconds
[2023-09-07T15:58:55.917+0000] {processor.py:157} INFO - Started process (PID=475) to work on /home/airflow/.local/lib/python3.8/site-packages/airflow/example_dags/example_complex.py
[2023-09-07T15:58:55.919+0000] {processor.py:829} INFO - Processing file /home/airflow/.local/lib/python3.8/site-packages/airflow/example_dags/example_complex.py for tasks to queue
[2023-09-07T15:58:55.920+0000] {logging_mixin.py:151} INFO - [2023-09-07T15:58:55.919+0000] {dagbag.py:539} INFO - Filling up the DagBag from /home/airflow/.local/lib/python3.8/site-packages/airflow/example_dags/example_complex.py
[2023-09-07T15:58:55.928+0000] {processor.py:839} INFO - DAG(s) dict_keys(['example_complex']) retrieved from /home/airflow/.local/lib/python3.8/site-packages/airflow/example_dags/example_complex.py
[2023-09-07T15:58:56.099+0000] {logging_mixin.py:151} INFO - [2023-09-07T15:58:56.098+0000] {dag.py:2907} INFO - Sync 1 DAGs
[2023-09-07T15:58:56.134+0000] {logging_mixin.py:151} INFO - [2023-09-07T15:58:56.134+0000] {dag.py:3677} INFO - Setting next_dagrun for example_complex to None, run_after=None
[2023-09-07T15:58:56.163+0000] {processor.py:179} INFO - Processing /home/airflow/.local/lib/python3.8/site-packages/airflow/example_dags/example_complex.py took 0.250 seconds
[2023-09-07T15:59:27.932+0000] {processor.py:157} INFO - Started process (PID=713) to work on /home/airflow/.local/lib/python3.8/site-packages/airflow/example_dags/example_complex.py
[2023-09-07T15:59:27.934+0000] {processor.py:829} INFO - Processing file /home/airflow/.local/lib/python3.8/site-packages/airflow/example_dags/example_complex.py for tasks to queue
[2023-09-07T15:59:27.935+0000] {logging_mixin.py:151} INFO - [2023-09-07T15:59:27.935+0000] {dagbag.py:539} INFO - Filling up the DagBag from /home/airflow/.local/lib/python3.8/site-packages/airflow/example_dags/example_complex.py
[2023-09-07T15:59:28.072+0000] {processor.py:839} INFO - DAG(s) dict_keys(['example_complex']) retrieved from /home/airflow/.local/lib/python3.8/site-packages/airflow/example_dags/example_complex.py
[2023-09-07T15:59:28.093+0000] {logging_mixin.py:151} INFO - [2023-09-07T15:59:28.093+0000] {dag.py:2907} INFO - Sync 1 DAGs
[2023-09-07T15:59:28.101+0000] {logging_mixin.py:151} INFO - [2023-09-07T15:59:28.101+0000] {dag.py:3677} INFO - Setting next_dagrun for example_complex to None, run_after=None
[2023-09-07T15:59:28.114+0000] {processor.py:179} INFO - Processing /home/airflow/.local/lib/python3.8/site-packages/airflow/example_dags/example_complex.py took 0.186 seconds
[2023-09-07T15:59:59.296+0000] {processor.py:157} INFO - Started process (PID=953) to work on /home/airflow/.local/lib/python3.8/site-packages/airflow/example_dags/example_complex.py
[2023-09-07T15:59:59.300+0000] {processor.py:829} INFO - Processing file /home/airflow/.local/lib/python3.8/site-packages/airflow/example_dags/example_complex.py for tasks to queue
[2023-09-07T15:59:59.302+0000] {logging_mixin.py:151} INFO - [2023-09-07T15:59:59.302+0000] {dagbag.py:539} INFO - Filling up the DagBag from /home/airflow/.local/lib/python3.8/site-packages/airflow/example_dags/example_complex.py
[2023-09-07T15:59:59.313+0000] {processor.py:839} INFO - DAG(s) dict_keys(['example_complex']) retrieved from /home/airflow/.local/lib/python3.8/site-packages/airflow/example_dags/example_complex.py
[2023-09-07T15:59:59.365+0000] {logging_mixin.py:151} INFO - [2023-09-07T15:59:59.365+0000] {dag.py:2907} INFO - Sync 1 DAGs
[2023-09-07T15:59:59.376+0000] {logging_mixin.py:151} INFO - [2023-09-07T15:59:59.376+0000] {dag.py:3677} INFO - Setting next_dagrun for example_complex to None, run_after=None
[2023-09-07T15:59:59.390+0000] {processor.py:179} INFO - Processing /home/airflow/.local/lib/python3.8/site-packages/airflow/example_dags/example_complex.py took 0.097 seconds
[2023-09-07T16:00:29.576+0000] {processor.py:157} INFO - Started process (PID=1188) to work on /home/airflow/.local/lib/python3.8/site-packages/airflow/example_dags/example_complex.py
[2023-09-07T16:00:29.577+0000] {processor.py:829} INFO - Processing file /home/airflow/.local/lib/python3.8/site-packages/airflow/example_dags/example_complex.py for tasks to queue
[2023-09-07T16:00:29.578+0000] {logging_mixin.py:151} INFO - [2023-09-07T16:00:29.578+0000] {dagbag.py:539} INFO - Filling up the DagBag from /home/airflow/.local/lib/python3.8/site-packages/airflow/example_dags/example_complex.py
[2023-09-07T16:00:29.586+0000] {processor.py:839} INFO - DAG(s) dict_keys(['example_complex']) retrieved from /home/airflow/.local/lib/python3.8/site-packages/airflow/example_dags/example_complex.py
[2023-09-07T16:00:29.608+0000] {logging_mixin.py:151} INFO - [2023-09-07T16:00:29.608+0000] {dag.py:2907} INFO - Sync 1 DAGs
[2023-09-07T16:00:29.617+0000] {logging_mixin.py:151} INFO - [2023-09-07T16:00:29.617+0000] {dag.py:3677} INFO - Setting next_dagrun for example_complex to None, run_after=None
[2023-09-07T16:00:29.627+0000] {processor.py:179} INFO - Processing /home/airflow/.local/lib/python3.8/site-packages/airflow/example_dags/example_complex.py took 0.053 seconds
[2023-09-07T16:01:00.575+0000] {processor.py:157} INFO - Started process (PID=1450) to work on /home/airflow/.local/lib/python3.8/site-packages/airflow/example_dags/example_complex.py
[2023-09-07T16:01:00.577+0000] {processor.py:829} INFO - Processing file /home/airflow/.local/lib/python3.8/site-packages/airflow/example_dags/example_complex.py for tasks to queue
[2023-09-07T16:01:00.578+0000] {logging_mixin.py:151} INFO - [2023-09-07T16:01:00.578+0000] {dagbag.py:539} INFO - Filling up the DagBag from /home/airflow/.local/lib/python3.8/site-packages/airflow/example_dags/example_complex.py
[2023-09-07T16:01:00.585+0000] {processor.py:839} INFO - DAG(s) dict_keys(['example_complex']) retrieved from /home/airflow/.local/lib/python3.8/site-packages/airflow/example_dags/example_complex.py
[2023-09-07T16:01:00.609+0000] {logging_mixin.py:151} INFO - [2023-09-07T16:01:00.609+0000] {dag.py:2907} INFO - Sync 1 DAGs
[2023-09-07T16:01:00.619+0000] {logging_mixin.py:151} INFO - [2023-09-07T16:01:00.619+0000] {dag.py:3677} INFO - Setting next_dagrun for example_complex to None, run_after=None
[2023-09-07T16:01:00.630+0000] {processor.py:179} INFO - Processing /home/airflow/.local/lib/python3.8/site-packages/airflow/example_dags/example_complex.py took 0.058 seconds
[2023-09-07T16:01:31.161+0000] {processor.py:157} INFO - Started process (PID=1688) to work on /home/airflow/.local/lib/python3.8/site-packages/airflow/example_dags/example_complex.py
[2023-09-07T16:01:31.163+0000] {processor.py:829} INFO - Processing file /home/airflow/.local/lib/python3.8/site-packages/airflow/example_dags/example_complex.py for tasks to queue
[2023-09-07T16:01:31.164+0000] {logging_mixin.py:151} INFO - [2023-09-07T16:01:31.163+0000] {dagbag.py:539} INFO - Filling up the DagBag from /home/airflow/.local/lib/python3.8/site-packages/airflow/example_dags/example_complex.py
[2023-09-07T16:01:31.172+0000] {processor.py:839} INFO - DAG(s) dict_keys(['example_complex']) retrieved from /home/airflow/.local/lib/python3.8/site-packages/airflow/example_dags/example_complex.py
[2023-09-07T16:01:31.203+0000] {logging_mixin.py:151} INFO - [2023-09-07T16:01:31.202+0000] {dag.py:2907} INFO - Sync 1 DAGs
[2023-09-07T16:01:31.212+0000] {logging_mixin.py:151} INFO - [2023-09-07T16:01:31.212+0000] {dag.py:3677} INFO - Setting next_dagrun for example_complex to None, run_after=None
[2023-09-07T16:01:31.223+0000] {processor.py:179} INFO - Processing /home/airflow/.local/lib/python3.8/site-packages/airflow/example_dags/example_complex.py took 0.065 seconds
[2023-09-07T16:02:02.657+0000] {processor.py:157} INFO - Started process (PID=1926) to work on /home/airflow/.local/lib/python3.8/site-packages/airflow/example_dags/example_complex.py
[2023-09-07T16:02:02.660+0000] {processor.py:829} INFO - Processing file /home/airflow/.local/lib/python3.8/site-packages/airflow/example_dags/example_complex.py for tasks to queue
[2023-09-07T16:02:02.662+0000] {logging_mixin.py:151} INFO - [2023-09-07T16:02:02.662+0000] {dagbag.py:539} INFO - Filling up the DagBag from /home/airflow/.local/lib/python3.8/site-packages/airflow/example_dags/example_complex.py
[2023-09-07T16:02:02.674+0000] {processor.py:839} INFO - DAG(s) dict_keys(['example_complex']) retrieved from /home/airflow/.local/lib/python3.8/site-packages/airflow/example_dags/example_complex.py
[2023-09-07T16:02:02.708+0000] {logging_mixin.py:151} INFO - [2023-09-07T16:02:02.708+0000] {dag.py:2907} INFO - Sync 1 DAGs
[2023-09-07T16:02:02.718+0000] {logging_mixin.py:151} INFO - [2023-09-07T16:02:02.717+0000] {dag.py:3677} INFO - Setting next_dagrun for example_complex to None, run_after=None
[2023-09-07T16:02:02.734+0000] {processor.py:179} INFO - Processing /home/airflow/.local/lib/python3.8/site-packages/airflow/example_dags/example_complex.py took 0.083 seconds
[2023-09-07T16:02:32.915+0000] {processor.py:157} INFO - Started process (PID=2164) to work on /home/airflow/.local/lib/python3.8/site-packages/airflow/example_dags/example_complex.py
[2023-09-07T16:02:32.917+0000] {processor.py:829} INFO - Processing file /home/airflow/.local/lib/python3.8/site-packages/airflow/example_dags/example_complex.py for tasks to queue
[2023-09-07T16:02:32.918+0000] {logging_mixin.py:151} INFO - [2023-09-07T16:02:32.917+0000] {dagbag.py:539} INFO - Filling up the DagBag from /home/airflow/.local/lib/python3.8/site-packages/airflow/example_dags/example_complex.py
[2023-09-07T16:02:32.925+0000] {processor.py:839} INFO - DAG(s) dict_keys(['example_complex']) retrieved from /home/airflow/.local/lib/python3.8/site-packages/airflow/example_dags/example_complex.py
[2023-09-07T16:02:32.949+0000] {logging_mixin.py:151} INFO - [2023-09-07T16:02:32.948+0000] {dag.py:2907} INFO - Sync 1 DAGs
[2023-09-07T16:02:32.957+0000] {logging_mixin.py:151} INFO - [2023-09-07T16:02:32.957+0000] {dag.py:3677} INFO - Setting next_dagrun for example_complex to None, run_after=None
[2023-09-07T16:02:32.969+0000] {processor.py:179} INFO - Processing /home/airflow/.local/lib/python3.8/site-packages/airflow/example_dags/example_complex.py took 0.056 seconds
[2023-09-07T16:03:03.090+0000] {processor.py:157} INFO - Started process (PID=2402) to work on /home/airflow/.local/lib/python3.8/site-packages/airflow/example_dags/example_complex.py
[2023-09-07T16:03:03.091+0000] {processor.py:829} INFO - Processing file /home/airflow/.local/lib/python3.8/site-packages/airflow/example_dags/example_complex.py for tasks to queue
[2023-09-07T16:03:03.092+0000] {logging_mixin.py:151} INFO - [2023-09-07T16:03:03.092+0000] {dagbag.py:539} INFO - Filling up the DagBag from /home/airflow/.local/lib/python3.8/site-packages/airflow/example_dags/example_complex.py
[2023-09-07T16:03:03.100+0000] {processor.py:839} INFO - DAG(s) dict_keys(['example_complex']) retrieved from /home/airflow/.local/lib/python3.8/site-packages/airflow/example_dags/example_complex.py
[2023-09-07T16:03:03.124+0000] {logging_mixin.py:151} INFO - [2023-09-07T16:03:03.124+0000] {dag.py:2907} INFO - Sync 1 DAGs
[2023-09-07T16:03:03.134+0000] {logging_mixin.py:151} INFO - [2023-09-07T16:03:03.134+0000] {dag.py:3677} INFO - Setting next_dagrun for example_complex to None, run_after=None
[2023-09-07T16:03:03.145+0000] {processor.py:179} INFO - Processing /home/airflow/.local/lib/python3.8/site-packages/airflow/example_dags/example_complex.py took 0.058 seconds
[2023-09-07T16:03:33.232+0000] {processor.py:157} INFO - Started process (PID=2640) to work on /home/airflow/.local/lib/python3.8/site-packages/airflow/example_dags/example_complex.py
[2023-09-07T16:03:33.233+0000] {processor.py:829} INFO - Processing file /home/airflow/.local/lib/python3.8/site-packages/airflow/example_dags/example_complex.py for tasks to queue
[2023-09-07T16:03:33.234+0000] {logging_mixin.py:151} INFO - [2023-09-07T16:03:33.233+0000] {dagbag.py:539} INFO - Filling up the DagBag from /home/airflow/.local/lib/python3.8/site-packages/airflow/example_dags/example_complex.py
[2023-09-07T16:03:33.241+0000] {processor.py:839} INFO - DAG(s) dict_keys(['example_complex']) retrieved from /home/airflow/.local/lib/python3.8/site-packages/airflow/example_dags/example_complex.py
[2023-09-07T16:03:33.265+0000] {logging_mixin.py:151} INFO - [2023-09-07T16:03:33.265+0000] {dag.py:2907} INFO - Sync 1 DAGs
[2023-09-07T16:03:33.274+0000] {logging_mixin.py:151} INFO - [2023-09-07T16:03:33.274+0000] {dag.py:3677} INFO - Setting next_dagrun for example_complex to None, run_after=None
[2023-09-07T16:03:33.288+0000] {processor.py:179} INFO - Processing /home/airflow/.local/lib/python3.8/site-packages/airflow/example_dags/example_complex.py took 0.059 seconds
[2023-09-07T16:04:03.948+0000] {processor.py:157} INFO - Started process (PID=2878) to work on /home/airflow/.local/lib/python3.8/site-packages/airflow/example_dags/example_complex.py
[2023-09-07T16:04:03.949+0000] {processor.py:829} INFO - Processing file /home/airflow/.local/lib/python3.8/site-packages/airflow/example_dags/example_complex.py for tasks to queue
[2023-09-07T16:04:03.950+0000] {logging_mixin.py:151} INFO - [2023-09-07T16:04:03.950+0000] {dagbag.py:539} INFO - Filling up the DagBag from /home/airflow/.local/lib/python3.8/site-packages/airflow/example_dags/example_complex.py
[2023-09-07T16:04:03.957+0000] {processor.py:839} INFO - DAG(s) dict_keys(['example_complex']) retrieved from /home/airflow/.local/lib/python3.8/site-packages/airflow/example_dags/example_complex.py
[2023-09-07T16:04:03.981+0000] {logging_mixin.py:151} INFO - [2023-09-07T16:04:03.981+0000] {dag.py:2907} INFO - Sync 1 DAGs
[2023-09-07T16:04:03.990+0000] {logging_mixin.py:151} INFO - [2023-09-07T16:04:03.990+0000] {dag.py:3677} INFO - Setting next_dagrun for example_complex to None, run_after=None
[2023-09-07T16:04:04.003+0000] {processor.py:179} INFO - Processing /home/airflow/.local/lib/python3.8/site-packages/airflow/example_dags/example_complex.py took 0.058 seconds
[2023-09-07T16:04:35.415+0000] {processor.py:157} INFO - Started process (PID=3116) to work on /home/airflow/.local/lib/python3.8/site-packages/airflow/example_dags/example_complex.py
[2023-09-07T16:04:35.418+0000] {processor.py:829} INFO - Processing file /home/airflow/.local/lib/python3.8/site-packages/airflow/example_dags/example_complex.py for tasks to queue
[2023-09-07T16:04:35.420+0000] {logging_mixin.py:151} INFO - [2023-09-07T16:04:35.419+0000] {dagbag.py:539} INFO - Filling up the DagBag from /home/airflow/.local/lib/python3.8/site-packages/airflow/example_dags/example_complex.py
[2023-09-07T16:04:35.432+0000] {processor.py:839} INFO - DAG(s) dict_keys(['example_complex']) retrieved from /home/airflow/.local/lib/python3.8/site-packages/airflow/example_dags/example_complex.py
[2023-09-07T16:04:35.467+0000] {logging_mixin.py:151} INFO - [2023-09-07T16:04:35.467+0000] {dag.py:2907} INFO - Sync 1 DAGs
[2023-09-07T16:04:35.479+0000] {logging_mixin.py:151} INFO - [2023-09-07T16:04:35.479+0000] {dag.py:3677} INFO - Setting next_dagrun for example_complex to None, run_after=None
[2023-09-07T16:04:35.490+0000] {processor.py:179} INFO - Processing /home/airflow/.local/lib/python3.8/site-packages/airflow/example_dags/example_complex.py took 0.079 seconds
[2023-09-07T16:05:06.404+0000] {processor.py:157} INFO - Started process (PID=3354) to work on /home/airflow/.local/lib/python3.8/site-packages/airflow/example_dags/example_complex.py
[2023-09-07T16:05:06.405+0000] {processor.py:829} INFO - Processing file /home/airflow/.local/lib/python3.8/site-packages/airflow/example_dags/example_complex.py for tasks to queue
[2023-09-07T16:05:06.407+0000] {logging_mixin.py:151} INFO - [2023-09-07T16:05:06.406+0000] {dagbag.py:539} INFO - Filling up the DagBag from /home/airflow/.local/lib/python3.8/site-packages/airflow/example_dags/example_complex.py
[2023-09-07T16:05:06.420+0000] {processor.py:839} INFO - DAG(s) dict_keys(['example_complex']) retrieved from /home/airflow/.local/lib/python3.8/site-packages/airflow/example_dags/example_complex.py
[2023-09-07T16:05:06.454+0000] {logging_mixin.py:151} INFO - [2023-09-07T16:05:06.454+0000] {dag.py:2907} INFO - Sync 1 DAGs
[2023-09-07T16:05:06.467+0000] {logging_mixin.py:151} INFO - [2023-09-07T16:05:06.467+0000] {dag.py:3677} INFO - Setting next_dagrun for example_complex to None, run_after=None
[2023-09-07T16:05:06.480+0000] {processor.py:179} INFO - Processing /home/airflow/.local/lib/python3.8/site-packages/airflow/example_dags/example_complex.py took 0.080 seconds
[2023-09-07T16:05:37.171+0000] {processor.py:157} INFO - Started process (PID=3593) to work on /home/airflow/.local/lib/python3.8/site-packages/airflow/example_dags/example_complex.py
[2023-09-07T16:05:37.173+0000] {processor.py:829} INFO - Processing file /home/airflow/.local/lib/python3.8/site-packages/airflow/example_dags/example_complex.py for tasks to queue
[2023-09-07T16:05:37.175+0000] {logging_mixin.py:151} INFO - [2023-09-07T16:05:37.174+0000] {dagbag.py:539} INFO - Filling up the DagBag from /home/airflow/.local/lib/python3.8/site-packages/airflow/example_dags/example_complex.py
[2023-09-07T16:05:37.188+0000] {processor.py:839} INFO - DAG(s) dict_keys(['example_complex']) retrieved from /home/airflow/.local/lib/python3.8/site-packages/airflow/example_dags/example_complex.py
[2023-09-07T16:05:37.222+0000] {logging_mixin.py:151} INFO - [2023-09-07T16:05:37.222+0000] {dag.py:2907} INFO - Sync 1 DAGs
[2023-09-07T16:05:37.233+0000] {logging_mixin.py:151} INFO - [2023-09-07T16:05:37.232+0000] {dag.py:3677} INFO - Setting next_dagrun for example_complex to None, run_after=None
[2023-09-07T16:05:37.244+0000] {processor.py:179} INFO - Processing /home/airflow/.local/lib/python3.8/site-packages/airflow/example_dags/example_complex.py took 0.080 seconds
[2023-09-07T16:06:08.350+0000] {processor.py:157} INFO - Started process (PID=3831) to work on /home/airflow/.local/lib/python3.8/site-packages/airflow/example_dags/example_complex.py
[2023-09-07T16:06:08.351+0000] {processor.py:829} INFO - Processing file /home/airflow/.local/lib/python3.8/site-packages/airflow/example_dags/example_complex.py for tasks to queue
[2023-09-07T16:06:08.352+0000] {logging_mixin.py:151} INFO - [2023-09-07T16:06:08.352+0000] {dagbag.py:539} INFO - Filling up the DagBag from /home/airflow/.local/lib/python3.8/site-packages/airflow/example_dags/example_complex.py
[2023-09-07T16:06:08.360+0000] {processor.py:839} INFO - DAG(s) dict_keys(['example_complex']) retrieved from /home/airflow/.local/lib/python3.8/site-packages/airflow/example_dags/example_complex.py
[2023-09-07T16:06:08.387+0000] {logging_mixin.py:151} INFO - [2023-09-07T16:06:08.386+0000] {dag.py:2907} INFO - Sync 1 DAGs
[2023-09-07T16:06:08.395+0000] {logging_mixin.py:151} INFO - [2023-09-07T16:06:08.395+0000] {dag.py:3677} INFO - Setting next_dagrun for example_complex to None, run_after=None
[2023-09-07T16:06:08.406+0000] {processor.py:179} INFO - Processing /home/airflow/.local/lib/python3.8/site-packages/airflow/example_dags/example_complex.py took 0.059 seconds
[2023-09-07T16:06:39.289+0000] {processor.py:157} INFO - Started process (PID=4071) to work on /home/airflow/.local/lib/python3.8/site-packages/airflow/example_dags/example_complex.py
[2023-09-07T16:06:39.292+0000] {processor.py:829} INFO - Processing file /home/airflow/.local/lib/python3.8/site-packages/airflow/example_dags/example_complex.py for tasks to queue
[2023-09-07T16:06:39.293+0000] {logging_mixin.py:151} INFO - [2023-09-07T16:06:39.293+0000] {dagbag.py:539} INFO - Filling up the DagBag from /home/airflow/.local/lib/python3.8/site-packages/airflow/example_dags/example_complex.py
[2023-09-07T16:06:39.301+0000] {processor.py:839} INFO - DAG(s) dict_keys(['example_complex']) retrieved from /home/airflow/.local/lib/python3.8/site-packages/airflow/example_dags/example_complex.py
[2023-09-07T16:06:39.330+0000] {logging_mixin.py:151} INFO - [2023-09-07T16:06:39.329+0000] {dag.py:2907} INFO - Sync 1 DAGs
[2023-09-07T16:06:39.343+0000] {logging_mixin.py:151} INFO - [2023-09-07T16:06:39.343+0000] {dag.py:3677} INFO - Setting next_dagrun for example_complex to None, run_after=None
[2023-09-07T16:06:39.385+0000] {processor.py:179} INFO - Processing /home/airflow/.local/lib/python3.8/site-packages/airflow/example_dags/example_complex.py took 0.098 seconds
[2023-09-07T16:07:10.099+0000] {processor.py:157} INFO - Started process (PID=4307) to work on /home/airflow/.local/lib/python3.8/site-packages/airflow/example_dags/example_complex.py
[2023-09-07T16:07:10.100+0000] {processor.py:829} INFO - Processing file /home/airflow/.local/lib/python3.8/site-packages/airflow/example_dags/example_complex.py for tasks to queue
[2023-09-07T16:07:10.101+0000] {logging_mixin.py:151} INFO - [2023-09-07T16:07:10.101+0000] {dagbag.py:539} INFO - Filling up the DagBag from /home/airflow/.local/lib/python3.8/site-packages/airflow/example_dags/example_complex.py
[2023-09-07T16:07:10.108+0000] {processor.py:839} INFO - DAG(s) dict_keys(['example_complex']) retrieved from /home/airflow/.local/lib/python3.8/site-packages/airflow/example_dags/example_complex.py
[2023-09-07T16:07:10.132+0000] {logging_mixin.py:151} INFO - [2023-09-07T16:07:10.132+0000] {dag.py:2907} INFO - Sync 1 DAGs
[2023-09-07T16:07:10.140+0000] {logging_mixin.py:151} INFO - [2023-09-07T16:07:10.140+0000] {dag.py:3677} INFO - Setting next_dagrun for example_complex to None, run_after=None
[2023-09-07T16:07:10.150+0000] {processor.py:179} INFO - Processing /home/airflow/.local/lib/python3.8/site-packages/airflow/example_dags/example_complex.py took 0.054 seconds
[2023-09-07T16:07:41.228+0000] {processor.py:157} INFO - Started process (PID=4545) to work on /home/airflow/.local/lib/python3.8/site-packages/airflow/example_dags/example_complex.py
[2023-09-07T16:07:41.230+0000] {processor.py:829} INFO - Processing file /home/airflow/.local/lib/python3.8/site-packages/airflow/example_dags/example_complex.py for tasks to queue
[2023-09-07T16:07:41.233+0000] {logging_mixin.py:151} INFO - [2023-09-07T16:07:41.232+0000] {dagbag.py:539} INFO - Filling up the DagBag from /home/airflow/.local/lib/python3.8/site-packages/airflow/example_dags/example_complex.py
[2023-09-07T16:07:41.265+0000] {processor.py:839} INFO - DAG(s) dict_keys(['example_complex']) retrieved from /home/airflow/.local/lib/python3.8/site-packages/airflow/example_dags/example_complex.py
[2023-09-07T16:07:41.303+0000] {logging_mixin.py:151} INFO - [2023-09-07T16:07:41.303+0000] {dag.py:2907} INFO - Sync 1 DAGs
[2023-09-07T16:07:41.314+0000] {logging_mixin.py:151} INFO - [2023-09-07T16:07:41.314+0000] {dag.py:3677} INFO - Setting next_dagrun for example_complex to None, run_after=None
[2023-09-07T16:07:41.327+0000] {processor.py:179} INFO - Processing /home/airflow/.local/lib/python3.8/site-packages/airflow/example_dags/example_complex.py took 0.105 seconds
[2023-09-07T16:08:12.247+0000] {processor.py:157} INFO - Started process (PID=4783) to work on /home/airflow/.local/lib/python3.8/site-packages/airflow/example_dags/example_complex.py
[2023-09-07T16:08:12.249+0000] {processor.py:829} INFO - Processing file /home/airflow/.local/lib/python3.8/site-packages/airflow/example_dags/example_complex.py for tasks to queue
[2023-09-07T16:08:12.250+0000] {logging_mixin.py:151} INFO - [2023-09-07T16:08:12.250+0000] {dagbag.py:539} INFO - Filling up the DagBag from /home/airflow/.local/lib/python3.8/site-packages/airflow/example_dags/example_complex.py
[2023-09-07T16:08:12.259+0000] {processor.py:839} INFO - DAG(s) dict_keys(['example_complex']) retrieved from /home/airflow/.local/lib/python3.8/site-packages/airflow/example_dags/example_complex.py
[2023-09-07T16:08:12.284+0000] {logging_mixin.py:151} INFO - [2023-09-07T16:08:12.284+0000] {dag.py:2907} INFO - Sync 1 DAGs
[2023-09-07T16:08:12.298+0000] {logging_mixin.py:151} INFO - [2023-09-07T16:08:12.298+0000] {dag.py:3677} INFO - Setting next_dagrun for example_complex to None, run_after=None
[2023-09-07T16:08:12.312+0000] {processor.py:179} INFO - Processing /home/airflow/.local/lib/python3.8/site-packages/airflow/example_dags/example_complex.py took 0.067 seconds
[2023-09-07T16:08:43.018+0000] {processor.py:157} INFO - Started process (PID=5021) to work on /home/airflow/.local/lib/python3.8/site-packages/airflow/example_dags/example_complex.py
[2023-09-07T16:08:43.019+0000] {processor.py:829} INFO - Processing file /home/airflow/.local/lib/python3.8/site-packages/airflow/example_dags/example_complex.py for tasks to queue
[2023-09-07T16:08:43.020+0000] {logging_mixin.py:151} INFO - [2023-09-07T16:08:43.020+0000] {dagbag.py:539} INFO - Filling up the DagBag from /home/airflow/.local/lib/python3.8/site-packages/airflow/example_dags/example_complex.py
[2023-09-07T16:08:43.028+0000] {processor.py:839} INFO - DAG(s) dict_keys(['example_complex']) retrieved from /home/airflow/.local/lib/python3.8/site-packages/airflow/example_dags/example_complex.py
[2023-09-07T16:08:43.051+0000] {logging_mixin.py:151} INFO - [2023-09-07T16:08:43.051+0000] {dag.py:2907} INFO - Sync 1 DAGs
[2023-09-07T16:08:43.059+0000] {logging_mixin.py:151} INFO - [2023-09-07T16:08:43.059+0000] {dag.py:3677} INFO - Setting next_dagrun for example_complex to None, run_after=None
[2023-09-07T16:08:43.070+0000] {processor.py:179} INFO - Processing /home/airflow/.local/lib/python3.8/site-packages/airflow/example_dags/example_complex.py took 0.055 seconds
[2023-09-07T16:09:13.500+0000] {processor.py:157} INFO - Started process (PID=5261) to work on /home/airflow/.local/lib/python3.8/site-packages/airflow/example_dags/example_complex.py
[2023-09-07T16:09:13.503+0000] {processor.py:829} INFO - Processing file /home/airflow/.local/lib/python3.8/site-packages/airflow/example_dags/example_complex.py for tasks to queue
[2023-09-07T16:09:13.504+0000] {logging_mixin.py:151} INFO - [2023-09-07T16:09:13.504+0000] {dagbag.py:539} INFO - Filling up the DagBag from /home/airflow/.local/lib/python3.8/site-packages/airflow/example_dags/example_complex.py
[2023-09-07T16:09:13.513+0000] {processor.py:839} INFO - DAG(s) dict_keys(['example_complex']) retrieved from /home/airflow/.local/lib/python3.8/site-packages/airflow/example_dags/example_complex.py
[2023-09-07T16:09:13.542+0000] {logging_mixin.py:151} INFO - [2023-09-07T16:09:13.542+0000] {dag.py:2907} INFO - Sync 1 DAGs
[2023-09-07T16:09:13.552+0000] {logging_mixin.py:151} INFO - [2023-09-07T16:09:13.552+0000] {dag.py:3677} INFO - Setting next_dagrun for example_complex to None, run_after=None
[2023-09-07T16:09:13.562+0000] {processor.py:179} INFO - Processing /home/airflow/.local/lib/python3.8/site-packages/airflow/example_dags/example_complex.py took 0.066 seconds
[2023-09-07T16:09:43.733+0000] {processor.py:157} INFO - Started process (PID=5497) to work on /home/airflow/.local/lib/python3.8/site-packages/airflow/example_dags/example_complex.py
[2023-09-07T16:09:43.734+0000] {processor.py:829} INFO - Processing file /home/airflow/.local/lib/python3.8/site-packages/airflow/example_dags/example_complex.py for tasks to queue
[2023-09-07T16:09:43.735+0000] {logging_mixin.py:151} INFO - [2023-09-07T16:09:43.735+0000] {dagbag.py:539} INFO - Filling up the DagBag from /home/airflow/.local/lib/python3.8/site-packages/airflow/example_dags/example_complex.py
[2023-09-07T16:09:43.743+0000] {processor.py:839} INFO - DAG(s) dict_keys(['example_complex']) retrieved from /home/airflow/.local/lib/python3.8/site-packages/airflow/example_dags/example_complex.py
[2023-09-07T16:09:43.768+0000] {logging_mixin.py:151} INFO - [2023-09-07T16:09:43.768+0000] {dag.py:2907} INFO - Sync 1 DAGs
[2023-09-07T16:09:43.776+0000] {logging_mixin.py:151} INFO - [2023-09-07T16:09:43.776+0000] {dag.py:3677} INFO - Setting next_dagrun for example_complex to None, run_after=None
[2023-09-07T16:09:43.786+0000] {processor.py:179} INFO - Processing /home/airflow/.local/lib/python3.8/site-packages/airflow/example_dags/example_complex.py took 0.057 seconds
[2023-09-07T16:10:14.591+0000] {processor.py:157} INFO - Started process (PID=5735) to work on /home/airflow/.local/lib/python3.8/site-packages/airflow/example_dags/example_complex.py
[2023-09-07T16:10:14.592+0000] {processor.py:829} INFO - Processing file /home/airflow/.local/lib/python3.8/site-packages/airflow/example_dags/example_complex.py for tasks to queue
[2023-09-07T16:10:14.593+0000] {logging_mixin.py:151} INFO - [2023-09-07T16:10:14.593+0000] {dagbag.py:539} INFO - Filling up the DagBag from /home/airflow/.local/lib/python3.8/site-packages/airflow/example_dags/example_complex.py
[2023-09-07T16:10:14.601+0000] {processor.py:839} INFO - DAG(s) dict_keys(['example_complex']) retrieved from /home/airflow/.local/lib/python3.8/site-packages/airflow/example_dags/example_complex.py
[2023-09-07T16:10:14.625+0000] {logging_mixin.py:151} INFO - [2023-09-07T16:10:14.625+0000] {dag.py:2907} INFO - Sync 1 DAGs
[2023-09-07T16:10:14.634+0000] {logging_mixin.py:151} INFO - [2023-09-07T16:10:14.634+0000] {dag.py:3677} INFO - Setting next_dagrun for example_complex to None, run_after=None
[2023-09-07T16:10:14.650+0000] {processor.py:179} INFO - Processing /home/airflow/.local/lib/python3.8/site-packages/airflow/example_dags/example_complex.py took 0.063 seconds
[2023-09-07T16:10:45.183+0000] {processor.py:157} INFO - Started process (PID=5972) to work on /home/airflow/.local/lib/python3.8/site-packages/airflow/example_dags/example_complex.py
[2023-09-07T16:10:45.185+0000] {processor.py:829} INFO - Processing file /home/airflow/.local/lib/python3.8/site-packages/airflow/example_dags/example_complex.py for tasks to queue
[2023-09-07T16:10:45.186+0000] {logging_mixin.py:151} INFO - [2023-09-07T16:10:45.185+0000] {dagbag.py:539} INFO - Filling up the DagBag from /home/airflow/.local/lib/python3.8/site-packages/airflow/example_dags/example_complex.py
[2023-09-07T16:10:45.194+0000] {processor.py:839} INFO - DAG(s) dict_keys(['example_complex']) retrieved from /home/airflow/.local/lib/python3.8/site-packages/airflow/example_dags/example_complex.py
[2023-09-07T16:10:45.218+0000] {logging_mixin.py:151} INFO - [2023-09-07T16:10:45.217+0000] {dag.py:2907} INFO - Sync 1 DAGs
[2023-09-07T16:10:45.226+0000] {logging_mixin.py:151} INFO - [2023-09-07T16:10:45.226+0000] {dag.py:3677} INFO - Setting next_dagrun for example_complex to None, run_after=None
[2023-09-07T16:10:45.240+0000] {processor.py:179} INFO - Processing /home/airflow/.local/lib/python3.8/site-packages/airflow/example_dags/example_complex.py took 0.061 seconds
[2023-09-07T16:11:17.031+0000] {processor.py:157} INFO - Started process (PID=6210) to work on /home/airflow/.local/lib/python3.8/site-packages/airflow/example_dags/example_complex.py
[2023-09-07T16:11:17.032+0000] {processor.py:829} INFO - Processing file /home/airflow/.local/lib/python3.8/site-packages/airflow/example_dags/example_complex.py for tasks to queue
[2023-09-07T16:11:17.034+0000] {logging_mixin.py:151} INFO - [2023-09-07T16:11:17.033+0000] {dagbag.py:539} INFO - Filling up the DagBag from /home/airflow/.local/lib/python3.8/site-packages/airflow/example_dags/example_complex.py
[2023-09-07T16:11:17.044+0000] {processor.py:839} INFO - DAG(s) dict_keys(['example_complex']) retrieved from /home/airflow/.local/lib/python3.8/site-packages/airflow/example_dags/example_complex.py
[2023-09-07T16:11:17.073+0000] {logging_mixin.py:151} INFO - [2023-09-07T16:11:17.073+0000] {dag.py:2907} INFO - Sync 1 DAGs
[2023-09-07T16:11:17.083+0000] {logging_mixin.py:151} INFO - [2023-09-07T16:11:17.083+0000] {dag.py:3677} INFO - Setting next_dagrun for example_complex to None, run_after=None
[2023-09-07T16:11:17.116+0000] {processor.py:179} INFO - Processing /home/airflow/.local/lib/python3.8/site-packages/airflow/example_dags/example_complex.py took 0.089 seconds
[2023-09-07T16:11:48.165+0000] {processor.py:157} INFO - Started process (PID=6450) to work on /home/airflow/.local/lib/python3.8/site-packages/airflow/example_dags/example_complex.py
[2023-09-07T16:11:48.167+0000] {processor.py:829} INFO - Processing file /home/airflow/.local/lib/python3.8/site-packages/airflow/example_dags/example_complex.py for tasks to queue
[2023-09-07T16:11:48.168+0000] {logging_mixin.py:151} INFO - [2023-09-07T16:11:48.168+0000] {dagbag.py:539} INFO - Filling up the DagBag from /home/airflow/.local/lib/python3.8/site-packages/airflow/example_dags/example_complex.py
[2023-09-07T16:11:48.176+0000] {processor.py:839} INFO - DAG(s) dict_keys(['example_complex']) retrieved from /home/airflow/.local/lib/python3.8/site-packages/airflow/example_dags/example_complex.py
[2023-09-07T16:11:48.198+0000] {logging_mixin.py:151} INFO - [2023-09-07T16:11:48.198+0000] {dag.py:2907} INFO - Sync 1 DAGs
[2023-09-07T16:11:48.206+0000] {logging_mixin.py:151} INFO - [2023-09-07T16:11:48.206+0000] {dag.py:3677} INFO - Setting next_dagrun for example_complex to None, run_after=None
[2023-09-07T16:11:48.217+0000] {processor.py:179} INFO - Processing /home/airflow/.local/lib/python3.8/site-packages/airflow/example_dags/example_complex.py took 0.056 seconds
[2023-09-07T16:12:18.613+0000] {processor.py:157} INFO - Started process (PID=6688) to work on /home/airflow/.local/lib/python3.8/site-packages/airflow/example_dags/example_complex.py
[2023-09-07T16:12:18.614+0000] {processor.py:829} INFO - Processing file /home/airflow/.local/lib/python3.8/site-packages/airflow/example_dags/example_complex.py for tasks to queue
[2023-09-07T16:12:18.615+0000] {logging_mixin.py:151} INFO - [2023-09-07T16:12:18.615+0000] {dagbag.py:539} INFO - Filling up the DagBag from /home/airflow/.local/lib/python3.8/site-packages/airflow/example_dags/example_complex.py
[2023-09-07T16:12:18.623+0000] {processor.py:839} INFO - DAG(s) dict_keys(['example_complex']) retrieved from /home/airflow/.local/lib/python3.8/site-packages/airflow/example_dags/example_complex.py
[2023-09-07T16:12:18.646+0000] {logging_mixin.py:151} INFO - [2023-09-07T16:12:18.646+0000] {dag.py:2907} INFO - Sync 1 DAGs
[2023-09-07T16:12:18.655+0000] {logging_mixin.py:151} INFO - [2023-09-07T16:12:18.655+0000] {dag.py:3677} INFO - Setting next_dagrun for example_complex to None, run_after=None
[2023-09-07T16:12:18.666+0000] {processor.py:179} INFO - Processing /home/airflow/.local/lib/python3.8/site-packages/airflow/example_dags/example_complex.py took 0.056 seconds
[2023-09-07T16:12:48.864+0000] {processor.py:157} INFO - Started process (PID=6925) to work on /home/airflow/.local/lib/python3.8/site-packages/airflow/example_dags/example_complex.py
[2023-09-07T16:12:48.865+0000] {processor.py:829} INFO - Processing file /home/airflow/.local/lib/python3.8/site-packages/airflow/example_dags/example_complex.py for tasks to queue
[2023-09-07T16:12:48.867+0000] {logging_mixin.py:151} INFO - [2023-09-07T16:12:48.866+0000] {dagbag.py:539} INFO - Filling up the DagBag from /home/airflow/.local/lib/python3.8/site-packages/airflow/example_dags/example_complex.py
[2023-09-07T16:12:48.882+0000] {processor.py:839} INFO - DAG(s) dict_keys(['example_complex']) retrieved from /home/airflow/.local/lib/python3.8/site-packages/airflow/example_dags/example_complex.py
[2023-09-07T16:12:48.930+0000] {logging_mixin.py:151} INFO - [2023-09-07T16:12:48.929+0000] {dag.py:2907} INFO - Sync 1 DAGs
[2023-09-07T16:12:48.942+0000] {logging_mixin.py:151} INFO - [2023-09-07T16:12:48.942+0000] {dag.py:3677} INFO - Setting next_dagrun for example_complex to None, run_after=None
[2023-09-07T16:12:48.957+0000] {processor.py:179} INFO - Processing /home/airflow/.local/lib/python3.8/site-packages/airflow/example_dags/example_complex.py took 0.099 seconds
[2023-09-07T16:13:19.986+0000] {processor.py:157} INFO - Started process (PID=7171) to work on /home/airflow/.local/lib/python3.8/site-packages/airflow/example_dags/example_complex.py
[2023-09-07T16:13:19.988+0000] {processor.py:829} INFO - Processing file /home/airflow/.local/lib/python3.8/site-packages/airflow/example_dags/example_complex.py for tasks to queue
[2023-09-07T16:13:19.990+0000] {logging_mixin.py:151} INFO - [2023-09-07T16:13:19.989+0000] {dagbag.py:539} INFO - Filling up the DagBag from /home/airflow/.local/lib/python3.8/site-packages/airflow/example_dags/example_complex.py
[2023-09-07T16:13:19.998+0000] {processor.py:839} INFO - DAG(s) dict_keys(['example_complex']) retrieved from /home/airflow/.local/lib/python3.8/site-packages/airflow/example_dags/example_complex.py
[2023-09-07T16:13:20.030+0000] {logging_mixin.py:151} INFO - [2023-09-07T16:13:20.030+0000] {dag.py:2907} INFO - Sync 1 DAGs
[2023-09-07T16:13:20.041+0000] {logging_mixin.py:151} INFO - [2023-09-07T16:13:20.041+0000] {dag.py:3677} INFO - Setting next_dagrun for example_complex to None, run_after=None
[2023-09-07T16:13:20.052+0000] {processor.py:179} INFO - Processing /home/airflow/.local/lib/python3.8/site-packages/airflow/example_dags/example_complex.py took 0.071 seconds
[2023-09-07T16:13:50.848+0000] {processor.py:157} INFO - Started process (PID=7409) to work on /home/airflow/.local/lib/python3.8/site-packages/airflow/example_dags/example_complex.py
[2023-09-07T16:13:50.849+0000] {processor.py:829} INFO - Processing file /home/airflow/.local/lib/python3.8/site-packages/airflow/example_dags/example_complex.py for tasks to queue
[2023-09-07T16:13:50.850+0000] {logging_mixin.py:151} INFO - [2023-09-07T16:13:50.850+0000] {dagbag.py:539} INFO - Filling up the DagBag from /home/airflow/.local/lib/python3.8/site-packages/airflow/example_dags/example_complex.py
[2023-09-07T16:13:50.859+0000] {processor.py:839} INFO - DAG(s) dict_keys(['example_complex']) retrieved from /home/airflow/.local/lib/python3.8/site-packages/airflow/example_dags/example_complex.py
[2023-09-07T16:13:50.893+0000] {logging_mixin.py:151} INFO - [2023-09-07T16:13:50.892+0000] {dag.py:2907} INFO - Sync 1 DAGs
[2023-09-07T16:13:50.902+0000] {logging_mixin.py:151} INFO - [2023-09-07T16:13:50.902+0000] {dag.py:3677} INFO - Setting next_dagrun for example_complex to None, run_after=None
[2023-09-07T16:13:50.914+0000] {processor.py:179} INFO - Processing /home/airflow/.local/lib/python3.8/site-packages/airflow/example_dags/example_complex.py took 0.070 seconds
[2023-09-07T16:14:21.147+0000] {processor.py:157} INFO - Started process (PID=7648) to work on /home/airflow/.local/lib/python3.8/site-packages/airflow/example_dags/example_complex.py
[2023-09-07T16:14:21.149+0000] {processor.py:829} INFO - Processing file /home/airflow/.local/lib/python3.8/site-packages/airflow/example_dags/example_complex.py for tasks to queue
[2023-09-07T16:14:21.150+0000] {logging_mixin.py:151} INFO - [2023-09-07T16:14:21.150+0000] {dagbag.py:539} INFO - Filling up the DagBag from /home/airflow/.local/lib/python3.8/site-packages/airflow/example_dags/example_complex.py
[2023-09-07T16:14:21.159+0000] {processor.py:839} INFO - DAG(s) dict_keys(['example_complex']) retrieved from /home/airflow/.local/lib/python3.8/site-packages/airflow/example_dags/example_complex.py
[2023-09-07T16:14:21.184+0000] {logging_mixin.py:151} INFO - [2023-09-07T16:14:21.184+0000] {dag.py:2907} INFO - Sync 1 DAGs
[2023-09-07T16:14:21.193+0000] {logging_mixin.py:151} INFO - [2023-09-07T16:14:21.193+0000] {dag.py:3677} INFO - Setting next_dagrun for example_complex to None, run_after=None
[2023-09-07T16:14:21.205+0000] {processor.py:179} INFO - Processing /home/airflow/.local/lib/python3.8/site-packages/airflow/example_dags/example_complex.py took 0.060 seconds
[2023-09-07T16:14:51.335+0000] {processor.py:157} INFO - Started process (PID=7886) to work on /home/airflow/.local/lib/python3.8/site-packages/airflow/example_dags/example_complex.py
[2023-09-07T16:14:51.337+0000] {processor.py:829} INFO - Processing file /home/airflow/.local/lib/python3.8/site-packages/airflow/example_dags/example_complex.py for tasks to queue
[2023-09-07T16:14:51.339+0000] {logging_mixin.py:151} INFO - [2023-09-07T16:14:51.338+0000] {dagbag.py:539} INFO - Filling up the DagBag from /home/airflow/.local/lib/python3.8/site-packages/airflow/example_dags/example_complex.py
[2023-09-07T16:14:51.348+0000] {processor.py:839} INFO - DAG(s) dict_keys(['example_complex']) retrieved from /home/airflow/.local/lib/python3.8/site-packages/airflow/example_dags/example_complex.py
[2023-09-07T16:14:51.384+0000] {logging_mixin.py:151} INFO - [2023-09-07T16:14:51.384+0000] {dag.py:2907} INFO - Sync 1 DAGs
[2023-09-07T16:14:51.399+0000] {logging_mixin.py:151} INFO - [2023-09-07T16:14:51.399+0000] {dag.py:3677} INFO - Setting next_dagrun for example_complex to None, run_after=None
[2023-09-07T16:14:51.418+0000] {processor.py:179} INFO - Processing /home/airflow/.local/lib/python3.8/site-packages/airflow/example_dags/example_complex.py took 0.086 seconds
[2023-09-07T16:15:22.136+0000] {processor.py:157} INFO - Started process (PID=8123) to work on /home/airflow/.local/lib/python3.8/site-packages/airflow/example_dags/example_complex.py
[2023-09-07T16:15:22.139+0000] {processor.py:829} INFO - Processing file /home/airflow/.local/lib/python3.8/site-packages/airflow/example_dags/example_complex.py for tasks to queue
[2023-09-07T16:15:22.140+0000] {logging_mixin.py:151} INFO - [2023-09-07T16:15:22.140+0000] {dagbag.py:539} INFO - Filling up the DagBag from /home/airflow/.local/lib/python3.8/site-packages/airflow/example_dags/example_complex.py
[2023-09-07T16:15:22.150+0000] {processor.py:839} INFO - DAG(s) dict_keys(['example_complex']) retrieved from /home/airflow/.local/lib/python3.8/site-packages/airflow/example_dags/example_complex.py
[2023-09-07T16:15:22.197+0000] {logging_mixin.py:151} INFO - [2023-09-07T16:15:22.197+0000] {dag.py:2907} INFO - Sync 1 DAGs
[2023-09-07T16:15:22.210+0000] {logging_mixin.py:151} INFO - [2023-09-07T16:15:22.210+0000] {dag.py:3677} INFO - Setting next_dagrun for example_complex to None, run_after=None
[2023-09-07T16:15:22.225+0000] {processor.py:179} INFO - Processing /home/airflow/.local/lib/python3.8/site-packages/airflow/example_dags/example_complex.py took 0.093 seconds
[2023-09-07T16:15:53.188+0000] {processor.py:157} INFO - Started process (PID=8361) to work on /home/airflow/.local/lib/python3.8/site-packages/airflow/example_dags/example_complex.py
[2023-09-07T16:15:53.190+0000] {processor.py:829} INFO - Processing file /home/airflow/.local/lib/python3.8/site-packages/airflow/example_dags/example_complex.py for tasks to queue
[2023-09-07T16:15:53.191+0000] {logging_mixin.py:151} INFO - [2023-09-07T16:15:53.191+0000] {dagbag.py:539} INFO - Filling up the DagBag from /home/airflow/.local/lib/python3.8/site-packages/airflow/example_dags/example_complex.py
[2023-09-07T16:15:53.208+0000] {processor.py:839} INFO - DAG(s) dict_keys(['example_complex']) retrieved from /home/airflow/.local/lib/python3.8/site-packages/airflow/example_dags/example_complex.py
[2023-09-07T16:15:53.238+0000] {logging_mixin.py:151} INFO - [2023-09-07T16:15:53.237+0000] {dag.py:2907} INFO - Sync 1 DAGs
[2023-09-07T16:15:53.246+0000] {logging_mixin.py:151} INFO - [2023-09-07T16:15:53.246+0000] {dag.py:3677} INFO - Setting next_dagrun for example_complex to None, run_after=None
[2023-09-07T16:15:53.267+0000] {processor.py:179} INFO - Processing /home/airflow/.local/lib/python3.8/site-packages/airflow/example_dags/example_complex.py took 0.082 seconds
[2023-09-07T16:16:23.945+0000] {processor.py:157} INFO - Started process (PID=8599) to work on /home/airflow/.local/lib/python3.8/site-packages/airflow/example_dags/example_complex.py
[2023-09-07T16:16:23.948+0000] {processor.py:829} INFO - Processing file /home/airflow/.local/lib/python3.8/site-packages/airflow/example_dags/example_complex.py for tasks to queue
[2023-09-07T16:16:23.950+0000] {logging_mixin.py:151} INFO - [2023-09-07T16:16:23.950+0000] {dagbag.py:539} INFO - Filling up the DagBag from /home/airflow/.local/lib/python3.8/site-packages/airflow/example_dags/example_complex.py
[2023-09-07T16:16:23.962+0000] {processor.py:839} INFO - DAG(s) dict_keys(['example_complex']) retrieved from /home/airflow/.local/lib/python3.8/site-packages/airflow/example_dags/example_complex.py
[2023-09-07T16:16:23.988+0000] {logging_mixin.py:151} INFO - [2023-09-07T16:16:23.988+0000] {dag.py:2907} INFO - Sync 1 DAGs
[2023-09-07T16:16:23.998+0000] {logging_mixin.py:151} INFO - [2023-09-07T16:16:23.998+0000] {dag.py:3677} INFO - Setting next_dagrun for example_complex to None, run_after=None
[2023-09-07T16:16:24.012+0000] {processor.py:179} INFO - Processing /home/airflow/.local/lib/python3.8/site-packages/airflow/example_dags/example_complex.py took 0.070 seconds
[2023-09-07T16:16:54.394+0000] {processor.py:157} INFO - Started process (PID=8839) to work on /home/airflow/.local/lib/python3.8/site-packages/airflow/example_dags/example_complex.py
[2023-09-07T16:16:54.396+0000] {processor.py:829} INFO - Processing file /home/airflow/.local/lib/python3.8/site-packages/airflow/example_dags/example_complex.py for tasks to queue
[2023-09-07T16:16:54.397+0000] {logging_mixin.py:151} INFO - [2023-09-07T16:16:54.396+0000] {dagbag.py:539} INFO - Filling up the DagBag from /home/airflow/.local/lib/python3.8/site-packages/airflow/example_dags/example_complex.py
[2023-09-07T16:16:54.405+0000] {processor.py:839} INFO - DAG(s) dict_keys(['example_complex']) retrieved from /home/airflow/.local/lib/python3.8/site-packages/airflow/example_dags/example_complex.py
[2023-09-07T16:16:54.428+0000] {logging_mixin.py:151} INFO - [2023-09-07T16:16:54.428+0000] {dag.py:2907} INFO - Sync 1 DAGs
[2023-09-07T16:16:54.437+0000] {logging_mixin.py:151} INFO - [2023-09-07T16:16:54.437+0000] {dag.py:3677} INFO - Setting next_dagrun for example_complex to None, run_after=None
[2023-09-07T16:16:54.448+0000] {processor.py:179} INFO - Processing /home/airflow/.local/lib/python3.8/site-packages/airflow/example_dags/example_complex.py took 0.057 seconds
[2023-09-07T16:17:25.573+0000] {processor.py:157} INFO - Started process (PID=9075) to work on /home/airflow/.local/lib/python3.8/site-packages/airflow/example_dags/example_complex.py
[2023-09-07T16:17:25.579+0000] {processor.py:829} INFO - Processing file /home/airflow/.local/lib/python3.8/site-packages/airflow/example_dags/example_complex.py for tasks to queue
[2023-09-07T16:17:25.581+0000] {logging_mixin.py:151} INFO - [2023-09-07T16:17:25.581+0000] {dagbag.py:539} INFO - Filling up the DagBag from /home/airflow/.local/lib/python3.8/site-packages/airflow/example_dags/example_complex.py
[2023-09-07T16:17:25.590+0000] {processor.py:839} INFO - DAG(s) dict_keys(['example_complex']) retrieved from /home/airflow/.local/lib/python3.8/site-packages/airflow/example_dags/example_complex.py
[2023-09-07T16:17:25.617+0000] {logging_mixin.py:151} INFO - [2023-09-07T16:17:25.617+0000] {dag.py:2907} INFO - Sync 1 DAGs
[2023-09-07T16:17:25.626+0000] {logging_mixin.py:151} INFO - [2023-09-07T16:17:25.626+0000] {dag.py:3677} INFO - Setting next_dagrun for example_complex to None, run_after=None
[2023-09-07T16:17:25.639+0000] {processor.py:179} INFO - Processing /home/airflow/.local/lib/python3.8/site-packages/airflow/example_dags/example_complex.py took 0.070 seconds
[2023-09-07T16:17:55.667+0000] {processor.py:157} INFO - Started process (PID=9308) to work on /home/airflow/.local/lib/python3.8/site-packages/airflow/example_dags/example_complex.py
[2023-09-07T16:17:55.668+0000] {processor.py:829} INFO - Processing file /home/airflow/.local/lib/python3.8/site-packages/airflow/example_dags/example_complex.py for tasks to queue
[2023-09-07T16:17:55.670+0000] {logging_mixin.py:151} INFO - [2023-09-07T16:17:55.669+0000] {dagbag.py:539} INFO - Filling up the DagBag from /home/airflow/.local/lib/python3.8/site-packages/airflow/example_dags/example_complex.py
[2023-09-07T16:17:55.677+0000] {processor.py:839} INFO - DAG(s) dict_keys(['example_complex']) retrieved from /home/airflow/.local/lib/python3.8/site-packages/airflow/example_dags/example_complex.py
[2023-09-07T16:17:55.699+0000] {logging_mixin.py:151} INFO - [2023-09-07T16:17:55.699+0000] {dag.py:2907} INFO - Sync 1 DAGs
[2023-09-07T16:17:55.707+0000] {logging_mixin.py:151} INFO - [2023-09-07T16:17:55.707+0000] {dag.py:3677} INFO - Setting next_dagrun for example_complex to None, run_after=None
[2023-09-07T16:17:55.718+0000] {processor.py:179} INFO - Processing /home/airflow/.local/lib/python3.8/site-packages/airflow/example_dags/example_complex.py took 0.054 seconds
[2023-09-07T16:18:25.813+0000] {processor.py:157} INFO - Started process (PID=9547) to work on /home/airflow/.local/lib/python3.8/site-packages/airflow/example_dags/example_complex.py
[2023-09-07T16:18:25.815+0000] {processor.py:829} INFO - Processing file /home/airflow/.local/lib/python3.8/site-packages/airflow/example_dags/example_complex.py for tasks to queue
[2023-09-07T16:18:25.816+0000] {logging_mixin.py:151} INFO - [2023-09-07T16:18:25.816+0000] {dagbag.py:539} INFO - Filling up the DagBag from /home/airflow/.local/lib/python3.8/site-packages/airflow/example_dags/example_complex.py
[2023-09-07T16:18:25.829+0000] {processor.py:839} INFO - DAG(s) dict_keys(['example_complex']) retrieved from /home/airflow/.local/lib/python3.8/site-packages/airflow/example_dags/example_complex.py
[2023-09-07T16:18:25.856+0000] {logging_mixin.py:151} INFO - [2023-09-07T16:18:25.856+0000] {dag.py:2907} INFO - Sync 1 DAGs
[2023-09-07T16:18:25.865+0000] {logging_mixin.py:151} INFO - [2023-09-07T16:18:25.865+0000] {dag.py:3677} INFO - Setting next_dagrun for example_complex to None, run_after=None
[2023-09-07T16:18:25.876+0000] {processor.py:179} INFO - Processing /home/airflow/.local/lib/python3.8/site-packages/airflow/example_dags/example_complex.py took 0.066 seconds
[2023-09-07T16:18:56.105+0000] {processor.py:157} INFO - Started process (PID=9790) to work on /home/airflow/.local/lib/python3.8/site-packages/airflow/example_dags/example_complex.py
[2023-09-07T16:18:56.106+0000] {processor.py:829} INFO - Processing file /home/airflow/.local/lib/python3.8/site-packages/airflow/example_dags/example_complex.py for tasks to queue
[2023-09-07T16:18:56.107+0000] {logging_mixin.py:151} INFO - [2023-09-07T16:18:56.107+0000] {dagbag.py:539} INFO - Filling up the DagBag from /home/airflow/.local/lib/python3.8/site-packages/airflow/example_dags/example_complex.py
[2023-09-07T16:18:56.116+0000] {processor.py:839} INFO - DAG(s) dict_keys(['example_complex']) retrieved from /home/airflow/.local/lib/python3.8/site-packages/airflow/example_dags/example_complex.py
[2023-09-07T16:18:56.144+0000] {logging_mixin.py:151} INFO - [2023-09-07T16:18:56.144+0000] {dag.py:2907} INFO - Sync 1 DAGs
[2023-09-07T16:18:56.154+0000] {logging_mixin.py:151} INFO - [2023-09-07T16:18:56.154+0000] {dag.py:3677} INFO - Setting next_dagrun for example_complex to None, run_after=None
[2023-09-07T16:18:56.165+0000] {processor.py:179} INFO - Processing /home/airflow/.local/lib/python3.8/site-packages/airflow/example_dags/example_complex.py took 0.063 seconds
[2023-09-07T16:19:26.516+0000] {processor.py:157} INFO - Started process (PID=10028) to work on /home/airflow/.local/lib/python3.8/site-packages/airflow/example_dags/example_complex.py
[2023-09-07T16:19:26.518+0000] {processor.py:829} INFO - Processing file /home/airflow/.local/lib/python3.8/site-packages/airflow/example_dags/example_complex.py for tasks to queue
[2023-09-07T16:19:26.519+0000] {logging_mixin.py:151} INFO - [2023-09-07T16:19:26.519+0000] {dagbag.py:539} INFO - Filling up the DagBag from /home/airflow/.local/lib/python3.8/site-packages/airflow/example_dags/example_complex.py
[2023-09-07T16:19:26.528+0000] {processor.py:839} INFO - DAG(s) dict_keys(['example_complex']) retrieved from /home/airflow/.local/lib/python3.8/site-packages/airflow/example_dags/example_complex.py
[2023-09-07T16:19:26.553+0000] {logging_mixin.py:151} INFO - [2023-09-07T16:19:26.553+0000] {dag.py:2907} INFO - Sync 1 DAGs
[2023-09-07T16:19:26.564+0000] {logging_mixin.py:151} INFO - [2023-09-07T16:19:26.564+0000] {dag.py:3677} INFO - Setting next_dagrun for example_complex to None, run_after=None
[2023-09-07T16:19:26.577+0000] {processor.py:179} INFO - Processing /home/airflow/.local/lib/python3.8/site-packages/airflow/example_dags/example_complex.py took 0.063 seconds
[2023-09-07T16:19:56.927+0000] {processor.py:157} INFO - Started process (PID=10266) to work on /home/airflow/.local/lib/python3.8/site-packages/airflow/example_dags/example_complex.py
[2023-09-07T16:19:56.928+0000] {processor.py:829} INFO - Processing file /home/airflow/.local/lib/python3.8/site-packages/airflow/example_dags/example_complex.py for tasks to queue
[2023-09-07T16:19:56.929+0000] {logging_mixin.py:151} INFO - [2023-09-07T16:19:56.929+0000] {dagbag.py:539} INFO - Filling up the DagBag from /home/airflow/.local/lib/python3.8/site-packages/airflow/example_dags/example_complex.py
[2023-09-07T16:19:56.937+0000] {processor.py:839} INFO - DAG(s) dict_keys(['example_complex']) retrieved from /home/airflow/.local/lib/python3.8/site-packages/airflow/example_dags/example_complex.py
[2023-09-07T16:19:56.960+0000] {logging_mixin.py:151} INFO - [2023-09-07T16:19:56.960+0000] {dag.py:2907} INFO - Sync 1 DAGs
[2023-09-07T16:19:56.968+0000] {logging_mixin.py:151} INFO - [2023-09-07T16:19:56.968+0000] {dag.py:3677} INFO - Setting next_dagrun for example_complex to None, run_after=None
[2023-09-07T16:19:56.979+0000] {processor.py:179} INFO - Processing /home/airflow/.local/lib/python3.8/site-packages/airflow/example_dags/example_complex.py took 0.054 seconds
[2023-09-07T16:20:27.353+0000] {processor.py:157} INFO - Started process (PID=10504) to work on /home/airflow/.local/lib/python3.8/site-packages/airflow/example_dags/example_complex.py
[2023-09-07T16:20:27.354+0000] {processor.py:829} INFO - Processing file /home/airflow/.local/lib/python3.8/site-packages/airflow/example_dags/example_complex.py for tasks to queue
[2023-09-07T16:20:27.355+0000] {logging_mixin.py:151} INFO - [2023-09-07T16:20:27.355+0000] {dagbag.py:539} INFO - Filling up the DagBag from /home/airflow/.local/lib/python3.8/site-packages/airflow/example_dags/example_complex.py
[2023-09-07T16:20:27.365+0000] {processor.py:839} INFO - DAG(s) dict_keys(['example_complex']) retrieved from /home/airflow/.local/lib/python3.8/site-packages/airflow/example_dags/example_complex.py
[2023-09-07T16:20:27.399+0000] {logging_mixin.py:151} INFO - [2023-09-07T16:20:27.399+0000] {dag.py:2907} INFO - Sync 1 DAGs
[2023-09-07T16:20:27.409+0000] {logging_mixin.py:151} INFO - [2023-09-07T16:20:27.409+0000] {dag.py:3677} INFO - Setting next_dagrun for example_complex to None, run_after=None
[2023-09-07T16:20:27.426+0000] {processor.py:179} INFO - Processing /home/airflow/.local/lib/python3.8/site-packages/airflow/example_dags/example_complex.py took 0.076 seconds
[2023-09-07T16:20:57.937+0000] {processor.py:157} INFO - Started process (PID=10741) to work on /home/airflow/.local/lib/python3.8/site-packages/airflow/example_dags/example_complex.py
[2023-09-07T16:20:57.939+0000] {processor.py:829} INFO - Processing file /home/airflow/.local/lib/python3.8/site-packages/airflow/example_dags/example_complex.py for tasks to queue
[2023-09-07T16:20:57.940+0000] {logging_mixin.py:151} INFO - [2023-09-07T16:20:57.939+0000] {dagbag.py:539} INFO - Filling up the DagBag from /home/airflow/.local/lib/python3.8/site-packages/airflow/example_dags/example_complex.py
[2023-09-07T16:20:57.948+0000] {processor.py:839} INFO - DAG(s) dict_keys(['example_complex']) retrieved from /home/airflow/.local/lib/python3.8/site-packages/airflow/example_dags/example_complex.py
[2023-09-07T16:20:57.972+0000] {logging_mixin.py:151} INFO - [2023-09-07T16:20:57.971+0000] {dag.py:2907} INFO - Sync 1 DAGs
[2023-09-07T16:20:57.980+0000] {logging_mixin.py:151} INFO - [2023-09-07T16:20:57.980+0000] {dag.py:3677} INFO - Setting next_dagrun for example_complex to None, run_after=None
[2023-09-07T16:20:57.990+0000] {processor.py:179} INFO - Processing /home/airflow/.local/lib/python3.8/site-packages/airflow/example_dags/example_complex.py took 0.056 seconds
[2023-09-07T16:21:28.287+0000] {processor.py:157} INFO - Started process (PID=10979) to work on /home/airflow/.local/lib/python3.8/site-packages/airflow/example_dags/example_complex.py
[2023-09-07T16:21:28.289+0000] {processor.py:829} INFO - Processing file /home/airflow/.local/lib/python3.8/site-packages/airflow/example_dags/example_complex.py for tasks to queue
[2023-09-07T16:21:28.290+0000] {logging_mixin.py:151} INFO - [2023-09-07T16:21:28.290+0000] {dagbag.py:539} INFO - Filling up the DagBag from /home/airflow/.local/lib/python3.8/site-packages/airflow/example_dags/example_complex.py
[2023-09-07T16:21:28.297+0000] {processor.py:839} INFO - DAG(s) dict_keys(['example_complex']) retrieved from /home/airflow/.local/lib/python3.8/site-packages/airflow/example_dags/example_complex.py
[2023-09-07T16:21:28.325+0000] {logging_mixin.py:151} INFO - [2023-09-07T16:21:28.325+0000] {dag.py:2907} INFO - Sync 1 DAGs
[2023-09-07T16:21:28.335+0000] {logging_mixin.py:151} INFO - [2023-09-07T16:21:28.335+0000] {dag.py:3677} INFO - Setting next_dagrun for example_complex to None, run_after=None
[2023-09-07T16:21:28.346+0000] {processor.py:179} INFO - Processing /home/airflow/.local/lib/python3.8/site-packages/airflow/example_dags/example_complex.py took 0.062 seconds
[2023-09-07T16:21:58.900+0000] {processor.py:157} INFO - Started process (PID=11217) to work on /home/airflow/.local/lib/python3.8/site-packages/airflow/example_dags/example_complex.py
[2023-09-07T16:21:58.901+0000] {processor.py:829} INFO - Processing file /home/airflow/.local/lib/python3.8/site-packages/airflow/example_dags/example_complex.py for tasks to queue
[2023-09-07T16:21:58.902+0000] {logging_mixin.py:151} INFO - [2023-09-07T16:21:58.902+0000] {dagbag.py:539} INFO - Filling up the DagBag from /home/airflow/.local/lib/python3.8/site-packages/airflow/example_dags/example_complex.py
[2023-09-07T16:21:58.910+0000] {processor.py:839} INFO - DAG(s) dict_keys(['example_complex']) retrieved from /home/airflow/.local/lib/python3.8/site-packages/airflow/example_dags/example_complex.py
[2023-09-07T16:21:58.940+0000] {logging_mixin.py:151} INFO - [2023-09-07T16:21:58.940+0000] {dag.py:2907} INFO - Sync 1 DAGs
[2023-09-07T16:21:58.949+0000] {logging_mixin.py:151} INFO - [2023-09-07T16:21:58.949+0000] {dag.py:3677} INFO - Setting next_dagrun for example_complex to None, run_after=None
[2023-09-07T16:21:58.960+0000] {processor.py:179} INFO - Processing /home/airflow/.local/lib/python3.8/site-packages/airflow/example_dags/example_complex.py took 0.062 seconds
[2023-09-07T16:22:29.590+0000] {processor.py:157} INFO - Started process (PID=11456) to work on /home/airflow/.local/lib/python3.8/site-packages/airflow/example_dags/example_complex.py
[2023-09-07T16:22:29.592+0000] {processor.py:829} INFO - Processing file /home/airflow/.local/lib/python3.8/site-packages/airflow/example_dags/example_complex.py for tasks to queue
[2023-09-07T16:22:29.593+0000] {logging_mixin.py:151} INFO - [2023-09-07T16:22:29.592+0000] {dagbag.py:539} INFO - Filling up the DagBag from /home/airflow/.local/lib/python3.8/site-packages/airflow/example_dags/example_complex.py
[2023-09-07T16:22:29.603+0000] {processor.py:839} INFO - DAG(s) dict_keys(['example_complex']) retrieved from /home/airflow/.local/lib/python3.8/site-packages/airflow/example_dags/example_complex.py
[2023-09-07T16:22:29.638+0000] {logging_mixin.py:151} INFO - [2023-09-07T16:22:29.638+0000] {dag.py:2907} INFO - Sync 1 DAGs
[2023-09-07T16:22:29.647+0000] {logging_mixin.py:151} INFO - [2023-09-07T16:22:29.647+0000] {dag.py:3677} INFO - Setting next_dagrun for example_complex to None, run_after=None
[2023-09-07T16:22:29.659+0000] {processor.py:179} INFO - Processing /home/airflow/.local/lib/python3.8/site-packages/airflow/example_dags/example_complex.py took 0.071 seconds
[2023-09-07T16:23:00.034+0000] {processor.py:157} INFO - Started process (PID=11694) to work on /home/airflow/.local/lib/python3.8/site-packages/airflow/example_dags/example_complex.py
[2023-09-07T16:23:00.036+0000] {processor.py:829} INFO - Processing file /home/airflow/.local/lib/python3.8/site-packages/airflow/example_dags/example_complex.py for tasks to queue
[2023-09-07T16:23:00.037+0000] {logging_mixin.py:151} INFO - [2023-09-07T16:23:00.037+0000] {dagbag.py:539} INFO - Filling up the DagBag from /home/airflow/.local/lib/python3.8/site-packages/airflow/example_dags/example_complex.py
[2023-09-07T16:23:00.045+0000] {processor.py:839} INFO - DAG(s) dict_keys(['example_complex']) retrieved from /home/airflow/.local/lib/python3.8/site-packages/airflow/example_dags/example_complex.py
[2023-09-07T16:23:00.069+0000] {logging_mixin.py:151} INFO - [2023-09-07T16:23:00.069+0000] {dag.py:2907} INFO - Sync 1 DAGs
[2023-09-07T16:23:00.077+0000] {logging_mixin.py:151} INFO - [2023-09-07T16:23:00.077+0000] {dag.py:3677} INFO - Setting next_dagrun for example_complex to None, run_after=None
[2023-09-07T16:23:00.088+0000] {processor.py:179} INFO - Processing /home/airflow/.local/lib/python3.8/site-packages/airflow/example_dags/example_complex.py took 0.058 seconds
[2023-09-07T16:23:30.591+0000] {processor.py:157} INFO - Started process (PID=11932) to work on /home/airflow/.local/lib/python3.8/site-packages/airflow/example_dags/example_complex.py
[2023-09-07T16:23:30.592+0000] {processor.py:829} INFO - Processing file /home/airflow/.local/lib/python3.8/site-packages/airflow/example_dags/example_complex.py for tasks to queue
[2023-09-07T16:23:30.593+0000] {logging_mixin.py:151} INFO - [2023-09-07T16:23:30.592+0000] {dagbag.py:539} INFO - Filling up the DagBag from /home/airflow/.local/lib/python3.8/site-packages/airflow/example_dags/example_complex.py
[2023-09-07T16:23:30.600+0000] {processor.py:839} INFO - DAG(s) dict_keys(['example_complex']) retrieved from /home/airflow/.local/lib/python3.8/site-packages/airflow/example_dags/example_complex.py
[2023-09-07T16:23:30.622+0000] {logging_mixin.py:151} INFO - [2023-09-07T16:23:30.622+0000] {dag.py:2907} INFO - Sync 1 DAGs
[2023-09-07T16:23:30.631+0000] {logging_mixin.py:151} INFO - [2023-09-07T16:23:30.631+0000] {dag.py:3677} INFO - Setting next_dagrun for example_complex to None, run_after=None
[2023-09-07T16:23:30.641+0000] {processor.py:179} INFO - Processing /home/airflow/.local/lib/python3.8/site-packages/airflow/example_dags/example_complex.py took 0.054 seconds
[2023-09-07T16:24:01.118+0000] {processor.py:157} INFO - Started process (PID=12168) to work on /home/airflow/.local/lib/python3.8/site-packages/airflow/example_dags/example_complex.py
[2023-09-07T16:24:01.119+0000] {processor.py:829} INFO - Processing file /home/airflow/.local/lib/python3.8/site-packages/airflow/example_dags/example_complex.py for tasks to queue
[2023-09-07T16:24:01.121+0000] {logging_mixin.py:151} INFO - [2023-09-07T16:24:01.120+0000] {dagbag.py:539} INFO - Filling up the DagBag from /home/airflow/.local/lib/python3.8/site-packages/airflow/example_dags/example_complex.py
[2023-09-07T16:24:01.129+0000] {processor.py:839} INFO - DAG(s) dict_keys(['example_complex']) retrieved from /home/airflow/.local/lib/python3.8/site-packages/airflow/example_dags/example_complex.py
[2023-09-07T16:24:01.152+0000] {logging_mixin.py:151} INFO - [2023-09-07T16:24:01.152+0000] {dag.py:2907} INFO - Sync 1 DAGs
[2023-09-07T16:24:01.160+0000] {logging_mixin.py:151} INFO - [2023-09-07T16:24:01.160+0000] {dag.py:3677} INFO - Setting next_dagrun for example_complex to None, run_after=None
[2023-09-07T16:24:01.172+0000] {processor.py:179} INFO - Processing /home/airflow/.local/lib/python3.8/site-packages/airflow/example_dags/example_complex.py took 0.057 seconds
[2023-09-07T16:24:31.576+0000] {processor.py:157} INFO - Started process (PID=12406) to work on /home/airflow/.local/lib/python3.8/site-packages/airflow/example_dags/example_complex.py
[2023-09-07T16:24:31.577+0000] {processor.py:829} INFO - Processing file /home/airflow/.local/lib/python3.8/site-packages/airflow/example_dags/example_complex.py for tasks to queue
[2023-09-07T16:24:31.578+0000] {logging_mixin.py:151} INFO - [2023-09-07T16:24:31.578+0000] {dagbag.py:539} INFO - Filling up the DagBag from /home/airflow/.local/lib/python3.8/site-packages/airflow/example_dags/example_complex.py
[2023-09-07T16:24:31.586+0000] {processor.py:839} INFO - DAG(s) dict_keys(['example_complex']) retrieved from /home/airflow/.local/lib/python3.8/site-packages/airflow/example_dags/example_complex.py
[2023-09-07T16:24:31.608+0000] {logging_mixin.py:151} INFO - [2023-09-07T16:24:31.608+0000] {dag.py:2907} INFO - Sync 1 DAGs
[2023-09-07T16:24:31.616+0000] {logging_mixin.py:151} INFO - [2023-09-07T16:24:31.616+0000] {dag.py:3677} INFO - Setting next_dagrun for example_complex to None, run_after=None
[2023-09-07T16:24:31.626+0000] {processor.py:179} INFO - Processing /home/airflow/.local/lib/python3.8/site-packages/airflow/example_dags/example_complex.py took 0.052 seconds
[2023-09-07T16:25:01.948+0000] {processor.py:157} INFO - Started process (PID=12645) to work on /home/airflow/.local/lib/python3.8/site-packages/airflow/example_dags/example_complex.py
[2023-09-07T16:25:01.950+0000] {processor.py:829} INFO - Processing file /home/airflow/.local/lib/python3.8/site-packages/airflow/example_dags/example_complex.py for tasks to queue
[2023-09-07T16:25:01.951+0000] {logging_mixin.py:151} INFO - [2023-09-07T16:25:01.951+0000] {dagbag.py:539} INFO - Filling up the DagBag from /home/airflow/.local/lib/python3.8/site-packages/airflow/example_dags/example_complex.py
[2023-09-07T16:25:01.959+0000] {processor.py:839} INFO - DAG(s) dict_keys(['example_complex']) retrieved from /home/airflow/.local/lib/python3.8/site-packages/airflow/example_dags/example_complex.py
[2023-09-07T16:25:01.984+0000] {logging_mixin.py:151} INFO - [2023-09-07T16:25:01.984+0000] {dag.py:2907} INFO - Sync 1 DAGs
[2023-09-07T16:25:01.992+0000] {logging_mixin.py:151} INFO - [2023-09-07T16:25:01.992+0000] {dag.py:3677} INFO - Setting next_dagrun for example_complex to None, run_after=None
[2023-09-07T16:25:02.003+0000] {processor.py:179} INFO - Processing /home/airflow/.local/lib/python3.8/site-packages/airflow/example_dags/example_complex.py took 0.058 seconds
[2023-09-07T16:25:32.469+0000] {processor.py:157} INFO - Started process (PID=12882) to work on /home/airflow/.local/lib/python3.8/site-packages/airflow/example_dags/example_complex.py
[2023-09-07T16:25:32.470+0000] {processor.py:829} INFO - Processing file /home/airflow/.local/lib/python3.8/site-packages/airflow/example_dags/example_complex.py for tasks to queue
[2023-09-07T16:25:32.471+0000] {logging_mixin.py:151} INFO - [2023-09-07T16:25:32.471+0000] {dagbag.py:539} INFO - Filling up the DagBag from /home/airflow/.local/lib/python3.8/site-packages/airflow/example_dags/example_complex.py
[2023-09-07T16:25:32.479+0000] {processor.py:839} INFO - DAG(s) dict_keys(['example_complex']) retrieved from /home/airflow/.local/lib/python3.8/site-packages/airflow/example_dags/example_complex.py
[2023-09-07T16:25:32.501+0000] {logging_mixin.py:151} INFO - [2023-09-07T16:25:32.501+0000] {dag.py:2907} INFO - Sync 1 DAGs
[2023-09-07T16:25:32.509+0000] {logging_mixin.py:151} INFO - [2023-09-07T16:25:32.509+0000] {dag.py:3677} INFO - Setting next_dagrun for example_complex to None, run_after=None
[2023-09-07T16:25:32.519+0000] {processor.py:179} INFO - Processing /home/airflow/.local/lib/python3.8/site-packages/airflow/example_dags/example_complex.py took 0.053 seconds
[2023-09-07T16:26:03.074+0000] {processor.py:157} INFO - Started process (PID=13120) to work on /home/airflow/.local/lib/python3.8/site-packages/airflow/example_dags/example_complex.py
[2023-09-07T16:26:03.076+0000] {processor.py:829} INFO - Processing file /home/airflow/.local/lib/python3.8/site-packages/airflow/example_dags/example_complex.py for tasks to queue
[2023-09-07T16:26:03.077+0000] {logging_mixin.py:151} INFO - [2023-09-07T16:26:03.076+0000] {dagbag.py:539} INFO - Filling up the DagBag from /home/airflow/.local/lib/python3.8/site-packages/airflow/example_dags/example_complex.py
[2023-09-07T16:26:03.089+0000] {processor.py:839} INFO - DAG(s) dict_keys(['example_complex']) retrieved from /home/airflow/.local/lib/python3.8/site-packages/airflow/example_dags/example_complex.py
[2023-09-07T16:26:03.114+0000] {logging_mixin.py:151} INFO - [2023-09-07T16:26:03.114+0000] {dag.py:2907} INFO - Sync 1 DAGs
[2023-09-07T16:26:03.124+0000] {logging_mixin.py:151} INFO - [2023-09-07T16:26:03.124+0000] {dag.py:3677} INFO - Setting next_dagrun for example_complex to None, run_after=None
[2023-09-07T16:26:03.135+0000] {processor.py:179} INFO - Processing /home/airflow/.local/lib/python3.8/site-packages/airflow/example_dags/example_complex.py took 0.067 seconds
[2023-09-07T16:26:33.958+0000] {processor.py:157} INFO - Started process (PID=13359) to work on /home/airflow/.local/lib/python3.8/site-packages/airflow/example_dags/example_complex.py
[2023-09-07T16:26:33.959+0000] {processor.py:829} INFO - Processing file /home/airflow/.local/lib/python3.8/site-packages/airflow/example_dags/example_complex.py for tasks to queue
[2023-09-07T16:26:33.960+0000] {logging_mixin.py:151} INFO - [2023-09-07T16:26:33.960+0000] {dagbag.py:539} INFO - Filling up the DagBag from /home/airflow/.local/lib/python3.8/site-packages/airflow/example_dags/example_complex.py
[2023-09-07T16:26:33.967+0000] {processor.py:839} INFO - DAG(s) dict_keys(['example_complex']) retrieved from /home/airflow/.local/lib/python3.8/site-packages/airflow/example_dags/example_complex.py
[2023-09-07T16:26:33.989+0000] {logging_mixin.py:151} INFO - [2023-09-07T16:26:33.989+0000] {dag.py:2907} INFO - Sync 1 DAGs
[2023-09-07T16:26:33.996+0000] {logging_mixin.py:151} INFO - [2023-09-07T16:26:33.996+0000] {dag.py:3677} INFO - Setting next_dagrun for example_complex to None, run_after=None
[2023-09-07T16:26:34.007+0000] {processor.py:179} INFO - Processing /home/airflow/.local/lib/python3.8/site-packages/airflow/example_dags/example_complex.py took 0.052 seconds
[2023-09-07T16:27:04.261+0000] {processor.py:157} INFO - Started process (PID=13597) to work on /home/airflow/.local/lib/python3.8/site-packages/airflow/example_dags/example_complex.py
[2023-09-07T16:27:04.262+0000] {processor.py:829} INFO - Processing file /home/airflow/.local/lib/python3.8/site-packages/airflow/example_dags/example_complex.py for tasks to queue
[2023-09-07T16:27:04.263+0000] {logging_mixin.py:151} INFO - [2023-09-07T16:27:04.262+0000] {dagbag.py:539} INFO - Filling up the DagBag from /home/airflow/.local/lib/python3.8/site-packages/airflow/example_dags/example_complex.py
[2023-09-07T16:27:04.270+0000] {processor.py:839} INFO - DAG(s) dict_keys(['example_complex']) retrieved from /home/airflow/.local/lib/python3.8/site-packages/airflow/example_dags/example_complex.py
[2023-09-07T16:27:04.293+0000] {logging_mixin.py:151} INFO - [2023-09-07T16:27:04.293+0000] {dag.py:2907} INFO - Sync 1 DAGs
[2023-09-07T16:27:04.301+0000] {logging_mixin.py:151} INFO - [2023-09-07T16:27:04.301+0000] {dag.py:3677} INFO - Setting next_dagrun for example_complex to None, run_after=None
[2023-09-07T16:27:04.311+0000] {processor.py:179} INFO - Processing /home/airflow/.local/lib/python3.8/site-packages/airflow/example_dags/example_complex.py took 0.053 seconds
[2023-09-07T16:27:34.658+0000] {processor.py:157} INFO - Started process (PID=13836) to work on /home/airflow/.local/lib/python3.8/site-packages/airflow/example_dags/example_complex.py
[2023-09-07T16:27:34.659+0000] {processor.py:829} INFO - Processing file /home/airflow/.local/lib/python3.8/site-packages/airflow/example_dags/example_complex.py for tasks to queue
[2023-09-07T16:27:34.660+0000] {logging_mixin.py:151} INFO - [2023-09-07T16:27:34.660+0000] {dagbag.py:539} INFO - Filling up the DagBag from /home/airflow/.local/lib/python3.8/site-packages/airflow/example_dags/example_complex.py
[2023-09-07T16:27:34.667+0000] {processor.py:839} INFO - DAG(s) dict_keys(['example_complex']) retrieved from /home/airflow/.local/lib/python3.8/site-packages/airflow/example_dags/example_complex.py
[2023-09-07T16:27:34.691+0000] {logging_mixin.py:151} INFO - [2023-09-07T16:27:34.691+0000] {dag.py:2907} INFO - Sync 1 DAGs
[2023-09-07T16:27:34.699+0000] {logging_mixin.py:151} INFO - [2023-09-07T16:27:34.699+0000] {dag.py:3677} INFO - Setting next_dagrun for example_complex to None, run_after=None
[2023-09-07T16:27:34.709+0000] {processor.py:179} INFO - Processing /home/airflow/.local/lib/python3.8/site-packages/airflow/example_dags/example_complex.py took 0.054 seconds
[2023-09-07T16:28:05.111+0000] {processor.py:157} INFO - Started process (PID=14074) to work on /home/airflow/.local/lib/python3.8/site-packages/airflow/example_dags/example_complex.py
[2023-09-07T16:28:05.113+0000] {processor.py:829} INFO - Processing file /home/airflow/.local/lib/python3.8/site-packages/airflow/example_dags/example_complex.py for tasks to queue
[2023-09-07T16:28:05.114+0000] {logging_mixin.py:151} INFO - [2023-09-07T16:28:05.113+0000] {dagbag.py:539} INFO - Filling up the DagBag from /home/airflow/.local/lib/python3.8/site-packages/airflow/example_dags/example_complex.py
[2023-09-07T16:28:05.121+0000] {processor.py:839} INFO - DAG(s) dict_keys(['example_complex']) retrieved from /home/airflow/.local/lib/python3.8/site-packages/airflow/example_dags/example_complex.py
[2023-09-07T16:28:05.145+0000] {logging_mixin.py:151} INFO - [2023-09-07T16:28:05.145+0000] {dag.py:2907} INFO - Sync 1 DAGs
[2023-09-07T16:28:05.153+0000] {logging_mixin.py:151} INFO - [2023-09-07T16:28:05.153+0000] {dag.py:3677} INFO - Setting next_dagrun for example_complex to None, run_after=None
[2023-09-07T16:28:05.163+0000] {processor.py:179} INFO - Processing /home/airflow/.local/lib/python3.8/site-packages/airflow/example_dags/example_complex.py took 0.055 seconds
[2023-09-07T16:28:35.662+0000] {processor.py:157} INFO - Started process (PID=14312) to work on /home/airflow/.local/lib/python3.8/site-packages/airflow/example_dags/example_complex.py
[2023-09-07T16:28:35.663+0000] {processor.py:829} INFO - Processing file /home/airflow/.local/lib/python3.8/site-packages/airflow/example_dags/example_complex.py for tasks to queue
[2023-09-07T16:28:35.664+0000] {logging_mixin.py:151} INFO - [2023-09-07T16:28:35.664+0000] {dagbag.py:539} INFO - Filling up the DagBag from /home/airflow/.local/lib/python3.8/site-packages/airflow/example_dags/example_complex.py
[2023-09-07T16:28:35.672+0000] {processor.py:839} INFO - DAG(s) dict_keys(['example_complex']) retrieved from /home/airflow/.local/lib/python3.8/site-packages/airflow/example_dags/example_complex.py
[2023-09-07T16:28:35.697+0000] {logging_mixin.py:151} INFO - [2023-09-07T16:28:35.697+0000] {dag.py:2907} INFO - Sync 1 DAGs
[2023-09-07T16:28:35.708+0000] {logging_mixin.py:151} INFO - [2023-09-07T16:28:35.708+0000] {dag.py:3677} INFO - Setting next_dagrun for example_complex to None, run_after=None
[2023-09-07T16:28:35.722+0000] {processor.py:179} INFO - Processing /home/airflow/.local/lib/python3.8/site-packages/airflow/example_dags/example_complex.py took 0.063 seconds
[2023-09-07T16:29:07.437+0000] {processor.py:157} INFO - Started process (PID=14549) to work on /home/airflow/.local/lib/python3.8/site-packages/airflow/example_dags/example_complex.py
[2023-09-07T16:29:07.439+0000] {processor.py:829} INFO - Processing file /home/airflow/.local/lib/python3.8/site-packages/airflow/example_dags/example_complex.py for tasks to queue
[2023-09-07T16:29:07.440+0000] {logging_mixin.py:151} INFO - [2023-09-07T16:29:07.439+0000] {dagbag.py:539} INFO - Filling up the DagBag from /home/airflow/.local/lib/python3.8/site-packages/airflow/example_dags/example_complex.py
[2023-09-07T16:29:07.447+0000] {processor.py:839} INFO - DAG(s) dict_keys(['example_complex']) retrieved from /home/airflow/.local/lib/python3.8/site-packages/airflow/example_dags/example_complex.py
[2023-09-07T16:29:07.468+0000] {logging_mixin.py:151} INFO - [2023-09-07T16:29:07.468+0000] {dag.py:2907} INFO - Sync 1 DAGs
[2023-09-07T16:29:07.476+0000] {logging_mixin.py:151} INFO - [2023-09-07T16:29:07.476+0000] {dag.py:3677} INFO - Setting next_dagrun for example_complex to None, run_after=None
[2023-09-07T16:29:07.488+0000] {processor.py:179} INFO - Processing /home/airflow/.local/lib/python3.8/site-packages/airflow/example_dags/example_complex.py took 0.054 seconds
[2023-09-07T16:30:58.808+0000] {processor.py:157} INFO - Started process (PID=14785) to work on /home/airflow/.local/lib/python3.8/site-packages/airflow/example_dags/example_complex.py
[2023-09-07T16:30:58.811+0000] {processor.py:829} INFO - Processing file /home/airflow/.local/lib/python3.8/site-packages/airflow/example_dags/example_complex.py for tasks to queue
[2023-09-07T16:30:58.813+0000] {logging_mixin.py:151} INFO - [2023-09-07T16:30:58.813+0000] {dagbag.py:539} INFO - Filling up the DagBag from /home/airflow/.local/lib/python3.8/site-packages/airflow/example_dags/example_complex.py
[2023-09-07T16:30:58.822+0000] {processor.py:839} INFO - DAG(s) dict_keys(['example_complex']) retrieved from /home/airflow/.local/lib/python3.8/site-packages/airflow/example_dags/example_complex.py
[2023-09-07T16:30:58.857+0000] {logging_mixin.py:151} INFO - [2023-09-07T16:30:58.857+0000] {dag.py:2907} INFO - Sync 1 DAGs
[2023-09-07T16:30:58.877+0000] {logging_mixin.py:151} INFO - [2023-09-07T16:30:58.876+0000] {dag.py:3677} INFO - Setting next_dagrun for example_complex to None, run_after=None
[2023-09-07T16:30:58.896+0000] {processor.py:179} INFO - Processing /home/airflow/.local/lib/python3.8/site-packages/airflow/example_dags/example_complex.py took 0.092 seconds
[2023-09-07T16:31:29.558+0000] {processor.py:157} INFO - Started process (PID=15023) to work on /home/airflow/.local/lib/python3.8/site-packages/airflow/example_dags/example_complex.py
[2023-09-07T16:31:29.560+0000] {processor.py:829} INFO - Processing file /home/airflow/.local/lib/python3.8/site-packages/airflow/example_dags/example_complex.py for tasks to queue
[2023-09-07T16:31:29.561+0000] {logging_mixin.py:151} INFO - [2023-09-07T16:31:29.561+0000] {dagbag.py:539} INFO - Filling up the DagBag from /home/airflow/.local/lib/python3.8/site-packages/airflow/example_dags/example_complex.py
[2023-09-07T16:31:29.568+0000] {processor.py:839} INFO - DAG(s) dict_keys(['example_complex']) retrieved from /home/airflow/.local/lib/python3.8/site-packages/airflow/example_dags/example_complex.py
[2023-09-07T16:31:29.590+0000] {logging_mixin.py:151} INFO - [2023-09-07T16:31:29.590+0000] {dag.py:2907} INFO - Sync 1 DAGs
[2023-09-07T16:31:29.599+0000] {logging_mixin.py:151} INFO - [2023-09-07T16:31:29.599+0000] {dag.py:3677} INFO - Setting next_dagrun for example_complex to None, run_after=None
[2023-09-07T16:31:29.610+0000] {processor.py:179} INFO - Processing /home/airflow/.local/lib/python3.8/site-packages/airflow/example_dags/example_complex.py took 0.054 seconds
[2023-09-07T16:32:00.417+0000] {processor.py:157} INFO - Started process (PID=15261) to work on /home/airflow/.local/lib/python3.8/site-packages/airflow/example_dags/example_complex.py
[2023-09-07T16:32:00.418+0000] {processor.py:829} INFO - Processing file /home/airflow/.local/lib/python3.8/site-packages/airflow/example_dags/example_complex.py for tasks to queue
[2023-09-07T16:32:00.419+0000] {logging_mixin.py:151} INFO - [2023-09-07T16:32:00.419+0000] {dagbag.py:539} INFO - Filling up the DagBag from /home/airflow/.local/lib/python3.8/site-packages/airflow/example_dags/example_complex.py
[2023-09-07T16:32:00.427+0000] {processor.py:839} INFO - DAG(s) dict_keys(['example_complex']) retrieved from /home/airflow/.local/lib/python3.8/site-packages/airflow/example_dags/example_complex.py
[2023-09-07T16:32:00.450+0000] {logging_mixin.py:151} INFO - [2023-09-07T16:32:00.450+0000] {dag.py:2907} INFO - Sync 1 DAGs
[2023-09-07T16:32:00.459+0000] {logging_mixin.py:151} INFO - [2023-09-07T16:32:00.459+0000] {dag.py:3677} INFO - Setting next_dagrun for example_complex to None, run_after=None
[2023-09-07T16:32:00.470+0000] {processor.py:179} INFO - Processing /home/airflow/.local/lib/python3.8/site-packages/airflow/example_dags/example_complex.py took 0.055 seconds
[2023-09-07T16:32:32.391+0000] {processor.py:157} INFO - Started process (PID=15499) to work on /home/airflow/.local/lib/python3.8/site-packages/airflow/example_dags/example_complex.py
[2023-09-07T16:32:32.393+0000] {processor.py:829} INFO - Processing file /home/airflow/.local/lib/python3.8/site-packages/airflow/example_dags/example_complex.py for tasks to queue
[2023-09-07T16:32:32.394+0000] {logging_mixin.py:151} INFO - [2023-09-07T16:32:32.394+0000] {dagbag.py:539} INFO - Filling up the DagBag from /home/airflow/.local/lib/python3.8/site-packages/airflow/example_dags/example_complex.py
[2023-09-07T16:32:32.405+0000] {processor.py:839} INFO - DAG(s) dict_keys(['example_complex']) retrieved from /home/airflow/.local/lib/python3.8/site-packages/airflow/example_dags/example_complex.py
[2023-09-07T16:32:32.437+0000] {logging_mixin.py:151} INFO - [2023-09-07T16:32:32.437+0000] {dag.py:2907} INFO - Sync 1 DAGs
[2023-09-07T16:32:32.452+0000] {logging_mixin.py:151} INFO - [2023-09-07T16:32:32.451+0000] {dag.py:3677} INFO - Setting next_dagrun for example_complex to None, run_after=None
[2023-09-07T16:32:32.765+0000] {processor.py:179} INFO - Processing /home/airflow/.local/lib/python3.8/site-packages/airflow/example_dags/example_complex.py took 0.378 seconds
[2023-09-07T16:33:03.477+0000] {processor.py:157} INFO - Started process (PID=15737) to work on /home/airflow/.local/lib/python3.8/site-packages/airflow/example_dags/example_complex.py
[2023-09-07T16:33:03.483+0000] {processor.py:829} INFO - Processing file /home/airflow/.local/lib/python3.8/site-packages/airflow/example_dags/example_complex.py for tasks to queue
[2023-09-07T16:33:03.489+0000] {logging_mixin.py:151} INFO - [2023-09-07T16:33:03.487+0000] {dagbag.py:539} INFO - Filling up the DagBag from /home/airflow/.local/lib/python3.8/site-packages/airflow/example_dags/example_complex.py
[2023-09-07T16:33:03.528+0000] {processor.py:839} INFO - DAG(s) dict_keys(['example_complex']) retrieved from /home/airflow/.local/lib/python3.8/site-packages/airflow/example_dags/example_complex.py
[2023-09-07T16:33:03.661+0000] {logging_mixin.py:151} INFO - [2023-09-07T16:33:03.661+0000] {dag.py:2907} INFO - Sync 1 DAGs
[2023-09-07T16:33:03.715+0000] {logging_mixin.py:151} INFO - [2023-09-07T16:33:03.715+0000] {dag.py:3677} INFO - Setting next_dagrun for example_complex to None, run_after=None
[2023-09-07T16:33:03.896+0000] {processor.py:179} INFO - Processing /home/airflow/.local/lib/python3.8/site-packages/airflow/example_dags/example_complex.py took 0.436 seconds
[2023-09-07T16:33:34.991+0000] {processor.py:157} INFO - Started process (PID=15975) to work on /home/airflow/.local/lib/python3.8/site-packages/airflow/example_dags/example_complex.py
[2023-09-07T16:33:34.993+0000] {processor.py:829} INFO - Processing file /home/airflow/.local/lib/python3.8/site-packages/airflow/example_dags/example_complex.py for tasks to queue
[2023-09-07T16:33:34.996+0000] {logging_mixin.py:151} INFO - [2023-09-07T16:33:34.995+0000] {dagbag.py:539} INFO - Filling up the DagBag from /home/airflow/.local/lib/python3.8/site-packages/airflow/example_dags/example_complex.py
[2023-09-07T16:33:35.008+0000] {processor.py:839} INFO - DAG(s) dict_keys(['example_complex']) retrieved from /home/airflow/.local/lib/python3.8/site-packages/airflow/example_dags/example_complex.py
[2023-09-07T16:33:35.049+0000] {logging_mixin.py:151} INFO - [2023-09-07T16:33:35.048+0000] {dag.py:2907} INFO - Sync 1 DAGs
[2023-09-07T16:33:35.064+0000] {logging_mixin.py:151} INFO - [2023-09-07T16:33:35.064+0000] {dag.py:3677} INFO - Setting next_dagrun for example_complex to None, run_after=None
[2023-09-07T16:33:35.084+0000] {processor.py:179} INFO - Processing /home/airflow/.local/lib/python3.8/site-packages/airflow/example_dags/example_complex.py took 0.098 seconds
[2023-09-07T16:34:05.832+0000] {processor.py:157} INFO - Started process (PID=16213) to work on /home/airflow/.local/lib/python3.8/site-packages/airflow/example_dags/example_complex.py
[2023-09-07T16:34:05.836+0000] {processor.py:829} INFO - Processing file /home/airflow/.local/lib/python3.8/site-packages/airflow/example_dags/example_complex.py for tasks to queue
[2023-09-07T16:34:05.839+0000] {logging_mixin.py:151} INFO - [2023-09-07T16:34:05.838+0000] {dagbag.py:539} INFO - Filling up the DagBag from /home/airflow/.local/lib/python3.8/site-packages/airflow/example_dags/example_complex.py
[2023-09-07T16:34:05.867+0000] {processor.py:839} INFO - DAG(s) dict_keys(['example_complex']) retrieved from /home/airflow/.local/lib/python3.8/site-packages/airflow/example_dags/example_complex.py
[2023-09-07T16:34:05.937+0000] {logging_mixin.py:151} INFO - [2023-09-07T16:34:05.937+0000] {dag.py:2907} INFO - Sync 1 DAGs
[2023-09-07T16:34:05.967+0000] {logging_mixin.py:151} INFO - [2023-09-07T16:34:05.966+0000] {dag.py:3677} INFO - Setting next_dagrun for example_complex to None, run_after=None
[2023-09-07T16:34:05.987+0000] {processor.py:179} INFO - Processing /home/airflow/.local/lib/python3.8/site-packages/airflow/example_dags/example_complex.py took 0.172 seconds
[2023-09-07T16:34:36.161+0000] {processor.py:157} INFO - Started process (PID=16451) to work on /home/airflow/.local/lib/python3.8/site-packages/airflow/example_dags/example_complex.py
[2023-09-07T16:34:36.164+0000] {processor.py:829} INFO - Processing file /home/airflow/.local/lib/python3.8/site-packages/airflow/example_dags/example_complex.py for tasks to queue
[2023-09-07T16:34:36.166+0000] {logging_mixin.py:151} INFO - [2023-09-07T16:34:36.165+0000] {dagbag.py:539} INFO - Filling up the DagBag from /home/airflow/.local/lib/python3.8/site-packages/airflow/example_dags/example_complex.py
[2023-09-07T16:34:36.191+0000] {processor.py:839} INFO - DAG(s) dict_keys(['example_complex']) retrieved from /home/airflow/.local/lib/python3.8/site-packages/airflow/example_dags/example_complex.py
[2023-09-07T16:34:36.231+0000] {logging_mixin.py:151} INFO - [2023-09-07T16:34:36.231+0000] {dag.py:2907} INFO - Sync 1 DAGs
[2023-09-07T16:34:36.244+0000] {logging_mixin.py:151} INFO - [2023-09-07T16:34:36.244+0000] {dag.py:3677} INFO - Setting next_dagrun for example_complex to None, run_after=None
[2023-09-07T16:34:36.266+0000] {processor.py:179} INFO - Processing /home/airflow/.local/lib/python3.8/site-packages/airflow/example_dags/example_complex.py took 0.115 seconds
[2023-09-07T16:35:06.447+0000] {processor.py:157} INFO - Started process (PID=16689) to work on /home/airflow/.local/lib/python3.8/site-packages/airflow/example_dags/example_complex.py
[2023-09-07T16:35:06.449+0000] {processor.py:829} INFO - Processing file /home/airflow/.local/lib/python3.8/site-packages/airflow/example_dags/example_complex.py for tasks to queue
[2023-09-07T16:35:06.451+0000] {logging_mixin.py:151} INFO - [2023-09-07T16:35:06.451+0000] {dagbag.py:539} INFO - Filling up the DagBag from /home/airflow/.local/lib/python3.8/site-packages/airflow/example_dags/example_complex.py
[2023-09-07T16:35:06.464+0000] {processor.py:839} INFO - DAG(s) dict_keys(['example_complex']) retrieved from /home/airflow/.local/lib/python3.8/site-packages/airflow/example_dags/example_complex.py
[2023-09-07T16:35:06.494+0000] {logging_mixin.py:151} INFO - [2023-09-07T16:35:06.494+0000] {dag.py:2907} INFO - Sync 1 DAGs
[2023-09-07T16:35:06.504+0000] {logging_mixin.py:151} INFO - [2023-09-07T16:35:06.504+0000] {dag.py:3677} INFO - Setting next_dagrun for example_complex to None, run_after=None
[2023-09-07T16:35:06.519+0000] {processor.py:179} INFO - Processing /home/airflow/.local/lib/python3.8/site-packages/airflow/example_dags/example_complex.py took 0.077 seconds
