[2023-09-07T15:58:25.236+0000] {processor.py:157} INFO - Started process (PID=277) to work on /home/airflow/.local/lib/python3.8/site-packages/airflow/example_dags/example_short_circuit_decorator.py
[2023-09-07T15:58:25.238+0000] {processor.py:829} INFO - Processing file /home/airflow/.local/lib/python3.8/site-packages/airflow/example_dags/example_short_circuit_decorator.py for tasks to queue
[2023-09-07T15:58:25.241+0000] {logging_mixin.py:151} INFO - [2023-09-07T15:58:25.240+0000] {dagbag.py:539} INFO - Filling up the DagBag from /home/airflow/.local/lib/python3.8/site-packages/airflow/example_dags/example_short_circuit_decorator.py
[2023-09-07T15:58:25.259+0000] {processor.py:839} INFO - DAG(s) dict_keys(['example_short_circuit_decorator']) retrieved from /home/airflow/.local/lib/python3.8/site-packages/airflow/example_dags/example_short_circuit_decorator.py
[2023-09-07T15:58:25.273+0000] {logging_mixin.py:151} INFO - [2023-09-07T15:58:25.273+0000] {dag.py:2907} INFO - Sync 1 DAGs
[2023-09-07T15:58:25.290+0000] {logging_mixin.py:151} INFO - [2023-09-07T15:58:25.289+0000] {dag.py:3677} INFO - Setting next_dagrun for example_short_circuit_decorator to 2023-09-06T15:58:25.289681+00:00, run_after=2023-09-07T15:58:25.289681+00:00
[2023-09-07T15:58:25.302+0000] {processor.py:179} INFO - Processing /home/airflow/.local/lib/python3.8/site-packages/airflow/example_dags/example_short_circuit_decorator.py took 0.068 seconds
[2023-09-07T15:58:56.703+0000] {processor.py:157} INFO - Started process (PID=515) to work on /home/airflow/.local/lib/python3.8/site-packages/airflow/example_dags/example_short_circuit_decorator.py
[2023-09-07T15:58:56.705+0000] {processor.py:829} INFO - Processing file /home/airflow/.local/lib/python3.8/site-packages/airflow/example_dags/example_short_circuit_decorator.py for tasks to queue
[2023-09-07T15:58:56.706+0000] {logging_mixin.py:151} INFO - [2023-09-07T15:58:56.705+0000] {dagbag.py:539} INFO - Filling up the DagBag from /home/airflow/.local/lib/python3.8/site-packages/airflow/example_dags/example_short_circuit_decorator.py
[2023-09-07T15:58:56.713+0000] {processor.py:839} INFO - DAG(s) dict_keys(['example_short_circuit_decorator']) retrieved from /home/airflow/.local/lib/python3.8/site-packages/airflow/example_dags/example_short_circuit_decorator.py
[2023-09-07T15:58:56.731+0000] {logging_mixin.py:151} INFO - [2023-09-07T15:58:56.731+0000] {dag.py:2907} INFO - Sync 1 DAGs
[2023-09-07T15:58:56.744+0000] {logging_mixin.py:151} INFO - [2023-09-07T15:58:56.744+0000] {dag.py:3677} INFO - Setting next_dagrun for example_short_circuit_decorator to 2023-09-06T15:58:56.744593+00:00, run_after=2023-09-07T15:58:56.744593+00:00
[2023-09-07T15:58:56.839+0000] {processor.py:179} INFO - Processing /home/airflow/.local/lib/python3.8/site-packages/airflow/example_dags/example_short_circuit_decorator.py took 0.139 seconds
[2023-09-07T15:59:29.177+0000] {processor.py:157} INFO - Started process (PID=753) to work on /home/airflow/.local/lib/python3.8/site-packages/airflow/example_dags/example_short_circuit_decorator.py
[2023-09-07T15:59:29.179+0000] {processor.py:829} INFO - Processing file /home/airflow/.local/lib/python3.8/site-packages/airflow/example_dags/example_short_circuit_decorator.py for tasks to queue
[2023-09-07T15:59:29.181+0000] {logging_mixin.py:151} INFO - [2023-09-07T15:59:29.181+0000] {dagbag.py:539} INFO - Filling up the DagBag from /home/airflow/.local/lib/python3.8/site-packages/airflow/example_dags/example_short_circuit_decorator.py
[2023-09-07T15:59:29.194+0000] {processor.py:839} INFO - DAG(s) dict_keys(['example_short_circuit_decorator']) retrieved from /home/airflow/.local/lib/python3.8/site-packages/airflow/example_dags/example_short_circuit_decorator.py
[2023-09-07T15:59:29.222+0000] {logging_mixin.py:151} INFO - [2023-09-07T15:59:29.222+0000] {dag.py:2907} INFO - Sync 1 DAGs
[2023-09-07T15:59:29.241+0000] {logging_mixin.py:151} INFO - [2023-09-07T15:59:29.241+0000] {dag.py:3677} INFO - Setting next_dagrun for example_short_circuit_decorator to 2023-09-06T15:59:29.241172+00:00, run_after=2023-09-07T15:59:29.241172+00:00
[2023-09-07T15:59:29.264+0000] {processor.py:179} INFO - Processing /home/airflow/.local/lib/python3.8/site-packages/airflow/example_dags/example_short_circuit_decorator.py took 0.094 seconds
[2023-09-07T15:59:59.824+0000] {processor.py:157} INFO - Started process (PID=991) to work on /home/airflow/.local/lib/python3.8/site-packages/airflow/example_dags/example_short_circuit_decorator.py
[2023-09-07T15:59:59.827+0000] {processor.py:829} INFO - Processing file /home/airflow/.local/lib/python3.8/site-packages/airflow/example_dags/example_short_circuit_decorator.py for tasks to queue
[2023-09-07T15:59:59.829+0000] {logging_mixin.py:151} INFO - [2023-09-07T15:59:59.828+0000] {dagbag.py:539} INFO - Filling up the DagBag from /home/airflow/.local/lib/python3.8/site-packages/airflow/example_dags/example_short_circuit_decorator.py
[2023-09-07T15:59:59.842+0000] {processor.py:839} INFO - DAG(s) dict_keys(['example_short_circuit_decorator']) retrieved from /home/airflow/.local/lib/python3.8/site-packages/airflow/example_dags/example_short_circuit_decorator.py
[2023-09-07T15:59:59.863+0000] {logging_mixin.py:151} INFO - [2023-09-07T15:59:59.863+0000] {dag.py:2907} INFO - Sync 1 DAGs
[2023-09-07T15:59:59.887+0000] {logging_mixin.py:151} INFO - [2023-09-07T15:59:59.886+0000] {dag.py:3677} INFO - Setting next_dagrun for example_short_circuit_decorator to 2023-09-06T15:59:59.886408+00:00, run_after=2023-09-07T15:59:59.886408+00:00
[2023-09-07T15:59:59.901+0000] {processor.py:179} INFO - Processing /home/airflow/.local/lib/python3.8/site-packages/airflow/example_dags/example_short_circuit_decorator.py took 0.082 seconds
[2023-09-07T16:00:29.991+0000] {processor.py:157} INFO - Started process (PID=1230) to work on /home/airflow/.local/lib/python3.8/site-packages/airflow/example_dags/example_short_circuit_decorator.py
[2023-09-07T16:00:29.993+0000] {processor.py:829} INFO - Processing file /home/airflow/.local/lib/python3.8/site-packages/airflow/example_dags/example_short_circuit_decorator.py for tasks to queue
[2023-09-07T16:00:29.994+0000] {logging_mixin.py:151} INFO - [2023-09-07T16:00:29.993+0000] {dagbag.py:539} INFO - Filling up the DagBag from /home/airflow/.local/lib/python3.8/site-packages/airflow/example_dags/example_short_circuit_decorator.py
[2023-09-07T16:00:30.000+0000] {processor.py:839} INFO - DAG(s) dict_keys(['example_short_circuit_decorator']) retrieved from /home/airflow/.local/lib/python3.8/site-packages/airflow/example_dags/example_short_circuit_decorator.py
[2023-09-07T16:00:30.017+0000] {logging_mixin.py:151} INFO - [2023-09-07T16:00:30.017+0000] {dag.py:2907} INFO - Sync 1 DAGs
[2023-09-07T16:00:30.029+0000] {logging_mixin.py:151} INFO - [2023-09-07T16:00:30.029+0000] {dag.py:3677} INFO - Setting next_dagrun for example_short_circuit_decorator to 2023-09-06T16:00:30.029669+00:00, run_after=2023-09-07T16:00:30.029669+00:00
[2023-09-07T16:00:30.040+0000] {processor.py:179} INFO - Processing /home/airflow/.local/lib/python3.8/site-packages/airflow/example_dags/example_short_circuit_decorator.py took 0.051 seconds
[2023-09-07T16:01:00.920+0000] {processor.py:157} INFO - Started process (PID=1490) to work on /home/airflow/.local/lib/python3.8/site-packages/airflow/example_dags/example_short_circuit_decorator.py
[2023-09-07T16:01:00.922+0000] {processor.py:829} INFO - Processing file /home/airflow/.local/lib/python3.8/site-packages/airflow/example_dags/example_short_circuit_decorator.py for tasks to queue
[2023-09-07T16:01:00.924+0000] {logging_mixin.py:151} INFO - [2023-09-07T16:01:00.923+0000] {dagbag.py:539} INFO - Filling up the DagBag from /home/airflow/.local/lib/python3.8/site-packages/airflow/example_dags/example_short_circuit_decorator.py
[2023-09-07T16:01:00.937+0000] {processor.py:839} INFO - DAG(s) dict_keys(['example_short_circuit_decorator']) retrieved from /home/airflow/.local/lib/python3.8/site-packages/airflow/example_dags/example_short_circuit_decorator.py
[2023-09-07T16:01:00.961+0000] {logging_mixin.py:151} INFO - [2023-09-07T16:01:00.961+0000] {dag.py:2907} INFO - Sync 1 DAGs
[2023-09-07T16:01:00.978+0000] {logging_mixin.py:151} INFO - [2023-09-07T16:01:00.978+0000] {dag.py:3677} INFO - Setting next_dagrun for example_short_circuit_decorator to 2023-09-06T16:01:00.978541+00:00, run_after=2023-09-07T16:01:00.978541+00:00
[2023-09-07T16:01:00.993+0000] {processor.py:179} INFO - Processing /home/airflow/.local/lib/python3.8/site-packages/airflow/example_dags/example_short_circuit_decorator.py took 0.078 seconds
[2023-09-07T16:01:31.519+0000] {processor.py:157} INFO - Started process (PID=1728) to work on /home/airflow/.local/lib/python3.8/site-packages/airflow/example_dags/example_short_circuit_decorator.py
[2023-09-07T16:01:31.520+0000] {processor.py:829} INFO - Processing file /home/airflow/.local/lib/python3.8/site-packages/airflow/example_dags/example_short_circuit_decorator.py for tasks to queue
[2023-09-07T16:01:31.521+0000] {logging_mixin.py:151} INFO - [2023-09-07T16:01:31.521+0000] {dagbag.py:539} INFO - Filling up the DagBag from /home/airflow/.local/lib/python3.8/site-packages/airflow/example_dags/example_short_circuit_decorator.py
[2023-09-07T16:01:31.529+0000] {processor.py:839} INFO - DAG(s) dict_keys(['example_short_circuit_decorator']) retrieved from /home/airflow/.local/lib/python3.8/site-packages/airflow/example_dags/example_short_circuit_decorator.py
[2023-09-07T16:01:31.550+0000] {logging_mixin.py:151} INFO - [2023-09-07T16:01:31.550+0000] {dag.py:2907} INFO - Sync 1 DAGs
[2023-09-07T16:01:31.566+0000] {logging_mixin.py:151} INFO - [2023-09-07T16:01:31.565+0000] {dag.py:3677} INFO - Setting next_dagrun for example_short_circuit_decorator to 2023-09-06T16:01:31.565677+00:00, run_after=2023-09-07T16:01:31.565677+00:00
[2023-09-07T16:01:31.577+0000] {processor.py:179} INFO - Processing /home/airflow/.local/lib/python3.8/site-packages/airflow/example_dags/example_short_circuit_decorator.py took 0.060 seconds
[2023-09-07T16:02:03.323+0000] {processor.py:157} INFO - Started process (PID=1966) to work on /home/airflow/.local/lib/python3.8/site-packages/airflow/example_dags/example_short_circuit_decorator.py
[2023-09-07T16:02:03.327+0000] {processor.py:829} INFO - Processing file /home/airflow/.local/lib/python3.8/site-packages/airflow/example_dags/example_short_circuit_decorator.py for tasks to queue
[2023-09-07T16:02:03.329+0000] {logging_mixin.py:151} INFO - [2023-09-07T16:02:03.328+0000] {dagbag.py:539} INFO - Filling up the DagBag from /home/airflow/.local/lib/python3.8/site-packages/airflow/example_dags/example_short_circuit_decorator.py
[2023-09-07T16:02:03.341+0000] {processor.py:839} INFO - DAG(s) dict_keys(['example_short_circuit_decorator']) retrieved from /home/airflow/.local/lib/python3.8/site-packages/airflow/example_dags/example_short_circuit_decorator.py
[2023-09-07T16:02:03.366+0000] {logging_mixin.py:151} INFO - [2023-09-07T16:02:03.366+0000] {dag.py:2907} INFO - Sync 1 DAGs
[2023-09-07T16:02:03.387+0000] {logging_mixin.py:151} INFO - [2023-09-07T16:02:03.387+0000] {dag.py:3677} INFO - Setting next_dagrun for example_short_circuit_decorator to 2023-09-06T16:02:03.386606+00:00, run_after=2023-09-07T16:02:03.386606+00:00
[2023-09-07T16:02:03.401+0000] {processor.py:179} INFO - Processing /home/airflow/.local/lib/python3.8/site-packages/airflow/example_dags/example_short_circuit_decorator.py took 0.090 seconds
[2023-09-07T16:02:34.346+0000] {processor.py:157} INFO - Started process (PID=2204) to work on /home/airflow/.local/lib/python3.8/site-packages/airflow/example_dags/example_short_circuit_decorator.py
[2023-09-07T16:02:34.348+0000] {processor.py:829} INFO - Processing file /home/airflow/.local/lib/python3.8/site-packages/airflow/example_dags/example_short_circuit_decorator.py for tasks to queue
[2023-09-07T16:02:34.349+0000] {logging_mixin.py:151} INFO - [2023-09-07T16:02:34.349+0000] {dagbag.py:539} INFO - Filling up the DagBag from /home/airflow/.local/lib/python3.8/site-packages/airflow/example_dags/example_short_circuit_decorator.py
[2023-09-07T16:02:34.368+0000] {processor.py:839} INFO - DAG(s) dict_keys(['example_short_circuit_decorator']) retrieved from /home/airflow/.local/lib/python3.8/site-packages/airflow/example_dags/example_short_circuit_decorator.py
[2023-09-07T16:02:34.396+0000] {logging_mixin.py:151} INFO - [2023-09-07T16:02:34.396+0000] {dag.py:2907} INFO - Sync 1 DAGs
[2023-09-07T16:02:34.420+0000] {logging_mixin.py:151} INFO - [2023-09-07T16:02:34.419+0000] {dag.py:3677} INFO - Setting next_dagrun for example_short_circuit_decorator to 2023-09-06T16:02:34.419695+00:00, run_after=2023-09-07T16:02:34.419695+00:00
[2023-09-07T16:02:34.436+0000] {processor.py:179} INFO - Processing /home/airflow/.local/lib/python3.8/site-packages/airflow/example_dags/example_short_circuit_decorator.py took 0.093 seconds
[2023-09-07T16:03:04.752+0000] {processor.py:157} INFO - Started process (PID=2442) to work on /home/airflow/.local/lib/python3.8/site-packages/airflow/example_dags/example_short_circuit_decorator.py
[2023-09-07T16:03:04.758+0000] {processor.py:829} INFO - Processing file /home/airflow/.local/lib/python3.8/site-packages/airflow/example_dags/example_short_circuit_decorator.py for tasks to queue
[2023-09-07T16:03:04.759+0000] {logging_mixin.py:151} INFO - [2023-09-07T16:03:04.759+0000] {dagbag.py:539} INFO - Filling up the DagBag from /home/airflow/.local/lib/python3.8/site-packages/airflow/example_dags/example_short_circuit_decorator.py
[2023-09-07T16:03:04.768+0000] {processor.py:839} INFO - DAG(s) dict_keys(['example_short_circuit_decorator']) retrieved from /home/airflow/.local/lib/python3.8/site-packages/airflow/example_dags/example_short_circuit_decorator.py
[2023-09-07T16:03:04.794+0000] {logging_mixin.py:151} INFO - [2023-09-07T16:03:04.794+0000] {dag.py:2907} INFO - Sync 1 DAGs
[2023-09-07T16:03:04.810+0000] {logging_mixin.py:151} INFO - [2023-09-07T16:03:04.810+0000] {dag.py:3677} INFO - Setting next_dagrun for example_short_circuit_decorator to 2023-09-06T16:03:04.810371+00:00, run_after=2023-09-07T16:03:04.810371+00:00
[2023-09-07T16:03:04.830+0000] {processor.py:179} INFO - Processing /home/airflow/.local/lib/python3.8/site-packages/airflow/example_dags/example_short_circuit_decorator.py took 0.084 seconds
[2023-09-07T16:03:35.779+0000] {processor.py:157} INFO - Started process (PID=2680) to work on /home/airflow/.local/lib/python3.8/site-packages/airflow/example_dags/example_short_circuit_decorator.py
[2023-09-07T16:03:35.780+0000] {processor.py:829} INFO - Processing file /home/airflow/.local/lib/python3.8/site-packages/airflow/example_dags/example_short_circuit_decorator.py for tasks to queue
[2023-09-07T16:03:35.781+0000] {logging_mixin.py:151} INFO - [2023-09-07T16:03:35.781+0000] {dagbag.py:539} INFO - Filling up the DagBag from /home/airflow/.local/lib/python3.8/site-packages/airflow/example_dags/example_short_circuit_decorator.py
[2023-09-07T16:03:35.789+0000] {processor.py:839} INFO - DAG(s) dict_keys(['example_short_circuit_decorator']) retrieved from /home/airflow/.local/lib/python3.8/site-packages/airflow/example_dags/example_short_circuit_decorator.py
[2023-09-07T16:03:35.808+0000] {logging_mixin.py:151} INFO - [2023-09-07T16:03:35.808+0000] {dag.py:2907} INFO - Sync 1 DAGs
[2023-09-07T16:03:35.822+0000] {logging_mixin.py:151} INFO - [2023-09-07T16:03:35.822+0000] {dag.py:3677} INFO - Setting next_dagrun for example_short_circuit_decorator to 2023-09-06T16:03:35.822317+00:00, run_after=2023-09-07T16:03:35.822317+00:00
[2023-09-07T16:03:35.834+0000] {processor.py:179} INFO - Processing /home/airflow/.local/lib/python3.8/site-packages/airflow/example_dags/example_short_circuit_decorator.py took 0.058 seconds
[2023-09-07T16:04:06.657+0000] {processor.py:157} INFO - Started process (PID=2920) to work on /home/airflow/.local/lib/python3.8/site-packages/airflow/example_dags/example_short_circuit_decorator.py
[2023-09-07T16:04:06.659+0000] {processor.py:829} INFO - Processing file /home/airflow/.local/lib/python3.8/site-packages/airflow/example_dags/example_short_circuit_decorator.py for tasks to queue
[2023-09-07T16:04:06.660+0000] {logging_mixin.py:151} INFO - [2023-09-07T16:04:06.660+0000] {dagbag.py:539} INFO - Filling up the DagBag from /home/airflow/.local/lib/python3.8/site-packages/airflow/example_dags/example_short_circuit_decorator.py
[2023-09-07T16:04:06.671+0000] {processor.py:839} INFO - DAG(s) dict_keys(['example_short_circuit_decorator']) retrieved from /home/airflow/.local/lib/python3.8/site-packages/airflow/example_dags/example_short_circuit_decorator.py
[2023-09-07T16:04:06.689+0000] {logging_mixin.py:151} INFO - [2023-09-07T16:04:06.689+0000] {dag.py:2907} INFO - Sync 1 DAGs
[2023-09-07T16:04:06.702+0000] {logging_mixin.py:151} INFO - [2023-09-07T16:04:06.702+0000] {dag.py:3677} INFO - Setting next_dagrun for example_short_circuit_decorator to 2023-09-06T16:04:06.702404+00:00, run_after=2023-09-07T16:04:06.702404+00:00
[2023-09-07T16:04:06.713+0000] {processor.py:179} INFO - Processing /home/airflow/.local/lib/python3.8/site-packages/airflow/example_dags/example_short_circuit_decorator.py took 0.059 seconds
[2023-09-07T16:04:37.001+0000] {processor.py:157} INFO - Started process (PID=3158) to work on /home/airflow/.local/lib/python3.8/site-packages/airflow/example_dags/example_short_circuit_decorator.py
[2023-09-07T16:04:37.002+0000] {processor.py:829} INFO - Processing file /home/airflow/.local/lib/python3.8/site-packages/airflow/example_dags/example_short_circuit_decorator.py for tasks to queue
[2023-09-07T16:04:37.003+0000] {logging_mixin.py:151} INFO - [2023-09-07T16:04:37.003+0000] {dagbag.py:539} INFO - Filling up the DagBag from /home/airflow/.local/lib/python3.8/site-packages/airflow/example_dags/example_short_circuit_decorator.py
[2023-09-07T16:04:37.011+0000] {processor.py:839} INFO - DAG(s) dict_keys(['example_short_circuit_decorator']) retrieved from /home/airflow/.local/lib/python3.8/site-packages/airflow/example_dags/example_short_circuit_decorator.py
[2023-09-07T16:04:37.034+0000] {logging_mixin.py:151} INFO - [2023-09-07T16:04:37.033+0000] {dag.py:2907} INFO - Sync 1 DAGs
[2023-09-07T16:04:37.051+0000] {logging_mixin.py:151} INFO - [2023-09-07T16:04:37.051+0000] {dag.py:3677} INFO - Setting next_dagrun for example_short_circuit_decorator to 2023-09-06T16:04:37.051447+00:00, run_after=2023-09-07T16:04:37.051447+00:00
[2023-09-07T16:04:37.063+0000] {processor.py:179} INFO - Processing /home/airflow/.local/lib/python3.8/site-packages/airflow/example_dags/example_short_circuit_decorator.py took 0.065 seconds
[2023-09-07T16:05:08.189+0000] {processor.py:157} INFO - Started process (PID=3394) to work on /home/airflow/.local/lib/python3.8/site-packages/airflow/example_dags/example_short_circuit_decorator.py
[2023-09-07T16:05:08.191+0000] {processor.py:829} INFO - Processing file /home/airflow/.local/lib/python3.8/site-packages/airflow/example_dags/example_short_circuit_decorator.py for tasks to queue
[2023-09-07T16:05:08.195+0000] {logging_mixin.py:151} INFO - [2023-09-07T16:05:08.195+0000] {dagbag.py:539} INFO - Filling up the DagBag from /home/airflow/.local/lib/python3.8/site-packages/airflow/example_dags/example_short_circuit_decorator.py
[2023-09-07T16:05:08.206+0000] {processor.py:839} INFO - DAG(s) dict_keys(['example_short_circuit_decorator']) retrieved from /home/airflow/.local/lib/python3.8/site-packages/airflow/example_dags/example_short_circuit_decorator.py
[2023-09-07T16:05:08.225+0000] {logging_mixin.py:151} INFO - [2023-09-07T16:05:08.225+0000] {dag.py:2907} INFO - Sync 1 DAGs
[2023-09-07T16:05:08.240+0000] {logging_mixin.py:151} INFO - [2023-09-07T16:05:08.240+0000] {dag.py:3677} INFO - Setting next_dagrun for example_short_circuit_decorator to 2023-09-06T16:05:08.240571+00:00, run_after=2023-09-07T16:05:08.240571+00:00
[2023-09-07T16:05:08.253+0000] {processor.py:179} INFO - Processing /home/airflow/.local/lib/python3.8/site-packages/airflow/example_dags/example_short_circuit_decorator.py took 0.067 seconds
[2023-09-07T16:05:38.824+0000] {processor.py:157} INFO - Started process (PID=3633) to work on /home/airflow/.local/lib/python3.8/site-packages/airflow/example_dags/example_short_circuit_decorator.py
[2023-09-07T16:05:38.826+0000] {processor.py:829} INFO - Processing file /home/airflow/.local/lib/python3.8/site-packages/airflow/example_dags/example_short_circuit_decorator.py for tasks to queue
[2023-09-07T16:05:38.827+0000] {logging_mixin.py:151} INFO - [2023-09-07T16:05:38.827+0000] {dagbag.py:539} INFO - Filling up the DagBag from /home/airflow/.local/lib/python3.8/site-packages/airflow/example_dags/example_short_circuit_decorator.py
[2023-09-07T16:05:38.834+0000] {processor.py:839} INFO - DAG(s) dict_keys(['example_short_circuit_decorator']) retrieved from /home/airflow/.local/lib/python3.8/site-packages/airflow/example_dags/example_short_circuit_decorator.py
[2023-09-07T16:05:38.855+0000] {logging_mixin.py:151} INFO - [2023-09-07T16:05:38.854+0000] {dag.py:2907} INFO - Sync 1 DAGs
[2023-09-07T16:05:38.873+0000] {logging_mixin.py:151} INFO - [2023-09-07T16:05:38.873+0000] {dag.py:3677} INFO - Setting next_dagrun for example_short_circuit_decorator to 2023-09-06T16:05:38.873619+00:00, run_after=2023-09-07T16:05:38.873619+00:00
[2023-09-07T16:05:38.885+0000] {processor.py:179} INFO - Processing /home/airflow/.local/lib/python3.8/site-packages/airflow/example_dags/example_short_circuit_decorator.py took 0.064 seconds
[2023-09-07T16:06:10.027+0000] {processor.py:157} INFO - Started process (PID=3873) to work on /home/airflow/.local/lib/python3.8/site-packages/airflow/example_dags/example_short_circuit_decorator.py
[2023-09-07T16:06:10.030+0000] {processor.py:829} INFO - Processing file /home/airflow/.local/lib/python3.8/site-packages/airflow/example_dags/example_short_circuit_decorator.py for tasks to queue
[2023-09-07T16:06:10.051+0000] {logging_mixin.py:151} INFO - [2023-09-07T16:06:10.049+0000] {dagbag.py:539} INFO - Filling up the DagBag from /home/airflow/.local/lib/python3.8/site-packages/airflow/example_dags/example_short_circuit_decorator.py
[2023-09-07T16:06:10.102+0000] {processor.py:839} INFO - DAG(s) dict_keys(['example_short_circuit_decorator']) retrieved from /home/airflow/.local/lib/python3.8/site-packages/airflow/example_dags/example_short_circuit_decorator.py
[2023-09-07T16:06:10.142+0000] {logging_mixin.py:151} INFO - [2023-09-07T16:06:10.142+0000] {dag.py:2907} INFO - Sync 1 DAGs
[2023-09-07T16:06:10.163+0000] {logging_mixin.py:151} INFO - [2023-09-07T16:06:10.163+0000] {dag.py:3677} INFO - Setting next_dagrun for example_short_circuit_decorator to 2023-09-06T16:06:10.163205+00:00, run_after=2023-09-07T16:06:10.163205+00:00
[2023-09-07T16:06:10.180+0000] {processor.py:179} INFO - Processing /home/airflow/.local/lib/python3.8/site-packages/airflow/example_dags/example_short_circuit_decorator.py took 0.158 seconds
[2023-09-07T16:06:40.973+0000] {processor.py:157} INFO - Started process (PID=4111) to work on /home/airflow/.local/lib/python3.8/site-packages/airflow/example_dags/example_short_circuit_decorator.py
[2023-09-07T16:06:40.974+0000] {processor.py:829} INFO - Processing file /home/airflow/.local/lib/python3.8/site-packages/airflow/example_dags/example_short_circuit_decorator.py for tasks to queue
[2023-09-07T16:06:40.975+0000] {logging_mixin.py:151} INFO - [2023-09-07T16:06:40.975+0000] {dagbag.py:539} INFO - Filling up the DagBag from /home/airflow/.local/lib/python3.8/site-packages/airflow/example_dags/example_short_circuit_decorator.py
[2023-09-07T16:06:40.984+0000] {processor.py:839} INFO - DAG(s) dict_keys(['example_short_circuit_decorator']) retrieved from /home/airflow/.local/lib/python3.8/site-packages/airflow/example_dags/example_short_circuit_decorator.py
[2023-09-07T16:06:41.014+0000] {logging_mixin.py:151} INFO - [2023-09-07T16:06:41.014+0000] {dag.py:2907} INFO - Sync 1 DAGs
[2023-09-07T16:06:41.033+0000] {logging_mixin.py:151} INFO - [2023-09-07T16:06:41.033+0000] {dag.py:3677} INFO - Setting next_dagrun for example_short_circuit_decorator to 2023-09-06T16:06:41.033312+00:00, run_after=2023-09-07T16:06:41.033312+00:00
[2023-09-07T16:06:41.044+0000] {processor.py:179} INFO - Processing /home/airflow/.local/lib/python3.8/site-packages/airflow/example_dags/example_short_circuit_decorator.py took 0.074 seconds
[2023-09-07T16:07:11.640+0000] {processor.py:157} INFO - Started process (PID=4349) to work on /home/airflow/.local/lib/python3.8/site-packages/airflow/example_dags/example_short_circuit_decorator.py
[2023-09-07T16:07:11.642+0000] {processor.py:829} INFO - Processing file /home/airflow/.local/lib/python3.8/site-packages/airflow/example_dags/example_short_circuit_decorator.py for tasks to queue
[2023-09-07T16:07:11.643+0000] {logging_mixin.py:151} INFO - [2023-09-07T16:07:11.642+0000] {dagbag.py:539} INFO - Filling up the DagBag from /home/airflow/.local/lib/python3.8/site-packages/airflow/example_dags/example_short_circuit_decorator.py
[2023-09-07T16:07:11.651+0000] {processor.py:839} INFO - DAG(s) dict_keys(['example_short_circuit_decorator']) retrieved from /home/airflow/.local/lib/python3.8/site-packages/airflow/example_dags/example_short_circuit_decorator.py
[2023-09-07T16:07:11.672+0000] {logging_mixin.py:151} INFO - [2023-09-07T16:07:11.672+0000] {dag.py:2907} INFO - Sync 1 DAGs
[2023-09-07T16:07:11.688+0000] {logging_mixin.py:151} INFO - [2023-09-07T16:07:11.688+0000] {dag.py:3677} INFO - Setting next_dagrun for example_short_circuit_decorator to 2023-09-06T16:07:11.688643+00:00, run_after=2023-09-07T16:07:11.688643+00:00
[2023-09-07T16:07:11.701+0000] {processor.py:179} INFO - Processing /home/airflow/.local/lib/python3.8/site-packages/airflow/example_dags/example_short_circuit_decorator.py took 0.064 seconds
[2023-09-07T16:07:41.784+0000] {processor.py:157} INFO - Started process (PID=4587) to work on /home/airflow/.local/lib/python3.8/site-packages/airflow/example_dags/example_short_circuit_decorator.py
[2023-09-07T16:07:41.786+0000] {processor.py:829} INFO - Processing file /home/airflow/.local/lib/python3.8/site-packages/airflow/example_dags/example_short_circuit_decorator.py for tasks to queue
[2023-09-07T16:07:41.786+0000] {logging_mixin.py:151} INFO - [2023-09-07T16:07:41.786+0000] {dagbag.py:539} INFO - Filling up the DagBag from /home/airflow/.local/lib/python3.8/site-packages/airflow/example_dags/example_short_circuit_decorator.py
[2023-09-07T16:07:41.795+0000] {processor.py:839} INFO - DAG(s) dict_keys(['example_short_circuit_decorator']) retrieved from /home/airflow/.local/lib/python3.8/site-packages/airflow/example_dags/example_short_circuit_decorator.py
[2023-09-07T16:07:41.827+0000] {logging_mixin.py:151} INFO - [2023-09-07T16:07:41.826+0000] {dag.py:2907} INFO - Sync 1 DAGs
[2023-09-07T16:07:41.842+0000] {logging_mixin.py:151} INFO - [2023-09-07T16:07:41.842+0000] {dag.py:3677} INFO - Setting next_dagrun for example_short_circuit_decorator to 2023-09-06T16:07:41.842081+00:00, run_after=2023-09-07T16:07:41.842081+00:00
[2023-09-07T16:07:41.854+0000] {processor.py:179} INFO - Processing /home/airflow/.local/lib/python3.8/site-packages/airflow/example_dags/example_short_circuit_decorator.py took 0.073 seconds
[2023-09-07T16:08:12.695+0000] {processor.py:157} INFO - Started process (PID=4823) to work on /home/airflow/.local/lib/python3.8/site-packages/airflow/example_dags/example_short_circuit_decorator.py
[2023-09-07T16:08:12.696+0000] {processor.py:829} INFO - Processing file /home/airflow/.local/lib/python3.8/site-packages/airflow/example_dags/example_short_circuit_decorator.py for tasks to queue
[2023-09-07T16:08:12.697+0000] {logging_mixin.py:151} INFO - [2023-09-07T16:08:12.697+0000] {dagbag.py:539} INFO - Filling up the DagBag from /home/airflow/.local/lib/python3.8/site-packages/airflow/example_dags/example_short_circuit_decorator.py
[2023-09-07T16:08:12.706+0000] {processor.py:839} INFO - DAG(s) dict_keys(['example_short_circuit_decorator']) retrieved from /home/airflow/.local/lib/python3.8/site-packages/airflow/example_dags/example_short_circuit_decorator.py
[2023-09-07T16:08:12.733+0000] {logging_mixin.py:151} INFO - [2023-09-07T16:08:12.733+0000] {dag.py:2907} INFO - Sync 1 DAGs
[2023-09-07T16:08:12.750+0000] {logging_mixin.py:151} INFO - [2023-09-07T16:08:12.750+0000] {dag.py:3677} INFO - Setting next_dagrun for example_short_circuit_decorator to 2023-09-06T16:08:12.750502+00:00, run_after=2023-09-07T16:08:12.750502+00:00
[2023-09-07T16:08:12.773+0000] {processor.py:179} INFO - Processing /home/airflow/.local/lib/python3.8/site-packages/airflow/example_dags/example_short_circuit_decorator.py took 0.081 seconds
[2023-09-07T16:08:43.347+0000] {processor.py:157} INFO - Started process (PID=5061) to work on /home/airflow/.local/lib/python3.8/site-packages/airflow/example_dags/example_short_circuit_decorator.py
[2023-09-07T16:08:43.348+0000] {processor.py:829} INFO - Processing file /home/airflow/.local/lib/python3.8/site-packages/airflow/example_dags/example_short_circuit_decorator.py for tasks to queue
[2023-09-07T16:08:43.349+0000] {logging_mixin.py:151} INFO - [2023-09-07T16:08:43.349+0000] {dagbag.py:539} INFO - Filling up the DagBag from /home/airflow/.local/lib/python3.8/site-packages/airflow/example_dags/example_short_circuit_decorator.py
[2023-09-07T16:08:43.358+0000] {processor.py:839} INFO - DAG(s) dict_keys(['example_short_circuit_decorator']) retrieved from /home/airflow/.local/lib/python3.8/site-packages/airflow/example_dags/example_short_circuit_decorator.py
[2023-09-07T16:08:43.377+0000] {logging_mixin.py:151} INFO - [2023-09-07T16:08:43.377+0000] {dag.py:2907} INFO - Sync 1 DAGs
[2023-09-07T16:08:43.391+0000] {logging_mixin.py:151} INFO - [2023-09-07T16:08:43.391+0000] {dag.py:3677} INFO - Setting next_dagrun for example_short_circuit_decorator to 2023-09-06T16:08:43.391601+00:00, run_after=2023-09-07T16:08:43.391601+00:00
[2023-09-07T16:08:43.406+0000] {processor.py:179} INFO - Processing /home/airflow/.local/lib/python3.8/site-packages/airflow/example_dags/example_short_circuit_decorator.py took 0.062 seconds
[2023-09-07T16:09:13.959+0000] {processor.py:157} INFO - Started process (PID=5299) to work on /home/airflow/.local/lib/python3.8/site-packages/airflow/example_dags/example_short_circuit_decorator.py
[2023-09-07T16:09:13.960+0000] {processor.py:829} INFO - Processing file /home/airflow/.local/lib/python3.8/site-packages/airflow/example_dags/example_short_circuit_decorator.py for tasks to queue
[2023-09-07T16:09:13.961+0000] {logging_mixin.py:151} INFO - [2023-09-07T16:09:13.961+0000] {dagbag.py:539} INFO - Filling up the DagBag from /home/airflow/.local/lib/python3.8/site-packages/airflow/example_dags/example_short_circuit_decorator.py
[2023-09-07T16:09:13.968+0000] {processor.py:839} INFO - DAG(s) dict_keys(['example_short_circuit_decorator']) retrieved from /home/airflow/.local/lib/python3.8/site-packages/airflow/example_dags/example_short_circuit_decorator.py
[2023-09-07T16:09:13.987+0000] {logging_mixin.py:151} INFO - [2023-09-07T16:09:13.987+0000] {dag.py:2907} INFO - Sync 1 DAGs
[2023-09-07T16:09:14.000+0000] {logging_mixin.py:151} INFO - [2023-09-07T16:09:13.999+0000] {dag.py:3677} INFO - Setting next_dagrun for example_short_circuit_decorator to 2023-09-06T16:09:13.999713+00:00, run_after=2023-09-07T16:09:13.999713+00:00
[2023-09-07T16:09:14.011+0000] {processor.py:179} INFO - Processing /home/airflow/.local/lib/python3.8/site-packages/airflow/example_dags/example_short_circuit_decorator.py took 0.055 seconds
[2023-09-07T16:09:44.088+0000] {processor.py:157} INFO - Started process (PID=5537) to work on /home/airflow/.local/lib/python3.8/site-packages/airflow/example_dags/example_short_circuit_decorator.py
[2023-09-07T16:09:44.090+0000] {processor.py:829} INFO - Processing file /home/airflow/.local/lib/python3.8/site-packages/airflow/example_dags/example_short_circuit_decorator.py for tasks to queue
[2023-09-07T16:09:44.092+0000] {logging_mixin.py:151} INFO - [2023-09-07T16:09:44.092+0000] {dagbag.py:539} INFO - Filling up the DagBag from /home/airflow/.local/lib/python3.8/site-packages/airflow/example_dags/example_short_circuit_decorator.py
[2023-09-07T16:09:44.101+0000] {processor.py:839} INFO - DAG(s) dict_keys(['example_short_circuit_decorator']) retrieved from /home/airflow/.local/lib/python3.8/site-packages/airflow/example_dags/example_short_circuit_decorator.py
[2023-09-07T16:09:44.126+0000] {logging_mixin.py:151} INFO - [2023-09-07T16:09:44.126+0000] {dag.py:2907} INFO - Sync 1 DAGs
[2023-09-07T16:09:44.142+0000] {logging_mixin.py:151} INFO - [2023-09-07T16:09:44.142+0000] {dag.py:3677} INFO - Setting next_dagrun for example_short_circuit_decorator to 2023-09-06T16:09:44.142034+00:00, run_after=2023-09-07T16:09:44.142034+00:00
[2023-09-07T16:09:44.153+0000] {processor.py:179} INFO - Processing /home/airflow/.local/lib/python3.8/site-packages/airflow/example_dags/example_short_circuit_decorator.py took 0.069 seconds
[2023-09-07T16:10:14.942+0000] {processor.py:157} INFO - Started process (PID=5775) to work on /home/airflow/.local/lib/python3.8/site-packages/airflow/example_dags/example_short_circuit_decorator.py
[2023-09-07T16:10:14.944+0000] {processor.py:829} INFO - Processing file /home/airflow/.local/lib/python3.8/site-packages/airflow/example_dags/example_short_circuit_decorator.py for tasks to queue
[2023-09-07T16:10:14.945+0000] {logging_mixin.py:151} INFO - [2023-09-07T16:10:14.944+0000] {dagbag.py:539} INFO - Filling up the DagBag from /home/airflow/.local/lib/python3.8/site-packages/airflow/example_dags/example_short_circuit_decorator.py
[2023-09-07T16:10:14.952+0000] {processor.py:839} INFO - DAG(s) dict_keys(['example_short_circuit_decorator']) retrieved from /home/airflow/.local/lib/python3.8/site-packages/airflow/example_dags/example_short_circuit_decorator.py
[2023-09-07T16:10:14.971+0000] {logging_mixin.py:151} INFO - [2023-09-07T16:10:14.971+0000] {dag.py:2907} INFO - Sync 1 DAGs
[2023-09-07T16:10:14.986+0000] {logging_mixin.py:151} INFO - [2023-09-07T16:10:14.986+0000] {dag.py:3677} INFO - Setting next_dagrun for example_short_circuit_decorator to 2023-09-06T16:10:14.985794+00:00, run_after=2023-09-07T16:10:14.985794+00:00
[2023-09-07T16:10:15.002+0000] {processor.py:179} INFO - Processing /home/airflow/.local/lib/python3.8/site-packages/airflow/example_dags/example_short_circuit_decorator.py took 0.063 seconds
[2023-09-07T16:10:45.528+0000] {processor.py:157} INFO - Started process (PID=6012) to work on /home/airflow/.local/lib/python3.8/site-packages/airflow/example_dags/example_short_circuit_decorator.py
[2023-09-07T16:10:45.529+0000] {processor.py:829} INFO - Processing file /home/airflow/.local/lib/python3.8/site-packages/airflow/example_dags/example_short_circuit_decorator.py for tasks to queue
[2023-09-07T16:10:45.530+0000] {logging_mixin.py:151} INFO - [2023-09-07T16:10:45.530+0000] {dagbag.py:539} INFO - Filling up the DagBag from /home/airflow/.local/lib/python3.8/site-packages/airflow/example_dags/example_short_circuit_decorator.py
[2023-09-07T16:10:45.538+0000] {processor.py:839} INFO - DAG(s) dict_keys(['example_short_circuit_decorator']) retrieved from /home/airflow/.local/lib/python3.8/site-packages/airflow/example_dags/example_short_circuit_decorator.py
[2023-09-07T16:10:45.559+0000] {logging_mixin.py:151} INFO - [2023-09-07T16:10:45.559+0000] {dag.py:2907} INFO - Sync 1 DAGs
[2023-09-07T16:10:45.584+0000] {logging_mixin.py:151} INFO - [2023-09-07T16:10:45.584+0000] {dag.py:3677} INFO - Setting next_dagrun for example_short_circuit_decorator to 2023-09-06T16:10:45.584088+00:00, run_after=2023-09-07T16:10:45.584088+00:00
[2023-09-07T16:10:45.602+0000] {processor.py:179} INFO - Processing /home/airflow/.local/lib/python3.8/site-packages/airflow/example_dags/example_short_circuit_decorator.py took 0.078 seconds
[2023-09-07T16:11:17.656+0000] {processor.py:157} INFO - Started process (PID=6250) to work on /home/airflow/.local/lib/python3.8/site-packages/airflow/example_dags/example_short_circuit_decorator.py
[2023-09-07T16:11:17.660+0000] {processor.py:829} INFO - Processing file /home/airflow/.local/lib/python3.8/site-packages/airflow/example_dags/example_short_circuit_decorator.py for tasks to queue
[2023-09-07T16:11:17.662+0000] {logging_mixin.py:151} INFO - [2023-09-07T16:11:17.661+0000] {dagbag.py:539} INFO - Filling up the DagBag from /home/airflow/.local/lib/python3.8/site-packages/airflow/example_dags/example_short_circuit_decorator.py
[2023-09-07T16:11:17.692+0000] {processor.py:839} INFO - DAG(s) dict_keys(['example_short_circuit_decorator']) retrieved from /home/airflow/.local/lib/python3.8/site-packages/airflow/example_dags/example_short_circuit_decorator.py
[2023-09-07T16:11:17.720+0000] {logging_mixin.py:151} INFO - [2023-09-07T16:11:17.719+0000] {dag.py:2907} INFO - Sync 1 DAGs
[2023-09-07T16:11:17.737+0000] {logging_mixin.py:151} INFO - [2023-09-07T16:11:17.737+0000] {dag.py:3677} INFO - Setting next_dagrun for example_short_circuit_decorator to 2023-09-06T16:11:17.737109+00:00, run_after=2023-09-07T16:11:17.737109+00:00
[2023-09-07T16:11:17.756+0000] {processor.py:179} INFO - Processing /home/airflow/.local/lib/python3.8/site-packages/airflow/example_dags/example_short_circuit_decorator.py took 0.106 seconds
[2023-09-07T16:11:48.641+0000] {processor.py:157} INFO - Started process (PID=6488) to work on /home/airflow/.local/lib/python3.8/site-packages/airflow/example_dags/example_short_circuit_decorator.py
[2023-09-07T16:11:48.642+0000] {processor.py:829} INFO - Processing file /home/airflow/.local/lib/python3.8/site-packages/airflow/example_dags/example_short_circuit_decorator.py for tasks to queue
[2023-09-07T16:11:48.643+0000] {logging_mixin.py:151} INFO - [2023-09-07T16:11:48.643+0000] {dagbag.py:539} INFO - Filling up the DagBag from /home/airflow/.local/lib/python3.8/site-packages/airflow/example_dags/example_short_circuit_decorator.py
[2023-09-07T16:11:48.657+0000] {processor.py:839} INFO - DAG(s) dict_keys(['example_short_circuit_decorator']) retrieved from /home/airflow/.local/lib/python3.8/site-packages/airflow/example_dags/example_short_circuit_decorator.py
[2023-09-07T16:11:48.677+0000] {logging_mixin.py:151} INFO - [2023-09-07T16:11:48.677+0000] {dag.py:2907} INFO - Sync 1 DAGs
[2023-09-07T16:11:48.690+0000] {logging_mixin.py:151} INFO - [2023-09-07T16:11:48.690+0000] {dag.py:3677} INFO - Setting next_dagrun for example_short_circuit_decorator to 2023-09-06T16:11:48.690109+00:00, run_after=2023-09-07T16:11:48.690109+00:00
[2023-09-07T16:11:48.701+0000] {processor.py:179} INFO - Processing /home/airflow/.local/lib/python3.8/site-packages/airflow/example_dags/example_short_circuit_decorator.py took 0.064 seconds
[2023-09-07T16:12:19.035+0000] {processor.py:157} INFO - Started process (PID=6726) to work on /home/airflow/.local/lib/python3.8/site-packages/airflow/example_dags/example_short_circuit_decorator.py
[2023-09-07T16:12:19.037+0000] {processor.py:829} INFO - Processing file /home/airflow/.local/lib/python3.8/site-packages/airflow/example_dags/example_short_circuit_decorator.py for tasks to queue
[2023-09-07T16:12:19.038+0000] {logging_mixin.py:151} INFO - [2023-09-07T16:12:19.037+0000] {dagbag.py:539} INFO - Filling up the DagBag from /home/airflow/.local/lib/python3.8/site-packages/airflow/example_dags/example_short_circuit_decorator.py
[2023-09-07T16:12:19.046+0000] {processor.py:839} INFO - DAG(s) dict_keys(['example_short_circuit_decorator']) retrieved from /home/airflow/.local/lib/python3.8/site-packages/airflow/example_dags/example_short_circuit_decorator.py
[2023-09-07T16:12:19.067+0000] {logging_mixin.py:151} INFO - [2023-09-07T16:12:19.067+0000] {dag.py:2907} INFO - Sync 1 DAGs
[2023-09-07T16:12:19.118+0000] {logging_mixin.py:151} INFO - [2023-09-07T16:12:19.117+0000] {dag.py:3677} INFO - Setting next_dagrun for example_short_circuit_decorator to 2023-09-06T16:12:19.117213+00:00, run_after=2023-09-07T16:12:19.117213+00:00
[2023-09-07T16:12:19.153+0000] {processor.py:179} INFO - Processing /home/airflow/.local/lib/python3.8/site-packages/airflow/example_dags/example_short_circuit_decorator.py took 0.121 seconds
[2023-09-07T16:12:49.440+0000] {processor.py:157} INFO - Started process (PID=6972) to work on /home/airflow/.local/lib/python3.8/site-packages/airflow/example_dags/example_short_circuit_decorator.py
[2023-09-07T16:12:49.444+0000] {processor.py:829} INFO - Processing file /home/airflow/.local/lib/python3.8/site-packages/airflow/example_dags/example_short_circuit_decorator.py for tasks to queue
[2023-09-07T16:12:49.455+0000] {logging_mixin.py:151} INFO - [2023-09-07T16:12:49.445+0000] {dagbag.py:539} INFO - Filling up the DagBag from /home/airflow/.local/lib/python3.8/site-packages/airflow/example_dags/example_short_circuit_decorator.py
[2023-09-07T16:12:49.500+0000] {processor.py:839} INFO - DAG(s) dict_keys(['example_short_circuit_decorator']) retrieved from /home/airflow/.local/lib/python3.8/site-packages/airflow/example_dags/example_short_circuit_decorator.py
[2023-09-07T16:12:49.552+0000] {logging_mixin.py:151} INFO - [2023-09-07T16:12:49.552+0000] {dag.py:2907} INFO - Sync 1 DAGs
[2023-09-07T16:12:49.574+0000] {logging_mixin.py:151} INFO - [2023-09-07T16:12:49.574+0000] {dag.py:3677} INFO - Setting next_dagrun for example_short_circuit_decorator to 2023-09-06T16:12:49.573860+00:00, run_after=2023-09-07T16:12:49.573860+00:00
[2023-09-07T16:12:49.596+0000] {processor.py:179} INFO - Processing /home/airflow/.local/lib/python3.8/site-packages/airflow/example_dags/example_short_circuit_decorator.py took 0.164 seconds
[2023-09-07T16:13:20.338+0000] {processor.py:157} INFO - Started process (PID=7211) to work on /home/airflow/.local/lib/python3.8/site-packages/airflow/example_dags/example_short_circuit_decorator.py
[2023-09-07T16:13:20.340+0000] {processor.py:829} INFO - Processing file /home/airflow/.local/lib/python3.8/site-packages/airflow/example_dags/example_short_circuit_decorator.py for tasks to queue
[2023-09-07T16:13:20.341+0000] {logging_mixin.py:151} INFO - [2023-09-07T16:13:20.340+0000] {dagbag.py:539} INFO - Filling up the DagBag from /home/airflow/.local/lib/python3.8/site-packages/airflow/example_dags/example_short_circuit_decorator.py
[2023-09-07T16:13:20.351+0000] {processor.py:839} INFO - DAG(s) dict_keys(['example_short_circuit_decorator']) retrieved from /home/airflow/.local/lib/python3.8/site-packages/airflow/example_dags/example_short_circuit_decorator.py
[2023-09-07T16:13:20.374+0000] {logging_mixin.py:151} INFO - [2023-09-07T16:13:20.373+0000] {dag.py:2907} INFO - Sync 1 DAGs
[2023-09-07T16:13:20.389+0000] {logging_mixin.py:151} INFO - [2023-09-07T16:13:20.389+0000] {dag.py:3677} INFO - Setting next_dagrun for example_short_circuit_decorator to 2023-09-06T16:13:20.388960+00:00, run_after=2023-09-07T16:13:20.388960+00:00
[2023-09-07T16:13:20.403+0000] {processor.py:179} INFO - Processing /home/airflow/.local/lib/python3.8/site-packages/airflow/example_dags/example_short_circuit_decorator.py took 0.068 seconds
[2023-09-07T16:13:51.197+0000] {processor.py:157} INFO - Started process (PID=7449) to work on /home/airflow/.local/lib/python3.8/site-packages/airflow/example_dags/example_short_circuit_decorator.py
[2023-09-07T16:13:51.198+0000] {processor.py:829} INFO - Processing file /home/airflow/.local/lib/python3.8/site-packages/airflow/example_dags/example_short_circuit_decorator.py for tasks to queue
[2023-09-07T16:13:51.199+0000] {logging_mixin.py:151} INFO - [2023-09-07T16:13:51.199+0000] {dagbag.py:539} INFO - Filling up the DagBag from /home/airflow/.local/lib/python3.8/site-packages/airflow/example_dags/example_short_circuit_decorator.py
[2023-09-07T16:13:51.207+0000] {processor.py:839} INFO - DAG(s) dict_keys(['example_short_circuit_decorator']) retrieved from /home/airflow/.local/lib/python3.8/site-packages/airflow/example_dags/example_short_circuit_decorator.py
[2023-09-07T16:13:51.225+0000] {logging_mixin.py:151} INFO - [2023-09-07T16:13:51.225+0000] {dag.py:2907} INFO - Sync 1 DAGs
[2023-09-07T16:13:51.239+0000] {logging_mixin.py:151} INFO - [2023-09-07T16:13:51.239+0000] {dag.py:3677} INFO - Setting next_dagrun for example_short_circuit_decorator to 2023-09-06T16:13:51.239461+00:00, run_after=2023-09-07T16:13:51.239461+00:00
[2023-09-07T16:13:51.252+0000] {processor.py:179} INFO - Processing /home/airflow/.local/lib/python3.8/site-packages/airflow/example_dags/example_short_circuit_decorator.py took 0.058 seconds
[2023-09-07T16:14:21.957+0000] {processor.py:157} INFO - Started process (PID=7689) to work on /home/airflow/.local/lib/python3.8/site-packages/airflow/example_dags/example_short_circuit_decorator.py
[2023-09-07T16:14:21.959+0000] {processor.py:829} INFO - Processing file /home/airflow/.local/lib/python3.8/site-packages/airflow/example_dags/example_short_circuit_decorator.py for tasks to queue
[2023-09-07T16:14:21.962+0000] {logging_mixin.py:151} INFO - [2023-09-07T16:14:21.962+0000] {dagbag.py:539} INFO - Filling up the DagBag from /home/airflow/.local/lib/python3.8/site-packages/airflow/example_dags/example_short_circuit_decorator.py
[2023-09-07T16:14:21.972+0000] {processor.py:839} INFO - DAG(s) dict_keys(['example_short_circuit_decorator']) retrieved from /home/airflow/.local/lib/python3.8/site-packages/airflow/example_dags/example_short_circuit_decorator.py
[2023-09-07T16:14:21.992+0000] {logging_mixin.py:151} INFO - [2023-09-07T16:14:21.992+0000] {dag.py:2907} INFO - Sync 1 DAGs
[2023-09-07T16:14:22.005+0000] {logging_mixin.py:151} INFO - [2023-09-07T16:14:22.005+0000] {dag.py:3677} INFO - Setting next_dagrun for example_short_circuit_decorator to 2023-09-06T16:14:22.005376+00:00, run_after=2023-09-07T16:14:22.005376+00:00
[2023-09-07T16:14:22.016+0000] {processor.py:179} INFO - Processing /home/airflow/.local/lib/python3.8/site-packages/airflow/example_dags/example_short_circuit_decorator.py took 0.064 seconds
[2023-09-07T16:14:52.874+0000] {processor.py:157} INFO - Started process (PID=7926) to work on /home/airflow/.local/lib/python3.8/site-packages/airflow/example_dags/example_short_circuit_decorator.py
[2023-09-07T16:14:52.875+0000] {processor.py:829} INFO - Processing file /home/airflow/.local/lib/python3.8/site-packages/airflow/example_dags/example_short_circuit_decorator.py for tasks to queue
[2023-09-07T16:14:52.876+0000] {logging_mixin.py:151} INFO - [2023-09-07T16:14:52.876+0000] {dagbag.py:539} INFO - Filling up the DagBag from /home/airflow/.local/lib/python3.8/site-packages/airflow/example_dags/example_short_circuit_decorator.py
[2023-09-07T16:14:52.884+0000] {processor.py:839} INFO - DAG(s) dict_keys(['example_short_circuit_decorator']) retrieved from /home/airflow/.local/lib/python3.8/site-packages/airflow/example_dags/example_short_circuit_decorator.py
[2023-09-07T16:14:52.902+0000] {logging_mixin.py:151} INFO - [2023-09-07T16:14:52.902+0000] {dag.py:2907} INFO - Sync 1 DAGs
[2023-09-07T16:14:52.919+0000] {logging_mixin.py:151} INFO - [2023-09-07T16:14:52.919+0000] {dag.py:3677} INFO - Setting next_dagrun for example_short_circuit_decorator to 2023-09-06T16:14:52.919572+00:00, run_after=2023-09-07T16:14:52.919572+00:00
[2023-09-07T16:14:52.932+0000] {processor.py:179} INFO - Processing /home/airflow/.local/lib/python3.8/site-packages/airflow/example_dags/example_short_circuit_decorator.py took 0.061 seconds
[2023-09-07T16:15:23.762+0000] {processor.py:157} INFO - Started process (PID=8165) to work on /home/airflow/.local/lib/python3.8/site-packages/airflow/example_dags/example_short_circuit_decorator.py
[2023-09-07T16:15:23.764+0000] {processor.py:829} INFO - Processing file /home/airflow/.local/lib/python3.8/site-packages/airflow/example_dags/example_short_circuit_decorator.py for tasks to queue
[2023-09-07T16:15:23.765+0000] {logging_mixin.py:151} INFO - [2023-09-07T16:15:23.764+0000] {dagbag.py:539} INFO - Filling up the DagBag from /home/airflow/.local/lib/python3.8/site-packages/airflow/example_dags/example_short_circuit_decorator.py
[2023-09-07T16:15:23.773+0000] {processor.py:839} INFO - DAG(s) dict_keys(['example_short_circuit_decorator']) retrieved from /home/airflow/.local/lib/python3.8/site-packages/airflow/example_dags/example_short_circuit_decorator.py
[2023-09-07T16:15:23.792+0000] {logging_mixin.py:151} INFO - [2023-09-07T16:15:23.791+0000] {dag.py:2907} INFO - Sync 1 DAGs
[2023-09-07T16:15:23.804+0000] {logging_mixin.py:151} INFO - [2023-09-07T16:15:23.804+0000] {dag.py:3677} INFO - Setting next_dagrun for example_short_circuit_decorator to 2023-09-06T16:15:23.804589+00:00, run_after=2023-09-07T16:15:23.804589+00:00
[2023-09-07T16:15:23.817+0000] {processor.py:179} INFO - Processing /home/airflow/.local/lib/python3.8/site-packages/airflow/example_dags/example_short_circuit_decorator.py took 0.057 seconds
[2023-09-07T16:15:54.653+0000] {processor.py:157} INFO - Started process (PID=8401) to work on /home/airflow/.local/lib/python3.8/site-packages/airflow/example_dags/example_short_circuit_decorator.py
[2023-09-07T16:15:54.655+0000] {processor.py:829} INFO - Processing file /home/airflow/.local/lib/python3.8/site-packages/airflow/example_dags/example_short_circuit_decorator.py for tasks to queue
[2023-09-07T16:15:54.656+0000] {logging_mixin.py:151} INFO - [2023-09-07T16:15:54.655+0000] {dagbag.py:539} INFO - Filling up the DagBag from /home/airflow/.local/lib/python3.8/site-packages/airflow/example_dags/example_short_circuit_decorator.py
[2023-09-07T16:15:54.663+0000] {processor.py:839} INFO - DAG(s) dict_keys(['example_short_circuit_decorator']) retrieved from /home/airflow/.local/lib/python3.8/site-packages/airflow/example_dags/example_short_circuit_decorator.py
[2023-09-07T16:15:54.682+0000] {logging_mixin.py:151} INFO - [2023-09-07T16:15:54.681+0000] {dag.py:2907} INFO - Sync 1 DAGs
[2023-09-07T16:15:54.696+0000] {logging_mixin.py:151} INFO - [2023-09-07T16:15:54.696+0000] {dag.py:3677} INFO - Setting next_dagrun for example_short_circuit_decorator to 2023-09-06T16:15:54.696277+00:00, run_after=2023-09-07T16:15:54.696277+00:00
[2023-09-07T16:15:54.708+0000] {processor.py:179} INFO - Processing /home/airflow/.local/lib/python3.8/site-packages/airflow/example_dags/example_short_circuit_decorator.py took 0.059 seconds
[2023-09-07T16:16:25.361+0000] {processor.py:157} INFO - Started process (PID=8639) to work on /home/airflow/.local/lib/python3.8/site-packages/airflow/example_dags/example_short_circuit_decorator.py
[2023-09-07T16:16:25.362+0000] {processor.py:829} INFO - Processing file /home/airflow/.local/lib/python3.8/site-packages/airflow/example_dags/example_short_circuit_decorator.py for tasks to queue
[2023-09-07T16:16:25.363+0000] {logging_mixin.py:151} INFO - [2023-09-07T16:16:25.363+0000] {dagbag.py:539} INFO - Filling up the DagBag from /home/airflow/.local/lib/python3.8/site-packages/airflow/example_dags/example_short_circuit_decorator.py
[2023-09-07T16:16:25.375+0000] {processor.py:839} INFO - DAG(s) dict_keys(['example_short_circuit_decorator']) retrieved from /home/airflow/.local/lib/python3.8/site-packages/airflow/example_dags/example_short_circuit_decorator.py
[2023-09-07T16:16:25.399+0000] {logging_mixin.py:151} INFO - [2023-09-07T16:16:25.399+0000] {dag.py:2907} INFO - Sync 1 DAGs
[2023-09-07T16:16:25.415+0000] {logging_mixin.py:151} INFO - [2023-09-07T16:16:25.415+0000] {dag.py:3677} INFO - Setting next_dagrun for example_short_circuit_decorator to 2023-09-06T16:16:25.415413+00:00, run_after=2023-09-07T16:16:25.415413+00:00
[2023-09-07T16:16:25.430+0000] {processor.py:179} INFO - Processing /home/airflow/.local/lib/python3.8/site-packages/airflow/example_dags/example_short_circuit_decorator.py took 0.072 seconds
[2023-09-07T16:16:55.784+0000] {processor.py:157} INFO - Started process (PID=8879) to work on /home/airflow/.local/lib/python3.8/site-packages/airflow/example_dags/example_short_circuit_decorator.py
[2023-09-07T16:16:55.786+0000] {processor.py:829} INFO - Processing file /home/airflow/.local/lib/python3.8/site-packages/airflow/example_dags/example_short_circuit_decorator.py for tasks to queue
[2023-09-07T16:16:55.790+0000] {logging_mixin.py:151} INFO - [2023-09-07T16:16:55.790+0000] {dagbag.py:539} INFO - Filling up the DagBag from /home/airflow/.local/lib/python3.8/site-packages/airflow/example_dags/example_short_circuit_decorator.py
[2023-09-07T16:16:55.802+0000] {processor.py:839} INFO - DAG(s) dict_keys(['example_short_circuit_decorator']) retrieved from /home/airflow/.local/lib/python3.8/site-packages/airflow/example_dags/example_short_circuit_decorator.py
[2023-09-07T16:16:55.832+0000] {logging_mixin.py:151} INFO - [2023-09-07T16:16:55.831+0000] {dag.py:2907} INFO - Sync 1 DAGs
[2023-09-07T16:16:55.847+0000] {logging_mixin.py:151} INFO - [2023-09-07T16:16:55.847+0000] {dag.py:3677} INFO - Setting next_dagrun for example_short_circuit_decorator to 2023-09-06T16:16:55.847509+00:00, run_after=2023-09-07T16:16:55.847509+00:00
[2023-09-07T16:16:55.859+0000] {processor.py:179} INFO - Processing /home/airflow/.local/lib/python3.8/site-packages/airflow/example_dags/example_short_circuit_decorator.py took 0.079 seconds
[2023-09-07T16:17:26.051+0000] {processor.py:157} INFO - Started process (PID=9115) to work on /home/airflow/.local/lib/python3.8/site-packages/airflow/example_dags/example_short_circuit_decorator.py
[2023-09-07T16:17:26.052+0000] {processor.py:829} INFO - Processing file /home/airflow/.local/lib/python3.8/site-packages/airflow/example_dags/example_short_circuit_decorator.py for tasks to queue
[2023-09-07T16:17:26.053+0000] {logging_mixin.py:151} INFO - [2023-09-07T16:17:26.053+0000] {dagbag.py:539} INFO - Filling up the DagBag from /home/airflow/.local/lib/python3.8/site-packages/airflow/example_dags/example_short_circuit_decorator.py
[2023-09-07T16:17:26.062+0000] {processor.py:839} INFO - DAG(s) dict_keys(['example_short_circuit_decorator']) retrieved from /home/airflow/.local/lib/python3.8/site-packages/airflow/example_dags/example_short_circuit_decorator.py
[2023-09-07T16:17:26.092+0000] {logging_mixin.py:151} INFO - [2023-09-07T16:17:26.091+0000] {dag.py:2907} INFO - Sync 1 DAGs
[2023-09-07T16:17:26.112+0000] {logging_mixin.py:151} INFO - [2023-09-07T16:17:26.112+0000] {dag.py:3677} INFO - Setting next_dagrun for example_short_circuit_decorator to 2023-09-06T16:17:26.111718+00:00, run_after=2023-09-07T16:17:26.111718+00:00
[2023-09-07T16:17:26.126+0000] {processor.py:179} INFO - Processing /home/airflow/.local/lib/python3.8/site-packages/airflow/example_dags/example_short_circuit_decorator.py took 0.079 seconds
[2023-09-07T16:17:57.837+0000] {processor.py:157} INFO - Started process (PID=9355) to work on /home/airflow/.local/lib/python3.8/site-packages/airflow/example_dags/example_short_circuit_decorator.py
[2023-09-07T16:17:57.838+0000] {processor.py:829} INFO - Processing file /home/airflow/.local/lib/python3.8/site-packages/airflow/example_dags/example_short_circuit_decorator.py for tasks to queue
[2023-09-07T16:17:57.839+0000] {logging_mixin.py:151} INFO - [2023-09-07T16:17:57.839+0000] {dagbag.py:539} INFO - Filling up the DagBag from /home/airflow/.local/lib/python3.8/site-packages/airflow/example_dags/example_short_circuit_decorator.py
[2023-09-07T16:17:57.847+0000] {processor.py:839} INFO - DAG(s) dict_keys(['example_short_circuit_decorator']) retrieved from /home/airflow/.local/lib/python3.8/site-packages/airflow/example_dags/example_short_circuit_decorator.py
[2023-09-07T16:17:57.868+0000] {logging_mixin.py:151} INFO - [2023-09-07T16:17:57.868+0000] {dag.py:2907} INFO - Sync 1 DAGs
[2023-09-07T16:17:57.891+0000] {logging_mixin.py:151} INFO - [2023-09-07T16:17:57.891+0000] {dag.py:3677} INFO - Setting next_dagrun for example_short_circuit_decorator to 2023-09-06T16:17:57.890803+00:00, run_after=2023-09-07T16:17:57.890803+00:00
[2023-09-07T16:17:57.908+0000] {processor.py:179} INFO - Processing /home/airflow/.local/lib/python3.8/site-packages/airflow/example_dags/example_short_circuit_decorator.py took 0.074 seconds
[2023-09-07T16:18:28.353+0000] {processor.py:157} INFO - Started process (PID=9592) to work on /home/airflow/.local/lib/python3.8/site-packages/airflow/example_dags/example_short_circuit_decorator.py
[2023-09-07T16:18:28.354+0000] {processor.py:829} INFO - Processing file /home/airflow/.local/lib/python3.8/site-packages/airflow/example_dags/example_short_circuit_decorator.py for tasks to queue
[2023-09-07T16:18:28.355+0000] {logging_mixin.py:151} INFO - [2023-09-07T16:18:28.355+0000] {dagbag.py:539} INFO - Filling up the DagBag from /home/airflow/.local/lib/python3.8/site-packages/airflow/example_dags/example_short_circuit_decorator.py
[2023-09-07T16:18:28.364+0000] {processor.py:839} INFO - DAG(s) dict_keys(['example_short_circuit_decorator']) retrieved from /home/airflow/.local/lib/python3.8/site-packages/airflow/example_dags/example_short_circuit_decorator.py
[2023-09-07T16:18:28.382+0000] {logging_mixin.py:151} INFO - [2023-09-07T16:18:28.381+0000] {dag.py:2907} INFO - Sync 1 DAGs
[2023-09-07T16:18:28.398+0000] {logging_mixin.py:151} INFO - [2023-09-07T16:18:28.398+0000] {dag.py:3677} INFO - Setting next_dagrun for example_short_circuit_decorator to 2023-09-06T16:18:28.397812+00:00, run_after=2023-09-07T16:18:28.397812+00:00
[2023-09-07T16:18:28.414+0000] {processor.py:179} INFO - Processing /home/airflow/.local/lib/python3.8/site-packages/airflow/example_dags/example_short_circuit_decorator.py took 0.064 seconds
[2023-09-07T16:18:58.742+0000] {processor.py:157} INFO - Started process (PID=9832) to work on /home/airflow/.local/lib/python3.8/site-packages/airflow/example_dags/example_short_circuit_decorator.py
[2023-09-07T16:18:58.745+0000] {processor.py:829} INFO - Processing file /home/airflow/.local/lib/python3.8/site-packages/airflow/example_dags/example_short_circuit_decorator.py for tasks to queue
[2023-09-07T16:18:58.746+0000] {logging_mixin.py:151} INFO - [2023-09-07T16:18:58.746+0000] {dagbag.py:539} INFO - Filling up the DagBag from /home/airflow/.local/lib/python3.8/site-packages/airflow/example_dags/example_short_circuit_decorator.py
[2023-09-07T16:18:58.755+0000] {processor.py:839} INFO - DAG(s) dict_keys(['example_short_circuit_decorator']) retrieved from /home/airflow/.local/lib/python3.8/site-packages/airflow/example_dags/example_short_circuit_decorator.py
[2023-09-07T16:18:58.774+0000] {logging_mixin.py:151} INFO - [2023-09-07T16:18:58.774+0000] {dag.py:2907} INFO - Sync 1 DAGs
[2023-09-07T16:18:58.787+0000] {logging_mixin.py:151} INFO - [2023-09-07T16:18:58.787+0000] {dag.py:3677} INFO - Setting next_dagrun for example_short_circuit_decorator to 2023-09-06T16:18:58.787205+00:00, run_after=2023-09-07T16:18:58.787205+00:00
[2023-09-07T16:18:58.798+0000] {processor.py:179} INFO - Processing /home/airflow/.local/lib/python3.8/site-packages/airflow/example_dags/example_short_circuit_decorator.py took 0.058 seconds
[2023-09-07T16:19:29.043+0000] {processor.py:157} INFO - Started process (PID=10068) to work on /home/airflow/.local/lib/python3.8/site-packages/airflow/example_dags/example_short_circuit_decorator.py
[2023-09-07T16:19:29.044+0000] {processor.py:829} INFO - Processing file /home/airflow/.local/lib/python3.8/site-packages/airflow/example_dags/example_short_circuit_decorator.py for tasks to queue
[2023-09-07T16:19:29.045+0000] {logging_mixin.py:151} INFO - [2023-09-07T16:19:29.045+0000] {dagbag.py:539} INFO - Filling up the DagBag from /home/airflow/.local/lib/python3.8/site-packages/airflow/example_dags/example_short_circuit_decorator.py
[2023-09-07T16:19:29.053+0000] {processor.py:839} INFO - DAG(s) dict_keys(['example_short_circuit_decorator']) retrieved from /home/airflow/.local/lib/python3.8/site-packages/airflow/example_dags/example_short_circuit_decorator.py
[2023-09-07T16:19:29.071+0000] {logging_mixin.py:151} INFO - [2023-09-07T16:19:29.071+0000] {dag.py:2907} INFO - Sync 1 DAGs
[2023-09-07T16:19:29.085+0000] {logging_mixin.py:151} INFO - [2023-09-07T16:19:29.085+0000] {dag.py:3677} INFO - Setting next_dagrun for example_short_circuit_decorator to 2023-09-06T16:19:29.085478+00:00, run_after=2023-09-07T16:19:29.085478+00:00
[2023-09-07T16:19:29.098+0000] {processor.py:179} INFO - Processing /home/airflow/.local/lib/python3.8/site-packages/airflow/example_dags/example_short_circuit_decorator.py took 0.057 seconds
[2023-09-07T16:19:59.595+0000] {processor.py:157} INFO - Started process (PID=10306) to work on /home/airflow/.local/lib/python3.8/site-packages/airflow/example_dags/example_short_circuit_decorator.py
[2023-09-07T16:19:59.597+0000] {processor.py:829} INFO - Processing file /home/airflow/.local/lib/python3.8/site-packages/airflow/example_dags/example_short_circuit_decorator.py for tasks to queue
[2023-09-07T16:19:59.599+0000] {logging_mixin.py:151} INFO - [2023-09-07T16:19:59.598+0000] {dagbag.py:539} INFO - Filling up the DagBag from /home/airflow/.local/lib/python3.8/site-packages/airflow/example_dags/example_short_circuit_decorator.py
[2023-09-07T16:19:59.609+0000] {processor.py:839} INFO - DAG(s) dict_keys(['example_short_circuit_decorator']) retrieved from /home/airflow/.local/lib/python3.8/site-packages/airflow/example_dags/example_short_circuit_decorator.py
[2023-09-07T16:19:59.629+0000] {logging_mixin.py:151} INFO - [2023-09-07T16:19:59.629+0000] {dag.py:2907} INFO - Sync 1 DAGs
[2023-09-07T16:19:59.648+0000] {logging_mixin.py:151} INFO - [2023-09-07T16:19:59.647+0000] {dag.py:3677} INFO - Setting next_dagrun for example_short_circuit_decorator to 2023-09-06T16:19:59.647129+00:00, run_after=2023-09-07T16:19:59.647129+00:00
[2023-09-07T16:19:59.679+0000] {processor.py:179} INFO - Processing /home/airflow/.local/lib/python3.8/site-packages/airflow/example_dags/example_short_circuit_decorator.py took 0.089 seconds
[2023-09-07T16:20:29.989+0000] {processor.py:157} INFO - Started process (PID=10544) to work on /home/airflow/.local/lib/python3.8/site-packages/airflow/example_dags/example_short_circuit_decorator.py
[2023-09-07T16:20:29.991+0000] {processor.py:829} INFO - Processing file /home/airflow/.local/lib/python3.8/site-packages/airflow/example_dags/example_short_circuit_decorator.py for tasks to queue
[2023-09-07T16:20:29.992+0000] {logging_mixin.py:151} INFO - [2023-09-07T16:20:29.991+0000] {dagbag.py:539} INFO - Filling up the DagBag from /home/airflow/.local/lib/python3.8/site-packages/airflow/example_dags/example_short_circuit_decorator.py
[2023-09-07T16:20:30.000+0000] {processor.py:839} INFO - DAG(s) dict_keys(['example_short_circuit_decorator']) retrieved from /home/airflow/.local/lib/python3.8/site-packages/airflow/example_dags/example_short_circuit_decorator.py
[2023-09-07T16:20:30.019+0000] {logging_mixin.py:151} INFO - [2023-09-07T16:20:30.019+0000] {dag.py:2907} INFO - Sync 1 DAGs
[2023-09-07T16:20:30.035+0000] {logging_mixin.py:151} INFO - [2023-09-07T16:20:30.035+0000] {dag.py:3677} INFO - Setting next_dagrun for example_short_circuit_decorator to 2023-09-06T16:20:30.034778+00:00, run_after=2023-09-07T16:20:30.034778+00:00
[2023-09-07T16:20:30.053+0000] {processor.py:179} INFO - Processing /home/airflow/.local/lib/python3.8/site-packages/airflow/example_dags/example_short_circuit_decorator.py took 0.068 seconds
[2023-09-07T16:21:00.478+0000] {processor.py:157} INFO - Started process (PID=10781) to work on /home/airflow/.local/lib/python3.8/site-packages/airflow/example_dags/example_short_circuit_decorator.py
[2023-09-07T16:21:00.479+0000] {processor.py:829} INFO - Processing file /home/airflow/.local/lib/python3.8/site-packages/airflow/example_dags/example_short_circuit_decorator.py for tasks to queue
[2023-09-07T16:21:00.480+0000] {logging_mixin.py:151} INFO - [2023-09-07T16:21:00.480+0000] {dagbag.py:539} INFO - Filling up the DagBag from /home/airflow/.local/lib/python3.8/site-packages/airflow/example_dags/example_short_circuit_decorator.py
[2023-09-07T16:21:00.487+0000] {processor.py:839} INFO - DAG(s) dict_keys(['example_short_circuit_decorator']) retrieved from /home/airflow/.local/lib/python3.8/site-packages/airflow/example_dags/example_short_circuit_decorator.py
[2023-09-07T16:21:00.505+0000] {logging_mixin.py:151} INFO - [2023-09-07T16:21:00.505+0000] {dag.py:2907} INFO - Sync 1 DAGs
[2023-09-07T16:21:00.520+0000] {logging_mixin.py:151} INFO - [2023-09-07T16:21:00.520+0000] {dag.py:3677} INFO - Setting next_dagrun for example_short_circuit_decorator to 2023-09-06T16:21:00.520048+00:00, run_after=2023-09-07T16:21:00.520048+00:00
[2023-09-07T16:21:00.530+0000] {processor.py:179} INFO - Processing /home/airflow/.local/lib/python3.8/site-packages/airflow/example_dags/example_short_circuit_decorator.py took 0.056 seconds
[2023-09-07T16:21:30.819+0000] {processor.py:157} INFO - Started process (PID=11019) to work on /home/airflow/.local/lib/python3.8/site-packages/airflow/example_dags/example_short_circuit_decorator.py
[2023-09-07T16:21:30.821+0000] {processor.py:829} INFO - Processing file /home/airflow/.local/lib/python3.8/site-packages/airflow/example_dags/example_short_circuit_decorator.py for tasks to queue
[2023-09-07T16:21:30.822+0000] {logging_mixin.py:151} INFO - [2023-09-07T16:21:30.821+0000] {dagbag.py:539} INFO - Filling up the DagBag from /home/airflow/.local/lib/python3.8/site-packages/airflow/example_dags/example_short_circuit_decorator.py
[2023-09-07T16:21:30.829+0000] {processor.py:839} INFO - DAG(s) dict_keys(['example_short_circuit_decorator']) retrieved from /home/airflow/.local/lib/python3.8/site-packages/airflow/example_dags/example_short_circuit_decorator.py
[2023-09-07T16:21:30.848+0000] {logging_mixin.py:151} INFO - [2023-09-07T16:21:30.848+0000] {dag.py:2907} INFO - Sync 1 DAGs
[2023-09-07T16:21:30.863+0000] {logging_mixin.py:151} INFO - [2023-09-07T16:21:30.863+0000] {dag.py:3677} INFO - Setting next_dagrun for example_short_circuit_decorator to 2023-09-06T16:21:30.863139+00:00, run_after=2023-09-07T16:21:30.863139+00:00
[2023-09-07T16:21:30.876+0000] {processor.py:179} INFO - Processing /home/airflow/.local/lib/python3.8/site-packages/airflow/example_dags/example_short_circuit_decorator.py took 0.060 seconds
[2023-09-07T16:22:01.452+0000] {processor.py:157} INFO - Started process (PID=11257) to work on /home/airflow/.local/lib/python3.8/site-packages/airflow/example_dags/example_short_circuit_decorator.py
[2023-09-07T16:22:01.453+0000] {processor.py:829} INFO - Processing file /home/airflow/.local/lib/python3.8/site-packages/airflow/example_dags/example_short_circuit_decorator.py for tasks to queue
[2023-09-07T16:22:01.454+0000] {logging_mixin.py:151} INFO - [2023-09-07T16:22:01.454+0000] {dagbag.py:539} INFO - Filling up the DagBag from /home/airflow/.local/lib/python3.8/site-packages/airflow/example_dags/example_short_circuit_decorator.py
[2023-09-07T16:22:01.461+0000] {processor.py:839} INFO - DAG(s) dict_keys(['example_short_circuit_decorator']) retrieved from /home/airflow/.local/lib/python3.8/site-packages/airflow/example_dags/example_short_circuit_decorator.py
[2023-09-07T16:22:01.479+0000] {logging_mixin.py:151} INFO - [2023-09-07T16:22:01.479+0000] {dag.py:2907} INFO - Sync 1 DAGs
[2023-09-07T16:22:01.494+0000] {logging_mixin.py:151} INFO - [2023-09-07T16:22:01.494+0000] {dag.py:3677} INFO - Setting next_dagrun for example_short_circuit_decorator to 2023-09-06T16:22:01.494094+00:00, run_after=2023-09-07T16:22:01.494094+00:00
[2023-09-07T16:22:01.509+0000] {processor.py:179} INFO - Processing /home/airflow/.local/lib/python3.8/site-packages/airflow/example_dags/example_short_circuit_decorator.py took 0.060 seconds
[2023-09-07T16:22:32.022+0000] {processor.py:157} INFO - Started process (PID=11494) to work on /home/airflow/.local/lib/python3.8/site-packages/airflow/example_dags/example_short_circuit_decorator.py
[2023-09-07T16:22:32.023+0000] {processor.py:829} INFO - Processing file /home/airflow/.local/lib/python3.8/site-packages/airflow/example_dags/example_short_circuit_decorator.py for tasks to queue
[2023-09-07T16:22:32.024+0000] {logging_mixin.py:151} INFO - [2023-09-07T16:22:32.024+0000] {dagbag.py:539} INFO - Filling up the DagBag from /home/airflow/.local/lib/python3.8/site-packages/airflow/example_dags/example_short_circuit_decorator.py
[2023-09-07T16:22:32.033+0000] {processor.py:839} INFO - DAG(s) dict_keys(['example_short_circuit_decorator']) retrieved from /home/airflow/.local/lib/python3.8/site-packages/airflow/example_dags/example_short_circuit_decorator.py
[2023-09-07T16:22:32.051+0000] {logging_mixin.py:151} INFO - [2023-09-07T16:22:32.051+0000] {dag.py:2907} INFO - Sync 1 DAGs
[2023-09-07T16:22:32.066+0000] {logging_mixin.py:151} INFO - [2023-09-07T16:22:32.065+0000] {dag.py:3677} INFO - Setting next_dagrun for example_short_circuit_decorator to 2023-09-06T16:22:32.065684+00:00, run_after=2023-09-07T16:22:32.065684+00:00
[2023-09-07T16:22:32.076+0000] {processor.py:179} INFO - Processing /home/airflow/.local/lib/python3.8/site-packages/airflow/example_dags/example_short_circuit_decorator.py took 0.058 seconds
[2023-09-07T16:23:02.557+0000] {processor.py:157} INFO - Started process (PID=11734) to work on /home/airflow/.local/lib/python3.8/site-packages/airflow/example_dags/example_short_circuit_decorator.py
[2023-09-07T16:23:02.559+0000] {processor.py:829} INFO - Processing file /home/airflow/.local/lib/python3.8/site-packages/airflow/example_dags/example_short_circuit_decorator.py for tasks to queue
[2023-09-07T16:23:02.568+0000] {logging_mixin.py:151} INFO - [2023-09-07T16:23:02.567+0000] {dagbag.py:539} INFO - Filling up the DagBag from /home/airflow/.local/lib/python3.8/site-packages/airflow/example_dags/example_short_circuit_decorator.py
[2023-09-07T16:23:02.577+0000] {processor.py:839} INFO - DAG(s) dict_keys(['example_short_circuit_decorator']) retrieved from /home/airflow/.local/lib/python3.8/site-packages/airflow/example_dags/example_short_circuit_decorator.py
[2023-09-07T16:23:02.596+0000] {logging_mixin.py:151} INFO - [2023-09-07T16:23:02.596+0000] {dag.py:2907} INFO - Sync 1 DAGs
[2023-09-07T16:23:02.609+0000] {logging_mixin.py:151} INFO - [2023-09-07T16:23:02.609+0000] {dag.py:3677} INFO - Setting next_dagrun for example_short_circuit_decorator to 2023-09-06T16:23:02.608985+00:00, run_after=2023-09-07T16:23:02.608985+00:00
[2023-09-07T16:23:02.619+0000] {processor.py:179} INFO - Processing /home/airflow/.local/lib/python3.8/site-packages/airflow/example_dags/example_short_circuit_decorator.py took 0.065 seconds
[2023-09-07T16:23:33.088+0000] {processor.py:157} INFO - Started process (PID=11970) to work on /home/airflow/.local/lib/python3.8/site-packages/airflow/example_dags/example_short_circuit_decorator.py
[2023-09-07T16:23:33.090+0000] {processor.py:829} INFO - Processing file /home/airflow/.local/lib/python3.8/site-packages/airflow/example_dags/example_short_circuit_decorator.py for tasks to queue
[2023-09-07T16:23:33.091+0000] {logging_mixin.py:151} INFO - [2023-09-07T16:23:33.090+0000] {dagbag.py:539} INFO - Filling up the DagBag from /home/airflow/.local/lib/python3.8/site-packages/airflow/example_dags/example_short_circuit_decorator.py
[2023-09-07T16:23:33.098+0000] {processor.py:839} INFO - DAG(s) dict_keys(['example_short_circuit_decorator']) retrieved from /home/airflow/.local/lib/python3.8/site-packages/airflow/example_dags/example_short_circuit_decorator.py
[2023-09-07T16:23:33.123+0000] {logging_mixin.py:151} INFO - [2023-09-07T16:23:33.123+0000] {dag.py:2907} INFO - Sync 1 DAGs
[2023-09-07T16:23:33.141+0000] {logging_mixin.py:151} INFO - [2023-09-07T16:23:33.141+0000] {dag.py:3677} INFO - Setting next_dagrun for example_short_circuit_decorator to 2023-09-06T16:23:33.141418+00:00, run_after=2023-09-07T16:23:33.141418+00:00
[2023-09-07T16:23:33.152+0000] {processor.py:179} INFO - Processing /home/airflow/.local/lib/python3.8/site-packages/airflow/example_dags/example_short_circuit_decorator.py took 0.067 seconds
[2023-09-07T16:24:03.675+0000] {processor.py:157} INFO - Started process (PID=12208) to work on /home/airflow/.local/lib/python3.8/site-packages/airflow/example_dags/example_short_circuit_decorator.py
[2023-09-07T16:24:03.677+0000] {processor.py:829} INFO - Processing file /home/airflow/.local/lib/python3.8/site-packages/airflow/example_dags/example_short_circuit_decorator.py for tasks to queue
[2023-09-07T16:24:03.678+0000] {logging_mixin.py:151} INFO - [2023-09-07T16:24:03.677+0000] {dagbag.py:539} INFO - Filling up the DagBag from /home/airflow/.local/lib/python3.8/site-packages/airflow/example_dags/example_short_circuit_decorator.py
[2023-09-07T16:24:03.685+0000] {processor.py:839} INFO - DAG(s) dict_keys(['example_short_circuit_decorator']) retrieved from /home/airflow/.local/lib/python3.8/site-packages/airflow/example_dags/example_short_circuit_decorator.py
[2023-09-07T16:24:03.703+0000] {logging_mixin.py:151} INFO - [2023-09-07T16:24:03.703+0000] {dag.py:2907} INFO - Sync 1 DAGs
[2023-09-07T16:24:03.715+0000] {logging_mixin.py:151} INFO - [2023-09-07T16:24:03.715+0000] {dag.py:3677} INFO - Setting next_dagrun for example_short_circuit_decorator to 2023-09-06T16:24:03.715652+00:00, run_after=2023-09-07T16:24:03.715652+00:00
[2023-09-07T16:24:03.727+0000] {processor.py:179} INFO - Processing /home/airflow/.local/lib/python3.8/site-packages/airflow/example_dags/example_short_circuit_decorator.py took 0.055 seconds
[2023-09-07T16:24:34.112+0000] {processor.py:157} INFO - Started process (PID=12446) to work on /home/airflow/.local/lib/python3.8/site-packages/airflow/example_dags/example_short_circuit_decorator.py
[2023-09-07T16:24:34.113+0000] {processor.py:829} INFO - Processing file /home/airflow/.local/lib/python3.8/site-packages/airflow/example_dags/example_short_circuit_decorator.py for tasks to queue
[2023-09-07T16:24:34.114+0000] {logging_mixin.py:151} INFO - [2023-09-07T16:24:34.114+0000] {dagbag.py:539} INFO - Filling up the DagBag from /home/airflow/.local/lib/python3.8/site-packages/airflow/example_dags/example_short_circuit_decorator.py
[2023-09-07T16:24:34.121+0000] {processor.py:839} INFO - DAG(s) dict_keys(['example_short_circuit_decorator']) retrieved from /home/airflow/.local/lib/python3.8/site-packages/airflow/example_dags/example_short_circuit_decorator.py
[2023-09-07T16:24:34.140+0000] {logging_mixin.py:151} INFO - [2023-09-07T16:24:34.140+0000] {dag.py:2907} INFO - Sync 1 DAGs
[2023-09-07T16:24:34.154+0000] {logging_mixin.py:151} INFO - [2023-09-07T16:24:34.153+0000] {dag.py:3677} INFO - Setting next_dagrun for example_short_circuit_decorator to 2023-09-06T16:24:34.153664+00:00, run_after=2023-09-07T16:24:34.153664+00:00
[2023-09-07T16:24:34.164+0000] {processor.py:179} INFO - Processing /home/airflow/.local/lib/python3.8/site-packages/airflow/example_dags/example_short_circuit_decorator.py took 0.056 seconds
[2023-09-07T16:25:04.466+0000] {processor.py:157} INFO - Started process (PID=12685) to work on /home/airflow/.local/lib/python3.8/site-packages/airflow/example_dags/example_short_circuit_decorator.py
[2023-09-07T16:25:04.468+0000] {processor.py:829} INFO - Processing file /home/airflow/.local/lib/python3.8/site-packages/airflow/example_dags/example_short_circuit_decorator.py for tasks to queue
[2023-09-07T16:25:04.469+0000] {logging_mixin.py:151} INFO - [2023-09-07T16:25:04.468+0000] {dagbag.py:539} INFO - Filling up the DagBag from /home/airflow/.local/lib/python3.8/site-packages/airflow/example_dags/example_short_circuit_decorator.py
[2023-09-07T16:25:04.476+0000] {processor.py:839} INFO - DAG(s) dict_keys(['example_short_circuit_decorator']) retrieved from /home/airflow/.local/lib/python3.8/site-packages/airflow/example_dags/example_short_circuit_decorator.py
[2023-09-07T16:25:04.495+0000] {logging_mixin.py:151} INFO - [2023-09-07T16:25:04.495+0000] {dag.py:2907} INFO - Sync 1 DAGs
[2023-09-07T16:25:04.511+0000] {logging_mixin.py:151} INFO - [2023-09-07T16:25:04.511+0000] {dag.py:3677} INFO - Setting next_dagrun for example_short_circuit_decorator to 2023-09-06T16:25:04.511006+00:00, run_after=2023-09-07T16:25:04.511006+00:00
[2023-09-07T16:25:04.522+0000] {processor.py:179} INFO - Processing /home/airflow/.local/lib/python3.8/site-packages/airflow/example_dags/example_short_circuit_decorator.py took 0.059 seconds
[2023-09-07T16:25:35.031+0000] {processor.py:157} INFO - Started process (PID=12922) to work on /home/airflow/.local/lib/python3.8/site-packages/airflow/example_dags/example_short_circuit_decorator.py
[2023-09-07T16:25:35.033+0000] {processor.py:829} INFO - Processing file /home/airflow/.local/lib/python3.8/site-packages/airflow/example_dags/example_short_circuit_decorator.py for tasks to queue
[2023-09-07T16:25:35.035+0000] {logging_mixin.py:151} INFO - [2023-09-07T16:25:35.035+0000] {dagbag.py:539} INFO - Filling up the DagBag from /home/airflow/.local/lib/python3.8/site-packages/airflow/example_dags/example_short_circuit_decorator.py
[2023-09-07T16:25:35.045+0000] {processor.py:839} INFO - DAG(s) dict_keys(['example_short_circuit_decorator']) retrieved from /home/airflow/.local/lib/python3.8/site-packages/airflow/example_dags/example_short_circuit_decorator.py
[2023-09-07T16:25:35.064+0000] {logging_mixin.py:151} INFO - [2023-09-07T16:25:35.064+0000] {dag.py:2907} INFO - Sync 1 DAGs
[2023-09-07T16:25:35.081+0000] {logging_mixin.py:151} INFO - [2023-09-07T16:25:35.081+0000] {dag.py:3677} INFO - Setting next_dagrun for example_short_circuit_decorator to 2023-09-06T16:25:35.081008+00:00, run_after=2023-09-07T16:25:35.081008+00:00
[2023-09-07T16:25:35.092+0000] {processor.py:179} INFO - Processing /home/airflow/.local/lib/python3.8/site-packages/airflow/example_dags/example_short_circuit_decorator.py took 0.065 seconds
[2023-09-07T16:26:05.607+0000] {processor.py:157} INFO - Started process (PID=13160) to work on /home/airflow/.local/lib/python3.8/site-packages/airflow/example_dags/example_short_circuit_decorator.py
[2023-09-07T16:26:05.609+0000] {processor.py:829} INFO - Processing file /home/airflow/.local/lib/python3.8/site-packages/airflow/example_dags/example_short_circuit_decorator.py for tasks to queue
[2023-09-07T16:26:05.610+0000] {logging_mixin.py:151} INFO - [2023-09-07T16:26:05.610+0000] {dagbag.py:539} INFO - Filling up the DagBag from /home/airflow/.local/lib/python3.8/site-packages/airflow/example_dags/example_short_circuit_decorator.py
[2023-09-07T16:26:05.619+0000] {processor.py:839} INFO - DAG(s) dict_keys(['example_short_circuit_decorator']) retrieved from /home/airflow/.local/lib/python3.8/site-packages/airflow/example_dags/example_short_circuit_decorator.py
[2023-09-07T16:26:05.639+0000] {logging_mixin.py:151} INFO - [2023-09-07T16:26:05.639+0000] {dag.py:2907} INFO - Sync 1 DAGs
[2023-09-07T16:26:05.653+0000] {logging_mixin.py:151} INFO - [2023-09-07T16:26:05.653+0000] {dag.py:3677} INFO - Setting next_dagrun for example_short_circuit_decorator to 2023-09-06T16:26:05.653271+00:00, run_after=2023-09-07T16:26:05.653271+00:00
[2023-09-07T16:26:05.665+0000] {processor.py:179} INFO - Processing /home/airflow/.local/lib/python3.8/site-packages/airflow/example_dags/example_short_circuit_decorator.py took 0.064 seconds
[2023-09-07T16:26:36.341+0000] {processor.py:157} INFO - Started process (PID=13399) to work on /home/airflow/.local/lib/python3.8/site-packages/airflow/example_dags/example_short_circuit_decorator.py
[2023-09-07T16:26:36.342+0000] {processor.py:829} INFO - Processing file /home/airflow/.local/lib/python3.8/site-packages/airflow/example_dags/example_short_circuit_decorator.py for tasks to queue
[2023-09-07T16:26:36.343+0000] {logging_mixin.py:151} INFO - [2023-09-07T16:26:36.342+0000] {dagbag.py:539} INFO - Filling up the DagBag from /home/airflow/.local/lib/python3.8/site-packages/airflow/example_dags/example_short_circuit_decorator.py
[2023-09-07T16:26:36.350+0000] {processor.py:839} INFO - DAG(s) dict_keys(['example_short_circuit_decorator']) retrieved from /home/airflow/.local/lib/python3.8/site-packages/airflow/example_dags/example_short_circuit_decorator.py
[2023-09-07T16:26:36.368+0000] {logging_mixin.py:151} INFO - [2023-09-07T16:26:36.368+0000] {dag.py:2907} INFO - Sync 1 DAGs
[2023-09-07T16:26:36.381+0000] {logging_mixin.py:151} INFO - [2023-09-07T16:26:36.381+0000] {dag.py:3677} INFO - Setting next_dagrun for example_short_circuit_decorator to 2023-09-06T16:26:36.381334+00:00, run_after=2023-09-07T16:26:36.381334+00:00
[2023-09-07T16:26:36.396+0000] {processor.py:179} INFO - Processing /home/airflow/.local/lib/python3.8/site-packages/airflow/example_dags/example_short_circuit_decorator.py took 0.059 seconds
[2023-09-07T16:27:06.658+0000] {processor.py:157} INFO - Started process (PID=13637) to work on /home/airflow/.local/lib/python3.8/site-packages/airflow/example_dags/example_short_circuit_decorator.py
[2023-09-07T16:27:06.659+0000] {processor.py:829} INFO - Processing file /home/airflow/.local/lib/python3.8/site-packages/airflow/example_dags/example_short_circuit_decorator.py for tasks to queue
[2023-09-07T16:27:06.660+0000] {logging_mixin.py:151} INFO - [2023-09-07T16:27:06.660+0000] {dagbag.py:539} INFO - Filling up the DagBag from /home/airflow/.local/lib/python3.8/site-packages/airflow/example_dags/example_short_circuit_decorator.py
[2023-09-07T16:27:06.669+0000] {processor.py:839} INFO - DAG(s) dict_keys(['example_short_circuit_decorator']) retrieved from /home/airflow/.local/lib/python3.8/site-packages/airflow/example_dags/example_short_circuit_decorator.py
[2023-09-07T16:27:06.691+0000] {logging_mixin.py:151} INFO - [2023-09-07T16:27:06.691+0000] {dag.py:2907} INFO - Sync 1 DAGs
[2023-09-07T16:27:06.704+0000] {logging_mixin.py:151} INFO - [2023-09-07T16:27:06.704+0000] {dag.py:3677} INFO - Setting next_dagrun for example_short_circuit_decorator to 2023-09-06T16:27:06.704348+00:00, run_after=2023-09-07T16:27:06.704348+00:00
[2023-09-07T16:27:06.715+0000] {processor.py:179} INFO - Processing /home/airflow/.local/lib/python3.8/site-packages/airflow/example_dags/example_short_circuit_decorator.py took 0.061 seconds
[2023-09-07T16:27:37.075+0000] {processor.py:157} INFO - Started process (PID=13876) to work on /home/airflow/.local/lib/python3.8/site-packages/airflow/example_dags/example_short_circuit_decorator.py
[2023-09-07T16:27:37.077+0000] {processor.py:829} INFO - Processing file /home/airflow/.local/lib/python3.8/site-packages/airflow/example_dags/example_short_circuit_decorator.py for tasks to queue
[2023-09-07T16:27:37.078+0000] {logging_mixin.py:151} INFO - [2023-09-07T16:27:37.078+0000] {dagbag.py:539} INFO - Filling up the DagBag from /home/airflow/.local/lib/python3.8/site-packages/airflow/example_dags/example_short_circuit_decorator.py
[2023-09-07T16:27:37.085+0000] {processor.py:839} INFO - DAG(s) dict_keys(['example_short_circuit_decorator']) retrieved from /home/airflow/.local/lib/python3.8/site-packages/airflow/example_dags/example_short_circuit_decorator.py
[2023-09-07T16:27:37.103+0000] {logging_mixin.py:151} INFO - [2023-09-07T16:27:37.103+0000] {dag.py:2907} INFO - Sync 1 DAGs
[2023-09-07T16:27:37.116+0000] {logging_mixin.py:151} INFO - [2023-09-07T16:27:37.116+0000] {dag.py:3677} INFO - Setting next_dagrun for example_short_circuit_decorator to 2023-09-06T16:27:37.116497+00:00, run_after=2023-09-07T16:27:37.116497+00:00
[2023-09-07T16:27:37.128+0000] {processor.py:179} INFO - Processing /home/airflow/.local/lib/python3.8/site-packages/airflow/example_dags/example_short_circuit_decorator.py took 0.056 seconds
[2023-09-07T16:28:07.492+0000] {processor.py:157} INFO - Started process (PID=14114) to work on /home/airflow/.local/lib/python3.8/site-packages/airflow/example_dags/example_short_circuit_decorator.py
[2023-09-07T16:28:07.493+0000] {processor.py:829} INFO - Processing file /home/airflow/.local/lib/python3.8/site-packages/airflow/example_dags/example_short_circuit_decorator.py for tasks to queue
[2023-09-07T16:28:07.494+0000] {logging_mixin.py:151} INFO - [2023-09-07T16:28:07.494+0000] {dagbag.py:539} INFO - Filling up the DagBag from /home/airflow/.local/lib/python3.8/site-packages/airflow/example_dags/example_short_circuit_decorator.py
[2023-09-07T16:28:07.502+0000] {processor.py:839} INFO - DAG(s) dict_keys(['example_short_circuit_decorator']) retrieved from /home/airflow/.local/lib/python3.8/site-packages/airflow/example_dags/example_short_circuit_decorator.py
[2023-09-07T16:28:07.519+0000] {logging_mixin.py:151} INFO - [2023-09-07T16:28:07.519+0000] {dag.py:2907} INFO - Sync 1 DAGs
[2023-09-07T16:28:07.532+0000] {logging_mixin.py:151} INFO - [2023-09-07T16:28:07.532+0000] {dag.py:3677} INFO - Setting next_dagrun for example_short_circuit_decorator to 2023-09-06T16:28:07.532636+00:00, run_after=2023-09-07T16:28:07.532636+00:00
[2023-09-07T16:28:07.543+0000] {processor.py:179} INFO - Processing /home/airflow/.local/lib/python3.8/site-packages/airflow/example_dags/example_short_circuit_decorator.py took 0.054 seconds
[2023-09-07T16:28:38.303+0000] {processor.py:157} INFO - Started process (PID=14352) to work on /home/airflow/.local/lib/python3.8/site-packages/airflow/example_dags/example_short_circuit_decorator.py
[2023-09-07T16:28:38.305+0000] {processor.py:829} INFO - Processing file /home/airflow/.local/lib/python3.8/site-packages/airflow/example_dags/example_short_circuit_decorator.py for tasks to queue
[2023-09-07T16:28:38.306+0000] {logging_mixin.py:151} INFO - [2023-09-07T16:28:38.305+0000] {dagbag.py:539} INFO - Filling up the DagBag from /home/airflow/.local/lib/python3.8/site-packages/airflow/example_dags/example_short_circuit_decorator.py
[2023-09-07T16:28:38.313+0000] {processor.py:839} INFO - DAG(s) dict_keys(['example_short_circuit_decorator']) retrieved from /home/airflow/.local/lib/python3.8/site-packages/airflow/example_dags/example_short_circuit_decorator.py
[2023-09-07T16:28:38.335+0000] {logging_mixin.py:151} INFO - [2023-09-07T16:28:38.335+0000] {dag.py:2907} INFO - Sync 1 DAGs
[2023-09-07T16:28:38.349+0000] {logging_mixin.py:151} INFO - [2023-09-07T16:28:38.349+0000] {dag.py:3677} INFO - Setting next_dagrun for example_short_circuit_decorator to 2023-09-06T16:28:38.349392+00:00, run_after=2023-09-07T16:28:38.349392+00:00
[2023-09-07T16:28:38.360+0000] {processor.py:179} INFO - Processing /home/airflow/.local/lib/python3.8/site-packages/airflow/example_dags/example_short_circuit_decorator.py took 0.060 seconds
[2023-09-07T16:29:08.999+0000] {processor.py:157} INFO - Started process (PID=14589) to work on /home/airflow/.local/lib/python3.8/site-packages/airflow/example_dags/example_short_circuit_decorator.py
[2023-09-07T16:29:09.001+0000] {processor.py:829} INFO - Processing file /home/airflow/.local/lib/python3.8/site-packages/airflow/example_dags/example_short_circuit_decorator.py for tasks to queue
[2023-09-07T16:29:09.003+0000] {logging_mixin.py:151} INFO - [2023-09-07T16:29:09.003+0000] {dagbag.py:539} INFO - Filling up the DagBag from /home/airflow/.local/lib/python3.8/site-packages/airflow/example_dags/example_short_circuit_decorator.py
[2023-09-07T16:29:09.012+0000] {processor.py:839} INFO - DAG(s) dict_keys(['example_short_circuit_decorator']) retrieved from /home/airflow/.local/lib/python3.8/site-packages/airflow/example_dags/example_short_circuit_decorator.py
[2023-09-07T16:29:09.036+0000] {logging_mixin.py:151} INFO - [2023-09-07T16:29:09.036+0000] {dag.py:2907} INFO - Sync 1 DAGs
[2023-09-07T16:29:09.051+0000] {logging_mixin.py:151} INFO - [2023-09-07T16:29:09.051+0000] {dag.py:3677} INFO - Setting next_dagrun for example_short_circuit_decorator to 2023-09-06T16:29:09.050993+00:00, run_after=2023-09-07T16:29:09.050993+00:00
[2023-09-07T16:29:09.061+0000] {processor.py:179} INFO - Processing /home/airflow/.local/lib/python3.8/site-packages/airflow/example_dags/example_short_circuit_decorator.py took 0.065 seconds
[2023-09-07T16:30:59.261+0000] {processor.py:157} INFO - Started process (PID=14825) to work on /home/airflow/.local/lib/python3.8/site-packages/airflow/example_dags/example_short_circuit_decorator.py
[2023-09-07T16:30:59.263+0000] {processor.py:829} INFO - Processing file /home/airflow/.local/lib/python3.8/site-packages/airflow/example_dags/example_short_circuit_decorator.py for tasks to queue
[2023-09-07T16:30:59.264+0000] {logging_mixin.py:151} INFO - [2023-09-07T16:30:59.263+0000] {dagbag.py:539} INFO - Filling up the DagBag from /home/airflow/.local/lib/python3.8/site-packages/airflow/example_dags/example_short_circuit_decorator.py
[2023-09-07T16:30:59.273+0000] {processor.py:839} INFO - DAG(s) dict_keys(['example_short_circuit_decorator']) retrieved from /home/airflow/.local/lib/python3.8/site-packages/airflow/example_dags/example_short_circuit_decorator.py
[2023-09-07T16:30:59.301+0000] {logging_mixin.py:151} INFO - [2023-09-07T16:30:59.301+0000] {dag.py:2907} INFO - Sync 1 DAGs
[2023-09-07T16:30:59.317+0000] {logging_mixin.py:151} INFO - [2023-09-07T16:30:59.317+0000] {dag.py:3677} INFO - Setting next_dagrun for example_short_circuit_decorator to 2023-09-06T16:30:59.316838+00:00, run_after=2023-09-07T16:30:59.316838+00:00
[2023-09-07T16:30:59.329+0000] {processor.py:179} INFO - Processing /home/airflow/.local/lib/python3.8/site-packages/airflow/example_dags/example_short_circuit_decorator.py took 0.072 seconds
[2023-09-07T16:31:29.894+0000] {processor.py:157} INFO - Started process (PID=15063) to work on /home/airflow/.local/lib/python3.8/site-packages/airflow/example_dags/example_short_circuit_decorator.py
[2023-09-07T16:31:29.895+0000] {processor.py:829} INFO - Processing file /home/airflow/.local/lib/python3.8/site-packages/airflow/example_dags/example_short_circuit_decorator.py for tasks to queue
[2023-09-07T16:31:29.896+0000] {logging_mixin.py:151} INFO - [2023-09-07T16:31:29.896+0000] {dagbag.py:539} INFO - Filling up the DagBag from /home/airflow/.local/lib/python3.8/site-packages/airflow/example_dags/example_short_circuit_decorator.py
[2023-09-07T16:31:29.904+0000] {processor.py:839} INFO - DAG(s) dict_keys(['example_short_circuit_decorator']) retrieved from /home/airflow/.local/lib/python3.8/site-packages/airflow/example_dags/example_short_circuit_decorator.py
[2023-09-07T16:31:29.925+0000] {logging_mixin.py:151} INFO - [2023-09-07T16:31:29.925+0000] {dag.py:2907} INFO - Sync 1 DAGs
[2023-09-07T16:31:29.945+0000] {logging_mixin.py:151} INFO - [2023-09-07T16:31:29.945+0000] {dag.py:3677} INFO - Setting next_dagrun for example_short_circuit_decorator to 2023-09-06T16:31:29.945398+00:00, run_after=2023-09-07T16:31:29.945398+00:00
[2023-09-07T16:31:29.965+0000] {processor.py:179} INFO - Processing /home/airflow/.local/lib/python3.8/site-packages/airflow/example_dags/example_short_circuit_decorator.py took 0.075 seconds
[2023-09-07T16:32:00.747+0000] {processor.py:157} INFO - Started process (PID=15301) to work on /home/airflow/.local/lib/python3.8/site-packages/airflow/example_dags/example_short_circuit_decorator.py
[2023-09-07T16:32:00.749+0000] {processor.py:829} INFO - Processing file /home/airflow/.local/lib/python3.8/site-packages/airflow/example_dags/example_short_circuit_decorator.py for tasks to queue
[2023-09-07T16:32:00.750+0000] {logging_mixin.py:151} INFO - [2023-09-07T16:32:00.750+0000] {dagbag.py:539} INFO - Filling up the DagBag from /home/airflow/.local/lib/python3.8/site-packages/airflow/example_dags/example_short_circuit_decorator.py
[2023-09-07T16:32:00.762+0000] {processor.py:839} INFO - DAG(s) dict_keys(['example_short_circuit_decorator']) retrieved from /home/airflow/.local/lib/python3.8/site-packages/airflow/example_dags/example_short_circuit_decorator.py
[2023-09-07T16:32:00.784+0000] {logging_mixin.py:151} INFO - [2023-09-07T16:32:00.784+0000] {dag.py:2907} INFO - Sync 1 DAGs
[2023-09-07T16:32:00.798+0000] {logging_mixin.py:151} INFO - [2023-09-07T16:32:00.798+0000] {dag.py:3677} INFO - Setting next_dagrun for example_short_circuit_decorator to 2023-09-06T16:32:00.798606+00:00, run_after=2023-09-07T16:32:00.798606+00:00
[2023-09-07T16:32:00.812+0000] {processor.py:179} INFO - Processing /home/airflow/.local/lib/python3.8/site-packages/airflow/example_dags/example_short_circuit_decorator.py took 0.068 seconds
[2023-09-07T16:32:33.805+0000] {processor.py:157} INFO - Started process (PID=15539) to work on /home/airflow/.local/lib/python3.8/site-packages/airflow/example_dags/example_short_circuit_decorator.py
[2023-09-07T16:32:33.807+0000] {processor.py:829} INFO - Processing file /home/airflow/.local/lib/python3.8/site-packages/airflow/example_dags/example_short_circuit_decorator.py for tasks to queue
[2023-09-07T16:32:33.808+0000] {logging_mixin.py:151} INFO - [2023-09-07T16:32:33.808+0000] {dagbag.py:539} INFO - Filling up the DagBag from /home/airflow/.local/lib/python3.8/site-packages/airflow/example_dags/example_short_circuit_decorator.py
[2023-09-07T16:32:33.818+0000] {processor.py:839} INFO - DAG(s) dict_keys(['example_short_circuit_decorator']) retrieved from /home/airflow/.local/lib/python3.8/site-packages/airflow/example_dags/example_short_circuit_decorator.py
[2023-09-07T16:32:33.844+0000] {logging_mixin.py:151} INFO - [2023-09-07T16:32:33.844+0000] {dag.py:2907} INFO - Sync 1 DAGs
[2023-09-07T16:32:33.862+0000] {logging_mixin.py:151} INFO - [2023-09-07T16:32:33.862+0000] {dag.py:3677} INFO - Setting next_dagrun for example_short_circuit_decorator to 2023-09-06T16:32:33.862297+00:00, run_after=2023-09-07T16:32:33.862297+00:00
[2023-09-07T16:32:33.873+0000] {processor.py:179} INFO - Processing /home/airflow/.local/lib/python3.8/site-packages/airflow/example_dags/example_short_circuit_decorator.py took 0.070 seconds
[2023-09-07T16:33:07.700+0000] {processor.py:157} INFO - Started process (PID=15779) to work on /home/airflow/.local/lib/python3.8/site-packages/airflow/example_dags/example_short_circuit_decorator.py
[2023-09-07T16:33:07.703+0000] {processor.py:829} INFO - Processing file /home/airflow/.local/lib/python3.8/site-packages/airflow/example_dags/example_short_circuit_decorator.py for tasks to queue
[2023-09-07T16:33:07.705+0000] {logging_mixin.py:151} INFO - [2023-09-07T16:33:07.705+0000] {dagbag.py:539} INFO - Filling up the DagBag from /home/airflow/.local/lib/python3.8/site-packages/airflow/example_dags/example_short_circuit_decorator.py
[2023-09-07T16:33:07.719+0000] {processor.py:839} INFO - DAG(s) dict_keys(['example_short_circuit_decorator']) retrieved from /home/airflow/.local/lib/python3.8/site-packages/airflow/example_dags/example_short_circuit_decorator.py
[2023-09-07T16:33:07.743+0000] {logging_mixin.py:151} INFO - [2023-09-07T16:33:07.743+0000] {dag.py:2907} INFO - Sync 1 DAGs
[2023-09-07T16:33:07.763+0000] {logging_mixin.py:151} INFO - [2023-09-07T16:33:07.763+0000] {dag.py:3677} INFO - Setting next_dagrun for example_short_circuit_decorator to 2023-09-06T16:33:07.762446+00:00, run_after=2023-09-07T16:33:07.762446+00:00
[2023-09-07T16:33:07.792+0000] {processor.py:179} INFO - Processing /home/airflow/.local/lib/python3.8/site-packages/airflow/example_dags/example_short_circuit_decorator.py took 0.099 seconds
[2023-09-07T16:33:38.788+0000] {processor.py:157} INFO - Started process (PID=16015) to work on /home/airflow/.local/lib/python3.8/site-packages/airflow/example_dags/example_short_circuit_decorator.py
[2023-09-07T16:33:38.789+0000] {processor.py:829} INFO - Processing file /home/airflow/.local/lib/python3.8/site-packages/airflow/example_dags/example_short_circuit_decorator.py for tasks to queue
[2023-09-07T16:33:38.791+0000] {logging_mixin.py:151} INFO - [2023-09-07T16:33:38.790+0000] {dagbag.py:539} INFO - Filling up the DagBag from /home/airflow/.local/lib/python3.8/site-packages/airflow/example_dags/example_short_circuit_decorator.py
[2023-09-07T16:33:38.801+0000] {processor.py:839} INFO - DAG(s) dict_keys(['example_short_circuit_decorator']) retrieved from /home/airflow/.local/lib/python3.8/site-packages/airflow/example_dags/example_short_circuit_decorator.py
[2023-09-07T16:33:38.828+0000] {logging_mixin.py:151} INFO - [2023-09-07T16:33:38.828+0000] {dag.py:2907} INFO - Sync 1 DAGs
[2023-09-07T16:33:38.843+0000] {logging_mixin.py:151} INFO - [2023-09-07T16:33:38.843+0000] {dag.py:3677} INFO - Setting next_dagrun for example_short_circuit_decorator to 2023-09-06T16:33:38.842917+00:00, run_after=2023-09-07T16:33:38.842917+00:00
[2023-09-07T16:33:38.856+0000] {processor.py:179} INFO - Processing /home/airflow/.local/lib/python3.8/site-packages/airflow/example_dags/example_short_circuit_decorator.py took 0.073 seconds
[2023-09-07T16:34:09.511+0000] {processor.py:157} INFO - Started process (PID=16255) to work on /home/airflow/.local/lib/python3.8/site-packages/airflow/example_dags/example_short_circuit_decorator.py
[2023-09-07T16:34:09.512+0000] {processor.py:829} INFO - Processing file /home/airflow/.local/lib/python3.8/site-packages/airflow/example_dags/example_short_circuit_decorator.py for tasks to queue
[2023-09-07T16:34:09.513+0000] {logging_mixin.py:151} INFO - [2023-09-07T16:34:09.513+0000] {dagbag.py:539} INFO - Filling up the DagBag from /home/airflow/.local/lib/python3.8/site-packages/airflow/example_dags/example_short_circuit_decorator.py
[2023-09-07T16:34:09.523+0000] {processor.py:839} INFO - DAG(s) dict_keys(['example_short_circuit_decorator']) retrieved from /home/airflow/.local/lib/python3.8/site-packages/airflow/example_dags/example_short_circuit_decorator.py
[2023-09-07T16:34:09.545+0000] {logging_mixin.py:151} INFO - [2023-09-07T16:34:09.544+0000] {dag.py:2907} INFO - Sync 1 DAGs
[2023-09-07T16:34:09.560+0000] {logging_mixin.py:151} INFO - [2023-09-07T16:34:09.560+0000] {dag.py:3677} INFO - Setting next_dagrun for example_short_circuit_decorator to 2023-09-06T16:34:09.560007+00:00, run_after=2023-09-07T16:34:09.560007+00:00
[2023-09-07T16:34:09.576+0000] {processor.py:179} INFO - Processing /home/airflow/.local/lib/python3.8/site-packages/airflow/example_dags/example_short_circuit_decorator.py took 0.068 seconds
