[2023-09-07T15:58:25.683+0000] {processor.py:157} INFO - Started process (PID=287) to work on /home/airflow/.local/lib/python3.8/site-packages/airflow/example_dags/example_xcom.py
[2023-09-07T15:58:25.686+0000] {processor.py:829} INFO - Processing file /home/airflow/.local/lib/python3.8/site-packages/airflow/example_dags/example_xcom.py for tasks to queue
[2023-09-07T15:58:25.688+0000] {logging_mixin.py:151} INFO - [2023-09-07T15:58:25.687+0000] {dagbag.py:539} INFO - Filling up the DagBag from /home/airflow/.local/lib/python3.8/site-packages/airflow/example_dags/example_xcom.py
[2023-09-07T15:58:25.703+0000] {processor.py:839} INFO - DAG(s) dict_keys(['example_xcom']) retrieved from /home/airflow/.local/lib/python3.8/site-packages/airflow/example_dags/example_xcom.py
[2023-09-07T15:58:25.747+0000] {logging_mixin.py:151} INFO - [2023-09-07T15:58:25.746+0000] {dag.py:2907} INFO - Sync 1 DAGs
[2023-09-07T15:58:25.787+0000] {logging_mixin.py:151} INFO - [2023-09-07T15:58:25.787+0000] {dag.py:3677} INFO - Setting next_dagrun for example_xcom to 2021-01-01T00:00:00+00:00, run_after=2021-01-01T00:00:00+00:00
[2023-09-07T15:58:25.817+0000] {processor.py:179} INFO - Processing /home/airflow/.local/lib/python3.8/site-packages/airflow/example_dags/example_xcom.py took 0.143 seconds
[2023-09-07T15:58:56.879+0000] {processor.py:157} INFO - Started process (PID=525) to work on /home/airflow/.local/lib/python3.8/site-packages/airflow/example_dags/example_xcom.py
[2023-09-07T15:58:56.881+0000] {processor.py:829} INFO - Processing file /home/airflow/.local/lib/python3.8/site-packages/airflow/example_dags/example_xcom.py for tasks to queue
[2023-09-07T15:58:56.883+0000] {logging_mixin.py:151} INFO - [2023-09-07T15:58:56.882+0000] {dagbag.py:539} INFO - Filling up the DagBag from /home/airflow/.local/lib/python3.8/site-packages/airflow/example_dags/example_xcom.py
[2023-09-07T15:58:56.894+0000] {processor.py:839} INFO - DAG(s) dict_keys(['example_xcom']) retrieved from /home/airflow/.local/lib/python3.8/site-packages/airflow/example_dags/example_xcom.py
[2023-09-07T15:58:56.922+0000] {logging_mixin.py:151} INFO - [2023-09-07T15:58:56.922+0000] {dag.py:2907} INFO - Sync 1 DAGs
[2023-09-07T15:58:56.938+0000] {logging_mixin.py:151} INFO - [2023-09-07T15:58:56.938+0000] {dag.py:3677} INFO - Setting next_dagrun for example_xcom to 2021-01-01T00:00:00+00:00, run_after=2021-01-01T00:00:00+00:00
[2023-09-07T15:58:57.045+0000] {processor.py:179} INFO - Processing /home/airflow/.local/lib/python3.8/site-packages/airflow/example_dags/example_xcom.py took 0.170 seconds
[2023-09-07T15:59:29.300+0000] {processor.py:157} INFO - Started process (PID=763) to work on /home/airflow/.local/lib/python3.8/site-packages/airflow/example_dags/example_xcom.py
[2023-09-07T15:59:29.303+0000] {processor.py:829} INFO - Processing file /home/airflow/.local/lib/python3.8/site-packages/airflow/example_dags/example_xcom.py for tasks to queue
[2023-09-07T15:59:29.305+0000] {logging_mixin.py:151} INFO - [2023-09-07T15:59:29.304+0000] {dagbag.py:539} INFO - Filling up the DagBag from /home/airflow/.local/lib/python3.8/site-packages/airflow/example_dags/example_xcom.py
[2023-09-07T15:59:29.320+0000] {processor.py:839} INFO - DAG(s) dict_keys(['example_xcom']) retrieved from /home/airflow/.local/lib/python3.8/site-packages/airflow/example_dags/example_xcom.py
[2023-09-07T15:59:29.345+0000] {logging_mixin.py:151} INFO - [2023-09-07T15:59:29.345+0000] {dag.py:2907} INFO - Sync 1 DAGs
[2023-09-07T15:59:29.360+0000] {logging_mixin.py:151} INFO - [2023-09-07T15:59:29.360+0000] {dag.py:3677} INFO - Setting next_dagrun for example_xcom to 2021-01-01T00:00:00+00:00, run_after=2021-01-01T00:00:00+00:00
[2023-09-07T15:59:29.374+0000] {processor.py:179} INFO - Processing /home/airflow/.local/lib/python3.8/site-packages/airflow/example_dags/example_xcom.py took 0.077 seconds
[2023-09-07T15:59:59.942+0000] {processor.py:157} INFO - Started process (PID=1001) to work on /home/airflow/.local/lib/python3.8/site-packages/airflow/example_dags/example_xcom.py
[2023-09-07T15:59:59.944+0000] {processor.py:829} INFO - Processing file /home/airflow/.local/lib/python3.8/site-packages/airflow/example_dags/example_xcom.py for tasks to queue
[2023-09-07T15:59:59.946+0000] {logging_mixin.py:151} INFO - [2023-09-07T15:59:59.945+0000] {dagbag.py:539} INFO - Filling up the DagBag from /home/airflow/.local/lib/python3.8/site-packages/airflow/example_dags/example_xcom.py
[2023-09-07T15:59:59.952+0000] {processor.py:839} INFO - DAG(s) dict_keys(['example_xcom']) retrieved from /home/airflow/.local/lib/python3.8/site-packages/airflow/example_dags/example_xcom.py
[2023-09-07T15:59:59.972+0000] {logging_mixin.py:151} INFO - [2023-09-07T15:59:59.972+0000] {dag.py:2907} INFO - Sync 1 DAGs
[2023-09-07T15:59:59.987+0000] {logging_mixin.py:151} INFO - [2023-09-07T15:59:59.987+0000] {dag.py:3677} INFO - Setting next_dagrun for example_xcom to 2021-01-01T00:00:00+00:00, run_after=2021-01-01T00:00:00+00:00
[2023-09-07T15:59:59.999+0000] {processor.py:179} INFO - Processing /home/airflow/.local/lib/python3.8/site-packages/airflow/example_dags/example_xcom.py took 0.061 seconds
[2023-09-07T16:00:30.075+0000] {processor.py:157} INFO - Started process (PID=1238) to work on /home/airflow/.local/lib/python3.8/site-packages/airflow/example_dags/example_xcom.py
[2023-09-07T16:00:30.076+0000] {processor.py:829} INFO - Processing file /home/airflow/.local/lib/python3.8/site-packages/airflow/example_dags/example_xcom.py for tasks to queue
[2023-09-07T16:00:30.077+0000] {logging_mixin.py:151} INFO - [2023-09-07T16:00:30.077+0000] {dagbag.py:539} INFO - Filling up the DagBag from /home/airflow/.local/lib/python3.8/site-packages/airflow/example_dags/example_xcom.py
[2023-09-07T16:00:30.083+0000] {processor.py:839} INFO - DAG(s) dict_keys(['example_xcom']) retrieved from /home/airflow/.local/lib/python3.8/site-packages/airflow/example_dags/example_xcom.py
[2023-09-07T16:00:30.099+0000] {logging_mixin.py:151} INFO - [2023-09-07T16:00:30.099+0000] {dag.py:2907} INFO - Sync 1 DAGs
[2023-09-07T16:00:30.114+0000] {logging_mixin.py:151} INFO - [2023-09-07T16:00:30.114+0000] {dag.py:3677} INFO - Setting next_dagrun for example_xcom to 2021-01-01T00:00:00+00:00, run_after=2021-01-01T00:00:00+00:00
[2023-09-07T16:00:30.140+0000] {processor.py:179} INFO - Processing /home/airflow/.local/lib/python3.8/site-packages/airflow/example_dags/example_xcom.py took 0.069 seconds
[2023-09-07T16:01:01.029+0000] {processor.py:157} INFO - Started process (PID=1500) to work on /home/airflow/.local/lib/python3.8/site-packages/airflow/example_dags/example_xcom.py
[2023-09-07T16:01:01.032+0000] {processor.py:829} INFO - Processing file /home/airflow/.local/lib/python3.8/site-packages/airflow/example_dags/example_xcom.py for tasks to queue
[2023-09-07T16:01:01.034+0000] {logging_mixin.py:151} INFO - [2023-09-07T16:01:01.033+0000] {dagbag.py:539} INFO - Filling up the DagBag from /home/airflow/.local/lib/python3.8/site-packages/airflow/example_dags/example_xcom.py
[2023-09-07T16:01:01.045+0000] {processor.py:839} INFO - DAG(s) dict_keys(['example_xcom']) retrieved from /home/airflow/.local/lib/python3.8/site-packages/airflow/example_dags/example_xcom.py
[2023-09-07T16:01:01.071+0000] {logging_mixin.py:151} INFO - [2023-09-07T16:01:01.071+0000] {dag.py:2907} INFO - Sync 1 DAGs
[2023-09-07T16:01:01.084+0000] {logging_mixin.py:151} INFO - [2023-09-07T16:01:01.083+0000] {dag.py:3677} INFO - Setting next_dagrun for example_xcom to 2021-01-01T00:00:00+00:00, run_after=2021-01-01T00:00:00+00:00
[2023-09-07T16:01:01.093+0000] {processor.py:179} INFO - Processing /home/airflow/.local/lib/python3.8/site-packages/airflow/example_dags/example_xcom.py took 0.070 seconds
[2023-09-07T16:01:31.605+0000] {processor.py:157} INFO - Started process (PID=1738) to work on /home/airflow/.local/lib/python3.8/site-packages/airflow/example_dags/example_xcom.py
[2023-09-07T16:01:31.608+0000] {processor.py:829} INFO - Processing file /home/airflow/.local/lib/python3.8/site-packages/airflow/example_dags/example_xcom.py for tasks to queue
[2023-09-07T16:01:31.609+0000] {logging_mixin.py:151} INFO - [2023-09-07T16:01:31.609+0000] {dagbag.py:539} INFO - Filling up the DagBag from /home/airflow/.local/lib/python3.8/site-packages/airflow/example_dags/example_xcom.py
[2023-09-07T16:01:31.616+0000] {processor.py:839} INFO - DAG(s) dict_keys(['example_xcom']) retrieved from /home/airflow/.local/lib/python3.8/site-packages/airflow/example_dags/example_xcom.py
[2023-09-07T16:01:31.637+0000] {logging_mixin.py:151} INFO - [2023-09-07T16:01:31.637+0000] {dag.py:2907} INFO - Sync 1 DAGs
[2023-09-07T16:01:31.651+0000] {logging_mixin.py:151} INFO - [2023-09-07T16:01:31.651+0000] {dag.py:3677} INFO - Setting next_dagrun for example_xcom to 2021-01-01T00:00:00+00:00, run_after=2021-01-01T00:00:00+00:00
[2023-09-07T16:01:31.675+0000] {processor.py:179} INFO - Processing /home/airflow/.local/lib/python3.8/site-packages/airflow/example_dags/example_xcom.py took 0.075 seconds
[2023-09-07T16:02:03.459+0000] {processor.py:157} INFO - Started process (PID=1976) to work on /home/airflow/.local/lib/python3.8/site-packages/airflow/example_dags/example_xcom.py
[2023-09-07T16:02:03.460+0000] {processor.py:829} INFO - Processing file /home/airflow/.local/lib/python3.8/site-packages/airflow/example_dags/example_xcom.py for tasks to queue
[2023-09-07T16:02:03.462+0000] {logging_mixin.py:151} INFO - [2023-09-07T16:02:03.461+0000] {dagbag.py:539} INFO - Filling up the DagBag from /home/airflow/.local/lib/python3.8/site-packages/airflow/example_dags/example_xcom.py
[2023-09-07T16:02:03.469+0000] {processor.py:839} INFO - DAG(s) dict_keys(['example_xcom']) retrieved from /home/airflow/.local/lib/python3.8/site-packages/airflow/example_dags/example_xcom.py
[2023-09-07T16:02:03.487+0000] {logging_mixin.py:151} INFO - [2023-09-07T16:02:03.487+0000] {dag.py:2907} INFO - Sync 1 DAGs
[2023-09-07T16:02:03.502+0000] {logging_mixin.py:151} INFO - [2023-09-07T16:02:03.502+0000] {dag.py:3677} INFO - Setting next_dagrun for example_xcom to 2021-01-01T00:00:00+00:00, run_after=2021-01-01T00:00:00+00:00
[2023-09-07T16:02:03.515+0000] {processor.py:179} INFO - Processing /home/airflow/.local/lib/python3.8/site-packages/airflow/example_dags/example_xcom.py took 0.059 seconds
[2023-09-07T16:02:34.483+0000] {processor.py:157} INFO - Started process (PID=2214) to work on /home/airflow/.local/lib/python3.8/site-packages/airflow/example_dags/example_xcom.py
[2023-09-07T16:02:34.485+0000] {processor.py:829} INFO - Processing file /home/airflow/.local/lib/python3.8/site-packages/airflow/example_dags/example_xcom.py for tasks to queue
[2023-09-07T16:02:34.486+0000] {logging_mixin.py:151} INFO - [2023-09-07T16:02:34.486+0000] {dagbag.py:539} INFO - Filling up the DagBag from /home/airflow/.local/lib/python3.8/site-packages/airflow/example_dags/example_xcom.py
[2023-09-07T16:02:34.496+0000] {processor.py:839} INFO - DAG(s) dict_keys(['example_xcom']) retrieved from /home/airflow/.local/lib/python3.8/site-packages/airflow/example_dags/example_xcom.py
[2023-09-07T16:02:34.520+0000] {logging_mixin.py:151} INFO - [2023-09-07T16:02:34.520+0000] {dag.py:2907} INFO - Sync 1 DAGs
[2023-09-07T16:02:34.542+0000] {logging_mixin.py:151} INFO - [2023-09-07T16:02:34.542+0000] {dag.py:3677} INFO - Setting next_dagrun for example_xcom to 2021-01-01T00:00:00+00:00, run_after=2021-01-01T00:00:00+00:00
[2023-09-07T16:02:34.563+0000] {processor.py:179} INFO - Processing /home/airflow/.local/lib/python3.8/site-packages/airflow/example_dags/example_xcom.py took 0.084 seconds
[2023-09-07T16:03:04.892+0000] {processor.py:157} INFO - Started process (PID=2452) to work on /home/airflow/.local/lib/python3.8/site-packages/airflow/example_dags/example_xcom.py
[2023-09-07T16:03:04.894+0000] {processor.py:829} INFO - Processing file /home/airflow/.local/lib/python3.8/site-packages/airflow/example_dags/example_xcom.py for tasks to queue
[2023-09-07T16:03:04.897+0000] {logging_mixin.py:151} INFO - [2023-09-07T16:03:04.895+0000] {dagbag.py:539} INFO - Filling up the DagBag from /home/airflow/.local/lib/python3.8/site-packages/airflow/example_dags/example_xcom.py
[2023-09-07T16:03:04.907+0000] {processor.py:839} INFO - DAG(s) dict_keys(['example_xcom']) retrieved from /home/airflow/.local/lib/python3.8/site-packages/airflow/example_dags/example_xcom.py
[2023-09-07T16:03:04.934+0000] {logging_mixin.py:151} INFO - [2023-09-07T16:03:04.934+0000] {dag.py:2907} INFO - Sync 1 DAGs
[2023-09-07T16:03:04.958+0000] {logging_mixin.py:151} INFO - [2023-09-07T16:03:04.958+0000] {dag.py:3677} INFO - Setting next_dagrun for example_xcom to 2021-01-01T00:00:00+00:00, run_after=2021-01-01T00:00:00+00:00
[2023-09-07T16:03:04.972+0000] {processor.py:179} INFO - Processing /home/airflow/.local/lib/python3.8/site-packages/airflow/example_dags/example_xcom.py took 0.085 seconds
[2023-09-07T16:03:35.864+0000] {processor.py:157} INFO - Started process (PID=2690) to work on /home/airflow/.local/lib/python3.8/site-packages/airflow/example_dags/example_xcom.py
[2023-09-07T16:03:35.866+0000] {processor.py:829} INFO - Processing file /home/airflow/.local/lib/python3.8/site-packages/airflow/example_dags/example_xcom.py for tasks to queue
[2023-09-07T16:03:35.867+0000] {logging_mixin.py:151} INFO - [2023-09-07T16:03:35.866+0000] {dagbag.py:539} INFO - Filling up the DagBag from /home/airflow/.local/lib/python3.8/site-packages/airflow/example_dags/example_xcom.py
[2023-09-07T16:03:35.872+0000] {processor.py:839} INFO - DAG(s) dict_keys(['example_xcom']) retrieved from /home/airflow/.local/lib/python3.8/site-packages/airflow/example_dags/example_xcom.py
[2023-09-07T16:03:35.890+0000] {logging_mixin.py:151} INFO - [2023-09-07T16:03:35.890+0000] {dag.py:2907} INFO - Sync 1 DAGs
[2023-09-07T16:03:35.905+0000] {logging_mixin.py:151} INFO - [2023-09-07T16:03:35.905+0000] {dag.py:3677} INFO - Setting next_dagrun for example_xcom to 2021-01-01T00:00:00+00:00, run_after=2021-01-01T00:00:00+00:00
[2023-09-07T16:03:35.920+0000] {processor.py:179} INFO - Processing /home/airflow/.local/lib/python3.8/site-packages/airflow/example_dags/example_xcom.py took 0.059 seconds
[2023-09-07T16:04:06.743+0000] {processor.py:157} INFO - Started process (PID=2930) to work on /home/airflow/.local/lib/python3.8/site-packages/airflow/example_dags/example_xcom.py
[2023-09-07T16:04:06.745+0000] {processor.py:829} INFO - Processing file /home/airflow/.local/lib/python3.8/site-packages/airflow/example_dags/example_xcom.py for tasks to queue
[2023-09-07T16:04:06.746+0000] {logging_mixin.py:151} INFO - [2023-09-07T16:04:06.745+0000] {dagbag.py:539} INFO - Filling up the DagBag from /home/airflow/.local/lib/python3.8/site-packages/airflow/example_dags/example_xcom.py
[2023-09-07T16:04:06.752+0000] {processor.py:839} INFO - DAG(s) dict_keys(['example_xcom']) retrieved from /home/airflow/.local/lib/python3.8/site-packages/airflow/example_dags/example_xcom.py
[2023-09-07T16:04:06.777+0000] {logging_mixin.py:151} INFO - [2023-09-07T16:04:06.777+0000] {dag.py:2907} INFO - Sync 1 DAGs
[2023-09-07T16:04:06.791+0000] {logging_mixin.py:151} INFO - [2023-09-07T16:04:06.791+0000] {dag.py:3677} INFO - Setting next_dagrun for example_xcom to 2021-01-01T00:00:00+00:00, run_after=2021-01-01T00:00:00+00:00
[2023-09-07T16:04:06.801+0000] {processor.py:179} INFO - Processing /home/airflow/.local/lib/python3.8/site-packages/airflow/example_dags/example_xcom.py took 0.061 seconds
[2023-09-07T16:04:37.092+0000] {processor.py:157} INFO - Started process (PID=3168) to work on /home/airflow/.local/lib/python3.8/site-packages/airflow/example_dags/example_xcom.py
[2023-09-07T16:04:37.094+0000] {processor.py:829} INFO - Processing file /home/airflow/.local/lib/python3.8/site-packages/airflow/example_dags/example_xcom.py for tasks to queue
[2023-09-07T16:04:37.094+0000] {logging_mixin.py:151} INFO - [2023-09-07T16:04:37.094+0000] {dagbag.py:539} INFO - Filling up the DagBag from /home/airflow/.local/lib/python3.8/site-packages/airflow/example_dags/example_xcom.py
[2023-09-07T16:04:37.100+0000] {processor.py:839} INFO - DAG(s) dict_keys(['example_xcom']) retrieved from /home/airflow/.local/lib/python3.8/site-packages/airflow/example_dags/example_xcom.py
[2023-09-07T16:04:37.119+0000] {logging_mixin.py:151} INFO - [2023-09-07T16:04:37.119+0000] {dag.py:2907} INFO - Sync 1 DAGs
[2023-09-07T16:04:37.135+0000] {logging_mixin.py:151} INFO - [2023-09-07T16:04:37.135+0000] {dag.py:3677} INFO - Setting next_dagrun for example_xcom to 2021-01-01T00:00:00+00:00, run_after=2021-01-01T00:00:00+00:00
[2023-09-07T16:04:37.151+0000] {processor.py:179} INFO - Processing /home/airflow/.local/lib/python3.8/site-packages/airflow/example_dags/example_xcom.py took 0.061 seconds
[2023-09-07T16:05:08.283+0000] {processor.py:157} INFO - Started process (PID=3404) to work on /home/airflow/.local/lib/python3.8/site-packages/airflow/example_dags/example_xcom.py
[2023-09-07T16:05:08.284+0000] {processor.py:829} INFO - Processing file /home/airflow/.local/lib/python3.8/site-packages/airflow/example_dags/example_xcom.py for tasks to queue
[2023-09-07T16:05:08.286+0000] {logging_mixin.py:151} INFO - [2023-09-07T16:05:08.285+0000] {dagbag.py:539} INFO - Filling up the DagBag from /home/airflow/.local/lib/python3.8/site-packages/airflow/example_dags/example_xcom.py
[2023-09-07T16:05:08.292+0000] {processor.py:839} INFO - DAG(s) dict_keys(['example_xcom']) retrieved from /home/airflow/.local/lib/python3.8/site-packages/airflow/example_dags/example_xcom.py
[2023-09-07T16:05:08.325+0000] {logging_mixin.py:151} INFO - [2023-09-07T16:05:08.324+0000] {dag.py:2907} INFO - Sync 1 DAGs
[2023-09-07T16:05:08.373+0000] {logging_mixin.py:151} INFO - [2023-09-07T16:05:08.373+0000] {dag.py:3677} INFO - Setting next_dagrun for example_xcom to 2021-01-01T00:00:00+00:00, run_after=2021-01-01T00:00:00+00:00
[2023-09-07T16:05:08.394+0000] {processor.py:179} INFO - Processing /home/airflow/.local/lib/python3.8/site-packages/airflow/example_dags/example_xcom.py took 0.115 seconds
[2023-09-07T16:05:38.915+0000] {processor.py:157} INFO - Started process (PID=3643) to work on /home/airflow/.local/lib/python3.8/site-packages/airflow/example_dags/example_xcom.py
[2023-09-07T16:05:38.916+0000] {processor.py:829} INFO - Processing file /home/airflow/.local/lib/python3.8/site-packages/airflow/example_dags/example_xcom.py for tasks to queue
[2023-09-07T16:05:38.918+0000] {logging_mixin.py:151} INFO - [2023-09-07T16:05:38.917+0000] {dagbag.py:539} INFO - Filling up the DagBag from /home/airflow/.local/lib/python3.8/site-packages/airflow/example_dags/example_xcom.py
[2023-09-07T16:05:38.924+0000] {processor.py:839} INFO - DAG(s) dict_keys(['example_xcom']) retrieved from /home/airflow/.local/lib/python3.8/site-packages/airflow/example_dags/example_xcom.py
[2023-09-07T16:05:38.947+0000] {logging_mixin.py:151} INFO - [2023-09-07T16:05:38.947+0000] {dag.py:2907} INFO - Sync 1 DAGs
[2023-09-07T16:05:38.962+0000] {logging_mixin.py:151} INFO - [2023-09-07T16:05:38.962+0000] {dag.py:3677} INFO - Setting next_dagrun for example_xcom to 2021-01-01T00:00:00+00:00, run_after=2021-01-01T00:00:00+00:00
[2023-09-07T16:05:38.974+0000] {processor.py:179} INFO - Processing /home/airflow/.local/lib/python3.8/site-packages/airflow/example_dags/example_xcom.py took 0.062 seconds
[2023-09-07T16:06:10.215+0000] {processor.py:157} INFO - Started process (PID=3883) to work on /home/airflow/.local/lib/python3.8/site-packages/airflow/example_dags/example_xcom.py
[2023-09-07T16:06:10.217+0000] {processor.py:829} INFO - Processing file /home/airflow/.local/lib/python3.8/site-packages/airflow/example_dags/example_xcom.py for tasks to queue
[2023-09-07T16:06:10.218+0000] {logging_mixin.py:151} INFO - [2023-09-07T16:06:10.217+0000] {dagbag.py:539} INFO - Filling up the DagBag from /home/airflow/.local/lib/python3.8/site-packages/airflow/example_dags/example_xcom.py
[2023-09-07T16:06:10.223+0000] {processor.py:839} INFO - DAG(s) dict_keys(['example_xcom']) retrieved from /home/airflow/.local/lib/python3.8/site-packages/airflow/example_dags/example_xcom.py
[2023-09-07T16:06:10.243+0000] {logging_mixin.py:151} INFO - [2023-09-07T16:06:10.243+0000] {dag.py:2907} INFO - Sync 1 DAGs
[2023-09-07T16:06:10.261+0000] {logging_mixin.py:151} INFO - [2023-09-07T16:06:10.261+0000] {dag.py:3677} INFO - Setting next_dagrun for example_xcom to 2021-01-01T00:00:00+00:00, run_after=2021-01-01T00:00:00+00:00
[2023-09-07T16:06:10.276+0000] {processor.py:179} INFO - Processing /home/airflow/.local/lib/python3.8/site-packages/airflow/example_dags/example_xcom.py took 0.063 seconds
[2023-09-07T16:06:41.090+0000] {processor.py:157} INFO - Started process (PID=4121) to work on /home/airflow/.local/lib/python3.8/site-packages/airflow/example_dags/example_xcom.py
[2023-09-07T16:06:41.093+0000] {processor.py:829} INFO - Processing file /home/airflow/.local/lib/python3.8/site-packages/airflow/example_dags/example_xcom.py for tasks to queue
[2023-09-07T16:06:41.094+0000] {logging_mixin.py:151} INFO - [2023-09-07T16:06:41.093+0000] {dagbag.py:539} INFO - Filling up the DagBag from /home/airflow/.local/lib/python3.8/site-packages/airflow/example_dags/example_xcom.py
[2023-09-07T16:06:41.099+0000] {processor.py:839} INFO - DAG(s) dict_keys(['example_xcom']) retrieved from /home/airflow/.local/lib/python3.8/site-packages/airflow/example_dags/example_xcom.py
[2023-09-07T16:06:41.117+0000] {logging_mixin.py:151} INFO - [2023-09-07T16:06:41.117+0000] {dag.py:2907} INFO - Sync 1 DAGs
[2023-09-07T16:06:41.132+0000] {logging_mixin.py:151} INFO - [2023-09-07T16:06:41.132+0000] {dag.py:3677} INFO - Setting next_dagrun for example_xcom to 2021-01-01T00:00:00+00:00, run_after=2021-01-01T00:00:00+00:00
[2023-09-07T16:06:41.188+0000] {processor.py:179} INFO - Processing /home/airflow/.local/lib/python3.8/site-packages/airflow/example_dags/example_xcom.py took 0.102 seconds
[2023-09-07T16:07:11.730+0000] {processor.py:157} INFO - Started process (PID=4359) to work on /home/airflow/.local/lib/python3.8/site-packages/airflow/example_dags/example_xcom.py
[2023-09-07T16:07:11.731+0000] {processor.py:829} INFO - Processing file /home/airflow/.local/lib/python3.8/site-packages/airflow/example_dags/example_xcom.py for tasks to queue
[2023-09-07T16:07:11.733+0000] {logging_mixin.py:151} INFO - [2023-09-07T16:07:11.732+0000] {dagbag.py:539} INFO - Filling up the DagBag from /home/airflow/.local/lib/python3.8/site-packages/airflow/example_dags/example_xcom.py
[2023-09-07T16:07:11.741+0000] {processor.py:839} INFO - DAG(s) dict_keys(['example_xcom']) retrieved from /home/airflow/.local/lib/python3.8/site-packages/airflow/example_dags/example_xcom.py
[2023-09-07T16:07:11.759+0000] {logging_mixin.py:151} INFO - [2023-09-07T16:07:11.759+0000] {dag.py:2907} INFO - Sync 1 DAGs
[2023-09-07T16:07:11.771+0000] {logging_mixin.py:151} INFO - [2023-09-07T16:07:11.771+0000] {dag.py:3677} INFO - Setting next_dagrun for example_xcom to 2021-01-01T00:00:00+00:00, run_after=2021-01-01T00:00:00+00:00
[2023-09-07T16:07:11.788+0000] {processor.py:179} INFO - Processing /home/airflow/.local/lib/python3.8/site-packages/airflow/example_dags/example_xcom.py took 0.060 seconds
[2023-09-07T16:07:41.898+0000] {processor.py:157} INFO - Started process (PID=4597) to work on /home/airflow/.local/lib/python3.8/site-packages/airflow/example_dags/example_xcom.py
[2023-09-07T16:07:41.899+0000] {processor.py:829} INFO - Processing file /home/airflow/.local/lib/python3.8/site-packages/airflow/example_dags/example_xcom.py for tasks to queue
[2023-09-07T16:07:41.900+0000] {logging_mixin.py:151} INFO - [2023-09-07T16:07:41.900+0000] {dagbag.py:539} INFO - Filling up the DagBag from /home/airflow/.local/lib/python3.8/site-packages/airflow/example_dags/example_xcom.py
[2023-09-07T16:07:41.907+0000] {processor.py:839} INFO - DAG(s) dict_keys(['example_xcom']) retrieved from /home/airflow/.local/lib/python3.8/site-packages/airflow/example_dags/example_xcom.py
[2023-09-07T16:07:41.934+0000] {logging_mixin.py:151} INFO - [2023-09-07T16:07:41.934+0000] {dag.py:2907} INFO - Sync 1 DAGs
[2023-09-07T16:07:41.954+0000] {logging_mixin.py:151} INFO - [2023-09-07T16:07:41.953+0000] {dag.py:3677} INFO - Setting next_dagrun for example_xcom to 2021-01-01T00:00:00+00:00, run_after=2021-01-01T00:00:00+00:00
[2023-09-07T16:07:41.966+0000] {processor.py:179} INFO - Processing /home/airflow/.local/lib/python3.8/site-packages/airflow/example_dags/example_xcom.py took 0.072 seconds
[2023-09-07T16:08:12.805+0000] {processor.py:157} INFO - Started process (PID=4833) to work on /home/airflow/.local/lib/python3.8/site-packages/airflow/example_dags/example_xcom.py
[2023-09-07T16:08:12.806+0000] {processor.py:829} INFO - Processing file /home/airflow/.local/lib/python3.8/site-packages/airflow/example_dags/example_xcom.py for tasks to queue
[2023-09-07T16:08:12.809+0000] {logging_mixin.py:151} INFO - [2023-09-07T16:08:12.809+0000] {dagbag.py:539} INFO - Filling up the DagBag from /home/airflow/.local/lib/python3.8/site-packages/airflow/example_dags/example_xcom.py
[2023-09-07T16:08:12.816+0000] {processor.py:839} INFO - DAG(s) dict_keys(['example_xcom']) retrieved from /home/airflow/.local/lib/python3.8/site-packages/airflow/example_dags/example_xcom.py
[2023-09-07T16:08:12.838+0000] {logging_mixin.py:151} INFO - [2023-09-07T16:08:12.838+0000] {dag.py:2907} INFO - Sync 1 DAGs
[2023-09-07T16:08:12.851+0000] {logging_mixin.py:151} INFO - [2023-09-07T16:08:12.851+0000] {dag.py:3677} INFO - Setting next_dagrun for example_xcom to 2021-01-01T00:00:00+00:00, run_after=2021-01-01T00:00:00+00:00
[2023-09-07T16:08:12.862+0000] {processor.py:179} INFO - Processing /home/airflow/.local/lib/python3.8/site-packages/airflow/example_dags/example_xcom.py took 0.060 seconds
[2023-09-07T16:08:43.433+0000] {processor.py:157} INFO - Started process (PID=5071) to work on /home/airflow/.local/lib/python3.8/site-packages/airflow/example_dags/example_xcom.py
[2023-09-07T16:08:43.435+0000] {processor.py:829} INFO - Processing file /home/airflow/.local/lib/python3.8/site-packages/airflow/example_dags/example_xcom.py for tasks to queue
[2023-09-07T16:08:43.435+0000] {logging_mixin.py:151} INFO - [2023-09-07T16:08:43.435+0000] {dagbag.py:539} INFO - Filling up the DagBag from /home/airflow/.local/lib/python3.8/site-packages/airflow/example_dags/example_xcom.py
[2023-09-07T16:08:43.441+0000] {processor.py:839} INFO - DAG(s) dict_keys(['example_xcom']) retrieved from /home/airflow/.local/lib/python3.8/site-packages/airflow/example_dags/example_xcom.py
[2023-09-07T16:08:43.462+0000] {logging_mixin.py:151} INFO - [2023-09-07T16:08:43.462+0000] {dag.py:2907} INFO - Sync 1 DAGs
[2023-09-07T16:08:43.476+0000] {logging_mixin.py:151} INFO - [2023-09-07T16:08:43.476+0000] {dag.py:3677} INFO - Setting next_dagrun for example_xcom to 2021-01-01T00:00:00+00:00, run_after=2021-01-01T00:00:00+00:00
[2023-09-07T16:08:43.486+0000] {processor.py:179} INFO - Processing /home/airflow/.local/lib/python3.8/site-packages/airflow/example_dags/example_xcom.py took 0.056 seconds
[2023-09-07T16:09:14.038+0000] {processor.py:157} INFO - Started process (PID=5309) to work on /home/airflow/.local/lib/python3.8/site-packages/airflow/example_dags/example_xcom.py
[2023-09-07T16:09:14.040+0000] {processor.py:829} INFO - Processing file /home/airflow/.local/lib/python3.8/site-packages/airflow/example_dags/example_xcom.py for tasks to queue
[2023-09-07T16:09:14.041+0000] {logging_mixin.py:151} INFO - [2023-09-07T16:09:14.041+0000] {dagbag.py:539} INFO - Filling up the DagBag from /home/airflow/.local/lib/python3.8/site-packages/airflow/example_dags/example_xcom.py
[2023-09-07T16:09:14.051+0000] {processor.py:839} INFO - DAG(s) dict_keys(['example_xcom']) retrieved from /home/airflow/.local/lib/python3.8/site-packages/airflow/example_dags/example_xcom.py
[2023-09-07T16:09:14.070+0000] {logging_mixin.py:151} INFO - [2023-09-07T16:09:14.070+0000] {dag.py:2907} INFO - Sync 1 DAGs
[2023-09-07T16:09:14.083+0000] {logging_mixin.py:151} INFO - [2023-09-07T16:09:14.082+0000] {dag.py:3677} INFO - Setting next_dagrun for example_xcom to 2021-01-01T00:00:00+00:00, run_after=2021-01-01T00:00:00+00:00
[2023-09-07T16:09:14.093+0000] {processor.py:179} INFO - Processing /home/airflow/.local/lib/python3.8/site-packages/airflow/example_dags/example_xcom.py took 0.059 seconds
[2023-09-07T16:09:44.184+0000] {processor.py:157} INFO - Started process (PID=5547) to work on /home/airflow/.local/lib/python3.8/site-packages/airflow/example_dags/example_xcom.py
[2023-09-07T16:09:44.185+0000] {processor.py:829} INFO - Processing file /home/airflow/.local/lib/python3.8/site-packages/airflow/example_dags/example_xcom.py for tasks to queue
[2023-09-07T16:09:44.186+0000] {logging_mixin.py:151} INFO - [2023-09-07T16:09:44.186+0000] {dagbag.py:539} INFO - Filling up the DagBag from /home/airflow/.local/lib/python3.8/site-packages/airflow/example_dags/example_xcom.py
[2023-09-07T16:09:44.192+0000] {processor.py:839} INFO - DAG(s) dict_keys(['example_xcom']) retrieved from /home/airflow/.local/lib/python3.8/site-packages/airflow/example_dags/example_xcom.py
[2023-09-07T16:09:44.211+0000] {logging_mixin.py:151} INFO - [2023-09-07T16:09:44.210+0000] {dag.py:2907} INFO - Sync 1 DAGs
[2023-09-07T16:09:44.254+0000] {logging_mixin.py:151} INFO - [2023-09-07T16:09:44.253+0000] {dag.py:3677} INFO - Setting next_dagrun for example_xcom to 2021-01-01T00:00:00+00:00, run_after=2021-01-01T00:00:00+00:00
[2023-09-07T16:09:44.288+0000] {processor.py:179} INFO - Processing /home/airflow/.local/lib/python3.8/site-packages/airflow/example_dags/example_xcom.py took 0.107 seconds
[2023-09-07T16:10:15.032+0000] {processor.py:157} INFO - Started process (PID=5785) to work on /home/airflow/.local/lib/python3.8/site-packages/airflow/example_dags/example_xcom.py
[2023-09-07T16:10:15.034+0000] {processor.py:829} INFO - Processing file /home/airflow/.local/lib/python3.8/site-packages/airflow/example_dags/example_xcom.py for tasks to queue
[2023-09-07T16:10:15.035+0000] {logging_mixin.py:151} INFO - [2023-09-07T16:10:15.034+0000] {dagbag.py:539} INFO - Filling up the DagBag from /home/airflow/.local/lib/python3.8/site-packages/airflow/example_dags/example_xcom.py
[2023-09-07T16:10:15.041+0000] {processor.py:839} INFO - DAG(s) dict_keys(['example_xcom']) retrieved from /home/airflow/.local/lib/python3.8/site-packages/airflow/example_dags/example_xcom.py
[2023-09-07T16:10:15.060+0000] {logging_mixin.py:151} INFO - [2023-09-07T16:10:15.060+0000] {dag.py:2907} INFO - Sync 1 DAGs
[2023-09-07T16:10:15.073+0000] {logging_mixin.py:151} INFO - [2023-09-07T16:10:15.072+0000] {dag.py:3677} INFO - Setting next_dagrun for example_xcom to 2021-01-01T00:00:00+00:00, run_after=2021-01-01T00:00:00+00:00
[2023-09-07T16:10:15.082+0000] {processor.py:179} INFO - Processing /home/airflow/.local/lib/python3.8/site-packages/airflow/example_dags/example_xcom.py took 0.054 seconds
[2023-09-07T16:10:45.636+0000] {processor.py:157} INFO - Started process (PID=6022) to work on /home/airflow/.local/lib/python3.8/site-packages/airflow/example_dags/example_xcom.py
[2023-09-07T16:10:45.637+0000] {processor.py:829} INFO - Processing file /home/airflow/.local/lib/python3.8/site-packages/airflow/example_dags/example_xcom.py for tasks to queue
[2023-09-07T16:10:45.639+0000] {logging_mixin.py:151} INFO - [2023-09-07T16:10:45.638+0000] {dagbag.py:539} INFO - Filling up the DagBag from /home/airflow/.local/lib/python3.8/site-packages/airflow/example_dags/example_xcom.py
[2023-09-07T16:10:45.647+0000] {processor.py:839} INFO - DAG(s) dict_keys(['example_xcom']) retrieved from /home/airflow/.local/lib/python3.8/site-packages/airflow/example_dags/example_xcom.py
[2023-09-07T16:10:45.664+0000] {logging_mixin.py:151} INFO - [2023-09-07T16:10:45.664+0000] {dag.py:2907} INFO - Sync 1 DAGs
[2023-09-07T16:10:45.677+0000] {logging_mixin.py:151} INFO - [2023-09-07T16:10:45.677+0000] {dag.py:3677} INFO - Setting next_dagrun for example_xcom to 2021-01-01T00:00:00+00:00, run_after=2021-01-01T00:00:00+00:00
[2023-09-07T16:10:45.687+0000] {processor.py:179} INFO - Processing /home/airflow/.local/lib/python3.8/site-packages/airflow/example_dags/example_xcom.py took 0.055 seconds
[2023-09-07T16:11:17.807+0000] {processor.py:157} INFO - Started process (PID=6262) to work on /home/airflow/.local/lib/python3.8/site-packages/airflow/example_dags/example_xcom.py
[2023-09-07T16:11:17.809+0000] {processor.py:829} INFO - Processing file /home/airflow/.local/lib/python3.8/site-packages/airflow/example_dags/example_xcom.py for tasks to queue
[2023-09-07T16:11:17.810+0000] {logging_mixin.py:151} INFO - [2023-09-07T16:11:17.810+0000] {dagbag.py:539} INFO - Filling up the DagBag from /home/airflow/.local/lib/python3.8/site-packages/airflow/example_dags/example_xcom.py
[2023-09-07T16:11:17.817+0000] {processor.py:839} INFO - DAG(s) dict_keys(['example_xcom']) retrieved from /home/airflow/.local/lib/python3.8/site-packages/airflow/example_dags/example_xcom.py
[2023-09-07T16:11:17.835+0000] {logging_mixin.py:151} INFO - [2023-09-07T16:11:17.835+0000] {dag.py:2907} INFO - Sync 1 DAGs
[2023-09-07T16:11:17.863+0000] {logging_mixin.py:151} INFO - [2023-09-07T16:11:17.863+0000] {dag.py:3677} INFO - Setting next_dagrun for example_xcom to 2021-01-01T00:00:00+00:00, run_after=2021-01-01T00:00:00+00:00
[2023-09-07T16:11:17.888+0000] {processor.py:179} INFO - Processing /home/airflow/.local/lib/python3.8/site-packages/airflow/example_dags/example_xcom.py took 0.084 seconds
[2023-09-07T16:11:48.729+0000] {processor.py:157} INFO - Started process (PID=6498) to work on /home/airflow/.local/lib/python3.8/site-packages/airflow/example_dags/example_xcom.py
[2023-09-07T16:11:48.730+0000] {processor.py:829} INFO - Processing file /home/airflow/.local/lib/python3.8/site-packages/airflow/example_dags/example_xcom.py for tasks to queue
[2023-09-07T16:11:48.731+0000] {logging_mixin.py:151} INFO - [2023-09-07T16:11:48.731+0000] {dagbag.py:539} INFO - Filling up the DagBag from /home/airflow/.local/lib/python3.8/site-packages/airflow/example_dags/example_xcom.py
[2023-09-07T16:11:48.737+0000] {processor.py:839} INFO - DAG(s) dict_keys(['example_xcom']) retrieved from /home/airflow/.local/lib/python3.8/site-packages/airflow/example_dags/example_xcom.py
[2023-09-07T16:11:48.758+0000] {logging_mixin.py:151} INFO - [2023-09-07T16:11:48.758+0000] {dag.py:2907} INFO - Sync 1 DAGs
[2023-09-07T16:11:48.781+0000] {logging_mixin.py:151} INFO - [2023-09-07T16:11:48.781+0000] {dag.py:3677} INFO - Setting next_dagrun for example_xcom to 2021-01-01T00:00:00+00:00, run_after=2021-01-01T00:00:00+00:00
[2023-09-07T16:11:48.809+0000] {processor.py:179} INFO - Processing /home/airflow/.local/lib/python3.8/site-packages/airflow/example_dags/example_xcom.py took 0.083 seconds
[2023-09-07T16:12:19.232+0000] {processor.py:157} INFO - Started process (PID=6743) to work on /home/airflow/.local/lib/python3.8/site-packages/airflow/example_dags/example_xcom.py
[2023-09-07T16:12:19.237+0000] {processor.py:829} INFO - Processing file /home/airflow/.local/lib/python3.8/site-packages/airflow/example_dags/example_xcom.py for tasks to queue
[2023-09-07T16:12:19.247+0000] {logging_mixin.py:151} INFO - [2023-09-07T16:12:19.247+0000] {dagbag.py:539} INFO - Filling up the DagBag from /home/airflow/.local/lib/python3.8/site-packages/airflow/example_dags/example_xcom.py
[2023-09-07T16:12:19.285+0000] {processor.py:839} INFO - DAG(s) dict_keys(['example_xcom']) retrieved from /home/airflow/.local/lib/python3.8/site-packages/airflow/example_dags/example_xcom.py
[2023-09-07T16:12:19.331+0000] {logging_mixin.py:151} INFO - [2023-09-07T16:12:19.331+0000] {dag.py:2907} INFO - Sync 1 DAGs
[2023-09-07T16:12:19.348+0000] {logging_mixin.py:151} INFO - [2023-09-07T16:12:19.347+0000] {dag.py:3677} INFO - Setting next_dagrun for example_xcom to 2021-01-01T00:00:00+00:00, run_after=2021-01-01T00:00:00+00:00
[2023-09-07T16:12:19.363+0000] {processor.py:179} INFO - Processing /home/airflow/.local/lib/python3.8/site-packages/airflow/example_dags/example_xcom.py took 0.137 seconds
[2023-09-07T16:12:49.627+0000] {processor.py:157} INFO - Started process (PID=6983) to work on /home/airflow/.local/lib/python3.8/site-packages/airflow/example_dags/example_xcom.py
[2023-09-07T16:12:49.629+0000] {processor.py:829} INFO - Processing file /home/airflow/.local/lib/python3.8/site-packages/airflow/example_dags/example_xcom.py for tasks to queue
[2023-09-07T16:12:49.630+0000] {logging_mixin.py:151} INFO - [2023-09-07T16:12:49.630+0000] {dagbag.py:539} INFO - Filling up the DagBag from /home/airflow/.local/lib/python3.8/site-packages/airflow/example_dags/example_xcom.py
[2023-09-07T16:12:49.637+0000] {processor.py:839} INFO - DAG(s) dict_keys(['example_xcom']) retrieved from /home/airflow/.local/lib/python3.8/site-packages/airflow/example_dags/example_xcom.py
[2023-09-07T16:12:49.665+0000] {logging_mixin.py:151} INFO - [2023-09-07T16:12:49.665+0000] {dag.py:2907} INFO - Sync 1 DAGs
[2023-09-07T16:12:49.680+0000] {logging_mixin.py:151} INFO - [2023-09-07T16:12:49.680+0000] {dag.py:3677} INFO - Setting next_dagrun for example_xcom to 2021-01-01T00:00:00+00:00, run_after=2021-01-01T00:00:00+00:00
[2023-09-07T16:12:49.690+0000] {processor.py:179} INFO - Processing /home/airflow/.local/lib/python3.8/site-packages/airflow/example_dags/example_xcom.py took 0.066 seconds
[2023-09-07T16:13:20.443+0000] {processor.py:157} INFO - Started process (PID=7221) to work on /home/airflow/.local/lib/python3.8/site-packages/airflow/example_dags/example_xcom.py
[2023-09-07T16:13:20.445+0000] {processor.py:829} INFO - Processing file /home/airflow/.local/lib/python3.8/site-packages/airflow/example_dags/example_xcom.py for tasks to queue
[2023-09-07T16:13:20.446+0000] {logging_mixin.py:151} INFO - [2023-09-07T16:13:20.446+0000] {dagbag.py:539} INFO - Filling up the DagBag from /home/airflow/.local/lib/python3.8/site-packages/airflow/example_dags/example_xcom.py
[2023-09-07T16:13:20.453+0000] {processor.py:839} INFO - DAG(s) dict_keys(['example_xcom']) retrieved from /home/airflow/.local/lib/python3.8/site-packages/airflow/example_dags/example_xcom.py
[2023-09-07T16:13:20.475+0000] {logging_mixin.py:151} INFO - [2023-09-07T16:13:20.475+0000] {dag.py:2907} INFO - Sync 1 DAGs
[2023-09-07T16:13:20.489+0000] {logging_mixin.py:151} INFO - [2023-09-07T16:13:20.489+0000] {dag.py:3677} INFO - Setting next_dagrun for example_xcom to 2021-01-01T00:00:00+00:00, run_after=2021-01-01T00:00:00+00:00
[2023-09-07T16:13:20.510+0000] {processor.py:179} INFO - Processing /home/airflow/.local/lib/python3.8/site-packages/airflow/example_dags/example_xcom.py took 0.071 seconds
[2023-09-07T16:13:51.295+0000] {processor.py:157} INFO - Started process (PID=7459) to work on /home/airflow/.local/lib/python3.8/site-packages/airflow/example_dags/example_xcom.py
[2023-09-07T16:13:51.296+0000] {processor.py:829} INFO - Processing file /home/airflow/.local/lib/python3.8/site-packages/airflow/example_dags/example_xcom.py for tasks to queue
[2023-09-07T16:13:51.297+0000] {logging_mixin.py:151} INFO - [2023-09-07T16:13:51.297+0000] {dagbag.py:539} INFO - Filling up the DagBag from /home/airflow/.local/lib/python3.8/site-packages/airflow/example_dags/example_xcom.py
[2023-09-07T16:13:51.304+0000] {processor.py:839} INFO - DAG(s) dict_keys(['example_xcom']) retrieved from /home/airflow/.local/lib/python3.8/site-packages/airflow/example_dags/example_xcom.py
[2023-09-07T16:13:51.342+0000] {logging_mixin.py:151} INFO - [2023-09-07T16:13:51.341+0000] {dag.py:2907} INFO - Sync 1 DAGs
[2023-09-07T16:13:51.368+0000] {logging_mixin.py:151} INFO - [2023-09-07T16:13:51.367+0000] {dag.py:3677} INFO - Setting next_dagrun for example_xcom to 2021-01-01T00:00:00+00:00, run_after=2021-01-01T00:00:00+00:00
[2023-09-07T16:13:51.398+0000] {processor.py:179} INFO - Processing /home/airflow/.local/lib/python3.8/site-packages/airflow/example_dags/example_xcom.py took 0.106 seconds
[2023-09-07T16:14:22.047+0000] {processor.py:157} INFO - Started process (PID=7700) to work on /home/airflow/.local/lib/python3.8/site-packages/airflow/example_dags/example_xcom.py
[2023-09-07T16:14:22.048+0000] {processor.py:829} INFO - Processing file /home/airflow/.local/lib/python3.8/site-packages/airflow/example_dags/example_xcom.py for tasks to queue
[2023-09-07T16:14:22.049+0000] {logging_mixin.py:151} INFO - [2023-09-07T16:14:22.049+0000] {dagbag.py:539} INFO - Filling up the DagBag from /home/airflow/.local/lib/python3.8/site-packages/airflow/example_dags/example_xcom.py
[2023-09-07T16:14:22.054+0000] {processor.py:839} INFO - DAG(s) dict_keys(['example_xcom']) retrieved from /home/airflow/.local/lib/python3.8/site-packages/airflow/example_dags/example_xcom.py
[2023-09-07T16:14:22.071+0000] {logging_mixin.py:151} INFO - [2023-09-07T16:14:22.071+0000] {dag.py:2907} INFO - Sync 1 DAGs
[2023-09-07T16:14:22.085+0000] {logging_mixin.py:151} INFO - [2023-09-07T16:14:22.084+0000] {dag.py:3677} INFO - Setting next_dagrun for example_xcom to 2021-01-01T00:00:00+00:00, run_after=2021-01-01T00:00:00+00:00
[2023-09-07T16:14:22.099+0000] {processor.py:179} INFO - Processing /home/airflow/.local/lib/python3.8/site-packages/airflow/example_dags/example_xcom.py took 0.055 seconds
[2023-09-07T16:14:52.963+0000] {processor.py:157} INFO - Started process (PID=7936) to work on /home/airflow/.local/lib/python3.8/site-packages/airflow/example_dags/example_xcom.py
[2023-09-07T16:14:52.965+0000] {processor.py:829} INFO - Processing file /home/airflow/.local/lib/python3.8/site-packages/airflow/example_dags/example_xcom.py for tasks to queue
[2023-09-07T16:14:52.966+0000] {logging_mixin.py:151} INFO - [2023-09-07T16:14:52.965+0000] {dagbag.py:539} INFO - Filling up the DagBag from /home/airflow/.local/lib/python3.8/site-packages/airflow/example_dags/example_xcom.py
[2023-09-07T16:14:52.971+0000] {processor.py:839} INFO - DAG(s) dict_keys(['example_xcom']) retrieved from /home/airflow/.local/lib/python3.8/site-packages/airflow/example_dags/example_xcom.py
[2023-09-07T16:14:52.990+0000] {logging_mixin.py:151} INFO - [2023-09-07T16:14:52.990+0000] {dag.py:2907} INFO - Sync 1 DAGs
[2023-09-07T16:14:53.008+0000] {logging_mixin.py:151} INFO - [2023-09-07T16:14:53.007+0000] {dag.py:3677} INFO - Setting next_dagrun for example_xcom to 2021-01-01T00:00:00+00:00, run_after=2021-01-01T00:00:00+00:00
[2023-09-07T16:14:53.017+0000] {processor.py:179} INFO - Processing /home/airflow/.local/lib/python3.8/site-packages/airflow/example_dags/example_xcom.py took 0.057 seconds
[2023-09-07T16:15:23.855+0000] {processor.py:157} INFO - Started process (PID=8173) to work on /home/airflow/.local/lib/python3.8/site-packages/airflow/example_dags/example_xcom.py
[2023-09-07T16:15:23.857+0000] {processor.py:829} INFO - Processing file /home/airflow/.local/lib/python3.8/site-packages/airflow/example_dags/example_xcom.py for tasks to queue
[2023-09-07T16:15:23.860+0000] {logging_mixin.py:151} INFO - [2023-09-07T16:15:23.859+0000] {dagbag.py:539} INFO - Filling up the DagBag from /home/airflow/.local/lib/python3.8/site-packages/airflow/example_dags/example_xcom.py
[2023-09-07T16:15:23.870+0000] {processor.py:839} INFO - DAG(s) dict_keys(['example_xcom']) retrieved from /home/airflow/.local/lib/python3.8/site-packages/airflow/example_dags/example_xcom.py
[2023-09-07T16:15:23.895+0000] {logging_mixin.py:151} INFO - [2023-09-07T16:15:23.895+0000] {dag.py:2907} INFO - Sync 1 DAGs
[2023-09-07T16:15:23.916+0000] {logging_mixin.py:151} INFO - [2023-09-07T16:15:23.916+0000] {dag.py:3677} INFO - Setting next_dagrun for example_xcom to 2021-01-01T00:00:00+00:00, run_after=2021-01-01T00:00:00+00:00
[2023-09-07T16:15:23.930+0000] {processor.py:179} INFO - Processing /home/airflow/.local/lib/python3.8/site-packages/airflow/example_dags/example_xcom.py took 0.079 seconds
[2023-09-07T16:15:54.737+0000] {processor.py:157} INFO - Started process (PID=8411) to work on /home/airflow/.local/lib/python3.8/site-packages/airflow/example_dags/example_xcom.py
[2023-09-07T16:15:54.738+0000] {processor.py:829} INFO - Processing file /home/airflow/.local/lib/python3.8/site-packages/airflow/example_dags/example_xcom.py for tasks to queue
[2023-09-07T16:15:54.739+0000] {logging_mixin.py:151} INFO - [2023-09-07T16:15:54.739+0000] {dagbag.py:539} INFO - Filling up the DagBag from /home/airflow/.local/lib/python3.8/site-packages/airflow/example_dags/example_xcom.py
[2023-09-07T16:15:54.745+0000] {processor.py:839} INFO - DAG(s) dict_keys(['example_xcom']) retrieved from /home/airflow/.local/lib/python3.8/site-packages/airflow/example_dags/example_xcom.py
[2023-09-07T16:15:54.763+0000] {logging_mixin.py:151} INFO - [2023-09-07T16:15:54.763+0000] {dag.py:2907} INFO - Sync 1 DAGs
[2023-09-07T16:15:54.777+0000] {logging_mixin.py:151} INFO - [2023-09-07T16:15:54.777+0000] {dag.py:3677} INFO - Setting next_dagrun for example_xcom to 2021-01-01T00:00:00+00:00, run_after=2021-01-01T00:00:00+00:00
[2023-09-07T16:15:54.788+0000] {processor.py:179} INFO - Processing /home/airflow/.local/lib/python3.8/site-packages/airflow/example_dags/example_xcom.py took 0.054 seconds
[2023-09-07T16:16:25.465+0000] {processor.py:157} INFO - Started process (PID=8649) to work on /home/airflow/.local/lib/python3.8/site-packages/airflow/example_dags/example_xcom.py
[2023-09-07T16:16:25.467+0000] {processor.py:829} INFO - Processing file /home/airflow/.local/lib/python3.8/site-packages/airflow/example_dags/example_xcom.py for tasks to queue
[2023-09-07T16:16:25.471+0000] {logging_mixin.py:151} INFO - [2023-09-07T16:16:25.470+0000] {dagbag.py:539} INFO - Filling up the DagBag from /home/airflow/.local/lib/python3.8/site-packages/airflow/example_dags/example_xcom.py
[2023-09-07T16:16:25.477+0000] {processor.py:839} INFO - DAG(s) dict_keys(['example_xcom']) retrieved from /home/airflow/.local/lib/python3.8/site-packages/airflow/example_dags/example_xcom.py
[2023-09-07T16:16:25.496+0000] {logging_mixin.py:151} INFO - [2023-09-07T16:16:25.495+0000] {dag.py:2907} INFO - Sync 1 DAGs
[2023-09-07T16:16:25.510+0000] {logging_mixin.py:151} INFO - [2023-09-07T16:16:25.509+0000] {dag.py:3677} INFO - Setting next_dagrun for example_xcom to 2021-01-01T00:00:00+00:00, run_after=2021-01-01T00:00:00+00:00
[2023-09-07T16:16:25.519+0000] {processor.py:179} INFO - Processing /home/airflow/.local/lib/python3.8/site-packages/airflow/example_dags/example_xcom.py took 0.057 seconds
[2023-09-07T16:16:55.889+0000] {processor.py:157} INFO - Started process (PID=8889) to work on /home/airflow/.local/lib/python3.8/site-packages/airflow/example_dags/example_xcom.py
[2023-09-07T16:16:55.890+0000] {processor.py:829} INFO - Processing file /home/airflow/.local/lib/python3.8/site-packages/airflow/example_dags/example_xcom.py for tasks to queue
[2023-09-07T16:16:55.891+0000] {logging_mixin.py:151} INFO - [2023-09-07T16:16:55.891+0000] {dagbag.py:539} INFO - Filling up the DagBag from /home/airflow/.local/lib/python3.8/site-packages/airflow/example_dags/example_xcom.py
[2023-09-07T16:16:55.897+0000] {processor.py:839} INFO - DAG(s) dict_keys(['example_xcom']) retrieved from /home/airflow/.local/lib/python3.8/site-packages/airflow/example_dags/example_xcom.py
[2023-09-07T16:16:55.913+0000] {logging_mixin.py:151} INFO - [2023-09-07T16:16:55.913+0000] {dag.py:2907} INFO - Sync 1 DAGs
[2023-09-07T16:16:55.925+0000] {logging_mixin.py:151} INFO - [2023-09-07T16:16:55.925+0000] {dag.py:3677} INFO - Setting next_dagrun for example_xcom to 2021-01-01T00:00:00+00:00, run_after=2021-01-01T00:00:00+00:00
[2023-09-07T16:16:55.934+0000] {processor.py:179} INFO - Processing /home/airflow/.local/lib/python3.8/site-packages/airflow/example_dags/example_xcom.py took 0.048 seconds
[2023-09-07T16:17:26.158+0000] {processor.py:157} INFO - Started process (PID=9125) to work on /home/airflow/.local/lib/python3.8/site-packages/airflow/example_dags/example_xcom.py
[2023-09-07T16:17:26.160+0000] {processor.py:829} INFO - Processing file /home/airflow/.local/lib/python3.8/site-packages/airflow/example_dags/example_xcom.py for tasks to queue
[2023-09-07T16:17:26.161+0000] {logging_mixin.py:151} INFO - [2023-09-07T16:17:26.160+0000] {dagbag.py:539} INFO - Filling up the DagBag from /home/airflow/.local/lib/python3.8/site-packages/airflow/example_dags/example_xcom.py
[2023-09-07T16:17:26.168+0000] {processor.py:839} INFO - DAG(s) dict_keys(['example_xcom']) retrieved from /home/airflow/.local/lib/python3.8/site-packages/airflow/example_dags/example_xcom.py
[2023-09-07T16:17:26.192+0000] {logging_mixin.py:151} INFO - [2023-09-07T16:17:26.191+0000] {dag.py:2907} INFO - Sync 1 DAGs
[2023-09-07T16:17:26.211+0000] {logging_mixin.py:151} INFO - [2023-09-07T16:17:26.211+0000] {dag.py:3677} INFO - Setting next_dagrun for example_xcom to 2021-01-01T00:00:00+00:00, run_after=2021-01-01T00:00:00+00:00
[2023-09-07T16:17:26.222+0000] {processor.py:179} INFO - Processing /home/airflow/.local/lib/python3.8/site-packages/airflow/example_dags/example_xcom.py took 0.067 seconds
[2023-09-07T16:17:57.939+0000] {processor.py:157} INFO - Started process (PID=9365) to work on /home/airflow/.local/lib/python3.8/site-packages/airflow/example_dags/example_xcom.py
[2023-09-07T16:17:57.940+0000] {processor.py:829} INFO - Processing file /home/airflow/.local/lib/python3.8/site-packages/airflow/example_dags/example_xcom.py for tasks to queue
[2023-09-07T16:17:57.942+0000] {logging_mixin.py:151} INFO - [2023-09-07T16:17:57.941+0000] {dagbag.py:539} INFO - Filling up the DagBag from /home/airflow/.local/lib/python3.8/site-packages/airflow/example_dags/example_xcom.py
[2023-09-07T16:17:57.949+0000] {processor.py:839} INFO - DAG(s) dict_keys(['example_xcom']) retrieved from /home/airflow/.local/lib/python3.8/site-packages/airflow/example_dags/example_xcom.py
[2023-09-07T16:17:57.968+0000] {logging_mixin.py:151} INFO - [2023-09-07T16:17:57.967+0000] {dag.py:2907} INFO - Sync 1 DAGs
[2023-09-07T16:17:57.986+0000] {logging_mixin.py:151} INFO - [2023-09-07T16:17:57.986+0000] {dag.py:3677} INFO - Setting next_dagrun for example_xcom to 2021-01-01T00:00:00+00:00, run_after=2021-01-01T00:00:00+00:00
[2023-09-07T16:17:57.998+0000] {processor.py:179} INFO - Processing /home/airflow/.local/lib/python3.8/site-packages/airflow/example_dags/example_xcom.py took 0.062 seconds
[2023-09-07T16:18:28.444+0000] {processor.py:157} INFO - Started process (PID=9602) to work on /home/airflow/.local/lib/python3.8/site-packages/airflow/example_dags/example_xcom.py
[2023-09-07T16:18:28.445+0000] {processor.py:829} INFO - Processing file /home/airflow/.local/lib/python3.8/site-packages/airflow/example_dags/example_xcom.py for tasks to queue
[2023-09-07T16:18:28.446+0000] {logging_mixin.py:151} INFO - [2023-09-07T16:18:28.446+0000] {dagbag.py:539} INFO - Filling up the DagBag from /home/airflow/.local/lib/python3.8/site-packages/airflow/example_dags/example_xcom.py
[2023-09-07T16:18:28.453+0000] {processor.py:839} INFO - DAG(s) dict_keys(['example_xcom']) retrieved from /home/airflow/.local/lib/python3.8/site-packages/airflow/example_dags/example_xcom.py
[2023-09-07T16:18:28.471+0000] {logging_mixin.py:151} INFO - [2023-09-07T16:18:28.471+0000] {dag.py:2907} INFO - Sync 1 DAGs
[2023-09-07T16:18:28.485+0000] {logging_mixin.py:151} INFO - [2023-09-07T16:18:28.485+0000] {dag.py:3677} INFO - Setting next_dagrun for example_xcom to 2021-01-01T00:00:00+00:00, run_after=2021-01-01T00:00:00+00:00
[2023-09-07T16:18:28.494+0000] {processor.py:179} INFO - Processing /home/airflow/.local/lib/python3.8/site-packages/airflow/example_dags/example_xcom.py took 0.053 seconds
[2023-09-07T16:18:58.833+0000] {processor.py:157} INFO - Started process (PID=9840) to work on /home/airflow/.local/lib/python3.8/site-packages/airflow/example_dags/example_xcom.py
[2023-09-07T16:18:58.834+0000] {processor.py:829} INFO - Processing file /home/airflow/.local/lib/python3.8/site-packages/airflow/example_dags/example_xcom.py for tasks to queue
[2023-09-07T16:18:58.835+0000] {logging_mixin.py:151} INFO - [2023-09-07T16:18:58.835+0000] {dagbag.py:539} INFO - Filling up the DagBag from /home/airflow/.local/lib/python3.8/site-packages/airflow/example_dags/example_xcom.py
[2023-09-07T16:18:58.841+0000] {processor.py:839} INFO - DAG(s) dict_keys(['example_xcom']) retrieved from /home/airflow/.local/lib/python3.8/site-packages/airflow/example_dags/example_xcom.py
[2023-09-07T16:18:58.858+0000] {logging_mixin.py:151} INFO - [2023-09-07T16:18:58.857+0000] {dag.py:2907} INFO - Sync 1 DAGs
[2023-09-07T16:18:58.871+0000] {logging_mixin.py:151} INFO - [2023-09-07T16:18:58.871+0000] {dag.py:3677} INFO - Setting next_dagrun for example_xcom to 2021-01-01T00:00:00+00:00, run_after=2021-01-01T00:00:00+00:00
[2023-09-07T16:18:58.880+0000] {processor.py:179} INFO - Processing /home/airflow/.local/lib/python3.8/site-packages/airflow/example_dags/example_xcom.py took 0.050 seconds
[2023-09-07T16:19:29.136+0000] {processor.py:157} INFO - Started process (PID=10078) to work on /home/airflow/.local/lib/python3.8/site-packages/airflow/example_dags/example_xcom.py
[2023-09-07T16:19:29.137+0000] {processor.py:829} INFO - Processing file /home/airflow/.local/lib/python3.8/site-packages/airflow/example_dags/example_xcom.py for tasks to queue
[2023-09-07T16:19:29.139+0000] {logging_mixin.py:151} INFO - [2023-09-07T16:19:29.139+0000] {dagbag.py:539} INFO - Filling up the DagBag from /home/airflow/.local/lib/python3.8/site-packages/airflow/example_dags/example_xcom.py
[2023-09-07T16:19:29.146+0000] {processor.py:839} INFO - DAG(s) dict_keys(['example_xcom']) retrieved from /home/airflow/.local/lib/python3.8/site-packages/airflow/example_dags/example_xcom.py
[2023-09-07T16:19:29.164+0000] {logging_mixin.py:151} INFO - [2023-09-07T16:19:29.164+0000] {dag.py:2907} INFO - Sync 1 DAGs
[2023-09-07T16:19:29.178+0000] {logging_mixin.py:151} INFO - [2023-09-07T16:19:29.178+0000] {dag.py:3677} INFO - Setting next_dagrun for example_xcom to 2021-01-01T00:00:00+00:00, run_after=2021-01-01T00:00:00+00:00
[2023-09-07T16:19:29.190+0000] {processor.py:179} INFO - Processing /home/airflow/.local/lib/python3.8/site-packages/airflow/example_dags/example_xcom.py took 0.057 seconds
[2023-09-07T16:19:59.723+0000] {processor.py:157} INFO - Started process (PID=10318) to work on /home/airflow/.local/lib/python3.8/site-packages/airflow/example_dags/example_xcom.py
[2023-09-07T16:19:59.724+0000] {processor.py:829} INFO - Processing file /home/airflow/.local/lib/python3.8/site-packages/airflow/example_dags/example_xcom.py for tasks to queue
[2023-09-07T16:19:59.725+0000] {logging_mixin.py:151} INFO - [2023-09-07T16:19:59.725+0000] {dagbag.py:539} INFO - Filling up the DagBag from /home/airflow/.local/lib/python3.8/site-packages/airflow/example_dags/example_xcom.py
[2023-09-07T16:19:59.732+0000] {processor.py:839} INFO - DAG(s) dict_keys(['example_xcom']) retrieved from /home/airflow/.local/lib/python3.8/site-packages/airflow/example_dags/example_xcom.py
[2023-09-07T16:19:59.755+0000] {logging_mixin.py:151} INFO - [2023-09-07T16:19:59.755+0000] {dag.py:2907} INFO - Sync 1 DAGs
[2023-09-07T16:19:59.774+0000] {logging_mixin.py:151} INFO - [2023-09-07T16:19:59.774+0000] {dag.py:3677} INFO - Setting next_dagrun for example_xcom to 2021-01-01T00:00:00+00:00, run_after=2021-01-01T00:00:00+00:00
[2023-09-07T16:19:59.788+0000] {processor.py:179} INFO - Processing /home/airflow/.local/lib/python3.8/site-packages/airflow/example_dags/example_xcom.py took 0.070 seconds
[2023-09-07T16:20:30.090+0000] {processor.py:157} INFO - Started process (PID=10554) to work on /home/airflow/.local/lib/python3.8/site-packages/airflow/example_dags/example_xcom.py
[2023-09-07T16:20:30.092+0000] {processor.py:829} INFO - Processing file /home/airflow/.local/lib/python3.8/site-packages/airflow/example_dags/example_xcom.py for tasks to queue
[2023-09-07T16:20:30.093+0000] {logging_mixin.py:151} INFO - [2023-09-07T16:20:30.092+0000] {dagbag.py:539} INFO - Filling up the DagBag from /home/airflow/.local/lib/python3.8/site-packages/airflow/example_dags/example_xcom.py
[2023-09-07T16:20:30.099+0000] {processor.py:839} INFO - DAG(s) dict_keys(['example_xcom']) retrieved from /home/airflow/.local/lib/python3.8/site-packages/airflow/example_dags/example_xcom.py
[2023-09-07T16:20:30.116+0000] {logging_mixin.py:151} INFO - [2023-09-07T16:20:30.115+0000] {dag.py:2907} INFO - Sync 1 DAGs
[2023-09-07T16:20:30.129+0000] {logging_mixin.py:151} INFO - [2023-09-07T16:20:30.129+0000] {dag.py:3677} INFO - Setting next_dagrun for example_xcom to 2021-01-01T00:00:00+00:00, run_after=2021-01-01T00:00:00+00:00
[2023-09-07T16:20:30.139+0000] {processor.py:179} INFO - Processing /home/airflow/.local/lib/python3.8/site-packages/airflow/example_dags/example_xcom.py took 0.052 seconds
[2023-09-07T16:21:00.562+0000] {processor.py:157} INFO - Started process (PID=10791) to work on /home/airflow/.local/lib/python3.8/site-packages/airflow/example_dags/example_xcom.py
[2023-09-07T16:21:00.564+0000] {processor.py:829} INFO - Processing file /home/airflow/.local/lib/python3.8/site-packages/airflow/example_dags/example_xcom.py for tasks to queue
[2023-09-07T16:21:00.565+0000] {logging_mixin.py:151} INFO - [2023-09-07T16:21:00.564+0000] {dagbag.py:539} INFO - Filling up the DagBag from /home/airflow/.local/lib/python3.8/site-packages/airflow/example_dags/example_xcom.py
[2023-09-07T16:21:00.571+0000] {processor.py:839} INFO - DAG(s) dict_keys(['example_xcom']) retrieved from /home/airflow/.local/lib/python3.8/site-packages/airflow/example_dags/example_xcom.py
[2023-09-07T16:21:00.589+0000] {logging_mixin.py:151} INFO - [2023-09-07T16:21:00.588+0000] {dag.py:2907} INFO - Sync 1 DAGs
[2023-09-07T16:21:00.604+0000] {logging_mixin.py:151} INFO - [2023-09-07T16:21:00.604+0000] {dag.py:3677} INFO - Setting next_dagrun for example_xcom to 2021-01-01T00:00:00+00:00, run_after=2021-01-01T00:00:00+00:00
[2023-09-07T16:21:00.615+0000] {processor.py:179} INFO - Processing /home/airflow/.local/lib/python3.8/site-packages/airflow/example_dags/example_xcom.py took 0.055 seconds
[2023-09-07T16:21:30.905+0000] {processor.py:157} INFO - Started process (PID=11029) to work on /home/airflow/.local/lib/python3.8/site-packages/airflow/example_dags/example_xcom.py
[2023-09-07T16:21:30.908+0000] {processor.py:829} INFO - Processing file /home/airflow/.local/lib/python3.8/site-packages/airflow/example_dags/example_xcom.py for tasks to queue
[2023-09-07T16:21:30.909+0000] {logging_mixin.py:151} INFO - [2023-09-07T16:21:30.909+0000] {dagbag.py:539} INFO - Filling up the DagBag from /home/airflow/.local/lib/python3.8/site-packages/airflow/example_dags/example_xcom.py
[2023-09-07T16:21:30.914+0000] {processor.py:839} INFO - DAG(s) dict_keys(['example_xcom']) retrieved from /home/airflow/.local/lib/python3.8/site-packages/airflow/example_dags/example_xcom.py
[2023-09-07T16:21:30.932+0000] {logging_mixin.py:151} INFO - [2023-09-07T16:21:30.932+0000] {dag.py:2907} INFO - Sync 1 DAGs
[2023-09-07T16:21:30.946+0000] {logging_mixin.py:151} INFO - [2023-09-07T16:21:30.946+0000] {dag.py:3677} INFO - Setting next_dagrun for example_xcom to 2021-01-01T00:00:00+00:00, run_after=2021-01-01T00:00:00+00:00
[2023-09-07T16:21:30.957+0000] {processor.py:179} INFO - Processing /home/airflow/.local/lib/python3.8/site-packages/airflow/example_dags/example_xcom.py took 0.054 seconds
[2023-09-07T16:22:01.542+0000] {processor.py:157} INFO - Started process (PID=11267) to work on /home/airflow/.local/lib/python3.8/site-packages/airflow/example_dags/example_xcom.py
[2023-09-07T16:22:01.543+0000] {processor.py:829} INFO - Processing file /home/airflow/.local/lib/python3.8/site-packages/airflow/example_dags/example_xcom.py for tasks to queue
[2023-09-07T16:22:01.544+0000] {logging_mixin.py:151} INFO - [2023-09-07T16:22:01.544+0000] {dagbag.py:539} INFO - Filling up the DagBag from /home/airflow/.local/lib/python3.8/site-packages/airflow/example_dags/example_xcom.py
[2023-09-07T16:22:01.550+0000] {processor.py:839} INFO - DAG(s) dict_keys(['example_xcom']) retrieved from /home/airflow/.local/lib/python3.8/site-packages/airflow/example_dags/example_xcom.py
[2023-09-07T16:22:01.568+0000] {logging_mixin.py:151} INFO - [2023-09-07T16:22:01.568+0000] {dag.py:2907} INFO - Sync 1 DAGs
[2023-09-07T16:22:01.582+0000] {logging_mixin.py:151} INFO - [2023-09-07T16:22:01.581+0000] {dag.py:3677} INFO - Setting next_dagrun for example_xcom to 2021-01-01T00:00:00+00:00, run_after=2021-01-01T00:00:00+00:00
[2023-09-07T16:22:01.592+0000] {processor.py:179} INFO - Processing /home/airflow/.local/lib/python3.8/site-packages/airflow/example_dags/example_xcom.py took 0.053 seconds
[2023-09-07T16:22:32.107+0000] {processor.py:157} INFO - Started process (PID=11504) to work on /home/airflow/.local/lib/python3.8/site-packages/airflow/example_dags/example_xcom.py
[2023-09-07T16:22:32.108+0000] {processor.py:829} INFO - Processing file /home/airflow/.local/lib/python3.8/site-packages/airflow/example_dags/example_xcom.py for tasks to queue
[2023-09-07T16:22:32.109+0000] {logging_mixin.py:151} INFO - [2023-09-07T16:22:32.109+0000] {dagbag.py:539} INFO - Filling up the DagBag from /home/airflow/.local/lib/python3.8/site-packages/airflow/example_dags/example_xcom.py
[2023-09-07T16:22:32.115+0000] {processor.py:839} INFO - DAG(s) dict_keys(['example_xcom']) retrieved from /home/airflow/.local/lib/python3.8/site-packages/airflow/example_dags/example_xcom.py
[2023-09-07T16:22:32.133+0000] {logging_mixin.py:151} INFO - [2023-09-07T16:22:32.132+0000] {dag.py:2907} INFO - Sync 1 DAGs
[2023-09-07T16:22:32.150+0000] {logging_mixin.py:151} INFO - [2023-09-07T16:22:32.150+0000] {dag.py:3677} INFO - Setting next_dagrun for example_xcom to 2021-01-01T00:00:00+00:00, run_after=2021-01-01T00:00:00+00:00
[2023-09-07T16:22:32.163+0000] {processor.py:179} INFO - Processing /home/airflow/.local/lib/python3.8/site-packages/airflow/example_dags/example_xcom.py took 0.059 seconds
[2023-09-07T16:23:02.645+0000] {processor.py:157} INFO - Started process (PID=11744) to work on /home/airflow/.local/lib/python3.8/site-packages/airflow/example_dags/example_xcom.py
[2023-09-07T16:23:02.646+0000] {processor.py:829} INFO - Processing file /home/airflow/.local/lib/python3.8/site-packages/airflow/example_dags/example_xcom.py for tasks to queue
[2023-09-07T16:23:02.647+0000] {logging_mixin.py:151} INFO - [2023-09-07T16:23:02.646+0000] {dagbag.py:539} INFO - Filling up the DagBag from /home/airflow/.local/lib/python3.8/site-packages/airflow/example_dags/example_xcom.py
[2023-09-07T16:23:02.652+0000] {processor.py:839} INFO - DAG(s) dict_keys(['example_xcom']) retrieved from /home/airflow/.local/lib/python3.8/site-packages/airflow/example_dags/example_xcom.py
[2023-09-07T16:23:02.668+0000] {logging_mixin.py:151} INFO - [2023-09-07T16:23:02.668+0000] {dag.py:2907} INFO - Sync 1 DAGs
[2023-09-07T16:23:02.680+0000] {logging_mixin.py:151} INFO - [2023-09-07T16:23:02.680+0000] {dag.py:3677} INFO - Setting next_dagrun for example_xcom to 2021-01-01T00:00:00+00:00, run_after=2021-01-01T00:00:00+00:00
[2023-09-07T16:23:02.689+0000] {processor.py:179} INFO - Processing /home/airflow/.local/lib/python3.8/site-packages/airflow/example_dags/example_xcom.py took 0.047 seconds
[2023-09-07T16:23:33.181+0000] {processor.py:157} INFO - Started process (PID=11980) to work on /home/airflow/.local/lib/python3.8/site-packages/airflow/example_dags/example_xcom.py
[2023-09-07T16:23:33.184+0000] {processor.py:829} INFO - Processing file /home/airflow/.local/lib/python3.8/site-packages/airflow/example_dags/example_xcom.py for tasks to queue
[2023-09-07T16:23:33.185+0000] {logging_mixin.py:151} INFO - [2023-09-07T16:23:33.185+0000] {dagbag.py:539} INFO - Filling up the DagBag from /home/airflow/.local/lib/python3.8/site-packages/airflow/example_dags/example_xcom.py
[2023-09-07T16:23:33.196+0000] {processor.py:839} INFO - DAG(s) dict_keys(['example_xcom']) retrieved from /home/airflow/.local/lib/python3.8/site-packages/airflow/example_dags/example_xcom.py
[2023-09-07T16:23:33.217+0000] {logging_mixin.py:151} INFO - [2023-09-07T16:23:33.217+0000] {dag.py:2907} INFO - Sync 1 DAGs
[2023-09-07T16:23:33.231+0000] {logging_mixin.py:151} INFO - [2023-09-07T16:23:33.231+0000] {dag.py:3677} INFO - Setting next_dagrun for example_xcom to 2021-01-01T00:00:00+00:00, run_after=2021-01-01T00:00:00+00:00
[2023-09-07T16:23:33.240+0000] {processor.py:179} INFO - Processing /home/airflow/.local/lib/python3.8/site-packages/airflow/example_dags/example_xcom.py took 0.063 seconds
[2023-09-07T16:24:03.761+0000] {processor.py:157} INFO - Started process (PID=12218) to work on /home/airflow/.local/lib/python3.8/site-packages/airflow/example_dags/example_xcom.py
[2023-09-07T16:24:03.763+0000] {processor.py:829} INFO - Processing file /home/airflow/.local/lib/python3.8/site-packages/airflow/example_dags/example_xcom.py for tasks to queue
[2023-09-07T16:24:03.764+0000] {logging_mixin.py:151} INFO - [2023-09-07T16:24:03.763+0000] {dagbag.py:539} INFO - Filling up the DagBag from /home/airflow/.local/lib/python3.8/site-packages/airflow/example_dags/example_xcom.py
[2023-09-07T16:24:03.770+0000] {processor.py:839} INFO - DAG(s) dict_keys(['example_xcom']) retrieved from /home/airflow/.local/lib/python3.8/site-packages/airflow/example_dags/example_xcom.py
[2023-09-07T16:24:03.788+0000] {logging_mixin.py:151} INFO - [2023-09-07T16:24:03.788+0000] {dag.py:2907} INFO - Sync 1 DAGs
[2023-09-07T16:24:03.801+0000] {logging_mixin.py:151} INFO - [2023-09-07T16:24:03.801+0000] {dag.py:3677} INFO - Setting next_dagrun for example_xcom to 2021-01-01T00:00:00+00:00, run_after=2021-01-01T00:00:00+00:00
[2023-09-07T16:24:03.813+0000] {processor.py:179} INFO - Processing /home/airflow/.local/lib/python3.8/site-packages/airflow/example_dags/example_xcom.py took 0.055 seconds
[2023-09-07T16:24:34.195+0000] {processor.py:157} INFO - Started process (PID=12456) to work on /home/airflow/.local/lib/python3.8/site-packages/airflow/example_dags/example_xcom.py
[2023-09-07T16:24:34.196+0000] {processor.py:829} INFO - Processing file /home/airflow/.local/lib/python3.8/site-packages/airflow/example_dags/example_xcom.py for tasks to queue
[2023-09-07T16:24:34.197+0000] {logging_mixin.py:151} INFO - [2023-09-07T16:24:34.197+0000] {dagbag.py:539} INFO - Filling up the DagBag from /home/airflow/.local/lib/python3.8/site-packages/airflow/example_dags/example_xcom.py
[2023-09-07T16:24:34.203+0000] {processor.py:839} INFO - DAG(s) dict_keys(['example_xcom']) retrieved from /home/airflow/.local/lib/python3.8/site-packages/airflow/example_dags/example_xcom.py
[2023-09-07T16:24:34.220+0000] {logging_mixin.py:151} INFO - [2023-09-07T16:24:34.220+0000] {dag.py:2907} INFO - Sync 1 DAGs
[2023-09-07T16:24:34.234+0000] {logging_mixin.py:151} INFO - [2023-09-07T16:24:34.233+0000] {dag.py:3677} INFO - Setting next_dagrun for example_xcom to 2021-01-01T00:00:00+00:00, run_after=2021-01-01T00:00:00+00:00
[2023-09-07T16:24:34.246+0000] {processor.py:179} INFO - Processing /home/airflow/.local/lib/python3.8/site-packages/airflow/example_dags/example_xcom.py took 0.054 seconds
[2023-09-07T16:25:04.549+0000] {processor.py:157} INFO - Started process (PID=12695) to work on /home/airflow/.local/lib/python3.8/site-packages/airflow/example_dags/example_xcom.py
[2023-09-07T16:25:04.552+0000] {processor.py:829} INFO - Processing file /home/airflow/.local/lib/python3.8/site-packages/airflow/example_dags/example_xcom.py for tasks to queue
[2023-09-07T16:25:04.554+0000] {logging_mixin.py:151} INFO - [2023-09-07T16:25:04.553+0000] {dagbag.py:539} INFO - Filling up the DagBag from /home/airflow/.local/lib/python3.8/site-packages/airflow/example_dags/example_xcom.py
[2023-09-07T16:25:04.567+0000] {processor.py:839} INFO - DAG(s) dict_keys(['example_xcom']) retrieved from /home/airflow/.local/lib/python3.8/site-packages/airflow/example_dags/example_xcom.py
[2023-09-07T16:25:04.590+0000] {logging_mixin.py:151} INFO - [2023-09-07T16:25:04.590+0000] {dag.py:2907} INFO - Sync 1 DAGs
[2023-09-07T16:25:04.607+0000] {logging_mixin.py:151} INFO - [2023-09-07T16:25:04.607+0000] {dag.py:3677} INFO - Setting next_dagrun for example_xcom to 2021-01-01T00:00:00+00:00, run_after=2021-01-01T00:00:00+00:00
[2023-09-07T16:25:04.621+0000] {processor.py:179} INFO - Processing /home/airflow/.local/lib/python3.8/site-packages/airflow/example_dags/example_xcom.py took 0.075 seconds
[2023-09-07T16:25:35.120+0000] {processor.py:157} INFO - Started process (PID=12932) to work on /home/airflow/.local/lib/python3.8/site-packages/airflow/example_dags/example_xcom.py
[2023-09-07T16:25:35.121+0000] {processor.py:829} INFO - Processing file /home/airflow/.local/lib/python3.8/site-packages/airflow/example_dags/example_xcom.py for tasks to queue
[2023-09-07T16:25:35.122+0000] {logging_mixin.py:151} INFO - [2023-09-07T16:25:35.122+0000] {dagbag.py:539} INFO - Filling up the DagBag from /home/airflow/.local/lib/python3.8/site-packages/airflow/example_dags/example_xcom.py
[2023-09-07T16:25:35.128+0000] {processor.py:839} INFO - DAG(s) dict_keys(['example_xcom']) retrieved from /home/airflow/.local/lib/python3.8/site-packages/airflow/example_dags/example_xcom.py
[2023-09-07T16:25:35.147+0000] {logging_mixin.py:151} INFO - [2023-09-07T16:25:35.146+0000] {dag.py:2907} INFO - Sync 1 DAGs
[2023-09-07T16:25:35.169+0000] {logging_mixin.py:151} INFO - [2023-09-07T16:25:35.169+0000] {dag.py:3677} INFO - Setting next_dagrun for example_xcom to 2021-01-01T00:00:00+00:00, run_after=2021-01-01T00:00:00+00:00
[2023-09-07T16:25:35.189+0000] {processor.py:179} INFO - Processing /home/airflow/.local/lib/python3.8/site-packages/airflow/example_dags/example_xcom.py took 0.072 seconds
[2023-09-07T16:26:05.703+0000] {processor.py:157} INFO - Started process (PID=13170) to work on /home/airflow/.local/lib/python3.8/site-packages/airflow/example_dags/example_xcom.py
[2023-09-07T16:26:05.706+0000] {processor.py:829} INFO - Processing file /home/airflow/.local/lib/python3.8/site-packages/airflow/example_dags/example_xcom.py for tasks to queue
[2023-09-07T16:26:05.707+0000] {logging_mixin.py:151} INFO - [2023-09-07T16:26:05.706+0000] {dagbag.py:539} INFO - Filling up the DagBag from /home/airflow/.local/lib/python3.8/site-packages/airflow/example_dags/example_xcom.py
[2023-09-07T16:26:05.712+0000] {processor.py:839} INFO - DAG(s) dict_keys(['example_xcom']) retrieved from /home/airflow/.local/lib/python3.8/site-packages/airflow/example_dags/example_xcom.py
[2023-09-07T16:26:05.730+0000] {logging_mixin.py:151} INFO - [2023-09-07T16:26:05.730+0000] {dag.py:2907} INFO - Sync 1 DAGs
[2023-09-07T16:26:05.743+0000] {logging_mixin.py:151} INFO - [2023-09-07T16:26:05.743+0000] {dag.py:3677} INFO - Setting next_dagrun for example_xcom to 2021-01-01T00:00:00+00:00, run_after=2021-01-01T00:00:00+00:00
[2023-09-07T16:26:05.755+0000] {processor.py:179} INFO - Processing /home/airflow/.local/lib/python3.8/site-packages/airflow/example_dags/example_xcom.py took 0.054 seconds
[2023-09-07T16:26:36.426+0000] {processor.py:157} INFO - Started process (PID=13409) to work on /home/airflow/.local/lib/python3.8/site-packages/airflow/example_dags/example_xcom.py
[2023-09-07T16:26:36.428+0000] {processor.py:829} INFO - Processing file /home/airflow/.local/lib/python3.8/site-packages/airflow/example_dags/example_xcom.py for tasks to queue
[2023-09-07T16:26:36.429+0000] {logging_mixin.py:151} INFO - [2023-09-07T16:26:36.429+0000] {dagbag.py:539} INFO - Filling up the DagBag from /home/airflow/.local/lib/python3.8/site-packages/airflow/example_dags/example_xcom.py
[2023-09-07T16:26:36.435+0000] {processor.py:839} INFO - DAG(s) dict_keys(['example_xcom']) retrieved from /home/airflow/.local/lib/python3.8/site-packages/airflow/example_dags/example_xcom.py
[2023-09-07T16:26:36.452+0000] {logging_mixin.py:151} INFO - [2023-09-07T16:26:36.452+0000] {dag.py:2907} INFO - Sync 1 DAGs
[2023-09-07T16:26:36.466+0000] {logging_mixin.py:151} INFO - [2023-09-07T16:26:36.466+0000] {dag.py:3677} INFO - Setting next_dagrun for example_xcom to 2021-01-01T00:00:00+00:00, run_after=2021-01-01T00:00:00+00:00
[2023-09-07T16:26:36.476+0000] {processor.py:179} INFO - Processing /home/airflow/.local/lib/python3.8/site-packages/airflow/example_dags/example_xcom.py took 0.052 seconds
[2023-09-07T16:27:06.742+0000] {processor.py:157} INFO - Started process (PID=13649) to work on /home/airflow/.local/lib/python3.8/site-packages/airflow/example_dags/example_xcom.py
[2023-09-07T16:27:06.743+0000] {processor.py:829} INFO - Processing file /home/airflow/.local/lib/python3.8/site-packages/airflow/example_dags/example_xcom.py for tasks to queue
[2023-09-07T16:27:06.744+0000] {logging_mixin.py:151} INFO - [2023-09-07T16:27:06.744+0000] {dagbag.py:539} INFO - Filling up the DagBag from /home/airflow/.local/lib/python3.8/site-packages/airflow/example_dags/example_xcom.py
[2023-09-07T16:27:06.749+0000] {processor.py:839} INFO - DAG(s) dict_keys(['example_xcom']) retrieved from /home/airflow/.local/lib/python3.8/site-packages/airflow/example_dags/example_xcom.py
[2023-09-07T16:27:06.766+0000] {logging_mixin.py:151} INFO - [2023-09-07T16:27:06.766+0000] {dag.py:2907} INFO - Sync 1 DAGs
[2023-09-07T16:27:06.778+0000] {logging_mixin.py:151} INFO - [2023-09-07T16:27:06.777+0000] {dag.py:3677} INFO - Setting next_dagrun for example_xcom to 2021-01-01T00:00:00+00:00, run_after=2021-01-01T00:00:00+00:00
[2023-09-07T16:27:06.787+0000] {processor.py:179} INFO - Processing /home/airflow/.local/lib/python3.8/site-packages/airflow/example_dags/example_xcom.py took 0.048 seconds
[2023-09-07T16:27:37.157+0000] {processor.py:157} INFO - Started process (PID=13886) to work on /home/airflow/.local/lib/python3.8/site-packages/airflow/example_dags/example_xcom.py
[2023-09-07T16:27:37.162+0000] {processor.py:829} INFO - Processing file /home/airflow/.local/lib/python3.8/site-packages/airflow/example_dags/example_xcom.py for tasks to queue
[2023-09-07T16:27:37.165+0000] {logging_mixin.py:151} INFO - [2023-09-07T16:27:37.164+0000] {dagbag.py:539} INFO - Filling up the DagBag from /home/airflow/.local/lib/python3.8/site-packages/airflow/example_dags/example_xcom.py
[2023-09-07T16:27:37.173+0000] {processor.py:839} INFO - DAG(s) dict_keys(['example_xcom']) retrieved from /home/airflow/.local/lib/python3.8/site-packages/airflow/example_dags/example_xcom.py
[2023-09-07T16:27:37.192+0000] {logging_mixin.py:151} INFO - [2023-09-07T16:27:37.192+0000] {dag.py:2907} INFO - Sync 1 DAGs
[2023-09-07T16:27:37.206+0000] {logging_mixin.py:151} INFO - [2023-09-07T16:27:37.206+0000] {dag.py:3677} INFO - Setting next_dagrun for example_xcom to 2021-01-01T00:00:00+00:00, run_after=2021-01-01T00:00:00+00:00
[2023-09-07T16:27:37.217+0000] {processor.py:179} INFO - Processing /home/airflow/.local/lib/python3.8/site-packages/airflow/example_dags/example_xcom.py took 0.063 seconds
[2023-09-07T16:28:07.570+0000] {processor.py:157} INFO - Started process (PID=14124) to work on /home/airflow/.local/lib/python3.8/site-packages/airflow/example_dags/example_xcom.py
[2023-09-07T16:28:07.571+0000] {processor.py:829} INFO - Processing file /home/airflow/.local/lib/python3.8/site-packages/airflow/example_dags/example_xcom.py for tasks to queue
[2023-09-07T16:28:07.572+0000] {logging_mixin.py:151} INFO - [2023-09-07T16:28:07.572+0000] {dagbag.py:539} INFO - Filling up the DagBag from /home/airflow/.local/lib/python3.8/site-packages/airflow/example_dags/example_xcom.py
[2023-09-07T16:28:07.578+0000] {processor.py:839} INFO - DAG(s) dict_keys(['example_xcom']) retrieved from /home/airflow/.local/lib/python3.8/site-packages/airflow/example_dags/example_xcom.py
[2023-09-07T16:28:07.595+0000] {logging_mixin.py:151} INFO - [2023-09-07T16:28:07.595+0000] {dag.py:2907} INFO - Sync 1 DAGs
[2023-09-07T16:28:07.608+0000] {logging_mixin.py:151} INFO - [2023-09-07T16:28:07.608+0000] {dag.py:3677} INFO - Setting next_dagrun for example_xcom to 2021-01-01T00:00:00+00:00, run_after=2021-01-01T00:00:00+00:00
[2023-09-07T16:28:07.619+0000] {processor.py:179} INFO - Processing /home/airflow/.local/lib/python3.8/site-packages/airflow/example_dags/example_xcom.py took 0.052 seconds
[2023-09-07T16:28:38.386+0000] {processor.py:157} INFO - Started process (PID=14362) to work on /home/airflow/.local/lib/python3.8/site-packages/airflow/example_dags/example_xcom.py
[2023-09-07T16:28:38.387+0000] {processor.py:829} INFO - Processing file /home/airflow/.local/lib/python3.8/site-packages/airflow/example_dags/example_xcom.py for tasks to queue
[2023-09-07T16:28:38.388+0000] {logging_mixin.py:151} INFO - [2023-09-07T16:28:38.388+0000] {dagbag.py:539} INFO - Filling up the DagBag from /home/airflow/.local/lib/python3.8/site-packages/airflow/example_dags/example_xcom.py
[2023-09-07T16:28:38.394+0000] {processor.py:839} INFO - DAG(s) dict_keys(['example_xcom']) retrieved from /home/airflow/.local/lib/python3.8/site-packages/airflow/example_dags/example_xcom.py
[2023-09-07T16:28:38.411+0000] {logging_mixin.py:151} INFO - [2023-09-07T16:28:38.411+0000] {dag.py:2907} INFO - Sync 1 DAGs
[2023-09-07T16:28:38.424+0000] {logging_mixin.py:151} INFO - [2023-09-07T16:28:38.424+0000] {dag.py:3677} INFO - Setting next_dagrun for example_xcom to 2021-01-01T00:00:00+00:00, run_after=2021-01-01T00:00:00+00:00
[2023-09-07T16:28:38.434+0000] {processor.py:179} INFO - Processing /home/airflow/.local/lib/python3.8/site-packages/airflow/example_dags/example_xcom.py took 0.051 seconds
[2023-09-07T16:29:09.090+0000] {processor.py:157} INFO - Started process (PID=14599) to work on /home/airflow/.local/lib/python3.8/site-packages/airflow/example_dags/example_xcom.py
[2023-09-07T16:29:09.092+0000] {processor.py:829} INFO - Processing file /home/airflow/.local/lib/python3.8/site-packages/airflow/example_dags/example_xcom.py for tasks to queue
[2023-09-07T16:29:09.093+0000] {logging_mixin.py:151} INFO - [2023-09-07T16:29:09.092+0000] {dagbag.py:539} INFO - Filling up the DagBag from /home/airflow/.local/lib/python3.8/site-packages/airflow/example_dags/example_xcom.py
[2023-09-07T16:29:09.098+0000] {processor.py:839} INFO - DAG(s) dict_keys(['example_xcom']) retrieved from /home/airflow/.local/lib/python3.8/site-packages/airflow/example_dags/example_xcom.py
[2023-09-07T16:29:09.116+0000] {logging_mixin.py:151} INFO - [2023-09-07T16:29:09.116+0000] {dag.py:2907} INFO - Sync 1 DAGs
[2023-09-07T16:29:09.133+0000] {logging_mixin.py:151} INFO - [2023-09-07T16:29:09.132+0000] {dag.py:3677} INFO - Setting next_dagrun for example_xcom to 2021-01-01T00:00:00+00:00, run_after=2021-01-01T00:00:00+00:00
[2023-09-07T16:29:09.142+0000] {processor.py:179} INFO - Processing /home/airflow/.local/lib/python3.8/site-packages/airflow/example_dags/example_xcom.py took 0.055 seconds
[2023-09-07T16:30:59.357+0000] {processor.py:157} INFO - Started process (PID=14835) to work on /home/airflow/.local/lib/python3.8/site-packages/airflow/example_dags/example_xcom.py
[2023-09-07T16:30:59.358+0000] {processor.py:829} INFO - Processing file /home/airflow/.local/lib/python3.8/site-packages/airflow/example_dags/example_xcom.py for tasks to queue
[2023-09-07T16:30:59.359+0000] {logging_mixin.py:151} INFO - [2023-09-07T16:30:59.359+0000] {dagbag.py:539} INFO - Filling up the DagBag from /home/airflow/.local/lib/python3.8/site-packages/airflow/example_dags/example_xcom.py
[2023-09-07T16:30:59.366+0000] {processor.py:839} INFO - DAG(s) dict_keys(['example_xcom']) retrieved from /home/airflow/.local/lib/python3.8/site-packages/airflow/example_dags/example_xcom.py
[2023-09-07T16:30:59.386+0000] {logging_mixin.py:151} INFO - [2023-09-07T16:30:59.385+0000] {dag.py:2907} INFO - Sync 1 DAGs
[2023-09-07T16:30:59.400+0000] {logging_mixin.py:151} INFO - [2023-09-07T16:30:59.400+0000] {dag.py:3677} INFO - Setting next_dagrun for example_xcom to 2021-01-01T00:00:00+00:00, run_after=2021-01-01T00:00:00+00:00
[2023-09-07T16:30:59.419+0000] {processor.py:179} INFO - Processing /home/airflow/.local/lib/python3.8/site-packages/airflow/example_dags/example_xcom.py took 0.065 seconds
[2023-09-07T16:31:30.003+0000] {processor.py:157} INFO - Started process (PID=15073) to work on /home/airflow/.local/lib/python3.8/site-packages/airflow/example_dags/example_xcom.py
[2023-09-07T16:31:30.005+0000] {processor.py:829} INFO - Processing file /home/airflow/.local/lib/python3.8/site-packages/airflow/example_dags/example_xcom.py for tasks to queue
[2023-09-07T16:31:30.006+0000] {logging_mixin.py:151} INFO - [2023-09-07T16:31:30.006+0000] {dagbag.py:539} INFO - Filling up the DagBag from /home/airflow/.local/lib/python3.8/site-packages/airflow/example_dags/example_xcom.py
[2023-09-07T16:31:30.016+0000] {processor.py:839} INFO - DAG(s) dict_keys(['example_xcom']) retrieved from /home/airflow/.local/lib/python3.8/site-packages/airflow/example_dags/example_xcom.py
[2023-09-07T16:31:30.042+0000] {logging_mixin.py:151} INFO - [2023-09-07T16:31:30.042+0000] {dag.py:2907} INFO - Sync 1 DAGs
[2023-09-07T16:31:30.062+0000] {logging_mixin.py:151} INFO - [2023-09-07T16:31:30.062+0000] {dag.py:3677} INFO - Setting next_dagrun for example_xcom to 2021-01-01T00:00:00+00:00, run_after=2021-01-01T00:00:00+00:00
[2023-09-07T16:31:30.072+0000] {processor.py:179} INFO - Processing /home/airflow/.local/lib/python3.8/site-packages/airflow/example_dags/example_xcom.py took 0.074 seconds
[2023-09-07T16:32:00.851+0000] {processor.py:157} INFO - Started process (PID=15311) to work on /home/airflow/.local/lib/python3.8/site-packages/airflow/example_dags/example_xcom.py
[2023-09-07T16:32:00.856+0000] {processor.py:829} INFO - Processing file /home/airflow/.local/lib/python3.8/site-packages/airflow/example_dags/example_xcom.py for tasks to queue
[2023-09-07T16:32:00.857+0000] {logging_mixin.py:151} INFO - [2023-09-07T16:32:00.857+0000] {dagbag.py:539} INFO - Filling up the DagBag from /home/airflow/.local/lib/python3.8/site-packages/airflow/example_dags/example_xcom.py
[2023-09-07T16:32:00.866+0000] {processor.py:839} INFO - DAG(s) dict_keys(['example_xcom']) retrieved from /home/airflow/.local/lib/python3.8/site-packages/airflow/example_dags/example_xcom.py
[2023-09-07T16:32:00.886+0000] {logging_mixin.py:151} INFO - [2023-09-07T16:32:00.886+0000] {dag.py:2907} INFO - Sync 1 DAGs
[2023-09-07T16:32:00.901+0000] {logging_mixin.py:151} INFO - [2023-09-07T16:32:00.901+0000] {dag.py:3677} INFO - Setting next_dagrun for example_xcom to 2021-01-01T00:00:00+00:00, run_after=2021-01-01T00:00:00+00:00
[2023-09-07T16:32:00.911+0000] {processor.py:179} INFO - Processing /home/airflow/.local/lib/python3.8/site-packages/airflow/example_dags/example_xcom.py took 0.065 seconds
[2023-09-07T16:32:33.919+0000] {processor.py:157} INFO - Started process (PID=15549) to work on /home/airflow/.local/lib/python3.8/site-packages/airflow/example_dags/example_xcom.py
[2023-09-07T16:32:33.924+0000] {processor.py:829} INFO - Processing file /home/airflow/.local/lib/python3.8/site-packages/airflow/example_dags/example_xcom.py for tasks to queue
[2023-09-07T16:32:33.930+0000] {logging_mixin.py:151} INFO - [2023-09-07T16:32:33.929+0000] {dagbag.py:539} INFO - Filling up the DagBag from /home/airflow/.local/lib/python3.8/site-packages/airflow/example_dags/example_xcom.py
[2023-09-07T16:32:33.941+0000] {processor.py:839} INFO - DAG(s) dict_keys(['example_xcom']) retrieved from /home/airflow/.local/lib/python3.8/site-packages/airflow/example_dags/example_xcom.py
[2023-09-07T16:32:33.964+0000] {logging_mixin.py:151} INFO - [2023-09-07T16:32:33.964+0000] {dag.py:2907} INFO - Sync 1 DAGs
[2023-09-07T16:32:33.995+0000] {logging_mixin.py:151} INFO - [2023-09-07T16:32:33.995+0000] {dag.py:3677} INFO - Setting next_dagrun for example_xcom to 2021-01-01T00:00:00+00:00, run_after=2021-01-01T00:00:00+00:00
[2023-09-07T16:32:34.013+0000] {processor.py:179} INFO - Processing /home/airflow/.local/lib/python3.8/site-packages/airflow/example_dags/example_xcom.py took 0.102 seconds
[2023-09-07T16:33:07.829+0000] {processor.py:157} INFO - Started process (PID=15789) to work on /home/airflow/.local/lib/python3.8/site-packages/airflow/example_dags/example_xcom.py
[2023-09-07T16:33:07.830+0000] {processor.py:829} INFO - Processing file /home/airflow/.local/lib/python3.8/site-packages/airflow/example_dags/example_xcom.py for tasks to queue
[2023-09-07T16:33:07.831+0000] {logging_mixin.py:151} INFO - [2023-09-07T16:33:07.831+0000] {dagbag.py:539} INFO - Filling up the DagBag from /home/airflow/.local/lib/python3.8/site-packages/airflow/example_dags/example_xcom.py
[2023-09-07T16:33:07.838+0000] {processor.py:839} INFO - DAG(s) dict_keys(['example_xcom']) retrieved from /home/airflow/.local/lib/python3.8/site-packages/airflow/example_dags/example_xcom.py
[2023-09-07T16:33:07.857+0000] {logging_mixin.py:151} INFO - [2023-09-07T16:33:07.857+0000] {dag.py:2907} INFO - Sync 1 DAGs
[2023-09-07T16:33:07.881+0000] {logging_mixin.py:151} INFO - [2023-09-07T16:33:07.880+0000] {dag.py:3677} INFO - Setting next_dagrun for example_xcom to 2021-01-01T00:00:00+00:00, run_after=2021-01-01T00:00:00+00:00
[2023-09-07T16:33:07.901+0000] {processor.py:179} INFO - Processing /home/airflow/.local/lib/python3.8/site-packages/airflow/example_dags/example_xcom.py took 0.076 seconds
[2023-09-07T16:33:38.901+0000] {processor.py:157} INFO - Started process (PID=16025) to work on /home/airflow/.local/lib/python3.8/site-packages/airflow/example_dags/example_xcom.py
[2023-09-07T16:33:38.904+0000] {processor.py:829} INFO - Processing file /home/airflow/.local/lib/python3.8/site-packages/airflow/example_dags/example_xcom.py for tasks to queue
[2023-09-07T16:33:38.905+0000] {logging_mixin.py:151} INFO - [2023-09-07T16:33:38.905+0000] {dagbag.py:539} INFO - Filling up the DagBag from /home/airflow/.local/lib/python3.8/site-packages/airflow/example_dags/example_xcom.py
[2023-09-07T16:33:38.914+0000] {processor.py:839} INFO - DAG(s) dict_keys(['example_xcom']) retrieved from /home/airflow/.local/lib/python3.8/site-packages/airflow/example_dags/example_xcom.py
[2023-09-07T16:33:38.934+0000] {logging_mixin.py:151} INFO - [2023-09-07T16:33:38.933+0000] {dag.py:2907} INFO - Sync 1 DAGs
[2023-09-07T16:33:38.957+0000] {logging_mixin.py:151} INFO - [2023-09-07T16:33:38.956+0000] {dag.py:3677} INFO - Setting next_dagrun for example_xcom to 2021-01-01T00:00:00+00:00, run_after=2021-01-01T00:00:00+00:00
[2023-09-07T16:33:38.984+0000] {processor.py:179} INFO - Processing /home/airflow/.local/lib/python3.8/site-packages/airflow/example_dags/example_xcom.py took 0.087 seconds
[2023-09-07T16:34:09.620+0000] {processor.py:157} INFO - Started process (PID=16265) to work on /home/airflow/.local/lib/python3.8/site-packages/airflow/example_dags/example_xcom.py
[2023-09-07T16:34:09.621+0000] {processor.py:829} INFO - Processing file /home/airflow/.local/lib/python3.8/site-packages/airflow/example_dags/example_xcom.py for tasks to queue
[2023-09-07T16:34:09.622+0000] {logging_mixin.py:151} INFO - [2023-09-07T16:34:09.622+0000] {dagbag.py:539} INFO - Filling up the DagBag from /home/airflow/.local/lib/python3.8/site-packages/airflow/example_dags/example_xcom.py
[2023-09-07T16:34:09.630+0000] {processor.py:839} INFO - DAG(s) dict_keys(['example_xcom']) retrieved from /home/airflow/.local/lib/python3.8/site-packages/airflow/example_dags/example_xcom.py
[2023-09-07T16:34:09.651+0000] {logging_mixin.py:151} INFO - [2023-09-07T16:34:09.650+0000] {dag.py:2907} INFO - Sync 1 DAGs
[2023-09-07T16:34:09.667+0000] {logging_mixin.py:151} INFO - [2023-09-07T16:34:09.666+0000] {dag.py:3677} INFO - Setting next_dagrun for example_xcom to 2021-01-01T00:00:00+00:00, run_after=2021-01-01T00:00:00+00:00
[2023-09-07T16:34:09.680+0000] {processor.py:179} INFO - Processing /home/airflow/.local/lib/python3.8/site-packages/airflow/example_dags/example_xcom.py took 0.064 seconds
