[2023-09-07T15:58:27.982+0000] {processor.py:157} INFO - Started process (PID=353) to work on /home/airflow/.local/lib/python3.8/site-packages/airflow/example_dags/tutorial_taskflow_api.py
[2023-09-07T15:58:27.983+0000] {processor.py:829} INFO - Processing file /home/airflow/.local/lib/python3.8/site-packages/airflow/example_dags/tutorial_taskflow_api.py for tasks to queue
[2023-09-07T15:58:27.984+0000] {logging_mixin.py:151} INFO - [2023-09-07T15:58:27.984+0000] {dagbag.py:539} INFO - Filling up the DagBag from /home/airflow/.local/lib/python3.8/site-packages/airflow/example_dags/tutorial_taskflow_api.py
[2023-09-07T15:58:27.990+0000] {processor.py:839} INFO - DAG(s) dict_keys(['tutorial_taskflow_api']) retrieved from /home/airflow/.local/lib/python3.8/site-packages/airflow/example_dags/tutorial_taskflow_api.py
[2023-09-07T15:58:28.002+0000] {logging_mixin.py:151} INFO - [2023-09-07T15:58:28.002+0000] {dag.py:2907} INFO - Sync 1 DAGs
[2023-09-07T15:58:28.013+0000] {logging_mixin.py:151} INFO - [2023-09-07T15:58:28.013+0000] {dag.py:3677} INFO - Setting next_dagrun for tutorial_taskflow_api to None, run_after=None
[2023-09-07T15:58:28.026+0000] {processor.py:179} INFO - Processing /home/airflow/.local/lib/python3.8/site-packages/airflow/example_dags/tutorial_taskflow_api.py took 0.047 seconds
[2023-09-07T15:58:58.744+0000] {processor.py:157} INFO - Started process (PID=590) to work on /home/airflow/.local/lib/python3.8/site-packages/airflow/example_dags/tutorial_taskflow_api.py
[2023-09-07T15:58:58.745+0000] {processor.py:829} INFO - Processing file /home/airflow/.local/lib/python3.8/site-packages/airflow/example_dags/tutorial_taskflow_api.py for tasks to queue
[2023-09-07T15:58:58.746+0000] {logging_mixin.py:151} INFO - [2023-09-07T15:58:58.746+0000] {dagbag.py:539} INFO - Filling up the DagBag from /home/airflow/.local/lib/python3.8/site-packages/airflow/example_dags/tutorial_taskflow_api.py
[2023-09-07T15:58:58.752+0000] {processor.py:839} INFO - DAG(s) dict_keys(['tutorial_taskflow_api']) retrieved from /home/airflow/.local/lib/python3.8/site-packages/airflow/example_dags/tutorial_taskflow_api.py
[2023-09-07T15:58:58.779+0000] {logging_mixin.py:151} INFO - [2023-09-07T15:58:58.779+0000] {dag.py:2907} INFO - Sync 1 DAGs
[2023-09-07T15:58:58.792+0000] {logging_mixin.py:151} INFO - [2023-09-07T15:58:58.792+0000] {dag.py:3677} INFO - Setting next_dagrun for tutorial_taskflow_api to None, run_after=None
[2023-09-07T15:58:58.917+0000] {processor.py:179} INFO - Processing /home/airflow/.local/lib/python3.8/site-packages/airflow/example_dags/tutorial_taskflow_api.py took 0.176 seconds
[2023-09-07T15:59:31.032+0000] {processor.py:157} INFO - Started process (PID=828) to work on /home/airflow/.local/lib/python3.8/site-packages/airflow/example_dags/tutorial_taskflow_api.py
[2023-09-07T15:59:31.033+0000] {processor.py:829} INFO - Processing file /home/airflow/.local/lib/python3.8/site-packages/airflow/example_dags/tutorial_taskflow_api.py for tasks to queue
[2023-09-07T15:59:31.035+0000] {logging_mixin.py:151} INFO - [2023-09-07T15:59:31.034+0000] {dagbag.py:539} INFO - Filling up the DagBag from /home/airflow/.local/lib/python3.8/site-packages/airflow/example_dags/tutorial_taskflow_api.py
[2023-09-07T15:59:31.041+0000] {processor.py:839} INFO - DAG(s) dict_keys(['tutorial_taskflow_api']) retrieved from /home/airflow/.local/lib/python3.8/site-packages/airflow/example_dags/tutorial_taskflow_api.py
[2023-09-07T15:59:31.063+0000] {logging_mixin.py:151} INFO - [2023-09-07T15:59:31.063+0000] {dag.py:2907} INFO - Sync 1 DAGs
[2023-09-07T15:59:31.072+0000] {logging_mixin.py:151} INFO - [2023-09-07T15:59:31.072+0000] {dag.py:3677} INFO - Setting next_dagrun for tutorial_taskflow_api to None, run_after=None
[2023-09-07T15:59:31.085+0000] {processor.py:179} INFO - Processing /home/airflow/.local/lib/python3.8/site-packages/airflow/example_dags/tutorial_taskflow_api.py took 0.058 seconds
[2023-09-07T16:00:02.263+0000] {processor.py:157} INFO - Started process (PID=1068) to work on /home/airflow/.local/lib/python3.8/site-packages/airflow/example_dags/tutorial_taskflow_api.py
[2023-09-07T16:00:02.266+0000] {processor.py:829} INFO - Processing file /home/airflow/.local/lib/python3.8/site-packages/airflow/example_dags/tutorial_taskflow_api.py for tasks to queue
[2023-09-07T16:00:02.268+0000] {logging_mixin.py:151} INFO - [2023-09-07T16:00:02.268+0000] {dagbag.py:539} INFO - Filling up the DagBag from /home/airflow/.local/lib/python3.8/site-packages/airflow/example_dags/tutorial_taskflow_api.py
[2023-09-07T16:00:02.278+0000] {processor.py:839} INFO - DAG(s) dict_keys(['tutorial_taskflow_api']) retrieved from /home/airflow/.local/lib/python3.8/site-packages/airflow/example_dags/tutorial_taskflow_api.py
[2023-09-07T16:00:02.312+0000] {logging_mixin.py:151} INFO - [2023-09-07T16:00:02.312+0000] {dag.py:2907} INFO - Sync 1 DAGs
[2023-09-07T16:00:02.328+0000] {logging_mixin.py:151} INFO - [2023-09-07T16:00:02.328+0000] {dag.py:3677} INFO - Setting next_dagrun for tutorial_taskflow_api to None, run_after=None
[2023-09-07T16:00:02.370+0000] {processor.py:179} INFO - Processing /home/airflow/.local/lib/python3.8/site-packages/airflow/example_dags/tutorial_taskflow_api.py took 0.112 seconds
[2023-09-07T16:00:38.029+0000] {processor.py:157} INFO - Started process (PID=1303) to work on /home/airflow/.local/lib/python3.8/site-packages/airflow/example_dags/tutorial_taskflow_api.py
[2023-09-07T16:00:38.032+0000] {processor.py:829} INFO - Processing file /home/airflow/.local/lib/python3.8/site-packages/airflow/example_dags/tutorial_taskflow_api.py for tasks to queue
[2023-09-07T16:00:38.033+0000] {logging_mixin.py:151} INFO - [2023-09-07T16:00:38.033+0000] {dagbag.py:539} INFO - Filling up the DagBag from /home/airflow/.local/lib/python3.8/site-packages/airflow/example_dags/tutorial_taskflow_api.py
[2023-09-07T16:00:38.042+0000] {processor.py:839} INFO - DAG(s) dict_keys(['tutorial_taskflow_api']) retrieved from /home/airflow/.local/lib/python3.8/site-packages/airflow/example_dags/tutorial_taskflow_api.py
[2023-09-07T16:00:38.098+0000] {logging_mixin.py:151} INFO - [2023-09-07T16:00:38.098+0000] {dag.py:2907} INFO - Sync 1 DAGs
[2023-09-07T16:00:38.136+0000] {logging_mixin.py:151} INFO - [2023-09-07T16:00:38.135+0000] {dag.py:3677} INFO - Setting next_dagrun for tutorial_taskflow_api to None, run_after=None
[2023-09-07T16:00:38.162+0000] {processor.py:179} INFO - Processing /home/airflow/.local/lib/python3.8/site-packages/airflow/example_dags/tutorial_taskflow_api.py took 0.137 seconds
[2023-09-07T16:01:08.824+0000] {processor.py:157} INFO - Started process (PID=1565) to work on /home/airflow/.local/lib/python3.8/site-packages/airflow/example_dags/tutorial_taskflow_api.py
[2023-09-07T16:01:08.826+0000] {processor.py:829} INFO - Processing file /home/airflow/.local/lib/python3.8/site-packages/airflow/example_dags/tutorial_taskflow_api.py for tasks to queue
[2023-09-07T16:01:08.827+0000] {logging_mixin.py:151} INFO - [2023-09-07T16:01:08.826+0000] {dagbag.py:539} INFO - Filling up the DagBag from /home/airflow/.local/lib/python3.8/site-packages/airflow/example_dags/tutorial_taskflow_api.py
[2023-09-07T16:01:08.832+0000] {processor.py:839} INFO - DAG(s) dict_keys(['tutorial_taskflow_api']) retrieved from /home/airflow/.local/lib/python3.8/site-packages/airflow/example_dags/tutorial_taskflow_api.py
[2023-09-07T16:01:08.852+0000] {logging_mixin.py:151} INFO - [2023-09-07T16:01:08.852+0000] {dag.py:2907} INFO - Sync 1 DAGs
[2023-09-07T16:01:08.865+0000] {logging_mixin.py:151} INFO - [2023-09-07T16:01:08.865+0000] {dag.py:3677} INFO - Setting next_dagrun for tutorial_taskflow_api to None, run_after=None
[2023-09-07T16:01:08.879+0000] {processor.py:179} INFO - Processing /home/airflow/.local/lib/python3.8/site-packages/airflow/example_dags/tutorial_taskflow_api.py took 0.058 seconds
[2023-09-07T16:01:39.677+0000] {processor.py:157} INFO - Started process (PID=1805) to work on /home/airflow/.local/lib/python3.8/site-packages/airflow/example_dags/tutorial_taskflow_api.py
[2023-09-07T16:01:39.680+0000] {processor.py:829} INFO - Processing file /home/airflow/.local/lib/python3.8/site-packages/airflow/example_dags/tutorial_taskflow_api.py for tasks to queue
[2023-09-07T16:01:39.683+0000] {logging_mixin.py:151} INFO - [2023-09-07T16:01:39.682+0000] {dagbag.py:539} INFO - Filling up the DagBag from /home/airflow/.local/lib/python3.8/site-packages/airflow/example_dags/tutorial_taskflow_api.py
[2023-09-07T16:01:39.694+0000] {processor.py:839} INFO - DAG(s) dict_keys(['tutorial_taskflow_api']) retrieved from /home/airflow/.local/lib/python3.8/site-packages/airflow/example_dags/tutorial_taskflow_api.py
[2023-09-07T16:01:39.723+0000] {logging_mixin.py:151} INFO - [2023-09-07T16:01:39.723+0000] {dag.py:2907} INFO - Sync 1 DAGs
[2023-09-07T16:01:39.741+0000] {logging_mixin.py:151} INFO - [2023-09-07T16:01:39.741+0000] {dag.py:3677} INFO - Setting next_dagrun for tutorial_taskflow_api to None, run_after=None
[2023-09-07T16:01:39.762+0000] {processor.py:179} INFO - Processing /home/airflow/.local/lib/python3.8/site-packages/airflow/example_dags/tutorial_taskflow_api.py took 0.090 seconds
[2023-09-07T16:02:10.918+0000] {processor.py:157} INFO - Started process (PID=2043) to work on /home/airflow/.local/lib/python3.8/site-packages/airflow/example_dags/tutorial_taskflow_api.py
[2023-09-07T16:02:10.920+0000] {processor.py:829} INFO - Processing file /home/airflow/.local/lib/python3.8/site-packages/airflow/example_dags/tutorial_taskflow_api.py for tasks to queue
[2023-09-07T16:02:10.921+0000] {logging_mixin.py:151} INFO - [2023-09-07T16:02:10.921+0000] {dagbag.py:539} INFO - Filling up the DagBag from /home/airflow/.local/lib/python3.8/site-packages/airflow/example_dags/tutorial_taskflow_api.py
[2023-09-07T16:02:10.927+0000] {processor.py:839} INFO - DAG(s) dict_keys(['tutorial_taskflow_api']) retrieved from /home/airflow/.local/lib/python3.8/site-packages/airflow/example_dags/tutorial_taskflow_api.py
[2023-09-07T16:02:10.950+0000] {logging_mixin.py:151} INFO - [2023-09-07T16:02:10.949+0000] {dag.py:2907} INFO - Sync 1 DAGs
[2023-09-07T16:02:10.958+0000] {logging_mixin.py:151} INFO - [2023-09-07T16:02:10.958+0000] {dag.py:3677} INFO - Setting next_dagrun for tutorial_taskflow_api to None, run_after=None
[2023-09-07T16:02:10.969+0000] {processor.py:179} INFO - Processing /home/airflow/.local/lib/python3.8/site-packages/airflow/example_dags/tutorial_taskflow_api.py took 0.053 seconds
[2023-09-07T16:02:41.951+0000] {processor.py:157} INFO - Started process (PID=2281) to work on /home/airflow/.local/lib/python3.8/site-packages/airflow/example_dags/tutorial_taskflow_api.py
[2023-09-07T16:02:41.952+0000] {processor.py:829} INFO - Processing file /home/airflow/.local/lib/python3.8/site-packages/airflow/example_dags/tutorial_taskflow_api.py for tasks to queue
[2023-09-07T16:02:41.953+0000] {logging_mixin.py:151} INFO - [2023-09-07T16:02:41.953+0000] {dagbag.py:539} INFO - Filling up the DagBag from /home/airflow/.local/lib/python3.8/site-packages/airflow/example_dags/tutorial_taskflow_api.py
[2023-09-07T16:02:41.958+0000] {processor.py:839} INFO - DAG(s) dict_keys(['tutorial_taskflow_api']) retrieved from /home/airflow/.local/lib/python3.8/site-packages/airflow/example_dags/tutorial_taskflow_api.py
[2023-09-07T16:02:41.978+0000] {logging_mixin.py:151} INFO - [2023-09-07T16:02:41.978+0000] {dag.py:2907} INFO - Sync 1 DAGs
[2023-09-07T16:02:41.987+0000] {logging_mixin.py:151} INFO - [2023-09-07T16:02:41.987+0000] {dag.py:3677} INFO - Setting next_dagrun for tutorial_taskflow_api to None, run_after=None
[2023-09-07T16:02:41.998+0000] {processor.py:179} INFO - Processing /home/airflow/.local/lib/python3.8/site-packages/airflow/example_dags/tutorial_taskflow_api.py took 0.051 seconds
[2023-09-07T16:03:12.299+0000] {processor.py:157} INFO - Started process (PID=2517) to work on /home/airflow/.local/lib/python3.8/site-packages/airflow/example_dags/tutorial_taskflow_api.py
[2023-09-07T16:03:12.301+0000] {processor.py:829} INFO - Processing file /home/airflow/.local/lib/python3.8/site-packages/airflow/example_dags/tutorial_taskflow_api.py for tasks to queue
[2023-09-07T16:03:12.302+0000] {logging_mixin.py:151} INFO - [2023-09-07T16:03:12.302+0000] {dagbag.py:539} INFO - Filling up the DagBag from /home/airflow/.local/lib/python3.8/site-packages/airflow/example_dags/tutorial_taskflow_api.py
[2023-09-07T16:03:12.308+0000] {processor.py:839} INFO - DAG(s) dict_keys(['tutorial_taskflow_api']) retrieved from /home/airflow/.local/lib/python3.8/site-packages/airflow/example_dags/tutorial_taskflow_api.py
[2023-09-07T16:03:12.328+0000] {logging_mixin.py:151} INFO - [2023-09-07T16:03:12.328+0000] {dag.py:2907} INFO - Sync 1 DAGs
[2023-09-07T16:03:12.355+0000] {logging_mixin.py:151} INFO - [2023-09-07T16:03:12.355+0000] {dag.py:3677} INFO - Setting next_dagrun for tutorial_taskflow_api to None, run_after=None
[2023-09-07T16:03:12.381+0000] {processor.py:179} INFO - Processing /home/airflow/.local/lib/python3.8/site-packages/airflow/example_dags/tutorial_taskflow_api.py took 0.084 seconds
[2023-09-07T16:03:43.235+0000] {processor.py:157} INFO - Started process (PID=2755) to work on /home/airflow/.local/lib/python3.8/site-packages/airflow/example_dags/tutorial_taskflow_api.py
[2023-09-07T16:03:43.236+0000] {processor.py:829} INFO - Processing file /home/airflow/.local/lib/python3.8/site-packages/airflow/example_dags/tutorial_taskflow_api.py for tasks to queue
[2023-09-07T16:03:43.237+0000] {logging_mixin.py:151} INFO - [2023-09-07T16:03:43.237+0000] {dagbag.py:539} INFO - Filling up the DagBag from /home/airflow/.local/lib/python3.8/site-packages/airflow/example_dags/tutorial_taskflow_api.py
[2023-09-07T16:03:43.243+0000] {processor.py:839} INFO - DAG(s) dict_keys(['tutorial_taskflow_api']) retrieved from /home/airflow/.local/lib/python3.8/site-packages/airflow/example_dags/tutorial_taskflow_api.py
[2023-09-07T16:03:43.266+0000] {logging_mixin.py:151} INFO - [2023-09-07T16:03:43.266+0000] {dag.py:2907} INFO - Sync 1 DAGs
[2023-09-07T16:03:43.275+0000] {logging_mixin.py:151} INFO - [2023-09-07T16:03:43.274+0000] {dag.py:3677} INFO - Setting next_dagrun for tutorial_taskflow_api to None, run_after=None
[2023-09-07T16:03:43.288+0000] {processor.py:179} INFO - Processing /home/airflow/.local/lib/python3.8/site-packages/airflow/example_dags/tutorial_taskflow_api.py took 0.056 seconds
[2023-09-07T16:04:14.122+0000] {processor.py:157} INFO - Started process (PID=2995) to work on /home/airflow/.local/lib/python3.8/site-packages/airflow/example_dags/tutorial_taskflow_api.py
[2023-09-07T16:04:14.123+0000] {processor.py:829} INFO - Processing file /home/airflow/.local/lib/python3.8/site-packages/airflow/example_dags/tutorial_taskflow_api.py for tasks to queue
[2023-09-07T16:04:14.124+0000] {logging_mixin.py:151} INFO - [2023-09-07T16:04:14.124+0000] {dagbag.py:539} INFO - Filling up the DagBag from /home/airflow/.local/lib/python3.8/site-packages/airflow/example_dags/tutorial_taskflow_api.py
[2023-09-07T16:04:14.130+0000] {processor.py:839} INFO - DAG(s) dict_keys(['tutorial_taskflow_api']) retrieved from /home/airflow/.local/lib/python3.8/site-packages/airflow/example_dags/tutorial_taskflow_api.py
[2023-09-07T16:04:14.151+0000] {logging_mixin.py:151} INFO - [2023-09-07T16:04:14.151+0000] {dag.py:2907} INFO - Sync 1 DAGs
[2023-09-07T16:04:14.160+0000] {logging_mixin.py:151} INFO - [2023-09-07T16:04:14.160+0000] {dag.py:3677} INFO - Setting next_dagrun for tutorial_taskflow_api to None, run_after=None
[2023-09-07T16:04:14.171+0000] {processor.py:179} INFO - Processing /home/airflow/.local/lib/python3.8/site-packages/airflow/example_dags/tutorial_taskflow_api.py took 0.052 seconds
[2023-09-07T16:04:44.431+0000] {processor.py:157} INFO - Started process (PID=3231) to work on /home/airflow/.local/lib/python3.8/site-packages/airflow/example_dags/tutorial_taskflow_api.py
[2023-09-07T16:04:44.432+0000] {processor.py:829} INFO - Processing file /home/airflow/.local/lib/python3.8/site-packages/airflow/example_dags/tutorial_taskflow_api.py for tasks to queue
[2023-09-07T16:04:44.434+0000] {logging_mixin.py:151} INFO - [2023-09-07T16:04:44.433+0000] {dagbag.py:539} INFO - Filling up the DagBag from /home/airflow/.local/lib/python3.8/site-packages/airflow/example_dags/tutorial_taskflow_api.py
[2023-09-07T16:04:44.440+0000] {processor.py:839} INFO - DAG(s) dict_keys(['tutorial_taskflow_api']) retrieved from /home/airflow/.local/lib/python3.8/site-packages/airflow/example_dags/tutorial_taskflow_api.py
[2023-09-07T16:04:44.464+0000] {logging_mixin.py:151} INFO - [2023-09-07T16:04:44.464+0000] {dag.py:2907} INFO - Sync 1 DAGs
[2023-09-07T16:04:44.476+0000] {logging_mixin.py:151} INFO - [2023-09-07T16:04:44.476+0000] {dag.py:3677} INFO - Setting next_dagrun for tutorial_taskflow_api to None, run_after=None
[2023-09-07T16:04:44.508+0000] {processor.py:179} INFO - Processing /home/airflow/.local/lib/python3.8/site-packages/airflow/example_dags/tutorial_taskflow_api.py took 0.080 seconds
[2023-09-07T16:05:14.750+0000] {processor.py:157} INFO - Started process (PID=3469) to work on /home/airflow/.local/lib/python3.8/site-packages/airflow/example_dags/tutorial_taskflow_api.py
[2023-09-07T16:05:14.751+0000] {processor.py:829} INFO - Processing file /home/airflow/.local/lib/python3.8/site-packages/airflow/example_dags/tutorial_taskflow_api.py for tasks to queue
[2023-09-07T16:05:14.752+0000] {logging_mixin.py:151} INFO - [2023-09-07T16:05:14.752+0000] {dagbag.py:539} INFO - Filling up the DagBag from /home/airflow/.local/lib/python3.8/site-packages/airflow/example_dags/tutorial_taskflow_api.py
[2023-09-07T16:05:14.758+0000] {processor.py:839} INFO - DAG(s) dict_keys(['tutorial_taskflow_api']) retrieved from /home/airflow/.local/lib/python3.8/site-packages/airflow/example_dags/tutorial_taskflow_api.py
[2023-09-07T16:05:14.777+0000] {logging_mixin.py:151} INFO - [2023-09-07T16:05:14.777+0000] {dag.py:2907} INFO - Sync 1 DAGs
[2023-09-07T16:05:14.790+0000] {logging_mixin.py:151} INFO - [2023-09-07T16:05:14.790+0000] {dag.py:3677} INFO - Setting next_dagrun for tutorial_taskflow_api to None, run_after=None
[2023-09-07T16:05:14.805+0000] {processor.py:179} INFO - Processing /home/airflow/.local/lib/python3.8/site-packages/airflow/example_dags/tutorial_taskflow_api.py took 0.058 seconds
[2023-09-07T16:05:45.485+0000] {processor.py:157} INFO - Started process (PID=3710) to work on /home/airflow/.local/lib/python3.8/site-packages/airflow/example_dags/tutorial_taskflow_api.py
[2023-09-07T16:05:45.486+0000] {processor.py:829} INFO - Processing file /home/airflow/.local/lib/python3.8/site-packages/airflow/example_dags/tutorial_taskflow_api.py for tasks to queue
[2023-09-07T16:05:45.487+0000] {logging_mixin.py:151} INFO - [2023-09-07T16:05:45.487+0000] {dagbag.py:539} INFO - Filling up the DagBag from /home/airflow/.local/lib/python3.8/site-packages/airflow/example_dags/tutorial_taskflow_api.py
[2023-09-07T16:05:45.493+0000] {processor.py:839} INFO - DAG(s) dict_keys(['tutorial_taskflow_api']) retrieved from /home/airflow/.local/lib/python3.8/site-packages/airflow/example_dags/tutorial_taskflow_api.py
[2023-09-07T16:05:45.513+0000] {logging_mixin.py:151} INFO - [2023-09-07T16:05:45.512+0000] {dag.py:2907} INFO - Sync 1 DAGs
[2023-09-07T16:05:45.521+0000] {logging_mixin.py:151} INFO - [2023-09-07T16:05:45.521+0000] {dag.py:3677} INFO - Setting next_dagrun for tutorial_taskflow_api to None, run_after=None
[2023-09-07T16:05:45.539+0000] {processor.py:179} INFO - Processing /home/airflow/.local/lib/python3.8/site-packages/airflow/example_dags/tutorial_taskflow_api.py took 0.057 seconds
[2023-09-07T16:06:15.688+0000] {processor.py:157} INFO - Started process (PID=3946) to work on /home/airflow/.local/lib/python3.8/site-packages/airflow/example_dags/tutorial_taskflow_api.py
[2023-09-07T16:06:15.691+0000] {processor.py:829} INFO - Processing file /home/airflow/.local/lib/python3.8/site-packages/airflow/example_dags/tutorial_taskflow_api.py for tasks to queue
[2023-09-07T16:06:15.695+0000] {logging_mixin.py:151} INFO - [2023-09-07T16:06:15.694+0000] {dagbag.py:539} INFO - Filling up the DagBag from /home/airflow/.local/lib/python3.8/site-packages/airflow/example_dags/tutorial_taskflow_api.py
[2023-09-07T16:06:15.713+0000] {processor.py:839} INFO - DAG(s) dict_keys(['tutorial_taskflow_api']) retrieved from /home/airflow/.local/lib/python3.8/site-packages/airflow/example_dags/tutorial_taskflow_api.py
[2023-09-07T16:06:15.746+0000] {logging_mixin.py:151} INFO - [2023-09-07T16:06:15.746+0000] {dag.py:2907} INFO - Sync 1 DAGs
[2023-09-07T16:06:15.757+0000] {logging_mixin.py:151} INFO - [2023-09-07T16:06:15.757+0000] {dag.py:3677} INFO - Setting next_dagrun for tutorial_taskflow_api to None, run_after=None
[2023-09-07T16:06:15.770+0000] {processor.py:179} INFO - Processing /home/airflow/.local/lib/python3.8/site-packages/airflow/example_dags/tutorial_taskflow_api.py took 0.085 seconds
[2023-09-07T16:06:47.177+0000] {processor.py:157} INFO - Started process (PID=4188) to work on /home/airflow/.local/lib/python3.8/site-packages/airflow/example_dags/tutorial_taskflow_api.py
[2023-09-07T16:06:47.179+0000] {processor.py:829} INFO - Processing file /home/airflow/.local/lib/python3.8/site-packages/airflow/example_dags/tutorial_taskflow_api.py for tasks to queue
[2023-09-07T16:06:47.181+0000] {logging_mixin.py:151} INFO - [2023-09-07T16:06:47.180+0000] {dagbag.py:539} INFO - Filling up the DagBag from /home/airflow/.local/lib/python3.8/site-packages/airflow/example_dags/tutorial_taskflow_api.py
[2023-09-07T16:06:47.191+0000] {processor.py:839} INFO - DAG(s) dict_keys(['tutorial_taskflow_api']) retrieved from /home/airflow/.local/lib/python3.8/site-packages/airflow/example_dags/tutorial_taskflow_api.py
[2023-09-07T16:06:47.471+0000] {logging_mixin.py:151} INFO - [2023-09-07T16:06:47.470+0000] {dag.py:2907} INFO - Sync 1 DAGs
[2023-09-07T16:06:47.516+0000] {logging_mixin.py:151} INFO - [2023-09-07T16:06:47.516+0000] {dag.py:3677} INFO - Setting next_dagrun for tutorial_taskflow_api to None, run_after=None
[2023-09-07T16:06:47.561+0000] {processor.py:179} INFO - Processing /home/airflow/.local/lib/python3.8/site-packages/airflow/example_dags/tutorial_taskflow_api.py took 0.388 seconds
[2023-09-07T16:07:17.945+0000] {processor.py:157} INFO - Started process (PID=4426) to work on /home/airflow/.local/lib/python3.8/site-packages/airflow/example_dags/tutorial_taskflow_api.py
[2023-09-07T16:07:17.946+0000] {processor.py:829} INFO - Processing file /home/airflow/.local/lib/python3.8/site-packages/airflow/example_dags/tutorial_taskflow_api.py for tasks to queue
[2023-09-07T16:07:17.947+0000] {logging_mixin.py:151} INFO - [2023-09-07T16:07:17.946+0000] {dagbag.py:539} INFO - Filling up the DagBag from /home/airflow/.local/lib/python3.8/site-packages/airflow/example_dags/tutorial_taskflow_api.py
[2023-09-07T16:07:17.952+0000] {processor.py:839} INFO - DAG(s) dict_keys(['tutorial_taskflow_api']) retrieved from /home/airflow/.local/lib/python3.8/site-packages/airflow/example_dags/tutorial_taskflow_api.py
[2023-09-07T16:07:17.969+0000] {logging_mixin.py:151} INFO - [2023-09-07T16:07:17.969+0000] {dag.py:2907} INFO - Sync 1 DAGs
[2023-09-07T16:07:17.977+0000] {logging_mixin.py:151} INFO - [2023-09-07T16:07:17.977+0000] {dag.py:3677} INFO - Setting next_dagrun for tutorial_taskflow_api to None, run_after=None
[2023-09-07T16:07:17.986+0000] {processor.py:179} INFO - Processing /home/airflow/.local/lib/python3.8/site-packages/airflow/example_dags/tutorial_taskflow_api.py took 0.044 seconds
[2023-09-07T16:07:48.060+0000] {processor.py:157} INFO - Started process (PID=4664) to work on /home/airflow/.local/lib/python3.8/site-packages/airflow/example_dags/tutorial_taskflow_api.py
[2023-09-07T16:07:48.061+0000] {processor.py:829} INFO - Processing file /home/airflow/.local/lib/python3.8/site-packages/airflow/example_dags/tutorial_taskflow_api.py for tasks to queue
[2023-09-07T16:07:48.062+0000] {logging_mixin.py:151} INFO - [2023-09-07T16:07:48.062+0000] {dagbag.py:539} INFO - Filling up the DagBag from /home/airflow/.local/lib/python3.8/site-packages/airflow/example_dags/tutorial_taskflow_api.py
[2023-09-07T16:07:48.067+0000] {processor.py:839} INFO - DAG(s) dict_keys(['tutorial_taskflow_api']) retrieved from /home/airflow/.local/lib/python3.8/site-packages/airflow/example_dags/tutorial_taskflow_api.py
[2023-09-07T16:07:48.084+0000] {logging_mixin.py:151} INFO - [2023-09-07T16:07:48.084+0000] {dag.py:2907} INFO - Sync 1 DAGs
[2023-09-07T16:07:48.092+0000] {logging_mixin.py:151} INFO - [2023-09-07T16:07:48.092+0000] {dag.py:3677} INFO - Setting next_dagrun for tutorial_taskflow_api to None, run_after=None
[2023-09-07T16:07:48.109+0000] {processor.py:179} INFO - Processing /home/airflow/.local/lib/python3.8/site-packages/airflow/example_dags/tutorial_taskflow_api.py took 0.052 seconds
[2023-09-07T16:08:18.648+0000] {processor.py:157} INFO - Started process (PID=4902) to work on /home/airflow/.local/lib/python3.8/site-packages/airflow/example_dags/tutorial_taskflow_api.py
[2023-09-07T16:08:18.649+0000] {processor.py:829} INFO - Processing file /home/airflow/.local/lib/python3.8/site-packages/airflow/example_dags/tutorial_taskflow_api.py for tasks to queue
[2023-09-07T16:08:18.650+0000] {logging_mixin.py:151} INFO - [2023-09-07T16:08:18.650+0000] {dagbag.py:539} INFO - Filling up the DagBag from /home/airflow/.local/lib/python3.8/site-packages/airflow/example_dags/tutorial_taskflow_api.py
[2023-09-07T16:08:18.657+0000] {processor.py:839} INFO - DAG(s) dict_keys(['tutorial_taskflow_api']) retrieved from /home/airflow/.local/lib/python3.8/site-packages/airflow/example_dags/tutorial_taskflow_api.py
[2023-09-07T16:08:18.676+0000] {logging_mixin.py:151} INFO - [2023-09-07T16:08:18.676+0000] {dag.py:2907} INFO - Sync 1 DAGs
[2023-09-07T16:08:18.684+0000] {logging_mixin.py:151} INFO - [2023-09-07T16:08:18.684+0000] {dag.py:3677} INFO - Setting next_dagrun for tutorial_taskflow_api to None, run_after=None
[2023-09-07T16:08:18.695+0000] {processor.py:179} INFO - Processing /home/airflow/.local/lib/python3.8/site-packages/airflow/example_dags/tutorial_taskflow_api.py took 0.050 seconds
[2023-09-07T16:08:49.720+0000] {processor.py:157} INFO - Started process (PID=5138) to work on /home/airflow/.local/lib/python3.8/site-packages/airflow/example_dags/tutorial_taskflow_api.py
[2023-09-07T16:08:49.722+0000] {processor.py:829} INFO - Processing file /home/airflow/.local/lib/python3.8/site-packages/airflow/example_dags/tutorial_taskflow_api.py for tasks to queue
[2023-09-07T16:08:49.723+0000] {logging_mixin.py:151} INFO - [2023-09-07T16:08:49.723+0000] {dagbag.py:539} INFO - Filling up the DagBag from /home/airflow/.local/lib/python3.8/site-packages/airflow/example_dags/tutorial_taskflow_api.py
[2023-09-07T16:08:49.729+0000] {processor.py:839} INFO - DAG(s) dict_keys(['tutorial_taskflow_api']) retrieved from /home/airflow/.local/lib/python3.8/site-packages/airflow/example_dags/tutorial_taskflow_api.py
[2023-09-07T16:08:49.748+0000] {logging_mixin.py:151} INFO - [2023-09-07T16:08:49.748+0000] {dag.py:2907} INFO - Sync 1 DAGs
[2023-09-07T16:08:49.757+0000] {logging_mixin.py:151} INFO - [2023-09-07T16:08:49.757+0000] {dag.py:3677} INFO - Setting next_dagrun for tutorial_taskflow_api to None, run_after=None
[2023-09-07T16:08:49.769+0000] {processor.py:179} INFO - Processing /home/airflow/.local/lib/python3.8/site-packages/airflow/example_dags/tutorial_taskflow_api.py took 0.052 seconds
[2023-09-07T16:09:20.622+0000] {processor.py:157} INFO - Started process (PID=5376) to work on /home/airflow/.local/lib/python3.8/site-packages/airflow/example_dags/tutorial_taskflow_api.py
[2023-09-07T16:09:20.623+0000] {processor.py:829} INFO - Processing file /home/airflow/.local/lib/python3.8/site-packages/airflow/example_dags/tutorial_taskflow_api.py for tasks to queue
[2023-09-07T16:09:20.624+0000] {logging_mixin.py:151} INFO - [2023-09-07T16:09:20.624+0000] {dagbag.py:539} INFO - Filling up the DagBag from /home/airflow/.local/lib/python3.8/site-packages/airflow/example_dags/tutorial_taskflow_api.py
[2023-09-07T16:09:20.636+0000] {processor.py:839} INFO - DAG(s) dict_keys(['tutorial_taskflow_api']) retrieved from /home/airflow/.local/lib/python3.8/site-packages/airflow/example_dags/tutorial_taskflow_api.py
[2023-09-07T16:09:20.661+0000] {logging_mixin.py:151} INFO - [2023-09-07T16:09:20.661+0000] {dag.py:2907} INFO - Sync 1 DAGs
[2023-09-07T16:09:20.674+0000] {logging_mixin.py:151} INFO - [2023-09-07T16:09:20.674+0000] {dag.py:3677} INFO - Setting next_dagrun for tutorial_taskflow_api to None, run_after=None
[2023-09-07T16:09:20.689+0000] {processor.py:179} INFO - Processing /home/airflow/.local/lib/python3.8/site-packages/airflow/example_dags/tutorial_taskflow_api.py took 0.070 seconds
[2023-09-07T16:09:51.061+0000] {processor.py:157} INFO - Started process (PID=5614) to work on /home/airflow/.local/lib/python3.8/site-packages/airflow/example_dags/tutorial_taskflow_api.py
[2023-09-07T16:09:51.063+0000] {processor.py:829} INFO - Processing file /home/airflow/.local/lib/python3.8/site-packages/airflow/example_dags/tutorial_taskflow_api.py for tasks to queue
[2023-09-07T16:09:51.064+0000] {logging_mixin.py:151} INFO - [2023-09-07T16:09:51.064+0000] {dagbag.py:539} INFO - Filling up the DagBag from /home/airflow/.local/lib/python3.8/site-packages/airflow/example_dags/tutorial_taskflow_api.py
[2023-09-07T16:09:51.076+0000] {processor.py:839} INFO - DAG(s) dict_keys(['tutorial_taskflow_api']) retrieved from /home/airflow/.local/lib/python3.8/site-packages/airflow/example_dags/tutorial_taskflow_api.py
[2023-09-07T16:09:51.095+0000] {logging_mixin.py:151} INFO - [2023-09-07T16:09:51.095+0000] {dag.py:2907} INFO - Sync 1 DAGs
[2023-09-07T16:09:51.103+0000] {logging_mixin.py:151} INFO - [2023-09-07T16:09:51.103+0000] {dag.py:3677} INFO - Setting next_dagrun for tutorial_taskflow_api to None, run_after=None
[2023-09-07T16:09:51.114+0000] {processor.py:179} INFO - Processing /home/airflow/.local/lib/python3.8/site-packages/airflow/example_dags/tutorial_taskflow_api.py took 0.056 seconds
[2023-09-07T16:10:22.135+0000] {processor.py:157} INFO - Started process (PID=5851) to work on /home/airflow/.local/lib/python3.8/site-packages/airflow/example_dags/tutorial_taskflow_api.py
[2023-09-07T16:10:22.137+0000] {processor.py:829} INFO - Processing file /home/airflow/.local/lib/python3.8/site-packages/airflow/example_dags/tutorial_taskflow_api.py for tasks to queue
[2023-09-07T16:10:22.138+0000] {logging_mixin.py:151} INFO - [2023-09-07T16:10:22.138+0000] {dagbag.py:539} INFO - Filling up the DagBag from /home/airflow/.local/lib/python3.8/site-packages/airflow/example_dags/tutorial_taskflow_api.py
[2023-09-07T16:10:22.146+0000] {processor.py:839} INFO - DAG(s) dict_keys(['tutorial_taskflow_api']) retrieved from /home/airflow/.local/lib/python3.8/site-packages/airflow/example_dags/tutorial_taskflow_api.py
[2023-09-07T16:10:22.164+0000] {logging_mixin.py:151} INFO - [2023-09-07T16:10:22.164+0000] {dag.py:2907} INFO - Sync 1 DAGs
[2023-09-07T16:10:22.174+0000] {logging_mixin.py:151} INFO - [2023-09-07T16:10:22.174+0000] {dag.py:3677} INFO - Setting next_dagrun for tutorial_taskflow_api to None, run_after=None
[2023-09-07T16:10:22.187+0000] {processor.py:179} INFO - Processing /home/airflow/.local/lib/python3.8/site-packages/airflow/example_dags/tutorial_taskflow_api.py took 0.055 seconds
[2023-09-07T16:10:53.196+0000] {processor.py:157} INFO - Started process (PID=6089) to work on /home/airflow/.local/lib/python3.8/site-packages/airflow/example_dags/tutorial_taskflow_api.py
[2023-09-07T16:10:53.197+0000] {processor.py:829} INFO - Processing file /home/airflow/.local/lib/python3.8/site-packages/airflow/example_dags/tutorial_taskflow_api.py for tasks to queue
[2023-09-07T16:10:53.199+0000] {logging_mixin.py:151} INFO - [2023-09-07T16:10:53.198+0000] {dagbag.py:539} INFO - Filling up the DagBag from /home/airflow/.local/lib/python3.8/site-packages/airflow/example_dags/tutorial_taskflow_api.py
[2023-09-07T16:10:53.206+0000] {processor.py:839} INFO - DAG(s) dict_keys(['tutorial_taskflow_api']) retrieved from /home/airflow/.local/lib/python3.8/site-packages/airflow/example_dags/tutorial_taskflow_api.py
[2023-09-07T16:10:53.227+0000] {logging_mixin.py:151} INFO - [2023-09-07T16:10:53.227+0000] {dag.py:2907} INFO - Sync 1 DAGs
[2023-09-07T16:10:53.238+0000] {logging_mixin.py:151} INFO - [2023-09-07T16:10:53.238+0000] {dag.py:3677} INFO - Setting next_dagrun for tutorial_taskflow_api to None, run_after=None
[2023-09-07T16:10:53.252+0000] {processor.py:179} INFO - Processing /home/airflow/.local/lib/python3.8/site-packages/airflow/example_dags/tutorial_taskflow_api.py took 0.062 seconds
[2023-09-07T16:11:23.441+0000] {processor.py:157} INFO - Started process (PID=6327) to work on /home/airflow/.local/lib/python3.8/site-packages/airflow/example_dags/tutorial_taskflow_api.py
[2023-09-07T16:11:23.442+0000] {processor.py:829} INFO - Processing file /home/airflow/.local/lib/python3.8/site-packages/airflow/example_dags/tutorial_taskflow_api.py for tasks to queue
[2023-09-07T16:11:23.443+0000] {logging_mixin.py:151} INFO - [2023-09-07T16:11:23.443+0000] {dagbag.py:539} INFO - Filling up the DagBag from /home/airflow/.local/lib/python3.8/site-packages/airflow/example_dags/tutorial_taskflow_api.py
[2023-09-07T16:11:23.448+0000] {processor.py:839} INFO - DAG(s) dict_keys(['tutorial_taskflow_api']) retrieved from /home/airflow/.local/lib/python3.8/site-packages/airflow/example_dags/tutorial_taskflow_api.py
[2023-09-07T16:11:23.465+0000] {logging_mixin.py:151} INFO - [2023-09-07T16:11:23.465+0000] {dag.py:2907} INFO - Sync 1 DAGs
[2023-09-07T16:11:23.473+0000] {logging_mixin.py:151} INFO - [2023-09-07T16:11:23.473+0000] {dag.py:3677} INFO - Setting next_dagrun for tutorial_taskflow_api to None, run_after=None
[2023-09-07T16:11:23.484+0000] {processor.py:179} INFO - Processing /home/airflow/.local/lib/python3.8/site-packages/airflow/example_dags/tutorial_taskflow_api.py took 0.046 seconds
[2023-09-07T16:11:54.387+0000] {processor.py:157} INFO - Started process (PID=6567) to work on /home/airflow/.local/lib/python3.8/site-packages/airflow/example_dags/tutorial_taskflow_api.py
[2023-09-07T16:11:54.390+0000] {processor.py:829} INFO - Processing file /home/airflow/.local/lib/python3.8/site-packages/airflow/example_dags/tutorial_taskflow_api.py for tasks to queue
[2023-09-07T16:11:54.391+0000] {logging_mixin.py:151} INFO - [2023-09-07T16:11:54.391+0000] {dagbag.py:539} INFO - Filling up the DagBag from /home/airflow/.local/lib/python3.8/site-packages/airflow/example_dags/tutorial_taskflow_api.py
[2023-09-07T16:11:54.399+0000] {processor.py:839} INFO - DAG(s) dict_keys(['tutorial_taskflow_api']) retrieved from /home/airflow/.local/lib/python3.8/site-packages/airflow/example_dags/tutorial_taskflow_api.py
[2023-09-07T16:11:54.421+0000] {logging_mixin.py:151} INFO - [2023-09-07T16:11:54.421+0000] {dag.py:2907} INFO - Sync 1 DAGs
[2023-09-07T16:11:54.430+0000] {logging_mixin.py:151} INFO - [2023-09-07T16:11:54.430+0000] {dag.py:3677} INFO - Setting next_dagrun for tutorial_taskflow_api to None, run_after=None
[2023-09-07T16:11:54.441+0000] {processor.py:179} INFO - Processing /home/airflow/.local/lib/python3.8/site-packages/airflow/example_dags/tutorial_taskflow_api.py took 0.058 seconds
[2023-09-07T16:12:24.756+0000] {processor.py:157} INFO - Started process (PID=6806) to work on /home/airflow/.local/lib/python3.8/site-packages/airflow/example_dags/tutorial_taskflow_api.py
[2023-09-07T16:12:24.758+0000] {processor.py:829} INFO - Processing file /home/airflow/.local/lib/python3.8/site-packages/airflow/example_dags/tutorial_taskflow_api.py for tasks to queue
[2023-09-07T16:12:24.760+0000] {logging_mixin.py:151} INFO - [2023-09-07T16:12:24.759+0000] {dagbag.py:539} INFO - Filling up the DagBag from /home/airflow/.local/lib/python3.8/site-packages/airflow/example_dags/tutorial_taskflow_api.py
[2023-09-07T16:12:24.771+0000] {processor.py:839} INFO - DAG(s) dict_keys(['tutorial_taskflow_api']) retrieved from /home/airflow/.local/lib/python3.8/site-packages/airflow/example_dags/tutorial_taskflow_api.py
[2023-09-07T16:12:24.792+0000] {logging_mixin.py:151} INFO - [2023-09-07T16:12:24.792+0000] {dag.py:2907} INFO - Sync 1 DAGs
[2023-09-07T16:12:24.800+0000] {logging_mixin.py:151} INFO - [2023-09-07T16:12:24.800+0000] {dag.py:3677} INFO - Setting next_dagrun for tutorial_taskflow_api to None, run_after=None
[2023-09-07T16:12:24.816+0000] {processor.py:179} INFO - Processing /home/airflow/.local/lib/python3.8/site-packages/airflow/example_dags/tutorial_taskflow_api.py took 0.064 seconds
[2023-09-07T16:12:55.763+0000] {processor.py:157} INFO - Started process (PID=7043) to work on /home/airflow/.local/lib/python3.8/site-packages/airflow/example_dags/tutorial_taskflow_api.py
[2023-09-07T16:12:55.765+0000] {processor.py:829} INFO - Processing file /home/airflow/.local/lib/python3.8/site-packages/airflow/example_dags/tutorial_taskflow_api.py for tasks to queue
[2023-09-07T16:12:55.766+0000] {logging_mixin.py:151} INFO - [2023-09-07T16:12:55.766+0000] {dagbag.py:539} INFO - Filling up the DagBag from /home/airflow/.local/lib/python3.8/site-packages/airflow/example_dags/tutorial_taskflow_api.py
[2023-09-07T16:12:55.772+0000] {processor.py:839} INFO - DAG(s) dict_keys(['tutorial_taskflow_api']) retrieved from /home/airflow/.local/lib/python3.8/site-packages/airflow/example_dags/tutorial_taskflow_api.py
[2023-09-07T16:12:55.789+0000] {logging_mixin.py:151} INFO - [2023-09-07T16:12:55.789+0000] {dag.py:2907} INFO - Sync 1 DAGs
[2023-09-07T16:12:55.797+0000] {logging_mixin.py:151} INFO - [2023-09-07T16:12:55.797+0000] {dag.py:3677} INFO - Setting next_dagrun for tutorial_taskflow_api to None, run_after=None
[2023-09-07T16:12:55.809+0000] {processor.py:179} INFO - Processing /home/airflow/.local/lib/python3.8/site-packages/airflow/example_dags/tutorial_taskflow_api.py took 0.048 seconds
[2023-09-07T16:13:26.360+0000] {processor.py:157} INFO - Started process (PID=7281) to work on /home/airflow/.local/lib/python3.8/site-packages/airflow/example_dags/tutorial_taskflow_api.py
[2023-09-07T16:13:26.362+0000] {processor.py:829} INFO - Processing file /home/airflow/.local/lib/python3.8/site-packages/airflow/example_dags/tutorial_taskflow_api.py for tasks to queue
[2023-09-07T16:13:26.363+0000] {logging_mixin.py:151} INFO - [2023-09-07T16:13:26.363+0000] {dagbag.py:539} INFO - Filling up the DagBag from /home/airflow/.local/lib/python3.8/site-packages/airflow/example_dags/tutorial_taskflow_api.py
[2023-09-07T16:13:26.371+0000] {processor.py:839} INFO - DAG(s) dict_keys(['tutorial_taskflow_api']) retrieved from /home/airflow/.local/lib/python3.8/site-packages/airflow/example_dags/tutorial_taskflow_api.py
[2023-09-07T16:13:26.401+0000] {logging_mixin.py:151} INFO - [2023-09-07T16:13:26.401+0000] {dag.py:2907} INFO - Sync 1 DAGs
[2023-09-07T16:13:26.410+0000] {logging_mixin.py:151} INFO - [2023-09-07T16:13:26.410+0000] {dag.py:3677} INFO - Setting next_dagrun for tutorial_taskflow_api to None, run_after=None
[2023-09-07T16:13:26.422+0000] {processor.py:179} INFO - Processing /home/airflow/.local/lib/python3.8/site-packages/airflow/example_dags/tutorial_taskflow_api.py took 0.066 seconds
[2023-09-07T16:13:57.761+0000] {processor.py:157} INFO - Started process (PID=7521) to work on /home/airflow/.local/lib/python3.8/site-packages/airflow/example_dags/tutorial_taskflow_api.py
[2023-09-07T16:13:57.763+0000] {processor.py:829} INFO - Processing file /home/airflow/.local/lib/python3.8/site-packages/airflow/example_dags/tutorial_taskflow_api.py for tasks to queue
[2023-09-07T16:13:57.766+0000] {logging_mixin.py:151} INFO - [2023-09-07T16:13:57.765+0000] {dagbag.py:539} INFO - Filling up the DagBag from /home/airflow/.local/lib/python3.8/site-packages/airflow/example_dags/tutorial_taskflow_api.py
[2023-09-07T16:13:57.772+0000] {processor.py:839} INFO - DAG(s) dict_keys(['tutorial_taskflow_api']) retrieved from /home/airflow/.local/lib/python3.8/site-packages/airflow/example_dags/tutorial_taskflow_api.py
[2023-09-07T16:13:57.804+0000] {logging_mixin.py:151} INFO - [2023-09-07T16:13:57.804+0000] {dag.py:2907} INFO - Sync 1 DAGs
[2023-09-07T16:13:57.818+0000] {logging_mixin.py:151} INFO - [2023-09-07T16:13:57.818+0000] {dag.py:3677} INFO - Setting next_dagrun for tutorial_taskflow_api to None, run_after=None
[2023-09-07T16:13:57.840+0000] {processor.py:179} INFO - Processing /home/airflow/.local/lib/python3.8/site-packages/airflow/example_dags/tutorial_taskflow_api.py took 0.083 seconds
[2023-09-07T16:14:28.724+0000] {processor.py:157} INFO - Started process (PID=7758) to work on /home/airflow/.local/lib/python3.8/site-packages/airflow/example_dags/tutorial_taskflow_api.py
[2023-09-07T16:14:28.725+0000] {processor.py:829} INFO - Processing file /home/airflow/.local/lib/python3.8/site-packages/airflow/example_dags/tutorial_taskflow_api.py for tasks to queue
[2023-09-07T16:14:28.726+0000] {logging_mixin.py:151} INFO - [2023-09-07T16:14:28.726+0000] {dagbag.py:539} INFO - Filling up the DagBag from /home/airflow/.local/lib/python3.8/site-packages/airflow/example_dags/tutorial_taskflow_api.py
[2023-09-07T16:14:28.732+0000] {processor.py:839} INFO - DAG(s) dict_keys(['tutorial_taskflow_api']) retrieved from /home/airflow/.local/lib/python3.8/site-packages/airflow/example_dags/tutorial_taskflow_api.py
[2023-09-07T16:14:28.748+0000] {logging_mixin.py:151} INFO - [2023-09-07T16:14:28.748+0000] {dag.py:2907} INFO - Sync 1 DAGs
[2023-09-07T16:14:28.756+0000] {logging_mixin.py:151} INFO - [2023-09-07T16:14:28.755+0000] {dag.py:3677} INFO - Setting next_dagrun for tutorial_taskflow_api to None, run_after=None
[2023-09-07T16:14:28.767+0000] {processor.py:179} INFO - Processing /home/airflow/.local/lib/python3.8/site-packages/airflow/example_dags/tutorial_taskflow_api.py took 0.046 seconds
[2023-09-07T16:14:59.808+0000] {processor.py:157} INFO - Started process (PID=7996) to work on /home/airflow/.local/lib/python3.8/site-packages/airflow/example_dags/tutorial_taskflow_api.py
[2023-09-07T16:14:59.809+0000] {processor.py:829} INFO - Processing file /home/airflow/.local/lib/python3.8/site-packages/airflow/example_dags/tutorial_taskflow_api.py for tasks to queue
[2023-09-07T16:14:59.811+0000] {logging_mixin.py:151} INFO - [2023-09-07T16:14:59.810+0000] {dagbag.py:539} INFO - Filling up the DagBag from /home/airflow/.local/lib/python3.8/site-packages/airflow/example_dags/tutorial_taskflow_api.py
[2023-09-07T16:14:59.820+0000] {processor.py:839} INFO - DAG(s) dict_keys(['tutorial_taskflow_api']) retrieved from /home/airflow/.local/lib/python3.8/site-packages/airflow/example_dags/tutorial_taskflow_api.py
[2023-09-07T16:14:59.862+0000] {logging_mixin.py:151} INFO - [2023-09-07T16:14:59.862+0000] {dag.py:2907} INFO - Sync 1 DAGs
[2023-09-07T16:14:59.874+0000] {logging_mixin.py:151} INFO - [2023-09-07T16:14:59.873+0000] {dag.py:3677} INFO - Setting next_dagrun for tutorial_taskflow_api to None, run_after=None
[2023-09-07T16:14:59.888+0000] {processor.py:179} INFO - Processing /home/airflow/.local/lib/python3.8/site-packages/airflow/example_dags/tutorial_taskflow_api.py took 0.083 seconds
[2023-09-07T16:15:30.722+0000] {processor.py:157} INFO - Started process (PID=8235) to work on /home/airflow/.local/lib/python3.8/site-packages/airflow/example_dags/tutorial_taskflow_api.py
[2023-09-07T16:15:30.723+0000] {processor.py:829} INFO - Processing file /home/airflow/.local/lib/python3.8/site-packages/airflow/example_dags/tutorial_taskflow_api.py for tasks to queue
[2023-09-07T16:15:30.724+0000] {logging_mixin.py:151} INFO - [2023-09-07T16:15:30.724+0000] {dagbag.py:539} INFO - Filling up the DagBag from /home/airflow/.local/lib/python3.8/site-packages/airflow/example_dags/tutorial_taskflow_api.py
[2023-09-07T16:15:30.730+0000] {processor.py:839} INFO - DAG(s) dict_keys(['tutorial_taskflow_api']) retrieved from /home/airflow/.local/lib/python3.8/site-packages/airflow/example_dags/tutorial_taskflow_api.py
[2023-09-07T16:15:30.755+0000] {logging_mixin.py:151} INFO - [2023-09-07T16:15:30.755+0000] {dag.py:2907} INFO - Sync 1 DAGs
[2023-09-07T16:15:30.765+0000] {logging_mixin.py:151} INFO - [2023-09-07T16:15:30.765+0000] {dag.py:3677} INFO - Setting next_dagrun for tutorial_taskflow_api to None, run_after=None
[2023-09-07T16:15:30.777+0000] {processor.py:179} INFO - Processing /home/airflow/.local/lib/python3.8/site-packages/airflow/example_dags/tutorial_taskflow_api.py took 0.058 seconds
[2023-09-07T16:16:00.840+0000] {processor.py:157} INFO - Started process (PID=8473) to work on /home/airflow/.local/lib/python3.8/site-packages/airflow/example_dags/tutorial_taskflow_api.py
[2023-09-07T16:16:00.842+0000] {processor.py:829} INFO - Processing file /home/airflow/.local/lib/python3.8/site-packages/airflow/example_dags/tutorial_taskflow_api.py for tasks to queue
[2023-09-07T16:16:00.843+0000] {logging_mixin.py:151} INFO - [2023-09-07T16:16:00.843+0000] {dagbag.py:539} INFO - Filling up the DagBag from /home/airflow/.local/lib/python3.8/site-packages/airflow/example_dags/tutorial_taskflow_api.py
[2023-09-07T16:16:00.848+0000] {processor.py:839} INFO - DAG(s) dict_keys(['tutorial_taskflow_api']) retrieved from /home/airflow/.local/lib/python3.8/site-packages/airflow/example_dags/tutorial_taskflow_api.py
[2023-09-07T16:16:00.865+0000] {logging_mixin.py:151} INFO - [2023-09-07T16:16:00.865+0000] {dag.py:2907} INFO - Sync 1 DAGs
[2023-09-07T16:16:00.873+0000] {logging_mixin.py:151} INFO - [2023-09-07T16:16:00.872+0000] {dag.py:3677} INFO - Setting next_dagrun for tutorial_taskflow_api to None, run_after=None
[2023-09-07T16:16:00.882+0000] {processor.py:179} INFO - Processing /home/airflow/.local/lib/python3.8/site-packages/airflow/example_dags/tutorial_taskflow_api.py took 0.044 seconds
[2023-09-07T16:16:31.384+0000] {processor.py:157} INFO - Started process (PID=8711) to work on /home/airflow/.local/lib/python3.8/site-packages/airflow/example_dags/tutorial_taskflow_api.py
[2023-09-07T16:16:31.385+0000] {processor.py:829} INFO - Processing file /home/airflow/.local/lib/python3.8/site-packages/airflow/example_dags/tutorial_taskflow_api.py for tasks to queue
[2023-09-07T16:16:31.386+0000] {logging_mixin.py:151} INFO - [2023-09-07T16:16:31.386+0000] {dagbag.py:539} INFO - Filling up the DagBag from /home/airflow/.local/lib/python3.8/site-packages/airflow/example_dags/tutorial_taskflow_api.py
[2023-09-07T16:16:31.391+0000] {processor.py:839} INFO - DAG(s) dict_keys(['tutorial_taskflow_api']) retrieved from /home/airflow/.local/lib/python3.8/site-packages/airflow/example_dags/tutorial_taskflow_api.py
[2023-09-07T16:16:31.411+0000] {logging_mixin.py:151} INFO - [2023-09-07T16:16:31.411+0000] {dag.py:2907} INFO - Sync 1 DAGs
[2023-09-07T16:16:31.420+0000] {logging_mixin.py:151} INFO - [2023-09-07T16:16:31.420+0000] {dag.py:3677} INFO - Setting next_dagrun for tutorial_taskflow_api to None, run_after=None
[2023-09-07T16:16:31.430+0000] {processor.py:179} INFO - Processing /home/airflow/.local/lib/python3.8/site-packages/airflow/example_dags/tutorial_taskflow_api.py took 0.049 seconds
[2023-09-07T16:17:02.045+0000] {processor.py:157} INFO - Started process (PID=8949) to work on /home/airflow/.local/lib/python3.8/site-packages/airflow/example_dags/tutorial_taskflow_api.py
[2023-09-07T16:17:02.046+0000] {processor.py:829} INFO - Processing file /home/airflow/.local/lib/python3.8/site-packages/airflow/example_dags/tutorial_taskflow_api.py for tasks to queue
[2023-09-07T16:17:02.047+0000] {logging_mixin.py:151} INFO - [2023-09-07T16:17:02.047+0000] {dagbag.py:539} INFO - Filling up the DagBag from /home/airflow/.local/lib/python3.8/site-packages/airflow/example_dags/tutorial_taskflow_api.py
[2023-09-07T16:17:02.053+0000] {processor.py:839} INFO - DAG(s) dict_keys(['tutorial_taskflow_api']) retrieved from /home/airflow/.local/lib/python3.8/site-packages/airflow/example_dags/tutorial_taskflow_api.py
[2023-09-07T16:17:02.072+0000] {logging_mixin.py:151} INFO - [2023-09-07T16:17:02.072+0000] {dag.py:2907} INFO - Sync 1 DAGs
[2023-09-07T16:17:02.081+0000] {logging_mixin.py:151} INFO - [2023-09-07T16:17:02.080+0000] {dag.py:3677} INFO - Setting next_dagrun for tutorial_taskflow_api to None, run_after=None
[2023-09-07T16:17:02.091+0000] {processor.py:179} INFO - Processing /home/airflow/.local/lib/python3.8/site-packages/airflow/example_dags/tutorial_taskflow_api.py took 0.050 seconds
[2023-09-07T16:17:32.971+0000] {processor.py:157} INFO - Started process (PID=9187) to work on /home/airflow/.local/lib/python3.8/site-packages/airflow/example_dags/tutorial_taskflow_api.py
[2023-09-07T16:17:32.972+0000] {processor.py:829} INFO - Processing file /home/airflow/.local/lib/python3.8/site-packages/airflow/example_dags/tutorial_taskflow_api.py for tasks to queue
[2023-09-07T16:17:32.973+0000] {logging_mixin.py:151} INFO - [2023-09-07T16:17:32.973+0000] {dagbag.py:539} INFO - Filling up the DagBag from /home/airflow/.local/lib/python3.8/site-packages/airflow/example_dags/tutorial_taskflow_api.py
[2023-09-07T16:17:32.980+0000] {processor.py:839} INFO - DAG(s) dict_keys(['tutorial_taskflow_api']) retrieved from /home/airflow/.local/lib/python3.8/site-packages/airflow/example_dags/tutorial_taskflow_api.py
[2023-09-07T16:17:33.008+0000] {logging_mixin.py:151} INFO - [2023-09-07T16:17:33.008+0000] {dag.py:2907} INFO - Sync 1 DAGs
[2023-09-07T16:17:33.018+0000] {logging_mixin.py:151} INFO - [2023-09-07T16:17:33.018+0000] {dag.py:3677} INFO - Setting next_dagrun for tutorial_taskflow_api to None, run_after=None
[2023-09-07T16:17:33.075+0000] {processor.py:179} INFO - Processing /home/airflow/.local/lib/python3.8/site-packages/airflow/example_dags/tutorial_taskflow_api.py took 0.107 seconds
[2023-09-07T16:18:03.465+0000] {processor.py:157} INFO - Started process (PID=9425) to work on /home/airflow/.local/lib/python3.8/site-packages/airflow/example_dags/tutorial_taskflow_api.py
[2023-09-07T16:18:03.466+0000] {processor.py:829} INFO - Processing file /home/airflow/.local/lib/python3.8/site-packages/airflow/example_dags/tutorial_taskflow_api.py for tasks to queue
[2023-09-07T16:18:03.468+0000] {logging_mixin.py:151} INFO - [2023-09-07T16:18:03.467+0000] {dagbag.py:539} INFO - Filling up the DagBag from /home/airflow/.local/lib/python3.8/site-packages/airflow/example_dags/tutorial_taskflow_api.py
[2023-09-07T16:18:03.474+0000] {processor.py:839} INFO - DAG(s) dict_keys(['tutorial_taskflow_api']) retrieved from /home/airflow/.local/lib/python3.8/site-packages/airflow/example_dags/tutorial_taskflow_api.py
[2023-09-07T16:18:03.491+0000] {logging_mixin.py:151} INFO - [2023-09-07T16:18:03.491+0000] {dag.py:2907} INFO - Sync 1 DAGs
[2023-09-07T16:18:03.499+0000] {logging_mixin.py:151} INFO - [2023-09-07T16:18:03.499+0000] {dag.py:3677} INFO - Setting next_dagrun for tutorial_taskflow_api to None, run_after=None
[2023-09-07T16:18:03.511+0000] {processor.py:179} INFO - Processing /home/airflow/.local/lib/python3.8/site-packages/airflow/example_dags/tutorial_taskflow_api.py took 0.049 seconds
[2023-09-07T16:18:34.279+0000] {processor.py:157} INFO - Started process (PID=9662) to work on /home/airflow/.local/lib/python3.8/site-packages/airflow/example_dags/tutorial_taskflow_api.py
[2023-09-07T16:18:34.281+0000] {processor.py:829} INFO - Processing file /home/airflow/.local/lib/python3.8/site-packages/airflow/example_dags/tutorial_taskflow_api.py for tasks to queue
[2023-09-07T16:18:34.282+0000] {logging_mixin.py:151} INFO - [2023-09-07T16:18:34.281+0000] {dagbag.py:539} INFO - Filling up the DagBag from /home/airflow/.local/lib/python3.8/site-packages/airflow/example_dags/tutorial_taskflow_api.py
[2023-09-07T16:18:34.287+0000] {processor.py:839} INFO - DAG(s) dict_keys(['tutorial_taskflow_api']) retrieved from /home/airflow/.local/lib/python3.8/site-packages/airflow/example_dags/tutorial_taskflow_api.py
[2023-09-07T16:18:34.305+0000] {logging_mixin.py:151} INFO - [2023-09-07T16:18:34.304+0000] {dag.py:2907} INFO - Sync 1 DAGs
[2023-09-07T16:18:34.320+0000] {logging_mixin.py:151} INFO - [2023-09-07T16:18:34.320+0000] {dag.py:3677} INFO - Setting next_dagrun for tutorial_taskflow_api to None, run_after=None
[2023-09-07T16:18:34.337+0000] {processor.py:179} INFO - Processing /home/airflow/.local/lib/python3.8/site-packages/airflow/example_dags/tutorial_taskflow_api.py took 0.061 seconds
[2023-09-07T16:19:04.625+0000] {processor.py:157} INFO - Started process (PID=9900) to work on /home/airflow/.local/lib/python3.8/site-packages/airflow/example_dags/tutorial_taskflow_api.py
[2023-09-07T16:19:04.627+0000] {processor.py:829} INFO - Processing file /home/airflow/.local/lib/python3.8/site-packages/airflow/example_dags/tutorial_taskflow_api.py for tasks to queue
[2023-09-07T16:19:04.628+0000] {logging_mixin.py:151} INFO - [2023-09-07T16:19:04.628+0000] {dagbag.py:539} INFO - Filling up the DagBag from /home/airflow/.local/lib/python3.8/site-packages/airflow/example_dags/tutorial_taskflow_api.py
[2023-09-07T16:19:04.639+0000] {processor.py:839} INFO - DAG(s) dict_keys(['tutorial_taskflow_api']) retrieved from /home/airflow/.local/lib/python3.8/site-packages/airflow/example_dags/tutorial_taskflow_api.py
[2023-09-07T16:19:04.660+0000] {logging_mixin.py:151} INFO - [2023-09-07T16:19:04.660+0000] {dag.py:2907} INFO - Sync 1 DAGs
[2023-09-07T16:19:04.668+0000] {logging_mixin.py:151} INFO - [2023-09-07T16:19:04.668+0000] {dag.py:3677} INFO - Setting next_dagrun for tutorial_taskflow_api to None, run_after=None
[2023-09-07T16:19:04.680+0000] {processor.py:179} INFO - Processing /home/airflow/.local/lib/python3.8/site-packages/airflow/example_dags/tutorial_taskflow_api.py took 0.058 seconds
[2023-09-07T16:19:34.867+0000] {processor.py:157} INFO - Started process (PID=10138) to work on /home/airflow/.local/lib/python3.8/site-packages/airflow/example_dags/tutorial_taskflow_api.py
[2023-09-07T16:19:34.869+0000] {processor.py:829} INFO - Processing file /home/airflow/.local/lib/python3.8/site-packages/airflow/example_dags/tutorial_taskflow_api.py for tasks to queue
[2023-09-07T16:19:34.871+0000] {logging_mixin.py:151} INFO - [2023-09-07T16:19:34.870+0000] {dagbag.py:539} INFO - Filling up the DagBag from /home/airflow/.local/lib/python3.8/site-packages/airflow/example_dags/tutorial_taskflow_api.py
[2023-09-07T16:19:34.882+0000] {processor.py:839} INFO - DAG(s) dict_keys(['tutorial_taskflow_api']) retrieved from /home/airflow/.local/lib/python3.8/site-packages/airflow/example_dags/tutorial_taskflow_api.py
[2023-09-07T16:19:34.904+0000] {logging_mixin.py:151} INFO - [2023-09-07T16:19:34.904+0000] {dag.py:2907} INFO - Sync 1 DAGs
[2023-09-07T16:19:34.913+0000] {logging_mixin.py:151} INFO - [2023-09-07T16:19:34.913+0000] {dag.py:3677} INFO - Setting next_dagrun for tutorial_taskflow_api to None, run_after=None
[2023-09-07T16:19:34.924+0000] {processor.py:179} INFO - Processing /home/airflow/.local/lib/python3.8/site-packages/airflow/example_dags/tutorial_taskflow_api.py took 0.061 seconds
[2023-09-07T16:20:05.571+0000] {processor.py:157} INFO - Started process (PID=10376) to work on /home/airflow/.local/lib/python3.8/site-packages/airflow/example_dags/tutorial_taskflow_api.py
[2023-09-07T16:20:05.572+0000] {processor.py:829} INFO - Processing file /home/airflow/.local/lib/python3.8/site-packages/airflow/example_dags/tutorial_taskflow_api.py for tasks to queue
[2023-09-07T16:20:05.573+0000] {logging_mixin.py:151} INFO - [2023-09-07T16:20:05.573+0000] {dagbag.py:539} INFO - Filling up the DagBag from /home/airflow/.local/lib/python3.8/site-packages/airflow/example_dags/tutorial_taskflow_api.py
[2023-09-07T16:20:05.580+0000] {processor.py:839} INFO - DAG(s) dict_keys(['tutorial_taskflow_api']) retrieved from /home/airflow/.local/lib/python3.8/site-packages/airflow/example_dags/tutorial_taskflow_api.py
[2023-09-07T16:20:05.602+0000] {logging_mixin.py:151} INFO - [2023-09-07T16:20:05.601+0000] {dag.py:2907} INFO - Sync 1 DAGs
[2023-09-07T16:20:05.609+0000] {logging_mixin.py:151} INFO - [2023-09-07T16:20:05.609+0000] {dag.py:3677} INFO - Setting next_dagrun for tutorial_taskflow_api to None, run_after=None
[2023-09-07T16:20:05.620+0000] {processor.py:179} INFO - Processing /home/airflow/.local/lib/python3.8/site-packages/airflow/example_dags/tutorial_taskflow_api.py took 0.052 seconds
[2023-09-07T16:20:35.993+0000] {processor.py:157} INFO - Started process (PID=10616) to work on /home/airflow/.local/lib/python3.8/site-packages/airflow/example_dags/tutorial_taskflow_api.py
[2023-09-07T16:20:35.995+0000] {processor.py:829} INFO - Processing file /home/airflow/.local/lib/python3.8/site-packages/airflow/example_dags/tutorial_taskflow_api.py for tasks to queue
[2023-09-07T16:20:35.995+0000] {logging_mixin.py:151} INFO - [2023-09-07T16:20:35.995+0000] {dagbag.py:539} INFO - Filling up the DagBag from /home/airflow/.local/lib/python3.8/site-packages/airflow/example_dags/tutorial_taskflow_api.py
[2023-09-07T16:20:36.000+0000] {processor.py:839} INFO - DAG(s) dict_keys(['tutorial_taskflow_api']) retrieved from /home/airflow/.local/lib/python3.8/site-packages/airflow/example_dags/tutorial_taskflow_api.py
[2023-09-07T16:20:36.018+0000] {logging_mixin.py:151} INFO - [2023-09-07T16:20:36.018+0000] {dag.py:2907} INFO - Sync 1 DAGs
[2023-09-07T16:20:36.025+0000] {logging_mixin.py:151} INFO - [2023-09-07T16:20:36.025+0000] {dag.py:3677} INFO - Setting next_dagrun for tutorial_taskflow_api to None, run_after=None
[2023-09-07T16:20:36.035+0000] {processor.py:179} INFO - Processing /home/airflow/.local/lib/python3.8/site-packages/airflow/example_dags/tutorial_taskflow_api.py took 0.044 seconds
[2023-09-07T16:21:06.479+0000] {processor.py:157} INFO - Started process (PID=10851) to work on /home/airflow/.local/lib/python3.8/site-packages/airflow/example_dags/tutorial_taskflow_api.py
[2023-09-07T16:21:06.482+0000] {processor.py:829} INFO - Processing file /home/airflow/.local/lib/python3.8/site-packages/airflow/example_dags/tutorial_taskflow_api.py for tasks to queue
[2023-09-07T16:21:06.483+0000] {logging_mixin.py:151} INFO - [2023-09-07T16:21:06.483+0000] {dagbag.py:539} INFO - Filling up the DagBag from /home/airflow/.local/lib/python3.8/site-packages/airflow/example_dags/tutorial_taskflow_api.py
[2023-09-07T16:21:06.489+0000] {processor.py:839} INFO - DAG(s) dict_keys(['tutorial_taskflow_api']) retrieved from /home/airflow/.local/lib/python3.8/site-packages/airflow/example_dags/tutorial_taskflow_api.py
[2023-09-07T16:21:06.514+0000] {logging_mixin.py:151} INFO - [2023-09-07T16:21:06.514+0000] {dag.py:2907} INFO - Sync 1 DAGs
[2023-09-07T16:21:06.523+0000] {logging_mixin.py:151} INFO - [2023-09-07T16:21:06.523+0000] {dag.py:3677} INFO - Setting next_dagrun for tutorial_taskflow_api to None, run_after=None
[2023-09-07T16:21:06.536+0000] {processor.py:179} INFO - Processing /home/airflow/.local/lib/python3.8/site-packages/airflow/example_dags/tutorial_taskflow_api.py took 0.061 seconds
[2023-09-07T16:21:36.920+0000] {processor.py:157} INFO - Started process (PID=11089) to work on /home/airflow/.local/lib/python3.8/site-packages/airflow/example_dags/tutorial_taskflow_api.py
[2023-09-07T16:21:36.922+0000] {processor.py:829} INFO - Processing file /home/airflow/.local/lib/python3.8/site-packages/airflow/example_dags/tutorial_taskflow_api.py for tasks to queue
[2023-09-07T16:21:36.923+0000] {logging_mixin.py:151} INFO - [2023-09-07T16:21:36.922+0000] {dagbag.py:539} INFO - Filling up the DagBag from /home/airflow/.local/lib/python3.8/site-packages/airflow/example_dags/tutorial_taskflow_api.py
[2023-09-07T16:21:36.929+0000] {processor.py:839} INFO - DAG(s) dict_keys(['tutorial_taskflow_api']) retrieved from /home/airflow/.local/lib/python3.8/site-packages/airflow/example_dags/tutorial_taskflow_api.py
[2023-09-07T16:21:36.947+0000] {logging_mixin.py:151} INFO - [2023-09-07T16:21:36.947+0000] {dag.py:2907} INFO - Sync 1 DAGs
[2023-09-07T16:21:36.957+0000] {logging_mixin.py:151} INFO - [2023-09-07T16:21:36.957+0000] {dag.py:3677} INFO - Setting next_dagrun for tutorial_taskflow_api to None, run_after=None
[2023-09-07T16:21:36.968+0000] {processor.py:179} INFO - Processing /home/airflow/.local/lib/python3.8/site-packages/airflow/example_dags/tutorial_taskflow_api.py took 0.051 seconds
[2023-09-07T16:22:07.585+0000] {processor.py:157} INFO - Started process (PID=11329) to work on /home/airflow/.local/lib/python3.8/site-packages/airflow/example_dags/tutorial_taskflow_api.py
[2023-09-07T16:22:07.586+0000] {processor.py:829} INFO - Processing file /home/airflow/.local/lib/python3.8/site-packages/airflow/example_dags/tutorial_taskflow_api.py for tasks to queue
[2023-09-07T16:22:07.587+0000] {logging_mixin.py:151} INFO - [2023-09-07T16:22:07.587+0000] {dagbag.py:539} INFO - Filling up the DagBag from /home/airflow/.local/lib/python3.8/site-packages/airflow/example_dags/tutorial_taskflow_api.py
[2023-09-07T16:22:07.593+0000] {processor.py:839} INFO - DAG(s) dict_keys(['tutorial_taskflow_api']) retrieved from /home/airflow/.local/lib/python3.8/site-packages/airflow/example_dags/tutorial_taskflow_api.py
[2023-09-07T16:22:07.611+0000] {logging_mixin.py:151} INFO - [2023-09-07T16:22:07.611+0000] {dag.py:2907} INFO - Sync 1 DAGs
[2023-09-07T16:22:07.620+0000] {logging_mixin.py:151} INFO - [2023-09-07T16:22:07.620+0000] {dag.py:3677} INFO - Setting next_dagrun for tutorial_taskflow_api to None, run_after=None
[2023-09-07T16:22:07.630+0000] {processor.py:179} INFO - Processing /home/airflow/.local/lib/python3.8/site-packages/airflow/example_dags/tutorial_taskflow_api.py took 0.048 seconds
[2023-09-07T16:22:38.077+0000] {processor.py:157} INFO - Started process (PID=11566) to work on /home/airflow/.local/lib/python3.8/site-packages/airflow/example_dags/tutorial_taskflow_api.py
[2023-09-07T16:22:38.078+0000] {processor.py:829} INFO - Processing file /home/airflow/.local/lib/python3.8/site-packages/airflow/example_dags/tutorial_taskflow_api.py for tasks to queue
[2023-09-07T16:22:38.079+0000] {logging_mixin.py:151} INFO - [2023-09-07T16:22:38.078+0000] {dagbag.py:539} INFO - Filling up the DagBag from /home/airflow/.local/lib/python3.8/site-packages/airflow/example_dags/tutorial_taskflow_api.py
[2023-09-07T16:22:38.084+0000] {processor.py:839} INFO - DAG(s) dict_keys(['tutorial_taskflow_api']) retrieved from /home/airflow/.local/lib/python3.8/site-packages/airflow/example_dags/tutorial_taskflow_api.py
[2023-09-07T16:22:38.102+0000] {logging_mixin.py:151} INFO - [2023-09-07T16:22:38.102+0000] {dag.py:2907} INFO - Sync 1 DAGs
[2023-09-07T16:22:38.110+0000] {logging_mixin.py:151} INFO - [2023-09-07T16:22:38.110+0000] {dag.py:3677} INFO - Setting next_dagrun for tutorial_taskflow_api to None, run_after=None
[2023-09-07T16:22:38.120+0000] {processor.py:179} INFO - Processing /home/airflow/.local/lib/python3.8/site-packages/airflow/example_dags/tutorial_taskflow_api.py took 0.047 seconds
[2023-09-07T16:23:08.485+0000] {processor.py:157} INFO - Started process (PID=11804) to work on /home/airflow/.local/lib/python3.8/site-packages/airflow/example_dags/tutorial_taskflow_api.py
[2023-09-07T16:23:08.486+0000] {processor.py:829} INFO - Processing file /home/airflow/.local/lib/python3.8/site-packages/airflow/example_dags/tutorial_taskflow_api.py for tasks to queue
[2023-09-07T16:23:08.487+0000] {logging_mixin.py:151} INFO - [2023-09-07T16:23:08.487+0000] {dagbag.py:539} INFO - Filling up the DagBag from /home/airflow/.local/lib/python3.8/site-packages/airflow/example_dags/tutorial_taskflow_api.py
[2023-09-07T16:23:08.492+0000] {processor.py:839} INFO - DAG(s) dict_keys(['tutorial_taskflow_api']) retrieved from /home/airflow/.local/lib/python3.8/site-packages/airflow/example_dags/tutorial_taskflow_api.py
[2023-09-07T16:23:08.508+0000] {logging_mixin.py:151} INFO - [2023-09-07T16:23:08.508+0000] {dag.py:2907} INFO - Sync 1 DAGs
[2023-09-07T16:23:08.516+0000] {logging_mixin.py:151} INFO - [2023-09-07T16:23:08.516+0000] {dag.py:3677} INFO - Setting next_dagrun for tutorial_taskflow_api to None, run_after=None
[2023-09-07T16:23:08.525+0000] {processor.py:179} INFO - Processing /home/airflow/.local/lib/python3.8/site-packages/airflow/example_dags/tutorial_taskflow_api.py took 0.043 seconds
[2023-09-07T16:23:39.169+0000] {processor.py:157} INFO - Started process (PID=12042) to work on /home/airflow/.local/lib/python3.8/site-packages/airflow/example_dags/tutorial_taskflow_api.py
[2023-09-07T16:23:39.171+0000] {processor.py:829} INFO - Processing file /home/airflow/.local/lib/python3.8/site-packages/airflow/example_dags/tutorial_taskflow_api.py for tasks to queue
[2023-09-07T16:23:39.173+0000] {logging_mixin.py:151} INFO - [2023-09-07T16:23:39.172+0000] {dagbag.py:539} INFO - Filling up the DagBag from /home/airflow/.local/lib/python3.8/site-packages/airflow/example_dags/tutorial_taskflow_api.py
[2023-09-07T16:23:39.187+0000] {processor.py:839} INFO - DAG(s) dict_keys(['tutorial_taskflow_api']) retrieved from /home/airflow/.local/lib/python3.8/site-packages/airflow/example_dags/tutorial_taskflow_api.py
[2023-09-07T16:23:39.215+0000] {logging_mixin.py:151} INFO - [2023-09-07T16:23:39.214+0000] {dag.py:2907} INFO - Sync 1 DAGs
[2023-09-07T16:23:39.224+0000] {logging_mixin.py:151} INFO - [2023-09-07T16:23:39.224+0000] {dag.py:3677} INFO - Setting next_dagrun for tutorial_taskflow_api to None, run_after=None
[2023-09-07T16:23:39.235+0000] {processor.py:179} INFO - Processing /home/airflow/.local/lib/python3.8/site-packages/airflow/example_dags/tutorial_taskflow_api.py took 0.070 seconds
[2023-09-07T16:24:09.588+0000] {processor.py:157} INFO - Started process (PID=12280) to work on /home/airflow/.local/lib/python3.8/site-packages/airflow/example_dags/tutorial_taskflow_api.py
[2023-09-07T16:24:09.589+0000] {processor.py:829} INFO - Processing file /home/airflow/.local/lib/python3.8/site-packages/airflow/example_dags/tutorial_taskflow_api.py for tasks to queue
[2023-09-07T16:24:09.590+0000] {logging_mixin.py:151} INFO - [2023-09-07T16:24:09.590+0000] {dagbag.py:539} INFO - Filling up the DagBag from /home/airflow/.local/lib/python3.8/site-packages/airflow/example_dags/tutorial_taskflow_api.py
[2023-09-07T16:24:09.596+0000] {processor.py:839} INFO - DAG(s) dict_keys(['tutorial_taskflow_api']) retrieved from /home/airflow/.local/lib/python3.8/site-packages/airflow/example_dags/tutorial_taskflow_api.py
[2023-09-07T16:24:09.615+0000] {logging_mixin.py:151} INFO - [2023-09-07T16:24:09.615+0000] {dag.py:2907} INFO - Sync 1 DAGs
[2023-09-07T16:24:09.623+0000] {logging_mixin.py:151} INFO - [2023-09-07T16:24:09.623+0000] {dag.py:3677} INFO - Setting next_dagrun for tutorial_taskflow_api to None, run_after=None
[2023-09-07T16:24:09.635+0000] {processor.py:179} INFO - Processing /home/airflow/.local/lib/python3.8/site-packages/airflow/example_dags/tutorial_taskflow_api.py took 0.050 seconds
[2023-09-07T16:24:40.065+0000] {processor.py:157} INFO - Started process (PID=12516) to work on /home/airflow/.local/lib/python3.8/site-packages/airflow/example_dags/tutorial_taskflow_api.py
[2023-09-07T16:24:40.066+0000] {processor.py:829} INFO - Processing file /home/airflow/.local/lib/python3.8/site-packages/airflow/example_dags/tutorial_taskflow_api.py for tasks to queue
[2023-09-07T16:24:40.067+0000] {logging_mixin.py:151} INFO - [2023-09-07T16:24:40.067+0000] {dagbag.py:539} INFO - Filling up the DagBag from /home/airflow/.local/lib/python3.8/site-packages/airflow/example_dags/tutorial_taskflow_api.py
[2023-09-07T16:24:40.072+0000] {processor.py:839} INFO - DAG(s) dict_keys(['tutorial_taskflow_api']) retrieved from /home/airflow/.local/lib/python3.8/site-packages/airflow/example_dags/tutorial_taskflow_api.py
[2023-09-07T16:24:40.089+0000] {logging_mixin.py:151} INFO - [2023-09-07T16:24:40.089+0000] {dag.py:2907} INFO - Sync 1 DAGs
[2023-09-07T16:24:40.097+0000] {logging_mixin.py:151} INFO - [2023-09-07T16:24:40.097+0000] {dag.py:3677} INFO - Setting next_dagrun for tutorial_taskflow_api to None, run_after=None
[2023-09-07T16:24:40.108+0000] {processor.py:179} INFO - Processing /home/airflow/.local/lib/python3.8/site-packages/airflow/example_dags/tutorial_taskflow_api.py took 0.046 seconds
[2023-09-07T16:25:10.459+0000] {processor.py:157} INFO - Started process (PID=12755) to work on /home/airflow/.local/lib/python3.8/site-packages/airflow/example_dags/tutorial_taskflow_api.py
[2023-09-07T16:25:10.460+0000] {processor.py:829} INFO - Processing file /home/airflow/.local/lib/python3.8/site-packages/airflow/example_dags/tutorial_taskflow_api.py for tasks to queue
[2023-09-07T16:25:10.461+0000] {logging_mixin.py:151} INFO - [2023-09-07T16:25:10.461+0000] {dagbag.py:539} INFO - Filling up the DagBag from /home/airflow/.local/lib/python3.8/site-packages/airflow/example_dags/tutorial_taskflow_api.py
[2023-09-07T16:25:10.467+0000] {processor.py:839} INFO - DAG(s) dict_keys(['tutorial_taskflow_api']) retrieved from /home/airflow/.local/lib/python3.8/site-packages/airflow/example_dags/tutorial_taskflow_api.py
[2023-09-07T16:25:10.484+0000] {logging_mixin.py:151} INFO - [2023-09-07T16:25:10.484+0000] {dag.py:2907} INFO - Sync 1 DAGs
[2023-09-07T16:25:10.491+0000] {logging_mixin.py:151} INFO - [2023-09-07T16:25:10.491+0000] {dag.py:3677} INFO - Setting next_dagrun for tutorial_taskflow_api to None, run_after=None
[2023-09-07T16:25:10.502+0000] {processor.py:179} INFO - Processing /home/airflow/.local/lib/python3.8/site-packages/airflow/example_dags/tutorial_taskflow_api.py took 0.046 seconds
[2023-09-07T16:25:40.997+0000] {processor.py:157} INFO - Started process (PID=12992) to work on /home/airflow/.local/lib/python3.8/site-packages/airflow/example_dags/tutorial_taskflow_api.py
[2023-09-07T16:25:40.999+0000] {processor.py:829} INFO - Processing file /home/airflow/.local/lib/python3.8/site-packages/airflow/example_dags/tutorial_taskflow_api.py for tasks to queue
[2023-09-07T16:25:41.000+0000] {logging_mixin.py:151} INFO - [2023-09-07T16:25:41.000+0000] {dagbag.py:539} INFO - Filling up the DagBag from /home/airflow/.local/lib/python3.8/site-packages/airflow/example_dags/tutorial_taskflow_api.py
[2023-09-07T16:25:41.006+0000] {processor.py:839} INFO - DAG(s) dict_keys(['tutorial_taskflow_api']) retrieved from /home/airflow/.local/lib/python3.8/site-packages/airflow/example_dags/tutorial_taskflow_api.py
[2023-09-07T16:25:41.025+0000] {logging_mixin.py:151} INFO - [2023-09-07T16:25:41.025+0000] {dag.py:2907} INFO - Sync 1 DAGs
[2023-09-07T16:25:41.036+0000] {logging_mixin.py:151} INFO - [2023-09-07T16:25:41.036+0000] {dag.py:3677} INFO - Setting next_dagrun for tutorial_taskflow_api to None, run_after=None
[2023-09-07T16:25:41.054+0000] {processor.py:179} INFO - Processing /home/airflow/.local/lib/python3.8/site-packages/airflow/example_dags/tutorial_taskflow_api.py took 0.060 seconds
[2023-09-07T16:26:11.449+0000] {processor.py:157} INFO - Started process (PID=13230) to work on /home/airflow/.local/lib/python3.8/site-packages/airflow/example_dags/tutorial_taskflow_api.py
[2023-09-07T16:26:11.451+0000] {processor.py:829} INFO - Processing file /home/airflow/.local/lib/python3.8/site-packages/airflow/example_dags/tutorial_taskflow_api.py for tasks to queue
[2023-09-07T16:26:11.452+0000] {logging_mixin.py:151} INFO - [2023-09-07T16:26:11.452+0000] {dagbag.py:539} INFO - Filling up the DagBag from /home/airflow/.local/lib/python3.8/site-packages/airflow/example_dags/tutorial_taskflow_api.py
[2023-09-07T16:26:11.457+0000] {processor.py:839} INFO - DAG(s) dict_keys(['tutorial_taskflow_api']) retrieved from /home/airflow/.local/lib/python3.8/site-packages/airflow/example_dags/tutorial_taskflow_api.py
[2023-09-07T16:26:11.475+0000] {logging_mixin.py:151} INFO - [2023-09-07T16:26:11.475+0000] {dag.py:2907} INFO - Sync 1 DAGs
[2023-09-07T16:26:11.484+0000] {logging_mixin.py:151} INFO - [2023-09-07T16:26:11.484+0000] {dag.py:3677} INFO - Setting next_dagrun for tutorial_taskflow_api to None, run_after=None
[2023-09-07T16:26:11.495+0000] {processor.py:179} INFO - Processing /home/airflow/.local/lib/python3.8/site-packages/airflow/example_dags/tutorial_taskflow_api.py took 0.049 seconds
[2023-09-07T16:26:42.223+0000] {processor.py:157} INFO - Started process (PID=13471) to work on /home/airflow/.local/lib/python3.8/site-packages/airflow/example_dags/tutorial_taskflow_api.py
[2023-09-07T16:26:42.224+0000] {processor.py:829} INFO - Processing file /home/airflow/.local/lib/python3.8/site-packages/airflow/example_dags/tutorial_taskflow_api.py for tasks to queue
[2023-09-07T16:26:42.225+0000] {logging_mixin.py:151} INFO - [2023-09-07T16:26:42.225+0000] {dagbag.py:539} INFO - Filling up the DagBag from /home/airflow/.local/lib/python3.8/site-packages/airflow/example_dags/tutorial_taskflow_api.py
[2023-09-07T16:26:42.232+0000] {processor.py:839} INFO - DAG(s) dict_keys(['tutorial_taskflow_api']) retrieved from /home/airflow/.local/lib/python3.8/site-packages/airflow/example_dags/tutorial_taskflow_api.py
[2023-09-07T16:26:42.248+0000] {logging_mixin.py:151} INFO - [2023-09-07T16:26:42.248+0000] {dag.py:2907} INFO - Sync 1 DAGs
[2023-09-07T16:26:42.256+0000] {logging_mixin.py:151} INFO - [2023-09-07T16:26:42.256+0000] {dag.py:3677} INFO - Setting next_dagrun for tutorial_taskflow_api to None, run_after=None
[2023-09-07T16:26:42.265+0000] {processor.py:179} INFO - Processing /home/airflow/.local/lib/python3.8/site-packages/airflow/example_dags/tutorial_taskflow_api.py took 0.045 seconds
[2023-09-07T16:27:12.385+0000] {processor.py:157} INFO - Started process (PID=13707) to work on /home/airflow/.local/lib/python3.8/site-packages/airflow/example_dags/tutorial_taskflow_api.py
[2023-09-07T16:27:12.394+0000] {processor.py:829} INFO - Processing file /home/airflow/.local/lib/python3.8/site-packages/airflow/example_dags/tutorial_taskflow_api.py for tasks to queue
[2023-09-07T16:27:12.396+0000] {logging_mixin.py:151} INFO - [2023-09-07T16:27:12.395+0000] {dagbag.py:539} INFO - Filling up the DagBag from /home/airflow/.local/lib/python3.8/site-packages/airflow/example_dags/tutorial_taskflow_api.py
[2023-09-07T16:27:12.402+0000] {processor.py:839} INFO - DAG(s) dict_keys(['tutorial_taskflow_api']) retrieved from /home/airflow/.local/lib/python3.8/site-packages/airflow/example_dags/tutorial_taskflow_api.py
[2023-09-07T16:27:12.422+0000] {logging_mixin.py:151} INFO - [2023-09-07T16:27:12.422+0000] {dag.py:2907} INFO - Sync 1 DAGs
[2023-09-07T16:27:12.431+0000] {logging_mixin.py:151} INFO - [2023-09-07T16:27:12.431+0000] {dag.py:3677} INFO - Setting next_dagrun for tutorial_taskflow_api to None, run_after=None
[2023-09-07T16:27:12.441+0000] {processor.py:179} INFO - Processing /home/airflow/.local/lib/python3.8/site-packages/airflow/example_dags/tutorial_taskflow_api.py took 0.059 seconds
[2023-09-07T16:27:43.206+0000] {processor.py:157} INFO - Started process (PID=13948) to work on /home/airflow/.local/lib/python3.8/site-packages/airflow/example_dags/tutorial_taskflow_api.py
[2023-09-07T16:27:43.207+0000] {processor.py:829} INFO - Processing file /home/airflow/.local/lib/python3.8/site-packages/airflow/example_dags/tutorial_taskflow_api.py for tasks to queue
[2023-09-07T16:27:43.208+0000] {logging_mixin.py:151} INFO - [2023-09-07T16:27:43.208+0000] {dagbag.py:539} INFO - Filling up the DagBag from /home/airflow/.local/lib/python3.8/site-packages/airflow/example_dags/tutorial_taskflow_api.py
[2023-09-07T16:27:43.213+0000] {processor.py:839} INFO - DAG(s) dict_keys(['tutorial_taskflow_api']) retrieved from /home/airflow/.local/lib/python3.8/site-packages/airflow/example_dags/tutorial_taskflow_api.py
[2023-09-07T16:27:43.231+0000] {logging_mixin.py:151} INFO - [2023-09-07T16:27:43.230+0000] {dag.py:2907} INFO - Sync 1 DAGs
[2023-09-07T16:27:43.239+0000] {logging_mixin.py:151} INFO - [2023-09-07T16:27:43.239+0000] {dag.py:3677} INFO - Setting next_dagrun for tutorial_taskflow_api to None, run_after=None
[2023-09-07T16:27:43.249+0000] {processor.py:179} INFO - Processing /home/airflow/.local/lib/python3.8/site-packages/airflow/example_dags/tutorial_taskflow_api.py took 0.046 seconds
[2023-09-07T16:28:13.376+0000] {processor.py:157} INFO - Started process (PID=14184) to work on /home/airflow/.local/lib/python3.8/site-packages/airflow/example_dags/tutorial_taskflow_api.py
[2023-09-07T16:28:13.377+0000] {processor.py:829} INFO - Processing file /home/airflow/.local/lib/python3.8/site-packages/airflow/example_dags/tutorial_taskflow_api.py for tasks to queue
[2023-09-07T16:28:13.378+0000] {logging_mixin.py:151} INFO - [2023-09-07T16:28:13.377+0000] {dagbag.py:539} INFO - Filling up the DagBag from /home/airflow/.local/lib/python3.8/site-packages/airflow/example_dags/tutorial_taskflow_api.py
[2023-09-07T16:28:13.384+0000] {processor.py:839} INFO - DAG(s) dict_keys(['tutorial_taskflow_api']) retrieved from /home/airflow/.local/lib/python3.8/site-packages/airflow/example_dags/tutorial_taskflow_api.py
[2023-09-07T16:28:13.401+0000] {logging_mixin.py:151} INFO - [2023-09-07T16:28:13.401+0000] {dag.py:2907} INFO - Sync 1 DAGs
[2023-09-07T16:28:13.409+0000] {logging_mixin.py:151} INFO - [2023-09-07T16:28:13.409+0000] {dag.py:3677} INFO - Setting next_dagrun for tutorial_taskflow_api to None, run_after=None
[2023-09-07T16:28:13.420+0000] {processor.py:179} INFO - Processing /home/airflow/.local/lib/python3.8/site-packages/airflow/example_dags/tutorial_taskflow_api.py took 0.047 seconds
[2023-09-07T16:28:44.297+0000] {processor.py:157} INFO - Started process (PID=14422) to work on /home/airflow/.local/lib/python3.8/site-packages/airflow/example_dags/tutorial_taskflow_api.py
[2023-09-07T16:28:44.298+0000] {processor.py:829} INFO - Processing file /home/airflow/.local/lib/python3.8/site-packages/airflow/example_dags/tutorial_taskflow_api.py for tasks to queue
[2023-09-07T16:28:44.300+0000] {logging_mixin.py:151} INFO - [2023-09-07T16:28:44.299+0000] {dagbag.py:539} INFO - Filling up the DagBag from /home/airflow/.local/lib/python3.8/site-packages/airflow/example_dags/tutorial_taskflow_api.py
[2023-09-07T16:28:44.305+0000] {processor.py:839} INFO - DAG(s) dict_keys(['tutorial_taskflow_api']) retrieved from /home/airflow/.local/lib/python3.8/site-packages/airflow/example_dags/tutorial_taskflow_api.py
[2023-09-07T16:28:44.322+0000] {logging_mixin.py:151} INFO - [2023-09-07T16:28:44.322+0000] {dag.py:2907} INFO - Sync 1 DAGs
[2023-09-07T16:28:44.330+0000] {logging_mixin.py:151} INFO - [2023-09-07T16:28:44.330+0000] {dag.py:3677} INFO - Setting next_dagrun for tutorial_taskflow_api to None, run_after=None
[2023-09-07T16:28:44.341+0000] {processor.py:179} INFO - Processing /home/airflow/.local/lib/python3.8/site-packages/airflow/example_dags/tutorial_taskflow_api.py took 0.047 seconds
[2023-09-07T16:29:15.008+0000] {processor.py:157} INFO - Started process (PID=14659) to work on /home/airflow/.local/lib/python3.8/site-packages/airflow/example_dags/tutorial_taskflow_api.py
[2023-09-07T16:29:15.009+0000] {processor.py:829} INFO - Processing file /home/airflow/.local/lib/python3.8/site-packages/airflow/example_dags/tutorial_taskflow_api.py for tasks to queue
[2023-09-07T16:29:15.010+0000] {logging_mixin.py:151} INFO - [2023-09-07T16:29:15.010+0000] {dagbag.py:539} INFO - Filling up the DagBag from /home/airflow/.local/lib/python3.8/site-packages/airflow/example_dags/tutorial_taskflow_api.py
[2023-09-07T16:29:15.016+0000] {processor.py:839} INFO - DAG(s) dict_keys(['tutorial_taskflow_api']) retrieved from /home/airflow/.local/lib/python3.8/site-packages/airflow/example_dags/tutorial_taskflow_api.py
[2023-09-07T16:29:15.032+0000] {logging_mixin.py:151} INFO - [2023-09-07T16:29:15.032+0000] {dag.py:2907} INFO - Sync 1 DAGs
[2023-09-07T16:29:15.041+0000] {logging_mixin.py:151} INFO - [2023-09-07T16:29:15.040+0000] {dag.py:3677} INFO - Setting next_dagrun for tutorial_taskflow_api to None, run_after=None
[2023-09-07T16:29:15.051+0000] {processor.py:179} INFO - Processing /home/airflow/.local/lib/python3.8/site-packages/airflow/example_dags/tutorial_taskflow_api.py took 0.046 seconds
[2023-09-07T16:31:00.741+0000] {processor.py:157} INFO - Started process (PID=14900) to work on /home/airflow/.local/lib/python3.8/site-packages/airflow/example_dags/tutorial_taskflow_api.py
[2023-09-07T16:31:00.743+0000] {processor.py:829} INFO - Processing file /home/airflow/.local/lib/python3.8/site-packages/airflow/example_dags/tutorial_taskflow_api.py for tasks to queue
[2023-09-07T16:31:00.745+0000] {logging_mixin.py:151} INFO - [2023-09-07T16:31:00.744+0000] {dagbag.py:539} INFO - Filling up the DagBag from /home/airflow/.local/lib/python3.8/site-packages/airflow/example_dags/tutorial_taskflow_api.py
[2023-09-07T16:31:00.758+0000] {processor.py:839} INFO - DAG(s) dict_keys(['tutorial_taskflow_api']) retrieved from /home/airflow/.local/lib/python3.8/site-packages/airflow/example_dags/tutorial_taskflow_api.py
[2023-09-07T16:31:00.811+0000] {logging_mixin.py:151} INFO - [2023-09-07T16:31:00.811+0000] {dag.py:2907} INFO - Sync 1 DAGs
[2023-09-07T16:31:00.832+0000] {logging_mixin.py:151} INFO - [2023-09-07T16:31:00.831+0000] {dag.py:3677} INFO - Setting next_dagrun for tutorial_taskflow_api to None, run_after=None
[2023-09-07T16:31:00.859+0000] {processor.py:179} INFO - Processing /home/airflow/.local/lib/python3.8/site-packages/airflow/example_dags/tutorial_taskflow_api.py took 0.123 seconds
[2023-09-07T16:31:31.940+0000] {processor.py:157} INFO - Started process (PID=15138) to work on /home/airflow/.local/lib/python3.8/site-packages/airflow/example_dags/tutorial_taskflow_api.py
[2023-09-07T16:31:31.943+0000] {processor.py:829} INFO - Processing file /home/airflow/.local/lib/python3.8/site-packages/airflow/example_dags/tutorial_taskflow_api.py for tasks to queue
[2023-09-07T16:31:31.945+0000] {logging_mixin.py:151} INFO - [2023-09-07T16:31:31.945+0000] {dagbag.py:539} INFO - Filling up the DagBag from /home/airflow/.local/lib/python3.8/site-packages/airflow/example_dags/tutorial_taskflow_api.py
[2023-09-07T16:31:31.956+0000] {processor.py:839} INFO - DAG(s) dict_keys(['tutorial_taskflow_api']) retrieved from /home/airflow/.local/lib/python3.8/site-packages/airflow/example_dags/tutorial_taskflow_api.py
[2023-09-07T16:31:31.980+0000] {logging_mixin.py:151} INFO - [2023-09-07T16:31:31.980+0000] {dag.py:2907} INFO - Sync 1 DAGs
[2023-09-07T16:31:31.992+0000] {logging_mixin.py:151} INFO - [2023-09-07T16:31:31.992+0000] {dag.py:3677} INFO - Setting next_dagrun for tutorial_taskflow_api to None, run_after=None
[2023-09-07T16:31:32.009+0000] {processor.py:179} INFO - Processing /home/airflow/.local/lib/python3.8/site-packages/airflow/example_dags/tutorial_taskflow_api.py took 0.076 seconds
[2023-09-07T16:32:02.691+0000] {processor.py:157} INFO - Started process (PID=15376) to work on /home/airflow/.local/lib/python3.8/site-packages/airflow/example_dags/tutorial_taskflow_api.py
[2023-09-07T16:32:02.692+0000] {processor.py:829} INFO - Processing file /home/airflow/.local/lib/python3.8/site-packages/airflow/example_dags/tutorial_taskflow_api.py for tasks to queue
[2023-09-07T16:32:02.693+0000] {logging_mixin.py:151} INFO - [2023-09-07T16:32:02.693+0000] {dagbag.py:539} INFO - Filling up the DagBag from /home/airflow/.local/lib/python3.8/site-packages/airflow/example_dags/tutorial_taskflow_api.py
[2023-09-07T16:32:02.699+0000] {processor.py:839} INFO - DAG(s) dict_keys(['tutorial_taskflow_api']) retrieved from /home/airflow/.local/lib/python3.8/site-packages/airflow/example_dags/tutorial_taskflow_api.py
[2023-09-07T16:32:02.716+0000] {logging_mixin.py:151} INFO - [2023-09-07T16:32:02.716+0000] {dag.py:2907} INFO - Sync 1 DAGs
[2023-09-07T16:32:02.725+0000] {logging_mixin.py:151} INFO - [2023-09-07T16:32:02.725+0000] {dag.py:3677} INFO - Setting next_dagrun for tutorial_taskflow_api to None, run_after=None
[2023-09-07T16:32:02.736+0000] {processor.py:179} INFO - Processing /home/airflow/.local/lib/python3.8/site-packages/airflow/example_dags/tutorial_taskflow_api.py took 0.048 seconds
[2023-09-07T16:32:36.079+0000] {processor.py:157} INFO - Started process (PID=15614) to work on /home/airflow/.local/lib/python3.8/site-packages/airflow/example_dags/tutorial_taskflow_api.py
[2023-09-07T16:32:36.081+0000] {processor.py:829} INFO - Processing file /home/airflow/.local/lib/python3.8/site-packages/airflow/example_dags/tutorial_taskflow_api.py for tasks to queue
[2023-09-07T16:32:36.082+0000] {logging_mixin.py:151} INFO - [2023-09-07T16:32:36.081+0000] {dagbag.py:539} INFO - Filling up the DagBag from /home/airflow/.local/lib/python3.8/site-packages/airflow/example_dags/tutorial_taskflow_api.py
[2023-09-07T16:32:36.087+0000] {processor.py:839} INFO - DAG(s) dict_keys(['tutorial_taskflow_api']) retrieved from /home/airflow/.local/lib/python3.8/site-packages/airflow/example_dags/tutorial_taskflow_api.py
[2023-09-07T16:32:36.105+0000] {logging_mixin.py:151} INFO - [2023-09-07T16:32:36.105+0000] {dag.py:2907} INFO - Sync 1 DAGs
[2023-09-07T16:32:36.121+0000] {logging_mixin.py:151} INFO - [2023-09-07T16:32:36.120+0000] {dag.py:3677} INFO - Setting next_dagrun for tutorial_taskflow_api to None, run_after=None
[2023-09-07T16:32:36.135+0000] {processor.py:179} INFO - Processing /home/airflow/.local/lib/python3.8/site-packages/airflow/example_dags/tutorial_taskflow_api.py took 0.058 seconds
[2023-09-07T16:33:09.502+0000] {processor.py:157} INFO - Started process (PID=15854) to work on /home/airflow/.local/lib/python3.8/site-packages/airflow/example_dags/tutorial_taskflow_api.py
[2023-09-07T16:33:09.504+0000] {processor.py:829} INFO - Processing file /home/airflow/.local/lib/python3.8/site-packages/airflow/example_dags/tutorial_taskflow_api.py for tasks to queue
[2023-09-07T16:33:09.505+0000] {logging_mixin.py:151} INFO - [2023-09-07T16:33:09.505+0000] {dagbag.py:539} INFO - Filling up the DagBag from /home/airflow/.local/lib/python3.8/site-packages/airflow/example_dags/tutorial_taskflow_api.py
[2023-09-07T16:33:09.514+0000] {processor.py:839} INFO - DAG(s) dict_keys(['tutorial_taskflow_api']) retrieved from /home/airflow/.local/lib/python3.8/site-packages/airflow/example_dags/tutorial_taskflow_api.py
[2023-09-07T16:33:09.553+0000] {logging_mixin.py:151} INFO - [2023-09-07T16:33:09.553+0000] {dag.py:2907} INFO - Sync 1 DAGs
[2023-09-07T16:33:09.567+0000] {logging_mixin.py:151} INFO - [2023-09-07T16:33:09.567+0000] {dag.py:3677} INFO - Setting next_dagrun for tutorial_taskflow_api to None, run_after=None
[2023-09-07T16:33:09.583+0000] {processor.py:179} INFO - Processing /home/airflow/.local/lib/python3.8/site-packages/airflow/example_dags/tutorial_taskflow_api.py took 0.086 seconds
[2023-09-07T16:33:42.057+0000] {processor.py:157} INFO - Started process (PID=16092) to work on /home/airflow/.local/lib/python3.8/site-packages/airflow/example_dags/tutorial_taskflow_api.py
[2023-09-07T16:33:42.059+0000] {processor.py:829} INFO - Processing file /home/airflow/.local/lib/python3.8/site-packages/airflow/example_dags/tutorial_taskflow_api.py for tasks to queue
[2023-09-07T16:33:42.060+0000] {logging_mixin.py:151} INFO - [2023-09-07T16:33:42.060+0000] {dagbag.py:539} INFO - Filling up the DagBag from /home/airflow/.local/lib/python3.8/site-packages/airflow/example_dags/tutorial_taskflow_api.py
[2023-09-07T16:33:42.067+0000] {processor.py:839} INFO - DAG(s) dict_keys(['tutorial_taskflow_api']) retrieved from /home/airflow/.local/lib/python3.8/site-packages/airflow/example_dags/tutorial_taskflow_api.py
[2023-09-07T16:33:42.087+0000] {logging_mixin.py:151} INFO - [2023-09-07T16:33:42.087+0000] {dag.py:2907} INFO - Sync 1 DAGs
[2023-09-07T16:33:42.097+0000] {logging_mixin.py:151} INFO - [2023-09-07T16:33:42.097+0000] {dag.py:3677} INFO - Setting next_dagrun for tutorial_taskflow_api to None, run_after=None
[2023-09-07T16:33:42.109+0000] {processor.py:179} INFO - Processing /home/airflow/.local/lib/python3.8/site-packages/airflow/example_dags/tutorial_taskflow_api.py took 0.055 seconds
[2023-09-07T16:34:12.690+0000] {processor.py:157} INFO - Started process (PID=16330) to work on /home/airflow/.local/lib/python3.8/site-packages/airflow/example_dags/tutorial_taskflow_api.py
[2023-09-07T16:34:12.692+0000] {processor.py:829} INFO - Processing file /home/airflow/.local/lib/python3.8/site-packages/airflow/example_dags/tutorial_taskflow_api.py for tasks to queue
[2023-09-07T16:34:12.694+0000] {logging_mixin.py:151} INFO - [2023-09-07T16:34:12.694+0000] {dagbag.py:539} INFO - Filling up the DagBag from /home/airflow/.local/lib/python3.8/site-packages/airflow/example_dags/tutorial_taskflow_api.py
[2023-09-07T16:34:12.706+0000] {processor.py:839} INFO - DAG(s) dict_keys(['tutorial_taskflow_api']) retrieved from /home/airflow/.local/lib/python3.8/site-packages/airflow/example_dags/tutorial_taskflow_api.py
[2023-09-07T16:34:12.804+0000] {logging_mixin.py:151} INFO - [2023-09-07T16:34:12.804+0000] {dag.py:2907} INFO - Sync 1 DAGs
[2023-09-07T16:34:12.833+0000] {logging_mixin.py:151} INFO - [2023-09-07T16:34:12.833+0000] {dag.py:3677} INFO - Setting next_dagrun for tutorial_taskflow_api to None, run_after=None
[2023-09-07T16:34:12.853+0000] {processor.py:179} INFO - Processing /home/airflow/.local/lib/python3.8/site-packages/airflow/example_dags/tutorial_taskflow_api.py took 0.170 seconds
[2023-09-07T16:34:43.311+0000] {processor.py:157} INFO - Started process (PID=16568) to work on /home/airflow/.local/lib/python3.8/site-packages/airflow/example_dags/tutorial_taskflow_api.py
[2023-09-07T16:34:43.313+0000] {processor.py:829} INFO - Processing file /home/airflow/.local/lib/python3.8/site-packages/airflow/example_dags/tutorial_taskflow_api.py for tasks to queue
[2023-09-07T16:34:43.314+0000] {logging_mixin.py:151} INFO - [2023-09-07T16:34:43.313+0000] {dagbag.py:539} INFO - Filling up the DagBag from /home/airflow/.local/lib/python3.8/site-packages/airflow/example_dags/tutorial_taskflow_api.py
[2023-09-07T16:34:43.320+0000] {processor.py:839} INFO - DAG(s) dict_keys(['tutorial_taskflow_api']) retrieved from /home/airflow/.local/lib/python3.8/site-packages/airflow/example_dags/tutorial_taskflow_api.py
[2023-09-07T16:34:43.342+0000] {logging_mixin.py:151} INFO - [2023-09-07T16:34:43.341+0000] {dag.py:2907} INFO - Sync 1 DAGs
[2023-09-07T16:34:43.372+0000] {logging_mixin.py:151} INFO - [2023-09-07T16:34:43.371+0000] {dag.py:3677} INFO - Setting next_dagrun for tutorial_taskflow_api to None, run_after=None
[2023-09-07T16:34:43.391+0000] {processor.py:179} INFO - Processing /home/airflow/.local/lib/python3.8/site-packages/airflow/example_dags/tutorial_taskflow_api.py took 0.083 seconds
[2023-09-07T16:35:15.406+0000] {processor.py:157} INFO - Started process (PID=16804) to work on /home/airflow/.local/lib/python3.8/site-packages/airflow/example_dags/tutorial_taskflow_api.py
[2023-09-07T16:35:15.407+0000] {processor.py:829} INFO - Processing file /home/airflow/.local/lib/python3.8/site-packages/airflow/example_dags/tutorial_taskflow_api.py for tasks to queue
[2023-09-07T16:35:15.409+0000] {logging_mixin.py:151} INFO - [2023-09-07T16:35:15.408+0000] {dagbag.py:539} INFO - Filling up the DagBag from /home/airflow/.local/lib/python3.8/site-packages/airflow/example_dags/tutorial_taskflow_api.py
[2023-09-07T16:35:15.416+0000] {processor.py:839} INFO - DAG(s) dict_keys(['tutorial_taskflow_api']) retrieved from /home/airflow/.local/lib/python3.8/site-packages/airflow/example_dags/tutorial_taskflow_api.py
[2023-09-07T16:35:15.456+0000] {logging_mixin.py:151} INFO - [2023-09-07T16:35:15.456+0000] {dag.py:2907} INFO - Sync 1 DAGs
[2023-09-07T16:35:15.469+0000] {logging_mixin.py:151} INFO - [2023-09-07T16:35:15.468+0000] {dag.py:3677} INFO - Setting next_dagrun for tutorial_taskflow_api to None, run_after=None
[2023-09-07T16:35:15.485+0000] {processor.py:179} INFO - Processing /home/airflow/.local/lib/python3.8/site-packages/airflow/example_dags/tutorial_taskflow_api.py took 0.082 seconds
