[2023-09-07T15:58:23.593+0000] {processor.py:157} INFO - Started process (PID=164) to work on /home/airflow/.local/lib/python3.8/site-packages/airflow/example_dags/tutorial_dag.py
[2023-09-07T15:58:23.598+0000] {processor.py:829} INFO - Processing file /home/airflow/.local/lib/python3.8/site-packages/airflow/example_dags/tutorial_dag.py for tasks to queue
[2023-09-07T15:58:23.606+0000] {logging_mixin.py:151} INFO - [2023-09-07T15:58:23.603+0000] {dagbag.py:539} INFO - Filling up the DagBag from /home/airflow/.local/lib/python3.8/site-packages/airflow/example_dags/tutorial_dag.py
[2023-09-07T15:58:23.634+0000] {processor.py:839} INFO - DAG(s) dict_keys(['tutorial_dag']) retrieved from /home/airflow/.local/lib/python3.8/site-packages/airflow/example_dags/tutorial_dag.py
[2023-09-07T15:58:23.681+0000] {logging_mixin.py:151} INFO - [2023-09-07T15:58:23.681+0000] {dag.py:2907} INFO - Sync 1 DAGs
[2023-09-07T15:58:23.697+0000] {logging_mixin.py:151} INFO - [2023-09-07T15:58:23.697+0000] {dag.py:3677} INFO - Setting next_dagrun for tutorial_dag to None, run_after=None
[2023-09-07T15:58:23.713+0000] {processor.py:179} INFO - Processing /home/airflow/.local/lib/python3.8/site-packages/airflow/example_dags/tutorial_dag.py took 0.128 seconds
[2023-09-07T15:58:53.999+0000] {processor.py:157} INFO - Started process (PID=402) to work on /home/airflow/.local/lib/python3.8/site-packages/airflow/example_dags/tutorial_dag.py
[2023-09-07T15:58:54.005+0000] {processor.py:829} INFO - Processing file /home/airflow/.local/lib/python3.8/site-packages/airflow/example_dags/tutorial_dag.py for tasks to queue
[2023-09-07T15:58:54.008+0000] {logging_mixin.py:151} INFO - [2023-09-07T15:58:54.007+0000] {dagbag.py:539} INFO - Filling up the DagBag from /home/airflow/.local/lib/python3.8/site-packages/airflow/example_dags/tutorial_dag.py
[2023-09-07T15:58:54.020+0000] {processor.py:839} INFO - DAG(s) dict_keys(['tutorial_dag']) retrieved from /home/airflow/.local/lib/python3.8/site-packages/airflow/example_dags/tutorial_dag.py
[2023-09-07T15:58:54.059+0000] {logging_mixin.py:151} INFO - [2023-09-07T15:58:54.059+0000] {dag.py:2907} INFO - Sync 1 DAGs
[2023-09-07T15:58:54.082+0000] {logging_mixin.py:151} INFO - [2023-09-07T15:58:54.082+0000] {dag.py:3677} INFO - Setting next_dagrun for tutorial_dag to None, run_after=None
[2023-09-07T15:58:54.096+0000] {processor.py:179} INFO - Processing /home/airflow/.local/lib/python3.8/site-packages/airflow/example_dags/tutorial_dag.py took 0.113 seconds
[2023-09-07T15:59:25.032+0000] {processor.py:157} INFO - Started process (PID=640) to work on /home/airflow/.local/lib/python3.8/site-packages/airflow/example_dags/tutorial_dag.py
[2023-09-07T15:59:25.034+0000] {processor.py:829} INFO - Processing file /home/airflow/.local/lib/python3.8/site-packages/airflow/example_dags/tutorial_dag.py for tasks to queue
[2023-09-07T15:59:25.036+0000] {logging_mixin.py:151} INFO - [2023-09-07T15:59:25.035+0000] {dagbag.py:539} INFO - Filling up the DagBag from /home/airflow/.local/lib/python3.8/site-packages/airflow/example_dags/tutorial_dag.py
[2023-09-07T15:59:25.069+0000] {processor.py:839} INFO - DAG(s) dict_keys(['tutorial_dag']) retrieved from /home/airflow/.local/lib/python3.8/site-packages/airflow/example_dags/tutorial_dag.py
[2023-09-07T15:59:25.114+0000] {logging_mixin.py:151} INFO - [2023-09-07T15:59:25.113+0000] {dag.py:2907} INFO - Sync 1 DAGs
[2023-09-07T15:59:25.427+0000] {logging_mixin.py:151} INFO - [2023-09-07T15:59:25.426+0000] {dag.py:3677} INFO - Setting next_dagrun for tutorial_dag to None, run_after=None
[2023-09-07T15:59:25.463+0000] {processor.py:179} INFO - Processing /home/airflow/.local/lib/python3.8/site-packages/airflow/example_dags/tutorial_dag.py took 0.441 seconds
[2023-09-07T15:59:56.181+0000] {processor.py:157} INFO - Started process (PID=878) to work on /home/airflow/.local/lib/python3.8/site-packages/airflow/example_dags/tutorial_dag.py
[2023-09-07T15:59:56.185+0000] {processor.py:829} INFO - Processing file /home/airflow/.local/lib/python3.8/site-packages/airflow/example_dags/tutorial_dag.py for tasks to queue
[2023-09-07T15:59:56.191+0000] {logging_mixin.py:151} INFO - [2023-09-07T15:59:56.189+0000] {dagbag.py:539} INFO - Filling up the DagBag from /home/airflow/.local/lib/python3.8/site-packages/airflow/example_dags/tutorial_dag.py
[2023-09-07T15:59:56.247+0000] {processor.py:839} INFO - DAG(s) dict_keys(['tutorial_dag']) retrieved from /home/airflow/.local/lib/python3.8/site-packages/airflow/example_dags/tutorial_dag.py
[2023-09-07T15:59:56.422+0000] {logging_mixin.py:151} INFO - [2023-09-07T15:59:56.421+0000] {dag.py:2907} INFO - Sync 1 DAGs
[2023-09-07T15:59:56.455+0000] {logging_mixin.py:151} INFO - [2023-09-07T15:59:56.455+0000] {dag.py:3677} INFO - Setting next_dagrun for tutorial_dag to None, run_after=None
[2023-09-07T15:59:56.492+0000] {processor.py:179} INFO - Processing /home/airflow/.local/lib/python3.8/site-packages/airflow/example_dags/tutorial_dag.py took 0.339 seconds
[2023-09-07T16:00:27.570+0000] {processor.py:157} INFO - Started process (PID=1115) to work on /home/airflow/.local/lib/python3.8/site-packages/airflow/example_dags/tutorial_dag.py
[2023-09-07T16:00:27.572+0000] {processor.py:829} INFO - Processing file /home/airflow/.local/lib/python3.8/site-packages/airflow/example_dags/tutorial_dag.py for tasks to queue
[2023-09-07T16:00:27.574+0000] {logging_mixin.py:151} INFO - [2023-09-07T16:00:27.573+0000] {dagbag.py:539} INFO - Filling up the DagBag from /home/airflow/.local/lib/python3.8/site-packages/airflow/example_dags/tutorial_dag.py
[2023-09-07T16:00:27.596+0000] {processor.py:839} INFO - DAG(s) dict_keys(['tutorial_dag']) retrieved from /home/airflow/.local/lib/python3.8/site-packages/airflow/example_dags/tutorial_dag.py
[2023-09-07T16:00:27.658+0000] {logging_mixin.py:151} INFO - [2023-09-07T16:00:27.658+0000] {dag.py:2907} INFO - Sync 1 DAGs
[2023-09-07T16:00:27.677+0000] {logging_mixin.py:151} INFO - [2023-09-07T16:00:27.677+0000] {dag.py:3677} INFO - Setting next_dagrun for tutorial_dag to None, run_after=None
[2023-09-07T16:00:27.700+0000] {processor.py:179} INFO - Processing /home/airflow/.local/lib/python3.8/site-packages/airflow/example_dags/tutorial_dag.py took 0.137 seconds
[2023-09-07T16:00:58.508+0000] {processor.py:157} INFO - Started process (PID=1377) to work on /home/airflow/.local/lib/python3.8/site-packages/airflow/example_dags/tutorial_dag.py
[2023-09-07T16:00:58.511+0000] {processor.py:829} INFO - Processing file /home/airflow/.local/lib/python3.8/site-packages/airflow/example_dags/tutorial_dag.py for tasks to queue
[2023-09-07T16:00:58.515+0000] {logging_mixin.py:151} INFO - [2023-09-07T16:00:58.514+0000] {dagbag.py:539} INFO - Filling up the DagBag from /home/airflow/.local/lib/python3.8/site-packages/airflow/example_dags/tutorial_dag.py
[2023-09-07T16:00:58.538+0000] {processor.py:839} INFO - DAG(s) dict_keys(['tutorial_dag']) retrieved from /home/airflow/.local/lib/python3.8/site-packages/airflow/example_dags/tutorial_dag.py
[2023-09-07T16:00:58.597+0000] {logging_mixin.py:151} INFO - [2023-09-07T16:00:58.596+0000] {dag.py:2907} INFO - Sync 1 DAGs
[2023-09-07T16:00:58.622+0000] {logging_mixin.py:151} INFO - [2023-09-07T16:00:58.621+0000] {dag.py:3677} INFO - Setting next_dagrun for tutorial_dag to None, run_after=None
[2023-09-07T16:00:58.646+0000] {processor.py:179} INFO - Processing /home/airflow/.local/lib/python3.8/site-packages/airflow/example_dags/tutorial_dag.py took 0.143 seconds
[2023-09-07T16:01:28.957+0000] {processor.py:157} INFO - Started process (PID=1615) to work on /home/airflow/.local/lib/python3.8/site-packages/airflow/example_dags/tutorial_dag.py
[2023-09-07T16:01:28.960+0000] {processor.py:829} INFO - Processing file /home/airflow/.local/lib/python3.8/site-packages/airflow/example_dags/tutorial_dag.py for tasks to queue
[2023-09-07T16:01:28.963+0000] {logging_mixin.py:151} INFO - [2023-09-07T16:01:28.961+0000] {dagbag.py:539} INFO - Filling up the DagBag from /home/airflow/.local/lib/python3.8/site-packages/airflow/example_dags/tutorial_dag.py
[2023-09-07T16:01:28.993+0000] {processor.py:839} INFO - DAG(s) dict_keys(['tutorial_dag']) retrieved from /home/airflow/.local/lib/python3.8/site-packages/airflow/example_dags/tutorial_dag.py
[2023-09-07T16:01:29.053+0000] {logging_mixin.py:151} INFO - [2023-09-07T16:01:29.053+0000] {dag.py:2907} INFO - Sync 1 DAGs
[2023-09-07T16:01:29.076+0000] {logging_mixin.py:151} INFO - [2023-09-07T16:01:29.076+0000] {dag.py:3677} INFO - Setting next_dagrun for tutorial_dag to None, run_after=None
[2023-09-07T16:01:29.116+0000] {processor.py:179} INFO - Processing /home/airflow/.local/lib/python3.8/site-packages/airflow/example_dags/tutorial_dag.py took 0.168 seconds
[2023-09-07T16:02:00.269+0000] {processor.py:157} INFO - Started process (PID=1853) to work on /home/airflow/.local/lib/python3.8/site-packages/airflow/example_dags/tutorial_dag.py
[2023-09-07T16:02:00.274+0000] {processor.py:829} INFO - Processing file /home/airflow/.local/lib/python3.8/site-packages/airflow/example_dags/tutorial_dag.py for tasks to queue
[2023-09-07T16:02:00.276+0000] {logging_mixin.py:151} INFO - [2023-09-07T16:02:00.275+0000] {dagbag.py:539} INFO - Filling up the DagBag from /home/airflow/.local/lib/python3.8/site-packages/airflow/example_dags/tutorial_dag.py
[2023-09-07T16:02:00.313+0000] {processor.py:839} INFO - DAG(s) dict_keys(['tutorial_dag']) retrieved from /home/airflow/.local/lib/python3.8/site-packages/airflow/example_dags/tutorial_dag.py
[2023-09-07T16:02:00.399+0000] {logging_mixin.py:151} INFO - [2023-09-07T16:02:00.399+0000] {dag.py:2907} INFO - Sync 1 DAGs
[2023-09-07T16:02:00.448+0000] {logging_mixin.py:151} INFO - [2023-09-07T16:02:00.448+0000] {dag.py:3677} INFO - Setting next_dagrun for tutorial_dag to None, run_after=None
[2023-09-07T16:02:00.489+0000] {processor.py:179} INFO - Processing /home/airflow/.local/lib/python3.8/site-packages/airflow/example_dags/tutorial_dag.py took 0.231 seconds
[2023-09-07T16:02:30.962+0000] {processor.py:157} INFO - Started process (PID=2091) to work on /home/airflow/.local/lib/python3.8/site-packages/airflow/example_dags/tutorial_dag.py
[2023-09-07T16:02:30.966+0000] {processor.py:829} INFO - Processing file /home/airflow/.local/lib/python3.8/site-packages/airflow/example_dags/tutorial_dag.py for tasks to queue
[2023-09-07T16:02:30.967+0000] {logging_mixin.py:151} INFO - [2023-09-07T16:02:30.967+0000] {dagbag.py:539} INFO - Filling up the DagBag from /home/airflow/.local/lib/python3.8/site-packages/airflow/example_dags/tutorial_dag.py
[2023-09-07T16:02:31.000+0000] {processor.py:839} INFO - DAG(s) dict_keys(['tutorial_dag']) retrieved from /home/airflow/.local/lib/python3.8/site-packages/airflow/example_dags/tutorial_dag.py
[2023-09-07T16:02:31.062+0000] {logging_mixin.py:151} INFO - [2023-09-07T16:02:31.062+0000] {dag.py:2907} INFO - Sync 1 DAGs
[2023-09-07T16:02:31.082+0000] {logging_mixin.py:151} INFO - [2023-09-07T16:02:31.082+0000] {dag.py:3677} INFO - Setting next_dagrun for tutorial_dag to None, run_after=None
[2023-09-07T16:02:31.110+0000] {processor.py:179} INFO - Processing /home/airflow/.local/lib/python3.8/site-packages/airflow/example_dags/tutorial_dag.py took 0.159 seconds
[2023-09-07T16:03:02.129+0000] {processor.py:157} INFO - Started process (PID=2329) to work on /home/airflow/.local/lib/python3.8/site-packages/airflow/example_dags/tutorial_dag.py
[2023-09-07T16:03:02.133+0000] {processor.py:829} INFO - Processing file /home/airflow/.local/lib/python3.8/site-packages/airflow/example_dags/tutorial_dag.py for tasks to queue
[2023-09-07T16:03:02.136+0000] {logging_mixin.py:151} INFO - [2023-09-07T16:03:02.135+0000] {dagbag.py:539} INFO - Filling up the DagBag from /home/airflow/.local/lib/python3.8/site-packages/airflow/example_dags/tutorial_dag.py
[2023-09-07T16:03:02.165+0000] {processor.py:839} INFO - DAG(s) dict_keys(['tutorial_dag']) retrieved from /home/airflow/.local/lib/python3.8/site-packages/airflow/example_dags/tutorial_dag.py
[2023-09-07T16:03:02.227+0000] {logging_mixin.py:151} INFO - [2023-09-07T16:03:02.227+0000] {dag.py:2907} INFO - Sync 1 DAGs
[2023-09-07T16:03:02.266+0000] {logging_mixin.py:151} INFO - [2023-09-07T16:03:02.265+0000] {dag.py:3677} INFO - Setting next_dagrun for tutorial_dag to None, run_after=None
[2023-09-07T16:03:02.288+0000] {processor.py:179} INFO - Processing /home/airflow/.local/lib/python3.8/site-packages/airflow/example_dags/tutorial_dag.py took 0.172 seconds
[2023-09-07T16:03:32.501+0000] {processor.py:157} INFO - Started process (PID=2567) to work on /home/airflow/.local/lib/python3.8/site-packages/airflow/example_dags/tutorial_dag.py
[2023-09-07T16:03:32.504+0000] {processor.py:829} INFO - Processing file /home/airflow/.local/lib/python3.8/site-packages/airflow/example_dags/tutorial_dag.py for tasks to queue
[2023-09-07T16:03:32.506+0000] {logging_mixin.py:151} INFO - [2023-09-07T16:03:32.505+0000] {dagbag.py:539} INFO - Filling up the DagBag from /home/airflow/.local/lib/python3.8/site-packages/airflow/example_dags/tutorial_dag.py
[2023-09-07T16:03:32.521+0000] {processor.py:839} INFO - DAG(s) dict_keys(['tutorial_dag']) retrieved from /home/airflow/.local/lib/python3.8/site-packages/airflow/example_dags/tutorial_dag.py
[2023-09-07T16:03:32.589+0000] {logging_mixin.py:151} INFO - [2023-09-07T16:03:32.589+0000] {dag.py:2907} INFO - Sync 1 DAGs
[2023-09-07T16:03:32.621+0000] {logging_mixin.py:151} INFO - [2023-09-07T16:03:32.621+0000] {dag.py:3677} INFO - Setting next_dagrun for tutorial_dag to None, run_after=None
[2023-09-07T16:03:32.637+0000] {processor.py:179} INFO - Processing /home/airflow/.local/lib/python3.8/site-packages/airflow/example_dags/tutorial_dag.py took 0.163 seconds
[2023-09-07T16:04:03.224+0000] {processor.py:157} INFO - Started process (PID=2805) to work on /home/airflow/.local/lib/python3.8/site-packages/airflow/example_dags/tutorial_dag.py
[2023-09-07T16:04:03.234+0000] {processor.py:829} INFO - Processing file /home/airflow/.local/lib/python3.8/site-packages/airflow/example_dags/tutorial_dag.py for tasks to queue
[2023-09-07T16:04:03.240+0000] {logging_mixin.py:151} INFO - [2023-09-07T16:04:03.236+0000] {dagbag.py:539} INFO - Filling up the DagBag from /home/airflow/.local/lib/python3.8/site-packages/airflow/example_dags/tutorial_dag.py
[2023-09-07T16:04:03.259+0000] {processor.py:839} INFO - DAG(s) dict_keys(['tutorial_dag']) retrieved from /home/airflow/.local/lib/python3.8/site-packages/airflow/example_dags/tutorial_dag.py
[2023-09-07T16:04:03.317+0000] {logging_mixin.py:151} INFO - [2023-09-07T16:04:03.316+0000] {dag.py:2907} INFO - Sync 1 DAGs
[2023-09-07T16:04:03.335+0000] {logging_mixin.py:151} INFO - [2023-09-07T16:04:03.334+0000] {dag.py:3677} INFO - Setting next_dagrun for tutorial_dag to None, run_after=None
[2023-09-07T16:04:03.360+0000] {processor.py:179} INFO - Processing /home/airflow/.local/lib/python3.8/site-packages/airflow/example_dags/tutorial_dag.py took 0.146 seconds
[2023-09-07T16:04:34.248+0000] {processor.py:157} INFO - Started process (PID=3043) to work on /home/airflow/.local/lib/python3.8/site-packages/airflow/example_dags/tutorial_dag.py
[2023-09-07T16:04:34.251+0000] {processor.py:829} INFO - Processing file /home/airflow/.local/lib/python3.8/site-packages/airflow/example_dags/tutorial_dag.py for tasks to queue
[2023-09-07T16:04:34.254+0000] {logging_mixin.py:151} INFO - [2023-09-07T16:04:34.253+0000] {dagbag.py:539} INFO - Filling up the DagBag from /home/airflow/.local/lib/python3.8/site-packages/airflow/example_dags/tutorial_dag.py
[2023-09-07T16:04:34.287+0000] {processor.py:839} INFO - DAG(s) dict_keys(['tutorial_dag']) retrieved from /home/airflow/.local/lib/python3.8/site-packages/airflow/example_dags/tutorial_dag.py
[2023-09-07T16:04:34.364+0000] {logging_mixin.py:151} INFO - [2023-09-07T16:04:34.363+0000] {dag.py:2907} INFO - Sync 1 DAGs
[2023-09-07T16:04:34.395+0000] {logging_mixin.py:151} INFO - [2023-09-07T16:04:34.395+0000] {dag.py:3677} INFO - Setting next_dagrun for tutorial_dag to None, run_after=None
[2023-09-07T16:04:34.417+0000] {processor.py:179} INFO - Processing /home/airflow/.local/lib/python3.8/site-packages/airflow/example_dags/tutorial_dag.py took 0.181 seconds
[2023-09-07T16:05:05.572+0000] {processor.py:157} INFO - Started process (PID=3281) to work on /home/airflow/.local/lib/python3.8/site-packages/airflow/example_dags/tutorial_dag.py
[2023-09-07T16:05:05.579+0000] {processor.py:829} INFO - Processing file /home/airflow/.local/lib/python3.8/site-packages/airflow/example_dags/tutorial_dag.py for tasks to queue
[2023-09-07T16:05:05.582+0000] {logging_mixin.py:151} INFO - [2023-09-07T16:05:05.581+0000] {dagbag.py:539} INFO - Filling up the DagBag from /home/airflow/.local/lib/python3.8/site-packages/airflow/example_dags/tutorial_dag.py
[2023-09-07T16:05:05.597+0000] {processor.py:839} INFO - DAG(s) dict_keys(['tutorial_dag']) retrieved from /home/airflow/.local/lib/python3.8/site-packages/airflow/example_dags/tutorial_dag.py
[2023-09-07T16:05:05.663+0000] {logging_mixin.py:151} INFO - [2023-09-07T16:05:05.663+0000] {dag.py:2907} INFO - Sync 1 DAGs
[2023-09-07T16:05:05.692+0000] {logging_mixin.py:151} INFO - [2023-09-07T16:05:05.692+0000] {dag.py:3677} INFO - Setting next_dagrun for tutorial_dag to None, run_after=None
[2023-09-07T16:05:05.712+0000] {processor.py:179} INFO - Processing /home/airflow/.local/lib/python3.8/site-packages/airflow/example_dags/tutorial_dag.py took 0.166 seconds
[2023-09-07T16:05:36.278+0000] {processor.py:157} INFO - Started process (PID=3520) to work on /home/airflow/.local/lib/python3.8/site-packages/airflow/example_dags/tutorial_dag.py
[2023-09-07T16:05:36.281+0000] {processor.py:829} INFO - Processing file /home/airflow/.local/lib/python3.8/site-packages/airflow/example_dags/tutorial_dag.py for tasks to queue
[2023-09-07T16:05:36.283+0000] {logging_mixin.py:151} INFO - [2023-09-07T16:05:36.282+0000] {dagbag.py:539} INFO - Filling up the DagBag from /home/airflow/.local/lib/python3.8/site-packages/airflow/example_dags/tutorial_dag.py
[2023-09-07T16:05:36.316+0000] {processor.py:839} INFO - DAG(s) dict_keys(['tutorial_dag']) retrieved from /home/airflow/.local/lib/python3.8/site-packages/airflow/example_dags/tutorial_dag.py
[2023-09-07T16:05:36.384+0000] {logging_mixin.py:151} INFO - [2023-09-07T16:05:36.384+0000] {dag.py:2907} INFO - Sync 1 DAGs
[2023-09-07T16:05:36.412+0000] {logging_mixin.py:151} INFO - [2023-09-07T16:05:36.412+0000] {dag.py:3677} INFO - Setting next_dagrun for tutorial_dag to None, run_after=None
[2023-09-07T16:05:36.449+0000] {processor.py:179} INFO - Processing /home/airflow/.local/lib/python3.8/site-packages/airflow/example_dags/tutorial_dag.py took 0.182 seconds
[2023-09-07T16:06:07.429+0000] {processor.py:157} INFO - Started process (PID=3758) to work on /home/airflow/.local/lib/python3.8/site-packages/airflow/example_dags/tutorial_dag.py
[2023-09-07T16:06:07.434+0000] {processor.py:829} INFO - Processing file /home/airflow/.local/lib/python3.8/site-packages/airflow/example_dags/tutorial_dag.py for tasks to queue
[2023-09-07T16:06:07.437+0000] {logging_mixin.py:151} INFO - [2023-09-07T16:06:07.436+0000] {dagbag.py:539} INFO - Filling up the DagBag from /home/airflow/.local/lib/python3.8/site-packages/airflow/example_dags/tutorial_dag.py
[2023-09-07T16:06:07.481+0000] {processor.py:839} INFO - DAG(s) dict_keys(['tutorial_dag']) retrieved from /home/airflow/.local/lib/python3.8/site-packages/airflow/example_dags/tutorial_dag.py
[2023-09-07T16:06:07.554+0000] {logging_mixin.py:151} INFO - [2023-09-07T16:06:07.554+0000] {dag.py:2907} INFO - Sync 1 DAGs
[2023-09-07T16:06:07.592+0000] {logging_mixin.py:151} INFO - [2023-09-07T16:06:07.592+0000] {dag.py:3677} INFO - Setting next_dagrun for tutorial_dag to None, run_after=None
[2023-09-07T16:06:07.609+0000] {processor.py:179} INFO - Processing /home/airflow/.local/lib/python3.8/site-packages/airflow/example_dags/tutorial_dag.py took 0.207 seconds
[2023-09-07T16:06:38.418+0000] {processor.py:157} INFO - Started process (PID=3996) to work on /home/airflow/.local/lib/python3.8/site-packages/airflow/example_dags/tutorial_dag.py
[2023-09-07T16:06:38.430+0000] {processor.py:829} INFO - Processing file /home/airflow/.local/lib/python3.8/site-packages/airflow/example_dags/tutorial_dag.py for tasks to queue
[2023-09-07T16:06:38.434+0000] {logging_mixin.py:151} INFO - [2023-09-07T16:06:38.433+0000] {dagbag.py:539} INFO - Filling up the DagBag from /home/airflow/.local/lib/python3.8/site-packages/airflow/example_dags/tutorial_dag.py
[2023-09-07T16:06:38.462+0000] {processor.py:839} INFO - DAG(s) dict_keys(['tutorial_dag']) retrieved from /home/airflow/.local/lib/python3.8/site-packages/airflow/example_dags/tutorial_dag.py
[2023-09-07T16:06:38.544+0000] {logging_mixin.py:151} INFO - [2023-09-07T16:06:38.544+0000] {dag.py:2907} INFO - Sync 1 DAGs
[2023-09-07T16:06:38.564+0000] {logging_mixin.py:151} INFO - [2023-09-07T16:06:38.564+0000] {dag.py:3677} INFO - Setting next_dagrun for tutorial_dag to None, run_after=None
[2023-09-07T16:06:38.581+0000] {processor.py:179} INFO - Processing /home/airflow/.local/lib/python3.8/site-packages/airflow/example_dags/tutorial_dag.py took 0.192 seconds
[2023-09-07T16:07:09.352+0000] {processor.py:157} INFO - Started process (PID=4234) to work on /home/airflow/.local/lib/python3.8/site-packages/airflow/example_dags/tutorial_dag.py
[2023-09-07T16:07:09.359+0000] {processor.py:829} INFO - Processing file /home/airflow/.local/lib/python3.8/site-packages/airflow/example_dags/tutorial_dag.py for tasks to queue
[2023-09-07T16:07:09.367+0000] {logging_mixin.py:151} INFO - [2023-09-07T16:07:09.363+0000] {dagbag.py:539} INFO - Filling up the DagBag from /home/airflow/.local/lib/python3.8/site-packages/airflow/example_dags/tutorial_dag.py
[2023-09-07T16:07:09.386+0000] {processor.py:839} INFO - DAG(s) dict_keys(['tutorial_dag']) retrieved from /home/airflow/.local/lib/python3.8/site-packages/airflow/example_dags/tutorial_dag.py
[2023-09-07T16:07:09.451+0000] {logging_mixin.py:151} INFO - [2023-09-07T16:07:09.451+0000] {dag.py:2907} INFO - Sync 1 DAGs
[2023-09-07T16:07:09.483+0000] {logging_mixin.py:151} INFO - [2023-09-07T16:07:09.482+0000] {dag.py:3677} INFO - Setting next_dagrun for tutorial_dag to None, run_after=None
[2023-09-07T16:07:09.508+0000] {processor.py:179} INFO - Processing /home/airflow/.local/lib/python3.8/site-packages/airflow/example_dags/tutorial_dag.py took 0.166 seconds
[2023-09-07T16:07:40.244+0000] {processor.py:157} INFO - Started process (PID=4472) to work on /home/airflow/.local/lib/python3.8/site-packages/airflow/example_dags/tutorial_dag.py
[2023-09-07T16:07:40.248+0000] {processor.py:829} INFO - Processing file /home/airflow/.local/lib/python3.8/site-packages/airflow/example_dags/tutorial_dag.py for tasks to queue
[2023-09-07T16:07:40.251+0000] {logging_mixin.py:151} INFO - [2023-09-07T16:07:40.250+0000] {dagbag.py:539} INFO - Filling up the DagBag from /home/airflow/.local/lib/python3.8/site-packages/airflow/example_dags/tutorial_dag.py
[2023-09-07T16:07:40.283+0000] {processor.py:839} INFO - DAG(s) dict_keys(['tutorial_dag']) retrieved from /home/airflow/.local/lib/python3.8/site-packages/airflow/example_dags/tutorial_dag.py
[2023-09-07T16:07:40.352+0000] {logging_mixin.py:151} INFO - [2023-09-07T16:07:40.352+0000] {dag.py:2907} INFO - Sync 1 DAGs
[2023-09-07T16:07:40.381+0000] {logging_mixin.py:151} INFO - [2023-09-07T16:07:40.381+0000] {dag.py:3677} INFO - Setting next_dagrun for tutorial_dag to None, run_after=None
[2023-09-07T16:07:40.403+0000] {processor.py:179} INFO - Processing /home/airflow/.local/lib/python3.8/site-packages/airflow/example_dags/tutorial_dag.py took 0.170 seconds
[2023-09-07T16:08:11.331+0000] {processor.py:157} INFO - Started process (PID=4710) to work on /home/airflow/.local/lib/python3.8/site-packages/airflow/example_dags/tutorial_dag.py
[2023-09-07T16:08:11.335+0000] {processor.py:829} INFO - Processing file /home/airflow/.local/lib/python3.8/site-packages/airflow/example_dags/tutorial_dag.py for tasks to queue
[2023-09-07T16:08:11.337+0000] {logging_mixin.py:151} INFO - [2023-09-07T16:08:11.336+0000] {dagbag.py:539} INFO - Filling up the DagBag from /home/airflow/.local/lib/python3.8/site-packages/airflow/example_dags/tutorial_dag.py
[2023-09-07T16:08:11.355+0000] {processor.py:839} INFO - DAG(s) dict_keys(['tutorial_dag']) retrieved from /home/airflow/.local/lib/python3.8/site-packages/airflow/example_dags/tutorial_dag.py
[2023-09-07T16:08:11.419+0000] {logging_mixin.py:151} INFO - [2023-09-07T16:08:11.419+0000] {dag.py:2907} INFO - Sync 1 DAGs
[2023-09-07T16:08:11.436+0000] {logging_mixin.py:151} INFO - [2023-09-07T16:08:11.436+0000] {dag.py:3677} INFO - Setting next_dagrun for tutorial_dag to None, run_after=None
[2023-09-07T16:08:11.453+0000] {processor.py:179} INFO - Processing /home/airflow/.local/lib/python3.8/site-packages/airflow/example_dags/tutorial_dag.py took 0.146 seconds
[2023-09-07T16:08:42.217+0000] {processor.py:157} INFO - Started process (PID=4948) to work on /home/airflow/.local/lib/python3.8/site-packages/airflow/example_dags/tutorial_dag.py
[2023-09-07T16:08:42.221+0000] {processor.py:829} INFO - Processing file /home/airflow/.local/lib/python3.8/site-packages/airflow/example_dags/tutorial_dag.py for tasks to queue
[2023-09-07T16:08:42.223+0000] {logging_mixin.py:151} INFO - [2023-09-07T16:08:42.222+0000] {dagbag.py:539} INFO - Filling up the DagBag from /home/airflow/.local/lib/python3.8/site-packages/airflow/example_dags/tutorial_dag.py
[2023-09-07T16:08:42.243+0000] {processor.py:839} INFO - DAG(s) dict_keys(['tutorial_dag']) retrieved from /home/airflow/.local/lib/python3.8/site-packages/airflow/example_dags/tutorial_dag.py
[2023-09-07T16:08:42.316+0000] {logging_mixin.py:151} INFO - [2023-09-07T16:08:42.315+0000] {dag.py:2907} INFO - Sync 1 DAGs
[2023-09-07T16:08:42.331+0000] {logging_mixin.py:151} INFO - [2023-09-07T16:08:42.331+0000] {dag.py:3677} INFO - Setting next_dagrun for tutorial_dag to None, run_after=None
[2023-09-07T16:08:42.349+0000] {processor.py:179} INFO - Processing /home/airflow/.local/lib/python3.8/site-packages/airflow/example_dags/tutorial_dag.py took 0.145 seconds
[2023-09-07T16:09:12.600+0000] {processor.py:157} INFO - Started process (PID=5186) to work on /home/airflow/.local/lib/python3.8/site-packages/airflow/example_dags/tutorial_dag.py
[2023-09-07T16:09:12.604+0000] {processor.py:829} INFO - Processing file /home/airflow/.local/lib/python3.8/site-packages/airflow/example_dags/tutorial_dag.py for tasks to queue
[2023-09-07T16:09:12.606+0000] {logging_mixin.py:151} INFO - [2023-09-07T16:09:12.605+0000] {dagbag.py:539} INFO - Filling up the DagBag from /home/airflow/.local/lib/python3.8/site-packages/airflow/example_dags/tutorial_dag.py
[2023-09-07T16:09:12.638+0000] {processor.py:839} INFO - DAG(s) dict_keys(['tutorial_dag']) retrieved from /home/airflow/.local/lib/python3.8/site-packages/airflow/example_dags/tutorial_dag.py
[2023-09-07T16:09:12.701+0000] {logging_mixin.py:151} INFO - [2023-09-07T16:09:12.701+0000] {dag.py:2907} INFO - Sync 1 DAGs
[2023-09-07T16:09:12.721+0000] {logging_mixin.py:151} INFO - [2023-09-07T16:09:12.721+0000] {dag.py:3677} INFO - Setting next_dagrun for tutorial_dag to None, run_after=None
[2023-09-07T16:09:12.737+0000] {processor.py:179} INFO - Processing /home/airflow/.local/lib/python3.8/site-packages/airflow/example_dags/tutorial_dag.py took 0.147 seconds
[2023-09-07T16:09:42.989+0000] {processor.py:157} INFO - Started process (PID=5424) to work on /home/airflow/.local/lib/python3.8/site-packages/airflow/example_dags/tutorial_dag.py
[2023-09-07T16:09:42.992+0000] {processor.py:829} INFO - Processing file /home/airflow/.local/lib/python3.8/site-packages/airflow/example_dags/tutorial_dag.py for tasks to queue
[2023-09-07T16:09:42.994+0000] {logging_mixin.py:151} INFO - [2023-09-07T16:09:42.993+0000] {dagbag.py:539} INFO - Filling up the DagBag from /home/airflow/.local/lib/python3.8/site-packages/airflow/example_dags/tutorial_dag.py
[2023-09-07T16:09:43.009+0000] {processor.py:839} INFO - DAG(s) dict_keys(['tutorial_dag']) retrieved from /home/airflow/.local/lib/python3.8/site-packages/airflow/example_dags/tutorial_dag.py
[2023-09-07T16:09:43.069+0000] {logging_mixin.py:151} INFO - [2023-09-07T16:09:43.069+0000] {dag.py:2907} INFO - Sync 1 DAGs
[2023-09-07T16:09:43.094+0000] {logging_mixin.py:151} INFO - [2023-09-07T16:09:43.094+0000] {dag.py:3677} INFO - Setting next_dagrun for tutorial_dag to None, run_after=None
[2023-09-07T16:09:43.111+0000] {processor.py:179} INFO - Processing /home/airflow/.local/lib/python3.8/site-packages/airflow/example_dags/tutorial_dag.py took 0.148 seconds
[2023-09-07T16:10:13.789+0000] {processor.py:157} INFO - Started process (PID=5662) to work on /home/airflow/.local/lib/python3.8/site-packages/airflow/example_dags/tutorial_dag.py
[2023-09-07T16:10:13.792+0000] {processor.py:829} INFO - Processing file /home/airflow/.local/lib/python3.8/site-packages/airflow/example_dags/tutorial_dag.py for tasks to queue
[2023-09-07T16:10:13.794+0000] {logging_mixin.py:151} INFO - [2023-09-07T16:10:13.793+0000] {dagbag.py:539} INFO - Filling up the DagBag from /home/airflow/.local/lib/python3.8/site-packages/airflow/example_dags/tutorial_dag.py
[2023-09-07T16:10:13.810+0000] {processor.py:839} INFO - DAG(s) dict_keys(['tutorial_dag']) retrieved from /home/airflow/.local/lib/python3.8/site-packages/airflow/example_dags/tutorial_dag.py
[2023-09-07T16:10:13.889+0000] {logging_mixin.py:151} INFO - [2023-09-07T16:10:13.888+0000] {dag.py:2907} INFO - Sync 1 DAGs
[2023-09-07T16:10:13.910+0000] {logging_mixin.py:151} INFO - [2023-09-07T16:10:13.910+0000] {dag.py:3677} INFO - Setting next_dagrun for tutorial_dag to None, run_after=None
[2023-09-07T16:10:13.926+0000] {processor.py:179} INFO - Processing /home/airflow/.local/lib/python3.8/site-packages/airflow/example_dags/tutorial_dag.py took 0.165 seconds
[2023-09-07T16:10:44.328+0000] {processor.py:157} INFO - Started process (PID=5899) to work on /home/airflow/.local/lib/python3.8/site-packages/airflow/example_dags/tutorial_dag.py
[2023-09-07T16:10:44.332+0000] {processor.py:829} INFO - Processing file /home/airflow/.local/lib/python3.8/site-packages/airflow/example_dags/tutorial_dag.py for tasks to queue
[2023-09-07T16:10:44.334+0000] {logging_mixin.py:151} INFO - [2023-09-07T16:10:44.333+0000] {dagbag.py:539} INFO - Filling up the DagBag from /home/airflow/.local/lib/python3.8/site-packages/airflow/example_dags/tutorial_dag.py
[2023-09-07T16:10:44.355+0000] {processor.py:839} INFO - DAG(s) dict_keys(['tutorial_dag']) retrieved from /home/airflow/.local/lib/python3.8/site-packages/airflow/example_dags/tutorial_dag.py
[2023-09-07T16:10:44.424+0000] {logging_mixin.py:151} INFO - [2023-09-07T16:10:44.424+0000] {dag.py:2907} INFO - Sync 1 DAGs
[2023-09-07T16:10:44.445+0000] {logging_mixin.py:151} INFO - [2023-09-07T16:10:44.445+0000] {dag.py:3677} INFO - Setting next_dagrun for tutorial_dag to None, run_after=None
[2023-09-07T16:10:44.467+0000] {processor.py:179} INFO - Processing /home/airflow/.local/lib/python3.8/site-packages/airflow/example_dags/tutorial_dag.py took 0.164 seconds
[2023-09-07T16:11:15.568+0000] {processor.py:157} INFO - Started process (PID=6137) to work on /home/airflow/.local/lib/python3.8/site-packages/airflow/example_dags/tutorial_dag.py
[2023-09-07T16:11:15.572+0000] {processor.py:829} INFO - Processing file /home/airflow/.local/lib/python3.8/site-packages/airflow/example_dags/tutorial_dag.py for tasks to queue
[2023-09-07T16:11:15.575+0000] {logging_mixin.py:151} INFO - [2023-09-07T16:11:15.573+0000] {dagbag.py:539} INFO - Filling up the DagBag from /home/airflow/.local/lib/python3.8/site-packages/airflow/example_dags/tutorial_dag.py
[2023-09-07T16:11:15.600+0000] {processor.py:839} INFO - DAG(s) dict_keys(['tutorial_dag']) retrieved from /home/airflow/.local/lib/python3.8/site-packages/airflow/example_dags/tutorial_dag.py
[2023-09-07T16:11:15.659+0000] {logging_mixin.py:151} INFO - [2023-09-07T16:11:15.659+0000] {dag.py:2907} INFO - Sync 1 DAGs
[2023-09-07T16:11:15.682+0000] {logging_mixin.py:151} INFO - [2023-09-07T16:11:15.682+0000] {dag.py:3677} INFO - Setting next_dagrun for tutorial_dag to None, run_after=None
[2023-09-07T16:11:15.699+0000] {processor.py:179} INFO - Processing /home/airflow/.local/lib/python3.8/site-packages/airflow/example_dags/tutorial_dag.py took 0.141 seconds
[2023-09-07T16:11:46.131+0000] {processor.py:157} INFO - Started process (PID=6375) to work on /home/airflow/.local/lib/python3.8/site-packages/airflow/example_dags/tutorial_dag.py
[2023-09-07T16:11:46.135+0000] {processor.py:829} INFO - Processing file /home/airflow/.local/lib/python3.8/site-packages/airflow/example_dags/tutorial_dag.py for tasks to queue
[2023-09-07T16:11:46.138+0000] {logging_mixin.py:151} INFO - [2023-09-07T16:11:46.137+0000] {dagbag.py:539} INFO - Filling up the DagBag from /home/airflow/.local/lib/python3.8/site-packages/airflow/example_dags/tutorial_dag.py
[2023-09-07T16:11:46.161+0000] {processor.py:839} INFO - DAG(s) dict_keys(['tutorial_dag']) retrieved from /home/airflow/.local/lib/python3.8/site-packages/airflow/example_dags/tutorial_dag.py
[2023-09-07T16:11:46.237+0000] {logging_mixin.py:151} INFO - [2023-09-07T16:11:46.237+0000] {dag.py:2907} INFO - Sync 1 DAGs
[2023-09-07T16:11:46.279+0000] {logging_mixin.py:151} INFO - [2023-09-07T16:11:46.279+0000] {dag.py:3677} INFO - Setting next_dagrun for tutorial_dag to None, run_after=None
[2023-09-07T16:11:46.303+0000] {processor.py:179} INFO - Processing /home/airflow/.local/lib/python3.8/site-packages/airflow/example_dags/tutorial_dag.py took 0.195 seconds
[2023-09-07T16:12:16.658+0000] {processor.py:157} INFO - Started process (PID=6613) to work on /home/airflow/.local/lib/python3.8/site-packages/airflow/example_dags/tutorial_dag.py
[2023-09-07T16:12:16.661+0000] {processor.py:829} INFO - Processing file /home/airflow/.local/lib/python3.8/site-packages/airflow/example_dags/tutorial_dag.py for tasks to queue
[2023-09-07T16:12:16.664+0000] {logging_mixin.py:151} INFO - [2023-09-07T16:12:16.663+0000] {dagbag.py:539} INFO - Filling up the DagBag from /home/airflow/.local/lib/python3.8/site-packages/airflow/example_dags/tutorial_dag.py
[2023-09-07T16:12:16.694+0000] {processor.py:839} INFO - DAG(s) dict_keys(['tutorial_dag']) retrieved from /home/airflow/.local/lib/python3.8/site-packages/airflow/example_dags/tutorial_dag.py
[2023-09-07T16:12:16.760+0000] {logging_mixin.py:151} INFO - [2023-09-07T16:12:16.760+0000] {dag.py:2907} INFO - Sync 1 DAGs
[2023-09-07T16:12:16.776+0000] {logging_mixin.py:151} INFO - [2023-09-07T16:12:16.776+0000] {dag.py:3677} INFO - Setting next_dagrun for tutorial_dag to None, run_after=None
[2023-09-07T16:12:16.793+0000] {processor.py:179} INFO - Processing /home/airflow/.local/lib/python3.8/site-packages/airflow/example_dags/tutorial_dag.py took 0.148 seconds
[2023-09-07T16:12:47.306+0000] {processor.py:157} INFO - Started process (PID=6852) to work on /home/airflow/.local/lib/python3.8/site-packages/airflow/example_dags/tutorial_dag.py
[2023-09-07T16:12:47.309+0000] {processor.py:829} INFO - Processing file /home/airflow/.local/lib/python3.8/site-packages/airflow/example_dags/tutorial_dag.py for tasks to queue
[2023-09-07T16:12:47.311+0000] {logging_mixin.py:151} INFO - [2023-09-07T16:12:47.311+0000] {dagbag.py:539} INFO - Filling up the DagBag from /home/airflow/.local/lib/python3.8/site-packages/airflow/example_dags/tutorial_dag.py
[2023-09-07T16:12:47.327+0000] {processor.py:839} INFO - DAG(s) dict_keys(['tutorial_dag']) retrieved from /home/airflow/.local/lib/python3.8/site-packages/airflow/example_dags/tutorial_dag.py
[2023-09-07T16:12:47.420+0000] {logging_mixin.py:151} INFO - [2023-09-07T16:12:47.420+0000] {dag.py:2907} INFO - Sync 1 DAGs
[2023-09-07T16:12:47.448+0000] {logging_mixin.py:151} INFO - [2023-09-07T16:12:47.447+0000] {dag.py:3677} INFO - Setting next_dagrun for tutorial_dag to None, run_after=None
[2023-09-07T16:12:47.481+0000] {processor.py:179} INFO - Processing /home/airflow/.local/lib/python3.8/site-packages/airflow/example_dags/tutorial_dag.py took 0.191 seconds
[2023-09-07T16:13:18.004+0000] {processor.py:157} INFO - Started process (PID=7091) to work on /home/airflow/.local/lib/python3.8/site-packages/airflow/example_dags/tutorial_dag.py
[2023-09-07T16:13:18.008+0000] {processor.py:829} INFO - Processing file /home/airflow/.local/lib/python3.8/site-packages/airflow/example_dags/tutorial_dag.py for tasks to queue
[2023-09-07T16:13:18.010+0000] {logging_mixin.py:151} INFO - [2023-09-07T16:13:18.009+0000] {dagbag.py:539} INFO - Filling up the DagBag from /home/airflow/.local/lib/python3.8/site-packages/airflow/example_dags/tutorial_dag.py
[2023-09-07T16:13:18.045+0000] {processor.py:839} INFO - DAG(s) dict_keys(['tutorial_dag']) retrieved from /home/airflow/.local/lib/python3.8/site-packages/airflow/example_dags/tutorial_dag.py
[2023-09-07T16:13:18.108+0000] {logging_mixin.py:151} INFO - [2023-09-07T16:13:18.108+0000] {dag.py:2907} INFO - Sync 1 DAGs
[2023-09-07T16:13:18.123+0000] {logging_mixin.py:151} INFO - [2023-09-07T16:13:18.123+0000] {dag.py:3677} INFO - Setting next_dagrun for tutorial_dag to None, run_after=None
[2023-09-07T16:13:18.139+0000] {processor.py:179} INFO - Processing /home/airflow/.local/lib/python3.8/site-packages/airflow/example_dags/tutorial_dag.py took 0.146 seconds
[2023-09-07T16:13:48.565+0000] {processor.py:157} INFO - Started process (PID=7329) to work on /home/airflow/.local/lib/python3.8/site-packages/airflow/example_dags/tutorial_dag.py
[2023-09-07T16:13:48.569+0000] {processor.py:829} INFO - Processing file /home/airflow/.local/lib/python3.8/site-packages/airflow/example_dags/tutorial_dag.py for tasks to queue
[2023-09-07T16:13:48.573+0000] {logging_mixin.py:151} INFO - [2023-09-07T16:13:48.572+0000] {dagbag.py:539} INFO - Filling up the DagBag from /home/airflow/.local/lib/python3.8/site-packages/airflow/example_dags/tutorial_dag.py
[2023-09-07T16:13:48.589+0000] {processor.py:839} INFO - DAG(s) dict_keys(['tutorial_dag']) retrieved from /home/airflow/.local/lib/python3.8/site-packages/airflow/example_dags/tutorial_dag.py
[2023-09-07T16:13:48.679+0000] {logging_mixin.py:151} INFO - [2023-09-07T16:13:48.679+0000] {dag.py:2907} INFO - Sync 1 DAGs
[2023-09-07T16:13:48.709+0000] {logging_mixin.py:151} INFO - [2023-09-07T16:13:48.709+0000] {dag.py:3677} INFO - Setting next_dagrun for tutorial_dag to None, run_after=None
[2023-09-07T16:13:48.741+0000] {processor.py:179} INFO - Processing /home/airflow/.local/lib/python3.8/site-packages/airflow/example_dags/tutorial_dag.py took 0.197 seconds
[2023-09-07T16:14:19.751+0000] {processor.py:157} INFO - Started process (PID=7567) to work on /home/airflow/.local/lib/python3.8/site-packages/airflow/example_dags/tutorial_dag.py
[2023-09-07T16:14:19.755+0000] {processor.py:829} INFO - Processing file /home/airflow/.local/lib/python3.8/site-packages/airflow/example_dags/tutorial_dag.py for tasks to queue
[2023-09-07T16:14:19.758+0000] {logging_mixin.py:151} INFO - [2023-09-07T16:14:19.757+0000] {dagbag.py:539} INFO - Filling up the DagBag from /home/airflow/.local/lib/python3.8/site-packages/airflow/example_dags/tutorial_dag.py
[2023-09-07T16:14:19.773+0000] {processor.py:839} INFO - DAG(s) dict_keys(['tutorial_dag']) retrieved from /home/airflow/.local/lib/python3.8/site-packages/airflow/example_dags/tutorial_dag.py
[2023-09-07T16:14:19.854+0000] {logging_mixin.py:151} INFO - [2023-09-07T16:14:19.853+0000] {dag.py:2907} INFO - Sync 1 DAGs
[2023-09-07T16:14:19.964+0000] {logging_mixin.py:151} INFO - [2023-09-07T16:14:19.964+0000] {dag.py:3677} INFO - Setting next_dagrun for tutorial_dag to None, run_after=None
[2023-09-07T16:14:20.009+0000] {processor.py:179} INFO - Processing /home/airflow/.local/lib/python3.8/site-packages/airflow/example_dags/tutorial_dag.py took 0.283 seconds
[2023-09-07T16:14:50.342+0000] {processor.py:157} INFO - Started process (PID=7813) to work on /home/airflow/.local/lib/python3.8/site-packages/airflow/example_dags/tutorial_dag.py
[2023-09-07T16:14:50.346+0000] {processor.py:829} INFO - Processing file /home/airflow/.local/lib/python3.8/site-packages/airflow/example_dags/tutorial_dag.py for tasks to queue
[2023-09-07T16:14:50.348+0000] {logging_mixin.py:151} INFO - [2023-09-07T16:14:50.347+0000] {dagbag.py:539} INFO - Filling up the DagBag from /home/airflow/.local/lib/python3.8/site-packages/airflow/example_dags/tutorial_dag.py
[2023-09-07T16:14:50.363+0000] {processor.py:839} INFO - DAG(s) dict_keys(['tutorial_dag']) retrieved from /home/airflow/.local/lib/python3.8/site-packages/airflow/example_dags/tutorial_dag.py
[2023-09-07T16:14:50.428+0000] {logging_mixin.py:151} INFO - [2023-09-07T16:14:50.427+0000] {dag.py:2907} INFO - Sync 1 DAGs
[2023-09-07T16:14:50.457+0000] {logging_mixin.py:151} INFO - [2023-09-07T16:14:50.457+0000] {dag.py:3677} INFO - Setting next_dagrun for tutorial_dag to None, run_after=None
[2023-09-07T16:14:50.475+0000] {processor.py:179} INFO - Processing /home/airflow/.local/lib/python3.8/site-packages/airflow/example_dags/tutorial_dag.py took 0.143 seconds
[2023-09-07T16:15:20.728+0000] {processor.py:157} INFO - Started process (PID=8050) to work on /home/airflow/.local/lib/python3.8/site-packages/airflow/example_dags/tutorial_dag.py
[2023-09-07T16:15:20.732+0000] {processor.py:829} INFO - Processing file /home/airflow/.local/lib/python3.8/site-packages/airflow/example_dags/tutorial_dag.py for tasks to queue
[2023-09-07T16:15:20.736+0000] {logging_mixin.py:151} INFO - [2023-09-07T16:15:20.735+0000] {dagbag.py:539} INFO - Filling up the DagBag from /home/airflow/.local/lib/python3.8/site-packages/airflow/example_dags/tutorial_dag.py
[2023-09-07T16:15:20.761+0000] {processor.py:839} INFO - DAG(s) dict_keys(['tutorial_dag']) retrieved from /home/airflow/.local/lib/python3.8/site-packages/airflow/example_dags/tutorial_dag.py
[2023-09-07T16:15:20.849+0000] {logging_mixin.py:151} INFO - [2023-09-07T16:15:20.849+0000] {dag.py:2907} INFO - Sync 1 DAGs
[2023-09-07T16:15:20.880+0000] {logging_mixin.py:151} INFO - [2023-09-07T16:15:20.879+0000] {dag.py:3677} INFO - Setting next_dagrun for tutorial_dag to None, run_after=None
[2023-09-07T16:15:20.903+0000] {processor.py:179} INFO - Processing /home/airflow/.local/lib/python3.8/site-packages/airflow/example_dags/tutorial_dag.py took 0.202 seconds
[2023-09-07T16:15:51.069+0000] {processor.py:157} INFO - Started process (PID=8288) to work on /home/airflow/.local/lib/python3.8/site-packages/airflow/example_dags/tutorial_dag.py
[2023-09-07T16:15:51.072+0000] {processor.py:829} INFO - Processing file /home/airflow/.local/lib/python3.8/site-packages/airflow/example_dags/tutorial_dag.py for tasks to queue
[2023-09-07T16:15:51.074+0000] {logging_mixin.py:151} INFO - [2023-09-07T16:15:51.074+0000] {dagbag.py:539} INFO - Filling up the DagBag from /home/airflow/.local/lib/python3.8/site-packages/airflow/example_dags/tutorial_dag.py
[2023-09-07T16:15:51.097+0000] {processor.py:839} INFO - DAG(s) dict_keys(['tutorial_dag']) retrieved from /home/airflow/.local/lib/python3.8/site-packages/airflow/example_dags/tutorial_dag.py
[2023-09-07T16:15:51.168+0000] {logging_mixin.py:151} INFO - [2023-09-07T16:15:51.167+0000] {dag.py:2907} INFO - Sync 1 DAGs
[2023-09-07T16:15:51.187+0000] {logging_mixin.py:151} INFO - [2023-09-07T16:15:51.186+0000] {dag.py:3677} INFO - Setting next_dagrun for tutorial_dag to None, run_after=None
[2023-09-07T16:15:51.217+0000] {processor.py:179} INFO - Processing /home/airflow/.local/lib/python3.8/site-packages/airflow/example_dags/tutorial_dag.py took 0.157 seconds
[2023-09-07T16:16:22.078+0000] {processor.py:157} INFO - Started process (PID=8526) to work on /home/airflow/.local/lib/python3.8/site-packages/airflow/example_dags/tutorial_dag.py
[2023-09-07T16:16:22.082+0000] {processor.py:829} INFO - Processing file /home/airflow/.local/lib/python3.8/site-packages/airflow/example_dags/tutorial_dag.py for tasks to queue
[2023-09-07T16:16:22.085+0000] {logging_mixin.py:151} INFO - [2023-09-07T16:16:22.084+0000] {dagbag.py:539} INFO - Filling up the DagBag from /home/airflow/.local/lib/python3.8/site-packages/airflow/example_dags/tutorial_dag.py
[2023-09-07T16:16:22.117+0000] {processor.py:839} INFO - DAG(s) dict_keys(['tutorial_dag']) retrieved from /home/airflow/.local/lib/python3.8/site-packages/airflow/example_dags/tutorial_dag.py
[2023-09-07T16:16:22.184+0000] {logging_mixin.py:151} INFO - [2023-09-07T16:16:22.184+0000] {dag.py:2907} INFO - Sync 1 DAGs
[2023-09-07T16:16:22.208+0000] {logging_mixin.py:151} INFO - [2023-09-07T16:16:22.208+0000] {dag.py:3677} INFO - Setting next_dagrun for tutorial_dag to None, run_after=None
[2023-09-07T16:16:22.226+0000] {processor.py:179} INFO - Processing /home/airflow/.local/lib/python3.8/site-packages/airflow/example_dags/tutorial_dag.py took 0.156 seconds
[2023-09-07T16:16:52.490+0000] {processor.py:157} INFO - Started process (PID=8764) to work on /home/airflow/.local/lib/python3.8/site-packages/airflow/example_dags/tutorial_dag.py
[2023-09-07T16:16:52.496+0000] {processor.py:829} INFO - Processing file /home/airflow/.local/lib/python3.8/site-packages/airflow/example_dags/tutorial_dag.py for tasks to queue
[2023-09-07T16:16:52.498+0000] {logging_mixin.py:151} INFO - [2023-09-07T16:16:52.497+0000] {dagbag.py:539} INFO - Filling up the DagBag from /home/airflow/.local/lib/python3.8/site-packages/airflow/example_dags/tutorial_dag.py
[2023-09-07T16:16:52.521+0000] {processor.py:839} INFO - DAG(s) dict_keys(['tutorial_dag']) retrieved from /home/airflow/.local/lib/python3.8/site-packages/airflow/example_dags/tutorial_dag.py
[2023-09-07T16:16:52.572+0000] {logging_mixin.py:151} INFO - [2023-09-07T16:16:52.572+0000] {dag.py:2907} INFO - Sync 1 DAGs
[2023-09-07T16:16:52.600+0000] {logging_mixin.py:151} INFO - [2023-09-07T16:16:52.600+0000] {dag.py:3677} INFO - Setting next_dagrun for tutorial_dag to None, run_after=None
[2023-09-07T16:16:52.617+0000] {processor.py:179} INFO - Processing /home/airflow/.local/lib/python3.8/site-packages/airflow/example_dags/tutorial_dag.py took 0.137 seconds
[2023-09-07T16:17:23.238+0000] {processor.py:157} INFO - Started process (PID=9002) to work on /home/airflow/.local/lib/python3.8/site-packages/airflow/example_dags/tutorial_dag.py
[2023-09-07T16:17:23.247+0000] {processor.py:829} INFO - Processing file /home/airflow/.local/lib/python3.8/site-packages/airflow/example_dags/tutorial_dag.py for tasks to queue
[2023-09-07T16:17:23.250+0000] {logging_mixin.py:151} INFO - [2023-09-07T16:17:23.249+0000] {dagbag.py:539} INFO - Filling up the DagBag from /home/airflow/.local/lib/python3.8/site-packages/airflow/example_dags/tutorial_dag.py
[2023-09-07T16:17:23.267+0000] {processor.py:839} INFO - DAG(s) dict_keys(['tutorial_dag']) retrieved from /home/airflow/.local/lib/python3.8/site-packages/airflow/example_dags/tutorial_dag.py
[2023-09-07T16:17:23.343+0000] {logging_mixin.py:151} INFO - [2023-09-07T16:17:23.343+0000] {dag.py:2907} INFO - Sync 1 DAGs
[2023-09-07T16:17:23.373+0000] {logging_mixin.py:151} INFO - [2023-09-07T16:17:23.373+0000] {dag.py:3677} INFO - Setting next_dagrun for tutorial_dag to None, run_after=None
[2023-09-07T16:17:23.389+0000] {processor.py:179} INFO - Processing /home/airflow/.local/lib/python3.8/site-packages/airflow/example_dags/tutorial_dag.py took 0.171 seconds
[2023-09-07T16:17:54.577+0000] {processor.py:157} INFO - Started process (PID=9240) to work on /home/airflow/.local/lib/python3.8/site-packages/airflow/example_dags/tutorial_dag.py
[2023-09-07T16:17:54.599+0000] {processor.py:829} INFO - Processing file /home/airflow/.local/lib/python3.8/site-packages/airflow/example_dags/tutorial_dag.py for tasks to queue
[2023-09-07T16:17:54.605+0000] {logging_mixin.py:151} INFO - [2023-09-07T16:17:54.603+0000] {dagbag.py:539} INFO - Filling up the DagBag from /home/airflow/.local/lib/python3.8/site-packages/airflow/example_dags/tutorial_dag.py
[2023-09-07T16:17:54.653+0000] {processor.py:839} INFO - DAG(s) dict_keys(['tutorial_dag']) retrieved from /home/airflow/.local/lib/python3.8/site-packages/airflow/example_dags/tutorial_dag.py
[2023-09-07T16:17:54.784+0000] {logging_mixin.py:151} INFO - [2023-09-07T16:17:54.784+0000] {dag.py:2907} INFO - Sync 1 DAGs
[2023-09-07T16:17:54.813+0000] {logging_mixin.py:151} INFO - [2023-09-07T16:17:54.813+0000] {dag.py:3677} INFO - Setting next_dagrun for tutorial_dag to None, run_after=None
[2023-09-07T16:17:54.834+0000] {processor.py:179} INFO - Processing /home/airflow/.local/lib/python3.8/site-packages/airflow/example_dags/tutorial_dag.py took 0.297 seconds
[2023-09-07T16:18:24.945+0000] {processor.py:157} INFO - Started process (PID=9479) to work on /home/airflow/.local/lib/python3.8/site-packages/airflow/example_dags/tutorial_dag.py
[2023-09-07T16:18:24.948+0000] {processor.py:829} INFO - Processing file /home/airflow/.local/lib/python3.8/site-packages/airflow/example_dags/tutorial_dag.py for tasks to queue
[2023-09-07T16:18:24.953+0000] {logging_mixin.py:151} INFO - [2023-09-07T16:18:24.951+0000] {dagbag.py:539} INFO - Filling up the DagBag from /home/airflow/.local/lib/python3.8/site-packages/airflow/example_dags/tutorial_dag.py
[2023-09-07T16:18:24.971+0000] {processor.py:839} INFO - DAG(s) dict_keys(['tutorial_dag']) retrieved from /home/airflow/.local/lib/python3.8/site-packages/airflow/example_dags/tutorial_dag.py
[2023-09-07T16:18:24.997+0000] {logging_mixin.py:151} INFO - [2023-09-07T16:18:24.997+0000] {dag.py:2907} INFO - Sync 1 DAGs
[2023-09-07T16:18:25.007+0000] {logging_mixin.py:151} INFO - [2023-09-07T16:18:25.007+0000] {dag.py:3677} INFO - Setting next_dagrun for tutorial_dag to None, run_after=None
[2023-09-07T16:18:25.020+0000] {processor.py:179} INFO - Processing /home/airflow/.local/lib/python3.8/site-packages/airflow/example_dags/tutorial_dag.py took 0.088 seconds
[2023-09-07T16:18:55.175+0000] {processor.py:157} INFO - Started process (PID=9717) to work on /home/airflow/.local/lib/python3.8/site-packages/airflow/example_dags/tutorial_dag.py
[2023-09-07T16:18:55.177+0000] {processor.py:829} INFO - Processing file /home/airflow/.local/lib/python3.8/site-packages/airflow/example_dags/tutorial_dag.py for tasks to queue
[2023-09-07T16:18:55.183+0000] {logging_mixin.py:151} INFO - [2023-09-07T16:18:55.180+0000] {dagbag.py:539} INFO - Filling up the DagBag from /home/airflow/.local/lib/python3.8/site-packages/airflow/example_dags/tutorial_dag.py
[2023-09-07T16:18:55.204+0000] {processor.py:839} INFO - DAG(s) dict_keys(['tutorial_dag']) retrieved from /home/airflow/.local/lib/python3.8/site-packages/airflow/example_dags/tutorial_dag.py
[2023-09-07T16:18:55.268+0000] {logging_mixin.py:151} INFO - [2023-09-07T16:18:55.268+0000] {dag.py:2907} INFO - Sync 1 DAGs
[2023-09-07T16:18:55.287+0000] {logging_mixin.py:151} INFO - [2023-09-07T16:18:55.287+0000] {dag.py:3677} INFO - Setting next_dagrun for tutorial_dag to None, run_after=None
[2023-09-07T16:18:55.302+0000] {processor.py:179} INFO - Processing /home/airflow/.local/lib/python3.8/site-packages/airflow/example_dags/tutorial_dag.py took 0.133 seconds
[2023-09-07T16:19:25.656+0000] {processor.py:157} INFO - Started process (PID=9955) to work on /home/airflow/.local/lib/python3.8/site-packages/airflow/example_dags/tutorial_dag.py
[2023-09-07T16:19:25.659+0000] {processor.py:829} INFO - Processing file /home/airflow/.local/lib/python3.8/site-packages/airflow/example_dags/tutorial_dag.py for tasks to queue
[2023-09-07T16:19:25.661+0000] {logging_mixin.py:151} INFO - [2023-09-07T16:19:25.661+0000] {dagbag.py:539} INFO - Filling up the DagBag from /home/airflow/.local/lib/python3.8/site-packages/airflow/example_dags/tutorial_dag.py
[2023-09-07T16:19:25.694+0000] {processor.py:839} INFO - DAG(s) dict_keys(['tutorial_dag']) retrieved from /home/airflow/.local/lib/python3.8/site-packages/airflow/example_dags/tutorial_dag.py
[2023-09-07T16:19:25.755+0000] {logging_mixin.py:151} INFO - [2023-09-07T16:19:25.755+0000] {dag.py:2907} INFO - Sync 1 DAGs
[2023-09-07T16:19:25.774+0000] {logging_mixin.py:151} INFO - [2023-09-07T16:19:25.774+0000] {dag.py:3677} INFO - Setting next_dagrun for tutorial_dag to None, run_after=None
[2023-09-07T16:19:25.790+0000] {processor.py:179} INFO - Processing /home/airflow/.local/lib/python3.8/site-packages/airflow/example_dags/tutorial_dag.py took 0.143 seconds
[2023-09-07T16:19:56.158+0000] {processor.py:157} INFO - Started process (PID=10193) to work on /home/airflow/.local/lib/python3.8/site-packages/airflow/example_dags/tutorial_dag.py
[2023-09-07T16:19:56.166+0000] {processor.py:829} INFO - Processing file /home/airflow/.local/lib/python3.8/site-packages/airflow/example_dags/tutorial_dag.py for tasks to queue
[2023-09-07T16:19:56.168+0000] {logging_mixin.py:151} INFO - [2023-09-07T16:19:56.167+0000] {dagbag.py:539} INFO - Filling up the DagBag from /home/airflow/.local/lib/python3.8/site-packages/airflow/example_dags/tutorial_dag.py
[2023-09-07T16:19:56.183+0000] {processor.py:839} INFO - DAG(s) dict_keys(['tutorial_dag']) retrieved from /home/airflow/.local/lib/python3.8/site-packages/airflow/example_dags/tutorial_dag.py
[2023-09-07T16:19:56.246+0000] {logging_mixin.py:151} INFO - [2023-09-07T16:19:56.246+0000] {dag.py:2907} INFO - Sync 1 DAGs
[2023-09-07T16:19:56.262+0000] {logging_mixin.py:151} INFO - [2023-09-07T16:19:56.261+0000] {dag.py:3677} INFO - Setting next_dagrun for tutorial_dag to None, run_after=None
[2023-09-07T16:19:56.284+0000] {processor.py:179} INFO - Processing /home/airflow/.local/lib/python3.8/site-packages/airflow/example_dags/tutorial_dag.py took 0.141 seconds
[2023-09-07T16:20:26.582+0000] {processor.py:157} INFO - Started process (PID=10431) to work on /home/airflow/.local/lib/python3.8/site-packages/airflow/example_dags/tutorial_dag.py
[2023-09-07T16:20:26.592+0000] {processor.py:829} INFO - Processing file /home/airflow/.local/lib/python3.8/site-packages/airflow/example_dags/tutorial_dag.py for tasks to queue
[2023-09-07T16:20:26.595+0000] {logging_mixin.py:151} INFO - [2023-09-07T16:20:26.594+0000] {dagbag.py:539} INFO - Filling up the DagBag from /home/airflow/.local/lib/python3.8/site-packages/airflow/example_dags/tutorial_dag.py
[2023-09-07T16:20:26.608+0000] {processor.py:839} INFO - DAG(s) dict_keys(['tutorial_dag']) retrieved from /home/airflow/.local/lib/python3.8/site-packages/airflow/example_dags/tutorial_dag.py
[2023-09-07T16:20:26.661+0000] {logging_mixin.py:151} INFO - [2023-09-07T16:20:26.661+0000] {dag.py:2907} INFO - Sync 1 DAGs
[2023-09-07T16:20:26.678+0000] {logging_mixin.py:151} INFO - [2023-09-07T16:20:26.677+0000] {dag.py:3677} INFO - Setting next_dagrun for tutorial_dag to None, run_after=None
[2023-09-07T16:20:26.700+0000] {processor.py:179} INFO - Processing /home/airflow/.local/lib/python3.8/site-packages/airflow/example_dags/tutorial_dag.py took 0.133 seconds
[2023-09-07T16:20:57.139+0000] {processor.py:157} INFO - Started process (PID=10668) to work on /home/airflow/.local/lib/python3.8/site-packages/airflow/example_dags/tutorial_dag.py
[2023-09-07T16:20:57.145+0000] {processor.py:829} INFO - Processing file /home/airflow/.local/lib/python3.8/site-packages/airflow/example_dags/tutorial_dag.py for tasks to queue
[2023-09-07T16:20:57.147+0000] {logging_mixin.py:151} INFO - [2023-09-07T16:20:57.146+0000] {dagbag.py:539} INFO - Filling up the DagBag from /home/airflow/.local/lib/python3.8/site-packages/airflow/example_dags/tutorial_dag.py
[2023-09-07T16:20:57.162+0000] {processor.py:839} INFO - DAG(s) dict_keys(['tutorial_dag']) retrieved from /home/airflow/.local/lib/python3.8/site-packages/airflow/example_dags/tutorial_dag.py
[2023-09-07T16:20:57.224+0000] {logging_mixin.py:151} INFO - [2023-09-07T16:20:57.224+0000] {dag.py:2907} INFO - Sync 1 DAGs
[2023-09-07T16:20:57.239+0000] {logging_mixin.py:151} INFO - [2023-09-07T16:20:57.239+0000] {dag.py:3677} INFO - Setting next_dagrun for tutorial_dag to None, run_after=None
[2023-09-07T16:20:57.261+0000] {processor.py:179} INFO - Processing /home/airflow/.local/lib/python3.8/site-packages/airflow/example_dags/tutorial_dag.py took 0.151 seconds
[2023-09-07T16:21:27.534+0000] {processor.py:157} INFO - Started process (PID=10906) to work on /home/airflow/.local/lib/python3.8/site-packages/airflow/example_dags/tutorial_dag.py
[2023-09-07T16:21:27.539+0000] {processor.py:829} INFO - Processing file /home/airflow/.local/lib/python3.8/site-packages/airflow/example_dags/tutorial_dag.py for tasks to queue
[2023-09-07T16:21:27.541+0000] {logging_mixin.py:151} INFO - [2023-09-07T16:21:27.540+0000] {dagbag.py:539} INFO - Filling up the DagBag from /home/airflow/.local/lib/python3.8/site-packages/airflow/example_dags/tutorial_dag.py
[2023-09-07T16:21:27.568+0000] {processor.py:839} INFO - DAG(s) dict_keys(['tutorial_dag']) retrieved from /home/airflow/.local/lib/python3.8/site-packages/airflow/example_dags/tutorial_dag.py
[2023-09-07T16:21:27.622+0000] {logging_mixin.py:151} INFO - [2023-09-07T16:21:27.622+0000] {dag.py:2907} INFO - Sync 1 DAGs
[2023-09-07T16:21:27.636+0000] {logging_mixin.py:151} INFO - [2023-09-07T16:21:27.636+0000] {dag.py:3677} INFO - Setting next_dagrun for tutorial_dag to None, run_after=None
[2023-09-07T16:21:27.653+0000] {processor.py:179} INFO - Processing /home/airflow/.local/lib/python3.8/site-packages/airflow/example_dags/tutorial_dag.py took 0.130 seconds
[2023-09-07T16:21:58.112+0000] {processor.py:157} INFO - Started process (PID=11144) to work on /home/airflow/.local/lib/python3.8/site-packages/airflow/example_dags/tutorial_dag.py
[2023-09-07T16:21:58.116+0000] {processor.py:829} INFO - Processing file /home/airflow/.local/lib/python3.8/site-packages/airflow/example_dags/tutorial_dag.py for tasks to queue
[2023-09-07T16:21:58.117+0000] {logging_mixin.py:151} INFO - [2023-09-07T16:21:58.117+0000] {dagbag.py:539} INFO - Filling up the DagBag from /home/airflow/.local/lib/python3.8/site-packages/airflow/example_dags/tutorial_dag.py
[2023-09-07T16:21:58.134+0000] {processor.py:839} INFO - DAG(s) dict_keys(['tutorial_dag']) retrieved from /home/airflow/.local/lib/python3.8/site-packages/airflow/example_dags/tutorial_dag.py
[2023-09-07T16:21:58.198+0000] {logging_mixin.py:151} INFO - [2023-09-07T16:21:58.198+0000] {dag.py:2907} INFO - Sync 1 DAGs
[2023-09-07T16:21:58.224+0000] {logging_mixin.py:151} INFO - [2023-09-07T16:21:58.224+0000] {dag.py:3677} INFO - Setting next_dagrun for tutorial_dag to None, run_after=None
[2023-09-07T16:21:58.242+0000] {processor.py:179} INFO - Processing /home/airflow/.local/lib/python3.8/site-packages/airflow/example_dags/tutorial_dag.py took 0.150 seconds
[2023-09-07T16:22:28.705+0000] {processor.py:157} INFO - Started process (PID=11381) to work on /home/airflow/.local/lib/python3.8/site-packages/airflow/example_dags/tutorial_dag.py
[2023-09-07T16:22:28.709+0000] {processor.py:829} INFO - Processing file /home/airflow/.local/lib/python3.8/site-packages/airflow/example_dags/tutorial_dag.py for tasks to queue
[2023-09-07T16:22:28.711+0000] {logging_mixin.py:151} INFO - [2023-09-07T16:22:28.710+0000] {dagbag.py:539} INFO - Filling up the DagBag from /home/airflow/.local/lib/python3.8/site-packages/airflow/example_dags/tutorial_dag.py
[2023-09-07T16:22:28.730+0000] {processor.py:839} INFO - DAG(s) dict_keys(['tutorial_dag']) retrieved from /home/airflow/.local/lib/python3.8/site-packages/airflow/example_dags/tutorial_dag.py
[2023-09-07T16:22:28.802+0000] {logging_mixin.py:151} INFO - [2023-09-07T16:22:28.802+0000] {dag.py:2907} INFO - Sync 1 DAGs
[2023-09-07T16:22:28.818+0000] {logging_mixin.py:151} INFO - [2023-09-07T16:22:28.818+0000] {dag.py:3677} INFO - Setting next_dagrun for tutorial_dag to None, run_after=None
[2023-09-07T16:22:28.855+0000] {processor.py:179} INFO - Processing /home/airflow/.local/lib/python3.8/site-packages/airflow/example_dags/tutorial_dag.py took 0.173 seconds
[2023-09-07T16:22:59.119+0000] {processor.py:157} INFO - Started process (PID=11619) to work on /home/airflow/.local/lib/python3.8/site-packages/airflow/example_dags/tutorial_dag.py
[2023-09-07T16:22:59.130+0000] {processor.py:829} INFO - Processing file /home/airflow/.local/lib/python3.8/site-packages/airflow/example_dags/tutorial_dag.py for tasks to queue
[2023-09-07T16:22:59.133+0000] {logging_mixin.py:151} INFO - [2023-09-07T16:22:59.132+0000] {dagbag.py:539} INFO - Filling up the DagBag from /home/airflow/.local/lib/python3.8/site-packages/airflow/example_dags/tutorial_dag.py
[2023-09-07T16:22:59.147+0000] {processor.py:839} INFO - DAG(s) dict_keys(['tutorial_dag']) retrieved from /home/airflow/.local/lib/python3.8/site-packages/airflow/example_dags/tutorial_dag.py
[2023-09-07T16:22:59.218+0000] {logging_mixin.py:151} INFO - [2023-09-07T16:22:59.217+0000] {dag.py:2907} INFO - Sync 1 DAGs
[2023-09-07T16:22:59.233+0000] {logging_mixin.py:151} INFO - [2023-09-07T16:22:59.233+0000] {dag.py:3677} INFO - Setting next_dagrun for tutorial_dag to None, run_after=None
[2023-09-07T16:22:59.249+0000] {processor.py:179} INFO - Processing /home/airflow/.local/lib/python3.8/site-packages/airflow/example_dags/tutorial_dag.py took 0.153 seconds
[2023-09-07T16:23:29.747+0000] {processor.py:157} INFO - Started process (PID=11857) to work on /home/airflow/.local/lib/python3.8/site-packages/airflow/example_dags/tutorial_dag.py
[2023-09-07T16:23:29.765+0000] {processor.py:829} INFO - Processing file /home/airflow/.local/lib/python3.8/site-packages/airflow/example_dags/tutorial_dag.py for tasks to queue
[2023-09-07T16:23:29.774+0000] {logging_mixin.py:151} INFO - [2023-09-07T16:23:29.774+0000] {dagbag.py:539} INFO - Filling up the DagBag from /home/airflow/.local/lib/python3.8/site-packages/airflow/example_dags/tutorial_dag.py
[2023-09-07T16:23:29.802+0000] {processor.py:839} INFO - DAG(s) dict_keys(['tutorial_dag']) retrieved from /home/airflow/.local/lib/python3.8/site-packages/airflow/example_dags/tutorial_dag.py
[2023-09-07T16:23:29.890+0000] {logging_mixin.py:151} INFO - [2023-09-07T16:23:29.890+0000] {dag.py:2907} INFO - Sync 1 DAGs
[2023-09-07T16:23:29.904+0000] {logging_mixin.py:151} INFO - [2023-09-07T16:23:29.904+0000] {dag.py:3677} INFO - Setting next_dagrun for tutorial_dag to None, run_after=None
[2023-09-07T16:23:29.933+0000] {processor.py:179} INFO - Processing /home/airflow/.local/lib/python3.8/site-packages/airflow/example_dags/tutorial_dag.py took 0.197 seconds
[2023-09-07T16:24:00.393+0000] {processor.py:157} INFO - Started process (PID=12095) to work on /home/airflow/.local/lib/python3.8/site-packages/airflow/example_dags/tutorial_dag.py
[2023-09-07T16:24:00.400+0000] {processor.py:829} INFO - Processing file /home/airflow/.local/lib/python3.8/site-packages/airflow/example_dags/tutorial_dag.py for tasks to queue
[2023-09-07T16:24:00.406+0000] {logging_mixin.py:151} INFO - [2023-09-07T16:24:00.403+0000] {dagbag.py:539} INFO - Filling up the DagBag from /home/airflow/.local/lib/python3.8/site-packages/airflow/example_dags/tutorial_dag.py
[2023-09-07T16:24:00.421+0000] {processor.py:839} INFO - DAG(s) dict_keys(['tutorial_dag']) retrieved from /home/airflow/.local/lib/python3.8/site-packages/airflow/example_dags/tutorial_dag.py
[2023-09-07T16:24:00.485+0000] {logging_mixin.py:151} INFO - [2023-09-07T16:24:00.485+0000] {dag.py:2907} INFO - Sync 1 DAGs
[2023-09-07T16:24:00.499+0000] {logging_mixin.py:151} INFO - [2023-09-07T16:24:00.499+0000] {dag.py:3677} INFO - Setting next_dagrun for tutorial_dag to None, run_after=None
[2023-09-07T16:24:00.514+0000] {processor.py:179} INFO - Processing /home/airflow/.local/lib/python3.8/site-packages/airflow/example_dags/tutorial_dag.py took 0.133 seconds
[2023-09-07T16:24:30.885+0000] {processor.py:157} INFO - Started process (PID=12333) to work on /home/airflow/.local/lib/python3.8/site-packages/airflow/example_dags/tutorial_dag.py
[2023-09-07T16:24:30.896+0000] {processor.py:829} INFO - Processing file /home/airflow/.local/lib/python3.8/site-packages/airflow/example_dags/tutorial_dag.py for tasks to queue
[2023-09-07T16:24:30.898+0000] {logging_mixin.py:151} INFO - [2023-09-07T16:24:30.897+0000] {dagbag.py:539} INFO - Filling up the DagBag from /home/airflow/.local/lib/python3.8/site-packages/airflow/example_dags/tutorial_dag.py
[2023-09-07T16:24:30.920+0000] {processor.py:839} INFO - DAG(s) dict_keys(['tutorial_dag']) retrieved from /home/airflow/.local/lib/python3.8/site-packages/airflow/example_dags/tutorial_dag.py
[2023-09-07T16:24:30.971+0000] {logging_mixin.py:151} INFO - [2023-09-07T16:24:30.971+0000] {dag.py:2907} INFO - Sync 1 DAGs
[2023-09-07T16:24:30.986+0000] {logging_mixin.py:151} INFO - [2023-09-07T16:24:30.986+0000] {dag.py:3677} INFO - Setting next_dagrun for tutorial_dag to None, run_after=None
[2023-09-07T16:24:31.002+0000] {processor.py:179} INFO - Processing /home/airflow/.local/lib/python3.8/site-packages/airflow/example_dags/tutorial_dag.py took 0.137 seconds
[2023-09-07T16:25:01.224+0000] {processor.py:157} INFO - Started process (PID=12572) to work on /home/airflow/.local/lib/python3.8/site-packages/airflow/example_dags/tutorial_dag.py
[2023-09-07T16:25:01.227+0000] {processor.py:829} INFO - Processing file /home/airflow/.local/lib/python3.8/site-packages/airflow/example_dags/tutorial_dag.py for tasks to queue
[2023-09-07T16:25:01.230+0000] {logging_mixin.py:151} INFO - [2023-09-07T16:25:01.229+0000] {dagbag.py:539} INFO - Filling up the DagBag from /home/airflow/.local/lib/python3.8/site-packages/airflow/example_dags/tutorial_dag.py
[2023-09-07T16:25:01.254+0000] {processor.py:839} INFO - DAG(s) dict_keys(['tutorial_dag']) retrieved from /home/airflow/.local/lib/python3.8/site-packages/airflow/example_dags/tutorial_dag.py
[2023-09-07T16:25:01.311+0000] {logging_mixin.py:151} INFO - [2023-09-07T16:25:01.310+0000] {dag.py:2907} INFO - Sync 1 DAGs
[2023-09-07T16:25:01.329+0000] {logging_mixin.py:151} INFO - [2023-09-07T16:25:01.329+0000] {dag.py:3677} INFO - Setting next_dagrun for tutorial_dag to None, run_after=None
[2023-09-07T16:25:01.346+0000] {processor.py:179} INFO - Processing /home/airflow/.local/lib/python3.8/site-packages/airflow/example_dags/tutorial_dag.py took 0.144 seconds
[2023-09-07T16:25:31.709+0000] {processor.py:157} INFO - Started process (PID=12809) to work on /home/airflow/.local/lib/python3.8/site-packages/airflow/example_dags/tutorial_dag.py
[2023-09-07T16:25:31.717+0000] {processor.py:829} INFO - Processing file /home/airflow/.local/lib/python3.8/site-packages/airflow/example_dags/tutorial_dag.py for tasks to queue
[2023-09-07T16:25:31.727+0000] {logging_mixin.py:151} INFO - [2023-09-07T16:25:31.723+0000] {dagbag.py:539} INFO - Filling up the DagBag from /home/airflow/.local/lib/python3.8/site-packages/airflow/example_dags/tutorial_dag.py
[2023-09-07T16:25:31.743+0000] {processor.py:839} INFO - DAG(s) dict_keys(['tutorial_dag']) retrieved from /home/airflow/.local/lib/python3.8/site-packages/airflow/example_dags/tutorial_dag.py
[2023-09-07T16:25:31.808+0000] {logging_mixin.py:151} INFO - [2023-09-07T16:25:31.808+0000] {dag.py:2907} INFO - Sync 1 DAGs
[2023-09-07T16:25:31.830+0000] {logging_mixin.py:151} INFO - [2023-09-07T16:25:31.830+0000] {dag.py:3677} INFO - Setting next_dagrun for tutorial_dag to None, run_after=None
[2023-09-07T16:25:31.852+0000] {processor.py:179} INFO - Processing /home/airflow/.local/lib/python3.8/site-packages/airflow/example_dags/tutorial_dag.py took 0.156 seconds
[2023-09-07T16:26:02.200+0000] {processor.py:157} INFO - Started process (PID=13047) to work on /home/airflow/.local/lib/python3.8/site-packages/airflow/example_dags/tutorial_dag.py
[2023-09-07T16:26:02.203+0000] {processor.py:829} INFO - Processing file /home/airflow/.local/lib/python3.8/site-packages/airflow/example_dags/tutorial_dag.py for tasks to queue
[2023-09-07T16:26:02.206+0000] {logging_mixin.py:151} INFO - [2023-09-07T16:26:02.205+0000] {dagbag.py:539} INFO - Filling up the DagBag from /home/airflow/.local/lib/python3.8/site-packages/airflow/example_dags/tutorial_dag.py
[2023-09-07T16:26:02.233+0000] {processor.py:839} INFO - DAG(s) dict_keys(['tutorial_dag']) retrieved from /home/airflow/.local/lib/python3.8/site-packages/airflow/example_dags/tutorial_dag.py
[2023-09-07T16:26:02.304+0000] {logging_mixin.py:151} INFO - [2023-09-07T16:26:02.304+0000] {dag.py:2907} INFO - Sync 1 DAGs
[2023-09-07T16:26:02.325+0000] {logging_mixin.py:151} INFO - [2023-09-07T16:26:02.325+0000] {dag.py:3677} INFO - Setting next_dagrun for tutorial_dag to None, run_after=None
[2023-09-07T16:26:02.349+0000] {processor.py:179} INFO - Processing /home/airflow/.local/lib/python3.8/site-packages/airflow/example_dags/tutorial_dag.py took 0.162 seconds
[2023-09-07T16:26:33.272+0000] {processor.py:157} INFO - Started process (PID=13286) to work on /home/airflow/.local/lib/python3.8/site-packages/airflow/example_dags/tutorial_dag.py
[2023-09-07T16:26:33.278+0000] {processor.py:829} INFO - Processing file /home/airflow/.local/lib/python3.8/site-packages/airflow/example_dags/tutorial_dag.py for tasks to queue
[2023-09-07T16:26:33.281+0000] {logging_mixin.py:151} INFO - [2023-09-07T16:26:33.280+0000] {dagbag.py:539} INFO - Filling up the DagBag from /home/airflow/.local/lib/python3.8/site-packages/airflow/example_dags/tutorial_dag.py
[2023-09-07T16:26:33.301+0000] {processor.py:839} INFO - DAG(s) dict_keys(['tutorial_dag']) retrieved from /home/airflow/.local/lib/python3.8/site-packages/airflow/example_dags/tutorial_dag.py
[2023-09-07T16:26:33.353+0000] {logging_mixin.py:151} INFO - [2023-09-07T16:26:33.353+0000] {dag.py:2907} INFO - Sync 1 DAGs
[2023-09-07T16:26:33.368+0000] {logging_mixin.py:151} INFO - [2023-09-07T16:26:33.368+0000] {dag.py:3677} INFO - Setting next_dagrun for tutorial_dag to None, run_after=None
[2023-09-07T16:26:33.383+0000] {processor.py:179} INFO - Processing /home/airflow/.local/lib/python3.8/site-packages/airflow/example_dags/tutorial_dag.py took 0.126 seconds
[2023-09-07T16:27:03.577+0000] {processor.py:157} INFO - Started process (PID=13524) to work on /home/airflow/.local/lib/python3.8/site-packages/airflow/example_dags/tutorial_dag.py
[2023-09-07T16:27:03.580+0000] {processor.py:829} INFO - Processing file /home/airflow/.local/lib/python3.8/site-packages/airflow/example_dags/tutorial_dag.py for tasks to queue
[2023-09-07T16:27:03.583+0000] {logging_mixin.py:151} INFO - [2023-09-07T16:27:03.582+0000] {dagbag.py:539} INFO - Filling up the DagBag from /home/airflow/.local/lib/python3.8/site-packages/airflow/example_dags/tutorial_dag.py
[2023-09-07T16:27:03.592+0000] {processor.py:839} INFO - DAG(s) dict_keys(['tutorial_dag']) retrieved from /home/airflow/.local/lib/python3.8/site-packages/airflow/example_dags/tutorial_dag.py
[2023-09-07T16:27:03.637+0000] {logging_mixin.py:151} INFO - [2023-09-07T16:27:03.636+0000] {dag.py:2907} INFO - Sync 1 DAGs
[2023-09-07T16:27:03.652+0000] {logging_mixin.py:151} INFO - [2023-09-07T16:27:03.652+0000] {dag.py:3677} INFO - Setting next_dagrun for tutorial_dag to None, run_after=None
[2023-09-07T16:27:03.668+0000] {processor.py:179} INFO - Processing /home/airflow/.local/lib/python3.8/site-packages/airflow/example_dags/tutorial_dag.py took 0.098 seconds
[2023-09-07T16:27:34.004+0000] {processor.py:157} INFO - Started process (PID=13763) to work on /home/airflow/.local/lib/python3.8/site-packages/airflow/example_dags/tutorial_dag.py
[2023-09-07T16:27:34.007+0000] {processor.py:829} INFO - Processing file /home/airflow/.local/lib/python3.8/site-packages/airflow/example_dags/tutorial_dag.py for tasks to queue
[2023-09-07T16:27:34.010+0000] {logging_mixin.py:151} INFO - [2023-09-07T16:27:34.009+0000] {dagbag.py:539} INFO - Filling up the DagBag from /home/airflow/.local/lib/python3.8/site-packages/airflow/example_dags/tutorial_dag.py
[2023-09-07T16:27:34.024+0000] {processor.py:839} INFO - DAG(s) dict_keys(['tutorial_dag']) retrieved from /home/airflow/.local/lib/python3.8/site-packages/airflow/example_dags/tutorial_dag.py
[2023-09-07T16:27:34.066+0000] {logging_mixin.py:151} INFO - [2023-09-07T16:27:34.066+0000] {dag.py:2907} INFO - Sync 1 DAGs
[2023-09-07T16:27:34.081+0000] {logging_mixin.py:151} INFO - [2023-09-07T16:27:34.081+0000] {dag.py:3677} INFO - Setting next_dagrun for tutorial_dag to None, run_after=None
[2023-09-07T16:27:34.096+0000] {processor.py:179} INFO - Processing /home/airflow/.local/lib/python3.8/site-packages/airflow/example_dags/tutorial_dag.py took 0.105 seconds
[2023-09-07T16:28:04.473+0000] {processor.py:157} INFO - Started process (PID=14001) to work on /home/airflow/.local/lib/python3.8/site-packages/airflow/example_dags/tutorial_dag.py
[2023-09-07T16:28:04.477+0000] {processor.py:829} INFO - Processing file /home/airflow/.local/lib/python3.8/site-packages/airflow/example_dags/tutorial_dag.py for tasks to queue
[2023-09-07T16:28:04.479+0000] {logging_mixin.py:151} INFO - [2023-09-07T16:28:04.478+0000] {dagbag.py:539} INFO - Filling up the DagBag from /home/airflow/.local/lib/python3.8/site-packages/airflow/example_dags/tutorial_dag.py
[2023-09-07T16:28:04.489+0000] {processor.py:839} INFO - DAG(s) dict_keys(['tutorial_dag']) retrieved from /home/airflow/.local/lib/python3.8/site-packages/airflow/example_dags/tutorial_dag.py
[2023-09-07T16:28:04.529+0000] {logging_mixin.py:151} INFO - [2023-09-07T16:28:04.528+0000] {dag.py:2907} INFO - Sync 1 DAGs
[2023-09-07T16:28:04.543+0000] {logging_mixin.py:151} INFO - [2023-09-07T16:28:04.543+0000] {dag.py:3677} INFO - Setting next_dagrun for tutorial_dag to None, run_after=None
[2023-09-07T16:28:04.558+0000] {processor.py:179} INFO - Processing /home/airflow/.local/lib/python3.8/site-packages/airflow/example_dags/tutorial_dag.py took 0.096 seconds
[2023-09-07T16:28:34.770+0000] {processor.py:157} INFO - Started process (PID=14239) to work on /home/airflow/.local/lib/python3.8/site-packages/airflow/example_dags/tutorial_dag.py
[2023-09-07T16:28:34.773+0000] {processor.py:829} INFO - Processing file /home/airflow/.local/lib/python3.8/site-packages/airflow/example_dags/tutorial_dag.py for tasks to queue
[2023-09-07T16:28:34.776+0000] {logging_mixin.py:151} INFO - [2023-09-07T16:28:34.775+0000] {dagbag.py:539} INFO - Filling up the DagBag from /home/airflow/.local/lib/python3.8/site-packages/airflow/example_dags/tutorial_dag.py
[2023-09-07T16:28:34.801+0000] {processor.py:839} INFO - DAG(s) dict_keys(['tutorial_dag']) retrieved from /home/airflow/.local/lib/python3.8/site-packages/airflow/example_dags/tutorial_dag.py
[2023-09-07T16:28:34.862+0000] {logging_mixin.py:151} INFO - [2023-09-07T16:28:34.862+0000] {dag.py:2907} INFO - Sync 1 DAGs
[2023-09-07T16:28:34.886+0000] {logging_mixin.py:151} INFO - [2023-09-07T16:28:34.886+0000] {dag.py:3677} INFO - Setting next_dagrun for tutorial_dag to None, run_after=None
[2023-09-07T16:28:34.905+0000] {processor.py:179} INFO - Processing /home/airflow/.local/lib/python3.8/site-packages/airflow/example_dags/tutorial_dag.py took 0.147 seconds
[2023-09-07T16:29:06.650+0000] {processor.py:157} INFO - Started process (PID=14476) to work on /home/airflow/.local/lib/python3.8/site-packages/airflow/example_dags/tutorial_dag.py
[2023-09-07T16:29:06.659+0000] {processor.py:829} INFO - Processing file /home/airflow/.local/lib/python3.8/site-packages/airflow/example_dags/tutorial_dag.py for tasks to queue
[2023-09-07T16:29:06.661+0000] {logging_mixin.py:151} INFO - [2023-09-07T16:29:06.660+0000] {dagbag.py:539} INFO - Filling up the DagBag from /home/airflow/.local/lib/python3.8/site-packages/airflow/example_dags/tutorial_dag.py
[2023-09-07T16:29:06.702+0000] {processor.py:839} INFO - DAG(s) dict_keys(['tutorial_dag']) retrieved from /home/airflow/.local/lib/python3.8/site-packages/airflow/example_dags/tutorial_dag.py
[2023-09-07T16:29:06.774+0000] {logging_mixin.py:151} INFO - [2023-09-07T16:29:06.774+0000] {dag.py:2907} INFO - Sync 1 DAGs
[2023-09-07T16:29:06.790+0000] {logging_mixin.py:151} INFO - [2023-09-07T16:29:06.790+0000] {dag.py:3677} INFO - Setting next_dagrun for tutorial_dag to None, run_after=None
[2023-09-07T16:29:06.806+0000] {processor.py:179} INFO - Processing /home/airflow/.local/lib/python3.8/site-packages/airflow/example_dags/tutorial_dag.py took 0.173 seconds
[2023-09-07T16:30:55.368+0000] {processor.py:157} INFO - Started process (PID=14710) to work on /home/airflow/.local/lib/python3.8/site-packages/airflow/example_dags/tutorial_dag.py
[2023-09-07T16:30:55.403+0000] {processor.py:829} INFO - Processing file /home/airflow/.local/lib/python3.8/site-packages/airflow/example_dags/tutorial_dag.py for tasks to queue
[2023-09-07T16:30:55.428+0000] {logging_mixin.py:151} INFO - [2023-09-07T16:30:55.426+0000] {dagbag.py:539} INFO - Filling up the DagBag from /home/airflow/.local/lib/python3.8/site-packages/airflow/example_dags/tutorial_dag.py
[2023-09-07T16:30:55.519+0000] {processor.py:839} INFO - DAG(s) dict_keys(['tutorial_dag']) retrieved from /home/airflow/.local/lib/python3.8/site-packages/airflow/example_dags/tutorial_dag.py
[2023-09-07T16:30:57.128+0000] {logging_mixin.py:151} INFO - [2023-09-07T16:30:57.126+0000] {dag.py:2907} INFO - Sync 1 DAGs
[2023-09-07T16:30:57.192+0000] {logging_mixin.py:151} INFO - [2023-09-07T16:30:57.191+0000] {dag.py:3677} INFO - Setting next_dagrun for tutorial_dag to None, run_after=None
[2023-09-07T16:30:57.249+0000] {processor.py:179} INFO - Processing /home/airflow/.local/lib/python3.8/site-packages/airflow/example_dags/tutorial_dag.py took 1.959 seconds
[2023-09-07T16:31:27.807+0000] {processor.py:157} INFO - Started process (PID=14950) to work on /home/airflow/.local/lib/python3.8/site-packages/airflow/example_dags/tutorial_dag.py
[2023-09-07T16:31:27.810+0000] {processor.py:829} INFO - Processing file /home/airflow/.local/lib/python3.8/site-packages/airflow/example_dags/tutorial_dag.py for tasks to queue
[2023-09-07T16:31:27.812+0000] {logging_mixin.py:151} INFO - [2023-09-07T16:31:27.811+0000] {dagbag.py:539} INFO - Filling up the DagBag from /home/airflow/.local/lib/python3.8/site-packages/airflow/example_dags/tutorial_dag.py
[2023-09-07T16:31:27.828+0000] {processor.py:839} INFO - DAG(s) dict_keys(['tutorial_dag']) retrieved from /home/airflow/.local/lib/python3.8/site-packages/airflow/example_dags/tutorial_dag.py
[2023-09-07T16:31:27.892+0000] {logging_mixin.py:151} INFO - [2023-09-07T16:31:27.892+0000] {dag.py:2907} INFO - Sync 1 DAGs
[2023-09-07T16:31:27.905+0000] {logging_mixin.py:151} INFO - [2023-09-07T16:31:27.905+0000] {dag.py:3677} INFO - Setting next_dagrun for tutorial_dag to None, run_after=None
[2023-09-07T16:31:27.921+0000] {processor.py:179} INFO - Processing /home/airflow/.local/lib/python3.8/site-packages/airflow/example_dags/tutorial_dag.py took 0.121 seconds
[2023-09-07T16:31:58.484+0000] {processor.py:157} INFO - Started process (PID=15188) to work on /home/airflow/.local/lib/python3.8/site-packages/airflow/example_dags/tutorial_dag.py
[2023-09-07T16:31:58.491+0000] {processor.py:829} INFO - Processing file /home/airflow/.local/lib/python3.8/site-packages/airflow/example_dags/tutorial_dag.py for tasks to queue
[2023-09-07T16:31:58.494+0000] {logging_mixin.py:151} INFO - [2023-09-07T16:31:58.493+0000] {dagbag.py:539} INFO - Filling up the DagBag from /home/airflow/.local/lib/python3.8/site-packages/airflow/example_dags/tutorial_dag.py
[2023-09-07T16:31:58.514+0000] {processor.py:839} INFO - DAG(s) dict_keys(['tutorial_dag']) retrieved from /home/airflow/.local/lib/python3.8/site-packages/airflow/example_dags/tutorial_dag.py
[2023-09-07T16:31:58.613+0000] {logging_mixin.py:151} INFO - [2023-09-07T16:31:58.613+0000] {dag.py:2907} INFO - Sync 1 DAGs
[2023-09-07T16:31:58.637+0000] {logging_mixin.py:151} INFO - [2023-09-07T16:31:58.637+0000] {dag.py:3677} INFO - Setting next_dagrun for tutorial_dag to None, run_after=None
[2023-09-07T16:31:58.663+0000] {processor.py:179} INFO - Processing /home/airflow/.local/lib/python3.8/site-packages/airflow/example_dags/tutorial_dag.py took 0.215 seconds
[2023-09-07T16:32:29.643+0000] {processor.py:157} INFO - Started process (PID=15426) to work on /home/airflow/.local/lib/python3.8/site-packages/airflow/example_dags/tutorial_dag.py
[2023-09-07T16:32:29.651+0000] {processor.py:829} INFO - Processing file /home/airflow/.local/lib/python3.8/site-packages/airflow/example_dags/tutorial_dag.py for tasks to queue
[2023-09-07T16:32:29.655+0000] {logging_mixin.py:151} INFO - [2023-09-07T16:32:29.655+0000] {dagbag.py:539} INFO - Filling up the DagBag from /home/airflow/.local/lib/python3.8/site-packages/airflow/example_dags/tutorial_dag.py
[2023-09-07T16:32:29.667+0000] {processor.py:839} INFO - DAG(s) dict_keys(['tutorial_dag']) retrieved from /home/airflow/.local/lib/python3.8/site-packages/airflow/example_dags/tutorial_dag.py
[2023-09-07T16:32:29.724+0000] {logging_mixin.py:151} INFO - [2023-09-07T16:32:29.723+0000] {dag.py:2907} INFO - Sync 1 DAGs
[2023-09-07T16:32:29.739+0000] {logging_mixin.py:151} INFO - [2023-09-07T16:32:29.739+0000] {dag.py:3677} INFO - Setting next_dagrun for tutorial_dag to None, run_after=None
[2023-09-07T16:32:29.772+0000] {processor.py:179} INFO - Processing /home/airflow/.local/lib/python3.8/site-packages/airflow/example_dags/tutorial_dag.py took 0.141 seconds
[2023-09-07T16:33:00.121+0000] {processor.py:157} INFO - Started process (PID=15664) to work on /home/airflow/.local/lib/python3.8/site-packages/airflow/example_dags/tutorial_dag.py
[2023-09-07T16:33:00.125+0000] {processor.py:829} INFO - Processing file /home/airflow/.local/lib/python3.8/site-packages/airflow/example_dags/tutorial_dag.py for tasks to queue
[2023-09-07T16:33:00.128+0000] {logging_mixin.py:151} INFO - [2023-09-07T16:33:00.127+0000] {dagbag.py:539} INFO - Filling up the DagBag from /home/airflow/.local/lib/python3.8/site-packages/airflow/example_dags/tutorial_dag.py
[2023-09-07T16:33:00.158+0000] {processor.py:839} INFO - DAG(s) dict_keys(['tutorial_dag']) retrieved from /home/airflow/.local/lib/python3.8/site-packages/airflow/example_dags/tutorial_dag.py
[2023-09-07T16:33:00.220+0000] {logging_mixin.py:151} INFO - [2023-09-07T16:33:00.220+0000] {dag.py:2907} INFO - Sync 1 DAGs
[2023-09-07T16:33:00.236+0000] {logging_mixin.py:151} INFO - [2023-09-07T16:33:00.236+0000] {dag.py:3677} INFO - Setting next_dagrun for tutorial_dag to None, run_after=None
[2023-09-07T16:33:00.263+0000] {processor.py:179} INFO - Processing /home/airflow/.local/lib/python3.8/site-packages/airflow/example_dags/tutorial_dag.py took 0.159 seconds
[2023-09-07T16:33:30.638+0000] {processor.py:157} INFO - Started process (PID=15902) to work on /home/airflow/.local/lib/python3.8/site-packages/airflow/example_dags/tutorial_dag.py
[2023-09-07T16:33:30.641+0000] {processor.py:829} INFO - Processing file /home/airflow/.local/lib/python3.8/site-packages/airflow/example_dags/tutorial_dag.py for tasks to queue
[2023-09-07T16:33:30.642+0000] {logging_mixin.py:151} INFO - [2023-09-07T16:33:30.642+0000] {dagbag.py:539} INFO - Filling up the DagBag from /home/airflow/.local/lib/python3.8/site-packages/airflow/example_dags/tutorial_dag.py
[2023-09-07T16:33:30.652+0000] {processor.py:839} INFO - DAG(s) dict_keys(['tutorial_dag']) retrieved from /home/airflow/.local/lib/python3.8/site-packages/airflow/example_dags/tutorial_dag.py
[2023-09-07T16:33:30.686+0000] {logging_mixin.py:151} INFO - [2023-09-07T16:33:30.686+0000] {dag.py:2907} INFO - Sync 1 DAGs
[2023-09-07T16:33:30.696+0000] {logging_mixin.py:151} INFO - [2023-09-07T16:33:30.696+0000] {dag.py:3677} INFO - Setting next_dagrun for tutorial_dag to None, run_after=None
[2023-09-07T16:33:30.713+0000] {processor.py:179} INFO - Processing /home/airflow/.local/lib/python3.8/site-packages/airflow/example_dags/tutorial_dag.py took 0.083 seconds
[2023-09-07T16:34:00.932+0000] {processor.py:157} INFO - Started process (PID=16134) to work on /home/airflow/.local/lib/python3.8/site-packages/airflow/example_dags/tutorial_dag.py
[2023-09-07T16:34:00.936+0000] {processor.py:829} INFO - Processing file /home/airflow/.local/lib/python3.8/site-packages/airflow/example_dags/tutorial_dag.py for tasks to queue
[2023-09-07T16:34:00.939+0000] {logging_mixin.py:151} INFO - [2023-09-07T16:34:00.938+0000] {dagbag.py:539} INFO - Filling up the DagBag from /home/airflow/.local/lib/python3.8/site-packages/airflow/example_dags/tutorial_dag.py
[2023-09-07T16:34:00.965+0000] {processor.py:839} INFO - DAG(s) dict_keys(['tutorial_dag']) retrieved from /home/airflow/.local/lib/python3.8/site-packages/airflow/example_dags/tutorial_dag.py
[2023-09-07T16:34:01.030+0000] {logging_mixin.py:151} INFO - [2023-09-07T16:34:01.029+0000] {dag.py:2907} INFO - Sync 1 DAGs
[2023-09-07T16:34:01.047+0000] {logging_mixin.py:151} INFO - [2023-09-07T16:34:01.047+0000] {dag.py:3677} INFO - Setting next_dagrun for tutorial_dag to None, run_after=None
[2023-09-07T16:34:01.067+0000] {processor.py:179} INFO - Processing /home/airflow/.local/lib/python3.8/site-packages/airflow/example_dags/tutorial_dag.py took 0.144 seconds
[2023-09-07T16:34:32.183+0000] {processor.py:157} INFO - Started process (PID=16372) to work on /home/airflow/.local/lib/python3.8/site-packages/airflow/example_dags/tutorial_dag.py
[2023-09-07T16:34:32.187+0000] {processor.py:829} INFO - Processing file /home/airflow/.local/lib/python3.8/site-packages/airflow/example_dags/tutorial_dag.py for tasks to queue
[2023-09-07T16:34:32.190+0000] {logging_mixin.py:151} INFO - [2023-09-07T16:34:32.189+0000] {dagbag.py:539} INFO - Filling up the DagBag from /home/airflow/.local/lib/python3.8/site-packages/airflow/example_dags/tutorial_dag.py
[2023-09-07T16:34:32.206+0000] {processor.py:839} INFO - DAG(s) dict_keys(['tutorial_dag']) retrieved from /home/airflow/.local/lib/python3.8/site-packages/airflow/example_dags/tutorial_dag.py
[2023-09-07T16:34:32.269+0000] {logging_mixin.py:151} INFO - [2023-09-07T16:34:32.269+0000] {dag.py:2907} INFO - Sync 1 DAGs
[2023-09-07T16:34:32.284+0000] {logging_mixin.py:151} INFO - [2023-09-07T16:34:32.284+0000] {dag.py:3677} INFO - Setting next_dagrun for tutorial_dag to None, run_after=None
[2023-09-07T16:34:32.310+0000] {processor.py:179} INFO - Processing /home/airflow/.local/lib/python3.8/site-packages/airflow/example_dags/tutorial_dag.py took 0.142 seconds
[2023-09-07T16:35:03.258+0000] {processor.py:157} INFO - Started process (PID=16610) to work on /home/airflow/.local/lib/python3.8/site-packages/airflow/example_dags/tutorial_dag.py
[2023-09-07T16:35:03.261+0000] {processor.py:829} INFO - Processing file /home/airflow/.local/lib/python3.8/site-packages/airflow/example_dags/tutorial_dag.py for tasks to queue
[2023-09-07T16:35:03.266+0000] {logging_mixin.py:151} INFO - [2023-09-07T16:35:03.265+0000] {dagbag.py:539} INFO - Filling up the DagBag from /home/airflow/.local/lib/python3.8/site-packages/airflow/example_dags/tutorial_dag.py
[2023-09-07T16:35:03.282+0000] {processor.py:839} INFO - DAG(s) dict_keys(['tutorial_dag']) retrieved from /home/airflow/.local/lib/python3.8/site-packages/airflow/example_dags/tutorial_dag.py
[2023-09-07T16:35:03.345+0000] {logging_mixin.py:151} INFO - [2023-09-07T16:35:03.345+0000] {dag.py:2907} INFO - Sync 1 DAGs
[2023-09-07T16:35:03.386+0000] {logging_mixin.py:151} INFO - [2023-09-07T16:35:03.386+0000] {dag.py:3677} INFO - Setting next_dagrun for tutorial_dag to None, run_after=None
[2023-09-07T16:35:03.418+0000] {processor.py:179} INFO - Processing /home/airflow/.local/lib/python3.8/site-packages/airflow/example_dags/tutorial_dag.py took 0.182 seconds
[2023-09-07T16:35:33.630+0000] {processor.py:157} INFO - Started process (PID=16847) to work on /home/airflow/.local/lib/python3.8/site-packages/airflow/example_dags/tutorial_dag.py
[2023-09-07T16:35:33.633+0000] {processor.py:829} INFO - Processing file /home/airflow/.local/lib/python3.8/site-packages/airflow/example_dags/tutorial_dag.py for tasks to queue
[2023-09-07T16:35:33.635+0000] {logging_mixin.py:151} INFO - [2023-09-07T16:35:33.635+0000] {dagbag.py:539} INFO - Filling up the DagBag from /home/airflow/.local/lib/python3.8/site-packages/airflow/example_dags/tutorial_dag.py
[2023-09-07T16:35:33.663+0000] {processor.py:839} INFO - DAG(s) dict_keys(['tutorial_dag']) retrieved from /home/airflow/.local/lib/python3.8/site-packages/airflow/example_dags/tutorial_dag.py
[2023-09-07T16:35:33.720+0000] {logging_mixin.py:151} INFO - [2023-09-07T16:35:33.720+0000] {dag.py:2907} INFO - Sync 1 DAGs
[2023-09-07T16:35:33.748+0000] {logging_mixin.py:151} INFO - [2023-09-07T16:35:33.748+0000] {dag.py:3677} INFO - Setting next_dagrun for tutorial_dag to None, run_after=None
[2023-09-07T16:35:33.766+0000] {processor.py:179} INFO - Processing /home/airflow/.local/lib/python3.8/site-packages/airflow/example_dags/tutorial_dag.py took 0.146 seconds
