[2023-09-07T15:58:28.000+0000] {processor.py:157} INFO - Started process (PID=357) to work on /home/airflow/.local/lib/python3.8/site-packages/airflow/example_dags/tutorial_taskflow_api_virtualenv.py
[2023-09-07T15:58:28.002+0000] {processor.py:829} INFO - Processing file /home/airflow/.local/lib/python3.8/site-packages/airflow/example_dags/tutorial_taskflow_api_virtualenv.py for tasks to queue
[2023-09-07T15:58:28.003+0000] {logging_mixin.py:151} INFO - [2023-09-07T15:58:28.002+0000] {dagbag.py:539} INFO - Filling up the DagBag from /home/airflow/.local/lib/python3.8/site-packages/airflow/example_dags/tutorial_taskflow_api_virtualenv.py
[2023-09-07T15:58:28.009+0000] {processor.py:839} INFO - DAG(s) dict_keys(['tutorial_taskflow_api_virtualenv']) retrieved from /home/airflow/.local/lib/python3.8/site-packages/airflow/example_dags/tutorial_taskflow_api_virtualenv.py
[2023-09-07T15:58:28.021+0000] {logging_mixin.py:151} INFO - [2023-09-07T15:58:28.021+0000] {dag.py:2907} INFO - Sync 1 DAGs
[2023-09-07T15:58:28.032+0000] {logging_mixin.py:151} INFO - [2023-09-07T15:58:28.032+0000] {dag.py:3677} INFO - Setting next_dagrun for tutorial_taskflow_api_virtualenv to None, run_after=None
[2023-09-07T15:58:28.044+0000] {processor.py:179} INFO - Processing /home/airflow/.local/lib/python3.8/site-packages/airflow/example_dags/tutorial_taskflow_api_virtualenv.py took 0.047 seconds
[2023-09-07T15:58:58.903+0000] {processor.py:157} INFO - Started process (PID=595) to work on /home/airflow/.local/lib/python3.8/site-packages/airflow/example_dags/tutorial_taskflow_api_virtualenv.py
[2023-09-07T15:58:58.905+0000] {processor.py:829} INFO - Processing file /home/airflow/.local/lib/python3.8/site-packages/airflow/example_dags/tutorial_taskflow_api_virtualenv.py for tasks to queue
[2023-09-07T15:58:58.906+0000] {logging_mixin.py:151} INFO - [2023-09-07T15:58:58.905+0000] {dagbag.py:539} INFO - Filling up the DagBag from /home/airflow/.local/lib/python3.8/site-packages/airflow/example_dags/tutorial_taskflow_api_virtualenv.py
[2023-09-07T15:58:58.912+0000] {processor.py:839} INFO - DAG(s) dict_keys(['tutorial_taskflow_api_virtualenv']) retrieved from /home/airflow/.local/lib/python3.8/site-packages/airflow/example_dags/tutorial_taskflow_api_virtualenv.py
[2023-09-07T15:58:58.944+0000] {logging_mixin.py:151} INFO - [2023-09-07T15:58:58.944+0000] {dag.py:2907} INFO - Sync 1 DAGs
[2023-09-07T15:58:58.961+0000] {logging_mixin.py:151} INFO - [2023-09-07T15:58:58.961+0000] {dag.py:3677} INFO - Setting next_dagrun for tutorial_taskflow_api_virtualenv to None, run_after=None
[2023-09-07T15:58:59.109+0000] {processor.py:179} INFO - Processing /home/airflow/.local/lib/python3.8/site-packages/airflow/example_dags/tutorial_taskflow_api_virtualenv.py took 0.211 seconds
[2023-09-07T15:59:31.052+0000] {processor.py:157} INFO - Started process (PID=833) to work on /home/airflow/.local/lib/python3.8/site-packages/airflow/example_dags/tutorial_taskflow_api_virtualenv.py
[2023-09-07T15:59:31.054+0000] {processor.py:829} INFO - Processing file /home/airflow/.local/lib/python3.8/site-packages/airflow/example_dags/tutorial_taskflow_api_virtualenv.py for tasks to queue
[2023-09-07T15:59:31.055+0000] {logging_mixin.py:151} INFO - [2023-09-07T15:59:31.055+0000] {dagbag.py:539} INFO - Filling up the DagBag from /home/airflow/.local/lib/python3.8/site-packages/airflow/example_dags/tutorial_taskflow_api_virtualenv.py
[2023-09-07T15:59:31.061+0000] {processor.py:839} INFO - DAG(s) dict_keys(['tutorial_taskflow_api_virtualenv']) retrieved from /home/airflow/.local/lib/python3.8/site-packages/airflow/example_dags/tutorial_taskflow_api_virtualenv.py
[2023-09-07T15:59:31.080+0000] {logging_mixin.py:151} INFO - [2023-09-07T15:59:31.080+0000] {dag.py:2907} INFO - Sync 1 DAGs
[2023-09-07T15:59:31.091+0000] {logging_mixin.py:151} INFO - [2023-09-07T15:59:31.091+0000] {dag.py:3677} INFO - Setting next_dagrun for tutorial_taskflow_api_virtualenv to None, run_after=None
[2023-09-07T15:59:31.106+0000] {processor.py:179} INFO - Processing /home/airflow/.local/lib/python3.8/site-packages/airflow/example_dags/tutorial_taskflow_api_virtualenv.py took 0.057 seconds
[2023-09-07T16:00:02.266+0000] {processor.py:157} INFO - Started process (PID=1071) to work on /home/airflow/.local/lib/python3.8/site-packages/airflow/example_dags/tutorial_taskflow_api_virtualenv.py
[2023-09-07T16:00:02.268+0000] {processor.py:829} INFO - Processing file /home/airflow/.local/lib/python3.8/site-packages/airflow/example_dags/tutorial_taskflow_api_virtualenv.py for tasks to queue
[2023-09-07T16:00:02.270+0000] {logging_mixin.py:151} INFO - [2023-09-07T16:00:02.269+0000] {dagbag.py:539} INFO - Filling up the DagBag from /home/airflow/.local/lib/python3.8/site-packages/airflow/example_dags/tutorial_taskflow_api_virtualenv.py
[2023-09-07T16:00:02.279+0000] {processor.py:839} INFO - DAG(s) dict_keys(['tutorial_taskflow_api_virtualenv']) retrieved from /home/airflow/.local/lib/python3.8/site-packages/airflow/example_dags/tutorial_taskflow_api_virtualenv.py
[2023-09-07T16:00:02.312+0000] {logging_mixin.py:151} INFO - [2023-09-07T16:00:02.312+0000] {dag.py:2907} INFO - Sync 1 DAGs
[2023-09-07T16:00:02.328+0000] {logging_mixin.py:151} INFO - [2023-09-07T16:00:02.328+0000] {dag.py:3677} INFO - Setting next_dagrun for tutorial_taskflow_api_virtualenv to None, run_after=None
[2023-09-07T16:00:02.371+0000] {processor.py:179} INFO - Processing /home/airflow/.local/lib/python3.8/site-packages/airflow/example_dags/tutorial_taskflow_api_virtualenv.py took 0.109 seconds
[2023-09-07T16:00:38.225+0000] {processor.py:157} INFO - Started process (PID=1310) to work on /home/airflow/.local/lib/python3.8/site-packages/airflow/example_dags/tutorial_taskflow_api_virtualenv.py
[2023-09-07T16:00:38.227+0000] {processor.py:829} INFO - Processing file /home/airflow/.local/lib/python3.8/site-packages/airflow/example_dags/tutorial_taskflow_api_virtualenv.py for tasks to queue
[2023-09-07T16:00:38.229+0000] {logging_mixin.py:151} INFO - [2023-09-07T16:00:38.228+0000] {dagbag.py:539} INFO - Filling up the DagBag from /home/airflow/.local/lib/python3.8/site-packages/airflow/example_dags/tutorial_taskflow_api_virtualenv.py
[2023-09-07T16:00:38.249+0000] {processor.py:839} INFO - DAG(s) dict_keys(['tutorial_taskflow_api_virtualenv']) retrieved from /home/airflow/.local/lib/python3.8/site-packages/airflow/example_dags/tutorial_taskflow_api_virtualenv.py
[2023-09-07T16:00:38.282+0000] {logging_mixin.py:151} INFO - [2023-09-07T16:00:38.281+0000] {dag.py:2907} INFO - Sync 1 DAGs
[2023-09-07T16:00:38.302+0000] {logging_mixin.py:151} INFO - [2023-09-07T16:00:38.302+0000] {dag.py:3677} INFO - Setting next_dagrun for tutorial_taskflow_api_virtualenv to None, run_after=None
[2023-09-07T16:00:38.321+0000] {processor.py:179} INFO - Processing /home/airflow/.local/lib/python3.8/site-packages/airflow/example_dags/tutorial_taskflow_api_virtualenv.py took 0.100 seconds
[2023-09-07T16:01:08.896+0000] {processor.py:157} INFO - Started process (PID=1572) to work on /home/airflow/.local/lib/python3.8/site-packages/airflow/example_dags/tutorial_taskflow_api_virtualenv.py
[2023-09-07T16:01:08.897+0000] {processor.py:829} INFO - Processing file /home/airflow/.local/lib/python3.8/site-packages/airflow/example_dags/tutorial_taskflow_api_virtualenv.py for tasks to queue
[2023-09-07T16:01:08.898+0000] {logging_mixin.py:151} INFO - [2023-09-07T16:01:08.898+0000] {dagbag.py:539} INFO - Filling up the DagBag from /home/airflow/.local/lib/python3.8/site-packages/airflow/example_dags/tutorial_taskflow_api_virtualenv.py
[2023-09-07T16:01:08.905+0000] {processor.py:839} INFO - DAG(s) dict_keys(['tutorial_taskflow_api_virtualenv']) retrieved from /home/airflow/.local/lib/python3.8/site-packages/airflow/example_dags/tutorial_taskflow_api_virtualenv.py
[2023-09-07T16:01:08.929+0000] {logging_mixin.py:151} INFO - [2023-09-07T16:01:08.928+0000] {dag.py:2907} INFO - Sync 1 DAGs
[2023-09-07T16:01:08.941+0000] {logging_mixin.py:151} INFO - [2023-09-07T16:01:08.940+0000] {dag.py:3677} INFO - Setting next_dagrun for tutorial_taskflow_api_virtualenv to None, run_after=None
[2023-09-07T16:01:08.952+0000] {processor.py:179} INFO - Processing /home/airflow/.local/lib/python3.8/site-packages/airflow/example_dags/tutorial_taskflow_api_virtualenv.py took 0.059 seconds
[2023-09-07T16:01:39.711+0000] {processor.py:157} INFO - Started process (PID=1808) to work on /home/airflow/.local/lib/python3.8/site-packages/airflow/example_dags/tutorial_taskflow_api_virtualenv.py
[2023-09-07T16:01:39.714+0000] {processor.py:829} INFO - Processing file /home/airflow/.local/lib/python3.8/site-packages/airflow/example_dags/tutorial_taskflow_api_virtualenv.py for tasks to queue
[2023-09-07T16:01:39.716+0000] {logging_mixin.py:151} INFO - [2023-09-07T16:01:39.715+0000] {dagbag.py:539} INFO - Filling up the DagBag from /home/airflow/.local/lib/python3.8/site-packages/airflow/example_dags/tutorial_taskflow_api_virtualenv.py
[2023-09-07T16:01:39.729+0000] {processor.py:839} INFO - DAG(s) dict_keys(['tutorial_taskflow_api_virtualenv']) retrieved from /home/airflow/.local/lib/python3.8/site-packages/airflow/example_dags/tutorial_taskflow_api_virtualenv.py
[2023-09-07T16:01:39.759+0000] {logging_mixin.py:151} INFO - [2023-09-07T16:01:39.759+0000] {dag.py:2907} INFO - Sync 1 DAGs
[2023-09-07T16:01:39.781+0000] {logging_mixin.py:151} INFO - [2023-09-07T16:01:39.780+0000] {dag.py:3677} INFO - Setting next_dagrun for tutorial_taskflow_api_virtualenv to None, run_after=None
[2023-09-07T16:01:39.833+0000] {processor.py:179} INFO - Processing /home/airflow/.local/lib/python3.8/site-packages/airflow/example_dags/tutorial_taskflow_api_virtualenv.py took 0.126 seconds
[2023-09-07T16:02:10.946+0000] {processor.py:157} INFO - Started process (PID=2046) to work on /home/airflow/.local/lib/python3.8/site-packages/airflow/example_dags/tutorial_taskflow_api_virtualenv.py
[2023-09-07T16:02:10.948+0000] {processor.py:829} INFO - Processing file /home/airflow/.local/lib/python3.8/site-packages/airflow/example_dags/tutorial_taskflow_api_virtualenv.py for tasks to queue
[2023-09-07T16:02:10.949+0000] {logging_mixin.py:151} INFO - [2023-09-07T16:02:10.949+0000] {dagbag.py:539} INFO - Filling up the DagBag from /home/airflow/.local/lib/python3.8/site-packages/airflow/example_dags/tutorial_taskflow_api_virtualenv.py
[2023-09-07T16:02:10.955+0000] {processor.py:839} INFO - DAG(s) dict_keys(['tutorial_taskflow_api_virtualenv']) retrieved from /home/airflow/.local/lib/python3.8/site-packages/airflow/example_dags/tutorial_taskflow_api_virtualenv.py
[2023-09-07T16:02:10.974+0000] {logging_mixin.py:151} INFO - [2023-09-07T16:02:10.973+0000] {dag.py:2907} INFO - Sync 1 DAGs
[2023-09-07T16:02:10.983+0000] {logging_mixin.py:151} INFO - [2023-09-07T16:02:10.983+0000] {dag.py:3677} INFO - Setting next_dagrun for tutorial_taskflow_api_virtualenv to None, run_after=None
[2023-09-07T16:02:10.995+0000] {processor.py:179} INFO - Processing /home/airflow/.local/lib/python3.8/site-packages/airflow/example_dags/tutorial_taskflow_api_virtualenv.py took 0.051 seconds
[2023-09-07T16:02:41.967+0000] {processor.py:157} INFO - Started process (PID=2284) to work on /home/airflow/.local/lib/python3.8/site-packages/airflow/example_dags/tutorial_taskflow_api_virtualenv.py
[2023-09-07T16:02:41.969+0000] {processor.py:829} INFO - Processing file /home/airflow/.local/lib/python3.8/site-packages/airflow/example_dags/tutorial_taskflow_api_virtualenv.py for tasks to queue
[2023-09-07T16:02:41.970+0000] {logging_mixin.py:151} INFO - [2023-09-07T16:02:41.970+0000] {dagbag.py:539} INFO - Filling up the DagBag from /home/airflow/.local/lib/python3.8/site-packages/airflow/example_dags/tutorial_taskflow_api_virtualenv.py
[2023-09-07T16:02:41.977+0000] {processor.py:839} INFO - DAG(s) dict_keys(['tutorial_taskflow_api_virtualenv']) retrieved from /home/airflow/.local/lib/python3.8/site-packages/airflow/example_dags/tutorial_taskflow_api_virtualenv.py
[2023-09-07T16:02:41.996+0000] {logging_mixin.py:151} INFO - [2023-09-07T16:02:41.996+0000] {dag.py:2907} INFO - Sync 1 DAGs
[2023-09-07T16:02:42.006+0000] {logging_mixin.py:151} INFO - [2023-09-07T16:02:42.005+0000] {dag.py:3677} INFO - Setting next_dagrun for tutorial_taskflow_api_virtualenv to None, run_after=None
[2023-09-07T16:02:42.018+0000] {processor.py:179} INFO - Processing /home/airflow/.local/lib/python3.8/site-packages/airflow/example_dags/tutorial_taskflow_api_virtualenv.py took 0.054 seconds
[2023-09-07T16:03:12.423+0000] {processor.py:157} INFO - Started process (PID=2522) to work on /home/airflow/.local/lib/python3.8/site-packages/airflow/example_dags/tutorial_taskflow_api_virtualenv.py
[2023-09-07T16:03:12.425+0000] {processor.py:829} INFO - Processing file /home/airflow/.local/lib/python3.8/site-packages/airflow/example_dags/tutorial_taskflow_api_virtualenv.py for tasks to queue
[2023-09-07T16:03:12.429+0000] {logging_mixin.py:151} INFO - [2023-09-07T16:03:12.428+0000] {dagbag.py:539} INFO - Filling up the DagBag from /home/airflow/.local/lib/python3.8/site-packages/airflow/example_dags/tutorial_taskflow_api_virtualenv.py
[2023-09-07T16:03:12.441+0000] {processor.py:839} INFO - DAG(s) dict_keys(['tutorial_taskflow_api_virtualenv']) retrieved from /home/airflow/.local/lib/python3.8/site-packages/airflow/example_dags/tutorial_taskflow_api_virtualenv.py
[2023-09-07T16:03:12.476+0000] {logging_mixin.py:151} INFO - [2023-09-07T16:03:12.475+0000] {dag.py:2907} INFO - Sync 1 DAGs
[2023-09-07T16:03:12.486+0000] {logging_mixin.py:151} INFO - [2023-09-07T16:03:12.486+0000] {dag.py:3677} INFO - Setting next_dagrun for tutorial_taskflow_api_virtualenv to None, run_after=None
[2023-09-07T16:03:12.501+0000] {processor.py:179} INFO - Processing /home/airflow/.local/lib/python3.8/site-packages/airflow/example_dags/tutorial_taskflow_api_virtualenv.py took 0.082 seconds
[2023-09-07T16:03:43.311+0000] {processor.py:157} INFO - Started process (PID=2762) to work on /home/airflow/.local/lib/python3.8/site-packages/airflow/example_dags/tutorial_taskflow_api_virtualenv.py
[2023-09-07T16:03:43.312+0000] {processor.py:829} INFO - Processing file /home/airflow/.local/lib/python3.8/site-packages/airflow/example_dags/tutorial_taskflow_api_virtualenv.py for tasks to queue
[2023-09-07T16:03:43.313+0000] {logging_mixin.py:151} INFO - [2023-09-07T16:03:43.313+0000] {dagbag.py:539} INFO - Filling up the DagBag from /home/airflow/.local/lib/python3.8/site-packages/airflow/example_dags/tutorial_taskflow_api_virtualenv.py
[2023-09-07T16:03:43.319+0000] {processor.py:839} INFO - DAG(s) dict_keys(['tutorial_taskflow_api_virtualenv']) retrieved from /home/airflow/.local/lib/python3.8/site-packages/airflow/example_dags/tutorial_taskflow_api_virtualenv.py
[2023-09-07T16:03:43.336+0000] {logging_mixin.py:151} INFO - [2023-09-07T16:03:43.336+0000] {dag.py:2907} INFO - Sync 1 DAGs
[2023-09-07T16:03:43.346+0000] {logging_mixin.py:151} INFO - [2023-09-07T16:03:43.346+0000] {dag.py:3677} INFO - Setting next_dagrun for tutorial_taskflow_api_virtualenv to None, run_after=None
[2023-09-07T16:03:43.357+0000] {processor.py:179} INFO - Processing /home/airflow/.local/lib/python3.8/site-packages/airflow/example_dags/tutorial_taskflow_api_virtualenv.py took 0.049 seconds
[2023-09-07T16:04:14.147+0000] {processor.py:157} INFO - Started process (PID=2998) to work on /home/airflow/.local/lib/python3.8/site-packages/airflow/example_dags/tutorial_taskflow_api_virtualenv.py
[2023-09-07T16:04:14.149+0000] {processor.py:829} INFO - Processing file /home/airflow/.local/lib/python3.8/site-packages/airflow/example_dags/tutorial_taskflow_api_virtualenv.py for tasks to queue
[2023-09-07T16:04:14.150+0000] {logging_mixin.py:151} INFO - [2023-09-07T16:04:14.149+0000] {dagbag.py:539} INFO - Filling up the DagBag from /home/airflow/.local/lib/python3.8/site-packages/airflow/example_dags/tutorial_taskflow_api_virtualenv.py
[2023-09-07T16:04:14.157+0000] {processor.py:839} INFO - DAG(s) dict_keys(['tutorial_taskflow_api_virtualenv']) retrieved from /home/airflow/.local/lib/python3.8/site-packages/airflow/example_dags/tutorial_taskflow_api_virtualenv.py
[2023-09-07T16:04:14.176+0000] {logging_mixin.py:151} INFO - [2023-09-07T16:04:14.176+0000] {dag.py:2907} INFO - Sync 1 DAGs
[2023-09-07T16:04:14.184+0000] {logging_mixin.py:151} INFO - [2023-09-07T16:04:14.184+0000] {dag.py:3677} INFO - Setting next_dagrun for tutorial_taskflow_api_virtualenv to None, run_after=None
[2023-09-07T16:04:14.196+0000] {processor.py:179} INFO - Processing /home/airflow/.local/lib/python3.8/site-packages/airflow/example_dags/tutorial_taskflow_api_virtualenv.py took 0.054 seconds
[2023-09-07T16:04:44.538+0000] {processor.py:157} INFO - Started process (PID=3236) to work on /home/airflow/.local/lib/python3.8/site-packages/airflow/example_dags/tutorial_taskflow_api_virtualenv.py
[2023-09-07T16:04:44.539+0000] {processor.py:829} INFO - Processing file /home/airflow/.local/lib/python3.8/site-packages/airflow/example_dags/tutorial_taskflow_api_virtualenv.py for tasks to queue
[2023-09-07T16:04:44.540+0000] {logging_mixin.py:151} INFO - [2023-09-07T16:04:44.540+0000] {dagbag.py:539} INFO - Filling up the DagBag from /home/airflow/.local/lib/python3.8/site-packages/airflow/example_dags/tutorial_taskflow_api_virtualenv.py
[2023-09-07T16:04:44.546+0000] {processor.py:839} INFO - DAG(s) dict_keys(['tutorial_taskflow_api_virtualenv']) retrieved from /home/airflow/.local/lib/python3.8/site-packages/airflow/example_dags/tutorial_taskflow_api_virtualenv.py
[2023-09-07T16:04:44.572+0000] {logging_mixin.py:151} INFO - [2023-09-07T16:04:44.571+0000] {dag.py:2907} INFO - Sync 1 DAGs
[2023-09-07T16:04:44.581+0000] {logging_mixin.py:151} INFO - [2023-09-07T16:04:44.581+0000] {dag.py:3677} INFO - Setting next_dagrun for tutorial_taskflow_api_virtualenv to None, run_after=None
[2023-09-07T16:04:44.596+0000] {processor.py:179} INFO - Processing /home/airflow/.local/lib/python3.8/site-packages/airflow/example_dags/tutorial_taskflow_api_virtualenv.py took 0.061 seconds
[2023-09-07T16:05:14.837+0000] {processor.py:157} INFO - Started process (PID=3474) to work on /home/airflow/.local/lib/python3.8/site-packages/airflow/example_dags/tutorial_taskflow_api_virtualenv.py
[2023-09-07T16:05:14.838+0000] {processor.py:829} INFO - Processing file /home/airflow/.local/lib/python3.8/site-packages/airflow/example_dags/tutorial_taskflow_api_virtualenv.py for tasks to queue
[2023-09-07T16:05:14.840+0000] {logging_mixin.py:151} INFO - [2023-09-07T16:05:14.840+0000] {dagbag.py:539} INFO - Filling up the DagBag from /home/airflow/.local/lib/python3.8/site-packages/airflow/example_dags/tutorial_taskflow_api_virtualenv.py
[2023-09-07T16:05:14.848+0000] {processor.py:839} INFO - DAG(s) dict_keys(['tutorial_taskflow_api_virtualenv']) retrieved from /home/airflow/.local/lib/python3.8/site-packages/airflow/example_dags/tutorial_taskflow_api_virtualenv.py
[2023-09-07T16:05:14.874+0000] {logging_mixin.py:151} INFO - [2023-09-07T16:05:14.874+0000] {dag.py:2907} INFO - Sync 1 DAGs
[2023-09-07T16:05:14.886+0000] {logging_mixin.py:151} INFO - [2023-09-07T16:05:14.886+0000] {dag.py:3677} INFO - Setting next_dagrun for tutorial_taskflow_api_virtualenv to None, run_after=None
[2023-09-07T16:05:14.900+0000] {processor.py:179} INFO - Processing /home/airflow/.local/lib/python3.8/site-packages/airflow/example_dags/tutorial_taskflow_api_virtualenv.py took 0.067 seconds
[2023-09-07T16:05:45.490+0000] {processor.py:157} INFO - Started process (PID=3713) to work on /home/airflow/.local/lib/python3.8/site-packages/airflow/example_dags/tutorial_taskflow_api_virtualenv.py
[2023-09-07T16:05:45.491+0000] {processor.py:829} INFO - Processing file /home/airflow/.local/lib/python3.8/site-packages/airflow/example_dags/tutorial_taskflow_api_virtualenv.py for tasks to queue
[2023-09-07T16:05:45.492+0000] {logging_mixin.py:151} INFO - [2023-09-07T16:05:45.492+0000] {dagbag.py:539} INFO - Filling up the DagBag from /home/airflow/.local/lib/python3.8/site-packages/airflow/example_dags/tutorial_taskflow_api_virtualenv.py
[2023-09-07T16:05:45.499+0000] {processor.py:839} INFO - DAG(s) dict_keys(['tutorial_taskflow_api_virtualenv']) retrieved from /home/airflow/.local/lib/python3.8/site-packages/airflow/example_dags/tutorial_taskflow_api_virtualenv.py
[2023-09-07T16:05:45.518+0000] {logging_mixin.py:151} INFO - [2023-09-07T16:05:45.518+0000] {dag.py:2907} INFO - Sync 1 DAGs
[2023-09-07T16:05:45.527+0000] {logging_mixin.py:151} INFO - [2023-09-07T16:05:45.527+0000] {dag.py:3677} INFO - Setting next_dagrun for tutorial_taskflow_api_virtualenv to None, run_after=None
[2023-09-07T16:05:45.559+0000] {processor.py:179} INFO - Processing /home/airflow/.local/lib/python3.8/site-packages/airflow/example_dags/tutorial_taskflow_api_virtualenv.py took 0.073 seconds
[2023-09-07T16:06:15.828+0000] {processor.py:157} INFO - Started process (PID=3951) to work on /home/airflow/.local/lib/python3.8/site-packages/airflow/example_dags/tutorial_taskflow_api_virtualenv.py
[2023-09-07T16:06:15.830+0000] {processor.py:829} INFO - Processing file /home/airflow/.local/lib/python3.8/site-packages/airflow/example_dags/tutorial_taskflow_api_virtualenv.py for tasks to queue
[2023-09-07T16:06:15.831+0000] {logging_mixin.py:151} INFO - [2023-09-07T16:06:15.831+0000] {dagbag.py:539} INFO - Filling up the DagBag from /home/airflow/.local/lib/python3.8/site-packages/airflow/example_dags/tutorial_taskflow_api_virtualenv.py
[2023-09-07T16:06:15.839+0000] {processor.py:839} INFO - DAG(s) dict_keys(['tutorial_taskflow_api_virtualenv']) retrieved from /home/airflow/.local/lib/python3.8/site-packages/airflow/example_dags/tutorial_taskflow_api_virtualenv.py
[2023-09-07T16:06:15.887+0000] {logging_mixin.py:151} INFO - [2023-09-07T16:06:15.886+0000] {dag.py:2907} INFO - Sync 1 DAGs
[2023-09-07T16:06:15.902+0000] {logging_mixin.py:151} INFO - [2023-09-07T16:06:15.901+0000] {dag.py:3677} INFO - Setting next_dagrun for tutorial_taskflow_api_virtualenv to None, run_after=None
[2023-09-07T16:06:15.922+0000] {processor.py:179} INFO - Processing /home/airflow/.local/lib/python3.8/site-packages/airflow/example_dags/tutorial_taskflow_api_virtualenv.py took 0.100 seconds
[2023-09-07T16:06:47.681+0000] {processor.py:157} INFO - Started process (PID=4196) to work on /home/airflow/.local/lib/python3.8/site-packages/airflow/example_dags/tutorial_taskflow_api_virtualenv.py
[2023-09-07T16:06:47.683+0000] {processor.py:829} INFO - Processing file /home/airflow/.local/lib/python3.8/site-packages/airflow/example_dags/tutorial_taskflow_api_virtualenv.py for tasks to queue
[2023-09-07T16:06:47.684+0000] {logging_mixin.py:151} INFO - [2023-09-07T16:06:47.684+0000] {dagbag.py:539} INFO - Filling up the DagBag from /home/airflow/.local/lib/python3.8/site-packages/airflow/example_dags/tutorial_taskflow_api_virtualenv.py
[2023-09-07T16:06:47.693+0000] {processor.py:839} INFO - DAG(s) dict_keys(['tutorial_taskflow_api_virtualenv']) retrieved from /home/airflow/.local/lib/python3.8/site-packages/airflow/example_dags/tutorial_taskflow_api_virtualenv.py
[2023-09-07T16:06:47.734+0000] {logging_mixin.py:151} INFO - [2023-09-07T16:06:47.734+0000] {dag.py:2907} INFO - Sync 1 DAGs
[2023-09-07T16:06:47.750+0000] {logging_mixin.py:151} INFO - [2023-09-07T16:06:47.749+0000] {dag.py:3677} INFO - Setting next_dagrun for tutorial_taskflow_api_virtualenv to None, run_after=None
[2023-09-07T16:06:47.772+0000] {processor.py:179} INFO - Processing /home/airflow/.local/lib/python3.8/site-packages/airflow/example_dags/tutorial_taskflow_api_virtualenv.py took 0.095 seconds
[2023-09-07T16:07:18.019+0000] {processor.py:157} INFO - Started process (PID=4431) to work on /home/airflow/.local/lib/python3.8/site-packages/airflow/example_dags/tutorial_taskflow_api_virtualenv.py
[2023-09-07T16:07:18.020+0000] {processor.py:829} INFO - Processing file /home/airflow/.local/lib/python3.8/site-packages/airflow/example_dags/tutorial_taskflow_api_virtualenv.py for tasks to queue
[2023-09-07T16:07:18.021+0000] {logging_mixin.py:151} INFO - [2023-09-07T16:07:18.021+0000] {dagbag.py:539} INFO - Filling up the DagBag from /home/airflow/.local/lib/python3.8/site-packages/airflow/example_dags/tutorial_taskflow_api_virtualenv.py
[2023-09-07T16:07:18.031+0000] {processor.py:839} INFO - DAG(s) dict_keys(['tutorial_taskflow_api_virtualenv']) retrieved from /home/airflow/.local/lib/python3.8/site-packages/airflow/example_dags/tutorial_taskflow_api_virtualenv.py
[2023-09-07T16:07:18.048+0000] {logging_mixin.py:151} INFO - [2023-09-07T16:07:18.048+0000] {dag.py:2907} INFO - Sync 1 DAGs
[2023-09-07T16:07:18.057+0000] {logging_mixin.py:151} INFO - [2023-09-07T16:07:18.057+0000] {dag.py:3677} INFO - Setting next_dagrun for tutorial_taskflow_api_virtualenv to None, run_after=None
[2023-09-07T16:07:18.067+0000] {processor.py:179} INFO - Processing /home/airflow/.local/lib/python3.8/site-packages/airflow/example_dags/tutorial_taskflow_api_virtualenv.py took 0.051 seconds
[2023-09-07T16:07:48.140+0000] {processor.py:157} INFO - Started process (PID=4669) to work on /home/airflow/.local/lib/python3.8/site-packages/airflow/example_dags/tutorial_taskflow_api_virtualenv.py
[2023-09-07T16:07:48.142+0000] {processor.py:829} INFO - Processing file /home/airflow/.local/lib/python3.8/site-packages/airflow/example_dags/tutorial_taskflow_api_virtualenv.py for tasks to queue
[2023-09-07T16:07:48.143+0000] {logging_mixin.py:151} INFO - [2023-09-07T16:07:48.142+0000] {dagbag.py:539} INFO - Filling up the DagBag from /home/airflow/.local/lib/python3.8/site-packages/airflow/example_dags/tutorial_taskflow_api_virtualenv.py
[2023-09-07T16:07:48.149+0000] {processor.py:839} INFO - DAG(s) dict_keys(['tutorial_taskflow_api_virtualenv']) retrieved from /home/airflow/.local/lib/python3.8/site-packages/airflow/example_dags/tutorial_taskflow_api_virtualenv.py
[2023-09-07T16:07:48.166+0000] {logging_mixin.py:151} INFO - [2023-09-07T16:07:48.166+0000] {dag.py:2907} INFO - Sync 1 DAGs
[2023-09-07T16:07:48.175+0000] {logging_mixin.py:151} INFO - [2023-09-07T16:07:48.175+0000] {dag.py:3677} INFO - Setting next_dagrun for tutorial_taskflow_api_virtualenv to None, run_after=None
[2023-09-07T16:07:48.185+0000] {processor.py:179} INFO - Processing /home/airflow/.local/lib/python3.8/site-packages/airflow/example_dags/tutorial_taskflow_api_virtualenv.py took 0.048 seconds
[2023-09-07T16:08:18.720+0000] {processor.py:157} INFO - Started process (PID=4907) to work on /home/airflow/.local/lib/python3.8/site-packages/airflow/example_dags/tutorial_taskflow_api_virtualenv.py
[2023-09-07T16:08:18.721+0000] {processor.py:829} INFO - Processing file /home/airflow/.local/lib/python3.8/site-packages/airflow/example_dags/tutorial_taskflow_api_virtualenv.py for tasks to queue
[2023-09-07T16:08:18.722+0000] {logging_mixin.py:151} INFO - [2023-09-07T16:08:18.722+0000] {dagbag.py:539} INFO - Filling up the DagBag from /home/airflow/.local/lib/python3.8/site-packages/airflow/example_dags/tutorial_taskflow_api_virtualenv.py
[2023-09-07T16:08:18.731+0000] {processor.py:839} INFO - DAG(s) dict_keys(['tutorial_taskflow_api_virtualenv']) retrieved from /home/airflow/.local/lib/python3.8/site-packages/airflow/example_dags/tutorial_taskflow_api_virtualenv.py
[2023-09-07T16:08:18.750+0000] {logging_mixin.py:151} INFO - [2023-09-07T16:08:18.750+0000] {dag.py:2907} INFO - Sync 1 DAGs
[2023-09-07T16:08:18.761+0000] {logging_mixin.py:151} INFO - [2023-09-07T16:08:18.760+0000] {dag.py:3677} INFO - Setting next_dagrun for tutorial_taskflow_api_virtualenv to None, run_after=None
[2023-09-07T16:08:18.781+0000] {processor.py:179} INFO - Processing /home/airflow/.local/lib/python3.8/site-packages/airflow/example_dags/tutorial_taskflow_api_virtualenv.py took 0.063 seconds
[2023-09-07T16:08:49.788+0000] {processor.py:157} INFO - Started process (PID=5145) to work on /home/airflow/.local/lib/python3.8/site-packages/airflow/example_dags/tutorial_taskflow_api_virtualenv.py
[2023-09-07T16:08:49.789+0000] {processor.py:829} INFO - Processing file /home/airflow/.local/lib/python3.8/site-packages/airflow/example_dags/tutorial_taskflow_api_virtualenv.py for tasks to queue
[2023-09-07T16:08:49.789+0000] {logging_mixin.py:151} INFO - [2023-09-07T16:08:49.789+0000] {dagbag.py:539} INFO - Filling up the DagBag from /home/airflow/.local/lib/python3.8/site-packages/airflow/example_dags/tutorial_taskflow_api_virtualenv.py
[2023-09-07T16:08:49.795+0000] {processor.py:839} INFO - DAG(s) dict_keys(['tutorial_taskflow_api_virtualenv']) retrieved from /home/airflow/.local/lib/python3.8/site-packages/airflow/example_dags/tutorial_taskflow_api_virtualenv.py
[2023-09-07T16:08:49.811+0000] {logging_mixin.py:151} INFO - [2023-09-07T16:08:49.811+0000] {dag.py:2907} INFO - Sync 1 DAGs
[2023-09-07T16:08:49.819+0000] {logging_mixin.py:151} INFO - [2023-09-07T16:08:49.819+0000] {dag.py:3677} INFO - Setting next_dagrun for tutorial_taskflow_api_virtualenv to None, run_after=None
[2023-09-07T16:08:49.828+0000] {processor.py:179} INFO - Processing /home/airflow/.local/lib/python3.8/site-packages/airflow/example_dags/tutorial_taskflow_api_virtualenv.py took 0.043 seconds
[2023-09-07T16:09:20.709+0000] {processor.py:157} INFO - Started process (PID=5383) to work on /home/airflow/.local/lib/python3.8/site-packages/airflow/example_dags/tutorial_taskflow_api_virtualenv.py
[2023-09-07T16:09:20.710+0000] {processor.py:829} INFO - Processing file /home/airflow/.local/lib/python3.8/site-packages/airflow/example_dags/tutorial_taskflow_api_virtualenv.py for tasks to queue
[2023-09-07T16:09:20.711+0000] {logging_mixin.py:151} INFO - [2023-09-07T16:09:20.711+0000] {dagbag.py:539} INFO - Filling up the DagBag from /home/airflow/.local/lib/python3.8/site-packages/airflow/example_dags/tutorial_taskflow_api_virtualenv.py
[2023-09-07T16:09:20.717+0000] {processor.py:839} INFO - DAG(s) dict_keys(['tutorial_taskflow_api_virtualenv']) retrieved from /home/airflow/.local/lib/python3.8/site-packages/airflow/example_dags/tutorial_taskflow_api_virtualenv.py
[2023-09-07T16:09:20.739+0000] {logging_mixin.py:151} INFO - [2023-09-07T16:09:20.739+0000] {dag.py:2907} INFO - Sync 1 DAGs
[2023-09-07T16:09:20.748+0000] {logging_mixin.py:151} INFO - [2023-09-07T16:09:20.748+0000] {dag.py:3677} INFO - Setting next_dagrun for tutorial_taskflow_api_virtualenv to None, run_after=None
[2023-09-07T16:09:20.758+0000] {processor.py:179} INFO - Processing /home/airflow/.local/lib/python3.8/site-packages/airflow/example_dags/tutorial_taskflow_api_virtualenv.py took 0.052 seconds
[2023-09-07T16:09:51.132+0000] {processor.py:157} INFO - Started process (PID=5621) to work on /home/airflow/.local/lib/python3.8/site-packages/airflow/example_dags/tutorial_taskflow_api_virtualenv.py
[2023-09-07T16:09:51.133+0000] {processor.py:829} INFO - Processing file /home/airflow/.local/lib/python3.8/site-packages/airflow/example_dags/tutorial_taskflow_api_virtualenv.py for tasks to queue
[2023-09-07T16:09:51.134+0000] {logging_mixin.py:151} INFO - [2023-09-07T16:09:51.134+0000] {dagbag.py:539} INFO - Filling up the DagBag from /home/airflow/.local/lib/python3.8/site-packages/airflow/example_dags/tutorial_taskflow_api_virtualenv.py
[2023-09-07T16:09:51.139+0000] {processor.py:839} INFO - DAG(s) dict_keys(['tutorial_taskflow_api_virtualenv']) retrieved from /home/airflow/.local/lib/python3.8/site-packages/airflow/example_dags/tutorial_taskflow_api_virtualenv.py
[2023-09-07T16:09:51.155+0000] {logging_mixin.py:151} INFO - [2023-09-07T16:09:51.155+0000] {dag.py:2907} INFO - Sync 1 DAGs
[2023-09-07T16:09:51.163+0000] {logging_mixin.py:151} INFO - [2023-09-07T16:09:51.163+0000] {dag.py:3677} INFO - Setting next_dagrun for tutorial_taskflow_api_virtualenv to None, run_after=None
[2023-09-07T16:09:51.172+0000] {processor.py:179} INFO - Processing /home/airflow/.local/lib/python3.8/site-packages/airflow/example_dags/tutorial_taskflow_api_virtualenv.py took 0.042 seconds
[2023-09-07T16:10:22.206+0000] {processor.py:157} INFO - Started process (PID=5858) to work on /home/airflow/.local/lib/python3.8/site-packages/airflow/example_dags/tutorial_taskflow_api_virtualenv.py
[2023-09-07T16:10:22.207+0000] {processor.py:829} INFO - Processing file /home/airflow/.local/lib/python3.8/site-packages/airflow/example_dags/tutorial_taskflow_api_virtualenv.py for tasks to queue
[2023-09-07T16:10:22.208+0000] {logging_mixin.py:151} INFO - [2023-09-07T16:10:22.208+0000] {dagbag.py:539} INFO - Filling up the DagBag from /home/airflow/.local/lib/python3.8/site-packages/airflow/example_dags/tutorial_taskflow_api_virtualenv.py
[2023-09-07T16:10:22.213+0000] {processor.py:839} INFO - DAG(s) dict_keys(['tutorial_taskflow_api_virtualenv']) retrieved from /home/airflow/.local/lib/python3.8/site-packages/airflow/example_dags/tutorial_taskflow_api_virtualenv.py
[2023-09-07T16:10:22.230+0000] {logging_mixin.py:151} INFO - [2023-09-07T16:10:22.230+0000] {dag.py:2907} INFO - Sync 1 DAGs
[2023-09-07T16:10:22.238+0000] {logging_mixin.py:151} INFO - [2023-09-07T16:10:22.238+0000] {dag.py:3677} INFO - Setting next_dagrun for tutorial_taskflow_api_virtualenv to None, run_after=None
[2023-09-07T16:10:22.249+0000] {processor.py:179} INFO - Processing /home/airflow/.local/lib/python3.8/site-packages/airflow/example_dags/tutorial_taskflow_api_virtualenv.py took 0.046 seconds
[2023-09-07T16:10:53.291+0000] {processor.py:157} INFO - Started process (PID=6096) to work on /home/airflow/.local/lib/python3.8/site-packages/airflow/example_dags/tutorial_taskflow_api_virtualenv.py
[2023-09-07T16:10:53.292+0000] {processor.py:829} INFO - Processing file /home/airflow/.local/lib/python3.8/site-packages/airflow/example_dags/tutorial_taskflow_api_virtualenv.py for tasks to queue
[2023-09-07T16:10:53.293+0000] {logging_mixin.py:151} INFO - [2023-09-07T16:10:53.293+0000] {dagbag.py:539} INFO - Filling up the DagBag from /home/airflow/.local/lib/python3.8/site-packages/airflow/example_dags/tutorial_taskflow_api_virtualenv.py
[2023-09-07T16:10:53.300+0000] {processor.py:839} INFO - DAG(s) dict_keys(['tutorial_taskflow_api_virtualenv']) retrieved from /home/airflow/.local/lib/python3.8/site-packages/airflow/example_dags/tutorial_taskflow_api_virtualenv.py
[2023-09-07T16:10:53.318+0000] {logging_mixin.py:151} INFO - [2023-09-07T16:10:53.318+0000] {dag.py:2907} INFO - Sync 1 DAGs
[2023-09-07T16:10:53.327+0000] {logging_mixin.py:151} INFO - [2023-09-07T16:10:53.326+0000] {dag.py:3677} INFO - Setting next_dagrun for tutorial_taskflow_api_virtualenv to None, run_after=None
[2023-09-07T16:10:53.336+0000] {processor.py:179} INFO - Processing /home/airflow/.local/lib/python3.8/site-packages/airflow/example_dags/tutorial_taskflow_api_virtualenv.py took 0.050 seconds
[2023-09-07T16:11:23.510+0000] {processor.py:157} INFO - Started process (PID=6334) to work on /home/airflow/.local/lib/python3.8/site-packages/airflow/example_dags/tutorial_taskflow_api_virtualenv.py
[2023-09-07T16:11:23.511+0000] {processor.py:829} INFO - Processing file /home/airflow/.local/lib/python3.8/site-packages/airflow/example_dags/tutorial_taskflow_api_virtualenv.py for tasks to queue
[2023-09-07T16:11:23.512+0000] {logging_mixin.py:151} INFO - [2023-09-07T16:11:23.511+0000] {dagbag.py:539} INFO - Filling up the DagBag from /home/airflow/.local/lib/python3.8/site-packages/airflow/example_dags/tutorial_taskflow_api_virtualenv.py
[2023-09-07T16:11:23.517+0000] {processor.py:839} INFO - DAG(s) dict_keys(['tutorial_taskflow_api_virtualenv']) retrieved from /home/airflow/.local/lib/python3.8/site-packages/airflow/example_dags/tutorial_taskflow_api_virtualenv.py
[2023-09-07T16:11:23.537+0000] {logging_mixin.py:151} INFO - [2023-09-07T16:11:23.537+0000] {dag.py:2907} INFO - Sync 1 DAGs
[2023-09-07T16:11:23.545+0000] {logging_mixin.py:151} INFO - [2023-09-07T16:11:23.545+0000] {dag.py:3677} INFO - Setting next_dagrun for tutorial_taskflow_api_virtualenv to None, run_after=None
[2023-09-07T16:11:23.555+0000] {processor.py:179} INFO - Processing /home/airflow/.local/lib/python3.8/site-packages/airflow/example_dags/tutorial_taskflow_api_virtualenv.py took 0.048 seconds
[2023-09-07T16:11:54.487+0000] {processor.py:157} INFO - Started process (PID=6572) to work on /home/airflow/.local/lib/python3.8/site-packages/airflow/example_dags/tutorial_taskflow_api_virtualenv.py
[2023-09-07T16:11:54.493+0000] {processor.py:829} INFO - Processing file /home/airflow/.local/lib/python3.8/site-packages/airflow/example_dags/tutorial_taskflow_api_virtualenv.py for tasks to queue
[2023-09-07T16:11:54.495+0000] {logging_mixin.py:151} INFO - [2023-09-07T16:11:54.494+0000] {dagbag.py:539} INFO - Filling up the DagBag from /home/airflow/.local/lib/python3.8/site-packages/airflow/example_dags/tutorial_taskflow_api_virtualenv.py
[2023-09-07T16:11:54.510+0000] {processor.py:839} INFO - DAG(s) dict_keys(['tutorial_taskflow_api_virtualenv']) retrieved from /home/airflow/.local/lib/python3.8/site-packages/airflow/example_dags/tutorial_taskflow_api_virtualenv.py
[2023-09-07T16:11:54.539+0000] {logging_mixin.py:151} INFO - [2023-09-07T16:11:54.539+0000] {dag.py:2907} INFO - Sync 1 DAGs
[2023-09-07T16:11:54.552+0000] {logging_mixin.py:151} INFO - [2023-09-07T16:11:54.551+0000] {dag.py:3677} INFO - Setting next_dagrun for tutorial_taskflow_api_virtualenv to None, run_after=None
[2023-09-07T16:11:54.564+0000] {processor.py:179} INFO - Processing /home/airflow/.local/lib/python3.8/site-packages/airflow/example_dags/tutorial_taskflow_api_virtualenv.py took 0.093 seconds
[2023-09-07T16:12:24.841+0000] {processor.py:157} INFO - Started process (PID=6811) to work on /home/airflow/.local/lib/python3.8/site-packages/airflow/example_dags/tutorial_taskflow_api_virtualenv.py
[2023-09-07T16:12:24.843+0000] {processor.py:829} INFO - Processing file /home/airflow/.local/lib/python3.8/site-packages/airflow/example_dags/tutorial_taskflow_api_virtualenv.py for tasks to queue
[2023-09-07T16:12:24.844+0000] {logging_mixin.py:151} INFO - [2023-09-07T16:12:24.843+0000] {dagbag.py:539} INFO - Filling up the DagBag from /home/airflow/.local/lib/python3.8/site-packages/airflow/example_dags/tutorial_taskflow_api_virtualenv.py
[2023-09-07T16:12:24.849+0000] {processor.py:839} INFO - DAG(s) dict_keys(['tutorial_taskflow_api_virtualenv']) retrieved from /home/airflow/.local/lib/python3.8/site-packages/airflow/example_dags/tutorial_taskflow_api_virtualenv.py
[2023-09-07T16:12:24.866+0000] {logging_mixin.py:151} INFO - [2023-09-07T16:12:24.866+0000] {dag.py:2907} INFO - Sync 1 DAGs
[2023-09-07T16:12:24.874+0000] {logging_mixin.py:151} INFO - [2023-09-07T16:12:24.874+0000] {dag.py:3677} INFO - Setting next_dagrun for tutorial_taskflow_api_virtualenv to None, run_after=None
[2023-09-07T16:12:24.883+0000] {processor.py:179} INFO - Processing /home/airflow/.local/lib/python3.8/site-packages/airflow/example_dags/tutorial_taskflow_api_virtualenv.py took 0.045 seconds
[2023-09-07T16:12:55.826+0000] {processor.py:157} INFO - Started process (PID=7050) to work on /home/airflow/.local/lib/python3.8/site-packages/airflow/example_dags/tutorial_taskflow_api_virtualenv.py
[2023-09-07T16:12:55.827+0000] {processor.py:829} INFO - Processing file /home/airflow/.local/lib/python3.8/site-packages/airflow/example_dags/tutorial_taskflow_api_virtualenv.py for tasks to queue
[2023-09-07T16:12:55.828+0000] {logging_mixin.py:151} INFO - [2023-09-07T16:12:55.827+0000] {dagbag.py:539} INFO - Filling up the DagBag from /home/airflow/.local/lib/python3.8/site-packages/airflow/example_dags/tutorial_taskflow_api_virtualenv.py
[2023-09-07T16:12:55.833+0000] {processor.py:839} INFO - DAG(s) dict_keys(['tutorial_taskflow_api_virtualenv']) retrieved from /home/airflow/.local/lib/python3.8/site-packages/airflow/example_dags/tutorial_taskflow_api_virtualenv.py
[2023-09-07T16:12:55.851+0000] {logging_mixin.py:151} INFO - [2023-09-07T16:12:55.851+0000] {dag.py:2907} INFO - Sync 1 DAGs
[2023-09-07T16:12:55.859+0000] {logging_mixin.py:151} INFO - [2023-09-07T16:12:55.859+0000] {dag.py:3677} INFO - Setting next_dagrun for tutorial_taskflow_api_virtualenv to None, run_after=None
[2023-09-07T16:12:55.869+0000] {processor.py:179} INFO - Processing /home/airflow/.local/lib/python3.8/site-packages/airflow/example_dags/tutorial_taskflow_api_virtualenv.py took 0.046 seconds
[2023-09-07T16:13:26.451+0000] {processor.py:157} INFO - Started process (PID=7288) to work on /home/airflow/.local/lib/python3.8/site-packages/airflow/example_dags/tutorial_taskflow_api_virtualenv.py
[2023-09-07T16:13:26.453+0000] {processor.py:829} INFO - Processing file /home/airflow/.local/lib/python3.8/site-packages/airflow/example_dags/tutorial_taskflow_api_virtualenv.py for tasks to queue
[2023-09-07T16:13:26.454+0000] {logging_mixin.py:151} INFO - [2023-09-07T16:13:26.453+0000] {dagbag.py:539} INFO - Filling up the DagBag from /home/airflow/.local/lib/python3.8/site-packages/airflow/example_dags/tutorial_taskflow_api_virtualenv.py
[2023-09-07T16:13:26.460+0000] {processor.py:839} INFO - DAG(s) dict_keys(['tutorial_taskflow_api_virtualenv']) retrieved from /home/airflow/.local/lib/python3.8/site-packages/airflow/example_dags/tutorial_taskflow_api_virtualenv.py
[2023-09-07T16:13:26.478+0000] {logging_mixin.py:151} INFO - [2023-09-07T16:13:26.478+0000] {dag.py:2907} INFO - Sync 1 DAGs
[2023-09-07T16:13:26.487+0000] {logging_mixin.py:151} INFO - [2023-09-07T16:13:26.487+0000] {dag.py:3677} INFO - Setting next_dagrun for tutorial_taskflow_api_virtualenv to None, run_after=None
[2023-09-07T16:13:26.497+0000] {processor.py:179} INFO - Processing /home/airflow/.local/lib/python3.8/site-packages/airflow/example_dags/tutorial_taskflow_api_virtualenv.py took 0.048 seconds
[2023-09-07T16:13:57.765+0000] {processor.py:157} INFO - Started process (PID=7524) to work on /home/airflow/.local/lib/python3.8/site-packages/airflow/example_dags/tutorial_taskflow_api_virtualenv.py
[2023-09-07T16:13:57.767+0000] {processor.py:829} INFO - Processing file /home/airflow/.local/lib/python3.8/site-packages/airflow/example_dags/tutorial_taskflow_api_virtualenv.py for tasks to queue
[2023-09-07T16:13:57.768+0000] {logging_mixin.py:151} INFO - [2023-09-07T16:13:57.767+0000] {dagbag.py:539} INFO - Filling up the DagBag from /home/airflow/.local/lib/python3.8/site-packages/airflow/example_dags/tutorial_taskflow_api_virtualenv.py
[2023-09-07T16:13:57.774+0000] {processor.py:839} INFO - DAG(s) dict_keys(['tutorial_taskflow_api_virtualenv']) retrieved from /home/airflow/.local/lib/python3.8/site-packages/airflow/example_dags/tutorial_taskflow_api_virtualenv.py
[2023-09-07T16:13:57.806+0000] {logging_mixin.py:151} INFO - [2023-09-07T16:13:57.806+0000] {dag.py:2907} INFO - Sync 1 DAGs
[2023-09-07T16:13:57.823+0000] {logging_mixin.py:151} INFO - [2023-09-07T16:13:57.823+0000] {dag.py:3677} INFO - Setting next_dagrun for tutorial_taskflow_api_virtualenv to None, run_after=None
[2023-09-07T16:13:57.840+0000] {processor.py:179} INFO - Processing /home/airflow/.local/lib/python3.8/site-packages/airflow/example_dags/tutorial_taskflow_api_virtualenv.py took 0.080 seconds
[2023-09-07T16:14:28.796+0000] {processor.py:157} INFO - Started process (PID=7765) to work on /home/airflow/.local/lib/python3.8/site-packages/airflow/example_dags/tutorial_taskflow_api_virtualenv.py
[2023-09-07T16:14:28.798+0000] {processor.py:829} INFO - Processing file /home/airflow/.local/lib/python3.8/site-packages/airflow/example_dags/tutorial_taskflow_api_virtualenv.py for tasks to queue
[2023-09-07T16:14:28.799+0000] {logging_mixin.py:151} INFO - [2023-09-07T16:14:28.799+0000] {dagbag.py:539} INFO - Filling up the DagBag from /home/airflow/.local/lib/python3.8/site-packages/airflow/example_dags/tutorial_taskflow_api_virtualenv.py
[2023-09-07T16:14:28.808+0000] {processor.py:839} INFO - DAG(s) dict_keys(['tutorial_taskflow_api_virtualenv']) retrieved from /home/airflow/.local/lib/python3.8/site-packages/airflow/example_dags/tutorial_taskflow_api_virtualenv.py
[2023-09-07T16:14:28.828+0000] {logging_mixin.py:151} INFO - [2023-09-07T16:14:28.828+0000] {dag.py:2907} INFO - Sync 1 DAGs
[2023-09-07T16:14:28.836+0000] {logging_mixin.py:151} INFO - [2023-09-07T16:14:28.836+0000] {dag.py:3677} INFO - Setting next_dagrun for tutorial_taskflow_api_virtualenv to None, run_after=None
[2023-09-07T16:14:28.847+0000] {processor.py:179} INFO - Processing /home/airflow/.local/lib/python3.8/site-packages/airflow/example_dags/tutorial_taskflow_api_virtualenv.py took 0.055 seconds
[2023-09-07T16:14:59.926+0000] {processor.py:157} INFO - Started process (PID=8003) to work on /home/airflow/.local/lib/python3.8/site-packages/airflow/example_dags/tutorial_taskflow_api_virtualenv.py
[2023-09-07T16:14:59.928+0000] {processor.py:829} INFO - Processing file /home/airflow/.local/lib/python3.8/site-packages/airflow/example_dags/tutorial_taskflow_api_virtualenv.py for tasks to queue
[2023-09-07T16:14:59.929+0000] {logging_mixin.py:151} INFO - [2023-09-07T16:14:59.929+0000] {dagbag.py:539} INFO - Filling up the DagBag from /home/airflow/.local/lib/python3.8/site-packages/airflow/example_dags/tutorial_taskflow_api_virtualenv.py
[2023-09-07T16:14:59.936+0000] {processor.py:839} INFO - DAG(s) dict_keys(['tutorial_taskflow_api_virtualenv']) retrieved from /home/airflow/.local/lib/python3.8/site-packages/airflow/example_dags/tutorial_taskflow_api_virtualenv.py
[2023-09-07T16:14:59.962+0000] {logging_mixin.py:151} INFO - [2023-09-07T16:14:59.962+0000] {dag.py:2907} INFO - Sync 1 DAGs
[2023-09-07T16:14:59.976+0000] {logging_mixin.py:151} INFO - [2023-09-07T16:14:59.976+0000] {dag.py:3677} INFO - Setting next_dagrun for tutorial_taskflow_api_virtualenv to None, run_after=None
[2023-09-07T16:14:59.997+0000] {processor.py:179} INFO - Processing /home/airflow/.local/lib/python3.8/site-packages/airflow/example_dags/tutorial_taskflow_api_virtualenv.py took 0.074 seconds
[2023-09-07T16:15:30.813+0000] {processor.py:157} INFO - Started process (PID=8240) to work on /home/airflow/.local/lib/python3.8/site-packages/airflow/example_dags/tutorial_taskflow_api_virtualenv.py
[2023-09-07T16:15:30.815+0000] {processor.py:829} INFO - Processing file /home/airflow/.local/lib/python3.8/site-packages/airflow/example_dags/tutorial_taskflow_api_virtualenv.py for tasks to queue
[2023-09-07T16:15:30.816+0000] {logging_mixin.py:151} INFO - [2023-09-07T16:15:30.816+0000] {dagbag.py:539} INFO - Filling up the DagBag from /home/airflow/.local/lib/python3.8/site-packages/airflow/example_dags/tutorial_taskflow_api_virtualenv.py
[2023-09-07T16:15:30.823+0000] {processor.py:839} INFO - DAG(s) dict_keys(['tutorial_taskflow_api_virtualenv']) retrieved from /home/airflow/.local/lib/python3.8/site-packages/airflow/example_dags/tutorial_taskflow_api_virtualenv.py
[2023-09-07T16:15:30.842+0000] {logging_mixin.py:151} INFO - [2023-09-07T16:15:30.842+0000] {dag.py:2907} INFO - Sync 1 DAGs
[2023-09-07T16:15:30.851+0000] {logging_mixin.py:151} INFO - [2023-09-07T16:15:30.851+0000] {dag.py:3677} INFO - Setting next_dagrun for tutorial_taskflow_api_virtualenv to None, run_after=None
[2023-09-07T16:15:30.872+0000] {processor.py:179} INFO - Processing /home/airflow/.local/lib/python3.8/site-packages/airflow/example_dags/tutorial_taskflow_api_virtualenv.py took 0.063 seconds
[2023-09-07T16:16:00.906+0000] {processor.py:157} INFO - Started process (PID=8478) to work on /home/airflow/.local/lib/python3.8/site-packages/airflow/example_dags/tutorial_taskflow_api_virtualenv.py
[2023-09-07T16:16:00.907+0000] {processor.py:829} INFO - Processing file /home/airflow/.local/lib/python3.8/site-packages/airflow/example_dags/tutorial_taskflow_api_virtualenv.py for tasks to queue
[2023-09-07T16:16:00.908+0000] {logging_mixin.py:151} INFO - [2023-09-07T16:16:00.908+0000] {dagbag.py:539} INFO - Filling up the DagBag from /home/airflow/.local/lib/python3.8/site-packages/airflow/example_dags/tutorial_taskflow_api_virtualenv.py
[2023-09-07T16:16:00.914+0000] {processor.py:839} INFO - DAG(s) dict_keys(['tutorial_taskflow_api_virtualenv']) retrieved from /home/airflow/.local/lib/python3.8/site-packages/airflow/example_dags/tutorial_taskflow_api_virtualenv.py
[2023-09-07T16:16:00.931+0000] {logging_mixin.py:151} INFO - [2023-09-07T16:16:00.930+0000] {dag.py:2907} INFO - Sync 1 DAGs
[2023-09-07T16:16:00.940+0000] {logging_mixin.py:151} INFO - [2023-09-07T16:16:00.940+0000] {dag.py:3677} INFO - Setting next_dagrun for tutorial_taskflow_api_virtualenv to None, run_after=None
[2023-09-07T16:16:00.951+0000] {processor.py:179} INFO - Processing /home/airflow/.local/lib/python3.8/site-packages/airflow/example_dags/tutorial_taskflow_api_virtualenv.py took 0.047 seconds
[2023-09-07T16:16:31.454+0000] {processor.py:157} INFO - Started process (PID=8716) to work on /home/airflow/.local/lib/python3.8/site-packages/airflow/example_dags/tutorial_taskflow_api_virtualenv.py
[2023-09-07T16:16:31.456+0000] {processor.py:829} INFO - Processing file /home/airflow/.local/lib/python3.8/site-packages/airflow/example_dags/tutorial_taskflow_api_virtualenv.py for tasks to queue
[2023-09-07T16:16:31.457+0000] {logging_mixin.py:151} INFO - [2023-09-07T16:16:31.456+0000] {dagbag.py:539} INFO - Filling up the DagBag from /home/airflow/.local/lib/python3.8/site-packages/airflow/example_dags/tutorial_taskflow_api_virtualenv.py
[2023-09-07T16:16:31.462+0000] {processor.py:839} INFO - DAG(s) dict_keys(['tutorial_taskflow_api_virtualenv']) retrieved from /home/airflow/.local/lib/python3.8/site-packages/airflow/example_dags/tutorial_taskflow_api_virtualenv.py
[2023-09-07T16:16:31.479+0000] {logging_mixin.py:151} INFO - [2023-09-07T16:16:31.479+0000] {dag.py:2907} INFO - Sync 1 DAGs
[2023-09-07T16:16:31.487+0000] {logging_mixin.py:151} INFO - [2023-09-07T16:16:31.487+0000] {dag.py:3677} INFO - Setting next_dagrun for tutorial_taskflow_api_virtualenv to None, run_after=None
[2023-09-07T16:16:31.497+0000] {processor.py:179} INFO - Processing /home/airflow/.local/lib/python3.8/site-packages/airflow/example_dags/tutorial_taskflow_api_virtualenv.py took 0.045 seconds
[2023-09-07T16:17:02.050+0000] {processor.py:157} INFO - Started process (PID=8952) to work on /home/airflow/.local/lib/python3.8/site-packages/airflow/example_dags/tutorial_taskflow_api_virtualenv.py
[2023-09-07T16:17:02.051+0000] {processor.py:829} INFO - Processing file /home/airflow/.local/lib/python3.8/site-packages/airflow/example_dags/tutorial_taskflow_api_virtualenv.py for tasks to queue
[2023-09-07T16:17:02.052+0000] {logging_mixin.py:151} INFO - [2023-09-07T16:17:02.052+0000] {dagbag.py:539} INFO - Filling up the DagBag from /home/airflow/.local/lib/python3.8/site-packages/airflow/example_dags/tutorial_taskflow_api_virtualenv.py
[2023-09-07T16:17:02.058+0000] {processor.py:839} INFO - DAG(s) dict_keys(['tutorial_taskflow_api_virtualenv']) retrieved from /home/airflow/.local/lib/python3.8/site-packages/airflow/example_dags/tutorial_taskflow_api_virtualenv.py
[2023-09-07T16:17:02.077+0000] {logging_mixin.py:151} INFO - [2023-09-07T16:17:02.077+0000] {dag.py:2907} INFO - Sync 1 DAGs
[2023-09-07T16:17:02.085+0000] {logging_mixin.py:151} INFO - [2023-09-07T16:17:02.085+0000] {dag.py:3677} INFO - Setting next_dagrun for tutorial_taskflow_api_virtualenv to None, run_after=None
[2023-09-07T16:17:02.096+0000] {processor.py:179} INFO - Processing /home/airflow/.local/lib/python3.8/site-packages/airflow/example_dags/tutorial_taskflow_api_virtualenv.py took 0.049 seconds
[2023-09-07T16:17:32.976+0000] {processor.py:157} INFO - Started process (PID=9190) to work on /home/airflow/.local/lib/python3.8/site-packages/airflow/example_dags/tutorial_taskflow_api_virtualenv.py
[2023-09-07T16:17:32.977+0000] {processor.py:829} INFO - Processing file /home/airflow/.local/lib/python3.8/site-packages/airflow/example_dags/tutorial_taskflow_api_virtualenv.py for tasks to queue
[2023-09-07T16:17:32.978+0000] {logging_mixin.py:151} INFO - [2023-09-07T16:17:32.978+0000] {dagbag.py:539} INFO - Filling up the DagBag from /home/airflow/.local/lib/python3.8/site-packages/airflow/example_dags/tutorial_taskflow_api_virtualenv.py
[2023-09-07T16:17:32.987+0000] {processor.py:839} INFO - DAG(s) dict_keys(['tutorial_taskflow_api_virtualenv']) retrieved from /home/airflow/.local/lib/python3.8/site-packages/airflow/example_dags/tutorial_taskflow_api_virtualenv.py
[2023-09-07T16:17:33.014+0000] {logging_mixin.py:151} INFO - [2023-09-07T16:17:33.014+0000] {dag.py:2907} INFO - Sync 1 DAGs
[2023-09-07T16:17:33.024+0000] {logging_mixin.py:151} INFO - [2023-09-07T16:17:33.024+0000] {dag.py:3677} INFO - Setting next_dagrun for tutorial_taskflow_api_virtualenv to None, run_after=None
[2023-09-07T16:17:33.080+0000] {processor.py:179} INFO - Processing /home/airflow/.local/lib/python3.8/site-packages/airflow/example_dags/tutorial_taskflow_api_virtualenv.py took 0.107 seconds
[2023-09-07T16:18:03.543+0000] {processor.py:157} INFO - Started process (PID=9430) to work on /home/airflow/.local/lib/python3.8/site-packages/airflow/example_dags/tutorial_taskflow_api_virtualenv.py
[2023-09-07T16:18:03.544+0000] {processor.py:829} INFO - Processing file /home/airflow/.local/lib/python3.8/site-packages/airflow/example_dags/tutorial_taskflow_api_virtualenv.py for tasks to queue
[2023-09-07T16:18:03.546+0000] {logging_mixin.py:151} INFO - [2023-09-07T16:18:03.545+0000] {dagbag.py:539} INFO - Filling up the DagBag from /home/airflow/.local/lib/python3.8/site-packages/airflow/example_dags/tutorial_taskflow_api_virtualenv.py
[2023-09-07T16:18:03.552+0000] {processor.py:839} INFO - DAG(s) dict_keys(['tutorial_taskflow_api_virtualenv']) retrieved from /home/airflow/.local/lib/python3.8/site-packages/airflow/example_dags/tutorial_taskflow_api_virtualenv.py
[2023-09-07T16:18:03.572+0000] {logging_mixin.py:151} INFO - [2023-09-07T16:18:03.571+0000] {dag.py:2907} INFO - Sync 1 DAGs
[2023-09-07T16:18:03.580+0000] {logging_mixin.py:151} INFO - [2023-09-07T16:18:03.580+0000] {dag.py:3677} INFO - Setting next_dagrun for tutorial_taskflow_api_virtualenv to None, run_after=None
[2023-09-07T16:18:03.591+0000] {processor.py:179} INFO - Processing /home/airflow/.local/lib/python3.8/site-packages/airflow/example_dags/tutorial_taskflow_api_virtualenv.py took 0.051 seconds
[2023-09-07T16:18:34.357+0000] {processor.py:157} INFO - Started process (PID=9669) to work on /home/airflow/.local/lib/python3.8/site-packages/airflow/example_dags/tutorial_taskflow_api_virtualenv.py
[2023-09-07T16:18:34.358+0000] {processor.py:829} INFO - Processing file /home/airflow/.local/lib/python3.8/site-packages/airflow/example_dags/tutorial_taskflow_api_virtualenv.py for tasks to queue
[2023-09-07T16:18:34.359+0000] {logging_mixin.py:151} INFO - [2023-09-07T16:18:34.359+0000] {dagbag.py:539} INFO - Filling up the DagBag from /home/airflow/.local/lib/python3.8/site-packages/airflow/example_dags/tutorial_taskflow_api_virtualenv.py
[2023-09-07T16:18:34.364+0000] {processor.py:839} INFO - DAG(s) dict_keys(['tutorial_taskflow_api_virtualenv']) retrieved from /home/airflow/.local/lib/python3.8/site-packages/airflow/example_dags/tutorial_taskflow_api_virtualenv.py
[2023-09-07T16:18:34.380+0000] {logging_mixin.py:151} INFO - [2023-09-07T16:18:34.380+0000] {dag.py:2907} INFO - Sync 1 DAGs
[2023-09-07T16:18:34.387+0000] {logging_mixin.py:151} INFO - [2023-09-07T16:18:34.387+0000] {dag.py:3677} INFO - Setting next_dagrun for tutorial_taskflow_api_virtualenv to None, run_after=None
[2023-09-07T16:18:34.396+0000] {processor.py:179} INFO - Processing /home/airflow/.local/lib/python3.8/site-packages/airflow/example_dags/tutorial_taskflow_api_virtualenv.py took 0.042 seconds
[2023-09-07T16:19:04.701+0000] {processor.py:157} INFO - Started process (PID=9907) to work on /home/airflow/.local/lib/python3.8/site-packages/airflow/example_dags/tutorial_taskflow_api_virtualenv.py
[2023-09-07T16:19:04.702+0000] {processor.py:829} INFO - Processing file /home/airflow/.local/lib/python3.8/site-packages/airflow/example_dags/tutorial_taskflow_api_virtualenv.py for tasks to queue
[2023-09-07T16:19:04.703+0000] {logging_mixin.py:151} INFO - [2023-09-07T16:19:04.703+0000] {dagbag.py:539} INFO - Filling up the DagBag from /home/airflow/.local/lib/python3.8/site-packages/airflow/example_dags/tutorial_taskflow_api_virtualenv.py
[2023-09-07T16:19:04.709+0000] {processor.py:839} INFO - DAG(s) dict_keys(['tutorial_taskflow_api_virtualenv']) retrieved from /home/airflow/.local/lib/python3.8/site-packages/airflow/example_dags/tutorial_taskflow_api_virtualenv.py
[2023-09-07T16:19:04.725+0000] {logging_mixin.py:151} INFO - [2023-09-07T16:19:04.725+0000] {dag.py:2907} INFO - Sync 1 DAGs
[2023-09-07T16:19:04.733+0000] {logging_mixin.py:151} INFO - [2023-09-07T16:19:04.732+0000] {dag.py:3677} INFO - Setting next_dagrun for tutorial_taskflow_api_virtualenv to None, run_after=None
[2023-09-07T16:19:04.742+0000] {processor.py:179} INFO - Processing /home/airflow/.local/lib/python3.8/site-packages/airflow/example_dags/tutorial_taskflow_api_virtualenv.py took 0.043 seconds
[2023-09-07T16:19:34.944+0000] {processor.py:157} INFO - Started process (PID=10145) to work on /home/airflow/.local/lib/python3.8/site-packages/airflow/example_dags/tutorial_taskflow_api_virtualenv.py
[2023-09-07T16:19:34.945+0000] {processor.py:829} INFO - Processing file /home/airflow/.local/lib/python3.8/site-packages/airflow/example_dags/tutorial_taskflow_api_virtualenv.py for tasks to queue
[2023-09-07T16:19:34.946+0000] {logging_mixin.py:151} INFO - [2023-09-07T16:19:34.946+0000] {dagbag.py:539} INFO - Filling up the DagBag from /home/airflow/.local/lib/python3.8/site-packages/airflow/example_dags/tutorial_taskflow_api_virtualenv.py
[2023-09-07T16:19:34.952+0000] {processor.py:839} INFO - DAG(s) dict_keys(['tutorial_taskflow_api_virtualenv']) retrieved from /home/airflow/.local/lib/python3.8/site-packages/airflow/example_dags/tutorial_taskflow_api_virtualenv.py
[2023-09-07T16:19:34.974+0000] {logging_mixin.py:151} INFO - [2023-09-07T16:19:34.974+0000] {dag.py:2907} INFO - Sync 1 DAGs
[2023-09-07T16:19:34.983+0000] {logging_mixin.py:151} INFO - [2023-09-07T16:19:34.983+0000] {dag.py:3677} INFO - Setting next_dagrun for tutorial_taskflow_api_virtualenv to None, run_after=None
[2023-09-07T16:19:34.993+0000] {processor.py:179} INFO - Processing /home/airflow/.local/lib/python3.8/site-packages/airflow/example_dags/tutorial_taskflow_api_virtualenv.py took 0.051 seconds
[2023-09-07T16:20:05.643+0000] {processor.py:157} INFO - Started process (PID=10383) to work on /home/airflow/.local/lib/python3.8/site-packages/airflow/example_dags/tutorial_taskflow_api_virtualenv.py
[2023-09-07T16:20:05.645+0000] {processor.py:829} INFO - Processing file /home/airflow/.local/lib/python3.8/site-packages/airflow/example_dags/tutorial_taskflow_api_virtualenv.py for tasks to queue
[2023-09-07T16:20:05.647+0000] {logging_mixin.py:151} INFO - [2023-09-07T16:20:05.646+0000] {dagbag.py:539} INFO - Filling up the DagBag from /home/airflow/.local/lib/python3.8/site-packages/airflow/example_dags/tutorial_taskflow_api_virtualenv.py
[2023-09-07T16:20:05.654+0000] {processor.py:839} INFO - DAG(s) dict_keys(['tutorial_taskflow_api_virtualenv']) retrieved from /home/airflow/.local/lib/python3.8/site-packages/airflow/example_dags/tutorial_taskflow_api_virtualenv.py
[2023-09-07T16:20:05.675+0000] {logging_mixin.py:151} INFO - [2023-09-07T16:20:05.674+0000] {dag.py:2907} INFO - Sync 1 DAGs
[2023-09-07T16:20:05.684+0000] {logging_mixin.py:151} INFO - [2023-09-07T16:20:05.684+0000] {dag.py:3677} INFO - Setting next_dagrun for tutorial_taskflow_api_virtualenv to None, run_after=None
[2023-09-07T16:20:05.694+0000] {processor.py:179} INFO - Processing /home/airflow/.local/lib/python3.8/site-packages/airflow/example_dags/tutorial_taskflow_api_virtualenv.py took 0.056 seconds
[2023-09-07T16:20:36.059+0000] {processor.py:157} INFO - Started process (PID=10621) to work on /home/airflow/.local/lib/python3.8/site-packages/airflow/example_dags/tutorial_taskflow_api_virtualenv.py
[2023-09-07T16:20:36.061+0000] {processor.py:829} INFO - Processing file /home/airflow/.local/lib/python3.8/site-packages/airflow/example_dags/tutorial_taskflow_api_virtualenv.py for tasks to queue
[2023-09-07T16:20:36.061+0000] {logging_mixin.py:151} INFO - [2023-09-07T16:20:36.061+0000] {dagbag.py:539} INFO - Filling up the DagBag from /home/airflow/.local/lib/python3.8/site-packages/airflow/example_dags/tutorial_taskflow_api_virtualenv.py
[2023-09-07T16:20:36.067+0000] {processor.py:839} INFO - DAG(s) dict_keys(['tutorial_taskflow_api_virtualenv']) retrieved from /home/airflow/.local/lib/python3.8/site-packages/airflow/example_dags/tutorial_taskflow_api_virtualenv.py
[2023-09-07T16:20:36.084+0000] {logging_mixin.py:151} INFO - [2023-09-07T16:20:36.084+0000] {dag.py:2907} INFO - Sync 1 DAGs
[2023-09-07T16:20:36.091+0000] {logging_mixin.py:151} INFO - [2023-09-07T16:20:36.091+0000] {dag.py:3677} INFO - Setting next_dagrun for tutorial_taskflow_api_virtualenv to None, run_after=None
[2023-09-07T16:20:36.101+0000] {processor.py:179} INFO - Processing /home/airflow/.local/lib/python3.8/site-packages/airflow/example_dags/tutorial_taskflow_api_virtualenv.py took 0.044 seconds
[2023-09-07T16:21:06.545+0000] {processor.py:157} INFO - Started process (PID=10856) to work on /home/airflow/.local/lib/python3.8/site-packages/airflow/example_dags/tutorial_taskflow_api_virtualenv.py
[2023-09-07T16:21:06.546+0000] {processor.py:829} INFO - Processing file /home/airflow/.local/lib/python3.8/site-packages/airflow/example_dags/tutorial_taskflow_api_virtualenv.py for tasks to queue
[2023-09-07T16:21:06.548+0000] {logging_mixin.py:151} INFO - [2023-09-07T16:21:06.547+0000] {dagbag.py:539} INFO - Filling up the DagBag from /home/airflow/.local/lib/python3.8/site-packages/airflow/example_dags/tutorial_taskflow_api_virtualenv.py
[2023-09-07T16:21:06.555+0000] {processor.py:839} INFO - DAG(s) dict_keys(['tutorial_taskflow_api_virtualenv']) retrieved from /home/airflow/.local/lib/python3.8/site-packages/airflow/example_dags/tutorial_taskflow_api_virtualenv.py
[2023-09-07T16:21:06.574+0000] {logging_mixin.py:151} INFO - [2023-09-07T16:21:06.574+0000] {dag.py:2907} INFO - Sync 1 DAGs
[2023-09-07T16:21:06.582+0000] {logging_mixin.py:151} INFO - [2023-09-07T16:21:06.582+0000] {dag.py:3677} INFO - Setting next_dagrun for tutorial_taskflow_api_virtualenv to None, run_after=None
[2023-09-07T16:21:06.592+0000] {processor.py:179} INFO - Processing /home/airflow/.local/lib/python3.8/site-packages/airflow/example_dags/tutorial_taskflow_api_virtualenv.py took 0.050 seconds
[2023-09-07T16:21:36.989+0000] {processor.py:157} INFO - Started process (PID=11096) to work on /home/airflow/.local/lib/python3.8/site-packages/airflow/example_dags/tutorial_taskflow_api_virtualenv.py
[2023-09-07T16:21:36.991+0000] {processor.py:829} INFO - Processing file /home/airflow/.local/lib/python3.8/site-packages/airflow/example_dags/tutorial_taskflow_api_virtualenv.py for tasks to queue
[2023-09-07T16:21:36.993+0000] {logging_mixin.py:151} INFO - [2023-09-07T16:21:36.992+0000] {dagbag.py:539} INFO - Filling up the DagBag from /home/airflow/.local/lib/python3.8/site-packages/airflow/example_dags/tutorial_taskflow_api_virtualenv.py
[2023-09-07T16:21:37.000+0000] {processor.py:839} INFO - DAG(s) dict_keys(['tutorial_taskflow_api_virtualenv']) retrieved from /home/airflow/.local/lib/python3.8/site-packages/airflow/example_dags/tutorial_taskflow_api_virtualenv.py
[2023-09-07T16:21:37.018+0000] {logging_mixin.py:151} INFO - [2023-09-07T16:21:37.018+0000] {dag.py:2907} INFO - Sync 1 DAGs
[2023-09-07T16:21:37.027+0000] {logging_mixin.py:151} INFO - [2023-09-07T16:21:37.027+0000] {dag.py:3677} INFO - Setting next_dagrun for tutorial_taskflow_api_virtualenv to None, run_after=None
[2023-09-07T16:21:37.036+0000] {processor.py:179} INFO - Processing /home/airflow/.local/lib/python3.8/site-packages/airflow/example_dags/tutorial_taskflow_api_virtualenv.py took 0.051 seconds
[2023-09-07T16:22:07.590+0000] {processor.py:157} INFO - Started process (PID=11332) to work on /home/airflow/.local/lib/python3.8/site-packages/airflow/example_dags/tutorial_taskflow_api_virtualenv.py
[2023-09-07T16:22:07.591+0000] {processor.py:829} INFO - Processing file /home/airflow/.local/lib/python3.8/site-packages/airflow/example_dags/tutorial_taskflow_api_virtualenv.py for tasks to queue
[2023-09-07T16:22:07.592+0000] {logging_mixin.py:151} INFO - [2023-09-07T16:22:07.592+0000] {dagbag.py:539} INFO - Filling up the DagBag from /home/airflow/.local/lib/python3.8/site-packages/airflow/example_dags/tutorial_taskflow_api_virtualenv.py
[2023-09-07T16:22:07.598+0000] {processor.py:839} INFO - DAG(s) dict_keys(['tutorial_taskflow_api_virtualenv']) retrieved from /home/airflow/.local/lib/python3.8/site-packages/airflow/example_dags/tutorial_taskflow_api_virtualenv.py
[2023-09-07T16:22:07.617+0000] {logging_mixin.py:151} INFO - [2023-09-07T16:22:07.617+0000] {dag.py:2907} INFO - Sync 1 DAGs
[2023-09-07T16:22:07.625+0000] {logging_mixin.py:151} INFO - [2023-09-07T16:22:07.625+0000] {dag.py:3677} INFO - Setting next_dagrun for tutorial_taskflow_api_virtualenv to None, run_after=None
[2023-09-07T16:22:07.636+0000] {processor.py:179} INFO - Processing /home/airflow/.local/lib/python3.8/site-packages/airflow/example_dags/tutorial_taskflow_api_virtualenv.py took 0.049 seconds
[2023-09-07T16:22:38.082+0000] {processor.py:157} INFO - Started process (PID=11569) to work on /home/airflow/.local/lib/python3.8/site-packages/airflow/example_dags/tutorial_taskflow_api_virtualenv.py
[2023-09-07T16:22:38.084+0000] {processor.py:829} INFO - Processing file /home/airflow/.local/lib/python3.8/site-packages/airflow/example_dags/tutorial_taskflow_api_virtualenv.py for tasks to queue
[2023-09-07T16:22:38.085+0000] {logging_mixin.py:151} INFO - [2023-09-07T16:22:38.084+0000] {dagbag.py:539} INFO - Filling up the DagBag from /home/airflow/.local/lib/python3.8/site-packages/airflow/example_dags/tutorial_taskflow_api_virtualenv.py
[2023-09-07T16:22:38.091+0000] {processor.py:839} INFO - DAG(s) dict_keys(['tutorial_taskflow_api_virtualenv']) retrieved from /home/airflow/.local/lib/python3.8/site-packages/airflow/example_dags/tutorial_taskflow_api_virtualenv.py
[2023-09-07T16:22:38.108+0000] {logging_mixin.py:151} INFO - [2023-09-07T16:22:38.108+0000] {dag.py:2907} INFO - Sync 1 DAGs
[2023-09-07T16:22:38.116+0000] {logging_mixin.py:151} INFO - [2023-09-07T16:22:38.116+0000] {dag.py:3677} INFO - Setting next_dagrun for tutorial_taskflow_api_virtualenv to None, run_after=None
[2023-09-07T16:22:38.127+0000] {processor.py:179} INFO - Processing /home/airflow/.local/lib/python3.8/site-packages/airflow/example_dags/tutorial_taskflow_api_virtualenv.py took 0.048 seconds
[2023-09-07T16:23:08.556+0000] {processor.py:157} INFO - Started process (PID=11809) to work on /home/airflow/.local/lib/python3.8/site-packages/airflow/example_dags/tutorial_taskflow_api_virtualenv.py
[2023-09-07T16:23:08.558+0000] {processor.py:829} INFO - Processing file /home/airflow/.local/lib/python3.8/site-packages/airflow/example_dags/tutorial_taskflow_api_virtualenv.py for tasks to queue
[2023-09-07T16:23:08.559+0000] {logging_mixin.py:151} INFO - [2023-09-07T16:23:08.559+0000] {dagbag.py:539} INFO - Filling up the DagBag from /home/airflow/.local/lib/python3.8/site-packages/airflow/example_dags/tutorial_taskflow_api_virtualenv.py
[2023-09-07T16:23:08.565+0000] {processor.py:839} INFO - DAG(s) dict_keys(['tutorial_taskflow_api_virtualenv']) retrieved from /home/airflow/.local/lib/python3.8/site-packages/airflow/example_dags/tutorial_taskflow_api_virtualenv.py
[2023-09-07T16:23:08.583+0000] {logging_mixin.py:151} INFO - [2023-09-07T16:23:08.583+0000] {dag.py:2907} INFO - Sync 1 DAGs
[2023-09-07T16:23:08.591+0000] {logging_mixin.py:151} INFO - [2023-09-07T16:23:08.591+0000] {dag.py:3677} INFO - Setting next_dagrun for tutorial_taskflow_api_virtualenv to None, run_after=None
[2023-09-07T16:23:08.601+0000] {processor.py:179} INFO - Processing /home/airflow/.local/lib/python3.8/site-packages/airflow/example_dags/tutorial_taskflow_api_virtualenv.py took 0.047 seconds
[2023-09-07T16:23:39.190+0000] {processor.py:157} INFO - Started process (PID=12045) to work on /home/airflow/.local/lib/python3.8/site-packages/airflow/example_dags/tutorial_taskflow_api_virtualenv.py
[2023-09-07T16:23:39.194+0000] {processor.py:829} INFO - Processing file /home/airflow/.local/lib/python3.8/site-packages/airflow/example_dags/tutorial_taskflow_api_virtualenv.py for tasks to queue
[2023-09-07T16:23:39.198+0000] {logging_mixin.py:151} INFO - [2023-09-07T16:23:39.197+0000] {dagbag.py:539} INFO - Filling up the DagBag from /home/airflow/.local/lib/python3.8/site-packages/airflow/example_dags/tutorial_taskflow_api_virtualenv.py
[2023-09-07T16:23:39.206+0000] {processor.py:839} INFO - DAG(s) dict_keys(['tutorial_taskflow_api_virtualenv']) retrieved from /home/airflow/.local/lib/python3.8/site-packages/airflow/example_dags/tutorial_taskflow_api_virtualenv.py
[2023-09-07T16:23:39.227+0000] {logging_mixin.py:151} INFO - [2023-09-07T16:23:39.227+0000] {dag.py:2907} INFO - Sync 1 DAGs
[2023-09-07T16:23:39.235+0000] {logging_mixin.py:151} INFO - [2023-09-07T16:23:39.235+0000] {dag.py:3677} INFO - Setting next_dagrun for tutorial_taskflow_api_virtualenv to None, run_after=None
[2023-09-07T16:23:39.247+0000] {processor.py:179} INFO - Processing /home/airflow/.local/lib/python3.8/site-packages/airflow/example_dags/tutorial_taskflow_api_virtualenv.py took 0.066 seconds
[2023-09-07T16:24:09.593+0000] {processor.py:157} INFO - Started process (PID=12283) to work on /home/airflow/.local/lib/python3.8/site-packages/airflow/example_dags/tutorial_taskflow_api_virtualenv.py
[2023-09-07T16:24:09.595+0000] {processor.py:829} INFO - Processing file /home/airflow/.local/lib/python3.8/site-packages/airflow/example_dags/tutorial_taskflow_api_virtualenv.py for tasks to queue
[2023-09-07T16:24:09.595+0000] {logging_mixin.py:151} INFO - [2023-09-07T16:24:09.595+0000] {dagbag.py:539} INFO - Filling up the DagBag from /home/airflow/.local/lib/python3.8/site-packages/airflow/example_dags/tutorial_taskflow_api_virtualenv.py
[2023-09-07T16:24:09.602+0000] {processor.py:839} INFO - DAG(s) dict_keys(['tutorial_taskflow_api_virtualenv']) retrieved from /home/airflow/.local/lib/python3.8/site-packages/airflow/example_dags/tutorial_taskflow_api_virtualenv.py
[2023-09-07T16:24:09.621+0000] {logging_mixin.py:151} INFO - [2023-09-07T16:24:09.620+0000] {dag.py:2907} INFO - Sync 1 DAGs
[2023-09-07T16:24:09.629+0000] {logging_mixin.py:151} INFO - [2023-09-07T16:24:09.629+0000] {dag.py:3677} INFO - Setting next_dagrun for tutorial_taskflow_api_virtualenv to None, run_after=None
[2023-09-07T16:24:09.643+0000] {processor.py:179} INFO - Processing /home/airflow/.local/lib/python3.8/site-packages/airflow/example_dags/tutorial_taskflow_api_virtualenv.py took 0.053 seconds
[2023-09-07T16:24:40.125+0000] {processor.py:157} INFO - Started process (PID=12523) to work on /home/airflow/.local/lib/python3.8/site-packages/airflow/example_dags/tutorial_taskflow_api_virtualenv.py
[2023-09-07T16:24:40.126+0000] {processor.py:829} INFO - Processing file /home/airflow/.local/lib/python3.8/site-packages/airflow/example_dags/tutorial_taskflow_api_virtualenv.py for tasks to queue
[2023-09-07T16:24:40.127+0000] {logging_mixin.py:151} INFO - [2023-09-07T16:24:40.127+0000] {dagbag.py:539} INFO - Filling up the DagBag from /home/airflow/.local/lib/python3.8/site-packages/airflow/example_dags/tutorial_taskflow_api_virtualenv.py
[2023-09-07T16:24:40.132+0000] {processor.py:839} INFO - DAG(s) dict_keys(['tutorial_taskflow_api_virtualenv']) retrieved from /home/airflow/.local/lib/python3.8/site-packages/airflow/example_dags/tutorial_taskflow_api_virtualenv.py
[2023-09-07T16:24:40.148+0000] {logging_mixin.py:151} INFO - [2023-09-07T16:24:40.148+0000] {dag.py:2907} INFO - Sync 1 DAGs
[2023-09-07T16:24:40.156+0000] {logging_mixin.py:151} INFO - [2023-09-07T16:24:40.156+0000] {dag.py:3677} INFO - Setting next_dagrun for tutorial_taskflow_api_virtualenv to None, run_after=None
[2023-09-07T16:24:40.165+0000] {processor.py:179} INFO - Processing /home/airflow/.local/lib/python3.8/site-packages/airflow/example_dags/tutorial_taskflow_api_virtualenv.py took 0.042 seconds
[2023-09-07T16:25:10.532+0000] {processor.py:157} INFO - Started process (PID=12762) to work on /home/airflow/.local/lib/python3.8/site-packages/airflow/example_dags/tutorial_taskflow_api_virtualenv.py
[2023-09-07T16:25:10.534+0000] {processor.py:829} INFO - Processing file /home/airflow/.local/lib/python3.8/site-packages/airflow/example_dags/tutorial_taskflow_api_virtualenv.py for tasks to queue
[2023-09-07T16:25:10.535+0000] {logging_mixin.py:151} INFO - [2023-09-07T16:25:10.535+0000] {dagbag.py:539} INFO - Filling up the DagBag from /home/airflow/.local/lib/python3.8/site-packages/airflow/example_dags/tutorial_taskflow_api_virtualenv.py
[2023-09-07T16:25:10.545+0000] {processor.py:839} INFO - DAG(s) dict_keys(['tutorial_taskflow_api_virtualenv']) retrieved from /home/airflow/.local/lib/python3.8/site-packages/airflow/example_dags/tutorial_taskflow_api_virtualenv.py
[2023-09-07T16:25:10.568+0000] {logging_mixin.py:151} INFO - [2023-09-07T16:25:10.568+0000] {dag.py:2907} INFO - Sync 1 DAGs
[2023-09-07T16:25:10.577+0000] {logging_mixin.py:151} INFO - [2023-09-07T16:25:10.577+0000] {dag.py:3677} INFO - Setting next_dagrun for tutorial_taskflow_api_virtualenv to None, run_after=None
[2023-09-07T16:25:10.587+0000] {processor.py:179} INFO - Processing /home/airflow/.local/lib/python3.8/site-packages/airflow/example_dags/tutorial_taskflow_api_virtualenv.py took 0.059 seconds
[2023-09-07T16:25:41.072+0000] {processor.py:157} INFO - Started process (PID=12997) to work on /home/airflow/.local/lib/python3.8/site-packages/airflow/example_dags/tutorial_taskflow_api_virtualenv.py
[2023-09-07T16:25:41.073+0000] {processor.py:829} INFO - Processing file /home/airflow/.local/lib/python3.8/site-packages/airflow/example_dags/tutorial_taskflow_api_virtualenv.py for tasks to queue
[2023-09-07T16:25:41.074+0000] {logging_mixin.py:151} INFO - [2023-09-07T16:25:41.074+0000] {dagbag.py:539} INFO - Filling up the DagBag from /home/airflow/.local/lib/python3.8/site-packages/airflow/example_dags/tutorial_taskflow_api_virtualenv.py
[2023-09-07T16:25:41.080+0000] {processor.py:839} INFO - DAG(s) dict_keys(['tutorial_taskflow_api_virtualenv']) retrieved from /home/airflow/.local/lib/python3.8/site-packages/airflow/example_dags/tutorial_taskflow_api_virtualenv.py
[2023-09-07T16:25:41.096+0000] {logging_mixin.py:151} INFO - [2023-09-07T16:25:41.096+0000] {dag.py:2907} INFO - Sync 1 DAGs
[2023-09-07T16:25:41.104+0000] {logging_mixin.py:151} INFO - [2023-09-07T16:25:41.104+0000] {dag.py:3677} INFO - Setting next_dagrun for tutorial_taskflow_api_virtualenv to None, run_after=None
[2023-09-07T16:25:41.114+0000] {processor.py:179} INFO - Processing /home/airflow/.local/lib/python3.8/site-packages/airflow/example_dags/tutorial_taskflow_api_virtualenv.py took 0.045 seconds
[2023-09-07T16:26:11.514+0000] {processor.py:157} INFO - Started process (PID=13237) to work on /home/airflow/.local/lib/python3.8/site-packages/airflow/example_dags/tutorial_taskflow_api_virtualenv.py
[2023-09-07T16:26:11.515+0000] {processor.py:829} INFO - Processing file /home/airflow/.local/lib/python3.8/site-packages/airflow/example_dags/tutorial_taskflow_api_virtualenv.py for tasks to queue
[2023-09-07T16:26:11.516+0000] {logging_mixin.py:151} INFO - [2023-09-07T16:26:11.516+0000] {dagbag.py:539} INFO - Filling up the DagBag from /home/airflow/.local/lib/python3.8/site-packages/airflow/example_dags/tutorial_taskflow_api_virtualenv.py
[2023-09-07T16:26:11.521+0000] {processor.py:839} INFO - DAG(s) dict_keys(['tutorial_taskflow_api_virtualenv']) retrieved from /home/airflow/.local/lib/python3.8/site-packages/airflow/example_dags/tutorial_taskflow_api_virtualenv.py
[2023-09-07T16:26:11.537+0000] {logging_mixin.py:151} INFO - [2023-09-07T16:26:11.537+0000] {dag.py:2907} INFO - Sync 1 DAGs
[2023-09-07T16:26:11.545+0000] {logging_mixin.py:151} INFO - [2023-09-07T16:26:11.544+0000] {dag.py:3677} INFO - Setting next_dagrun for tutorial_taskflow_api_virtualenv to None, run_after=None
[2023-09-07T16:26:11.554+0000] {processor.py:179} INFO - Processing /home/airflow/.local/lib/python3.8/site-packages/airflow/example_dags/tutorial_taskflow_api_virtualenv.py took 0.042 seconds
[2023-09-07T16:26:42.289+0000] {processor.py:157} INFO - Started process (PID=13476) to work on /home/airflow/.local/lib/python3.8/site-packages/airflow/example_dags/tutorial_taskflow_api_virtualenv.py
[2023-09-07T16:26:42.290+0000] {processor.py:829} INFO - Processing file /home/airflow/.local/lib/python3.8/site-packages/airflow/example_dags/tutorial_taskflow_api_virtualenv.py for tasks to queue
[2023-09-07T16:26:42.291+0000] {logging_mixin.py:151} INFO - [2023-09-07T16:26:42.291+0000] {dagbag.py:539} INFO - Filling up the DagBag from /home/airflow/.local/lib/python3.8/site-packages/airflow/example_dags/tutorial_taskflow_api_virtualenv.py
[2023-09-07T16:26:42.296+0000] {processor.py:839} INFO - DAG(s) dict_keys(['tutorial_taskflow_api_virtualenv']) retrieved from /home/airflow/.local/lib/python3.8/site-packages/airflow/example_dags/tutorial_taskflow_api_virtualenv.py
[2023-09-07T16:26:42.313+0000] {logging_mixin.py:151} INFO - [2023-09-07T16:26:42.312+0000] {dag.py:2907} INFO - Sync 1 DAGs
[2023-09-07T16:26:42.322+0000] {logging_mixin.py:151} INFO - [2023-09-07T16:26:42.322+0000] {dag.py:3677} INFO - Setting next_dagrun for tutorial_taskflow_api_virtualenv to None, run_after=None
[2023-09-07T16:26:42.333+0000] {processor.py:179} INFO - Processing /home/airflow/.local/lib/python3.8/site-packages/airflow/example_dags/tutorial_taskflow_api_virtualenv.py took 0.047 seconds
[2023-09-07T16:27:12.468+0000] {processor.py:157} INFO - Started process (PID=13714) to work on /home/airflow/.local/lib/python3.8/site-packages/airflow/example_dags/tutorial_taskflow_api_virtualenv.py
[2023-09-07T16:27:12.470+0000] {processor.py:829} INFO - Processing file /home/airflow/.local/lib/python3.8/site-packages/airflow/example_dags/tutorial_taskflow_api_virtualenv.py for tasks to queue
[2023-09-07T16:27:12.471+0000] {logging_mixin.py:151} INFO - [2023-09-07T16:27:12.470+0000] {dagbag.py:539} INFO - Filling up the DagBag from /home/airflow/.local/lib/python3.8/site-packages/airflow/example_dags/tutorial_taskflow_api_virtualenv.py
[2023-09-07T16:27:12.477+0000] {processor.py:839} INFO - DAG(s) dict_keys(['tutorial_taskflow_api_virtualenv']) retrieved from /home/airflow/.local/lib/python3.8/site-packages/airflow/example_dags/tutorial_taskflow_api_virtualenv.py
[2023-09-07T16:27:12.494+0000] {logging_mixin.py:151} INFO - [2023-09-07T16:27:12.494+0000] {dag.py:2907} INFO - Sync 1 DAGs
[2023-09-07T16:27:12.502+0000] {logging_mixin.py:151} INFO - [2023-09-07T16:27:12.502+0000] {dag.py:3677} INFO - Setting next_dagrun for tutorial_taskflow_api_virtualenv to None, run_after=None
[2023-09-07T16:27:12.511+0000] {processor.py:179} INFO - Processing /home/airflow/.local/lib/python3.8/site-packages/airflow/example_dags/tutorial_taskflow_api_virtualenv.py took 0.047 seconds
[2023-09-07T16:27:43.211+0000] {processor.py:157} INFO - Started process (PID=13951) to work on /home/airflow/.local/lib/python3.8/site-packages/airflow/example_dags/tutorial_taskflow_api_virtualenv.py
[2023-09-07T16:27:43.212+0000] {processor.py:829} INFO - Processing file /home/airflow/.local/lib/python3.8/site-packages/airflow/example_dags/tutorial_taskflow_api_virtualenv.py for tasks to queue
[2023-09-07T16:27:43.213+0000] {logging_mixin.py:151} INFO - [2023-09-07T16:27:43.213+0000] {dagbag.py:539} INFO - Filling up the DagBag from /home/airflow/.local/lib/python3.8/site-packages/airflow/example_dags/tutorial_taskflow_api_virtualenv.py
[2023-09-07T16:27:43.219+0000] {processor.py:839} INFO - DAG(s) dict_keys(['tutorial_taskflow_api_virtualenv']) retrieved from /home/airflow/.local/lib/python3.8/site-packages/airflow/example_dags/tutorial_taskflow_api_virtualenv.py
[2023-09-07T16:27:43.236+0000] {logging_mixin.py:151} INFO - [2023-09-07T16:27:43.236+0000] {dag.py:2907} INFO - Sync 1 DAGs
[2023-09-07T16:27:43.244+0000] {logging_mixin.py:151} INFO - [2023-09-07T16:27:43.244+0000] {dag.py:3677} INFO - Setting next_dagrun for tutorial_taskflow_api_virtualenv to None, run_after=None
[2023-09-07T16:27:43.255+0000] {processor.py:179} INFO - Processing /home/airflow/.local/lib/python3.8/site-packages/airflow/example_dags/tutorial_taskflow_api_virtualenv.py took 0.047 seconds
[2023-09-07T16:28:13.440+0000] {processor.py:157} INFO - Started process (PID=14191) to work on /home/airflow/.local/lib/python3.8/site-packages/airflow/example_dags/tutorial_taskflow_api_virtualenv.py
[2023-09-07T16:28:13.441+0000] {processor.py:829} INFO - Processing file /home/airflow/.local/lib/python3.8/site-packages/airflow/example_dags/tutorial_taskflow_api_virtualenv.py for tasks to queue
[2023-09-07T16:28:13.442+0000] {logging_mixin.py:151} INFO - [2023-09-07T16:28:13.441+0000] {dagbag.py:539} INFO - Filling up the DagBag from /home/airflow/.local/lib/python3.8/site-packages/airflow/example_dags/tutorial_taskflow_api_virtualenv.py
[2023-09-07T16:28:13.447+0000] {processor.py:839} INFO - DAG(s) dict_keys(['tutorial_taskflow_api_virtualenv']) retrieved from /home/airflow/.local/lib/python3.8/site-packages/airflow/example_dags/tutorial_taskflow_api_virtualenv.py
[2023-09-07T16:28:13.463+0000] {logging_mixin.py:151} INFO - [2023-09-07T16:28:13.463+0000] {dag.py:2907} INFO - Sync 1 DAGs
[2023-09-07T16:28:13.471+0000] {logging_mixin.py:151} INFO - [2023-09-07T16:28:13.471+0000] {dag.py:3677} INFO - Setting next_dagrun for tutorial_taskflow_api_virtualenv to None, run_after=None
[2023-09-07T16:28:13.480+0000] {processor.py:179} INFO - Processing /home/airflow/.local/lib/python3.8/site-packages/airflow/example_dags/tutorial_taskflow_api_virtualenv.py took 0.043 seconds
[2023-09-07T16:28:44.356+0000] {processor.py:157} INFO - Started process (PID=14429) to work on /home/airflow/.local/lib/python3.8/site-packages/airflow/example_dags/tutorial_taskflow_api_virtualenv.py
[2023-09-07T16:28:44.357+0000] {processor.py:829} INFO - Processing file /home/airflow/.local/lib/python3.8/site-packages/airflow/example_dags/tutorial_taskflow_api_virtualenv.py for tasks to queue
[2023-09-07T16:28:44.358+0000] {logging_mixin.py:151} INFO - [2023-09-07T16:28:44.357+0000] {dagbag.py:539} INFO - Filling up the DagBag from /home/airflow/.local/lib/python3.8/site-packages/airflow/example_dags/tutorial_taskflow_api_virtualenv.py
[2023-09-07T16:28:44.363+0000] {processor.py:839} INFO - DAG(s) dict_keys(['tutorial_taskflow_api_virtualenv']) retrieved from /home/airflow/.local/lib/python3.8/site-packages/airflow/example_dags/tutorial_taskflow_api_virtualenv.py
[2023-09-07T16:28:44.378+0000] {logging_mixin.py:151} INFO - [2023-09-07T16:28:44.378+0000] {dag.py:2907} INFO - Sync 1 DAGs
[2023-09-07T16:28:44.386+0000] {logging_mixin.py:151} INFO - [2023-09-07T16:28:44.386+0000] {dag.py:3677} INFO - Setting next_dagrun for tutorial_taskflow_api_virtualenv to None, run_after=None
[2023-09-07T16:28:44.394+0000] {processor.py:179} INFO - Processing /home/airflow/.local/lib/python3.8/site-packages/airflow/example_dags/tutorial_taskflow_api_virtualenv.py took 0.041 seconds
[2023-09-07T16:29:15.069+0000] {processor.py:157} INFO - Started process (PID=14666) to work on /home/airflow/.local/lib/python3.8/site-packages/airflow/example_dags/tutorial_taskflow_api_virtualenv.py
[2023-09-07T16:29:15.070+0000] {processor.py:829} INFO - Processing file /home/airflow/.local/lib/python3.8/site-packages/airflow/example_dags/tutorial_taskflow_api_virtualenv.py for tasks to queue
[2023-09-07T16:29:15.071+0000] {logging_mixin.py:151} INFO - [2023-09-07T16:29:15.071+0000] {dagbag.py:539} INFO - Filling up the DagBag from /home/airflow/.local/lib/python3.8/site-packages/airflow/example_dags/tutorial_taskflow_api_virtualenv.py
[2023-09-07T16:29:15.076+0000] {processor.py:839} INFO - DAG(s) dict_keys(['tutorial_taskflow_api_virtualenv']) retrieved from /home/airflow/.local/lib/python3.8/site-packages/airflow/example_dags/tutorial_taskflow_api_virtualenv.py
[2023-09-07T16:29:15.092+0000] {logging_mixin.py:151} INFO - [2023-09-07T16:29:15.092+0000] {dag.py:2907} INFO - Sync 1 DAGs
[2023-09-07T16:29:15.099+0000] {logging_mixin.py:151} INFO - [2023-09-07T16:29:15.099+0000] {dag.py:3677} INFO - Setting next_dagrun for tutorial_taskflow_api_virtualenv to None, run_after=None
[2023-09-07T16:29:15.108+0000] {processor.py:179} INFO - Processing /home/airflow/.local/lib/python3.8/site-packages/airflow/example_dags/tutorial_taskflow_api_virtualenv.py took 0.041 seconds
[2023-09-07T16:31:00.900+0000] {processor.py:157} INFO - Started process (PID=14905) to work on /home/airflow/.local/lib/python3.8/site-packages/airflow/example_dags/tutorial_taskflow_api_virtualenv.py
[2023-09-07T16:31:00.901+0000] {processor.py:829} INFO - Processing file /home/airflow/.local/lib/python3.8/site-packages/airflow/example_dags/tutorial_taskflow_api_virtualenv.py for tasks to queue
[2023-09-07T16:31:00.903+0000] {logging_mixin.py:151} INFO - [2023-09-07T16:31:00.902+0000] {dagbag.py:539} INFO - Filling up the DagBag from /home/airflow/.local/lib/python3.8/site-packages/airflow/example_dags/tutorial_taskflow_api_virtualenv.py
[2023-09-07T16:31:00.909+0000] {processor.py:839} INFO - DAG(s) dict_keys(['tutorial_taskflow_api_virtualenv']) retrieved from /home/airflow/.local/lib/python3.8/site-packages/airflow/example_dags/tutorial_taskflow_api_virtualenv.py
[2023-09-07T16:31:00.931+0000] {logging_mixin.py:151} INFO - [2023-09-07T16:31:00.931+0000] {dag.py:2907} INFO - Sync 1 DAGs
[2023-09-07T16:31:00.942+0000] {logging_mixin.py:151} INFO - [2023-09-07T16:31:00.941+0000] {dag.py:3677} INFO - Setting next_dagrun for tutorial_taskflow_api_virtualenv to None, run_after=None
[2023-09-07T16:31:00.955+0000] {processor.py:179} INFO - Processing /home/airflow/.local/lib/python3.8/site-packages/airflow/example_dags/tutorial_taskflow_api_virtualenv.py took 0.058 seconds
[2023-09-07T16:31:32.047+0000] {processor.py:157} INFO - Started process (PID=15145) to work on /home/airflow/.local/lib/python3.8/site-packages/airflow/example_dags/tutorial_taskflow_api_virtualenv.py
[2023-09-07T16:31:32.048+0000] {processor.py:829} INFO - Processing file /home/airflow/.local/lib/python3.8/site-packages/airflow/example_dags/tutorial_taskflow_api_virtualenv.py for tasks to queue
[2023-09-07T16:31:32.049+0000] {logging_mixin.py:151} INFO - [2023-09-07T16:31:32.048+0000] {dagbag.py:539} INFO - Filling up the DagBag from /home/airflow/.local/lib/python3.8/site-packages/airflow/example_dags/tutorial_taskflow_api_virtualenv.py
[2023-09-07T16:31:32.055+0000] {processor.py:839} INFO - DAG(s) dict_keys(['tutorial_taskflow_api_virtualenv']) retrieved from /home/airflow/.local/lib/python3.8/site-packages/airflow/example_dags/tutorial_taskflow_api_virtualenv.py
[2023-09-07T16:31:32.077+0000] {logging_mixin.py:151} INFO - [2023-09-07T16:31:32.077+0000] {dag.py:2907} INFO - Sync 1 DAGs
[2023-09-07T16:31:32.085+0000] {logging_mixin.py:151} INFO - [2023-09-07T16:31:32.085+0000] {dag.py:3677} INFO - Setting next_dagrun for tutorial_taskflow_api_virtualenv to None, run_after=None
[2023-09-07T16:31:32.098+0000] {processor.py:179} INFO - Processing /home/airflow/.local/lib/python3.8/site-packages/airflow/example_dags/tutorial_taskflow_api_virtualenv.py took 0.055 seconds
[2023-09-07T16:32:02.736+0000] {processor.py:157} INFO - Started process (PID=15381) to work on /home/airflow/.local/lib/python3.8/site-packages/airflow/example_dags/tutorial_taskflow_api_virtualenv.py
[2023-09-07T16:32:02.740+0000] {processor.py:829} INFO - Processing file /home/airflow/.local/lib/python3.8/site-packages/airflow/example_dags/tutorial_taskflow_api_virtualenv.py for tasks to queue
[2023-09-07T16:32:02.742+0000] {logging_mixin.py:151} INFO - [2023-09-07T16:32:02.741+0000] {dagbag.py:539} INFO - Filling up the DagBag from /home/airflow/.local/lib/python3.8/site-packages/airflow/example_dags/tutorial_taskflow_api_virtualenv.py
[2023-09-07T16:32:02.748+0000] {processor.py:839} INFO - DAG(s) dict_keys(['tutorial_taskflow_api_virtualenv']) retrieved from /home/airflow/.local/lib/python3.8/site-packages/airflow/example_dags/tutorial_taskflow_api_virtualenv.py
[2023-09-07T16:32:02.778+0000] {logging_mixin.py:151} INFO - [2023-09-07T16:32:02.777+0000] {dag.py:2907} INFO - Sync 1 DAGs
[2023-09-07T16:32:02.786+0000] {logging_mixin.py:151} INFO - [2023-09-07T16:32:02.786+0000] {dag.py:3677} INFO - Setting next_dagrun for tutorial_taskflow_api_virtualenv to None, run_after=None
[2023-09-07T16:32:02.796+0000] {processor.py:179} INFO - Processing /home/airflow/.local/lib/python3.8/site-packages/airflow/example_dags/tutorial_taskflow_api_virtualenv.py took 0.063 seconds
[2023-09-07T16:32:36.148+0000] {processor.py:157} INFO - Started process (PID=15619) to work on /home/airflow/.local/lib/python3.8/site-packages/airflow/example_dags/tutorial_taskflow_api_virtualenv.py
[2023-09-07T16:32:36.150+0000] {processor.py:829} INFO - Processing file /home/airflow/.local/lib/python3.8/site-packages/airflow/example_dags/tutorial_taskflow_api_virtualenv.py for tasks to queue
[2023-09-07T16:32:36.151+0000] {logging_mixin.py:151} INFO - [2023-09-07T16:32:36.150+0000] {dagbag.py:539} INFO - Filling up the DagBag from /home/airflow/.local/lib/python3.8/site-packages/airflow/example_dags/tutorial_taskflow_api_virtualenv.py
[2023-09-07T16:32:36.158+0000] {processor.py:839} INFO - DAG(s) dict_keys(['tutorial_taskflow_api_virtualenv']) retrieved from /home/airflow/.local/lib/python3.8/site-packages/airflow/example_dags/tutorial_taskflow_api_virtualenv.py
[2023-09-07T16:32:36.177+0000] {logging_mixin.py:151} INFO - [2023-09-07T16:32:36.177+0000] {dag.py:2907} INFO - Sync 1 DAGs
[2023-09-07T16:32:36.186+0000] {logging_mixin.py:151} INFO - [2023-09-07T16:32:36.186+0000] {dag.py:3677} INFO - Setting next_dagrun for tutorial_taskflow_api_virtualenv to None, run_after=None
[2023-09-07T16:32:36.197+0000] {processor.py:179} INFO - Processing /home/airflow/.local/lib/python3.8/site-packages/airflow/example_dags/tutorial_taskflow_api_virtualenv.py took 0.051 seconds
